<?xml version="1.0" encoding="UTF-8"?><TestSessionContainer xmlns="http://www.codecover.org/xml/testsession-container" Date="1364092990651" TestSessionContainerId="9150c9d1-81a4-41e3-b687-244d90dfcb18" version="1.0">
<SrcFileList>
<SrcFile Content="package util;&#13;&#10;&#13;&#10;import java.util.Enumeration;&#13;&#10;import java.util.Hashtable;&#13;&#10;&#13;&#10;import javax.servlet.ServletContext;&#13;&#10;&#13;&#10;/**&#13;&#10; * Provides access to a set of context parameters set within web.xml&#13;&#10; * &#13;&#10; * The object loads the context parameters based on the first ConfigHttpServlet&#13;&#10; * that is loaded.&#13;&#10; * &#13;&#10; * @author dddurand&#13;&#10; *&#13;&#10; */&#13;&#10;public class ServletConfiguration {&#13;&#10;&#13;&#10;&#9;/*&#13;&#10;&#9; * Parameter Names&#13;&#10;&#9; */&#13;&#10;&#9;private static final String PARAM_DATABASE_NAME = &quot;database&quot;;&#13;&#10;&#9;private static final String PARAM_DEBUG = &quot;debug&quot;;&#13;&#10;&#9;&#13;&#10;&#9;/*&#13;&#10;&#9; * Set Primitive Values&#13;&#10;&#9; */&#13;&#10;&#9;private static final String TRUE_VALUE = &quot;true&quot;;&#13;&#10;&#9;//private static final String FALSE_VALUE = &quot;false&quot;;&#13;&#10;&#9;&#13;&#10;&#9;/*&#13;&#10;&#9; * Location Specific Values&#13;&#10;&#9; */&#13;&#10;&#9;private static final String LOCATION_HOME = &quot;home&quot;;&#13;&#10;&#9;private static final String LOCATION_UNI = &quot;uni&quot;;&#13;&#10;&#9;&#13;&#10;&#9;/*&#13;&#10;&#9; * Static table that contains loaded context parameter values&#13;&#10;&#9; */&#13;&#10;&#9;private static Hashtable&lt;String, Object&gt; paramTable = null;&#13;&#10;&#9;&#13;&#10;&#9;&#13;&#10;&#9;/**&#13;&#10;&#9; * Attempts to load the context. If the context is already loaded,&#13;&#10;&#9; * it is simply ignored. Note: This method is not thread safe on purpose,&#13;&#10;&#9; * and is handled within loadContextParameters.&#13;&#10;&#9; */&#13;&#10;&#9;public static void loadContext(ServletContext context)&#13;&#10;&#9;{&#13;&#10;&#9;&#9;if(paramTable == null)&#13;&#10;&#9;&#9;{&#13;&#10;&#9;&#9;&#9;loadContextParameters(context);&#13;&#10;&#9;&#9;}&#13;&#10;&#9;}&#13;&#10;&#9;&#13;&#10;&#9;/**&#13;&#10;&#9; * A sync. method that loads the context parameters into the parameters table.&#13;&#10;&#9; * A check is done to ensure thread safeness.(Returns on case when table already completed).&#13;&#10;&#9; * &#13;&#10;&#9; * Loads all context parameters for the given context into the table.&#13;&#10;&#9; */&#13;&#10;&#9;private static synchronized void loadContextParameters(ServletContext context) {&#13;&#10;&#9;&#9;&#13;&#10;&#9;&#9;//We are rechecking this to ensure no threading issues. We do this to&#13;&#10;&#9;&#9;//make loadContext function much faster(not limited to single call) once the singleton has been loaded, while&#13;&#10;&#9;&#9;//ensuring that threading is not an issue.&#13;&#10;&#9;&#9;if(paramTable != null) return;&#13;&#10;&#9;&#9;paramTable = new Hashtable&lt;String, Object&gt;();&#13;&#10;&#9;&#9;&#13;&#10;&#9;&#9;&#13;&#10;&#9;&#9;Enumeration&lt;String&gt; paramNames = context.getInitParameterNames();&#13;&#10;&#9;&#9;&#13;&#10;&#9;&#9;while(paramNames.hasMoreElements())&#13;&#10;&#9;&#9;{&#13;&#10;&#9;&#9;&#9;String parameter = paramNames.nextElement();&#13;&#10;&#9;&#9;&#9;String value = context.getInitParameter(parameter);&#13;&#10;&#9;&#9;&#9;&#13;&#10;&#9;&#9;&#9;processParameter(parameter, value);&#13;&#10;&#13;&#10;&#9;&#9;}&#9;&#13;&#10;&#9;}&#13;&#10;&#9;&#13;&#10;&#9;/**&#13;&#10;&#9; * Processes each parameter based on its parameter name.&#13;&#10;&#9; * &#13;&#10;&#9; * @param param Parameter Name&#13;&#10;&#9; * @param value Parameter Value&#13;&#10;&#9; */&#13;&#10;&#9;private static void processParameter(String param, String value)&#13;&#10;&#9;{&#13;&#10;&#9;&#9;if(param.equals(PARAM_DATABASE_NAME))&#13;&#10;&#9;&#9;&#9;processDatabaseName(param, value);&#13;&#10;&#9;&#9;else if(param.equals(PARAM_DEBUG))&#13;&#10;&#9;&#9;&#9;processDebug(param, value);&#13;&#10;&#9;}&#13;&#10;&#9;&#13;&#10;&#9;/**&#13;&#10;&#9; * Processes a location parameter and loads the appropriate value into the&#13;&#10;&#9; * table, based on the string value provided.&#13;&#10;&#9; * &#13;&#10;&#9; * If no valid location is provided, a default of home is loaded.&#13;&#10;&#9; * @param param Parameter Name&#13;&#10;&#9; * @param value Parameter String Value&#13;&#10;&#9; */&#13;&#10;&#9;private static void processDatabaseName(String param, String value)&#13;&#10;&#9;{&#13;&#10;&#9;&#9;if(value.equals(LOCATION_UNI))&#13;&#10;&#9;&#9;&#9;paramTable.put(param, Database.UNIVERSITY);&#13;&#10;&#9;&#9;else if(value.equals(LOCATION_HOME))&#13;&#10;&#9;&#9;&#9;paramTable.put(param, Database.HOME);&#13;&#10;&#9;&#9;else//Redundant, but for readability&#13;&#10;&#9;&#9;&#9;paramTable.put(param, Database.HOME);&#13;&#10;&#9;}&#13;&#10;&#9;&#13;&#10;&#9;/**&#13;&#10;&#9; * Process debug parameter and loads its value into the table.&#13;&#10;&#9; * &#13;&#10;&#9; * Assumed false, if doesn't exactly match true value.&#13;&#10;&#9; * &#13;&#10;&#9; * @param param Parameter Name&#13;&#10;&#9; * @param value Parameter String Value&#13;&#10;&#9; */&#13;&#10;&#9;private static void processDebug(String param, String value)&#13;&#10;&#9;{&#13;&#10;&#9;&#9;if(value.equals(TRUE_VALUE))&#13;&#10;&#9;&#9;&#9;paramTable.put(param, new Boolean(true));&#13;&#10;&#9;&#9;else&#13;&#10;&#9;&#9;&#9;paramTable.put(param, new Boolean(false));&#13;&#10;&#9;}&#13;&#10;&#9;&#13;&#10;&#9;/**&#13;&#10;&#9; * Location Enum&#13;&#10;&#9; * @author dddurand&#13;&#10;&#9; *&#13;&#10;&#9; */&#13;&#10;&#9;public enum Database {&#13;&#10;&#9;&#9;HOME, UNIVERSITY&#13;&#10;&#9;}&#13;&#10;&#9;&#13;&#10;&#9;/*&#13;&#10;&#9; *  --------Parameter Getters-------------&#13;&#10;&#9; */&#13;&#10;&#9;&#13;&#10;&#9;/**&#13;&#10;&#9; * Retrieves the location parameter.&#13;&#10;&#9; * @return Location Value&#13;&#10;&#9; */&#13;&#10;&#9;public static Database getDatabase()&#13;&#10;&#9;{&#13;&#10;&#9;&#9;return (Database) paramTable.get(PARAM_DATABASE_NAME);&#13;&#10;&#9;}&#13;&#10;&#9;&#13;&#10;&#9;/**&#13;&#10;&#9; * Retrieves whether the servlet is set as debug.&#13;&#10;&#9; * @return Location Value&#13;&#10;&#9; */&#13;&#10;&#9;public static boolean isDebug()&#13;&#10;&#9;{&#13;&#10;&#9;&#9;return (Boolean) paramTable.get(PARAM_DEBUG);&#13;&#10;&#9;}&#13;&#10;&#9;&#13;&#10;}&#13;&#10;" Filename="ServletConfiguration.java" Intrnl_Id="1"/>
<SrcFile Content="package util;&#13;&#10;&#13;&#10;import java.util.ArrayList;&#13;&#10;import java.util.TimerTask;&#13;&#10;&#13;&#10;import javax.servlet.ServletContext;&#13;&#10;&#13;&#10;import dataModels.Account;&#13;&#10;import dataModels.Filter;&#13;&#10;import dataModels.PersonalStatistics;&#13;&#10;import database.DatabaseInterface;&#13;&#10;import database.DatabaseInterface.DatabaseInterfaceException;&#13;&#10;&#13;&#10;/**&#13;&#10; * The cron process that updates the ranking caches.&#13;&#10; * &#13;&#10; * @author dddurand&#13;&#10; *&#13;&#10; */&#13;&#10;public class RankCacheCron extends TimerTask {&#13;&#10;&#13;&#10;&#9;private ServletContext context;&#13;&#10;&#9;&#13;&#10;&#9;public RankCacheCron(ServletContext context)&#13;&#10;&#9;{&#13;&#10;&#9;&#9;this.context = context;&#13;&#10;&#9;}&#13;&#10;&#9;&#13;&#10;&#9;/**&#13;&#10;&#9; * For each account with an expired cache, we update their rank cache.&#13;&#10;&#9; * &#13;&#10;&#9; */&#13;&#10;&#9;&#9;@Override&#13;&#10;&#9;&#9;public void run() {&#13;&#10;&#9;&#9;&#9;&#13;&#10;&#9;&#9;&#9;context.log(&quot;Ranking Cache Cron Started...&quot;);&#13;&#10;&#9;&#9;&#9;&#9;&#9;&#13;&#10;&#9;&#9;&#9;DatabaseInterface dbInterface;&#13;&#10;&#9;&#9;&#9;try {&#13;&#10;&#9;&#9;&#9;&#9;dbInterface = new DatabaseInterface();&#13;&#10;&#9;&#9;&#9;&#9;ArrayList&lt;Account&gt; accounts = dbInterface.getAllAccounts();&#13;&#10;&#9;&#9;&#9;&#9;&#13;&#10;&#9;&#9;&#9;&#9;for(Account account : accounts)&#13;&#10;&#9;&#9;&#9;&#9;{&#13;&#10;&#9;&#9;&#9;&#9;&#9;if(!dbInterface.isRankCacheCurrent(account))&#13;&#10;&#9;&#9;&#9;&#9;&#9;{&#13;&#10;&#9;&#9;&#9;&#9;&#9;&#9;Filter filter = new Filter();&#13;&#10;&#9;&#9;&#9;&#9;&#9;&#9;PersonalStatistics stats = new PersonalStatistics(account, dbInterface, filter);&#13;&#10;&#9;&#9;&#9;&#9;&#9;&#9;stats.updateRankings();&#13;&#10;&#9;&#9;&#9;&#9;&#9;}&#13;&#10;&#9;&#9;&#9;&#9;}&#13;&#10;&#9;&#9;&#9;&#9;&#13;&#10;&#9;&#9;&#9;&#9;dbInterface.close();&#13;&#10;&#9;&#9;&#9;&#9;&#13;&#10;&#9;&#9;&#9;&#9;&#13;&#10;&#9;&#9;&#9;} catch (DatabaseInterfaceException e) {&#13;&#10;&#9;&#9;&#9;&#9;// TODO Auto-generated catch block&#13;&#10;&#9;&#9;&#9;&#9;e.printStackTrace();&#13;&#10;&#9;&#9;&#9;}&#13;&#10;&#9;&#9;&#9;&#13;&#10;&#9;&#9;&#9;context.log(&quot;Ranking Cache Cron Complete...&quot;);&#13;&#10;&#9;&#9;&#9;&#13;&#10;&#9;&#9;}&#13;&#10;&#9;&#9;&#13;&#10;&#13;&#10;}&#13;&#10;" Filename="RankCacheCron.java" Intrnl_Id="2"/>
<SrcFile Content="package util;&#13;&#10;&#13;&#10;&#13;&#10;import java.io.FileNotFoundException;&#13;&#10;import java.io.IOException;&#13;&#10;import java.io.InputStream;&#13;&#10;import java.util.ArrayList;&#13;&#10;import java.util.HashMap;&#13;&#10;&#13;&#10;import dataModels.Card;&#13;&#10;import dataModels.Card.Number;&#13;&#10;import dataModels.Card.Suit;&#13;&#10;&#13;&#10;/**&#13;&#10; * This class provides an efficient means to determine poker hands rankings,&#13;&#10; * and types.&#13;&#10; * &#13;&#10; * The class uses a lookup table derived from:&#13;&#10; * This code forms the basis of the &quot;Two Plus Two 7-Card Evaluator&quot; developed by the 2+2&#13;&#10;   crowd and packaged into reference form by Ray Wotton.&#13;&#10; *  &#13;&#10; * Adapted from:&#13;&#10; * http://www.codingthewheel.com/archives/poker-hand-evaluator-roundup/#2p2&#13;&#10; * http://pokerai.org/pf3/viewtopic.php?f=3&amp;t=4388&#13;&#10; * https://gist.github.com/eluctari/832122&#13;&#10; *   &#13;&#10; * &#13;&#10; * @author dddurand&#13;&#10; *&#13;&#10; */&#13;&#10;public class PokerHandRanker {&#13;&#10;&#9;&#13;&#10;&#9;//private static final String[] HANDRANKS = {&quot;BAD!!&quot;,&quot;High Card&quot;,&quot;Pair&quot;,&quot;Two Pair&quot;,&quot;Three of a Kind&quot;,&quot;Straight&quot;,&quot;Flush&quot;,&quot;Full House&quot;,&quot;Four of a Kind&quot;,&quot;Straight Flush&quot;};&#13;&#10;&#9;private static final int TABLE_SIZE = 32487834;&#13;&#10;&#9;private static final int INT_SIZE = 4;&#13;&#10;&#9;private static final int[] HR = new int[TABLE_SIZE];&#13;&#10;&#9;&#13;&#10;&#9;private static final HashMap&lt;Suit, Integer&gt; suits = new HashMap&lt;Suit, Integer&gt;();&#13;&#10;&#9;private static final HashMap&lt;Number, Integer&gt; numbers = new HashMap&lt;Number, Integer&gt;();&#13;&#10;&#9;&#13;&#10;&#9;/**&#13;&#10;&#9; * Load table into memory when class is initially created&#13;&#10;&#9; * Everything is read only, so we don't worry about sync. issues.&#13;&#10;&#9; * &#13;&#10;&#9; * Adapted from:&#13;&#10;&#9; * https://gist.github.com/eluctari/832122&#13;&#10;&#9; * &#13;&#10;&#9; */&#13;&#10;&#9;static {&#13;&#10;        int tableSize = TABLE_SIZE * INT_SIZE;&#13;&#10;        byte[] b = new byte[tableSize];&#13;&#10;        InputStream input = null;&#13;&#10;        try {&#13;&#10;        &#9;ClassLoader classLoader = Thread.currentThread().getContextClassLoader();&#13;&#10;        &#9;input = classLoader.getResourceAsStream(&quot;../tables/HandRanks.dat&quot;);&#13;&#10;        &#9;input.read(b, 0, tableSize);&#13;&#10;        } catch (FileNotFoundException e) {&#13;&#10;           e.printStackTrace();&#13;&#10;        } catch (IOException e) {&#13;&#10;        &#9;e.printStackTrace();&#13;&#10;        } finally {&#13;&#10;            try {&#13;&#10;            &#9;input.close();&#13;&#10;            } catch (IOException e) {&#13;&#10;            &#9;e.printStackTrace();&#13;&#10;            }&#13;&#10;            &#13;&#10;            for (int i = 0; i &lt; TABLE_SIZE; i++) {&#13;&#10;                HR[i] = littleEndianByteArrayToInt(b, i * 4);&#13;&#10;            }&#13;&#10;            &#13;&#10;            initCardConversion();&#13;&#10;        }&#13;&#10;    }&#13;&#10;&#9;&#13;&#10;&#9;private static void initCardConversion()&#13;&#10;&#9;{&#13;&#10;&#9;&#9;suits.put(Suit.CLUBS,new Integer(0));&#13;&#10;&#9;&#9;suits.put(Suit.DIAMONDS,new Integer(1));&#13;&#10;&#9;&#9;suits.put(Suit.HEARTS,new Integer(2));&#13;&#10;&#9;&#9;suits.put(Suit.SPADES,new Integer(3));&#13;&#10;&#9;&#9;&#13;&#10;&#9;&#9;numbers.put(Number.TWO,new Integer(0));&#13;&#10;&#9;&#9;numbers.put(Number.THREE,new Integer(1));&#13;&#10;&#9;&#9;numbers.put(Number.FOUR,new Integer(2));&#13;&#10;&#9;&#9;numbers.put(Number.FIVE,new Integer(3));&#13;&#10;&#9;&#9;numbers.put(Number.SIX,new Integer(4));&#13;&#10;&#9;&#9;numbers.put(Number.SEVEN,new Integer(5));&#13;&#10;&#9;&#9;numbers.put(Number.EIGHT,new Integer(6));&#13;&#10;&#9;&#9;numbers.put(Number.NINE,new Integer(7));&#13;&#10;&#9;&#9;numbers.put(Number.TEN,new Integer(8));&#13;&#10;&#9;&#9;numbers.put(Number.JACK,new Integer(9));&#13;&#10;&#9;&#9;numbers.put(Number.QUEEN,new Integer(10));&#13;&#10;&#9;&#9;numbers.put(Number.KING,new Integer(11));&#13;&#10;&#9;&#9;numbers.put(Number.ACE,new Integer(12));&#13;&#10;&#9;&#9;&#13;&#10;&#9;}&#13;&#10;&#9;&#13;&#10;&#9;/**&#13;&#10;     * Converts a little-endian byte array to a Java (big-endian) integer.&#13;&#10;     * We need this because the HandRanks.dat file was generated using&#13;&#10;     * a little-endian C program and we want to maintain compatibility.&#13;&#10;     * &#13;&#10;     * Cited:&#13;&#10;     * https://gist.github.com/eluctari/832122&#13;&#10;     * &#13;&#10;     * @param b&#13;&#10;     * @param offset&#13;&#10;     * @return&#13;&#10;     */&#13;&#10;    private static final int littleEndianByteArrayToInt(byte[] b, int offset) {&#13;&#10;        return (b[offset + 3] &lt;&lt; 24) + ((b[offset + 2] &amp; 0xFF) &lt;&lt; 16)&#13;&#10;                + ((b[offset + 1] &amp; 0xFF) &lt;&lt; 8) + (b[offset] &amp; 0xFF);&#13;&#10;    }&#13;&#10;&#9;&#13;&#10;    /**&#13;&#10;     * An adapted algorithm for determining a cards ranking &amp; type.&#13;&#10;     * &#13;&#10;     * Adapted from:&#13;&#10;     * http://pokerai.org/pf3/viewtopic.php?f=3&amp;t=4388&#13;&#10;     * &#13;&#10;     * @param pCards&#13;&#10;     * @return&#13;&#10;     */&#13;&#10;&#9;public static int lookupHand(int[] pCards)&#13;&#10;&#9;{&#13;&#10;&#9;   int numCards = pCards.length;&#13;&#10;&#9;   int position = 0;&#13;&#10;&#9;   int initialOffset = 53;&#13;&#10;&#9;   &#13;&#10;&#9;   for(int i = 0; i &lt; numCards; ++i)&#13;&#10;&#9;      {&#13;&#10;&#9;&#9;   initialOffset = HR[initialOffset + pCards[position++]];&#13;&#10;&#9;      }&#13;&#10;&#9;   &#13;&#10;&#9;   // Extra lookup pre-river&#13;&#10;&#9;   if(numCards &lt; 7)&#13;&#10;&#9;   {&#13;&#10;&#9;&#9;   initialOffset= HR[initialOffset];&#13;&#10;&#9;   }&#13;&#10;&#9;      &#13;&#10;&#9;   return initialOffset;&#13;&#10;&#9;}&#13;&#10;&#9;&#13;&#10;&#9;/**&#13;&#10;&#9; * Converts a given card into its int equivilent in the lookup table&#13;&#10;&#9; * &#13;&#10;&#9; * @param card Card to be converted&#13;&#10;&#9; * @return Card's int representation&#13;&#10;&#9; */&#13;&#10;&#9;public static int convertCard(Card card)&#13;&#10;&#9;{&#13;&#10;&#9;&#9;return numbers.get(card.getNumber()) * 4 + suits.get(card.getSuit()) + 1;&#13;&#10;&#9;}&#13;&#10;&#9;&#13;&#10;&#9;/**&#13;&#10;&#9; * Converts a given list of cards into and int array of equivilent cards in the lookup table&#13;&#10;&#9; * &#13;&#10;&#9; * @param card Card to be converted&#13;&#10;&#9; * @return Card's int representation&#13;&#10;&#9; */&#13;&#10;&#9;public static int[] convertHand(ArrayList&lt;Card&gt; cards)&#13;&#10;&#9;{&#13;&#10;&#9;&#9;int cardSize = cards.size();&#13;&#10;&#9;&#9;int cardsArray[] = new int[cardSize];&#13;&#10;&#9;&#9;&#13;&#10;&#9;&#9;for(int i = 0; i &lt; cardSize; i++)&#13;&#10;&#9;&#9;{&#13;&#10;&#9;&#9;&#9;cardsArray[i] = convertCard(cards.get(i));&#13;&#10;&#9;&#9;}&#13;&#10;&#9;&#9;&#13;&#10;&#9;&#9;return cardsArray;&#13;&#10;&#9;}&#13;&#10;&#13;&#10;}&#13;&#10;" Filename="PokerHandRanker.java" Intrnl_Id="3"/>
<SrcFile Content="package util;&#13;&#10;&#13;&#10;import java.io.UnsupportedEncodingException;&#13;&#10;import java.security.MessageDigest;&#13;&#10;import java.security.NoSuchAlgorithmException;&#13;&#10;&#13;&#10;/**&#13;&#10; * Util class for dealing with the encryption, and comparision of encrypted passwords,&#13;&#10; * and plaintext passwords. It also contains functions for converting strings to and from byte arrays.&#13;&#10; * &#13;&#10; * @author dddurand&#13;&#10; *&#13;&#10; */&#13;&#10;public class PasswordUtil {&#13;&#10;&#13;&#10;&#9;private static final String ENCODING = &quot;UTF-8&quot;;&#13;&#10;&#9;private static final String ALGORITHM = &quot;SHA-512&quot;;&#13;&#10;&#9;private static final String SIMPLE_SALT = &quot;O1E jtl|a0%0|+#$cT}?H+-nS2zxy;2+an/Z`s|nCS-*-f_`U/V}Xo+OB``p$i+_&quot;;&#13;&#10;&#9;&#13;&#10;&#9;public PasswordUtil() { }&#13;&#10;&#9;&#13;&#10;&#9;/**&#13;&#10;&#9; * One way encrypts a plaintext password.&#13;&#10;&#9; * The result is returned as a string.&#13;&#10;&#9; * &#13;&#10;&#9; * @param password Plaintext password.&#13;&#10;&#9; * @return Encrypted password as a string.&#13;&#10;&#9; */&#13;&#10;&#9;public String encrypt(String password) {&#13;&#10;&#9;&#9;String encryptedPassword = null;&#13;&#10;&#9;&#9;byte[] saltedPasswordBytes;&#13;&#10;&#9;&#9;MessageDigest digest;&#13;&#10;&#13;&#10;&#9;&#9;try{&#13;&#10;&#9;&#9;&#9;String saltedPassword = SIMPLE_SALT + password;&#13;&#10;&#9;&#9;&#9;saltedPasswordBytes = getBytesFromString(saltedPassword);&#13;&#10;&#9;&#9;&#9;digest = MessageDigest.getInstance(ALGORITHM);&#13;&#10;&#9;&#9;&#9;digest.reset();&#13;&#10;&#9;&#9;&#9;digest.update(saltedPasswordBytes);&#13;&#10;&#13;&#10;&#9;&#9;&#9;byte[] message = digest.digest();&#13;&#10;&#13;&#10;&#9;&#9;&#9;encryptedPassword = getStringFromBytes(message);&#13;&#10;&#9;&#9;} catch (NoSuchAlgorithmException e) {&#13;&#10;&#9;&#9;&#9;e.printStackTrace();&#13;&#10;&#9;&#9;} &#13;&#10;&#13;&#10;&#9;&#9;return encryptedPassword; &#13;&#10;&#9;}&#13;&#10;&#9;&#13;&#10;&#9;/**&#13;&#10;&#9; * Compares a plaintext password, and an encrypted password.&#13;&#10;&#9; * &#13;&#10;&#9; * @param plainPassword Plain text password&#13;&#10;&#9; * @param encryptedPassword encrypted passwrd&#13;&#10;&#9; * @return true on match, false otherwise&#13;&#10;&#9; */&#13;&#10;&#9;public boolean compare(String plainPassword, String encryptedPassword)&#13;&#10;&#9;{&#13;&#10;&#9;&#9;&#13;&#10;&#9;&#9;String newEncryptedPassword = this.encrypt(plainPassword);&#13;&#10;&#9;&#9;&#13;&#10;&#9;&#9;if(encryptedPassword.equals(newEncryptedPassword))&#13;&#10;&#9;&#9;&#9;return true;&#13;&#10;&#9;&#9;else&#13;&#10;&#9;&#9;&#9;return false;&#13;&#10;&#9;}&#13;&#10;&#9;&#13;&#10;&#9;/**&#13;&#10;&#9; * Converts a set of bytes into a string representation of the password.&#13;&#10;&#9; * &#13;&#10;&#9; * @param passwordBytes Array of bytes presenting the password.&#13;&#10;&#9; * @return The string equivalent password.&#13;&#10;&#9; */&#13;&#10;&#9;public String getStringFromBytes(byte[] passwordBytes)&#13;&#10;&#9;{&#13;&#10;&#9;&#9;try {&#13;&#10;&#9;&#9;&#9;return new String(passwordBytes, ENCODING);&#13;&#10;&#9;&#9;} catch (UnsupportedEncodingException e) {&#13;&#10;&#9;&#9;&#9;e.printStackTrace();&#13;&#10;&#9;&#9;}&#13;&#10;&#9;&#9;&#13;&#10;&#9;&#9;return new String(passwordBytes);&#13;&#10;&#9;}&#13;&#10;&#9;&#13;&#10;&#9;/**&#13;&#10;&#9; * Converts a provided string password, and returns the equivalent byte array.&#13;&#10;&#9; * &#13;&#10;&#9; * @param password Password as a string.&#13;&#10;&#9; * @return Byte array equivalent of the provided string.&#13;&#10;&#9; */&#13;&#10;&#9;public byte[] getBytesFromString(String password)&#13;&#10;&#9;{&#13;&#10;&#9;&#9;try {&#13;&#10;&#9;&#9;&#9;return password.getBytes(ENCODING);&#13;&#10;&#9;&#9;} catch (UnsupportedEncodingException e) {&#13;&#10;&#9;&#9;&#9;e.printStackTrace();&#13;&#10;&#9;&#9;}&#13;&#10;&#9;&#9;&#13;&#10;&#9;&#9;return password.getBytes();&#13;&#10;&#9;}&#13;&#10;&#9;&#13;&#10;}&#13;&#10;" Filename="PasswordUtil.java" Intrnl_Id="4"/>
<SrcFile Content="package util;&#13;&#10;&#13;&#10;public class Codes {&#13;&#10;&#13;&#10;&#9;public static final int SUCCESS = 200;&#13;&#10;&#13;&#10;&#9;public static final int INVALID_LOGIN = 300;&#13;&#10;&#9;public static final int DUPLICATE_USERNAME = 301;&#13;&#10;&#9;public static final int INVALID_USERNAME = 302;&#13;&#10;&#9;public static final int INVALID_PASSWORD = 303;&#13;&#10;&#9;public static final int NO_ACCOUNT = 304;&#13;&#10;&#9;&#13;&#10;&#9;public static final int INVALID_AUTH = 305;&#13;&#10;&#9;public static final int NOT_AUTHED = 306;&#13;&#10;&#9;&#13;&#10;&#9;public static final int INVALID_DATA = 400;&#13;&#10;&#9;&#13;&#10;&#9;public static final int UNKNOWN = 500;&#13;&#10;&#9;public static final int DATABASE = 501;&#13;&#10;&#9;&#13;&#10;}&#13;&#10;" Filename="Codes.java" Intrnl_Id="5"/>
<SrcFile Content="package servlets;&#13;&#10;&#13;&#10;import java.io.IOException;&#13;&#10;import javax.servlet.ServletException;&#13;&#10;import javax.servlet.annotation.WebServlet;&#13;&#10;import javax.servlet.http.HttpServlet;&#13;&#10;import javax.servlet.http.HttpServletRequest;&#13;&#10;import javax.servlet.http.HttpServletResponse;&#13;&#10;&#13;&#10;import services.SecureService;&#13;&#10;import services.ServiceFactory;&#13;&#10;&#13;&#10;import com.google.gson.Gson;&#13;&#10;&#13;&#10;import database.ResponseObject;&#13;&#10;import database.DatabaseInterface.DatabaseInterfaceException;&#13;&#10;&#13;&#10;/**&#13;&#10; * Servlet implementation class UploadServlet&#13;&#10; */&#13;&#10;@WebServlet(&quot;/UploadServlet&quot;)&#13;&#10;public class UploadServlet extends ConfigHttpServlet {&#13;&#10;&#9;private static final long serialVersionUID = 1L;&#13;&#10;       &#13;&#10;    /**&#13;&#10;     * @see HttpServlet#HttpServlet()&#13;&#10;     */&#13;&#10;    public UploadServlet() {&#13;&#10;        super();&#13;&#10;        // TODO Auto-generated constructor stub&#13;&#10;    }&#13;&#10;&#13;&#10;&#9;/**&#13;&#10;&#9; * @see HttpServlet#doPost(HttpServletRequest request, HttpServletResponse response)&#13;&#10;&#9; */&#13;&#10;&#9;protected void doPost(HttpServletRequest request, HttpServletResponse response) throws ServletException, IOException {&#13;&#10;&#9;&#9;&#13;&#10;&#9;&#9;String message;&#13;&#10;&#9;&#9;ServiceFactory factory = new ServiceFactory();&#13;&#10;&#9;&#9;&#13;&#10;&#9;&#9;try {&#13;&#10;&#9;&#9;&#9;String data = this.getPostData(request);&#13;&#10;&#9;&#9;&#9;SecureService service = factory.getService(this);&#13;&#10;&#9;&#9;&#9;message = service.authSecuredProcess(data);&#13;&#10;&#9;&#9;&#9;service.close();&#13;&#10;&#9;&#9;} catch (DatabaseInterfaceException e) {&#13;&#10;&#9;&#9;&#9;Gson gson = new Gson();&#13;&#10;&#9;&#9;&#9;ResponseObject responseMsg = new ResponseObject(false, e.getMessage(), e.getCode());&#13;&#10;&#9;&#9;&#9;message = gson.toJson(responseMsg, ResponseObject.class);&#13;&#10;&#9;&#9;}&#13;&#10;&#9;&#9;&#13;&#10;&#9;&#9;this.outputMessage(response, message);&#9;&#13;&#10;&#9;&#9;&#13;&#10;&#9;}&#13;&#10;&#13;&#10;}&#13;&#10;" Filename="UploadServlet.java" Intrnl_Id="6"/>
<SrcFile Content="package servlets;&#13;&#10;&#13;&#10;import java.io.IOException;&#13;&#10;import javax.servlet.ServletException;&#13;&#10;import javax.servlet.annotation.WebServlet;&#13;&#10;import javax.servlet.http.HttpServlet;&#13;&#10;import javax.servlet.http.HttpServletRequest;&#13;&#10;import javax.servlet.http.HttpServletResponse;&#13;&#10;&#13;&#10;import services.SecureService;&#13;&#10;import services.ServiceFactory;&#13;&#10;&#13;&#10;import com.google.gson.Gson;&#13;&#10;&#13;&#10;import database.ResponseObject;&#13;&#10;import database.DatabaseInterface.DatabaseInterfaceException;&#13;&#10;&#13;&#10;/**&#13;&#10; * Servlet implementation class TestServlet&#13;&#10; */&#13;&#10;@WebServlet(&quot;/TestServlet&quot;)&#13;&#10;public class TestServlet extends ConfigHttpServlet {&#13;&#10;&#9;private static final long serialVersionUID = 1L;&#13;&#10;       &#13;&#10;    /**&#13;&#10;     * @see HttpServlet#HttpServlet()&#13;&#10;     */&#13;&#10;    public TestServlet() {&#13;&#10;        super();&#13;&#10;        // TODO Auto-generated constructor stub&#13;&#10;    }&#13;&#10;&#13;&#10;&#9;/**&#13;&#10;&#9; * @see HttpServlet#doGet(HttpServletRequest request, HttpServletResponse response)&#13;&#10;&#9; */&#13;&#10;&#9;protected void doGet(HttpServletRequest request, HttpServletResponse response) throws ServletException, IOException {&#13;&#10;&#9;&#9;// TODO Auto-generated method stub&#13;&#10;&#9;}&#13;&#10;&#13;&#10;&#9;/**&#13;&#10;&#9; * @see HttpServlet#doPost(HttpServletRequest request, HttpServletResponse response)&#13;&#10;&#9; */&#13;&#10;&#9;protected void doPost(HttpServletRequest request, HttpServletResponse response) throws ServletException, IOException {&#13;&#10;&#9;&#9;String message;&#13;&#10;&#9;&#9;ServiceFactory factory = new ServiceFactory();&#13;&#10;&#9;&#9;&#13;&#10;&#9;&#9;try {&#13;&#10;&#9;&#9;&#9;String data = this.getPostData(request);&#13;&#10;&#9;&#9;&#9;SecureService service = factory.getService(this);&#13;&#10;&#9;&#9;&#9;message = service.authSecuredProcess(data);&#13;&#10;&#9;&#9;&#9;service.close();&#13;&#10;&#9;&#9;} catch (DatabaseInterfaceException e) {&#13;&#10;&#9;&#9;&#9;Gson gson = new Gson();&#13;&#10;&#9;&#9;&#9;ResponseObject responseMsg = new ResponseObject(false, e.getMessage(), e.getCode());&#13;&#10;&#9;&#9;&#9;message = gson.toJson(responseMsg, ResponseObject.class);&#13;&#10;&#9;&#9;}&#13;&#10;&#9;&#9;&#13;&#10;&#9;&#9;this.outputMessage(response, message);&#9;&#13;&#10;&#9;}&#13;&#10;&#13;&#10;}&#13;&#10;" Filename="TestServlet.java" Intrnl_Id="7"/>
<SrcFile Content="package servlets;&#13;&#10;&#13;&#10;import java.io.IOException;&#13;&#10;&#13;&#10;import javax.servlet.ServletException;&#13;&#10;import javax.servlet.annotation.WebServlet;&#13;&#10;import javax.servlet.http.HttpServlet;&#13;&#10;import javax.servlet.http.HttpServletRequest;&#13;&#10;import javax.servlet.http.HttpServletResponse;&#13;&#10;&#13;&#10;import services.SecureService;&#13;&#10;import services.ServiceFactory;&#13;&#10;&#13;&#10;import com.google.gson.Gson;&#13;&#10;&#13;&#10;import database.DatabaseInterface.DatabaseInterfaceException;&#13;&#10;import database.ResponseObject;&#13;&#10;&#13;&#10;/**&#13;&#10; * Servlet implementation class RegisterServlet&#13;&#10; * &#13;&#10; * This Servlet takes in a username and password, and generates&#13;&#10; * a new account. If the username already exists, or cannot be created&#13;&#10; * an error is returned.&#13;&#10; * &#13;&#10; * Input: {&quot;username&quot;:&quot;asdf&quot;,&quot;password&quot;:&quot;asdf&quot;}&#13;&#10; * Output: {&quot;Success&quot;:&quot;TRUE&quot;,&quot;Message&quot;:&quot;TRUE&quot;,&quot;AuthenticationToken&quot;:&quot;019f27e2-61b5-4046-a9c7-ecbb3c10295f&quot;}&#13;&#10; */&#13;&#10;@WebServlet(&quot;/RegisterServlet&quot;)&#13;&#10;public class RegisterServlet extends ConfigHttpServlet {&#13;&#10;&#9;private static final long serialVersionUID = 1L;&#13;&#10;       &#13;&#10;    /**&#13;&#10;     * @see HttpServlet#HttpServlet()&#13;&#10;     */&#13;&#10;    public RegisterServlet() {&#13;&#10;        super();&#13;&#10;        // TODO Auto-generated constructor stub&#13;&#10;    }&#13;&#10;&#13;&#10;&#9;/**&#13;&#10;&#9; * @see HttpServlet#doPost(HttpServletRequest request, HttpServletResponse response)&#13;&#10;&#9; */&#13;&#10;&#9;protected void doPost(HttpServletRequest request, HttpServletResponse response) throws ServletException, IOException {&#13;&#10;&#9;&#9;String message;&#13;&#10;&#9;&#9;ServiceFactory factory = new ServiceFactory();&#13;&#10;&#9;&#9;&#13;&#10;&#9;&#9;try {&#13;&#10;&#9;&#9;&#9;String data = this.getPostData(request);&#13;&#10;&#9;&#9;&#9;SecureService service = factory.getService(this);&#13;&#10;&#9;&#9;&#9;message = service.unsecuredProcess(data);&#13;&#10;&#9;&#9;&#9;service.close();&#13;&#10;&#9;&#9;} catch (DatabaseInterfaceException e) {&#13;&#10;&#9;&#9;&#9;Gson gson = new Gson();&#13;&#10;&#9;&#9;&#9;ResponseObject responseMsg = new ResponseObject(false, e.getMessage(), e.getCode());&#13;&#10;&#9;&#9;&#9;message = gson.toJson(responseMsg, ResponseObject.class);&#13;&#10;&#9;&#9;}&#13;&#10;&#9;&#9;&#13;&#10;&#9;&#9;this.outputMessage(response, message);&#13;&#10;&#9;}&#13;&#10;&#13;&#10;}&#13;&#10;" Filename="RegisterServlet.java" Intrnl_Id="8"/>
<SrcFile Content="package servlets;&#13;&#10;&#13;&#10;import java.io.IOException;&#13;&#10;import javax.servlet.ServletException;&#13;&#10;import javax.servlet.annotation.WebServlet;&#13;&#10;import javax.servlet.http.HttpServlet;&#13;&#10;import javax.servlet.http.HttpServletRequest;&#13;&#10;import javax.servlet.http.HttpServletResponse;&#13;&#10;&#13;&#10;import services.SecureService;&#13;&#10;import services.ServiceFactory;&#13;&#10;&#13;&#10;import com.google.gson.Gson;&#13;&#10;&#13;&#10;import database.ResponseObject;&#13;&#10;import database.DatabaseInterface.DatabaseInterfaceException;&#13;&#10;&#13;&#10;/**&#13;&#10; * This servlet returns a ranked list of users based on a provided ranking type, skip, max, and timeframe.&#13;&#10; * &#13;&#10; */&#13;&#10;@WebServlet(&quot;/RankingStatisticsServlet&quot;)&#13;&#10;public class RankingStatisticsServlet extends ConfigHttpServlet {&#13;&#10;&#9;private static final long serialVersionUID = 1L;&#13;&#10;       &#13;&#10;    /**&#13;&#10;     * @see HttpServlet#HttpServlet()&#13;&#10;     */&#13;&#10;    public RankingStatisticsServlet() {&#13;&#10;        super();&#13;&#10;        // TODO Auto-generated constructor stub&#13;&#10;    }&#13;&#10;&#13;&#10;&#9;/**&#13;&#10;&#9; * @see HttpServlet#doPost(HttpServletRequest request, HttpServletResponse response)&#13;&#10;&#9; */&#13;&#10;&#9;protected void doPost(HttpServletRequest request, HttpServletResponse response) throws ServletException, IOException {&#13;&#10;&#9;&#9;String message;&#13;&#10;&#9;&#9;ServiceFactory factory = new ServiceFactory();&#13;&#10;&#9;&#9;&#13;&#10;&#9;&#9;try {&#13;&#10;&#9;&#9;&#9;String data = this.getPostData(request);&#13;&#10;&#9;&#9;&#9;SecureService service = factory.getService(this);&#13;&#10;&#9;&#9;&#9;message = service.authSecuredProcess(data);&#13;&#10;&#9;&#9;&#9;service.close();&#13;&#10;&#9;&#9;} catch (DatabaseInterfaceException e) {&#13;&#10;&#9;&#9;&#9;Gson gson = new Gson();&#13;&#10;&#9;&#9;&#9;ResponseObject responseMsg = new ResponseObject(false, e.getMessage(), e.getCode());&#13;&#10;&#9;&#9;&#9;message = gson.toJson(responseMsg, ResponseObject.class);&#13;&#10;&#9;&#9;}&#13;&#10;&#9;&#9;&#13;&#10;&#9;&#9;this.outputMessage(response, message);&#9;&#13;&#10;&#9;}&#13;&#10;&#13;&#10;}&#13;&#10;" Filename="RankingStatisticsServlet.java" Intrnl_Id="9"/>
<SrcFile Content="package servlets;&#13;&#10;&#13;&#10;import java.io.IOException;&#13;&#10;import javax.servlet.ServletException;&#13;&#10;import javax.servlet.annotation.WebServlet;&#13;&#10;import javax.servlet.http.HttpServlet;&#13;&#10;import javax.servlet.http.HttpServletRequest;&#13;&#10;import javax.servlet.http.HttpServletResponse;&#13;&#10;&#13;&#10;import services.SecureService;&#13;&#10;import services.ServiceFactory;&#13;&#10;&#13;&#10;import com.google.gson.Gson;&#13;&#10;&#13;&#10;import database.ResponseObject;&#13;&#10;import database.DatabaseInterface.DatabaseInterfaceException;&#13;&#10;&#13;&#10;/**&#13;&#10; * This servlet provided an auth'd user with a set of personal statistics based&#13;&#10; * on the game data they have uplaoded.&#13;&#10; */&#13;&#10;@WebServlet(&quot;/PersonalStatisticsServlet&quot;)&#13;&#10;public class PersonalStatisticsServlet extends ConfigHttpServlet {&#13;&#10;&#9;private static final long serialVersionUID = 1L;&#13;&#10;       &#13;&#10;    /**&#13;&#10;     * @see HttpServlet#HttpServlet()&#13;&#10;     */&#13;&#10;    public PersonalStatisticsServlet() {&#13;&#10;        super();&#13;&#10;        // TODO Auto-generated constructor stub&#13;&#10;    }&#13;&#10;&#13;&#10;&#9;/**&#13;&#10;&#9; * @see HttpServlet#doPost(HttpServletRequest request, HttpServletResponse response)&#13;&#10;&#9; */&#13;&#10;&#9;protected void doPost(HttpServletRequest request, HttpServletResponse response) throws ServletException, IOException {&#13;&#10;&#9;&#9;String message;&#13;&#10;&#9;&#9;ServiceFactory factory = new ServiceFactory();&#13;&#10;&#9;&#9;&#13;&#10;&#9;&#9;try {&#13;&#10;&#9;&#9;&#9;String data = this.getPostData(request);&#13;&#10;&#9;&#9;&#9;SecureService service = factory.getService(this);&#13;&#10;&#9;&#9;&#9;message = service.authSecuredProcess(data);&#13;&#10;&#9;&#9;&#9;service.close();&#13;&#10;&#9;&#9;} catch (DatabaseInterfaceException e) {&#13;&#10;&#9;&#9;&#9;Gson gson = new Gson();&#13;&#10;&#9;&#9;&#9;ResponseObject responseMsg = new ResponseObject(false, e.getMessage(), e.getCode());&#13;&#10;&#9;&#9;&#9;message = gson.toJson(responseMsg, ResponseObject.class);&#13;&#10;&#9;&#9;}&#13;&#10;&#9;&#9;&#13;&#10;&#9;&#9;this.outputMessage(response, message);&#9;&#13;&#10;&#9;}&#13;&#10;&#13;&#10;}&#13;&#10;" Filename="PersonalStatisticsServlet.java" Intrnl_Id="10"/>
<SrcFile Content="package servlets;&#13;&#10;&#13;&#10;import java.io.IOException;&#13;&#10;&#13;&#10;import javax.servlet.ServletException;&#13;&#10;import javax.servlet.annotation.WebServlet;&#13;&#10;import javax.servlet.http.HttpServlet;&#13;&#10;import javax.servlet.http.HttpServletRequest;&#13;&#10;import javax.servlet.http.HttpServletResponse;&#13;&#10;&#13;&#10;import services.SecureService;&#13;&#10;import services.ServiceFactory;&#13;&#10;&#13;&#10;import com.google.gson.Gson;&#13;&#10;&#13;&#10;import database.DatabaseInterface.DatabaseInterfaceException;&#13;&#10;import database.ResponseObject;&#13;&#10;&#13;&#10;/**&#13;&#10; * Servlet implementation class LogoutServlet&#13;&#10; * &#13;&#10; * The Servlet takes in a valid username, and auth token,&#13;&#10; * and invalidates the authentication token. This effectively&#13;&#10; * logs out the user. An error occurs if the username/auth token is invalid.&#13;&#10; * &#13;&#10; */&#13;&#10;@WebServlet(&quot;/LogoutServlet&quot;)&#13;&#10;public class LogoutServlet extends ConfigHttpServlet {&#13;&#10;&#9;private static final long serialVersionUID = 1L;&#13;&#10;       &#13;&#10;    /**&#13;&#10;     * @see HttpServlet#HttpServlet()&#13;&#10;     */&#13;&#10;    public LogoutServlet() {&#13;&#10;        super();&#13;&#10;        // TODO Auto-generated constructor stub&#13;&#10;    }&#13;&#10;&#13;&#10;&#9;/**&#13;&#10;&#9; * @see HttpServlet#doPost(HttpServletRequest request, HttpServletResponse response)&#13;&#10;&#9; */&#13;&#10;&#9;protected void doPost(HttpServletRequest request, HttpServletResponse response) throws ServletException, IOException {&#13;&#10;&#13;&#10;&#9;&#9;String message;&#13;&#10;&#9;&#9;ServiceFactory factory = new ServiceFactory();&#13;&#10;&#9;&#9;&#13;&#10;&#9;&#9;try {&#13;&#10;&#9;&#9;&#9;String data = this.getPostData(request);&#13;&#10;&#9;&#9;&#9;SecureService service = factory.getService(this);&#13;&#10;&#9;&#9;&#9;message = service.authSecuredProcess(data);&#13;&#10;&#9;&#9;&#9;service.close();&#13;&#10;&#9;&#9;} catch (DatabaseInterfaceException e) {&#13;&#10;&#9;&#9;&#9;Gson gson = new Gson();&#13;&#10;&#9;&#9;&#9;ResponseObject responseMsg = new ResponseObject(false, e.getMessage(), e.getCode());&#13;&#10;&#9;&#9;&#9;message = gson.toJson(responseMsg, ResponseObject.class);&#13;&#10;&#9;&#9;}&#13;&#10;&#9;&#9;&#13;&#10;&#9;&#9;this.outputMessage(response, message);&#9;&#13;&#10;&#9;}&#13;&#10;&#13;&#10;}&#13;&#10;" Filename="LogoutServlet.java" Intrnl_Id="11"/>
<SrcFile Content="package servlets;&#13;&#10;&#13;&#10;import java.io.IOException;&#13;&#10;import java.io.Writer;&#13;&#10;&#13;&#10;import javax.servlet.ServletException;&#13;&#10;import javax.servlet.annotation.WebServlet;&#13;&#10;import javax.servlet.http.HttpServlet;&#13;&#10;import javax.servlet.http.HttpServletRequest;&#13;&#10;import javax.servlet.http.HttpServletResponse;&#13;&#10;&#13;&#10;import services.AuthenticationService;&#13;&#10;import services.SecureService;&#13;&#10;import services.ServiceFactory;&#13;&#10;&#13;&#10;import com.google.gson.Gson;&#13;&#10;&#13;&#10;import database.DatabaseInterface.DatabaseInterfaceException;&#13;&#10;import database.ResponseObject;&#13;&#10;&#13;&#10;/**&#13;&#10; * Servlet implementation class RegisterServlet&#13;&#10; * &#13;&#10; * This Servlet takes in a username and password, and generates&#13;&#10; * an authentication token. If an invalid username/password pair is given&#13;&#10; * and error is returned.&#13;&#10; * &#13;&#10; * Input: {&quot;username&quot;:&quot;asdf&quot;,&quot;password&quot;:&quot;asdf&quot;}&#13;&#10; * Output: {&quot;Success&quot;:&quot;TRUE&quot;,&quot;Message&quot;:&quot;TRUE&quot;,&quot;AuthenticationToken&quot;:&quot;019f27e2-61b5-4046-a9c7-ecbb3c10295f&quot;}&#13;&#10; */&#13;&#10;//@WebServlet(&quot;/LoginServlet&quot;)&#13;&#10;@WebServlet(&quot;/&quot;)&#13;&#10;public class LoginServlet extends ConfigHttpServlet {&#13;&#10;&#9;private static final long serialVersionUID = 1L;&#13;&#10;       &#13;&#10;    /**&#13;&#10;     * @see HttpServlet#HttpServlet()&#13;&#10;     */&#13;&#10;    public LoginServlet() {&#13;&#10;        super();&#13;&#10;        // TODO Auto-generated constructor stub&#13;&#10;    }&#13;&#10;&#13;&#10;&#9;/**&#13;&#10;&#9; * @see HttpServlet#doGet(HttpServletRequest request, HttpServletResponse response)&#13;&#10;&#9; * &#13;&#10;&#9; * For Testing Purposes Only&#13;&#10;&#9; * &#13;&#10;&#9; */&#13;&#10;&#9;protected void doGet(HttpServletRequest request, HttpServletResponse response) throws ServletException, IOException {&#13;&#10;&#9;&#9;AuthenticationService authService = new AuthenticationService();&#13;&#10;&#9;&#9;String message = authService.testDatabaseConnection();&#13;&#10;&#9;&#9;&#13;&#10;&#9;&#9;response.setContentType(&quot;text/html&quot;);&#13;&#10;&#9;&#9;&#13;&#10;&#9;&#9;Writer writer = response.getWriter();&#13;&#10;&#9;&#9;writer.write(&quot;&lt;html&gt;&quot;);&#13;&#10;&#9;&#9;writer.write(message);&#13;&#10;&#9;&#9;writer.write(&quot;&lt;/html&gt;&quot;);&#13;&#10;&#9;&#9;&#13;&#10;&#9;&#9;&#13;&#10;&#9;}&#13;&#10;&#13;&#10;&#9;/**&#13;&#10;&#9; * @see HttpServlet#doPost(HttpServletRequest request, HttpServletResponse response)&#13;&#10;&#9; */&#13;&#10;&#9;protected void doPost(HttpServletRequest request, HttpServletResponse response) throws ServletException, IOException {&#13;&#10;&#9;&#9;String message;&#13;&#10;&#9;&#9;ServiceFactory factory = new ServiceFactory();&#13;&#10;&#9;&#9;&#13;&#10;&#9;&#9;try {&#13;&#10;&#9;&#9;&#9;String data = this.getPostData(request);&#13;&#10;&#9;&#9;&#9;SecureService service = factory.getService(this);&#13;&#10;&#9;&#9;&#9;message = service.loginSecuredProcess(data);&#13;&#10;&#9;&#9;&#9;service.close();&#13;&#10;&#9;&#9;} catch (DatabaseInterfaceException e) {&#13;&#10;&#9;&#9;&#9;Gson gson = new Gson();&#13;&#10;&#9;&#9;&#9;ResponseObject responseMsg = new ResponseObject(false, e.getMessage(), e.getCode());&#13;&#10;&#9;&#9;&#9;message = gson.toJson(responseMsg, ResponseObject.class);&#13;&#10;&#9;&#9;}&#13;&#10;&#9;&#9;&#13;&#10;&#9;&#9;this.outputMessage(response, message);&#13;&#10;&#9;}&#13;&#10;&#13;&#10;}&#13;&#10;" Filename="LoginServlet.java" Intrnl_Id="12"/>
<SrcFile Content="package servlets;&#13;&#10;&#13;&#10;import java.util.Calendar;&#13;&#10;import java.util.Date;&#13;&#10;import java.util.GregorianCalendar;&#13;&#10;import java.util.Timer;&#13;&#10;&#13;&#10;import javax.servlet.ServletConfig;&#13;&#10;import javax.servlet.ServletException;&#13;&#10;import javax.servlet.annotation.WebServlet;&#13;&#10;&#13;&#10;import util.RankCacheCron;&#13;&#10;&#13;&#10;/**&#13;&#10; * Servlet for starting cron jobs.&#13;&#10; * &#13;&#10; * @author dddurand&#13;&#10; *&#13;&#10; */&#13;&#10;@WebServlet(&quot;/cron&quot;)&#13;&#10;public class CronServlet extends ConfigHttpServlet {&#13;&#10;&#13;&#10;&#9;private static final long serialVersionUID = -7672762555376487388L;&#13;&#10;&#9;&#13;&#10;&#9;/**&#13;&#10;&#9; * Run once per day&#13;&#10;&#9; */&#13;&#10;&#9;final long dayInMili = 86400000;&#13;&#10;&#9;&#13;&#10;&#9;/**&#13;&#10;&#9; * Timer for controlling rank cron jobs&#13;&#10;&#9; */&#13;&#10;&#9;private final Timer rankCronTimer = new Timer();&#13;&#10;&#9;&#13;&#10;&#9;@Override&#13;&#10;&#9;public void init(ServletConfig config) throws ServletException {&#13;&#10;&#9;&#9;super.init(config);&#13;&#10;&#9;&#9;RankCacheCron rankCron = new RankCacheCron(this.getServletContext());&#13;&#10;&#9;&#9;rankCronTimer.schedule(rankCron, this.getTonightAtMidnight(), dayInMili);&#13;&#10;&#9;}&#13;&#10;&#9;&#13;&#10;&#9;/**&#13;&#10;&#9; * Returns a date object for 5 minutes after midnight&#13;&#10;&#9; * &#13;&#10;&#9; * @return&#13;&#10;&#9; */&#13;&#10;&#9;private Date getTonightAtMidnight()&#13;&#10;&#9;{&#13;&#10;&#9;&#9;Calendar calender = new GregorianCalendar();&#9;&#13;&#10;&#9;&#9;calender.add(Calendar.DAY_OF_MONTH, 1);&#13;&#10;&#9;&#9;&#13;&#10;&#9;&#9;calender.set(Calendar.HOUR_OF_DAY, 0);&#13;&#10;&#9;&#9;calender.set(Calendar.MINUTE, 5);&#13;&#10;&#9;&#9;calender.set(Calendar.SECOND, 0);&#13;&#10;&#9;&#9;calender.set(Calendar.MILLISECOND, 0);&#13;&#10;&#9;&#9;return calender.getTime();&#13;&#10;&#9;}&#13;&#10;&#9;&#13;&#10;}&#13;&#10;" Filename="CronServlet.java" Intrnl_Id="13"/>
<SrcFile Content="package servlets;&#13;&#10;&#13;&#10;import java.io.BufferedReader;&#13;&#10;import java.io.IOException;&#13;&#10;import java.io.Writer;&#13;&#10;&#13;&#10;import javax.servlet.ServletException;&#13;&#10;import javax.servlet.http.HttpServlet;&#13;&#10;import javax.servlet.http.HttpServletRequest;&#13;&#10;import javax.servlet.http.HttpServletResponse;&#13;&#10;&#13;&#10;import util.ServletConfiguration;&#13;&#10;&#13;&#10;/**&#13;&#10; * An extension to httpServlet that makes the object load its context&#13;&#10; * into ServletConfiguration in order to load the context parameters.&#13;&#10; * &#13;&#10; * @author dddurand&#13;&#10; *&#13;&#10; */&#13;&#10;public class ConfigHttpServlet extends HttpServlet {&#13;&#10;&#13;&#10;&#9;private static final long serialVersionUID = -1581925191750562160L;&#13;&#10;&#13;&#10;&#9;@Override&#13;&#10;&#9;/**&#13;&#10;&#9; * On creation, attempt to load context into ServletConfiguration&#13;&#10;&#9; */&#13;&#10;&#9;public void init() throws ServletException&#13;&#10;     {&#13;&#10;&#9;&#9; super.init();&#13;&#10;&#9;&#9; ServletConfiguration.loadContext(this.getServletContext());&#13;&#10;     }&#13;&#10;&#9;&#13;&#10;&#9;/**&#13;&#10;&#9; * Retrieves the data provided in a post request.&#13;&#10;&#9; * This function should only be called for getPost requests.&#13;&#10;&#9; * &#13;&#10;&#9; * @param request getPost Request&#13;&#10;&#9; * @return Data provided in a Post HttpServletRequest.&#13;&#10;&#9; * &#13;&#10;&#9; * @throws ServletException&#13;&#10;&#9; * @throws IOException&#13;&#10;&#9; */&#13;&#10;&#9;protected String getPostData(HttpServletRequest request) &#13;&#10;&#9;&#9;&#9;&#9;&#9;&#9;&#9;&#9;&#9;&#9;throws ServletException, IOException &#13;&#10;&#9;{&#13;&#10;&#13;&#10;&#9;&#9;BufferedReader reader = request.getReader();&#13;&#10;&#9;&#9;&#13;&#10;&#9;&#9;StringBuilder builder = new StringBuilder();&#13;&#10;&#9;&#9;char[] charBuffer = new char[500];&#13;&#10;&#9;&#9;while(true)&#13;&#10;&#9;&#9;{&#13;&#10;&#9;&#9;&#9;int charsRead = reader.read(charBuffer);&#13;&#10;&#9;&#9;&#9;if(charsRead &lt; 0) break;&#13;&#10;&#9;&#9;&#9;builder.append(charBuffer, 0, charsRead);&#13;&#10;&#9;&#9;&#9;&#13;&#10;&#9;&#9;}&#13;&#10;&#9;&#9;&#13;&#10;&#9;&#9;return builder.toString();&#13;&#10;&#9;}&#13;&#10;&#9;&#13;&#10;&#9;protected void outputMessage(HttpServletResponse response, String message) throws IOException&#13;&#10;&#9;{&#13;&#10;&#9;&#9;&#13;&#10;&#9;&#9;Writer writer = response.getWriter();&#13;&#10;&#9;&#9;response.setContentType(&quot;text/html&quot;);&#13;&#10;&#9;&#9;writer.write(message);&#13;&#10;&#9;}&#13;&#10;&#9;&#13;&#10;}&#13;&#10;" Filename="ConfigHttpServlet.java" Intrnl_Id="14"/>
<SrcFile Content="package servlets;&#13;&#10;&#13;&#10;import java.io.IOException;&#13;&#10;&#13;&#10;import javax.servlet.ServletException;&#13;&#10;import javax.servlet.annotation.WebServlet;&#13;&#10;import javax.servlet.http.HttpServlet;&#13;&#10;import javax.servlet.http.HttpServletRequest;&#13;&#10;import javax.servlet.http.HttpServletResponse;&#13;&#10;&#13;&#10;import services.SecureService;&#13;&#10;import services.ServiceFactory;&#13;&#10;&#13;&#10;import com.google.gson.Gson;&#13;&#10;&#13;&#10;import database.DatabaseInterface.DatabaseInterfaceException;&#13;&#10;import database.ResponseObject;&#13;&#10;&#13;&#10;/**&#13;&#10; * This servlet provided an auth'd user with a set of personal statistics based&#13;&#10; * on the game data they have uplaoded.&#13;&#10; */&#13;&#10;@WebServlet(&quot;/CommunityStatisticsServlet&quot;)&#13;&#10;public class CommunityStatisticsServlet extends ConfigHttpServlet {&#13;&#10;&#9;private static final long serialVersionUID = 1L;&#13;&#10;       &#13;&#10;    /**&#13;&#10;     * @see HttpServlet#HttpServlet()&#13;&#10;     */&#13;&#10;    public CommunityStatisticsServlet() {&#13;&#10;        super();&#13;&#10;        // TODO Auto-generated constructor stub&#13;&#10;    }&#13;&#10;&#13;&#10;&#9;/**&#13;&#10;&#9; * @see HttpServlet#doPost(HttpServletRequest request, HttpServletResponse response)&#13;&#10;&#9; */&#13;&#10;&#9;protected void doPost(HttpServletRequest request, HttpServletResponse response) throws ServletException, IOException {&#13;&#10;&#9;&#9;String message;&#13;&#10;&#9;&#9;ServiceFactory factory = new ServiceFactory();&#13;&#10;&#9;&#9;&#13;&#10;&#9;&#9;try {&#13;&#10;&#9;&#9;&#9;String data = this.getPostData(request);&#13;&#10;&#9;&#9;&#9;SecureService service = factory.getService(this);&#13;&#10;&#9;&#9;&#9;message = service.authSecuredProcess(data);&#13;&#10;&#9;&#9;} catch (DatabaseInterfaceException e) {&#13;&#10;&#9;&#9;&#9;Gson gson = new Gson();&#13;&#10;&#9;&#9;&#9;ResponseObject responseMsg = new ResponseObject(false, e.getMessage(), e.getCode());&#13;&#10;&#9;&#9;&#9;message = gson.toJson(responseMsg, ResponseObject.class);&#13;&#10;&#9;&#9;}&#13;&#10;&#9;&#9;&#13;&#10;&#9;&#9;this.outputMessage(response, message);&#9;&#13;&#10;&#9;}&#13;&#10;&#13;&#10;}&#13;&#10;" Filename="CommunityStatisticsServlet.java" Intrnl_Id="15"/>
<SrcFile Content="package services;&#13;&#10;&#13;&#10;import java.util.ArrayList;&#13;&#10;&#13;&#10;import util.Codes;&#13;&#10;&#13;&#10;import com.google.gson.Gson;&#13;&#10;&#13;&#10;import dataModels.Account;&#13;&#10;import dataModels.Filter;&#13;&#10;import dataModels.Game;&#13;&#10;import dataModels.MiscGameData;&#13;&#10;import dataModels.Optimality;&#13;&#10;import dataModels.PersonalStatistics;&#13;&#10;import dataModels.UploadData;&#13;&#10;import database.DatabaseInterface;&#13;&#10;import database.DatabaseInterface.DatabaseInterfaceException;&#13;&#10;import database.ResponseObject;&#13;&#10;&#13;&#10;&#13;&#10;/**&#13;&#10; * This delegate deals with processing and storing the provided game data into the database.&#13;&#10; * &#13;&#10; * @author dddurand&#13;&#10; *&#13;&#10; */&#13;&#10;public class UploadDelegate extends ServiceDelegate{&#13;&#10;&#9;&#13;&#10;&#9;private Optimality optimality;&#13;&#10;&#9;&#13;&#10;&#9;/**&#13;&#10;&#9; * General Constructor&#13;&#10;&#9; * @param gson&#13;&#10;&#9; * @param dbInterface&#13;&#10;&#9; */&#13;&#10;&#9;public UploadDelegate(Gson gson, DatabaseInterface dbInterface) {&#13;&#10;&#9;&#9;super(gson, dbInterface);&#13;&#10;&#9;&#9;optimality = new Optimality();&#13;&#10;&#9;}&#13;&#10;&#13;&#10;&#9;/**&#13;&#10;&#9; * Process that facilitates the actual processing and storing of the data.&#13;&#10;&#9; * &#13;&#10;&#9; */&#13;&#10;&#9;@Override&#13;&#10;&#9;public String applyAuthProcess(Account account, String postData)&#13;&#10;&#9;&#9;&#9;throws DatabaseInterfaceException {&#13;&#10;&#13;&#10;&#9;&#9;UploadData data = this.gson.fromJson(postData, UploadData.class);&#13;&#10;&#9;&#9;boolean success = false;&#13;&#10;&#13;&#10;&#13;&#10;&#9;&#9;ArrayList&lt;Game&gt; games = data.getGames();&#13;&#10;&#9;&#9;ArrayList&lt;String&gt; gameUploadResults = uploadGameData(account, games);&#13;&#10;&#13;&#10;&#13;&#10;&#9;&#9;ArrayList&lt;MiscGameData&gt; miscDatas = data.getMiscDatas();&#13;&#10;&#9;&#9;ArrayList&lt;Integer&gt; miscUploadResults = uploadMiscData(account, miscDatas);&#13;&#10;&#13;&#10;&#9;&#9;this.updateRankings(account);&#13;&#10;&#9;&#9;&#13;&#10;&#9;&#9;if(gameUploadResults.size() &gt; 0 || miscUploadResults.size() &gt; 0)&#13;&#10;&#9;&#9;&#9;success = true;&#13;&#10;&#9;&#9;&#13;&#10;&#9;&#9;ResponseObject obj = new ResponseObject(success, &quot;Upload Results&quot;, Codes.SUCCESS);&#13;&#10;&#9;&#9;obj.setUploadGameSuccess(gameUploadResults);&#13;&#10;&#9;&#9;obj.setUploadMiscSuccess(miscUploadResults);&#13;&#10;&#13;&#10;&#9;&#9;return gson.toJson(obj, ResponseObject.class);&#13;&#10;&#13;&#10;&#9;}&#13;&#10;&#13;&#10;&#9;/**&#13;&#10;&#9; * Handles the processing and storing of the misc data&#13;&#10;&#9; * &#13;&#10;&#9; * @param account The account to upload the misc data for.&#13;&#10;&#9; * @param miscDatas The data to be processed and stored.&#13;&#10;&#9; * @return The position of the misc data that was successfully uploaded.&#13;&#10;&#9; * @throws DatabaseInterfaceException&#13;&#10;&#9; */&#13;&#10;&#9;private ArrayList&lt;Integer&gt; uploadMiscData(Account account, ArrayList&lt;MiscGameData&gt; miscDatas) throws DatabaseInterfaceException&#13;&#10;&#9;{&#13;&#10;&#9;&#9;ArrayList&lt;Integer&gt; miscUploadResults = new ArrayList&lt;Integer&gt;();&#13;&#10;&#13;&#10;&#9;&#9;for(int position = 0; position &lt; miscDatas.size(); position++)&#13;&#10;&#9;&#9;{&#13;&#10;&#9;&#9;&#9;MiscGameData miscData = miscDatas.get(position);&#13;&#10;&#9;&#9;&#9;dbInterface.saveMiscData(account, miscData);&#13;&#10;&#13;&#10;&#9;&#9;&#9;try{&#13;&#10;&#9;&#9;&#9;&#9;dbInterface.saveMiscData(account, miscData);&#13;&#10;&#9;&#9;&#9;&#9;miscUploadResults.add(position);&#13;&#10;&#9;&#9;&#9;} &#13;&#10;&#9;&#9;&#9;catch(DatabaseInterfaceException e) { }&#13;&#10;&#13;&#10;&#9;&#9;}&#13;&#10;&#13;&#10;&#9;&#9;return miscUploadResults;&#13;&#10;&#9;}&#13;&#10;&#9;&#13;&#10;&#9;/**&#13;&#10;&#9; * Facilitates the processing and storing of the game data.&#13;&#10;&#9; * This function also triggers an update to the ranking for the current user.&#13;&#10;&#9; * &#13;&#10;&#9; * @param account The account to tie game data to.&#13;&#10;&#9; * @param games The game data to be stored.&#13;&#10;&#9; * @return List of game id's that were successfully updated.&#13;&#10;&#9; * @throws DatabaseInterfaceException&#13;&#10;&#9; */&#13;&#10;&#9;private ArrayList&lt;String&gt; uploadGameData(Account account, ArrayList&lt;Game&gt; games) throws DatabaseInterfaceException&#13;&#10;&#9;{&#13;&#10;&#9;&#9;ArrayList&lt;String&gt; gameUploadResults = new ArrayList&lt;String&gt;();&#13;&#10;&#13;&#10;&#9;&#9;for(int position = 0; position &lt; games.size(); position++)&#13;&#10;&#9;&#9;{&#13;&#10;&#9;&#9;&#9;Game game = games.get(position);&#13;&#10;&#13;&#10;&#9;&#9;&#9;try{&#13;&#10;&#9;&#9;&#9;&#9;dbInterface.saveGame(account, game);&#13;&#10;&#9;&#9;&#9;&#9;gameUploadResults.add(game.getGameID());&#13;&#10;&#9;&#9;&#9;&#9;&#13;&#10;&#9;&#9;&#9;&#9;double opRating = optimality.getOptimalRatingForGame(game);&#13;&#10;&#9;&#9;&#9;&#9;dbInterface.setGameOptimalityForUser(account, game, opRating);&#13;&#10;&#9;&#9;&#9;} &#13;&#10;&#9;&#9;&#9;catch(DatabaseInterfaceException e) { }&#13;&#10;&#9;&#9;}&#13;&#10;&#9;&#9;&#13;&#10;&#9;&#9;&#13;&#10;&#13;&#10;&#9;&#9;return gameUploadResults;&#13;&#10;&#9;}&#13;&#10;&#9;&#13;&#10;&#9;/**&#13;&#10;&#9; * A function that causes all the ranking information to be updated for the current used.&#13;&#10;&#9; * This function is only called after new data has been processed, in order to be more efficient. (or during cron)&#13;&#10;&#9; * &#13;&#10;&#9; * @param account&#13;&#10;&#9; * @throws DatabaseInterfaceException&#13;&#10;&#9; */&#13;&#10;&#9;private void updateRankings(Account account) throws DatabaseInterfaceException&#13;&#10;&#9;{&#13;&#10;&#9;&#9;&#9;Filter filter = new Filter();&#13;&#10;&#9;&#9;&#9;PersonalStatistics stats = new PersonalStatistics(account, dbInterface, filter);&#13;&#10;&#9;&#9;&#9;stats.updateRankings();&#13;&#10;&#9;&#9;&#13;&#10;&#9;}&#13;&#10;&#13;&#10;}" Filename="UploadDelegate.java" Intrnl_Id="16"/>
<SrcFile Content="package services;&#13;&#10;&#13;&#10;import com.google.gson.Gson;&#13;&#10;&#13;&#10;import dataModels.Account;&#13;&#10;import database.DatabaseInterface;&#13;&#10;import database.DatabaseInterface.DatabaseInterfaceException;&#13;&#10;&#13;&#10;&#13;&#10;/**&#13;&#10; * This delegate deals with processing and storing the provided game data into the database.&#13;&#10; * &#13;&#10; * @author dddurand&#13;&#10; *&#13;&#10; */&#13;&#10;public class TestDelegate extends ServiceDelegate{&#13;&#10;&#13;&#10;&#9;/**&#13;&#10;&#9; * General Constructor&#13;&#10;&#9; * @param gson&#13;&#10;&#9; * @param dbInterface&#13;&#10;&#9; */&#13;&#10;&#9;public TestDelegate(Gson gson, DatabaseInterface dbInterface) {&#13;&#10;&#9;&#9;super(gson, dbInterface);&#13;&#10;&#9;}&#13;&#10;&#13;&#10;&#9;@Override&#13;&#10;&#9;public String applyAuthProcess(Account postAccount, String postData)&#13;&#10;&#9;&#9;&#9;throws DatabaseInterfaceException {&#13;&#10;&#9;&#9;&#13;&#10;&#9;&#9;return &quot; &quot;;&#13;&#10;&#9;}&#13;&#10;&#13;&#10;&#13;&#10;&#13;&#10;}" Filename="TestDelegate.java" Intrnl_Id="17"/>
<SrcFile Content="package services;&#13;&#10;&#13;&#10;import com.google.gson.Gson;&#13;&#10;import com.google.gson.GsonBuilder;&#13;&#10;&#13;&#10;import dataModels.Filter;&#13;&#10;import dataModels.UploadData;&#13;&#10;import database.DatabaseInterface;&#13;&#10;import database.ResponseObject;&#13;&#10;import database.DatabaseInterface.DatabaseInterfaceException;&#13;&#10;&#13;&#10;import servlets.CommunityStatisticsServlet;&#13;&#10;import servlets.ConfigHttpServlet;&#13;&#10;import servlets.LoginServlet;&#13;&#10;import servlets.LogoutServlet;&#13;&#10;import servlets.PersonalStatisticsServlet;&#13;&#10;import servlets.RankingStatisticsServlet;&#13;&#10;import servlets.RegisterServlet;&#13;&#10;import servlets.TestServlet;&#13;&#10;import servlets.UploadServlet;&#13;&#10;&#13;&#10;/**&#13;&#10; * A class that acts as a factory of SecureService objects. The factory builds&#13;&#10; * the service object absed on the servlet that has been provided to the factory.&#13;&#10; * &#13;&#10; * @author dddurand&#13;&#10; *&#13;&#10; */&#13;&#10;public class ServiceFactory {&#13;&#10;&#13;&#10;&#9;/**&#13;&#10;&#9; * Generic Constructor&#13;&#10;&#9; */&#13;&#10;&#9;public ServiceFactory() { }&#13;&#10;&#9;&#13;&#10;&#9;/**&#13;&#10;&#9; * The various supported servlets that will generate&#13;&#10;&#9; * a specialized SecureService&#13;&#10;&#9; * &#13;&#10;&#9; * @author dddurand&#13;&#10;&#9; *&#13;&#10;&#9; */&#13;&#10;&#9;public enum ServletType&#13;&#10;&#9;{&#13;&#10;&#9;&#9;LOGIN, LOGOUT, REGISTER, UPLOAD, PERSONAL, RANKING, COMMUNITY, UNKNOWN,TEST&#13;&#10;&#9;}&#13;&#10;&#9;&#13;&#10;&#9;/**&#13;&#10;&#9; * Builds and retrieves the correct SecureService for a specific Servlet.&#13;&#10;&#9; * &#13;&#10;&#9; * @param servlet The servlet the service if for.&#13;&#10;&#9; * @return The specifically built SecureService.&#13;&#10;&#9; * @throws DatabaseInterfaceException&#13;&#10;&#9; */&#13;&#10;&#9;public SecureService getService(ConfigHttpServlet servlet) throws DatabaseInterfaceException&#13;&#10;&#9;{&#13;&#10;&#9;&#9;ServletType servletType = getServletType(servlet);&#13;&#10;&#9;&#9;Gson gson = generateGSON(servletType);&#13;&#10;&#9;&#9;DatabaseInterface dbInterface = new DatabaseInterface();&#13;&#10;&#9;&#9;&#13;&#10;&#9;&#9;ServiceDelegate delegate = generateServiceDelegate(servletType,gson, dbInterface);&#13;&#10;&#9;&#9;&#13;&#10;&#9;&#9;return new SecureService(delegate, gson, dbInterface);&#13;&#10;&#9;}&#13;&#10;&#9;&#13;&#10;&#9;&#13;&#10;&#9;/**&#13;&#10;&#9; * Generates the appropriate delegate object, based on which Servlet the service is for.&#13;&#10;&#9; * &#13;&#10;&#9; * @param servletType The type of servlet the delegate is for.&#13;&#10;&#9; * @param gson The gson object to be used in the delegate.&#13;&#10;&#9; * @param dbInterface The database interface to be used in the delegate.&#13;&#10;&#9; * @return&#13;&#10;&#9; */&#13;&#10;&#9;private ServiceDelegate generateServiceDelegate(ServletType servletType, Gson gson, DatabaseInterface dbInterface)&#13;&#10;&#9;{&#13;&#10;&#13;&#10;&#9;&#9;switch(servletType)&#13;&#10;&#9;&#9;{&#9;&#13;&#10;&#9;&#9;case LOGIN:&#13;&#10;&#9;&#9;&#9;return new LoginDelegate(gson, dbInterface);&#13;&#10;&#9;&#9;case LOGOUT:&#13;&#10;&#9;&#9;&#9;return new LogoutDelegate(gson, dbInterface);&#13;&#10;&#9;&#9;case REGISTER:&#13;&#10;&#9;&#9;&#9;return new RegisterDelegate(gson, dbInterface);&#13;&#10;&#9;&#9;case UPLOAD:&#13;&#10;&#9;&#9;&#9;return new UploadDelegate(gson, dbInterface);&#13;&#10;&#9;&#9;case PERSONAL:&#13;&#10;&#9;&#9;&#9;return new PersonalStatisticsDelegate(gson, dbInterface);&#13;&#10;&#9;&#9;case RANKING:&#13;&#10;&#9;&#9;&#9;return new RankingStatisticsDelegate(gson, dbInterface);&#13;&#10;&#9;&#9;case COMMUNITY:&#13;&#10;&#9;&#9;&#9;return new CommunityStatisticsDelegate(gson, dbInterface);&#13;&#10;&#9;&#9;case TEST:&#13;&#10;&#9;&#9;&#9;return new TestDelegate(gson, dbInterface);&#13;&#10;&#9;&#9;default:&#13;&#10;&#9;&#9;&#9;return new ServiceDelegate(gson, dbInterface);&#13;&#10;&#9;&#9;}&#13;&#10;&#9;}&#13;&#10;&#9;&#13;&#10;&#9;/**&#13;&#10;&#9; * Builds the gson object, that will be used by the service.&#13;&#10;&#9; * Custom additions are added to the gson object as needed&#13;&#10;&#9; * by the specific servlet types.&#13;&#10;&#9; * &#13;&#10;&#9; * @param servletType The type of servlet the gson will be used in.&#13;&#10;&#9; * @return The built gson object.&#13;&#10;&#9; */&#13;&#10;&#9;private Gson generateGSON(ServletType servletType)&#13;&#10;&#9;{&#13;&#10;&#9;&#9;GsonBuilder gsonBuilder = new GsonBuilder();&#13;&#10;&#9;&#9;&#13;&#10;&#9;&#9;switch(servletType)&#13;&#10;&#9;&#9;{&#9;&#13;&#10;&#9;&#9;case LOGIN:&#13;&#10;&#9;&#9;case LOGOUT:&#13;&#10;&#9;&#9;case REGISTER:&#13;&#10;&#9;&#9;&#9;gsonBuilder.registerTypeAdapter(ResponseObject.class, new ResponseObject.ResponseSerializer());&#13;&#10;&#9;&#9;&#9;break;&#13;&#10;&#9;&#9;&#13;&#10;&#9;&#9;case COMMUNITY:&#13;&#10;&#9;&#9;case RANKING:&#13;&#10;&#9;&#9;case PERSONAL:&#13;&#10;&#9;&#9;case UPLOAD:&#13;&#10;&#9;&#9;case TEST:&#13;&#10;&#9;&#9;&#9;gsonBuilder.registerTypeAdapter(ResponseObject.class, new ResponseObject.ResponseSerializer());&#13;&#10;&#9;&#9;&#9;gsonBuilder.registerTypeAdapter(UploadData.class, new UploadData.UploadDataDeserializer());&#13;&#10;&#9;&#9;&#9;gsonBuilder.registerTypeAdapter(Filter.class, new Filter.FilterDeserializer());&#13;&#10;&#9;&#9;default:&#13;&#10;&#9;&#9;&#9;break;&#13;&#10;&#9;&#9;}&#13;&#10;&#9;&#9;&#13;&#10;&#9;&#9;return gsonBuilder.create();&#13;&#10;&#9;}&#13;&#10;&#9;&#13;&#10;&#9;/**&#13;&#10;&#9; * Determines what type of servlet has been provided&#13;&#10;&#9; * to the factory.&#13;&#10;&#9; * &#13;&#10;&#9; */&#13;&#10;&#9;private ServletType getServletType(ConfigHttpServlet servlet)&#13;&#10;&#9;{&#13;&#10;&#9;&#9;if(servlet instanceof LoginServlet)&#13;&#10;&#9;&#9;&#9;return ServletType.LOGIN;&#13;&#10;&#9;&#9;else if(servlet instanceof LogoutServlet)&#13;&#10;&#9;&#9;&#9;return ServletType.LOGOUT;&#13;&#10;&#9;&#9;else if(servlet instanceof RegisterServlet)&#13;&#10;&#9;&#9;&#9;return ServletType.REGISTER;&#13;&#10;&#9;&#9;else if(servlet instanceof UploadServlet)&#13;&#10;&#9;&#9;&#9;return ServletType.UPLOAD;&#13;&#10;&#9;&#9;else if(servlet instanceof TestServlet)&#13;&#10;&#9;&#9;&#9;return ServletType.TEST;&#13;&#10;&#9;&#9;else if(servlet instanceof PersonalStatisticsServlet)&#13;&#10;&#9;&#9;&#9;return ServletType.PERSONAL;&#13;&#10;&#9;&#9;else if(servlet instanceof RankingStatisticsServlet)&#13;&#10;&#9;&#9;&#9;return ServletType.RANKING;&#13;&#10;&#9;&#9;else if (servlet instanceof CommunityStatisticsServlet)&#13;&#10;&#9;&#9;&#9;return ServletType.COMMUNITY;&#13;&#10;&#9;&#9;else&#13;&#10;&#9;&#9;&#9;return ServletType.UNKNOWN;&#13;&#10;&#9;}&#13;&#10;}&#13;&#10;" Filename="ServiceFactory.java" Intrnl_Id="18"/>
<SrcFile Content="package services;&#13;&#10;&#13;&#10;import com.google.gson.Gson;&#13;&#10;&#13;&#10;import dataModels.Account;&#13;&#10;import database.DatabaseInterface;&#13;&#10;import database.DatabaseInterface.DatabaseInterfaceException;&#13;&#10;&#13;&#10;/**&#13;&#10; * The framework for a service delegate.&#13;&#10; * This object can be instantiated, but all its methods simply&#13;&#10; * return &quot;Not Implemented&quot;. &#13;&#10; * &#13;&#10; * This object is mean't to be extended, and then added into the ServiceFactory.&#13;&#10; * These delegate objects act as the backbone of a service, and provide their main&#13;&#10; * functionality. Any custom additions needed by GSON objects should be added in the factory.&#13;&#10; * &#13;&#10; * @author dddurand&#13;&#10; *&#13;&#10; */&#13;&#10;public class ServiceDelegate {&#13;&#10;&#13;&#10;&#9;protected Gson gson;&#13;&#10;&#9;protected DatabaseInterface dbInterface; &#13;&#10;&#9;&#13;&#10;&#9;/**&#13;&#10;&#9; * General constructor&#13;&#10;&#9; * &#13;&#10;&#9; * @param gson Gson object used by the serviceDelegate&#13;&#10;&#9; * @param dbInterface DatabaseInterface used by the delegate&#13;&#10;&#9; */&#13;&#10;&#9;public ServiceDelegate(Gson gson, DatabaseInterface dbInterface)&#13;&#10;&#9;{&#13;&#10;&#9;&#9;this.gson = gson;&#13;&#10;&#9;&#9;this.dbInterface = dbInterface;&#13;&#10;&#9;}&#13;&#10;&#9;&#13;&#10;&#9;/**&#13;&#10;&#9; * Setter for the Gson Object&#13;&#10;&#9; * &#13;&#10;&#9; * @param gson&#13;&#10;&#9; */&#13;&#10;&#9;public void setGson(Gson gson)&#13;&#10;&#9;{&#13;&#10;&#9;&#9;this.gson = gson;&#13;&#10;&#9;}&#13;&#10;&#9;&#13;&#10;&#9;/**&#13;&#10;&#9; * Setter for the Database interface&#13;&#10;&#9; * &#13;&#10;&#9; * @param dbInterface&#13;&#10;&#9; */&#13;&#10;&#9;public void setDatabaseInterface(DatabaseInterface dbInterface)&#13;&#10;&#9;{&#13;&#10;&#9;&#9;this.dbInterface = dbInterface;&#13;&#10;&#9;}&#13;&#10;&#9;&#13;&#10;&#9;/**&#13;&#10;&#9; * This function is called by a SecureService when it has determined the connection&#13;&#10;&#9; * has a valid username and auth token.&#13;&#10;&#9; * &#13;&#10;&#9; * @param postAccount Authenticated account provided at login&#13;&#10;&#9; * @param postData Data provided to the web service&#13;&#10;&#9; * @return JSON Result&#13;&#10;&#9; * @throws DatabaseInterfaceException&#13;&#10;&#9; */&#13;&#10;&#9;public String applyAuthProcess(Account postAccount, String postData) throws DatabaseInterfaceException&#13;&#10;&#9;{&#13;&#10;&#9;&#9;return &quot;Not Implemented.&quot;;&#13;&#10;&#9;}&#13;&#10;&#9;&#13;&#10;&#9;/**&#13;&#10;&#9; * This function is called by a SecureService when it has determined the connection&#13;&#10;&#9; * has a valid username and password.&#13;&#10;&#9; * &#13;&#10;&#9; * @param postAccount Validated login account&#13;&#10;&#9; * @param postData Data provided to the web service&#13;&#10;&#9; * @return JSON Result&#13;&#10;&#9; * @throws DatabaseInterfaceException&#13;&#10;&#9; */&#13;&#10;&#9;public String applyLoginProcess(Account account, String postData) throws DatabaseInterfaceException&#13;&#10;&#9;{&#13;&#10;&#9;&#9;return &quot;Not Implemented.&quot;;&#13;&#10;&#9;}&#13;&#10;&#9;&#13;&#10;&#9;/**&#13;&#10;&#9; * This function is called by a SecureService without any checks.&#13;&#10;&#9; * @param postAccount Authenticated account provided at login&#13;&#10;&#9; * @param postData Data provided to the web service&#13;&#10;&#9; * @return JSON Result&#13;&#10;&#9; * @throws DatabaseInterfaceException&#13;&#10;&#9; */&#13;&#10;&#9;public String unsecureProcess(Account account, String postData) throws DatabaseInterfaceException&#13;&#10;&#9;{&#13;&#10;&#9;&#9;return &quot;Not Implemented.&quot;;&#13;&#10;&#9;}&#13;&#10;&#9;&#13;&#10;&#9;/**&#13;&#10;&#9; * Should be called after the service's work has been completed.&#13;&#10;&#9; * No calls should be made on this object after this has been called.&#13;&#10;&#9; * &#13;&#10;&#9; */&#13;&#10;&#9;public void close()&#13;&#10;&#9;{&#13;&#10;&#9;&#9;this.dbInterface.close();&#13;&#10;&#9;}&#13;&#10;}&#13;&#10;" Filename="ServiceDelegate.java" Intrnl_Id="19"/>
<SrcFile Content="package services;&#13;&#10;&#13;&#10;import util.Codes;&#13;&#10;&#13;&#10;import com.google.gson.Gson;&#13;&#10;import com.google.gson.JsonParseException;&#13;&#10;import com.google.gson.JsonSyntaxException;&#13;&#10;&#13;&#10;import dataModels.Account;&#13;&#10;import database.DatabaseInterface;&#13;&#10;import database.ResponseObject;&#13;&#10;import database.DatabaseInterface.DatabaseInterfaceException;&#13;&#10;&#13;&#10;/**&#13;&#10; * The main logic for authentication to the web service. Other than the logic for&#13;&#10; * authentication, the work done by the service is determined by the the delegate&#13;&#10; * provided at creation.&#13;&#10; * &#13;&#10; * @author dddurand&#13;&#10; *&#13;&#10; */&#13;&#10;public class SecureService {&#13;&#10;&#13;&#10;&#9;private ServiceDelegate service;&#13;&#10;&#9;&#13;&#10;&#9;private Gson gson;&#13;&#10;&#9;private DatabaseInterface dbInterface;&#13;&#10;&#9;&#13;&#10;&#9;/**&#13;&#10;&#9; * General Constructor&#13;&#10;&#9; * &#13;&#10;&#9; * @param delegate The workhorse of the function, providing the main functionality.&#13;&#10;&#9; * @param gson The object to serialize/deserialize JSON&#13;&#10;&#9; * @param dbInterface The main interface to the database&#13;&#10;&#9; */&#13;&#10;&#9;public SecureService(ServiceDelegate delegate, Gson gson, DatabaseInterface dbInterface)&#13;&#10;&#9;{&#13;&#10;&#9;&#9;this.service = delegate;&#13;&#10;&#9;&#9;this.gson = gson;&#13;&#10;&#9;&#9;this.dbInterface = dbInterface;&#13;&#10;&#9;}&#13;&#10;&#9;&#13;&#10;&#9;/**&#13;&#10;&#9; * Getter for the GSON object&#13;&#10;&#9; * &#13;&#10;&#9; * @return&#13;&#10;&#9; */&#13;&#10;&#9;protected Gson getGson()&#13;&#10;&#9;{&#13;&#10;&#9;&#9;return this.gson;&#13;&#10;&#9;}&#13;&#10;&#9;&#13;&#10;&#9;/**&#13;&#10;&#9; * Getter for the databaseInterface&#13;&#10;&#9; * @return&#13;&#10;&#9; */&#13;&#10;&#9;protected DatabaseInterface getdbInterface()&#13;&#10;&#9;{&#13;&#10;&#9;&#9;return this.dbInterface;&#13;&#10;&#9;}&#13;&#10;&#9;&#13;&#10;&#9;/**&#13;&#10;&#9; * Given request data containing JSON with a valid account username and auth token,&#13;&#10;&#9; * this function will call the delegates auth function. This will be overwritten&#13;&#10;&#9; * in delegate to provide the desired functionality, that should only occur when a &#13;&#10;&#9; * valid username and auth token is valid.&#13;&#10;&#9; * &#13;&#10;&#9; * On Failure the user will be informed.&#13;&#10;&#9; * Ex Failure: {&quot;Success&quot;:&quot;FALSE&quot;,&quot;Message&quot;:&quot;Invalid Username \u0026 Authentication Token&quot;}&#13;&#10;&#9; * &#13;&#10;&#9; * @param requestData&#13;&#10;&#9; * @return JSON data&#13;&#10;&#9; */&#13;&#10;&#9;public final String authSecuredProcess(String postData)&#13;&#10;&#9;{&#13;&#10;&#9;&#9;&#9;try&#13;&#10;&#9;&#9;&#9;{&#13;&#10;&#9;&#9;&#9;&#9;//Pull the account information out of the json&#13;&#10;&#9;&#9;&#9;&#9;Account account = gson.fromJson(postData, Account.class);&#13;&#10;&#9;&#9;&#9;&#9;&#13;&#10;&#9;&#9;&#9;&#9;//empty username&#13;&#10;&#9;&#9;&#9;&#9;if(account == null || account.getUsername()==null || account.getUsername().isEmpty())&#13;&#10;&#9;&#9;&#9;&#9;{&#13;&#10;&#9;&#9;&#9;&#9;&#9;return generateError(&quot;Invalid username&quot;, Codes.INVALID_USERNAME);&#13;&#10;&#9;&#9;&#9;&#9;}&#13;&#10;&#9;&#9;&#9;&#9;&#13;&#10;&#9;&#9;&#9;&#9;//empty auth token&#13;&#10;&#9;&#9;&#9;&#9;if(account.getAuthenticationToken()==null || account.getAuthenticationToken().isEmpty())&#13;&#10;&#9;&#9;&#9;&#9;{&#13;&#10;&#9;&#9;&#9;&#9;&#9;return generateError(&quot;Invalid auth token&quot;, Codes.INVALID_AUTH);&#13;&#10;&#9;&#9;&#9;&#9;}&#13;&#10;&#9;&#9;&#9;&#9;&#13;&#10;&#9;&#9;&#9;&#9;&#13;&#10;&#9;&#9;&#9;&#9;//Get the account with the same username&#13;&#10;&#9;&#9;&#9;&#9;Account accountFromDB = dbInterface.getAccount(account.getUsername());&#13;&#10;&#9;&#9;&#9;&#9;&#13;&#10;&#9;&#9;&#9;&#9;//No account was found for given username&#13;&#10;&#9;&#9;&#9;&#9;if(accountFromDB == null)&#13;&#10;&#9;&#9;&#9;&#9;{&#13;&#10;&#9;&#9;&#9;&#9;&#9;return generateUsernameNotFoundError();&#13;&#10;&#9;&#9;&#9;&#9;} &#13;&#10;&#9;&#9;&#9;&#9;//Valid account&#13;&#10;&#9;&#9;&#9;&#9;else&#13;&#10;&#9;&#9;&#9;&#9;{&#9;&#13;&#10;&#9;&#9;&#9;&#9;&#9;&#13;&#10;&#9;&#9;&#9;&#9;&#9;//Account login valid&#13;&#10;&#9;&#9;&#9;&#9;&#9;if(accountFromDB.compareAuthenticated(account))&#13;&#10;&#9;&#9;&#9;&#9;&#9;{&#13;&#10;&#9;&#9;&#9;&#9;&#9;&#9;return service.applyAuthProcess(accountFromDB, postData);&#13;&#10;&#9;&#9;&#9;&#9;&#9;}&#13;&#10;&#9;&#9;&#9;&#9;&#9;//Invalid username/password combo&#13;&#10;&#9;&#9;&#9;&#9;&#9;else&#13;&#10;&#9;&#9;&#9;&#9;&#9;{&#13;&#10;&#9;&#9;&#9;&#9;&#9;&#9;return generateInvalidAuthError();&#13;&#10;&#9;&#9;&#9;&#9;&#9;}&#13;&#10;&#9;&#9;&#9;&#9;}&#13;&#10;&#9;&#9;&#9;&#9;&#13;&#10;&#9;&#9;&#9;&#9;&#13;&#10;&#9;&#9;&#9;} catch (DatabaseInterfaceException e) {&#13;&#10;&#9;&#9;&#9;&#9;return generateError(e.getMessage(), e.getCode());&#13;&#10;&#9;&#9;&#9;}&#13;&#10;&#9;&#9;&#9;catch (JsonSyntaxException e)&#13;&#10;&#9;&#9;&#9;{&#13;&#10;&#9;&#9;&#9;&#9;return generateInvalidDataError();&#13;&#10;&#9;&#9;&#9;}&#13;&#10;&#9;&#9;&#9;catch (JsonParseException e)&#13;&#10;&#9;&#9;&#9;{&#13;&#10;&#9;&#9;&#9;&#9;return generateInvalidDataError();&#13;&#10;&#9;&#9;&#9;}&#13;&#10;&#9;}&#13;&#10;&#9;&#13;&#10;&#9;/**&#13;&#10;&#9; * Given request data containing JSON with a valid account username and password,&#13;&#10;&#9; * this function will call the delegates login function. This will be overwritten&#13;&#10;&#9; * in delegate to provide the desired functionality, that should only occur when a &#13;&#10;&#9; * valid username and password is valid.&#13;&#10;&#9; * &#13;&#10;&#9; * On Failure the user will be informed.&#13;&#10;&#9; * Ex Failure: {&quot;Success&quot;:&quot;FALSE&quot;,&quot;Message&quot;:&quot;Invalid Username \u0026 Authentication Token&quot;}&#13;&#10;&#9; * &#13;&#10;&#9; * @param requestData&#13;&#10;&#9; * @return JSON data&#13;&#10;&#9; */&#13;&#10;&#9;public final String loginSecuredProcess(String postData)&#13;&#10;&#9;{&#13;&#10;&#9;&#9;try&#13;&#10;&#9;&#9;{&#13;&#10;&#9;&#9;&#9;//Load account from post data&#13;&#10;&#9;&#9;&#9;Account account = gson.fromJson(postData, Account.class);&#13;&#10;&#9;&#9;&#9;&#13;&#10;&#9;&#9;&#9;&#13;&#10;&#9;&#9;&#9;&#13;&#10;&#9;&#9;&#9;//empty username&#13;&#10;&#9;&#9;&#9;if(account == null || account.getUsername()==null || account.getUsername().isEmpty())&#13;&#10;&#9;&#9;&#9;{&#13;&#10;&#9;&#9;&#9;&#9;return generateError(&quot;Invalid username&quot;, Codes.INVALID_USERNAME);&#13;&#10;&#9;&#9;&#9;}&#13;&#10;&#9;&#9;&#9;&#13;&#10;&#9;&#9;&#9;//empty password&#13;&#10;&#9;&#9;&#9;if(account.getPassword()==null || account.getPassword().isEmpty())&#13;&#10;&#9;&#9;&#9;{&#13;&#10;&#9;&#9;&#9;&#9;return generateError(&quot;Invalid password&quot;, Codes.INVALID_PASSWORD);&#13;&#10;&#9;&#9;&#9;}&#13;&#10;&#9;&#9;&#9;&#13;&#10;&#9;&#9;&#9;//get account from database&#13;&#10;&#9;&#9;&#9;Account accountFromDB = dbInterface.getAccount(account.getUsername());&#13;&#10;&#9;&#9;&#9;&#13;&#10;&#9;&#9;&#9;//No Valid Account&#13;&#10;&#9;&#9;&#9;if(accountFromDB == null)&#13;&#10;&#9;&#9;&#9;{&#13;&#10;&#9;&#9;&#9;&#9;ResponseObject response = new ResponseObject(false, &quot;User Not Found&quot;, Codes.NO_ACCOUNT);&#13;&#10;&#9;&#9;&#9;&#9;return gson.toJson(response, ResponseObject.class);&#13;&#10;&#9;&#9;&#9;} &#13;&#10;&#9;&#9;&#9;//Valid account&#13;&#10;&#9;&#9;&#9;else&#13;&#10;&#9;&#9;&#9;{&#13;&#10;&#9;&#9;&#9;&#9;//Account login valid&#13;&#10;&#9;&#9;&#9;&#9;if(accountFromDB.compareLogin(account))&#13;&#10;&#9;&#9;&#9;&#9;{&#13;&#10;&#9;&#9;&#9;&#9;&#9;return this.service.applyLoginProcess(accountFromDB, postData);&#13;&#10;&#9;&#9;&#9;&#9;}&#13;&#10;&#9;&#9;&#9;&#9;//Invalid username/password combo&#13;&#10;&#9;&#9;&#9;&#9;else&#13;&#10;&#9;&#9;&#9;&#9;{&#13;&#10;&#9;&#9;&#9;&#9;&#9;return generateInvalidLoginError();&#13;&#10;&#9;&#9;&#9;&#9;}&#13;&#10;&#9;&#9;&#9;}&#13;&#10;&#9;&#9;&#9;&#13;&#10;&#9;&#9;&#9;&#13;&#10;&#9;&#9;} catch (DatabaseInterfaceException e) {&#13;&#10;&#9;&#9;&#9;return generateError(e.getMessage(), e.getCode());&#13;&#10;&#9;&#9;}&#13;&#10;&#9;&#9;catch (JsonSyntaxException e)&#13;&#10;&#9;&#9;{&#13;&#10;&#9;&#9;&#9;return generateInvalidDataError();&#13;&#10;&#9;&#9;}&#13;&#10;&#9;&#9;catch (JsonParseException e)&#13;&#10;&#9;&#9;{&#13;&#10;&#9;&#9;&#9;return generateInvalidDataError();&#13;&#10;&#9;&#9;}&#13;&#10;&#9;}&#13;&#10;&#9;&#13;&#10;&#9;/**&#13;&#10;&#9; * Does not explicitly checks for any auth verification.&#13;&#10;&#9; * The call is simply passed on to the delegate, once the account&#13;&#10;&#9; * provided is determined.&#13;&#10;&#9; * &#13;&#10;&#9; * @param postData Data passed to the web service.&#13;&#10;&#9; * @return&#13;&#10;&#9; */&#13;&#10;&#9;public final String unsecuredProcess(String postData)&#13;&#10;&#9;{&#13;&#10;&#9;&#9;try&#13;&#10;&#9;&#9;{&#13;&#10;&#9;&#9;&#9;//Load account from post data&#13;&#10;&#9;&#9;&#9;Account account = gson.fromJson(postData, Account.class);&#13;&#10;&#9;&#9;&#9;&#13;&#10;&#9;&#9;&#9;if(account == null) return generateError(&quot;Invalid Username Provided&quot;, Codes.INVALID_USERNAME);&#13;&#10;&#9;&#9;&#9;&#13;&#10;&#9;&#9;&#9;&#13;&#10;&#9;&#9;&#9;return this.service.unsecureProcess(account, postData);&#13;&#10;&#9;&#9;&#9;&#13;&#10;&#9;&#9;} catch (DatabaseInterfaceException e) {&#13;&#10;&#9;&#9;&#9;return generateError(e.getMessage(), e.getCode());&#13;&#10;&#9;&#9;}&#13;&#10;&#9;&#9;catch (JsonSyntaxException e)&#13;&#10;&#9;&#9;{&#13;&#10;&#9;&#9;&#9;return generateInvalidDataError();&#13;&#10;&#9;&#9;}&#13;&#10;&#9;&#9;catch (JsonParseException e)&#13;&#10;&#9;&#9;{&#13;&#10;&#9;&#9;&#9;return generateInvalidDataError();&#13;&#10;&#9;&#9;}&#13;&#10;&#9;}&#13;&#10;&#9;&#13;&#10;&#9;/**&#13;&#10;&#9; * Returns the error for the case when a username has no matching account&#13;&#10;&#9; * @return&#13;&#10;&#9; */&#13;&#10;&#9;private String generateUsernameNotFoundError()&#13;&#10;&#9;{&#13;&#10;&#9;&#9;return generateError(&quot;The provided username is not registered.&quot;, Codes.NO_ACCOUNT);&#13;&#10;&#9;}&#13;&#10;&#9;&#13;&#10;&#9;/**&#13;&#10;&#9; * Returns the error when a username/password pair is invalid.&#13;&#10;&#9; * @return&#13;&#10;&#9; */&#13;&#10;&#9;private String generateInvalidLoginError()&#13;&#10;&#9;{&#13;&#10;&#9;&#9;return generateError(&quot;Invalid Login.&quot;, Codes.INVALID_LOGIN);&#13;&#10;&#9;}&#13;&#10;&#9;&#13;&#10;&#9;/**&#13;&#10;&#9; * Returns the error used when an username/auth is invalid.&#13;&#10;&#9; * @return&#13;&#10;&#9; */&#13;&#10;&#9;private String generateInvalidAuthError()&#13;&#10;&#9;{&#13;&#10;&#9;&#9;return generateError(&quot;The provided authtoken and username is invalid.&quot;, Codes.NOT_AUTHED);&#13;&#10;&#9;}&#13;&#10;&#9;&#13;&#10;&#9;/**&#13;&#10;&#9; * Returns the error used when the data provided is invalid.&#13;&#10;&#9; * @return&#13;&#10;&#9; */&#13;&#10;&#9;protected String generateInvalidDataError()&#13;&#10;&#9;{&#13;&#10;&#9;&#9;return generateError(&quot;Invalid post data.&quot;, Codes.INVALID_DATA);&#13;&#10;&#9;}&#13;&#10;&#9;&#13;&#10;&#9;/**&#13;&#10;&#9; * Returns and error&#13;&#10;&#9; * &#13;&#10;&#9; * @param message&#13;&#10;&#9; * @return&#13;&#10;&#9; */&#13;&#10;&#9;protected String generateError(String message, int code)&#13;&#10;&#9;{&#13;&#10;&#9;&#9;ResponseObject response = new ResponseObject(false, message, code);&#13;&#10;&#9;&#9;return gson.toJson(response, ResponseObject.class);&#13;&#10;&#9;}&#13;&#10;&#9;&#13;&#10;&#9;/**&#13;&#10;&#9; * Clean up method for the service.&#13;&#10;&#9; * All actions made on this object after calling this method is undefined.&#13;&#10;&#9; * &#13;&#10;&#9; */&#13;&#10;&#9;public void close()&#13;&#10;&#9;{&#13;&#10;&#9;&#9;this.service.close();&#13;&#10;&#9;}&#13;&#10;&#9;&#13;&#10;}&#13;&#10;" Filename="SecureService.java" Intrnl_Id="20"/>
<SrcFile Content="package services;&#13;&#10;&#13;&#10;import util.Codes;&#13;&#10;&#13;&#10;import com.google.gson.Gson;&#13;&#10;&#13;&#10;import dataModels.Account;&#13;&#10;import database.DatabaseInterface;&#13;&#10;import database.DatabaseInterface.DatabaseInterfaceException;&#13;&#10;import database.ResponseObject;&#13;&#10;&#13;&#10;/**&#13;&#10; * The ServiceDelegate extension that deals with the process of creating new accounts.&#13;&#10; * &#13;&#10; * @author dddurand&#13;&#10; *&#13;&#10; */&#13;&#10;public class RegisterDelegate extends ServiceDelegate{&#13;&#10;&#13;&#10;&#9;/**&#13;&#10;&#9; * General Constructor&#13;&#10;&#9; * &#13;&#10;&#9; * @param gson The gson object to be used to convert from / to JSON strings.&#13;&#10;&#9; * @param dbInterface The interface to the external database.&#13;&#10;&#9; */&#13;&#10;&#9;public RegisterDelegate(Gson gson, DatabaseInterface dbInterface) {&#13;&#10;&#9;&#9;super(gson, dbInterface);&#13;&#10;&#9;}&#13;&#10;&#13;&#10;&#9;/**&#13;&#10;&#9; * The process used to generate a new account for the webservice&#13;&#10;&#9; */&#13;&#10;&#9;@Override&#13;&#10;&#9;public String unsecureProcess(Account account, String postData)&#13;&#10;&#9;&#9;&#9;throws DatabaseInterfaceException {&#13;&#10;&#9;&#9;&#9;&#13;&#10;&#9;&#9;&#9;if(account.getUsername() == null || account.getUsername().isEmpty())&#13;&#10;&#9;&#9;&#9;{&#13;&#10;&#9;&#9;&#9;&#9;ResponseObject response = new ResponseObject(false, &quot;Invalid Username Provided&quot;, Codes.INVALID_USERNAME);&#13;&#10;&#9;&#9;&#9;&#9;return gson.toJson(response, ResponseObject.class);&#13;&#10;&#9;&#9;&#9;}&#13;&#10;&#9;&#9;&#9;&#13;&#10;&#9;&#9;&#9;if(account.getPassword() == null || account.getPassword().isEmpty())&#13;&#10;&#9;&#9;&#9;{&#13;&#10;&#9;&#9;&#9;&#9;ResponseObject response = new ResponseObject(false, &quot;Invalid Password Provided&quot;, Codes.INVALID_PASSWORD);&#13;&#10;&#9;&#9;&#9;&#9;return gson.toJson(response, ResponseObject.class);&#13;&#10;&#9;&#9;&#9;}&#13;&#10;&#9;&#9;&#9;&#13;&#10;&#9;&#9;&#9;if(dbInterface.isDuplicateUsername(account.getUsername()))&#13;&#10;&#9;&#9;&#9;{&#13;&#10;&#9;&#9;&#9;&#9;ResponseObject response = new ResponseObject(false, &quot;Username already in use.&quot;, Codes.DUPLICATE_USERNAME);&#13;&#10;&#9;&#9;&#9;&#9;return gson.toJson(response, ResponseObject.class);&#13;&#10;&#9;&#9;&#9;}&#13;&#10;&#9;&#9;&#9;&#13;&#10;&#9;&#9;&#9;dbInterface.addAccount(account);&#13;&#10;&#9;&#9;&#9;ResponseObject response = new ResponseObject(true, ResponseObject.SUCCESS, Codes.SUCCESS);&#13;&#10;&#9;&#9;&#9;return gson.toJson(response, ResponseObject.class);&#13;&#10;&#9;&#9;&#13;&#10;&#9;}&#13;&#10;&#13;&#10;}&#13;&#10;" Filename="RegisterDelegate.java" Intrnl_Id="21"/>
<SrcFile Content="package services;&#13;&#10;&#13;&#10;import java.util.ArrayList;&#13;&#10;&#13;&#10;import util.Codes;&#13;&#10;&#13;&#10;import com.google.gson.Gson;&#13;&#10;&#13;&#10;import dataModels.Account;&#13;&#10;import dataModels.Filter;&#13;&#10;import dataModels.PersonalStatistics;&#13;&#10;import dataModels.RankingStatistics;&#13;&#10;import dataModels.RankingStatistics.RankedDataRow;&#13;&#10;import database.DatabaseInterface;&#13;&#10;import database.DatabaseInterface.DatabaseInterfaceException;&#13;&#10;import database.ResponseObject;&#13;&#10;&#13;&#10;public class RankingStatisticsDelegate extends ServiceDelegate{&#13;&#10;&#13;&#10;&#9;public RankingStatisticsDelegate(Gson gson, DatabaseInterface dbInterface) {&#13;&#10;&#9;&#9;super(gson, dbInterface);&#13;&#10;&#9;&#9;// TODO Auto-generated constructor stub&#13;&#10;&#9;}&#13;&#10;&#9;&#13;&#10;&#9;/**&#13;&#10;&#9; * Processes data in the database, and returns an ordered list of users&#13;&#10;&#9; * based on a ranking value.&#13;&#10;&#9; * &#13;&#10;&#9; * &#13;&#10;&#9; */&#13;&#10;&#9;@Override&#13;&#10;&#9;public String applyAuthProcess(Account postAccount, String postData)&#13;&#10;&#9;&#9;&#9;throws DatabaseInterfaceException {&#13;&#10;&#13;&#10;&#9;&#9;Filter filter = gson.fromJson(postData, Filter.class);&#13;&#10;&#9;&#9;&#13;&#10;&#9;&#9;ArrayList&lt;RankedDataRow&gt; rankData = dbInterface.getRankedUsers(filter);&#13;&#10;&#13;&#10;&#9;&#9;PersonalStatistics personalStats = new PersonalStatistics(postAccount, dbInterface, filter);&#13;&#10;&#9;&#9;RankedDataRow myRankData = personalStats.getMyRating();&#13;&#10;&#9;&#9;&#13;&#10;&#9;&#9;RankingStatistics statistics = new RankingStatistics(rankData, myRankData);&#13;&#10;&#9;&#9;&#13;&#10;&#9;&#9;ResponseObject responseObject = new ResponseObject(true, &quot;Ranking Results&quot;, Codes.SUCCESS);&#13;&#10;&#9;&#9;responseObject.setRankingStatistics(statistics);&#13;&#10;&#9;&#9;&#13;&#10;&#9;&#9;String result = gson.toJson(responseObject);&#13;&#10;&#9;&#9;&#13;&#10;&#9;&#9;return result;&#13;&#10;&#13;&#10;&#9;}&#13;&#10;&#13;&#10;&#13;&#10;}&#13;&#10;" Filename="RankingStatisticsDelegate.java" Intrnl_Id="22"/>
<SrcFile Content="package services;&#13;&#10;&#13;&#10;import util.Codes;&#13;&#10;&#13;&#10;import com.google.gson.Gson;&#13;&#10;&#13;&#10;import dataModels.Account;&#13;&#10;import dataModels.Filter;&#13;&#10;import dataModels.PersonalStatistics;&#13;&#10;import database.DatabaseInterface;&#13;&#10;import database.DatabaseInterface.DatabaseInterfaceException;&#13;&#10;import database.ResponseObject;&#13;&#10;&#13;&#10;/**&#13;&#10; * This delegate facilitates the creation of the personal statistics from the&#13;&#10; * data contained in the database.&#13;&#10; * &#13;&#10; * @author dddurand&#13;&#10; *&#13;&#10; */&#13;&#10;public class PersonalStatisticsDelegate extends ServiceDelegate {&#13;&#10;&#13;&#10;&#9;public PersonalStatisticsDelegate(Gson gson, DatabaseInterface dbInterface) {&#13;&#10;&#9;&#9;super(gson, dbInterface);&#13;&#10;&#9;&#9;// TODO Auto-generated constructor stub&#13;&#10;&#9;}&#13;&#10;&#13;&#10;&#9;/**&#13;&#10;&#9; * Processes data in the database into a series of person statistics&#13;&#10;&#9; * &#13;&#10;&#9; */&#13;&#10;&#9;@Override&#13;&#10;&#9;public String applyAuthProcess(Account postAccount, String postData)&#13;&#10;&#9;&#9;&#9;throws DatabaseInterfaceException {&#13;&#10;&#13;&#10;&#9;&#9;Filter filter = gson.fromJson(postData, Filter.class);&#13;&#10;&#9;&#9;&#13;&#10;&#9;&#9;PersonalStatistics stat = new PersonalStatistics(postAccount, dbInterface, filter);&#13;&#10;&#9;&#9;stat.generateAllStatistics();&#13;&#10;&#13;&#10;&#9;&#9;ResponseObject response = new ResponseObject(true, &quot;SUCCESS&quot;, Codes.SUCCESS);&#13;&#10;&#9;&#9;response.setPersonalStatistics(stat);&#13;&#10;&#13;&#10;&#9;&#9;return gson.toJson(response, ResponseObject.class);&#13;&#10;&#13;&#10;&#9;}&#13;&#10;}&#13;&#10;" Filename="PersonalStatisticsDelegate.java" Intrnl_Id="23"/>
<SrcFile Content="package services;&#13;&#10;&#13;&#10;import util.Codes;&#13;&#10;&#13;&#10;import com.google.gson.Gson;&#13;&#10;&#13;&#10;import dataModels.Account;&#13;&#10;import database.DatabaseInterface;&#13;&#10;import database.DatabaseInterface.DatabaseInterfaceException;&#13;&#10;import database.ResponseObject;&#13;&#10;&#13;&#10;&#13;&#10;/**&#13;&#10; * The ServiceDelegate extension that deals with the process of logging out a user,&#13;&#10; * through the invalidation/removal of the current authentication token for the account.&#13;&#10; * &#13;&#10; * @author dddurand&#13;&#10; *&#13;&#10; */&#13;&#10;public class LogoutDelegate extends ServiceDelegate{&#13;&#10;&#13;&#10;&#9;/**&#13;&#10;&#9; * General Constructor&#13;&#10;&#9; * @param gson&#13;&#10;&#9; * @param dbInterface&#13;&#10;&#9; */&#13;&#10;&#9;public LogoutDelegate(Gson gson, DatabaseInterface dbInterface) {&#13;&#10;&#9;&#9;super(gson, dbInterface);&#13;&#10;&#9;}&#13;&#10;&#13;&#10;&#9;/**&#13;&#10;&#9; * The process that invalidates the current account's auth token.&#13;&#10;&#9; */&#13;&#10;&#9; @Override&#13;&#10;&#9;public String applyAuthProcess(Account postAccount, String postData)&#13;&#10;&#9;&#9;&#9;throws DatabaseInterfaceException {&#13;&#10;&#9;&#9; dbInterface.invalidateAuth(postAccount.getUsername());&#13;&#10;&#9;&#9;&#9;ResponseObject response = new ResponseObject(true, ResponseObject.SUCCESS, Codes.SUCCESS);&#13;&#10;&#9;&#9;&#9;return gson.toJson(response, ResponseObject.class);&#13;&#10;&#9;}&#13;&#10;&#13;&#10;}" Filename="LogoutDelegate.java" Intrnl_Id="24"/>
<SrcFile Content="package services;&#13;&#10;&#13;&#10;import java.util.UUID;&#13;&#10;&#13;&#10;import util.Codes;&#13;&#10;&#13;&#10;import com.google.gson.Gson;&#13;&#10;&#13;&#10;import dataModels.Account;&#13;&#10;import database.DatabaseInterface;&#13;&#10;import database.ResponseObject;&#13;&#10;import database.DatabaseInterface.DatabaseInterfaceException;&#13;&#10;&#13;&#10;/**&#13;&#10; * The ServiceDelegate extension that deals with the process of loggin in users,&#13;&#10; * through the generation of new authentication tokens.&#13;&#10; * &#13;&#10; * @author dddurand&#13;&#10; *&#13;&#10; */&#13;&#10;public class LoginDelegate extends ServiceDelegate{&#13;&#10;&#13;&#10;&#9;/**&#13;&#10;&#9; * General Constructor&#13;&#10;&#9; * &#13;&#10;&#9; * @param gson&#13;&#10;&#9; * @param dbInterface&#13;&#10;&#9; */&#13;&#10;&#9;public LoginDelegate(Gson gson, DatabaseInterface dbInterface) {&#13;&#10;&#9;&#9;super(gson, dbInterface);&#13;&#10;&#9;}&#13;&#10;&#13;&#10;&#9;/**&#13;&#10;&#9; * Starts the process of logging in the provided account.&#13;&#10;&#9; */&#13;&#10;&#9;@Override&#13;&#10;&#9;public String applyLoginProcess(Account account, String postData)&#13;&#10;&#9;&#9;&#9;throws DatabaseInterfaceException {&#13;&#10;&#9;&#9;&#13;&#10;&#9;&#9;String authToken = generateAuthenticationToken(account);&#13;&#10;&#9;&#9;&#13;&#10;&#9;&#9;ResponseObject response = new ResponseObject(true, ResponseObject.SUCCESS, Codes.SUCCESS);&#13;&#10;&#9;&#9;response.setAuthenticationToken(authToken);&#13;&#10;&#9;&#9;return gson.toJson(response, ResponseObject.class);&#13;&#10;&#9;}&#13;&#10;&#9;&#13;&#10;&#9;/**&#13;&#10;&#9; * Generates a unique authentication token for a given account, and stores it to the database.&#13;&#10;&#9; * &#13;&#10;&#9; * @param account Account to tie the new authToken to.&#13;&#10;&#9; * @return The AuthToken Generated&#13;&#10;&#9; * @throws DatabaseInterfaceException&#13;&#10;&#9; */&#13;&#10;&#9;private String generateAuthenticationToken(Account account) throws DatabaseInterfaceException&#13;&#10;&#9;{&#13;&#10;&#9;&#9;String authToken = UUID.randomUUID().toString();&#13;&#10;&#9;&#9;&#13;&#10;&#9;&#9;dbInterface.setAuth(account.getUsername(), authToken);&#13;&#10;&#9;&#9;&#13;&#10;&#9;&#9;return authToken;&#13;&#10;&#9;}&#13;&#10;&#9;&#13;&#10;}&#13;&#10;" Filename="LoginDelegate.java" Intrnl_Id="25"/>
<SrcFile Content="package services;&#13;&#10;&#13;&#10;import util.Codes;&#13;&#10;&#13;&#10;import com.google.gson.Gson;&#13;&#10;&#13;&#10;import dataModels.Account;&#13;&#10;import dataModels.CommunityStatistics;&#13;&#10;import dataModels.Filter;&#13;&#10;import database.DatabaseInterface;&#13;&#10;import database.DatabaseInterface.DatabaseInterfaceException;&#13;&#10;import database.ResponseObject;&#13;&#10;&#13;&#10;/**&#13;&#10; * This delegate facilitates the creation of the community statistics from the&#13;&#10; * data contained in the database.&#13;&#10; * &#13;&#10; * @author dddurand&#13;&#10; *&#13;&#10; */&#13;&#10;public class CommunityStatisticsDelegate extends ServiceDelegate {&#13;&#10;&#13;&#10;&#9;public CommunityStatisticsDelegate(Gson gson, DatabaseInterface dbInterface) {&#13;&#10;&#9;&#9;super(gson, dbInterface);&#13;&#10;&#9;&#9;// TODO Auto-generated constructor stub&#13;&#10;&#9;}&#13;&#10;&#13;&#10;&#9;/**&#13;&#10;&#9; * Processes data in the database into a series of person statistics&#13;&#10;&#9; * &#13;&#10;&#9; */&#13;&#10;&#9;@Override&#13;&#10;&#9;public String applyAuthProcess(Account postAccount, String postData)&#13;&#10;&#9;&#9;&#9;throws DatabaseInterfaceException {&#13;&#10;&#13;&#10;&#9;&#9;Filter filter = gson.fromJson(postData, Filter.class);&#13;&#10;&#9;&#9;&#13;&#10;&#9;&#9;CommunityStatistics stat = new CommunityStatistics(dbInterface, filter);&#13;&#10;&#9;&#9;stat.generateAllStatistics();&#13;&#10;&#13;&#10;&#9;&#9;ResponseObject response = new ResponseObject(true, &quot;SUCCESS&quot;, Codes.SUCCESS);&#13;&#10;&#9;&#9;response.setCommunityStatistics(stat);&#13;&#10;&#13;&#10;&#9;&#9;return gson.toJson(response, ResponseObject.class);&#13;&#10;&#13;&#10;&#9;}&#13;&#10;}&#13;&#10;" Filename="CommunityStatisticsDelegate.java" Intrnl_Id="26"/>
<SrcFile Content="package services;&#13;&#10;&#13;&#10;import java.util.UUID;&#13;&#10;&#13;&#10;import javax.servlet.ServletException;&#13;&#10;&#13;&#10;import com.google.gson.Gson;&#13;&#10;import com.google.gson.GsonBuilder;&#13;&#10;import com.google.gson.JsonSyntaxException;&#13;&#10;&#13;&#10;import dataModels.Account;&#13;&#10;import database.DatabaseInterface;&#13;&#10;import database.DatabaseInterface.DatabaseInterfaceException;&#13;&#10;import database.DatabaseTest;&#13;&#10;import database.ResponseObject;&#13;&#10;&#13;&#10;/**&#13;&#10; * The OLD service that deals with the authentication for the webservice,&#13;&#10; * including registration, login, and logout.&#13;&#10; * &#13;&#10; * The service also generates the auth tokens for account.&#13;&#10; * &#13;&#10; * THIS OBJECT IS NO LONGER IN USE, OTHER THAN FOR THE DATABASE TEST&#13;&#10; * THAT IS TRIGGERED BY A GET TO THE LOGIN SERVLET&#13;&#10; * &#13;&#10; * @author dddurand&#13;&#10; *&#13;&#10; */&#13;&#10;public class AuthenticationService {&#13;&#10;&#13;&#10;&#9;private DatabaseInterface dbInterface;&#13;&#10;&#9;private Gson gson;&#13;&#10;&#9;&#13;&#10;&#9;/**&#13;&#10;&#9; * General constructor&#13;&#10;&#9; * &#13;&#10;&#9; * @throws ServletException&#13;&#10;&#9; */&#13;&#10;&#9;public AuthenticationService() throws ServletException&#13;&#10;&#9;{ &#13;&#10;&#9;&#9;try {&#13;&#10;&#9;&#9;&#9;//Generate GSON builder with additional custom add-ons needed for custom serialization&#13;&#10;&#9;&#9;&#9;GsonBuilder gsonBuilder = new GsonBuilder();&#13;&#10;&#9;&#9;&#9;gsonBuilder.registerTypeAdapter(ResponseObject.class, new ResponseObject.ResponseSerializer());&#13;&#10;&#9;&#9;&#9;gson = gsonBuilder.create();&#13;&#10;&#9;&#9;&#9;&#13;&#10;&#9;&#9;&#9;dbInterface = new DatabaseInterface();&#13;&#10;&#9;&#9;} catch (DatabaseInterfaceException e) {&#13;&#10;&#9;&#9;&#9;//@TODO Generate Error JSON of some kind&#13;&#10;&#9;&#9;&#9;throw new ServletException(e);&#13;&#10;&#9;&#9;}&#13;&#10;&#9;}&#13;&#10;&#9;&#13;&#10;&#9;&#13;&#10;&#9;public String testDatabaseConnection()&#13;&#10;&#9;{&#13;&#10;&#9;&#9;String result = DatabaseTest.Test();&#13;&#10;&#9;&#9;dbInterface.close();&#13;&#10;&#9;&#9;return result;&#13;&#10;&#9;&#9;&#13;&#10;&#9;}&#13;&#10;&#13;&#10;&#9;&#13;&#10;}&#13;&#10;" Filename="AuthenticationService.java" Intrnl_Id="27"/>
<SrcFile Content="package database;&#13;&#10;&#13;&#10;import java.lang.reflect.Type;&#13;&#10;import java.util.ArrayList;&#13;&#10;&#13;&#10;import com.google.gson.JsonArray;&#13;&#10;import com.google.gson.JsonElement;&#13;&#10;import com.google.gson.JsonObject;&#13;&#10;import com.google.gson.JsonPrimitive;&#13;&#10;import com.google.gson.JsonSerializationContext;&#13;&#10;import com.google.gson.JsonSerializer;&#13;&#10;&#13;&#10;import dataModels.CommunityStatistics;&#13;&#10;import dataModels.PersonalStatistics;&#13;&#10;import dataModels.RankingStatistics;&#13;&#10;&#13;&#10;/**&#13;&#10; * The object used to generate the JSON response from a webservice call.&#13;&#10; * &#13;&#10; * @author dddurand&#13;&#10; *&#13;&#10; */&#13;&#10;public class ResponseObject {&#13;&#10;&#13;&#10;&#9;public final static String SUCCESS = &quot;TRUE&quot;;&#13;&#10;&#9;public final static String FAILURE = &quot;FALSE&quot;;&#13;&#10;&#9;&#13;&#10;&#9;private boolean success;&#13;&#10;&#9;private String message;&#13;&#10;&#9;private int code;&#13;&#10;&#9;private ArrayList&lt;String&gt; uploadGameSuccess;&#13;&#10;&#9;private ArrayList&lt;Integer&gt; uploadMiscSuccess;&#13;&#10;&#9;private PersonalStatistics personalStatistics;&#13;&#10;&#9;private RankingStatistics rankingStatistics;&#13;&#10;&#9;private CommunityStatistics communityStatistics;&#13;&#10;&#9;&#13;&#10;&#9;private String authenticationToken;&#13;&#10;&#9;&#13;&#10;&#9;/**&#13;&#10;&#9; * Generic Constructor&#13;&#10;&#9; * For GSON&#13;&#10;&#9; */&#13;&#10;&#9;public ResponseObject() { }&#13;&#10;&#9;&#13;&#10;&#9;/**&#13;&#10;&#9; * Standard Constructor&#13;&#10;&#9; * &#13;&#10;&#9; * @param success Represents if the operation was successful or not.&#13;&#10;&#9; * @param message A message detailing errors, or general messages.&#13;&#10;&#9; */&#13;&#10;&#9;public ResponseObject(boolean success, String message, int code)&#13;&#10;&#9;{&#13;&#10;&#9;&#9;this.success = success;&#13;&#10;&#9;&#9;this.message = message;&#13;&#10;&#9;&#9;this.code = code;&#13;&#10;&#9;}&#13;&#10;&#9;&#13;&#10;&#9;&#13;&#10;&#9;&#13;&#10;&#9;/**&#13;&#10;&#9; * Getter for response code&#13;&#10;&#9; * @return&#13;&#10;&#9; */&#13;&#10;&#9;public int getCode() {&#13;&#10;&#9;&#9;return code;&#13;&#10;&#9;}&#13;&#10;&#13;&#10;&#9;/**&#13;&#10;&#9; * Setter for response code&#13;&#10;&#9; * @return&#13;&#10;&#9; */&#13;&#10;&#9;public void setCode(int code) {&#13;&#10;&#9;&#9;this.code = code;&#13;&#10;&#9;}&#13;&#10;&#13;&#10;&#9;/**&#13;&#10;&#9; * Community stats getter&#13;&#10;&#9; * @return&#13;&#10;&#9; */&#13;&#10;&#9;public CommunityStatistics getCommunityStatistics() {&#13;&#10;&#9;&#9;return communityStatistics;&#13;&#10;&#9;}&#13;&#10;&#13;&#10;&#9;/**&#13;&#10;&#9; * Community stats setter&#13;&#10;&#9; * &#13;&#10;&#9; * @param communityStatistics&#13;&#10;&#9; */&#13;&#10;&#9;public void setCommunityStatistics(CommunityStatistics communityStatistics) {&#13;&#10;&#9;&#9;this.communityStatistics = communityStatistics;&#13;&#10;&#9;}&#13;&#10;&#13;&#10;&#9;/**&#13;&#10;&#9; * Ranking Stats Getter&#13;&#10;&#9; * &#13;&#10;&#9; * @return&#13;&#10;&#9; */&#13;&#10;&#9;public RankingStatistics getRankingStatistics() {&#13;&#10;&#9;&#9;return rankingStatistics;&#13;&#10;&#9;}&#13;&#10;&#13;&#10;&#9;/**&#13;&#10;&#9; * Ranking Statistics Setter&#13;&#10;&#9; * &#13;&#10;&#9; * @param rankingStatistics&#13;&#10;&#9; */&#13;&#10;&#9;public void setRankingStatistics(RankingStatistics rankingStatistics) {&#13;&#10;&#9;&#9;this.rankingStatistics = rankingStatistics;&#13;&#10;&#9;}&#13;&#10;&#13;&#10;&#9;/**&#13;&#10;&#9; * Getter for uploadGameSuccess&#13;&#10;&#9; * @return&#13;&#10;&#9; */&#13;&#10;&#9;public ArrayList&lt;String&gt; getUploadGameSuccess() {&#13;&#10;&#9;&#9;return uploadGameSuccess;&#13;&#10;&#9;}&#13;&#10;&#13;&#10;&#9;/**&#13;&#10;&#9; * Setter for uploadGameSuccess&#13;&#10;&#9; * @return&#13;&#10;&#9; */&#13;&#10;&#9;public void setUploadGameSuccess(ArrayList&lt;String&gt; uploadGameSuccess) {&#13;&#10;&#9;&#9;this.uploadGameSuccess = uploadGameSuccess;&#13;&#10;&#9;}&#13;&#10;&#13;&#10;&#9;/**&#13;&#10;&#9; * Getter for uploadMiscSuccess&#13;&#10;&#9; * @return&#13;&#10;&#9; */&#13;&#10;&#9;public ArrayList&lt;Integer&gt; getUploadMiscSuccess() {&#13;&#10;&#9;&#9;return uploadMiscSuccess;&#13;&#10;&#9;}&#13;&#10;&#13;&#10;&#9;/**&#13;&#10;&#9; * Setter for uploadMiscSuccess&#13;&#10;&#9; * @return&#13;&#10;&#9; */&#13;&#10;&#9;public void setUploadMiscSuccess(ArrayList&lt;Integer&gt; miscUploadResults) {&#13;&#10;&#9;&#9;this.uploadMiscSuccess = miscUploadResults;&#13;&#10;&#9;}&#13;&#10;&#13;&#10;&#9;/**'&#13;&#10;&#9; * Returns success parameter&#13;&#10;&#9; * @return&#13;&#10;&#9; */&#13;&#10;&#9;public boolean isSuccess() {&#13;&#10;&#9;&#9;return success;&#13;&#10;&#9;}&#13;&#10;&#13;&#10;&#9;/**&#13;&#10;&#9; * Sets success parameter&#13;&#10;&#9; * @param success&#13;&#10;&#9; */&#13;&#10;&#9;public void setSuccess(boolean success) {&#13;&#10;&#9;&#9;this.success = success;&#13;&#10;&#9;}&#13;&#10;&#13;&#10;&#9;/**&#13;&#10;&#9; * Returns message parameter&#13;&#10;&#9; * &#13;&#10;&#9; * @return&#13;&#10;&#9; */&#13;&#10;&#9;public String getMessage() {&#13;&#10;&#9;&#9;return message;&#13;&#10;&#9;}&#13;&#10;&#13;&#10;&#9;/**&#13;&#10;&#9; * Sets message parameter&#13;&#10;&#9; * &#13;&#10;&#9; * @param message&#13;&#10;&#9; */&#13;&#10;&#9;public void setMessage(String message) {&#13;&#10;&#9;&#9;this.message = message;&#13;&#10;&#9;}&#13;&#10;&#13;&#10;&#9;/**&#13;&#10;&#9; * Get Auth token parameter&#13;&#10;&#9; * &#13;&#10;&#9; * @return&#13;&#10;&#9; */&#13;&#10;&#9;public String getAuthenticationToken() {&#13;&#10;&#9;&#9;return authenticationToken;&#13;&#10;&#9;}&#13;&#10;&#13;&#10;&#9;/**&#13;&#10;&#9; * Set auth parameter&#13;&#10;&#9; * &#13;&#10;&#9; * @param authenticationToken&#13;&#10;&#9; */&#13;&#10;&#9;public void setAuthenticationToken(String authenticationToken) {&#13;&#10;&#9;&#9;this.authenticationToken = authenticationToken;&#13;&#10;&#9;}&#13;&#10;&#9;&#13;&#10;&#9;/**&#13;&#10;&#9; * Getter for personal stats&#13;&#10;&#9; * &#13;&#10;&#9; * @return&#13;&#10;&#9; */&#13;&#10;&#9;public PersonalStatistics getPersonalStatistics() {&#13;&#10;&#9;&#9;return personalStatistics;&#13;&#10;&#9;}&#13;&#10;&#13;&#10;&#9;/**&#13;&#10;&#9; * Setter for personal stats&#13;&#10;&#9; * &#13;&#10;&#9; * @return&#13;&#10;&#9; */&#13;&#10;&#9;public void setPersonalStatistics(PersonalStatistics personalStatistics) {&#13;&#10;&#9;&#9;this.personalStatistics = personalStatistics;&#13;&#10;&#9;}&#13;&#10;&#13;&#10;&#9;/**&#13;&#10;&#9; * GSON Serializer for the ResponseObject&#13;&#10;&#9; * @author dddurand&#13;&#10;&#9; *&#13;&#10;&#9; */&#13;&#10;&#9;public static class ResponseSerializer implements JsonSerializer&lt;ResponseObject&gt; {&#13;&#10;&#13;&#10;&#9;&#9;/**&#13;&#10;&#9;&#9; * Takes a response object and seralizes it into a JsonElement&#13;&#10;&#9;&#9; */&#13;&#10;&#9;&#9;@Override&#13;&#10;&#9;&#9;public JsonElement serialize(ResponseObject response, Type type,&#13;&#10;&#9;&#9;&#9;&#9;JsonSerializationContext context) &#13;&#10;&#9;&#9;{&#13;&#10;&#9;&#9;&#9;JsonObject jsonObject = new JsonObject();&#13;&#10;&#9;&#9;&#9;String message = response.getMessage();&#13;&#10;&#9;&#9;&#9;String authenticationToken = response.getAuthenticationToken();&#13;&#10;&#9;&#9;&#9;ArrayList&lt;String&gt; gameResults = response.getUploadGameSuccess();&#13;&#10;&#9;&#9;&#9;ArrayList&lt;Integer&gt; miscResults = response.getUploadMiscSuccess();&#13;&#10;&#9;&#9;&#9;PersonalStatistics personalStatistics = response.getPersonalStatistics();&#13;&#10;&#9;&#9;&#9;RankingStatistics rankingStatistics = response.getRankingStatistics();&#13;&#10;&#9;&#9;&#9;CommunityStatistics communityStatistics = response.getCommunityStatistics();&#13;&#10;&#9;&#9;&#9;&#13;&#10;&#9;&#9;&#9;jsonObject.add(&quot;Code&quot;, new JsonPrimitive(response.getCode()));&#13;&#10;&#9;&#9;&#9;&#13;&#10;&#9;&#9;&#9;if(response.isSuccess())&#13;&#10;&#9;&#9;&#9;&#9;jsonObject.add(&quot;Success&quot;, new JsonPrimitive(SUCCESS));&#13;&#10;&#9;&#9;&#9;else&#13;&#10;&#9;&#9;&#9;&#9;jsonObject.add(&quot;Success&quot;, new JsonPrimitive(FAILURE));&#13;&#10;&#9;&#9;&#9;&#13;&#10;&#9;&#9;&#9;if(message!=null &amp;&amp; !message.isEmpty())&#13;&#10;&#9;&#9;&#9;&#9;jsonObject.add(&quot;Message&quot;, new JsonPrimitive(message));&#13;&#10;&#9;&#9;&#9;&#13;&#10;&#9;&#9;&#9;if(authenticationToken!=null &amp;&amp; !authenticationToken.isEmpty())&#13;&#10;&#9;&#9;&#9;&#9;jsonObject.add(&quot;AuthenticationToken&quot;, new JsonPrimitive(authenticationToken));&#13;&#10;&#9;&#9;&#9;&#13;&#10;&#9;&#9;&#9;if(gameResults!= null &amp;&amp; !gameResults.isEmpty())&#13;&#10;&#9;&#9;&#9;{&#13;&#10;&#9;&#9;&#9;&#9;JsonArray results = new JsonArray();&#13;&#10;&#9;&#9;&#9;&#9;for(String gameID : gameResults)&#13;&#10;&#9;&#9;&#9;&#9;&#9;results.add(new JsonPrimitive(gameID));&#13;&#10;&#9;&#9;&#9;&#9;&#13;&#10;&#9;&#9;&#9;&#9;jsonObject.add(&quot;game_success_uploads&quot;, results);&#13;&#10;&#9;&#9;&#9;&#9;&#9;&#13;&#10;&#9;&#9;&#9;}&#13;&#10;&#9;&#9;&#9;&#13;&#10;&#9;&#9;&#9;if(miscResults!= null &amp;&amp; !miscResults.isEmpty())&#13;&#10;&#9;&#9;&#9;{&#13;&#10;&#9;&#9;&#9;&#9;JsonArray results = new JsonArray();&#13;&#10;&#9;&#9;&#9;&#9;for(Integer position : miscResults)&#13;&#10;&#9;&#9;&#9;&#9;&#9;results.add(new JsonPrimitive(position));&#13;&#10;&#9;&#9;&#9;&#9;&#13;&#10;&#9;&#9;&#9;&#9;jsonObject.add(&quot;misc_success_uploads&quot;, results);&#13;&#10;&#9;&#9;&#9;}&#13;&#10;&#9;&#9;&#9;&#13;&#10;&#9;&#9;&#9;if(personalStatistics != null)&#13;&#10;&#9;&#9;&#9;{&#13;&#10;&#9;&#9;&#9;&#9;JsonElement element = context.serialize(personalStatistics);&#13;&#10;&#9;&#9;&#9;&#9;jsonObject.add(&quot;personal_statistics&quot;, element);&#13;&#10;&#9;&#9;&#9;}&#13;&#10;&#9;&#9;&#9;&#13;&#10;&#9;&#9;&#9;if(rankingStatistics != null)&#13;&#10;&#9;&#9;&#9;{&#13;&#10;&#9;&#9;&#9;&#9;JsonElement rankedDataElement = context.serialize(rankingStatistics.getRankedData());&#13;&#10;&#9;&#9;&#9;&#9;JsonElement myRankedDataElement = context.serialize(rankingStatistics.getMyRankData());&#13;&#10;&#9;&#9;&#9;&#9;jsonObject.add(&quot;ranked_statistics&quot;, rankedDataElement);&#13;&#10;&#9;&#9;&#9;&#9;jsonObject.add(&quot;my_ranked_statistics&quot;, myRankedDataElement);&#13;&#10;&#9;&#9;&#9;}&#13;&#10;&#9;&#9;&#9;&#13;&#10;&#9;&#9;&#9;if(communityStatistics != null)&#13;&#10;&#9;&#9;&#9;{&#13;&#10;&#9;&#9;&#9;&#9;JsonElement commDataElement = context.serialize(communityStatistics);&#13;&#10;&#9;&#9;&#9;&#9;jsonObject.add(&quot;community_statistics&quot;, commDataElement);&#13;&#10;&#9;&#9;&#9;}&#13;&#10;&#9;&#9;&#9;&#13;&#10;&#9;&#9;&#9;&#13;&#10;&#9;&#9;&#9;return jsonObject;&#13;&#10;&#9;&#9;}&#13;&#10;&#9;&#9;&#13;&#10;&#9;}&#13;&#10;&#9;&#13;&#10;}&#13;&#10;" Filename="ResponseObject.java" Intrnl_Id="28"/>
<SrcFile Content="package database;&#13;&#10;&#13;&#10;import java.sql.CallableStatement;&#13;&#10;import java.sql.Connection;&#13;&#10;import java.sql.ResultSet;&#13;&#10;import java.sql.SQLException;&#13;&#10;&#13;&#10;import javax.naming.Context;&#13;&#10;import javax.naming.InitialContext;&#13;&#10;import javax.naming.NamingException;&#13;&#10;import javax.sql.DataSource;&#13;&#10;&#13;&#10;import util.PasswordUtil;&#13;&#10;import util.ServletConfiguration;&#13;&#10;import util.ServletConfiguration.Database;&#13;&#10;&#13;&#10;import com.google.gson.Gson;&#13;&#10;&#13;&#10;import dataModels.Account;&#13;&#10;&#13;&#10;/**&#13;&#10; * Garbage Test File&#13;&#10; * @author dddurand&#13;&#10; *&#13;&#10; */&#13;&#10;public class DatabaseTest {&#13;&#10;&#13;&#10;&#9;public static String Test()&#13;&#10;&#9;{&#13;&#10;&#9;&#9;String message = &quot;&quot;;&#13;&#10;&#9;&#9;try &#13;&#10;        {&#13;&#10;            // Get DataSource&#13;&#10;            Context initContext  = new InitialContext();&#13;&#10;            &#13;&#10;            message+= &quot;Lookup Starting...&lt;br/&gt;&quot;;&#13;&#10;            Context envContext  = (Context)initContext.lookup(&quot;java:/comp/env&quot;);&#13;&#10;            message+= &quot;Success&lt;br/&gt;&lt;br/&gt;&quot;;&#13;&#10;            &#13;&#10;            message+= &quot;Getting Datasource...&lt;br/&gt;&quot;;&#13;&#10;            DataSource dataSource;&#13;&#10;            &#13;&#10;            if(ServletConfiguration.getDatabase() == Database.UNIVERSITY)&#13;&#10;            &#9;dataSource = (DataSource)envContext.lookup(&quot;jdbc/DatabaseUofA&quot;);&#13;&#10;            &#13;&#10;            else if(ServletConfiguration.getDatabase() == Database.HOME)&#13;&#10;            &#9;dataSource = (DataSource)envContext.lookup(&quot;jdbc/DatabaseHome&quot;);&#13;&#10;            &#13;&#10;            else&#13;&#10;            &#9;throw new SQLException(&quot;Invalid Location&quot;);&#13;&#10;            &#9;&#13;&#10;            message+= &quot;Success&lt;br/&gt;&lt;br/&gt;&quot;;&#13;&#10;            &#13;&#10;            message+= &quot;Getting Connection...&lt;br/&gt;&quot;;&#13;&#10;            Connection connection = dataSource.getConnection();&#13;&#10;            message+= &quot;Success&lt;br/&gt;&lt;br/&gt;&quot;;&#13;&#10;            &#13;&#10;            String timezone = String.valueOf(connection.isValid(5));&#13;&#10;            message+= &quot;Valid Connection: &lt;br/&gt;&quot; + timezone+&quot;&lt;br/&gt;&lt;br/&gt;&quot;;&#13;&#10;            &#13;&#10;            //Random random = new Random();&#13;&#10;            &#13;&#10;//            String insertSQL = &quot;INSERT INTO user_table (username, password) VALUES (?,?);&quot;;&#13;&#10;//            CallableStatement insertStatement = connection.prepareCall(insertSQL);&#13;&#10;//            insertStatement.setString(1, &quot;TestUser&quot;+random.nextLong());&#13;&#10;//            insertStatement.setString(2, &quot;Password&quot;+random.nextLong());&#13;&#10;//            insertStatement.execute();&#13;&#10;            &#13;&#10;            String sql = &quot;select * from user_table&quot;;&#13;&#10;            CallableStatement statement = connection.prepareCall(sql);&#13;&#10;            ResultSet set = statement.executeQuery();&#13;&#10;            &#13;&#10;            message+= &quot;&lt;b&gt;DATABASE&lt;/b&gt;&lt;br/&gt;&quot;;&#13;&#10;            message+= &quot;User Table: &lt;/br&gt;&quot;;&#13;&#10;            &#13;&#10;            while(set.next())&#13;&#10;            {&#13;&#10;            &#9;String user = set.getString(&quot;username&quot;);&#13;&#10;            &#9;String pass = set.getString(&quot;password&quot;);&#13;&#10;            &#9;String auth = set.getString(&quot;auth_token&quot;);&#13;&#10;            &#9;message+= &quot;&lt;b&gt;User:&lt;/b&gt; &quot; + user + &quot;&amp;nbsp;&amp;nbsp;&amp;nbsp;&amp;nbsp;&amp;nbsp;&lt;b&gt;Password:&lt;/b&gt; &quot;+ pass + &quot;&amp;nbsp;&amp;nbsp;&amp;nbsp;&amp;nbsp;&amp;nbsp;&lt;b&gt;Auth:&lt;/b&gt; &quot;+ auth +&quot;&lt;/br&gt;&quot;;&#13;&#10;            &#9;&#13;&#10;            }&#13;&#10;            message+=&quot;&lt;br/&gt;&quot;;&#13;&#10;            &#13;&#10;            connection.close();&#13;&#10;            &#13;&#10;            message+= &quot;&lt;b&gt;Parameters:&lt;b&gt; &lt;br/&gt;&quot;;&#13;&#10;            &#13;&#10;            Database location = ServletConfiguration.getDatabase();&#13;&#10;            message+= &quot;Location: &quot;;&#13;&#10;            if(location == ServletConfiguration.Database.UNIVERSITY)&#13;&#10;            &#9;message+=&quot;UNI&lt;br/&gt;&lt;br/&gt;&quot;;&#13;&#10;            else&#13;&#10;            &#9;message+=&quot;HOME&lt;br/&gt;&lt;br/&gt;&quot;;&#13;&#10;            &#13;&#10;            message+= &quot;Debug: &quot; + ServletConfiguration.isDebug()+&quot;&lt;br/&gt;&lt;br/&gt;&quot;;&#13;&#10;            &#13;&#10;           String pass = &quot;bob's_your_uncle&quot;;&#13;&#10;            message+= &quot;Password Plain: &quot; + pass + &quot;&lt;br/&gt;&quot;;&#13;&#10;            PasswordUtil passUtil = new PasswordUtil();&#13;&#10;            &#13;&#10;            message+= &quot;Password Encyp: &quot; + passUtil.encrypt(pass) + &quot;&lt;br/&gt;&quot;;&#13;&#10;&#13;&#10;            message+= &quot;Password MATCH: &quot; + passUtil.compare(pass, passUtil.encrypt(pass)) + &quot;&lt;br/&gt;&quot;;&#13;&#10;            message+= &quot;Password BAD: &quot; + passUtil.compare(pass, passUtil.encrypt(pass+&quot; &quot;)) + &quot;&lt;br/&gt;&quot;;&#13;&#10;            message+= &quot;Password BAD: &quot; + passUtil.compare(pass, &quot;asdfasdfasdfasdf&quot;) + &quot;&lt;br/&gt;&lt;br/&gt;&quot;;&#13;&#10;&#13;&#10;            &#13;&#10;            Account account = new Account(&quot;bob&quot;, &quot;is&quot;, &quot;coolio.&quot;, false);&#13;&#10;            Gson gson = new Gson();&#13;&#10;            String json = gson.toJson(account, Account.class);&#13;&#10;            message+= json + &quot;&lt;br/&gt;&lt;br/&gt;&quot;;&#13;&#10;            &#13;&#10;           Account account2 = gson.fromJson(json, Account.class);&#13;&#10;           &#13;&#10;           message+= &quot;Equal JSON Conversion: &quot; + account2.exactCompare(account);&#13;&#10;           &#13;&#10;            &#13;&#10;        } &#13;&#10;         catch (NamingException e) &#13;&#10;         {&#13;&#10;        &#9; message += e.getMessage();&#13;&#10;        } catch (SQLException e) {&#13;&#10;&#13;&#10;        &#9; message += e.getMessage();&#13;&#10;&#9;&#9;}&#13;&#10;&#9;&#9;return message;&#13;&#10;&#9;&#9;&#13;&#10;&#9;}&#13;&#10;&#9;&#13;&#10;}&#13;&#10;" Filename="DatabaseTest.java" Intrnl_Id="29"/>
<SrcFile Content="package database;&#13;&#10;&#13;&#10;import java.sql.CallableStatement;&#13;&#10;import java.sql.Connection;&#13;&#10;import java.sql.ResultSet;&#13;&#10;import java.sql.SQLException;&#13;&#10;import java.sql.Types;&#13;&#10;import java.util.ArrayList;&#13;&#10;&#13;&#10;import javax.naming.Context;&#13;&#10;import javax.naming.InitialContext;&#13;&#10;import javax.naming.NamingException;&#13;&#10;import javax.sql.DataSource;&#13;&#10;&#13;&#10;import util.Codes;&#13;&#10;import util.PasswordUtil;&#13;&#10;import util.ServletConfiguration;&#13;&#10;import util.ServletConfiguration.Database;&#13;&#10;import dataModels.Account;&#13;&#10;import dataModels.Card;&#13;&#10;import dataModels.Filter;&#13;&#10;import dataModels.Game;&#13;&#10;import dataModels.GameAction;&#13;&#10;import dataModels.Filter.RankType;&#13;&#10;import dataModels.GameAction.PokerAction;&#13;&#10;import dataModels.RankingStatistics.RankedDataRow;&#13;&#10;import dataModels.MiscGameData;&#13;&#10;&#13;&#10;&#13;&#10;/**&#13;&#10; * The main interface to the external database.&#13;&#10; * Each connection retrieves a unique connection to the database.&#13;&#10; * &#13;&#10; * @author dddurand&#13;&#10; *&#13;&#10; */&#13;&#10;public class DatabaseInterface {&#13;&#10;&#13;&#10;&#9;private final String USER_TABLE = &quot;user_table&quot;;&#13;&#10;&#9;&#13;&#10;&#9;private final String GAME_ACTION_TABLE = &quot;game_actions JOIN games ON game_actions.gameID = games.id &quot;;&#13;&#10;&#9;&#13;&#10;&#13;&#10;&#9;&#13;&#10;&#9;private Connection dbConnection;&#13;&#10;&#9;private PasswordUtil passUtil;&#13;&#10;&#9;&#13;&#10;&#9;/**&#13;&#10;&#9; * General constructor&#13;&#10;&#9; * &#13;&#10;&#9; * @throws DatabaseInterfaceException&#13;&#10;&#9; */&#13;&#10;&#9;public DatabaseInterface() throws DatabaseInterfaceException&#13;&#10;&#9;{&#13;&#10;&#9;&#9;try{&#13;&#10;&#9;&#9;&#9;DataSource dataSource = this.getDataSource();&#13;&#10;&#9;&#9;&#9;dbConnection = dataSource.getConnection();&#13;&#10;&#9;&#9;&#9;passUtil = new PasswordUtil();&#13;&#10;&#9;&#9;} &#13;&#10;&#9;&#9;catch (NamingException e)&#13;&#10;&#9;&#9;{&#13;&#10;&#9;&#9;&#9;throw new DatabaseInterfaceException(e);&#13;&#10;&#9;&#9;} catch (SQLException e) {&#13;&#10;&#9;&#9;&#9;throw new DatabaseInterfaceException(&quot;Error retrieving connection to database&quot;, e, Codes.DATABASE);&#13;&#10;&#9;&#9;}&#13;&#10;&#9;}&#13;&#10;&#9;&#13;&#10;&#9;/**&#13;&#10;&#9; * Retrieves an account based on a given username.&#13;&#10;&#9; * &#13;&#10;&#9; * @param username Identifying username&#13;&#10;&#9; * @return Account if found, otherwise null&#13;&#10;&#9; * @throws DatabaseInterfaceException&#13;&#10;&#9; */&#13;&#10;&#9;public Account getAccount(String username) throws DatabaseInterfaceException&#13;&#10;&#9;{&#13;&#10;&#9;&#9;final String getAccountSQL = &quot;SELECT * FROM &quot;+ USER_TABLE+&#13;&#10;&#9;&#9;&#9;&#9;&#9;&#9;&#9;&#9;&#9; &quot; WHERE username = ? &quot;;&#13;&#10;&#9;&#9;&#13;&#10;&#9;&#9;CallableStatement prepStat = null;&#13;&#10;&#9;&#9;try {&#13;&#10;&#9;&#9;&#9;prepStat = dbConnection.prepareCall(getAccountSQL);&#13;&#10;&#9;&#9;&#9;&#13;&#10;&#9;&#9;&#9;prepStat.setString(1, username);&#13;&#10;&#9;&#9;&#9;&#13;&#10;&#9;&#9;&#9;ResultSet resultSet = prepStat.executeQuery();&#13;&#10;&#9;&#9;&#9;&#13;&#10;&#9;&#9;&#9;if(resultSet.next())&#13;&#10;            {&#13;&#10;&#9;&#9;&#9;&#9;int id = resultSet.getInt(&quot;id&quot;);&#13;&#10;            &#9;String user = resultSet.getString(&quot;username&quot;);&#13;&#10;            &#9;byte[] pass = resultSet.getBytes(&quot;password&quot;);&#9;&#13;&#10;            &#9;String authToken = resultSet.getString(&quot;auth_token&quot;);&#9;&#13;&#10;            &#9;&#13;&#10;            &#9;String password = passUtil.getStringFromBytes(pass);&#13;&#10;            &#9;&#13;&#10;            &#9;prepStat.close();&#13;&#10;            &#9;return new Account(id, user, password, authToken, true);&#13;&#10;            }&#13;&#10;&#9;&#9;&#9;&#13;&#10;&#9;&#9;&#9;prepStat.close();&#13;&#10;&#9;&#9;&#9;return null;&#13;&#10;&#9;&#9;&#9;&#13;&#10;&#9;&#9;&#9;&#13;&#10;&#9;&#9;} catch (SQLException e) {&#13;&#10;&#9;&#9;&#9;throw new DatabaseInterfaceException(&quot;Error Retrieving Account From Database&quot;, e, Codes.DATABASE);&#13;&#10;&#9;&#9;}&#13;&#10;&#9;&#9;&#13;&#10;&#9;}&#13;&#10;&#9;&#13;&#10;&#9;/**&#13;&#10;&#9; * Retrieves all accounts&#13;&#10;&#9; * &#13;&#10;&#9; * @return Account if found, otherwise null&#13;&#10;&#9; * @throws DatabaseInterfaceException&#13;&#10;&#9; */&#13;&#10;&#9;public ArrayList&lt;Account&gt; getAllAccounts() throws DatabaseInterfaceException&#13;&#10;&#9;{&#13;&#10;&#9;&#9;final String getAccountSQL = &quot;SELECT * FROM &quot;+ USER_TABLE;&#13;&#10;&#9;&#9;ArrayList&lt;Account&gt; accounts = new ArrayList&lt;Account&gt;();&#13;&#10;&#9;&#9;&#13;&#10;&#9;&#9;CallableStatement prepStat = null;&#13;&#10;&#9;&#9;try {&#13;&#10;&#9;&#9;&#9;prepStat = dbConnection.prepareCall(getAccountSQL);&#13;&#10;&#9;&#9;&#9;&#13;&#10;&#9;&#9;&#9;ResultSet resultSet = prepStat.executeQuery();&#13;&#10;&#9;&#9;&#9;&#13;&#10;&#9;&#9;&#9;while(resultSet.next())&#13;&#10;            {&#13;&#10;&#9;&#9;&#9;&#9;int id = resultSet.getInt(&quot;id&quot;);&#13;&#10;            &#9;String user = resultSet.getString(&quot;username&quot;);&#13;&#10;            &#9;byte[] pass = resultSet.getBytes(&quot;password&quot;);&#9;&#13;&#10;            &#9;String authToken = resultSet.getString(&quot;auth_token&quot;);&#9;&#13;&#10;            &#9;&#13;&#10;            &#9;String password = passUtil.getStringFromBytes(pass);&#13;&#10;            &#9;&#13;&#10;            &#9;accounts.add(new Account(id, user, password, authToken, true));&#13;&#10;            }&#13;&#10;&#9;&#9;&#9;&#13;&#10;&#9;&#9;&#9;prepStat.close();&#13;&#10;&#9;&#9;&#9;return accounts;&#13;&#10;&#9;&#9;&#9;&#13;&#10;&#9;&#9;&#9;&#13;&#10;&#9;&#9;} catch (SQLException e) {&#13;&#10;&#9;&#9;&#9;throw new DatabaseInterfaceException(&quot;Error Retrieving Accounts From Database&quot;, e, Codes.DATABASE);&#13;&#10;&#9;&#9;}&#13;&#10;&#9;&#9;&#13;&#10;&#9;}&#13;&#10;&#9;&#13;&#10;&#9;/**&#13;&#10;&#9; * Removes an account's Authentication token from the database.&#13;&#10;&#9; * &#13;&#10;&#9; * @param username Account's Username&#13;&#10;&#9; * @throws DatabaseInterfaceException&#13;&#10;&#9; */&#13;&#10;&#9;public void invalidateAuth(String username) throws DatabaseInterfaceException&#13;&#10;&#9;{&#13;&#10;&#9;&#9;final String setAuthSQL = &quot;UPDATE &quot; + USER_TABLE+&#13;&#10;&#9;&#9;&#9;&#9; &#9;&#9;&#9;&#9;&#9; &quot; SET auth_token = ?&quot; +&#9;&#13;&#10;&#9;&#9;&#9;&#9;&#9;&#9;&#9;&#9;&#9; &quot; WHERE username = ? &quot;;&#13;&#10;&#9;&#9;&#13;&#10;&#9;&#9;try {&#13;&#10;&#9;&#9;&#9;CallableStatement prepStat = dbConnection.prepareCall(setAuthSQL);&#13;&#10;&#9;&#9;&#9;&#13;&#10;&#9;&#9;&#9;prepStat.setNull(1, Types.NULL);&#13;&#10;&#9;&#9;&#9;prepStat.setString(2, username);&#13;&#10;&#9;&#9;&#9;&#13;&#10;&#9;&#9;&#9;prepStat.execute();&#13;&#10;&#9;&#9;&#9;&#13;&#10;&#9;&#9;&#9;prepStat.close();&#13;&#10;&#9;&#9;} catch (SQLException e) {&#13;&#10;&#9;&#9;&#9;throw new DatabaseInterfaceException(&quot;Error Storing Auth Token&quot;, e, Codes.DATABASE);&#13;&#10;&#9;&#9;}&#13;&#10;&#13;&#10;&#9;}&#13;&#10;&#9;&#13;&#10;&#9;/**&#13;&#10;&#9; * Sets the auth token for a given account.&#13;&#10;&#9; * &#13;&#10;&#9; * @param username&#13;&#10;&#9; * @param authToken&#13;&#10;&#9; * @throws DatabaseInterfaceException&#13;&#10;&#9; */&#13;&#10;&#9;public void setAuth(String username, String authToken) throws DatabaseInterfaceException&#13;&#10;&#9;{&#13;&#10;&#9;&#9;final String setAuthSQL = &quot;UPDATE &quot; + USER_TABLE+&#13;&#10;&#9;&#9;&#9;&#9; &#9;&#9;&#9;&#9;&#9; &quot; SET auth_token = ?&quot; +&#9;&#13;&#10;&#9;&#9;&#9;&#9;&#9;&#9;&#9;&#9;&#9; &quot; WHERE username = ? &quot;;&#13;&#10;&#9;&#9;&#13;&#10;&#9;&#9;try {&#13;&#10;&#9;&#9;&#9;CallableStatement prepStat = dbConnection.prepareCall(setAuthSQL);&#13;&#10;&#9;&#9;&#9;&#13;&#10;&#9;&#9;&#9;prepStat.setString(1, authToken);&#13;&#10;&#9;&#9;&#9;prepStat.setString(2, username);&#13;&#10;&#9;&#9;&#9;&#13;&#10;&#9;&#9;&#9;prepStat.execute();&#13;&#10;&#9;&#9;&#9;&#13;&#10;&#9;&#9;&#9;prepStat.close();&#13;&#10;&#9;&#9;} catch (SQLException e) {&#13;&#10;&#9;&#9;&#9;throw new DatabaseInterfaceException(&quot;Error Storing Auth Token&quot;, e, Codes.DATABASE);&#13;&#10;&#9;&#9;}&#13;&#10;&#13;&#10;&#9;}&#13;&#10;&#9;&#13;&#10;&#9;/**&#13;&#10;&#9; * Adds a new account to the database&#13;&#10;&#9; * &#13;&#10;&#9; * @param account&#13;&#10;&#9; * @return&#13;&#10;&#9; * @throws DatabaseInterfaceException&#13;&#10;&#9; */&#13;&#10;&#9;public boolean addAccount(Account account) throws DatabaseInterfaceException&#13;&#10;&#9;{&#13;&#10;&#9;&#9;String insertAccountSQL = &quot;INSERT INTO user_table (username, password) VALUES (?,?);&quot;;&#13;&#10;&#13;&#10;&#9;&#9;try {&#13;&#10;&#9;&#9;&#9;CallableStatement prepStat = dbConnection.prepareCall(insertAccountSQL);&#13;&#10;&#13;&#10;&#9;&#9;&#9;prepStat.setString(1, account.getUsername());&#13;&#10;&#9;&#9;&#9;byte[] password = passUtil.getBytesFromString(account.getEncyptedPassword());&#13;&#10;&#9;&#9;&#9;prepStat.setBytes(2, password);&#13;&#10;&#13;&#10;&#9;&#9;&#9;prepStat.execute();&#13;&#10;&#9;&#9;&#9;prepStat.close();&#13;&#10;&#9;&#9;} catch (SQLException e) {&#13;&#10;&#9;&#9;&#9;throw new DatabaseInterfaceException(&quot;Unable to create account.&quot;, e, Codes.DATABASE);&#13;&#10;&#9;&#9;}&#13;&#10;&#13;&#10;&#9;&#9;return false;&#13;&#10;&#13;&#10;&#9;}&#13;&#10;&#9;&#13;&#10;&#9;/**&#13;&#10;&#9; * Checks if a username is already in use by another account&#13;&#10;&#9; * &#13;&#10;&#9; * @param username&#13;&#10;&#9; * @return&#13;&#10;&#9; * @throws DatabaseInterfaceException&#13;&#10;&#9; */&#13;&#10;&#9;public boolean isDuplicateUsername(String username) throws DatabaseInterfaceException&#13;&#10;&#9;{&#13;&#10;&#9;&#9;Account account = this.getAccount(username);&#13;&#10;&#9;&#9;&#13;&#10;&#9;&#9;if(account == null) return false;&#13;&#10;&#9;&#9;return true;&#13;&#10;&#9;&#9;&#13;&#10;&#9;}&#13;&#10;&#13;&#10;&#9;&#13;&#10;&#9;&#13;&#10;&#9;&#13;&#10;&#9;/**&#13;&#10;&#9; * Retrieves the DataSource from tomcat. The DataSource contains the database&#13;&#10;&#9; * connection details that are stored in context.ini for the project.&#13;&#10;&#9; * &#13;&#10;&#9; * @return&#13;&#10;&#9; * @throws NamingException&#13;&#10;&#9; * @throws DatabaseInterfaceException&#13;&#10;&#9; */&#13;&#10;&#9;private DataSource getDataSource() throws NamingException, DatabaseInterfaceException&#13;&#10;&#9;{&#13;&#10;&#9;&#9;DataSource dataSource;&#13;&#10;&#9;&#9;Context initContext  = new InitialContext();&#13;&#10;        &#13;&#10;        Context envContext  = (Context)initContext.lookup(&quot;java:/comp/env&quot;);&#13;&#10;&#9;&#9;&#13;&#10;        //University Database&#13;&#10;&#9;&#9;if(ServletConfiguration.getDatabase() == Database.UNIVERSITY)&#13;&#10;        &#9;dataSource = (DataSource)envContext.lookup(&quot;jdbc/DatabaseUofA&quot;);&#13;&#10;        &#13;&#10;&#9;&#9;//Local Dev Database&#13;&#10;        else if(ServletConfiguration.getDatabase() == Database.HOME)&#13;&#10;        &#9;dataSource = (DataSource)envContext.lookup(&quot;jdbc/DatabaseHome&quot;);&#13;&#10;        &#13;&#10;        else&#13;&#10;        &#9;throw new DatabaseInterfaceException(&quot;Invalid Database Provided&quot;,Codes.DATABASE);&#13;&#10;&#9;&#9;&#13;&#10;&#9;&#9;return dataSource;&#13;&#10;&#9;}&#13;&#10;&#13;&#10;&#9;/**&#13;&#10;&#9; * Saves the given game object into the database, for the provided account.&#13;&#10;&#9; * &#13;&#10;&#9; * @param account Account to tie game data to.&#13;&#10;&#9; * @param game Game data to be saved&#13;&#10;&#9; * @return&#13;&#10;&#9; * @throws DatabaseInterfaceException&#13;&#10;&#9; */&#13;&#10;&#9;public int saveGame(Account account, Game game) throws DatabaseInterfaceException&#13;&#10;&#9;{&#13;&#10;&#9;&#9;//if game id -1 = failed&#13;&#10;&#9;&#9;int gameID = this.saveGameGetID(account, game);&#13;&#10;&#9;&#9;&#13;&#10;&#9;&#9;if(gameID == -1)&#13;&#10;&#9;&#9;&#9;throw new DatabaseInterfaceException(&quot;Unable to store game&quot;, Codes.DATABASE);&#13;&#10;&#9;&#9;&#13;&#10;&#9;&#9;ArrayList&lt;GameAction&gt; actions = game.getGameActions();&#13;&#10;&#9;&#9;&#13;&#10;&#9;&#9;for(int i = 0; i &lt; actions.size(); i++)&#13;&#10;&#9;&#9;{&#13;&#10;&#9;&#9;&#9;GameAction action = actions.get(i);&#13;&#10;&#9;&#9;&#9;this.saveGameAction(account, gameID, i, action);&#13;&#10;&#9;&#9;}&#13;&#10;&#9;&#9;&#13;&#10;&#9;&#9;return gameID;&#13;&#10;&#9;}&#13;&#10;&#9;&#13;&#10;&#9;/**&#13;&#10;&#9; * Checks if a game action already exists&#13;&#10;&#9; * &#13;&#10;&#9; * @param gameID Game id to tie action to&#13;&#10;&#9; * @param accountID The account to tie the action to&#13;&#10;&#9; * @param position The order in which the action occured.&#13;&#10;&#9; * @return True if exists, false otherwise&#13;&#10;&#9; * @throws DatabaseInterfaceException&#13;&#10;&#9; */&#13;&#10;&#9;private boolean actionExists(int gameID, int accountID, int position) throws DatabaseInterfaceException&#13;&#10;&#9;{&#13;&#10;&#9;&#9;final String getActionCount = &quot;SELECT count(*) FROM game_actions WHERE accountID = ? AND gameID = ? AND position = ?&quot;;&#13;&#10;&#9;&#9;&#13;&#10;&#9;&#9;try {&#13;&#10;&#9;&#9;&#9;CallableStatement prepStat = dbConnection.prepareCall(getActionCount);&#13;&#10;&#9;&#9;&#9;&#13;&#10;&#9;&#9;&#9;prepStat.setInt(1, accountID);&#13;&#10;&#9;&#9;&#9;prepStat.setInt(2, gameID);&#13;&#10;&#9;&#9;&#9;prepStat.setInt(3, position);&#13;&#10;&#9;&#9;&#9;&#13;&#10;&#9;&#9;&#9;ResultSet set = prepStat.executeQuery();&#13;&#10;&#9;&#9;&#9;&#13;&#10;&#9;&#9;&#9;if(set.next())&#13;&#10;&#9;&#9;&#9;{&#13;&#10;&#9;&#9;&#9;&#9;if(set.getInt(1) &gt; 0)&#13;&#10;&#9;&#9;&#9;&#9;{&#13;&#10;&#9;&#9;&#9;&#9;&#9;prepStat.close();&#13;&#10;&#9;&#9;&#9;&#9;&#9;return true;&#13;&#10;&#9;&#9;&#9;&#9;}&#13;&#10;&#9;&#9;&#9;&#9;else&#13;&#10;&#9;&#9;&#9;&#9;{&#13;&#10;&#9;&#9;&#9;&#9;&#9;prepStat.close();&#13;&#10;&#9;&#9;&#9;&#9;&#9;return false;&#13;&#10;&#9;&#9;&#9;&#9;}&#13;&#10;&#9;&#9;&#9;}&#13;&#10;&#9;&#9;&#9;&#13;&#10;&#9;&#9;&#9;prepStat.close();&#13;&#10;&#9;&#9;&#9;return false;&#13;&#10;&#9;&#9;&#9;&#13;&#10;&#9;&#9;&#9;&#13;&#10;&#9;&#9;} catch (SQLException e) {&#13;&#10;&#9;&#9;&#9;throw new DatabaseInterfaceException(&quot;Error Storing Game Action&quot;, e, Codes.DATABASE);&#13;&#10;&#9;&#9;}&#13;&#10;&#9;&#9;&#13;&#10;&#9;}&#13;&#10;&#9;&#13;&#10;&#9;/**&#13;&#10;&#9; * Checks if a game action already exists&#13;&#10;&#9; * &#13;&#10;&#9; * @param gameID Game id to tie action to&#13;&#10;&#9; * @param accountID The account to tie the action to&#13;&#10;&#9; * @param position The order in which the action occured.&#13;&#10;&#9; * @return True if exists, false otherwise&#13;&#10;&#9; * @throws DatabaseInterfaceException&#13;&#10;&#9; */&#13;&#10;&#9;private boolean optimalityExists(int gameID, int accountID) throws DatabaseInterfaceException&#13;&#10;&#9;{&#13;&#10;&#9;&#9;final String getActionCount = &quot;SELECT count(*) FROM game_optimality WHERE account_id = ? AND game_id = ?&quot;;&#13;&#10;&#9;&#9;&#13;&#10;&#9;&#9;try {&#13;&#10;&#9;&#9;&#9;CallableStatement prepStat = dbConnection.prepareCall(getActionCount);&#13;&#10;&#9;&#9;&#9;&#13;&#10;&#9;&#9;&#9;prepStat.setInt(1, accountID);&#13;&#10;&#9;&#9;&#9;prepStat.setInt(2, gameID);&#13;&#10;&#9;&#9;&#9;&#13;&#10;&#9;&#9;&#9;ResultSet set = prepStat.executeQuery();&#13;&#10;&#9;&#9;&#9;&#13;&#10;&#9;&#9;&#9;if(set.next())&#13;&#10;&#9;&#9;&#9;{&#13;&#10;&#9;&#9;&#9;&#9;if(set.getInt(1) &gt; 0)&#13;&#10;&#9;&#9;&#9;&#9;{&#13;&#10;&#9;&#9;&#9;&#9;&#9;prepStat.close();&#13;&#10;&#9;&#9;&#9;&#9;&#9;return true;&#13;&#10;&#9;&#9;&#9;&#9;}&#13;&#10;&#9;&#9;&#9;&#9;else&#13;&#10;&#9;&#9;&#9;&#9;{&#13;&#10;&#9;&#9;&#9;&#9;&#9;prepStat.close();&#13;&#10;&#9;&#9;&#9;&#9;&#9;return false;&#13;&#10;&#9;&#9;&#9;&#9;}&#13;&#10;&#9;&#9;&#9;}&#13;&#10;&#9;&#9;&#9;&#13;&#10;&#9;&#9;&#9;prepStat.close();&#13;&#10;&#9;&#9;&#9;return false;&#13;&#10;&#9;&#9;&#9;&#13;&#10;&#9;&#9;&#9;&#13;&#10;&#9;&#9;} catch (SQLException e) {&#13;&#10;&#9;&#9;&#9;throw new DatabaseInterfaceException(&quot;Error Storing Game Action&quot;, e, Codes.DATABASE);&#13;&#10;&#9;&#9;}&#13;&#10;&#9;&#9;&#13;&#10;&#9;}&#13;&#10;&#9;&#13;&#10;&#9;/**&#13;&#10;&#9; * Saves a given game action to a certian game, at a given position, for a given account.&#13;&#10;&#9; * &#13;&#10;&#9; * @param gameID Game id to tie action to&#13;&#10;&#9; * @param accountID The account to tie the action to&#13;&#10;&#9; * @param position The order in which the action occured.&#13;&#10;&#9; *&#13;&#10;&#9; * @throws DatabaseInterfaceException&#13;&#10;&#9; */&#13;&#10;&#9;private void saveGameAction(Account account, int gameID, int position, GameAction action) throws DatabaseInterfaceException&#13;&#10;&#9;{&#13;&#10;&#9;&#9;int accountID = account.getAccountID();&#13;&#10;&#9;&#9;&#13;&#10;&#9;&#9;if(actionExists(gameID, accountID, position)) return;&#13;&#10;&#9;&#9;&#13;&#10;&#9;&#9;PokerAction actionType = action.getAction();&#13;&#10;&#9;&#9;String actionTypeAsString = actionType.getValue();&#13;&#10;&#9;&#9;&#13;&#10;&#9;&#9;ArrayList&lt;Card&gt; hand = action.getHand();&#13;&#10;&#9;&#9;String handAsString = Card.getCardsAsString(hand);&#13;&#10;&#9;&#9;&#13;&#10;&#9;&#9;ArrayList&lt;Card&gt; comm = action.getCommunityCards();&#13;&#10;&#9;&#9;String commAsString = Card.getCardsAsString(comm);&#13;&#10;&#9;&#9;&#13;&#10;&#9;&#9;int pot = action.getPot();&#13;&#10;&#9;&#9;int bet = action.getBet();&#13;&#10;&#9;&#9;&#13;&#10;&#9;&#9;String insertActionSQL = &quot;INSERT INTO game_actions (accountID, gameID, type, position, hand, communityCards, pot, bet)&quot; +&#13;&#10;&#9;&#9;&#9;&#9;&#9;&#9;&#9;&#9;&#9;&quot; VALUES (?, ?, ?, ?, ?, ?, ?, ?);&quot;;&#13;&#10;&#9;&#9;&#13;&#10;&#9;&#9;try {&#13;&#10;&#9;&#9;&#9;CallableStatement prepStat = dbConnection.prepareCall(insertActionSQL);&#13;&#10;&#9;&#9;&#9;&#13;&#10;&#9;&#9;&#9;prepStat.setInt(1, accountID);&#13;&#10;&#9;&#9;&#9;prepStat.setInt(2, gameID);&#13;&#10;&#9;&#9;&#9;prepStat.setString(3, actionTypeAsString);&#13;&#10;&#9;&#9;&#9;prepStat.setInt(4, position);&#13;&#10;&#9;&#9;&#9;prepStat.setString(5, handAsString);&#13;&#10;&#9;&#9;&#9;prepStat.setString(6, commAsString);&#13;&#10;&#9;&#9;&#9;prepStat.setInt(7, pot);&#13;&#10;&#9;&#9;&#9;prepStat.setInt(8, bet);&#13;&#10;&#9;&#9;&#9;&#13;&#10;&#9;&#9;&#9;prepStat.execute();&#13;&#10;&#9;&#9;&#9;&#13;&#10;&#9;&#9;&#9;prepStat.close();&#13;&#10;&#9;&#9;} catch (SQLException e) {&#13;&#10;&#9;&#9;&#9;throw new DatabaseInterfaceException(&quot;Error Storing Game Action&quot;, e,Codes.DATABASE);&#13;&#10;&#9;&#9;}&#13;&#10;&#9;&#9;&#13;&#10;&#9;}&#13;&#10;&#9;&#13;&#10;&#9;/**&#13;&#10;&#9; * Saves a given piece of misc data to an account.&#13;&#10;&#9; * &#13;&#10;&#9; * @param account Account to tie the misc data to.&#13;&#10;&#9; * @param misc The data to be saved.&#13;&#10;&#9; * @throws DatabaseInterfaceException&#13;&#10;&#9; */&#13;&#10;&#9;public void saveMiscData(Account account, MiscGameData misc) throws DatabaseInterfaceException&#13;&#10;&#9;{&#13;&#10;&#9;&#9;int accountID = account.getAccountID();&#13;&#10;&#9;&#9;String name = misc.getName();&#13;&#10;&#9;&#9;String value = misc.getValue();&#13;&#10;&#9;&#9;&#13;&#10;&#9;&#9;String insertMiscSQL = &quot;INSERT INTO misc_data (accountID, name, value, date_uploaded)&quot; +&#13;&#10;&#9;&#9;&#9;&#9;&quot; VALUES (?, ?, ?, CURRENT_DATE());&quot;;&#13;&#10;&#9;&#9;&#13;&#10;&#9;&#9;try {&#13;&#10;&#9;&#9;&#9;CallableStatement prepStat = dbConnection.prepareCall(insertMiscSQL);&#13;&#10;&#9;&#9;&#9;&#13;&#10;&#9;&#9;&#9;prepStat.setInt(1, accountID);&#13;&#10;&#9;&#9;&#9;prepStat.setString(2, name);&#13;&#10;&#9;&#9;&#9;prepStat.setString(3, value);&#13;&#10;&#9;&#9;&#9;&#13;&#10;&#9;&#9;&#9;prepStat.execute();&#13;&#10;&#9;&#9;&#9;&#13;&#10;&#9;&#9;&#9;prepStat.close();&#13;&#10;&#9;&#9;} catch (SQLException e) {&#13;&#10;&#9;&#9;&#9;throw new DatabaseInterfaceException(&quot;Error Storing Misc Data&quot;, e, Codes.DATABASE);&#13;&#10;&#9;&#9;}&#13;&#10;&#9;&#9;&#13;&#10;&#9;}&#13;&#10;&#9;&#13;&#10;&#9;/**&#13;&#10;&#9; * Retrieves a game's specific database ID if it already exists.&#13;&#10;&#9; * &#13;&#10;&#9; * @param game Game to get ID for.&#13;&#10;&#9; * @return # &gt; 0 if successful, -1 on failure.&#13;&#10;&#9; * &#13;&#10;&#9; * @throws DatabaseInterfaceException&#13;&#10;&#9; */&#13;&#10;&#9;private int getGameDatabaseID(Game game) throws DatabaseInterfaceException&#13;&#10;&#9;{&#13;&#10;&#9;&#9;int result = -1;&#13;&#10;&#9;&#9;if(game == null) return result;&#13;&#10;&#9;&#9;&#13;&#10;&#9;&#9;&#13;&#10;&#9;&#9;final String getGameIdSQL = &quot;SELECT id FROM &quot;+ &quot;games&quot; +&#13;&#10;&#9;&#9;&#9;&#9; &quot; WHERE gameUUID = ?&quot;;&#13;&#10;&#9;&#9;&#13;&#10;&#9;&#9;try{&#13;&#10;&#9;&#9;&#9;CallableStatement prepStat = dbConnection.prepareCall(getGameIdSQL);&#13;&#10;&#9;&#9;&#9;prepStat.setString(1, game.getGameID());&#13;&#10;&#9;&#9;&#9;&#13;&#10;&#9;&#9;&#9;ResultSet set = prepStat.executeQuery();&#13;&#10;&#9;&#9;&#9;&#13;&#10;&#9;&#9;&#9;if(set.next())&#13;&#10;&#9;&#9;&#9;&#9;result = set.getInt(1);&#13;&#10;&#9;&#9;&#9;else&#13;&#10;&#9;&#9;&#9;&#9;result = -1;&#13;&#10;&#9;&#9;&#9;&#13;&#10;&#9;&#9;&#9;prepStat.close();&#13;&#10;&#9;&#9;&#9;return result;&#13;&#10;&#9;&#9;&#9;} catch (SQLException e) {&#13;&#10;&#9;&#9;&#9;&#9;throw new DatabaseInterfaceException(&quot;Error retrieving game ID&quot;, e, Codes.DATABASE);&#13;&#10;&#9;&#9;&#9;}&#13;&#10;&#9;}&#13;&#10;&#9;&#13;&#10;&#9;/**&#13;&#10;&#9; * Saves a given game, for a given account, and returns the database id generated.&#13;&#10;&#9; * &#13;&#10;&#9; * If the game is already saved, then no additional game is created.&#13;&#10;&#9; * &#13;&#10;&#9; * @param account Account to tie game to.&#13;&#10;&#9; * @param game The game to be saved.&#13;&#10;&#9; * @return&#13;&#10;&#9; * @throws DatabaseInterfaceException&#13;&#10;&#9; */&#13;&#10;&#9;private int saveGameGetID(Account account, Game game) throws DatabaseInterfaceException&#13;&#10;&#9;{&#13;&#10;&#9;&#9;if(game == null) return -1;&#13;&#10;&#9;&#9;&#13;&#10;&#9;&#9;String insertGameSQL = &quot;INSERT INTO games (gameUUID, date_uploaded) VALUES (?,CURRENT_DATE()) ON DUPLICATE KEY UPDATE gameUUID=?;&quot;;&#13;&#10;&#9;&#9;String UUID = game.getGameID();&#13;&#10;&#9;&#9;&#13;&#10;&#9;&#9;try{&#13;&#10;&#9;&#9;CallableStatement prepStat = dbConnection.prepareCall(insertGameSQL);&#13;&#10;&#9;&#9;prepStat.setString(1, UUID);&#13;&#10;&#9;&#9;prepStat.setString(2, UUID);&#13;&#10;&#9;&#9;&#13;&#10;&#9;&#9;prepStat.execute();&#13;&#10;&#9;&#9;&#13;&#10;&#9;&#9;ResultSet set =  prepStat.getGeneratedKeys();&#13;&#10;&#9;&#9;&#13;&#10;&#9;&#9;int id = -1;&#13;&#10;&#9;&#9;if(set.next())&#13;&#10;&#9;&#9;&#9;id = set.getInt(1);&#13;&#10;&#9;&#9;//For the case when the game is already created&#13;&#10;&#9;&#9;else&#13;&#10;&#9;&#9;&#9;id = getGameDatabaseID(game);&#13;&#10;&#9;&#9;&#13;&#10;&#9;&#9;prepStat.close();&#13;&#10;&#9;&#9;return id;&#13;&#10;&#9;&#9;&#13;&#10;&#9;&#9;} catch (SQLException e) {&#13;&#10;&#9;&#9;&#9;throw new DatabaseInterfaceException(&quot;Error storing game ID&quot;, e, Codes.DATABASE);&#13;&#10;&#9;&#9;}&#13;&#10;&#9;&#9;&#13;&#10;&#9;}&#13;&#10;&#9;&#13;&#10;&#9;/**&#13;&#10;&#9; * Build the string SQL ranking query based on the provided user_rank_column, of either net_money or optimality,&#13;&#10;&#9; * and the timeframe parameters in the filter.&#13;&#10;&#9; * &#13;&#10;&#9; * @param user_rank_column&#13;&#10;&#9; * @param filter&#13;&#10;&#9; * @return&#13;&#10;&#9; */&#13;&#10;&#9;private String getRankingQuery(String user_rank_column, Filter filter)&#13;&#10;&#9;{&#13;&#10;&#9;&#9;String gameCount = &quot; select count(Distinct gameID) from game_actions where accountID = &quot;;&#13;&#10;&#9;&#9;String columnName = user_rank_column+&quot;_&quot;+filter.getTimeFrame().getValue();&#13;&#10;&#9;&#9;String rank;&#13;&#10;&#9;&#9;&#13;&#10;&#9;&#9;//rank based on delta money, then if tied - number of more games&#13;&#10;&#9;&#9;rank = &quot; ( SELECT COUNT(Distinct u2.id) FROM &quot; + USER_TABLE + &quot; u2 LEFT JOIN game_actions ON u2.id = game_actions.accountID&quot; +&#13;&#10;&#9;&#9;&#9;&#9;//More delta money&#13;&#10;&#9;&#9;&#9;&#9;//No games played, if u2 was registered first he is above&#13;&#10;&#9;&#9;&#9;&#9;&quot; WHERE ( (&quot;+gameCount+&quot;u1.id) = 0 and (&quot;+gameCount+&quot;u2.id) = 0 and (u1.id &gt; u2.id) ) &quot; +&#13;&#10;&#9;&#9;&#9;&#9;//U2 has games, while u1 doesn't - therefore hes above&#13;&#10;&#9;&#9;&#9;&#9;&quot; or ( (&quot;+gameCount+&quot;u1.id) = 0 and (&quot;+gameCount+&quot;u2.id) &gt; 0) &quot; +&#13;&#10;&#9;&#9;&#9;&#9;//Otherwise both have games. So we vote based on columns&#13;&#10;&#9;&#9;&#9;&#9;&quot; or (( (&quot;+gameCount+&quot;u1.id) &gt; 0 and (&quot;+gameCount+&quot;u2.id) &gt; 0) and &quot; +&#13;&#10;&#9;&#9;&#9;&#9;&#9;&#9;&quot; (u2.&quot;+columnName+&quot; &gt; u1.&quot;+columnName+&quot;) &quot; +&#13;&#10;&#9;&#9;&#9;&#9;&#9;&#9;//columns equal - if u2 has more games he's above&#13;&#10;&#9;&#9;&#9;&#9;&#9;&#9;&quot;or ((u2.&quot;+columnName+&quot; = u1.&quot;+columnName+&quot;) and (&quot;+gameCount+&quot;u1.id) &lt; (&quot;+gameCount+&quot;u2.id))&quot; +&#13;&#10;&#9;&#9;&#9;&#9;&#9;&#9;//otherwise if u2 is an older player&#13;&#10;&#9;&#9;&#9;&#9;&#9;&#9;&quot;or ((u2.&quot;+columnName+&quot; = u1.&quot;+columnName+&quot;) and (&quot;+gameCount+&quot;u1.id) = (&quot;+gameCount+&quot;u2.id) and u1.id &gt; u2.id))&quot; +&#13;&#10;&#9;&#9;&#9;&#9;&#9;&#9;&quot;) + 1&quot;;&#13;&#10;&#13;&#10;&#9;&#9;&#13;&#10;&#9;&#9;return rank;&#13;&#10;&#9;}&#13;&#10;&#9;&#13;&#10;&#9;/**&#13;&#10;&#9; * Generates a ranked list of users based on the provided filter.&#13;&#10;&#9; * The filter contains the number of elements to skip, the max elements to return, the ranking type to use,&#13;&#10;&#9; * and the timeframe to be used.&#13;&#10;&#9; * &#13;&#10;&#9; * @param filter The filter provides the limiting parameters for the query.&#13;&#10;&#9; * @return The list of RankedDataRow representing the ranked users list.&#13;&#10;&#9; * @throws DatabaseInterfaceException&#13;&#10;&#9; */&#13;&#10;&#9;public ArrayList&lt;RankedDataRow&gt; getRankedUsers(Filter filter) throws DatabaseInterfaceException&#13;&#10;&#9;{&#13;&#10;&#9;&#9;ArrayList&lt;RankedDataRow&gt; rankedData = new ArrayList&lt;RankedDataRow&gt;();&#13;&#10;&#9;&#9;&#13;&#10;&#9;&#9;String order = getRankingQuery(filter.getRankType().getValue(), filter);&#13;&#10;&#9;&#9;String columnName = filter.getRankType().getValue()+&quot;_&quot;+filter.getTimeFrame().getValue();&#13;&#10;&#9;&#9;&#13;&#10;&#9;&#9;&#13;&#10;&#9;&#9;String rankSql = &quot;SELECT u1.username, u1.&quot;+columnName+ &quot; FROM &quot;+ USER_TABLE+&#13;&#10;&#9;&#9;&#9;&#9;&#9;&#9;  &quot; u1 ORDER BY &quot; + order + &#13;&#10;&#9;&#9;&#9;&#9;&#9;&#9;  &quot; &quot;+filter.getMaxSqlFilter() + filter.getSkipSqlFilter();&#13;&#10;&#9;&#9;&#13;&#10;&#9;&#9;try&#13;&#10;&#9;&#9;{&#13;&#10;&#9;&#9;&#9;CallableStatement prepStat = dbConnection.prepareCall(rankSql);&#13;&#10;&#9;&#9;&#9;&#13;&#10;&#9;&#9;&#9;&#13;&#10;&#9;&#9;&#9;ResultSet set = prepStat.executeQuery();&#13;&#10;&#9;&#9;&#9;&#9;&#13;&#10;&#9;&#9;&#9;int position = filter.getSkip() + 1;&#13;&#10;&#9;&#9;&#9;while(set.next())&#13;&#10;&#9;&#9;&#9;{&#13;&#10;&#9;&#9;&#9;&#9;String username = set.getString(&quot;username&quot;);&#13;&#10;&#9;&#9;&#9;&#9;double value = set.getDouble(columnName);&#13;&#10;&#9;&#9;&#9;&#9;&#13;&#10;&#9;&#9;&#9;&#9;RankedDataRow temp = new RankedDataRow(position, username, value);&#13;&#10;&#9;&#9;&#9;&#9;&#13;&#10;&#9;&#9;&#9;&#9;rankedData.add(temp);&#13;&#10;&#9;&#9;&#9;&#9;&#13;&#10;&#9;&#9;&#9;&#9;position++;&#13;&#10;&#9;&#9;&#9;}&#13;&#10;&#9;&#9;&#9;&#13;&#10;&#9;&#9;&#9;prepStat.close();&#13;&#10;&#13;&#10;&#9;&#9;&#9;} catch (SQLException e) {&#13;&#10;&#9;&#9;&#9;&#9;throw new DatabaseInterfaceException(&quot;Error building rank statistics&quot;, e, Codes.DATABASE);&#13;&#10;&#9;&#9;&#9;}&#13;&#10;&#9;&#9;&#13;&#10;&#9;&#9;return rankedData;&#13;&#10;&#9;}&#13;&#10;&#9;&#13;&#10;&#9;&#13;&#10;&#9;&#13;&#10;&#9;/**&#13;&#10;&#9; * Retrieves the ranking of a user based their NetMoney&#13;&#10;&#9; * &#13;&#10;&#9; * @param account The account to get the ranking for.&#13;&#10;&#9; * @param filter The filter object that contains the limiting parameters for the query.&#13;&#10;&#9; * @return&#13;&#10;&#9; * @throws DatabaseInterfaceException&#13;&#10;&#9; */&#13;&#10;&#9;public int getUserNetMoneyRanking(Account account, Filter filter) throws DatabaseInterfaceException&#13;&#10;&#9;{&#13;&#10;&#13;&#10;&#9;&#9;String rank = getRankingQuery(RankType.NET_MONEY.getValue(), filter);&#13;&#10;&#9;&#9;String sql = &quot;SELECT (&quot;+rank+&quot;) FROM &quot; + USER_TABLE + &quot; u1 WHERE id=&quot;+account.getAccountID()+&quot;;&quot;;&#13;&#10;&#9;&#9;try&#13;&#10;&#9;&#9;{&#13;&#10;&#9;&#9;&#9;CallableStatement prepStat = dbConnection.prepareCall(sql);&#13;&#10;&#9;&#9;&#9;&#13;&#10;&#9;&#9;&#9;ResultSet set = prepStat.executeQuery();&#13;&#10;&#9;&#9;&#9;&#13;&#10;&#9;&#9;&#9;if(set.next())&#13;&#10;&#9;&#9;&#9;&#9;{&#13;&#10;&#9;&#9;&#9;&#9;int value = set.getInt(1);&#13;&#10;&#9;&#9;&#9;&#9;prepStat.close();&#13;&#10;&#9;&#9;&#9;&#9;return value;&#13;&#10;&#9;&#9;&#9;&#9;}&#13;&#10;&#9;&#9;&#9;&#9;&#13;&#10;&#9;&#9;&#9;else&#13;&#10;&#9;&#9;&#9;&#9;{&#13;&#10;&#9;&#9;&#9;&#9;prepStat.close();&#13;&#10;&#9;&#9;&#9;&#9;throw new DatabaseInterfaceException(&quot;Error retrieving User Money ranking&quot;, Codes.DATABASE);&#13;&#10;&#9;&#9;&#9;&#9;}&#13;&#10;&#9;&#9;&#9;&#9;&#13;&#10;&#13;&#10;&#9;&#9;&#9;} catch (SQLException e) {&#13;&#10;&#9;&#9;&#9;&#9;throw new DatabaseInterfaceException(&quot;Error retrieving User Money ranking&quot;, e, Codes.DATABASE);&#13;&#10;&#9;&#9;&#9;}&#13;&#10;&#9;&#9;&#13;&#10;&#9;}&#13;&#10;&#9;&#13;&#10;&#9;&#13;&#10;&#9;&#13;&#10;&#9;/**&#13;&#10;&#9; * Retrieves the ranking of a user based their optimality of gameplay&#13;&#10;&#9; * &#13;&#10;&#9; * @param account The account to get the ranking for.&#13;&#10;&#9; * @return&#13;&#10;&#9; * @throws DatabaseInterfaceException&#13;&#10;&#9; */&#13;&#10;&#9;public int getUserOptimalityRanking(Account account, Filter filter) throws DatabaseInterfaceException&#13;&#10;&#9;{&#13;&#10;&#9;&#9;String rank = getRankingQuery(RankType.OPTIMALITY.getValue(), filter);&#13;&#10;&#9;&#9;String sql = &quot;SELECT (&quot;+rank+&quot;) FROM &quot; + USER_TABLE + &quot; u1 WHERE id=&quot;+account.getAccountID()+&quot;;&quot;;&#13;&#10;&#9;&#9;try&#13;&#10;&#9;&#9;{&#13;&#10;&#9;&#9;&#9;CallableStatement prepStat = dbConnection.prepareCall(sql);&#13;&#10;&#13;&#10;&#9;&#9;&#9;ResultSet set = prepStat.executeQuery();&#13;&#10;&#9;&#9;&#9;&#13;&#10;&#9;&#9;&#9;if(set.next())&#13;&#10;&#9;&#9;&#9;&#9;{&#13;&#10;&#9;&#9;&#9;&#9;int value = set.getInt(1);&#13;&#10;&#9;&#9;&#9;&#9;prepStat.close();&#13;&#10;&#9;&#9;&#9;&#9;return value;&#13;&#10;&#9;&#9;&#9;&#9;}&#13;&#10;&#9;&#9;&#9;&#9;&#13;&#10;&#9;&#9;&#9;else&#13;&#10;&#9;&#9;&#9;&#9;{&#13;&#10;&#9;&#9;&#9;&#9;prepStat.close();&#13;&#10;&#9;&#9;&#9;&#9;throw new DatabaseInterfaceException(&quot;Error retrieving User optimality ranking&quot;, Codes.DATABASE);&#13;&#10;&#9;&#9;&#9;&#9;}&#13;&#10;&#9;&#9;&#9;&#9;&#13;&#10;&#13;&#10;&#9;&#9;&#9;} catch (SQLException e) {&#13;&#10;&#9;&#9;&#9;&#9;throw new DatabaseInterfaceException(&quot;Error retrieving User optimality ranking&quot;, e, Codes.DATABASE);&#13;&#10;&#9;&#9;&#9;}&#13;&#10;&#9;&#9;&#13;&#10;&#9;}&#13;&#10;&#9;&#13;&#10;&#9;/**&#13;&#10;&#9; * Updates the user's net money. This storage is used to allow for more efficient ranking,&#13;&#10;&#9; * since we don't need to determine the rank for all players, each time a call is made.&#13;&#10;&#9; * &#13;&#10;&#9; * @param account The account to update the delta money for.&#13;&#10;&#9; * @param NetMoney The amount of delta money.&#13;&#10;&#9; * @throws DatabaseInterfaceException&#13;&#10;&#9; */&#13;&#10;&#9;public void updateUsersNetMoney(Account account, int netMoney, Filter filter) throws DatabaseInterfaceException&#13;&#10;&#9;{&#13;&#10;&#9;&#9;String columnName = &quot;net_money_&quot;+filter.getTimeFrame().getValue();&#13;&#10;&#9;&#9;final String updateNetMoneySQL = &quot;UPDATE &quot; + USER_TABLE+&#13;&#10;&#9;&#9;&#9;&#9; &quot; SET &quot;+columnName+&quot; = ?&quot; +&#9;&#13;&#10;&#9;&#9;&#9;&#9; &quot; WHERE id = ?;&quot;;&#13;&#10;&#9;&#9;&#13;&#10;&#9;&#9;try&#13;&#10;&#9;&#9;{&#13;&#10;&#9;&#9;&#9;CallableStatement prepStat = dbConnection.prepareCall(updateNetMoneySQL);&#13;&#10;&#9;&#9;&#9;&#13;&#10;&#9;&#9;&#9;prepStat.setInt(2, account.getAccountID());&#13;&#10;&#9;&#9;&#9;prepStat.setInt(1, netMoney);&#13;&#10;&#9;&#9;&#9;&#13;&#10;&#9;&#9;&#9;prepStat.execute();&#13;&#10;&#9;&#9;&#9;prepStat.close();&#13;&#10;&#9;&#9;&#9;&#13;&#10;&#9;&#9;&#9;} catch (SQLException e) {&#13;&#10;&#9;&#9;&#9;&#9;throw new DatabaseInterfaceException(&quot;Error retrieving SUM statistic&quot;, e, Codes.DATABASE);&#13;&#10;&#9;&#9;&#9;}&#13;&#10;&#9;&#9;&#13;&#10;&#9;}&#13;&#10;&#9;&#13;&#10;&#9;public void updateRankCacheDate(Account account) throws DatabaseInterfaceException&#13;&#10;&#9;{&#13;&#10;&#9;&#9;&#9;final String setAuthSQL = &quot;UPDATE &quot; + USER_TABLE+&#13;&#10;&#9;&#9;&#9;&#9;&#9; &#9;&#9;&#9;&#9;&#9; &quot; SET rank_cache_data = CURDATE()&quot; +&#9;&#13;&#10;&#9;&#9;&#9;&#9;&#9;&#9;&#9;&#9;&#9;&#9; &quot; WHERE username = ?&quot;;&#13;&#10;&#9;&#9;&#9;&#13;&#10;&#9;&#9;&#9;try {&#13;&#10;&#9;&#9;&#9;&#9;CallableStatement prepStat = dbConnection.prepareCall(setAuthSQL);&#13;&#10;&#9;&#9;&#9;&#9;&#13;&#10;&#9;&#9;&#9;&#9;prepStat.setString(1, account.getUsername());&#13;&#10;&#9;&#9;&#9;&#9;&#13;&#10;&#9;&#9;&#9;&#9;prepStat.execute();&#13;&#10;&#9;&#9;&#9;&#9;&#13;&#10;&#9;&#9;&#9;&#9;prepStat.close();&#13;&#10;&#9;&#9;&#9;} catch (SQLException e) {&#13;&#10;&#9;&#9;&#9;&#9;throw new DatabaseInterfaceException(&quot;Error Storing Auth Token&quot;, e,  Codes.DATABASE);&#13;&#10;&#9;&#9;&#9;}&#13;&#10;&#13;&#10;&#9;}&#13;&#10;&#9;&#13;&#10;&#9;public boolean isRankCacheCurrent(Account account) throws DatabaseInterfaceException&#13;&#10;&#9;{&#13;&#10;&#9;&#9;&#9;boolean isCurrent = false;&#13;&#10;&#9;&#9;&#9;final String setAuthSQL = &quot;SELECT count(id) FROM &quot; + USER_TABLE+&#13;&#10;&#9;&#9;&#9;&#9;&#9; &#9;&#9;&#9;&#9;&#9; &quot; where rank_cache_data = CURDATE()&quot; +&#9;&#13;&#10;&#9;&#9;&#9;&#9;&#9;&#9;&#9;&#9;&#9;&#9; &quot; and username = ?&quot;;&#13;&#10;&#9;&#9;&#9;&#13;&#10;&#9;&#9;&#9;try {&#13;&#10;&#9;&#9;&#9;&#9;CallableStatement prepStat = dbConnection.prepareCall(setAuthSQL);&#13;&#10;&#9;&#9;&#9;&#9;&#13;&#10;&#9;&#9;&#9;&#9;prepStat.setString(1, account.getUsername());&#13;&#10;&#9;&#9;&#9;&#9;&#13;&#10;&#9;&#9;&#9;&#9;ResultSet result = prepStat.executeQuery();&#13;&#10;&#9;&#9;&#9;&#9;&#13;&#10;&#9;&#9;&#9;&#9;if(result.next())&#13;&#10;&#9;&#9;&#9;&#9;{&#13;&#10;&#9;&#9;&#9;&#9;&#9;isCurrent = result.getBoolean(1);&#13;&#10;&#9;&#9;&#9;&#9;}&#13;&#10;&#9;&#9;&#9;&#9;&#13;&#10;&#9;&#9;&#9;&#9;prepStat.close();&#13;&#10;&#9;&#13;&#10;&#9;&#9;&#9;} catch (SQLException e) {&#13;&#10;&#9;&#9;&#9;&#9;throw new DatabaseInterfaceException(&quot;Error Storing Auth Token&quot;, e,  Codes.DATABASE);&#13;&#10;&#9;&#9;&#9;}&#13;&#10;&#9;&#9;&#9;&#13;&#10;&#9;&#9;&#9;return isCurrent;&#13;&#10;&#13;&#10;&#9;}&#13;&#10;&#9;&#13;&#10;&#9;/**&#13;&#10;&#9; * Updates the optimality value. This storage is used to allow for more efficient ranking,&#13;&#10;&#9; * since we don't need to determine the rank for all players, each time a call is made.&#13;&#10;&#9; * &#13;&#10;&#9; * @param account The account to update the delta money for.&#13;&#10;&#9; * @param optimality The determined optimality number.&#13;&#10;&#9; * @throws DatabaseInterfaceException&#13;&#10;&#9; */&#13;&#10;&#9;public void updateUsersOptimality(Account account, double optimality, Filter filter) throws DatabaseInterfaceException&#13;&#10;&#9;{&#13;&#10;&#9;&#9;String columnName = &quot;optimality_&quot;+filter.getTimeFrame().getValue();&#13;&#10;&#9;&#9;final String updateNetMoneySQL = &quot;UPDATE &quot; + USER_TABLE+&#13;&#10;&#9;&#9;&#9;&#9; &quot; SET &quot;+columnName+&quot; = ?&quot; +&#9;&#13;&#10;&#9;&#9;&#9;&#9; &quot; WHERE id = ?;&quot;;&#13;&#10;&#9;&#9;&#13;&#10;&#9;&#9;try&#13;&#10;&#9;&#9;{&#13;&#10;&#9;&#9;&#9;CallableStatement prepStat = dbConnection.prepareCall(updateNetMoneySQL);&#13;&#10;&#9;&#9;&#9;&#13;&#10;&#9;&#9;&#9;prepStat.setInt(2, account.getAccountID());&#13;&#10;&#9;&#9;&#9;prepStat.setDouble(1, optimality);&#13;&#10;&#9;&#9;&#9;&#13;&#10;&#9;&#9;&#9;prepStat.execute();&#13;&#10;&#9;&#9;&#9;prepStat.close();&#13;&#10;&#9;&#9;&#9;&#13;&#10;&#9;&#9;&#9;} catch (SQLException e) {&#13;&#10;&#9;&#9;&#9;&#9;throw new DatabaseInterfaceException(&quot;Error retrieving SUM statistic&quot;, e,  Codes.DATABASE);&#13;&#10;&#9;&#9;&#9;}&#13;&#10;&#9;&#9;&#13;&#10;&#9;}&#13;&#10;&#9;&#13;&#10;&#9;/**&#13;&#10;&#9; * Retrieves a specific parameter from the misc data. In this case this parameter&#13;&#10;&#9; * is the amount of money that a user has generated.&#13;&#10;&#9; * &#13;&#10;&#9; * @param account The account to retrieve money for.&#13;&#10;&#9; * @return The amount of money generated by the given account.&#13;&#10;&#9; * @throws DatabaseInterfaceException&#13;&#10;&#9; */&#13;&#10;&#9;public int getMoneyGenerated(Account account, Filter filter) throws DatabaseInterfaceException&#13;&#10;&#9;{&#13;&#10;&#9;&#9;String accountFiltering = &quot;&quot;;&#13;&#10;&#9;&#9;&#13;&#10;&#9;&#9;if(account!=null)&#13;&#10;&#9;&#9;&#9;accountFiltering = &quot; and accountID = &quot; + account.getAccountID();&#13;&#10;&#9;&#9;&#13;&#10;&#9;&#9;String sql = &quot;SELECT sum(value) from misc_data WHERE TRUE &quot;+accountFiltering+&quot; and name = ? &quot;+ filter.getSqlTimeFrameFilter() +&quot;;&quot;;&#13;&#10;&#9;&#13;&#10;&#9;try&#13;&#10;&#9;{&#13;&#10;&#9;&#9;CallableStatement prepStat = dbConnection.prepareCall(sql);&#13;&#10;&#9;&#9;&#13;&#10;&#9;&#9;prepStat.setString(1, &quot;MoneyGenerated&quot;);&#13;&#10;&#9;&#9;&#13;&#10;&#9;&#9;ResultSet set = prepStat.executeQuery();&#13;&#10;&#9;&#9;int count = 0;&#13;&#10;&#9;&#9;&#13;&#10;&#9;&#9;if(set.next())&#13;&#10;&#9;&#9;{&#13;&#10;&#9;&#9;&#9;count = set.getInt(1);&#13;&#10;&#9;&#9;}&#13;&#10;&#9;&#9;&#13;&#10;&#9;&#9;prepStat.close();&#13;&#10;&#9;&#9;return count;&#13;&#10;&#9;&#9;&#13;&#10;&#9;&#9;} catch (SQLException e) {&#13;&#10;&#9;&#9;&#9;throw new DatabaseInterfaceException(&quot;Error retrieving SUM statistic&quot;, e,  Codes.DATABASE);&#13;&#10;&#9;&#9;}&#13;&#10;&#9;}&#13;&#10;&#13;&#10;&#9;/**&#13;&#10;&#9; * Determines the number of games a provided user has played.&#13;&#10;&#9; * &#13;&#10;&#9; * @param account The account to get the number of games played for.&#13;&#10;&#9; * @return&#13;&#10;&#9; * @throws DatabaseInterfaceException&#13;&#10;&#9; */&#13;&#10;&#9;public int getGamesPlayed(Account account, Filter filter) throws DatabaseInterfaceException&#13;&#10;&#9;{&#13;&#10;&#9;&#9;String accountFiltering = &quot;&quot;;&#13;&#10;&#9;&#9;&#13;&#10;&#9;&#9;if(account!=null)&#13;&#10;&#9;&#9;&#9;accountFiltering = &quot; and accountID = &quot; + account.getAccountID();&#13;&#10;&#9;&#9;&#13;&#10;&#9;&#9;String sql = &quot;SELECT count(DISTINCT gameID) from &quot; + GAME_ACTION_TABLE +&#13;&#10;&#9;&#9;&#9;&#9; &quot; WHERE TRUE &quot;+accountFiltering+&quot; &quot;+filter.getSqlTimeFrameFilter()+&quot; ;&quot;;&#13;&#10;&#9;&#13;&#10;&#9;try&#13;&#10;&#9;{&#13;&#10;&#9;&#9;CallableStatement prepStat = dbConnection.prepareCall(sql);&#13;&#10;&#9;&#9;&#13;&#10;&#9;&#9;ResultSet set = prepStat.executeQuery();&#13;&#10;&#9;&#9;int count = 0;&#13;&#10;&#9;&#9;&#13;&#10;&#9;&#9;if(set.next())&#13;&#10;&#9;&#9;{&#13;&#10;&#9;&#9;&#9;count = set.getInt(1);&#13;&#10;&#9;&#9;}&#13;&#10;&#9;&#9;&#13;&#10;&#9;&#9;prepStat.close();&#13;&#10;&#9;&#9;return count;&#13;&#10;&#9;&#9;&#13;&#10;&#9;&#9;} catch (SQLException e) {&#13;&#10;&#9;&#9;&#9;throw new DatabaseInterfaceException(&quot;Error retrieving SUM statistic&quot;, e,  Codes.DATABASE);&#13;&#10;&#9;&#9;}&#13;&#10;&#9;}&#13;&#10;&#9;&#13;&#10;&#9;/**&#13;&#10;&#9; * A generalized function that determines how many poker actions a user has made.&#13;&#10;&#9; * &#13;&#10;&#9; * @param action The action to be counted.&#13;&#10;&#9; * @param account The account to count the action for.&#13;&#10;&#9; * @return The number of a specific poker action an given account has made.&#13;&#10;&#9; * @throws DatabaseInterfaceException&#13;&#10;&#9; */&#13;&#10;&#9;public int getGameActionsCount(PokerAction action, Account account, Filter filter) throws DatabaseInterfaceException&#13;&#10;&#9;{&#13;&#10;&#9;&#9;String accountFiltering = &quot;&quot;;&#13;&#10;&#9;&#9;&#13;&#10;&#9;&#9;if(account!=null)&#13;&#10;&#9;&#9;&#9;accountFiltering = &quot;and accountID = &quot; + account.getAccountID();&#13;&#10;&#9;&#9;&#13;&#10;&#9;&#9;String sql = &quot;SELECT count(*) from &quot; + GAME_ACTION_TABLE +&#13;&#10;&#9;&#9;&#9;&#9;&#9; &quot; WHERE TRUE &quot;+accountFiltering+&quot; AND type = ? &quot;+filter.getSqlTimeFrameFilter()+&quot; ;&quot;;&#13;&#10;&#9;&#9;&#13;&#10;&#9;&#9;try&#13;&#10;&#9;&#9;{&#13;&#10;&#9;&#9;&#9;CallableStatement prepStat = dbConnection.prepareCall(sql);&#13;&#10;&#9;&#9;&#9;&#13;&#10;&#9;&#9;&#9;prepStat.setString(1, action.getValue());&#13;&#10;&#9;&#9;&#9;&#13;&#10;&#9;&#9;&#9;ResultSet set = prepStat.executeQuery();&#13;&#10;&#9;&#9;&#9;int count = 0;&#13;&#10;&#9;&#9;&#9;&#13;&#10;&#9;&#9;&#9;if(set.next())&#13;&#10;&#9;&#9;&#9;{&#13;&#10;&#9;&#9;&#9;&#9;count = set.getInt(1);&#13;&#10;&#9;&#9;&#9;}&#13;&#10;&#9;&#9;&#9;&#13;&#10;&#9;&#9;&#9;prepStat.close();&#13;&#10;&#9;&#9;&#9;return count;&#13;&#10;&#9;&#9;&#9;&#13;&#10;&#9;&#9;&#9;} catch (SQLException e) {&#13;&#10;&#9;&#9;&#9;&#9;throw new DatabaseInterfaceException(&quot;Error retrieving SUM statistic&quot;, e,  Codes.DATABASE);&#13;&#10;&#9;&#9;&#9;}&#13;&#10;&#9;&#9;&#13;&#10;&#9;}&#13;&#10;&#9;&#13;&#10;&#9;/**&#13;&#10;&#9; * A generalized function that either sums, or averages a numerable column in the game_action table of the database.&#13;&#10;&#9; * There is a filtering poker action that limits what values are determined. If null is provided for the PokerAction,&#13;&#10;&#9; * all actions are considered. There is also a parameter that allows zero values to be ignored.&#13;&#10;&#9; * &#13;&#10;&#9; * @param account The account to be considered.&#13;&#10;&#9; * @param op The operation to be considered.&#13;&#10;&#9; * @param column The column to run the operation on.&#13;&#10;&#9; * @param action A filtering action.&#13;&#10;&#9; * @param ignoreZeroValues Wheither to ignore zero values or not.&#13;&#10;&#9; * @return The result of the operation.&#13;&#10;&#9; * @throws DatabaseInterfaceException&#13;&#10;&#9; */&#13;&#10;&#9;public int getGameActionsTypedNum(Account account, NumerableActionOperation op,&#13;&#10;&#9;&#9;&#9;&#9;&#9;&#9;&#9;&#9;&#9;NumerableActionColumn column, PokerAction action, boolean ignoreZeroValues, Filter filter) throws DatabaseInterfaceException&#13;&#10;&#9;{&#13;&#10;&#9;&#9;String typeLimit = &quot;&quot;;&#13;&#10;&#9;&#9;String ignoreZero = &quot;&quot;;&#13;&#10;&#9;&#9;String accountFiltering = &quot;&quot;;&#13;&#10;&#9;&#9;&#13;&#10;&#9;&#9;if(action != null)&#13;&#10;&#9;&#9;&#9;typeLimit = &quot; and type = '&quot;+ action.getValue()+&quot;' &quot;;&#13;&#10;&#9;&#9;&#13;&#10;&#9;&#9;if(account !=null)&#13;&#10;&#9;&#9;&#9;accountFiltering = &quot; and accountID = &quot;+account.getAccountID()+&quot; &quot;;&#13;&#10;&#9;&#9;&#13;&#10;&#9;&#9;if(ignoreZeroValues)&#13;&#10;&#9;&#9;&#9;ignoreZero = &quot; and &quot; + column.getValue() + &quot;&lt;&gt; 0&quot;;&#13;&#10;&#9;&#9;&#13;&#10;&#9;&#9;&#13;&#10;&#9;&#9;&#13;&#10;&#9;&#9;String sql = &quot;SELECT &quot;+op.getValue()+&quot;(&quot;+column.getValue()+&quot;) from &quot; + GAME_ACTION_TABLE +&#13;&#10;&#9;&#9;&#9;&#9;&#9; &quot; WHERE TRUE &quot;+typeLimit+&quot; &quot;+accountFiltering+&quot; &quot;+ignoreZero+&quot; &quot;+filter.getSqlTimeFrameFilter()+&quot; ;&quot;;&#13;&#10;&#9;&#9;&#13;&#10;&#9;&#9;try&#13;&#10;&#9;&#9;{&#13;&#10;&#9;&#9;&#9;CallableStatement prepStat = dbConnection.prepareCall(sql);&#13;&#10;&#9;&#9;&#9;&#13;&#10;&#9;&#9;&#9;ResultSet set = prepStat.executeQuery();&#13;&#10;&#9;&#9;&#9;int count = 0;&#13;&#10;&#9;&#9;&#9;&#13;&#10;&#9;&#9;&#9;if(set.next())&#13;&#10;&#9;&#9;&#9;{&#13;&#10;&#9;&#9;&#9;&#9;count = set.getInt(1);&#13;&#10;&#9;&#9;&#9;}&#13;&#10;&#9;&#9;&#9;&#13;&#10;&#9;&#9;&#9;prepStat.close();&#13;&#10;&#9;&#9;&#9;return count;&#13;&#10;&#9;&#9;&#9;&#13;&#10;&#9;&#9;&#9;} catch (SQLException e) {&#13;&#10;&#9;&#9;&#9;&#9;throw new DatabaseInterfaceException(&quot;Error retrieving SUM statistic&quot;, e,  Codes.DATABASE);&#13;&#10;&#9;&#9;&#9;}&#13;&#10;&#9;}&#13;&#10;&#9;&#13;&#10;&#9;/**&#13;&#10;&#9; * Adds a entry to the game optimality for the game. This includes a optimality rating for that game.&#13;&#10;&#9; * &#13;&#10;&#9; * &#13;&#10;&#9; * @param account&#13;&#10;&#9; * @return&#13;&#10;&#9; * @throws DatabaseInterfaceException&#13;&#10;&#9; */&#13;&#10;&#9;public boolean setGameOptimalityForUser(Account account, Game game, double optimality) throws DatabaseInterfaceException&#13;&#10;&#9;{&#13;&#10;&#9;&#9;int gameId = getGameDatabaseID(game);&#13;&#10;&#9;&#9;&#13;&#10;&#9;&#9;if(this.optimalityExists(gameId, account.getAccountID())) return true;&#13;&#10;&#9;&#9;&#13;&#10;&#9;&#9;String insertAccountSQL = &quot;INSERT INTO game_optimality (game_id, account_id, optimality) VALUES (?,?,?);&quot;;&#13;&#10;&#9;&#9;&#13;&#10;&#9;&#9;try {&#13;&#10;&#9;&#9;&#9;CallableStatement prepStat = dbConnection.prepareCall(insertAccountSQL);&#13;&#10;&#13;&#10;&#9;&#9;&#9;prepStat.setInt(1, gameId);&#13;&#10;&#9;&#9;&#9;prepStat.setInt(2, account.getAccountID());&#13;&#10;&#9;&#9;&#9;prepStat.setDouble(3, optimality);&#13;&#10;&#13;&#10;&#9;&#9;&#9;prepStat.execute();&#13;&#10;&#9;&#9;&#9;prepStat.close();&#13;&#10;&#9;&#9;} catch (SQLException e) {&#13;&#10;&#9;&#9;&#9;throw new DatabaseInterfaceException(&quot;Unable to store optimality value for game.&quot;, e,  Codes.DATABASE);&#13;&#10;&#9;&#9;}&#13;&#10;&#13;&#10;&#9;&#9;return false;&#13;&#10;&#13;&#10;&#9;}&#13;&#10;&#9;&#13;&#10;&#9;/**&#13;&#10;&#9; * Retrieves an optimality rating for the user, based on a given timeframe in the filter&#13;&#10;&#9; * &#13;&#10;&#9; * @param account&#13;&#10;&#9; * @return&#13;&#10;&#9; * @throws DatabaseInterfaceException&#13;&#10;&#9; */&#13;&#10;&#9;public double getUserOptimality(Account account, Filter filter) throws DatabaseInterfaceException&#13;&#10;&#9;{&#13;&#10;&#9;&#9;&#13;&#10;&#9;&#9;String sql = &quot;SELECT avg(optimality) FROM game_optimality JOIN games ON game_optimality.game_id = games.id WHERE account_id = ? &quot;+filter.getSqlTimeFrameFilter()+&quot; ;&quot;;&#13;&#10;&#9;&#9;&#13;&#10;&#9;&#9;try {&#13;&#10;&#9;&#9;&#9;CallableStatement prepStat = dbConnection.prepareCall(sql);&#13;&#10;&#13;&#10;&#9;&#9;&#9;prepStat.setInt(1, account.getAccountID());&#13;&#10;&#13;&#10;&#9;&#9;&#9;ResultSet set = prepStat.executeQuery();&#13;&#10;&#9;&#9;&#9;double count = 0;&#13;&#10;&#9;&#9;&#9;&#13;&#10;&#9;&#9;&#9;if(set.next())&#13;&#10;&#9;&#9;&#9;{&#13;&#10;&#9;&#9;&#9;&#9;count = set.getDouble(1);&#13;&#10;&#9;&#9;&#9;}&#13;&#10;&#9;&#9;&#9;&#13;&#10;&#9;&#9;&#9;prepStat.close();&#13;&#10;&#9;&#9;&#9;return count;&#13;&#10;&#9;&#9;&#9;&#13;&#10;&#9;&#9;} catch (SQLException e) {&#13;&#10;&#9;&#9;&#9;throw new DatabaseInterfaceException(&quot;Unable to retrieve optimality value for user.&quot;, e,  Codes.DATABASE);&#13;&#10;&#9;&#9;}&#13;&#10;&#13;&#10;&#9;}&#13;&#10;&#9;&#13;&#10;&#9;public void close()&#13;&#10;&#9;{&#13;&#10;&#9;&#9;try {&#13;&#10;&#9;&#9;&#9;this.dbConnection.close();&#13;&#10;&#9;&#9;} catch (SQLException e) { }&#13;&#10;&#9;}&#13;&#10;&#9;&#13;&#10;&#9;/**&#13;&#10;&#9; * Centralizes all Exceptions caused by DatabaseInterface.&#13;&#10;&#9; * &#13;&#10;&#9; * @author dddurand&#13;&#10;&#9; *&#13;&#10;&#9; */&#13;&#10;&#9;public class DatabaseInterfaceException extends Exception&#13;&#10;&#9;{&#13;&#10;&#9;&#9;/**&#13;&#10;&#9;&#9; * &#13;&#10;&#9;&#9; */&#13;&#10;&#9;&#9;private static final long serialVersionUID = -3785824197570821055L;&#13;&#10;&#9;&#9;private int code = Codes.DATABASE;&#13;&#10;&#9;&#9;&#13;&#10;&#9;&#9;/**&#13;&#10;&#9;&#9; * Empty Exception&#13;&#10;&#9;&#9; */&#13;&#10;&#9;&#9;public DatabaseInterfaceException()&#13;&#10;&#9;&#9;{&#13;&#10;&#9;&#9;&#9;super();&#13;&#10;&#9;&#9;}&#13;&#10;&#9;&#9;&#13;&#10;&#9;&#9;/**&#13;&#10;&#9;&#9; * New exception with a specific message&#13;&#10;&#9;&#9; * @param message&#13;&#10;&#9;&#9; */&#13;&#10;&#9;&#9;public DatabaseInterfaceException(String message, int code)&#13;&#10;&#9;&#9;{&#13;&#10;&#9;&#9;&#9;super(message);&#13;&#10;&#9;&#9;&#9;this.code = code;&#13;&#10;&#9;&#9;}&#13;&#10;&#9;&#9;&#13;&#10;&#9;&#9;/**&#13;&#10;&#9;&#9; * Generate an exception based on one that already exists, along with&#13;&#10;&#9;&#9; * an additional message.&#13;&#10;&#9;&#9; * &#13;&#10;&#9;&#9; * @param message&#13;&#10;&#9;&#9; * @param e An existing exception.&#13;&#10;&#9;&#9; */&#13;&#10;&#9;&#9;public DatabaseInterfaceException(String message, Exception e, int code)&#13;&#10;&#9;&#9;{&#13;&#10;&#9;&#9;&#9;super(message, e);&#13;&#10;&#9;&#9;}&#13;&#10;&#9;&#9;&#13;&#10;&#9;&#9;/**&#13;&#10;&#9;&#9; * Create a new exception from one that already exists.&#13;&#10;&#9;&#9; * &#13;&#10;&#9;&#9; * @param e An existing exception.&#13;&#10;&#9;&#9; */&#13;&#10;&#9;&#9;public DatabaseInterfaceException(Exception e)&#13;&#10;&#9;&#9;{&#13;&#10;&#9;&#9;&#9;super(e);&#13;&#10;&#9;&#9;}&#13;&#10;&#9;&#9;&#13;&#10;&#9;&#9;/**&#13;&#10;&#9;&#9; * Returns code number&#13;&#10;&#9;&#9; * @return&#13;&#10;&#9;&#9; */&#13;&#10;&#9;&#9;public int getCode()&#13;&#10;&#9;&#9;{&#13;&#10;&#9;&#9;&#9;return this.code;&#13;&#10;&#9;&#9;}&#13;&#10;&#9;}&#13;&#10;&#9;&#13;&#10;&#9;/**&#13;&#10;&#9; * All the possible numberable operations for querying&#13;&#10;&#9; * &#13;&#10;&#9; * @author dddurand&#13;&#10;&#9; *&#13;&#10;&#9; */&#13;&#10;&#9;public enum NumerableActionOperation&#13;&#10;&#9;{&#13;&#10;&#9;&#9;SUM(&quot;SUM&quot;), AVG(&quot;AVG&quot;);&#13;&#10;&#9;&#9;&#13;&#10;&#9;&#9;private String value;&#13;&#10;&#9;&#9;&#13;&#10;&#9;&#9;NumerableActionOperation(String value)&#13;&#10;&#9;&#9;{&#13;&#10;&#9;&#9;&#9;this.value = value;&#13;&#10;&#9;&#9;}&#13;&#10;&#9;&#9;&#13;&#10;&#9;&#9;public String getValue()&#13;&#10;&#9;&#9;{&#13;&#10;&#9;&#9;&#9;return this.value;&#13;&#10;&#9;&#9;}&#13;&#10;&#9;&#9;&#13;&#10;&#9;}&#13;&#10;&#9;&#13;&#10;&#9;/**&#13;&#10;&#9; * All possible columns that NumerableActionsOperations&#13;&#10;&#9; * can act upon.&#13;&#10;&#9; * &#13;&#10;&#9; * @author dddurand&#13;&#10;&#9; *&#13;&#10;&#9; */&#13;&#10;&#9;public enum NumerableActionColumn&#13;&#10;&#9;{&#13;&#10;&#9;&#9;POT(&quot;pot&quot;), BET(&quot;bet&quot;);&#13;&#10;&#9;&#9;&#13;&#10;&#9;&#9;private String value;&#13;&#10;&#9;&#9;&#13;&#10;&#9;&#9;NumerableActionColumn(String value)&#13;&#10;&#9;&#9;{&#13;&#10;&#9;&#9;&#9;this.value = value;&#13;&#10;&#9;&#9;}&#13;&#10;&#9;&#9;&#13;&#10;&#9;&#9;public String getValue()&#13;&#10;&#9;&#9;{&#13;&#10;&#9;&#9;&#9;return this.value;&#13;&#10;&#9;&#9;}&#13;&#10;&#9;&#9;&#13;&#10;&#9;}&#13;&#10;&#9;&#13;&#10;}&#13;&#10;" Filename="DatabaseInterface.java" Intrnl_Id="30"/>
<SrcFile Content="package dataModels;&#13;&#10;&#13;&#10;import java.lang.reflect.Type;&#13;&#10;import java.util.ArrayList;&#13;&#10;&#13;&#10;import com.google.gson.JsonArray;&#13;&#10;import com.google.gson.JsonDeserializationContext;&#13;&#10;import com.google.gson.JsonDeserializer;&#13;&#10;import com.google.gson.JsonElement;&#13;&#10;import com.google.gson.JsonObject;&#13;&#10;import com.google.gson.JsonParseException;&#13;&#10;&#13;&#10;import dataModels.GameAction.PokerAction;&#13;&#10;&#13;&#10;/**&#13;&#10; * Acts as the data representation for the game &amp; misc data uploaded to the web service.&#13;&#10; * This class also contains the code to convert the JSON provided to the webservice, into&#13;&#10; * the UploadData model.&#13;&#10; * &#13;&#10; * @author dddurand&#13;&#10; *&#13;&#10; */&#13;&#10;public class UploadData {&#13;&#10;&#13;&#10;&#9;private ArrayList&lt;Game&gt; games;&#13;&#10;&#9;private ArrayList&lt;MiscGameData&gt; miscDatas;&#13;&#10;&#13;&#10;&#9;/**&#13;&#10;&#9; * General Constructor&#13;&#10;&#9; */&#13;&#10;&#9;public UploadData() {}&#13;&#10;&#13;&#10;&#9;/**&#13;&#10;&#9; * General Constructor&#13;&#10;&#9; * &#13;&#10;&#9; * @param games The games data to be uploaded&#13;&#10;&#9; * @param otherdata The misc data to be uploaded&#13;&#10;&#9; */&#13;&#10;&#9;public UploadData(ArrayList&lt;Game&gt; games, ArrayList&lt;MiscGameData&gt; otherdata)&#13;&#10;&#9;{&#13;&#10;&#9;&#9;this.games = games;&#13;&#10;&#9;&#9;this.miscDatas = otherdata;&#13;&#10;&#9;}&#13;&#10;&#13;&#10;&#9;&#13;&#10;&#9;/**&#13;&#10;&#9; * Games Getter&#13;&#10;&#9; * &#13;&#10;&#9; * @return&#13;&#10;&#9; */&#13;&#10;&#9;public ArrayList&lt;Game&gt; getGames() {&#13;&#10;&#9;&#9;return games;&#13;&#10;&#9;}&#13;&#10;&#13;&#10;&#9;/**&#13;&#10;&#9; * Games Setter&#13;&#10;&#9; * &#13;&#10;&#9; * @param games&#13;&#10;&#9; */&#13;&#10;&#9;public void setGames(ArrayList&lt;Game&gt; games) {&#13;&#10;&#9;&#9;this.games = games;&#13;&#10;&#9;}&#13;&#10;&#13;&#10;&#9;/**&#13;&#10;&#9; * Misc Datas Getter&#13;&#10;&#9; * &#13;&#10;&#9; * @return&#13;&#10;&#9; */&#13;&#10;&#9;public ArrayList&lt;MiscGameData&gt; getMiscDatas() {&#13;&#10;&#9;&#9;return miscDatas;&#13;&#10;&#9;}&#13;&#10;&#9;&#13;&#10;&#9;/**&#13;&#10;&#9; * MiscDatas Setter&#13;&#10;&#9; * &#13;&#10;&#9; * @param miscDatas&#13;&#10;&#9; */&#13;&#10;&#9;public void setMiscDatas(ArrayList&lt;MiscGameData&gt; miscDatas) {&#13;&#10;&#9;&#9;this.miscDatas = miscDatas;&#13;&#10;&#9;}&#13;&#10;&#13;&#10;&#9;/**&#13;&#10;&#9; * Custom Deserializer that takes the provided json,&#13;&#10;&#9; * and converts it into a UploadData object.&#13;&#10;&#9; * &#13;&#10;&#9; * @author dddurand&#13;&#10;&#9; *&#13;&#10;&#9; */&#13;&#10;&#9;public static class UploadDataDeserializer implements JsonDeserializer&lt;UploadData&gt; {&#13;&#10;&#13;&#10;&#9;&#9;/**&#13;&#10;&#9;&#9; * Generates a game from the json data&#13;&#10;&#9;&#9; * &#13;&#10;&#9;&#9; * @param gameObject&#13;&#10;&#9;&#9; * @return&#13;&#10;&#9;&#9; */&#13;&#10;&#9;&#9;private Game createGame(JsonObject gameObject)&#13;&#10;&#9;&#9;{&#13;&#10;&#9;&#9;&#9;String game_id = gameObject.get(&quot;gameID&quot;).getAsString();&#13;&#10;&#13;&#10;&#9;&#9;&#9;if(game_id == null || game_id.isEmpty())&#13;&#10;&#9;&#9;&#9;&#9;throw new JsonParseException(&quot;Invalid Game ID&quot;);&#13;&#10;&#13;&#10;&#9;&#9;&#9;JsonArray actions = gameObject.get(&quot;gameActions&quot;).getAsJsonArray();&#13;&#10;&#9;&#9;&#9;ArrayList&lt;GameAction&gt; actionList = createGameActionList(actions);&#13;&#10;&#13;&#10;&#9;&#9;&#9;Game game = new Game(actionList, game_id);&#13;&#10;&#13;&#10;&#9;&#9;&#9;return game;&#13;&#10;&#9;&#9;}&#13;&#10;&#13;&#10;&#9;&#9;/**&#13;&#10;&#9;&#9; * Generates a game action collection from the json data&#13;&#10;&#9;&#9; * &#13;&#10;&#9;&#9; * @param actions&#13;&#10;&#9;&#9; * @return&#13;&#10;&#9;&#9; */&#13;&#10;&#9;&#9;private ArrayList&lt;GameAction&gt; createGameActionList(JsonArray actions)&#13;&#10;&#9;&#9;{&#13;&#10;&#9;&#9;&#9;int actionsCount = actions.size();&#13;&#10;&#9;&#9;&#9;ArrayList&lt;GameAction&gt; actionList = new ArrayList&lt;GameAction&gt;();&#13;&#10;&#13;&#10;&#9;&#9;&#9;for(int j = 0; j &lt; actionsCount; j++)&#13;&#10;&#9;&#9;&#9;{&#13;&#10;&#9;&#9;&#9;&#9;JsonObject actionObject =  actions.get(j).getAsJsonObject();&#13;&#10;&#13;&#10;&#9;&#9;&#9;&#9;GameAction action =  createGameAction(actionObject);&#13;&#10;&#13;&#10;&#9;&#9;&#9;&#9;actionList.add(action);&#13;&#10;&#9;&#9;&#9;}&#13;&#10;&#13;&#10;&#9;&#9;&#9;return actionList;&#13;&#10;&#9;&#9;}&#13;&#10;&#13;&#10;&#9;&#9;/**&#13;&#10;&#9;&#9; * Generates a game action from the json data&#13;&#10;&#9;&#9; * &#13;&#10;&#9;&#9; * @param actionObject&#13;&#10;&#9;&#9; * @return&#13;&#10;&#9;&#9; */&#13;&#10;&#9;&#9;private GameAction createGameAction(JsonObject actionObject)&#13;&#10;&#9;&#9;{&#13;&#10;&#9;&#9;&#9;String actionString = actionObject.get(&quot;action&quot;).getAsString();&#13;&#10;&#13;&#10;&#9;&#9;&#9;PokerAction pokerAction = PokerAction.getAction(actionString);&#13;&#10;&#13;&#10;&#9;&#9;&#9;if(pokerAction == PokerAction.UNKNOWN)&#13;&#10;&#9;&#9;&#9;&#9;throw new JsonParseException(&quot;Invalid game action&quot;);&#13;&#10;&#13;&#10;&#9;&#9;&#9;int pot = actionObject.get(&quot;pot&quot;).getAsInt();&#13;&#10;&#9;&#9;&#9;int bet = actionObject.get(&quot;bet&quot;).getAsInt();&#13;&#10;&#9;&#9;&#9;String hand = actionObject.get(&quot;hand&quot;).getAsString();&#13;&#10;&#9;&#9;&#9;String comm = actionObject.get(&quot;communityCards&quot;).getAsString();&#13;&#10;&#13;&#10;&#9;&#9;&#9;if(hand != null &amp;&amp; hand.length() != 5 &amp;&amp; !Card.validCardString(hand))&#13;&#10;&#9;&#9;&#9;&#9;throw new JsonParseException(&quot;Invalid Hand&quot;);&#13;&#10;&#9;&#9;&#9;if(comm != null &amp;&amp; !comm.isEmpty() &amp;&amp; !Card.validCardString(comm))&#13;&#10;&#9;&#9;&#9;&#9;throw new JsonParseException(&quot;Invalid Community Card Data&quot;);&#13;&#10;&#13;&#10;&#9;&#9;&#9;ArrayList&lt;Card&gt; handList = Card.generateCards(hand);&#13;&#10;&#9;&#9;&#9;ArrayList&lt;Card&gt; commList = Card.generateCards(comm);&#13;&#10;&#13;&#10;&#9;&#9;&#9;GameAction action = new GameAction(pokerAction, pot, bet, handList, commList);&#13;&#10;&#13;&#10;&#9;&#9;&#9;return action;&#13;&#10;&#9;&#9;}&#13;&#10;&#13;&#10;&#9;&#9;/**&#13;&#10;&#9;&#9; * Generates a list of game objects from the json data&#13;&#10;&#9;&#9; * &#13;&#10;&#9;&#9; * @param games&#13;&#10;&#9;&#9; * @return&#13;&#10;&#9;&#9; */&#13;&#10;&#9;&#9;private ArrayList&lt;Game&gt; generateGameList(JsonArray games)&#13;&#10;&#9;&#9;{&#13;&#10;&#9;&#9;&#9;int gamesCount = games.size();&#13;&#10;&#9;&#9;&#9;ArrayList&lt;Game&gt; gameList = new ArrayList&lt;Game&gt;();&#13;&#10;&#13;&#10;&#9;&#9;&#9;for(int i = 0; i &lt; gamesCount; i++)&#13;&#10;&#9;&#9;&#9;{&#13;&#10;&#9;&#9;&#9;&#9;try{&#13;&#10;&#9;&#9;&#9;&#9;&#9;JsonObject gameObject =  games.get(i).getAsJsonObject();&#9;&#13;&#10;&#9;&#9;&#9;&#9;&#9;Game game = createGame(gameObject);&#13;&#10;&#9;&#9;&#9;&#9;&#9;gameList.add(game);&#13;&#10;&#9;&#9;&#9;&#9;}&#13;&#10;&#9;&#9;&#9;&#9;catch (JsonParseException e)&#13;&#10;&#9;&#9;&#9;&#9;{&#13;&#10;&#9;&#9;&#9;&#9;&#9;gameList.add(null);&#13;&#10;&#9;&#9;&#9;&#9;}&#13;&#10;&#9;&#9;&#9;}&#13;&#10;&#13;&#10;&#9;&#9;&#9;return gameList;&#13;&#10;&#9;&#9;}&#13;&#10;&#13;&#10;&#9;&#9;/**&#13;&#10;&#9;&#9; * Generates a collection of MiscGameData objects from the provided json&#13;&#10;&#9;&#9; * &#13;&#10;&#9;&#9; * @param miscDatas&#13;&#10;&#9;&#9; * @return&#13;&#10;&#9;&#9; */&#13;&#10;&#9;&#9;private ArrayList&lt;MiscGameData&gt; createMiscList(JsonArray miscDatas)&#13;&#10;&#9;&#9;{&#13;&#10;&#9;&#9;&#9;int miscCount = miscDatas.size();&#13;&#10;&#9;&#9;&#9;ArrayList&lt;MiscGameData&gt; miscList = new ArrayList&lt;MiscGameData&gt;();&#13;&#10;&#13;&#10;&#9;&#9;&#9;for(int i = 0; i &lt; miscCount; i++)&#13;&#10;&#9;&#9;&#9;{&#13;&#10;&#9;&#9;&#9;&#9;try{&#13;&#10;&#9;&#9;&#9;&#9;&#9;JsonObject miscObj = miscDatas.get(i).getAsJsonObject();&#13;&#10;&#13;&#10;&#9;&#9;&#9;&#9;&#9;String name = miscObj.get(&quot;name&quot;).getAsString();&#13;&#10;&#9;&#9;&#9;&#9;&#9;String value = miscObj.get(&quot;value&quot;).getAsString();&#13;&#10;&#13;&#10;&#13;&#10;&#9;&#9;&#9;&#9;&#9;MiscGameData miscData = new MiscGameData(name, value);&#13;&#10;&#9;&#9;&#9;&#9;&#9;miscList.add(miscData);&#13;&#10;&#9;&#9;&#9;&#9;}&#13;&#10;&#9;&#9;&#9;&#9;catch (JsonParseException e)&#13;&#10;&#9;&#9;&#9;&#9;{&#13;&#10;&#9;&#9;&#9;&#9;&#9;miscList.add(null);&#13;&#10;&#9;&#9;&#9;&#9;}&#13;&#10;&#9;&#9;&#9;}&#13;&#10;&#13;&#10;&#9;&#9;&#9;return miscList;&#13;&#10;&#9;&#9;}&#13;&#10;&#13;&#10;&#9;&#9;/**&#13;&#10;&#9;&#9; * The custom serializer that converts the provided json,&#13;&#10;&#9;&#9; * into a UploadData object.&#13;&#10;&#9;&#9; * &#13;&#10;&#9;&#9; */&#13;&#10;&#9;&#9;@Override&#13;&#10;&#9;&#9;public UploadData deserialize(JsonElement element, Type type,&#13;&#10;&#9;&#9;&#9;&#9;JsonDeserializationContext context) throws JsonParseException {&#13;&#10;&#13;&#10;&#9;&#9;&#9;JsonObject uploadDataObj = element.getAsJsonObject();&#13;&#10;&#13;&#10;&#9;&#9;&#9;JsonArray games = uploadDataObj.get(&quot;games&quot;).getAsJsonArray();&#13;&#10;&#13;&#10;&#9;&#9;&#9;JsonArray miscDatas = uploadDataObj.get(&quot;miscDatas&quot;).getAsJsonArray();&#13;&#10;&#13;&#10;&#9;&#9;&#9;ArrayList&lt;Game&gt; gameList = generateGameList(games);&#13;&#10;&#9;&#9;&#9;ArrayList&lt;MiscGameData&gt; miscList = createMiscList(miscDatas);&#13;&#10;&#13;&#10;&#9;&#9;&#9;UploadData uploadData = new UploadData(gameList, miscList);&#13;&#10;&#13;&#10;&#9;&#9;&#9;return uploadData;&#13;&#10;&#9;&#9;}&#13;&#10;&#9;}&#13;&#10;&#13;&#10;}&#13;&#10;" Filename="UploadData.java" Intrnl_Id="31"/>
<SrcFile Content="package dataModels;&#13;&#10;&#13;&#10;import java.util.ArrayList;&#13;&#10;&#13;&#10;public class RankingStatistics {&#13;&#10;&#9;&#9;&#13;&#10;&#9;&#9;private ArrayList&lt;RankedDataRow&gt; rankedData;&#13;&#10;&#9;&#9;private RankedDataRow myRankData;&#13;&#10;&#13;&#10;&#9;&#9;/**&#13;&#10;&#9;&#9; * General Constructor&#13;&#10;&#9;&#9; */&#13;&#10;&#9;&#9;public RankingStatistics() { }&#13;&#10;&#9;&#9;&#9;&#13;&#10;&#9;&#9;/**&#13;&#10;&#9;&#9; * General Constructor&#13;&#10;&#9;&#9; */&#13;&#10;&#9;&#9;public RankingStatistics(ArrayList&lt;RankedDataRow&gt; ranked_data, RankedDataRow myRankData)&#13;&#10;&#9;&#9;{&#13;&#10;&#9;&#9;&#9;this.rankedData = ranked_data;&#13;&#10;&#9;&#9;&#9;this.myRankData = myRankData;&#13;&#10;&#9;&#9;}&#13;&#10;&#9;&#9;&#13;&#10;&#9;&#9;&#13;&#10;&#9;&#9;/**&#13;&#10;&#9;&#9; * A standalone Rank Data. In our case it will be used for the calling user.&#13;&#10;&#9;&#9; */&#13;&#10;&#9;&#9;public RankedDataRow getMyRankData() {&#13;&#10;&#9;&#9;&#9;return myRankData;&#13;&#10;&#9;&#9;}&#13;&#10;&#13;&#10;&#9;&#9;/**&#13;&#10;&#9;&#9; * Updates the Rank Data for the current user.&#13;&#10;&#9;&#9; * &#13;&#10;&#9;&#9; * @param myPosition&#13;&#10;&#9;&#9; */&#13;&#10;&#9;&#9;public void setMyRankData(RankedDataRow myRankData) {&#13;&#10;&#9;&#9;&#9;this.myRankData = myRankData;&#13;&#10;&#9;&#9;}&#13;&#10;&#13;&#10;&#9;&#9;/**&#13;&#10;&#9;&#9; * Returns the Ranked List of Users&#13;&#10;&#9;&#9; * &#13;&#10;&#9;&#9; * @return&#13;&#10;&#9;&#9; */&#13;&#10;&#9;&#9;public ArrayList&lt;RankedDataRow&gt; getRankedData() {&#13;&#10;&#9;&#9;&#9;return rankedData;&#13;&#10;&#9;&#9;}&#13;&#10;&#13;&#10;&#9;&#9;/**&#13;&#10;&#9;&#9; * Data Class representing a username, their rank position, and their rank value&#13;&#10;&#9;&#9; * &#13;&#10;&#9;&#9; * @author dddurand&#13;&#10;&#9;&#9; *&#13;&#10;&#9;&#9; */&#13;&#10;&#9;&#9;public static class RankedDataRow&#13;&#10;&#9;&#9;{&#13;&#10;&#9;&#9;&#9;@SuppressWarnings(&quot;unused&quot;)&#13;&#10;&#9;&#9;&#9;private int position;&#13;&#10;&#9;&#9;&#9;@SuppressWarnings(&quot;unused&quot;)&#13;&#10;&#9;&#9;&#9;private String username;&#13;&#10;&#9;&#9;&#9;@SuppressWarnings(&quot;unused&quot;)&#13;&#10;&#9;&#9;&#9;private double rankValue;&#13;&#10;&#9;&#9;&#9;&#13;&#10;&#9;&#9;&#9;/**&#13;&#10;&#9;&#9;&#9; * General Constructor&#13;&#10;&#9;&#9;&#9; */&#13;&#10;&#9;&#9;&#9;public RankedDataRow() {}&#13;&#10;&#9;&#9;&#9;&#13;&#10;&#9;&#9;&#9;/**&#13;&#10;&#9;&#9;&#9; * General Constructor&#13;&#10;&#9;&#9;&#9; * &#13;&#10;&#9;&#9;&#9; * @param position The position of the RankedDataRow&#13;&#10;&#9;&#9;&#9; * @param username The username of the account&#13;&#10;&#9;&#9;&#9; * @param rankValue The value of the rank type for the current account&#13;&#10;&#9;&#9;&#9; */&#13;&#10;&#9;&#9;&#9;public RankedDataRow(int position, String username, double rankValue)&#13;&#10;&#9;&#9;&#9;{&#13;&#10;&#9;&#9;&#9;&#9;this.position = position;&#13;&#10;&#9;&#9;&#9;&#9;this.username = username;&#13;&#10;&#9;&#9;&#9;&#9;this.rankValue = rankValue;&#13;&#10;&#9;&#9;&#9;}&#13;&#10;&#9;&#9;&#9;&#13;&#10;&#9;&#9;}&#13;&#10;&#13;&#10;}&#13;&#10;" Filename="RankingStatistics.java" Intrnl_Id="32"/>
<SrcFile Content="package dataModels;&#13;&#10;&#13;&#10;import dataModels.Filter.TimeFrame;&#13;&#10;import dataModels.GameAction.PokerAction;&#13;&#10;import dataModels.RankingStatistics.RankedDataRow;&#13;&#10;import database.DatabaseInterface;&#13;&#10;import database.DatabaseInterface.DatabaseInterfaceException;&#13;&#10;import database.DatabaseInterface.NumerableActionColumn;&#13;&#10;import database.DatabaseInterface.NumerableActionOperation;&#13;&#10;&#13;&#10;/**&#13;&#10; * A data model that holds and facilitates the generation of the personal statistics.&#13;&#10; * &#13;&#10; * @author dddurand&#13;&#10; *&#13;&#10; */&#13;&#10;&#13;&#10;public class PersonalStatistics {&#13;&#10;&#13;&#10;&#9;private transient DatabaseInterface dbInterface;&#13;&#10;&#9;private transient Account account;&#13;&#10;&#9;private transient Filter filter;&#13;&#10;&#9;&#13;&#10;&#9;/**&#13;&#10;&#9; * Used in JSON Output&#13;&#10;&#9; */&#13;&#10;&#9;@SuppressWarnings(&quot;unused&quot;)&#13;&#10;&#9;private int totalDollarsBetOnCalls;&#13;&#10;&#9;@SuppressWarnings(&quot;unused&quot;)&#13;&#10;&#9;private int totalDollarsBetOnBets;&#13;&#10;&#9;@SuppressWarnings(&quot;unused&quot;)&#13;&#10;&#9;private int totalDollarsBetOnRaises;&#13;&#10;&#9;@SuppressWarnings(&quot;unused&quot;)&#13;&#10;&#9;private int totalDollarsBetOnReRaises;&#13;&#10;&#9;@SuppressWarnings(&quot;unused&quot;)&#13;&#10;&#9;private int totalDollarsBet;&#13;&#10;&#9;@SuppressWarnings(&quot;unused&quot;)&#13;&#10;&#9;private int avgDollarsBetOnCalls;&#13;&#10;&#9;@SuppressWarnings(&quot;unused&quot;)&#13;&#10;&#9;private int avgDollarsBetOnBets;&#13;&#10;&#9;@SuppressWarnings(&quot;unused&quot;)&#13;&#10;&#9;private int avgDollarsBetOnRaises;&#13;&#10;&#9;@SuppressWarnings(&quot;unused&quot;)&#13;&#10;&#9;private int avgDollarsBetOnReRaises;&#13;&#10;&#9;@SuppressWarnings(&quot;unused&quot;)&#13;&#10;&#9;private int totalNumberOfBets;&#13;&#10;&#9;@SuppressWarnings(&quot;unused&quot;)&#13;&#10;&#9;private int totalNumberOfChecks;&#13;&#10;&#9;@SuppressWarnings(&quot;unused&quot;)&#13;&#10;&#9;private int totalNumberOfCalls;&#13;&#10;&#9;@SuppressWarnings(&quot;unused&quot;)&#13;&#10;&#9;private int totalNumberOfFolds;&#13;&#10;&#9;@SuppressWarnings(&quot;unused&quot;)&#13;&#10;&#9;private int totalNumberOfRaise;&#13;&#10;&#9;@SuppressWarnings(&quot;unused&quot;)&#13;&#10;&#9;private int totalNumberOfReRaise;&#13;&#10;&#9;@SuppressWarnings(&quot;unused&quot;)&#13;&#10;&#9;private int totalNumberOfPotsWon;&#13;&#10;&#9;@SuppressWarnings(&quot;unused&quot;)&#13;&#10;&#9;private int totalNumberOfPotsLoss;&#13;&#10;&#9;@SuppressWarnings(&quot;unused&quot;)&#13;&#10;&#9;private int totalNumberOfPots;&#13;&#10;&#9;@SuppressWarnings(&quot;unused&quot;)&#13;&#10;&#9;private int avgPotOnChecks;&#13;&#10;&#9;@SuppressWarnings(&quot;unused&quot;)&#13;&#10;&#9;private int avgPotOnCalls;&#13;&#10;&#9;@SuppressWarnings(&quot;unused&quot;)&#13;&#10;&#9;private int avgPotOnBets;&#13;&#10;&#9;@SuppressWarnings(&quot;unused&quot;)&#13;&#10;&#9;private int avgPotOnRaises;&#13;&#10;&#9;@SuppressWarnings(&quot;unused&quot;)&#13;&#10;&#9;private int avgPotOnReRaises;&#13;&#10;&#9;@SuppressWarnings(&quot;unused&quot;)&#13;&#10;&#9;private int avgPotOnFolds;&#13;&#10;&#9;@SuppressWarnings(&quot;unused&quot;)&#13;&#10;&#9;private int avgPotOnWins;&#13;&#10;&#9;@SuppressWarnings(&quot;unused&quot;)&#13;&#10;&#9;private int avgPotOnLoses;&#13;&#10;&#9;@SuppressWarnings(&quot;unused&quot;)&#13;&#10;&#9;private int totalDollarsWon;&#13;&#10;&#9;@SuppressWarnings(&quot;unused&quot;)&#13;&#10;&#9;private int totalDollarsLoss;&#13;&#10;&#9;@SuppressWarnings(&quot;unused&quot;)&#13;&#10;&#9;private int totalDollarsFolded;&#13;&#10;&#9;@SuppressWarnings(&quot;unused&quot;)&#13;&#10;&#9;private double winPercentage;&#13;&#10;&#9;@SuppressWarnings(&quot;unused&quot;)&#13;&#10;&#9;private int moneyGenerated;&#13;&#10;&#9;@SuppressWarnings(&quot;unused&quot;)&#13;&#10;&#9;private int gamesPlayed;&#13;&#10;&#9;@SuppressWarnings(&quot;unused&quot;)&#13;&#10;&#9;private int netMoney;&#13;&#10;&#9;@SuppressWarnings(&quot;unused&quot;)&#13;&#10;&#9;private int avgBet;&#13;&#10;&#9;@SuppressWarnings(&quot;unused&quot;)&#13;&#10;&#9;private int netMoneyRanking;&#13;&#10;&#9;@SuppressWarnings(&quot;unused&quot;)&#13;&#10;&#9;private int optimalityRanking;&#13;&#10;&#9;@SuppressWarnings(&quot;unused&quot;)&#13;&#10;&#9;private double optimality;&#13;&#10;&#9;&#13;&#10;&#9;/**&#13;&#10;&#9; * General Constructor&#13;&#10;&#9; * @param account&#13;&#10;&#9; * @param dbInterface&#13;&#10;&#9; */&#13;&#10;&#9;public PersonalStatistics(Account account, DatabaseInterface dbInterface, Filter filter)&#13;&#10;&#9;{&#13;&#10;&#9;&#9;this.dbInterface = dbInterface;&#13;&#10;&#9;&#9;this.account = account;&#13;&#10;&#9;&#9;this.filter = filter;&#13;&#10;&#9;}&#13;&#10;&#9;&#13;&#10;&#9;/**&#13;&#10;&#9; * This method triggers the object to generate all statistics for the provided account.&#13;&#10;&#9; * &#13;&#10;&#9; * &#13;&#10;&#9; * @throws DatabaseInterfaceException&#13;&#10;&#9; */&#13;&#10;&#9;public void generateAllStatistics() throws DatabaseInterfaceException&#13;&#10;&#9;{&#13;&#10;&#9;&#9;totalDollarsBetOnCalls = this.getTotalDollarsBetOnCalls();&#13;&#10;&#9;&#9;totalDollarsBetOnBets = getTotalDollarsBetOnBets();&#13;&#10;&#9;&#9;totalDollarsBetOnRaises = getTotalDollarsBetOnRaises();&#13;&#10;&#9;&#9;totalDollarsBetOnReRaises = getTotalDollarsBetOnReRaises();&#13;&#10;&#9;&#9;totalDollarsBet = getTotalDollarsBet();&#13;&#10;&#9;&#9;avgDollarsBetOnCalls = getAvgDollarsBetOnCalls();&#13;&#10;&#9;&#9;avgDollarsBetOnBets = getAvgDollarsBetOnBets();&#13;&#10;&#9;&#9;avgDollarsBetOnRaises = getAvgDollarsBetOnRaises();&#13;&#10;&#9;&#9;avgDollarsBetOnReRaises = getAvgDollarsBetOnReRaises();&#13;&#10;&#9;&#9;totalNumberOfBets = getTotalNumberOfBets();&#13;&#10;&#9;&#9;totalNumberOfChecks = getTotalNumberOfChecks();&#13;&#10;&#9;&#9;totalNumberOfCalls = getTotalNumberOfCalls();&#13;&#10;&#9;&#9;totalNumberOfFolds = getTotalNumberOfFolds();&#13;&#10;&#9;&#9;totalNumberOfRaise = getTotalNumberOfRaise();&#13;&#10;&#9;&#9;totalNumberOfReRaise = getTotalNumberOfReRaise();&#13;&#10;&#9;&#9;totalNumberOfPotsWon = getTotalNumberOfPotsWon();&#13;&#10;&#9;&#9;totalNumberOfPotsLoss = getTotalNumberOfPotsLoss();&#13;&#10;&#9;&#9;avgPotOnChecks = getAvgDollarsPotOnChecks();&#13;&#10;&#9;&#9;avgPotOnCalls = getAvgDollarsPotOnCalls();&#13;&#10;&#9;&#9;avgPotOnBets = getAvgDollarsPotOnBets();&#13;&#10;&#9;&#9;avgPotOnRaises = getAvgDollarsPotOnRaises();&#13;&#10;&#9;&#9;avgPotOnReRaises = getAvgDollarsPotOnReRaises();&#13;&#10;&#9;&#9;avgPotOnFolds = getAvgDollarsPotOnFolds();&#13;&#10;&#9;&#9;avgPotOnWins = getAvgDollarsPotOnWins();&#13;&#10;&#9;&#9;avgPotOnLoses = getAvgDollarsPotOnLoses();&#13;&#10;&#9;&#9;totalDollarsWon = getTotalDollarsWon();&#13;&#10;&#9;&#9;totalDollarsLoss = getTotalDollarsLoss();&#13;&#10;&#9;&#9;totalDollarsFolded = getTotalDollarsFolded();&#13;&#10;&#9;&#9;winPercentage = getWinPercentage();&#13;&#10;&#9;&#9;moneyGenerated = getMoneyGenerate();&#13;&#10;&#9;&#9;gamesPlayed = getGamesPlayed();&#13;&#10;&#9;&#9;netMoney = getNetMoney();&#13;&#10;&#9;&#9;netMoneyRanking = getNetMoneyRank();&#13;&#10;&#9;&#9;avgBet = getAvgBet();&#13;&#10;&#9;&#9;totalNumberOfPots = getTotalNumberOfPots();&#13;&#10;&#9;&#9;optimalityRanking = getOptimalityRanking();&#13;&#10;&#9;&#9;optimality = getOptimality();&#13;&#10;&#9;}&#13;&#10;&#9;&#13;&#10;&#9;public RankedDataRow getMyRating() throws DatabaseInterfaceException&#13;&#10;&#9;{&#13;&#10;&#9;&#9;RankedDataRow dataRow;&#13;&#10;&#9;&#9;&#13;&#10;&#9;&#9;if(filter.getRankType() == Filter.RankType.NET_MONEY)&#13;&#10;&#9;&#9;{&#13;&#10;&#9;&#9;&#9;int netMoney = this.getNetMoney();&#13;&#10;&#9;&#9;&#9;int netMoneyRank = this.getNetMoneyRank();&#13;&#10;&#9;&#9;&#9;dataRow = new RankedDataRow(netMoneyRank, account.getUsername(), netMoney);&#13;&#10;&#9;&#9;}&#13;&#10;&#9;&#9;else&#13;&#10;&#9;&#9;{&#13;&#10;&#9;&#9;&#9;double optimality = this.getOptimality();&#13;&#10;&#9;&#9;&#9;int optimalityRating = this.getOptimalityRanking();&#13;&#10;&#9;&#9;&#9;dataRow = new RankedDataRow(optimalityRating, account.getUsername(), optimality);&#13;&#10;&#9;&#9;}&#13;&#10;&#9;&#9;&#13;&#10;&#9;&#9;return dataRow;&#9;&#13;&#10;&#9;}&#13;&#10;&#9;&#13;&#10;&#9;public double getOptimality() throws DatabaseInterfaceException&#13;&#10;&#9;{&#13;&#10;&#9;&#9;return dbInterface.getUserOptimality(account, filter);&#13;&#10;&#9;}&#13;&#10;&#9;&#13;&#10;&#9;public int getOptimalityRanking() throws DatabaseInterfaceException&#13;&#10;&#9;{&#13;&#10;&#9;&#9;return dbInterface.getUserOptimalityRanking(account, filter);&#13;&#10;&#9;}&#13;&#10;&#9;&#13;&#10;&#9;/**&#13;&#10;&#9; * Retrieves the ranking of the user based on the delta money&#13;&#10;&#9; * &#13;&#10;&#9; * @return&#13;&#10;&#9; * @throws DatabaseInterfaceException&#13;&#10;&#9; */&#13;&#10;&#9;public int getNetMoneyRank() throws DatabaseInterfaceException&#13;&#10;&#9;{&#13;&#10;&#9;&#9;return dbInterface.getUserNetMoneyRanking(account, filter);&#13;&#10;&#9;}&#13;&#10;&#9;&#13;&#10;&#9;/**&#13;&#10;&#9; * Gets the total amount of money bet during calls&#13;&#10;&#9; * &#13;&#10;&#9; * @return&#13;&#10;&#9; * @throws DatabaseInterfaceException&#13;&#10;&#9; */&#13;&#10;&#9;public int getTotalDollarsBetOnCalls() throws DatabaseInterfaceException&#13;&#10;&#9;{&#13;&#10;&#9;&#9;return dbInterface.getGameActionsTypedNum(account, &#13;&#10;&#9;&#9;&#9;&#9;&#9;&#9;&#9;&#9;&#9;&#9;&#9;&#9;&#9;NumerableActionOperation.SUM, &#13;&#10;&#9;&#9;&#9;&#9;&#9;&#9;&#9;&#9;&#9;&#9;&#9;&#9;&#9;NumerableActionColumn.BET, &#13;&#10;&#9;&#9;&#9;&#9;&#9;&#9;&#9;&#9;&#9;&#9;&#9;&#9;&#9;PokerAction.CALL, false, filter);&#13;&#10;&#9;}&#13;&#10;&#9;&#13;&#10;&#9;/**&#13;&#10;&#9; * Gets the total amount of money bet during initial bet&#13;&#10;&#9; * &#13;&#10;&#9; * @return&#13;&#10;&#9; * @throws DatabaseInterfaceException&#13;&#10;&#9; */&#13;&#10;&#9;public int getTotalDollarsBetOnBets() throws DatabaseInterfaceException&#13;&#10;&#9;{&#13;&#10;&#9;&#9;return dbInterface.getGameActionsTypedNum(account, &#13;&#10;&#9;&#9;&#9;&#9;&#9;&#9;&#9;&#9;&#9;&#9;&#9;&#9;&#9;NumerableActionOperation.SUM, &#13;&#10;&#9;&#9;&#9;&#9;&#9;&#9;&#9;&#9;&#9;&#9;&#9;&#9;&#9;NumerableActionColumn.BET, &#13;&#10;&#9;&#9;&#9;&#9;&#9;&#9;&#9;&#9;&#9;&#9;&#9;&#9;&#9;PokerAction.BET, false, filter);&#13;&#10;&#9;}&#13;&#10;&#9;&#13;&#10;&#9;/**&#13;&#10;&#9; * Gets the total amount of money bet during raises&#13;&#10;&#9; * &#13;&#10;&#9; * @return&#13;&#10;&#9; * @throws DatabaseInterfaceException&#13;&#10;&#9; */&#13;&#10;&#9;public int getTotalDollarsBetOnRaises() throws DatabaseInterfaceException&#13;&#10;&#9;{&#13;&#10;&#9;&#9;return dbInterface.getGameActionsTypedNum(account, &#13;&#10;&#9;&#9;&#9;&#9;&#9;&#9;&#9;&#9;&#9;&#9;&#9;&#9;&#9;NumerableActionOperation.SUM, &#13;&#10;&#9;&#9;&#9;&#9;&#9;&#9;&#9;&#9;&#9;&#9;&#9;&#9;&#9;NumerableActionColumn.BET, &#13;&#10;&#9;&#9;&#9;&#9;&#9;&#9;&#9;&#9;&#9;&#9;&#9;&#9;&#9;PokerAction.RAISE, false, filter);&#13;&#10;&#9;}&#13;&#10;&#9;&#13;&#10;&#9;/**&#13;&#10;&#9; * Gets the total amount of money bet through reraises&#13;&#10;&#9; * &#13;&#10;&#9; * @return&#13;&#10;&#9; * @throws DatabaseInterfaceException&#13;&#10;&#9; */&#13;&#10;&#9;public int getTotalDollarsBetOnReRaises() throws DatabaseInterfaceException&#13;&#10;&#9;{&#13;&#10;&#9;&#9;return dbInterface.getGameActionsTypedNum(account, &#13;&#10;&#9;&#9;&#9;&#9;&#9;&#9;&#9;&#9;&#9;&#9;&#9;&#9;&#9;NumerableActionOperation.SUM, &#13;&#10;&#9;&#9;&#9;&#9;&#9;&#9;&#9;&#9;&#9;&#9;&#9;&#9;&#9;NumerableActionColumn.BET, &#13;&#10;&#9;&#9;&#9;&#9;&#9;&#9;&#9;&#9;&#9;&#9;&#9;&#9;&#9;PokerAction.RERAISE, false, filter);&#13;&#10;&#9;}&#13;&#10;&#9;&#13;&#10;&#9;/**&#13;&#10;&#9; * Gets the total amount of money bet&#13;&#10;&#9; * &#13;&#10;&#9; * @return&#13;&#10;&#9; * @throws DatabaseInterfaceException&#13;&#10;&#9; */&#13;&#10;&#9;public int getTotalDollarsBet() throws DatabaseInterfaceException&#13;&#10;&#9;{&#13;&#10;&#9;&#9;return dbInterface.getGameActionsTypedNum(account, &#13;&#10;&#9;&#9;&#9;&#9;NumerableActionOperation.SUM, &#13;&#10;&#9;&#9;&#9;&#9;NumerableActionColumn.BET, &#13;&#10;&#9;&#9;&#9;&#9;null, false, filter);&#13;&#10;&#9;}&#13;&#10;&#9;&#13;&#10;&#9;/**&#13;&#10;&#9; * Gets the total amount of money bet through calls&#13;&#10;&#9; * &#13;&#10;&#9; * @return&#13;&#10;&#9; * @throws DatabaseInterfaceException&#13;&#10;&#9; */&#13;&#10;&#9;public int getAvgDollarsBetOnCalls() throws DatabaseInterfaceException&#13;&#10;&#9;{&#13;&#10;&#9;&#9;return dbInterface.getGameActionsTypedNum(account, &#13;&#10;&#9;&#9;&#9;&#9;&#9;&#9;&#9;&#9;&#9;&#9;&#9;&#9;&#9;NumerableActionOperation.AVG, &#13;&#10;&#9;&#9;&#9;&#9;&#9;&#9;&#9;&#9;&#9;&#9;&#9;&#9;&#9;NumerableActionColumn.BET, &#13;&#10;&#9;&#9;&#9;&#9;&#9;&#9;&#9;&#9;&#9;&#9;&#9;&#9;&#9;PokerAction.CALL, true, filter);&#13;&#10;&#9;}&#13;&#10;&#9;&#13;&#10;&#9;/**&#13;&#10;&#9; * Gets the avg amount of money bet on each bet&#13;&#10;&#9; * &#13;&#10;&#9; * @return&#13;&#10;&#9; * @throws DatabaseInterfaceException&#13;&#10;&#9; */&#13;&#10;&#9;public int getAvgDollarsBetOnBets() throws DatabaseInterfaceException&#13;&#10;&#9;{&#13;&#10;&#9;&#9;return dbInterface.getGameActionsTypedNum(account, &#13;&#10;&#9;&#9;&#9;&#9;&#9;&#9;&#9;&#9;&#9;&#9;&#9;&#9;&#9;NumerableActionOperation.AVG, &#13;&#10;&#9;&#9;&#9;&#9;&#9;&#9;&#9;&#9;&#9;&#9;&#9;&#9;&#9;NumerableActionColumn.BET, &#13;&#10;&#9;&#9;&#9;&#9;&#9;&#9;&#9;&#9;&#9;&#9;&#9;&#9;&#9;PokerAction.BET, true, filter);&#13;&#10;&#9;}&#13;&#10;&#9;&#13;&#10;&#9;/**&#13;&#10;&#9; * Gets the avg amount of money bet on each raise&#13;&#10;&#9; * &#13;&#10;&#9; * @return&#13;&#10;&#9; * @throws DatabaseInterfaceException&#13;&#10;&#9; */&#13;&#10;&#9;public int getAvgDollarsBetOnRaises() throws DatabaseInterfaceException&#13;&#10;&#9;{&#13;&#10;&#9;&#9;return dbInterface.getGameActionsTypedNum(account, &#13;&#10;&#9;&#9;&#9;&#9;&#9;&#9;&#9;&#9;&#9;&#9;&#9;&#9;&#9;NumerableActionOperation.AVG, &#13;&#10;&#9;&#9;&#9;&#9;&#9;&#9;&#9;&#9;&#9;&#9;&#9;&#9;&#9;NumerableActionColumn.BET, &#13;&#10;&#9;&#9;&#9;&#9;&#9;&#9;&#9;&#9;&#9;&#9;&#9;&#9;&#9;PokerAction.RAISE, true, filter);&#13;&#10;&#9;}&#13;&#10;&#9;&#13;&#10;&#9;/**&#13;&#10;&#9; * Gets the avg amount of money bet on each reraise&#13;&#10;&#9; * &#13;&#10;&#9; * @return&#13;&#10;&#9; * @throws DatabaseInterfaceException&#13;&#10;&#9; */&#13;&#10;&#9;public int getAvgDollarsBetOnReRaises() throws DatabaseInterfaceException&#13;&#10;&#9;{&#13;&#10;&#9;&#9;return dbInterface.getGameActionsTypedNum(account, &#13;&#10;&#9;&#9;&#9;&#9;&#9;&#9;&#9;&#9;&#9;&#9;&#9;&#9;&#9;NumerableActionOperation.AVG, &#13;&#10;&#9;&#9;&#9;&#9;&#9;&#9;&#9;&#9;&#9;&#9;&#9;&#9;&#9;NumerableActionColumn.BET, &#13;&#10;&#9;&#9;&#9;&#9;&#9;&#9;&#9;&#9;&#9;&#9;&#9;&#9;&#9;PokerAction.RERAISE, true, filter);&#13;&#10;&#9;}&#13;&#10;&#9;&#13;&#10;&#9;/**&#13;&#10;&#9; * Gets the avg amount of money per bet&#13;&#10;&#9; * &#13;&#10;&#9; * @return&#13;&#10;&#9; * @throws DatabaseInterfaceException&#13;&#10;&#9; */&#13;&#10;&#9;public int getAvgBet() throws DatabaseInterfaceException&#13;&#10;&#9;{&#13;&#10;&#9;&#9;return dbInterface.getGameActionsTypedNum(account, &#13;&#10;&#9;&#9;&#9;&#9;&#9;&#9;&#9;&#9;&#9;&#9;&#9;&#9;&#9;NumerableActionOperation.AVG, &#13;&#10;&#9;&#9;&#9;&#9;&#9;&#9;&#9;&#9;&#9;&#9;&#9;&#9;&#9;NumerableActionColumn.BET, &#13;&#10;&#9;&#9;&#9;&#9;&#9;&#9;&#9;&#9;&#9;&#9;&#9;&#9;&#9;null, true, filter);&#13;&#10;&#9;}&#13;&#10;&#9;&#13;&#10;&#9;/**&#13;&#10;&#9; * Gets the number of bets made&#13;&#10;&#9; * &#13;&#10;&#9; * @return&#13;&#10;&#9; * @throws DatabaseInterfaceException&#13;&#10;&#9; */&#13;&#10;&#9;public int getTotalNumberOfBets() throws DatabaseInterfaceException&#13;&#10;&#9;{&#13;&#10;&#9;&#9;return dbInterface.getGameActionsCount(PokerAction.BET, account, filter);&#13;&#10;&#9;}&#13;&#10;&#9;&#13;&#10;&#9;/**&#13;&#10;&#9; * Gets the number of checks made&#13;&#10;&#9; * &#13;&#10;&#9; * @return&#13;&#10;&#9; * @throws DatabaseInterfaceException&#13;&#10;&#9; */&#13;&#10;&#9;public int getTotalNumberOfChecks() throws DatabaseInterfaceException&#13;&#10;&#9;{&#13;&#10;&#9;&#9;return dbInterface.getGameActionsCount(PokerAction.CHECK, account, filter);&#13;&#10;&#9;}&#13;&#10;&#9;&#13;&#10;&#9;/**&#13;&#10;&#9; * Gets the number of calls made&#13;&#10;&#9; * &#13;&#10;&#9; * @return&#13;&#10;&#9; * @throws DatabaseInterfaceException&#13;&#10;&#9; */&#13;&#10;&#9;public int getTotalNumberOfCalls() throws DatabaseInterfaceException&#13;&#10;&#9;{&#13;&#10;&#9;&#9;return dbInterface.getGameActionsCount(PokerAction.CALL, account, filter);&#13;&#10;&#9;}&#13;&#10;&#9;&#13;&#10;&#9;/**&#13;&#10;&#9; * Gets the number of folds made&#13;&#10;&#9; * &#13;&#10;&#9; * @return&#13;&#10;&#9; * @throws DatabaseInterfaceException&#13;&#10;&#9; */&#13;&#10;&#9;public int getTotalNumberOfFolds() throws DatabaseInterfaceException&#13;&#10;&#9;{&#13;&#10;&#9;&#9;return dbInterface.getGameActionsCount(PokerAction.FOLD, account, filter);&#13;&#10;&#9;}&#13;&#10;&#9;&#13;&#10;&#9;/**&#13;&#10;&#9; * Gets the number of raises made&#13;&#10;&#9; * &#13;&#10;&#9; * @return&#13;&#10;&#9; * @throws DatabaseInterfaceException&#13;&#10;&#9; */&#13;&#10;&#9;public int getTotalNumberOfRaise() throws DatabaseInterfaceException&#13;&#10;&#9;{&#13;&#10;&#9;&#9;return dbInterface.getGameActionsCount(PokerAction.RAISE, account, filter);&#13;&#10;&#9;}&#13;&#10;&#9;&#13;&#10;&#9;/**&#13;&#10;&#9; * Gets the number of reraises made&#13;&#10;&#9; * &#13;&#10;&#9; * @return&#13;&#10;&#9; * @throws DatabaseInterfaceException&#13;&#10;&#9; */&#13;&#10;&#9;public int getTotalNumberOfReRaise() throws DatabaseInterfaceException&#13;&#10;&#9;{&#13;&#10;&#9;&#9;return dbInterface.getGameActionsCount(PokerAction.RERAISE, account, filter);&#13;&#10;&#9;}&#13;&#10;&#9;&#13;&#10;&#9;/**&#13;&#10;&#9; * Gets the number of pots won&#13;&#10;&#9; * &#13;&#10;&#9; * @return&#13;&#10;&#9; * @throws DatabaseInterfaceException&#13;&#10;&#9; */&#13;&#10;&#9;public int getTotalNumberOfPotsWon() throws DatabaseInterfaceException&#13;&#10;&#9;{&#13;&#10;&#9;&#9;return dbInterface.getGameActionsCount(PokerAction.WIN, account, filter);&#13;&#10;&#9;}&#13;&#10;&#9;&#13;&#10;&#9;/**&#13;&#10;&#9; * Gets the number of pots lost&#13;&#10;&#9; * &#13;&#10;&#9; * @return&#13;&#10;&#9; * @throws DatabaseInterfaceException&#13;&#10;&#9; */&#13;&#10;&#9;public int getTotalNumberOfPotsLoss() throws DatabaseInterfaceException&#13;&#10;&#9;{&#13;&#10;&#9;&#9;return dbInterface.getGameActionsCount(PokerAction.LOSS, account, filter);&#13;&#10;&#9;}&#13;&#10;&#9;&#13;&#10;&#9;/**&#13;&#10;&#9; * Gets the avg pot size on check&#13;&#10;&#9; * &#13;&#10;&#9; * @return&#13;&#10;&#9; * @throws DatabaseInterfaceException&#13;&#10;&#9; */&#13;&#10;&#9;public int getAvgDollarsPotOnChecks() throws DatabaseInterfaceException&#13;&#10;&#9;{&#13;&#10;&#9;&#9;return dbInterface.getGameActionsTypedNum(account, &#13;&#10;&#9;&#9;&#9;&#9;&#9;&#9;&#9;&#9;&#9;&#9;&#9;&#9;&#9;NumerableActionOperation.AVG, &#13;&#10;&#9;&#9;&#9;&#9;&#9;&#9;&#9;&#9;&#9;&#9;&#9;&#9;&#9;NumerableActionColumn.POT, &#13;&#10;&#9;&#9;&#9;&#9;&#9;&#9;&#9;&#9;&#9;&#9;&#9;&#9;&#9;PokerAction.CHECK, true, filter);&#13;&#10;&#9;}&#13;&#10;&#9;&#13;&#10;&#9;/**&#13;&#10;&#9; * Gets the avg pot size on calls&#13;&#10;&#9; * &#13;&#10;&#9; * @return&#13;&#10;&#9; * @throws DatabaseInterfaceException&#13;&#10;&#9; */&#13;&#10;&#9;public int getAvgDollarsPotOnCalls() throws DatabaseInterfaceException&#13;&#10;&#9;{&#13;&#10;&#9;&#9;return dbInterface.getGameActionsTypedNum(account, &#13;&#10;&#9;&#9;&#9;&#9;&#9;&#9;&#9;&#9;&#9;&#9;&#9;&#9;&#9;NumerableActionOperation.AVG, &#13;&#10;&#9;&#9;&#9;&#9;&#9;&#9;&#9;&#9;&#9;&#9;&#9;&#9;&#9;NumerableActionColumn.POT, &#13;&#10;&#9;&#9;&#9;&#9;&#9;&#9;&#9;&#9;&#9;&#9;&#9;&#9;&#9;PokerAction.CALL, true, filter);&#13;&#10;&#9;}&#13;&#10;&#9;&#13;&#10;&#9;/**&#13;&#10;&#9; * Gets the avg pot size on bets&#13;&#10;&#9; * &#13;&#10;&#9; * @return&#13;&#10;&#9; * @throws DatabaseInterfaceException&#13;&#10;&#9; */&#13;&#10;&#9;public int getAvgDollarsPotOnBets() throws DatabaseInterfaceException&#13;&#10;&#9;{&#13;&#10;&#9;&#9;return dbInterface.getGameActionsTypedNum(account, &#13;&#10;&#9;&#9;&#9;&#9;&#9;&#9;&#9;&#9;&#9;&#9;&#9;&#9;&#9;NumerableActionOperation.AVG, &#13;&#10;&#9;&#9;&#9;&#9;&#9;&#9;&#9;&#9;&#9;&#9;&#9;&#9;&#9;NumerableActionColumn.POT, &#13;&#10;&#9;&#9;&#9;&#9;&#9;&#9;&#9;&#9;&#9;&#9;&#9;&#9;&#9;PokerAction.BET, true, filter);&#13;&#10;&#9;}&#13;&#10;&#9;&#13;&#10;&#9;/**&#13;&#10;&#9; * Gets the avg pot size on raises&#13;&#10;&#9; * &#13;&#10;&#9; * @return&#13;&#10;&#9; * @throws DatabaseInterfaceException&#13;&#10;&#9; */&#13;&#10;&#9;public int getAvgDollarsPotOnRaises() throws DatabaseInterfaceException&#13;&#10;&#9;{&#13;&#10;&#9;&#9;return dbInterface.getGameActionsTypedNum(account, &#13;&#10;&#9;&#9;&#9;&#9;&#9;&#9;&#9;&#9;&#9;&#9;&#9;&#9;&#9;NumerableActionOperation.AVG, &#13;&#10;&#9;&#9;&#9;&#9;&#9;&#9;&#9;&#9;&#9;&#9;&#9;&#9;&#9;NumerableActionColumn.POT, &#13;&#10;&#9;&#9;&#9;&#9;&#9;&#9;&#9;&#9;&#9;&#9;&#9;&#9;&#9;PokerAction.RAISE, true, filter);&#13;&#10;&#9;}&#13;&#10;&#9;&#13;&#10;&#9;/**&#13;&#10;&#9; * Gets the avg pot size on reraises&#13;&#10;&#9; * &#13;&#10;&#9; * @return&#13;&#10;&#9; * @throws DatabaseInterfaceException&#13;&#10;&#9; */&#13;&#10;&#9;public int getAvgDollarsPotOnReRaises() throws DatabaseInterfaceException&#13;&#10;&#9;{&#13;&#10;&#9;&#9;return dbInterface.getGameActionsTypedNum(account, &#13;&#10;&#9;&#9;&#9;&#9;&#9;&#9;&#9;&#9;&#9;&#9;&#9;&#9;&#9;NumerableActionOperation.AVG, &#13;&#10;&#9;&#9;&#9;&#9;&#9;&#9;&#9;&#9;&#9;&#9;&#9;&#9;&#9;NumerableActionColumn.POT, &#13;&#10;&#9;&#9;&#9;&#9;&#9;&#9;&#9;&#9;&#9;&#9;&#9;&#9;&#9;PokerAction.RERAISE, true, filter);&#13;&#10;&#9;}&#13;&#10;&#9;&#13;&#10;&#9;/**&#13;&#10;&#9; * Gets the avg pot size on folds&#13;&#10;&#9; * &#13;&#10;&#9; * @return&#13;&#10;&#9; * @throws DatabaseInterfaceException&#13;&#10;&#9; */&#13;&#10;&#9;public int getAvgDollarsPotOnFolds() throws DatabaseInterfaceException&#13;&#10;&#9;{&#13;&#10;&#9;&#9;return dbInterface.getGameActionsTypedNum(account, &#13;&#10;&#9;&#9;&#9;&#9;&#9;&#9;&#9;&#9;&#9;&#9;&#9;&#9;&#9;NumerableActionOperation.AVG, &#13;&#10;&#9;&#9;&#9;&#9;&#9;&#9;&#9;&#9;&#9;&#9;&#9;&#9;&#9;NumerableActionColumn.POT, &#13;&#10;&#9;&#9;&#9;&#9;&#9;&#9;&#9;&#9;&#9;&#9;&#9;&#9;&#9;PokerAction.FOLD, true, filter);&#13;&#10;&#9;}&#13;&#10;&#9;&#13;&#10;&#9;/**&#13;&#10;&#9; * Gets the avg pot size on wins&#13;&#10;&#9; * &#13;&#10;&#9; * @return&#13;&#10;&#9; * @throws DatabaseInterfaceException&#13;&#10;&#9; */&#13;&#10;&#9;public int getAvgDollarsPotOnWins() throws DatabaseInterfaceException&#13;&#10;&#9;{&#13;&#10;&#9;&#9;return dbInterface.getGameActionsTypedNum(account, &#13;&#10;&#9;&#9;&#9;&#9;&#9;&#9;&#9;&#9;&#9;&#9;&#9;&#9;&#9;NumerableActionOperation.AVG, &#13;&#10;&#9;&#9;&#9;&#9;&#9;&#9;&#9;&#9;&#9;&#9;&#9;&#9;&#9;NumerableActionColumn.POT, &#13;&#10;&#9;&#9;&#9;&#9;&#9;&#9;&#9;&#9;&#9;&#9;&#9;&#9;&#9;PokerAction.WIN, true, filter);&#13;&#10;&#9;}&#13;&#10;&#9;&#13;&#10;&#9;/**&#13;&#10;&#9; * Gets the avg pot size on loses&#13;&#10;&#9; * &#13;&#10;&#9; * @return&#13;&#10;&#9; * @throws DatabaseInterfaceException&#13;&#10;&#9; */&#13;&#10;&#9;public int getAvgDollarsPotOnLoses() throws DatabaseInterfaceException&#13;&#10;&#9;{&#13;&#10;&#9;&#9;return dbInterface.getGameActionsTypedNum(account, &#13;&#10;&#9;&#9;&#9;&#9;&#9;&#9;&#9;&#9;&#9;&#9;&#9;&#9;&#9;NumerableActionOperation.AVG, &#13;&#10;&#9;&#9;&#9;&#9;&#9;&#9;&#9;&#9;&#9;&#9;&#9;&#9;&#9;NumerableActionColumn.POT, &#13;&#10;&#9;&#9;&#9;&#9;&#9;&#9;&#9;&#9;&#9;&#9;&#9;&#9;&#9;PokerAction.LOSS, true, filter);&#13;&#10;&#9;}&#13;&#10;&#9;&#13;&#10;&#9;/**&#13;&#10;&#9; * Gets the total amount of money won&#13;&#10;&#9; * &#13;&#10;&#9; * @return&#13;&#10;&#9; * @throws DatabaseInterfaceException&#13;&#10;&#9; */&#13;&#10;&#9;public int getTotalDollarsWon() throws DatabaseInterfaceException&#13;&#10;&#9;{&#13;&#10;&#9;&#9;return dbInterface.getGameActionsTypedNum(account, &#13;&#10;&#9;&#9;&#9;&#9;&#9;&#9;&#9;&#9;&#9;&#9;&#9;&#9;&#9;NumerableActionOperation.SUM, &#13;&#10;&#9;&#9;&#9;&#9;&#9;&#9;&#9;&#9;&#9;&#9;&#9;&#9;&#9;NumerableActionColumn.POT, &#13;&#10;&#9;&#9;&#9;&#9;&#9;&#9;&#9;&#9;&#9;&#9;&#9;&#9;&#9;PokerAction.WIN, true, filter);&#13;&#10;&#9;}&#13;&#10;&#9;&#13;&#10;&#9;/**&#13;&#10;&#9; * Gets the total amount of money losses&#13;&#10;&#9; * &#13;&#10;&#9; * @return&#13;&#10;&#9; * @throws DatabaseInterfaceException&#13;&#10;&#9; */&#13;&#10;&#9;public int getTotalDollarsLoss() throws DatabaseInterfaceException&#13;&#10;&#9;{&#13;&#10;&#9;&#9;return dbInterface.getGameActionsTypedNum(account, &#13;&#10;&#9;&#9;&#9;&#9;&#9;&#9;&#9;&#9;&#9;&#9;&#9;&#9;&#9;NumerableActionOperation.SUM, &#13;&#10;&#9;&#9;&#9;&#9;&#9;&#9;&#9;&#9;&#9;&#9;&#9;&#9;&#9;NumerableActionColumn.POT, &#13;&#10;&#9;&#9;&#9;&#9;&#9;&#9;&#9;&#9;&#9;&#9;&#9;&#9;&#9;PokerAction.LOSS, true, filter);&#13;&#10;&#9;}&#13;&#10;&#9;&#13;&#10;&#9;/**&#13;&#10;&#9; * Gets the total amount of pots played in&#13;&#10;&#9; * &#13;&#10;&#9; * @return&#13;&#10;&#9; * @throws DatabaseInterfaceException&#13;&#10;&#9; */&#13;&#10;&#9;public int getTotalDollarsFolded() throws DatabaseInterfaceException&#13;&#10;&#9;{&#13;&#10;&#9;&#9;return dbInterface.getGameActionsTypedNum(account, &#13;&#10;&#9;&#9;&#9;&#9;&#9;&#9;&#9;&#9;&#9;&#9;&#9;&#9;&#9;NumerableActionOperation.SUM, &#13;&#10;&#9;&#9;&#9;&#9;&#9;&#9;&#9;&#9;&#9;&#9;&#9;&#9;&#9;NumerableActionColumn.POT, &#13;&#10;&#9;&#9;&#9;&#9;&#9;&#9;&#9;&#9;&#9;&#9;&#9;&#9;&#9;PokerAction.FOLD, true, filter);&#13;&#10;&#9;}&#13;&#10;&#9;&#13;&#10;&#9;/**&#13;&#10;&#9; * Gets the winning pot percentage&#13;&#10;&#9; * &#13;&#10;&#9; * @return&#13;&#10;&#9; * @throws DatabaseInterfaceException&#13;&#10;&#9; */&#13;&#10;&#9;public double getWinPercentage() throws DatabaseInterfaceException&#13;&#10;&#9;{&#13;&#10;&#9;&#9;double denom = (double) getTotalNumberOfPots();&#13;&#10;&#9;&#9;double num = (double) this.getTotalNumberOfPotsWon();&#13;&#10;&#9;&#9;&#13;&#10;&#9;&#9;if(denom == 0 &amp;&amp; num &gt; 0)&#13;&#10;&#9;&#9;&#9;return 100;&#13;&#10;&#9;&#9;else if(denom == 0)&#13;&#10;&#9;&#9;&#9;return 0;&#13;&#10;&#9;&#9;else&#13;&#10;&#9;&#9;&#9;return (num/denom) * 100;&#13;&#10;&#13;&#10;&#9;&#9;&#13;&#10;&#9;}&#13;&#10;&#9;&#13;&#10;&#9;/**&#13;&#10;&#9; * Gets the total amount of money generated&#13;&#10;&#9; * &#13;&#10;&#9; * @return&#13;&#10;&#9; * @throws DatabaseInterfaceException&#13;&#10;&#9; */&#13;&#10;&#9;public int getMoneyGenerate() throws DatabaseInterfaceException&#13;&#10;&#9;{&#13;&#10;&#9;&#9;return dbInterface.getMoneyGenerated(account, filter);&#13;&#10;&#9;}&#13;&#10;&#9;&#13;&#10;&#9;public int getTotalNumberOfPots() throws DatabaseInterfaceException&#13;&#10;&#9;{&#13;&#10;&#9;&#9;return (this.getTotalNumberOfFolds() + this.getTotalNumberOfPotsLoss()+this.getTotalNumberOfPotsWon());&#13;&#10;&#9;}&#13;&#10;&#9;&#13;&#10;&#9;/**&#13;&#10;&#9; * Gets the total number of games played&#13;&#10;&#9; * &#13;&#10;&#9; * @return&#13;&#10;&#9; * @throws DatabaseInterfaceException&#13;&#10;&#9; */&#13;&#10;&#9;public int getGamesPlayed() throws DatabaseInterfaceException&#13;&#10;&#9;{&#13;&#10;&#9;&#9;return dbInterface.getGamesPlayed(account, filter);&#13;&#10;&#9;}&#13;&#10;&#9;&#13;&#10;&#9;/**&#13;&#10;&#9; * Gets the total delta money generated by the user&#13;&#10;&#9; * &#13;&#10;&#9; * @return&#13;&#10;&#9; * @throws DatabaseInterfaceException&#13;&#10;&#9; */&#13;&#10;&#9;public int getNetMoney() throws DatabaseInterfaceException&#13;&#10;&#9;{&#13;&#10;&#9;&#9;return this.getTotalDollarsWon() - this.getTotalDollarsFolded() - this.getTotalDollarsLoss() - getMoneyGenerate();&#13;&#10;&#9;}&#13;&#10;&#9;&#13;&#10;&#9;/**&#13;&#10;&#9; * A function that causes all the ranking information to be updated for the current used.&#13;&#10;&#9; * This function is only called after new data has been processed, in order to be more efficient.&#13;&#10;&#9; * &#13;&#10;&#9; * @param account&#13;&#10;&#9; * @throws DatabaseInterfaceException&#13;&#10;&#9; */&#13;&#10;&#9;public void updateRankings() throws DatabaseInterfaceException&#13;&#10;&#9;{&#13;&#10;&#9;&#9;this.updateNetMoneyRankings();&#13;&#10;&#9;&#9;this.updateOptimalityRankings();&#13;&#10;&#9;&#9;dbInterface.updateRankCacheDate(account);&#13;&#10;&#9;}&#13;&#10;&#9;&#13;&#10;&#9;private void updateNetMoneyRankings() throws DatabaseInterfaceException&#13;&#10;&#9;{&#13;&#10;&#9;&#9;Filter original = this.filter;&#13;&#10;&#9;&#9;for (TimeFrame timeFrame : TimeFrame.values()) {&#13;&#10;&#9;&#9;&#9;filter = new Filter(timeFrame.getValue());&#13;&#10;&#9;&#9;&#9;int netMoney = this.getNetMoney();&#13;&#10;&#9;&#9;&#9;&#13;&#10;&#9;&#9;&#9;dbInterface.updateUsersNetMoney(account, netMoney, filter);&#13;&#10;&#9;&#9;}&#13;&#10;&#9;&#9;&#13;&#10;&#9;&#9;this.filter = original;&#13;&#10;&#9;}&#13;&#10;&#9;&#13;&#10;&#9;private void updateOptimalityRankings() throws DatabaseInterfaceException&#13;&#10;&#9;{&#13;&#10;&#9;&#9;Filter original = this.filter;&#13;&#10;&#9;&#9;for (TimeFrame timeFrame : TimeFrame.values()) {&#13;&#10;&#9;&#9;&#9;filter = new Filter(timeFrame.getValue());&#13;&#10;&#9;&#9;&#9;double optimality = this.getOptimality();&#13;&#10;&#9;&#9;&#9;&#13;&#10;&#9;&#9;&#9;dbInterface.updateUsersOptimality(account, optimality, filter);&#13;&#10;&#9;&#9;}&#13;&#10;&#9;&#9;&#13;&#10;&#9;&#9;this.filter = original;&#13;&#10;&#9;}&#13;&#10;&#13;&#10;&#9;&#13;&#10;}&#13;&#10;" Filename="PersonalStatistics.java" Intrnl_Id="33"/>
<SrcFile Content="package dataModels;&#13;&#10;&#13;&#10;import java.util.ArrayList;&#13;&#10;import java.util.Hashtable;&#13;&#10;&#13;&#10;import util.PokerHandRanker;&#13;&#10;import dataModels.GameAction.PokerAction;&#13;&#10;&#13;&#10;public class Optimality {&#13;&#10;&#13;&#10;&#9;&#13;&#10;&#9;private final double POSTIVE_ACTION_VALUE = 1;&#13;&#10;&#9;private final double NEGATIVE_ACTION_VALUE = 0;&#13;&#10;&#9;&#13;&#10;&#9;/**&#13;&#10;&#9; * In the case of two cards (pre-flop), we will use precalculated EV's.&#13;&#10;&#9; * These values are based on:&#13;&#10;&#9; * &#13;&#10;&#9; * The statistics are based on 115,591,080 pair of pocket cards dealt at the real money tables. &#13;&#10;&#9; * The unit for EV is average profit in big bets.&#13;&#10;&#9; * &#13;&#10;&#9; * Because they are based on big bets, they might be more optimistic for our cases,&#13;&#10;&#9; * but they will work.&#13;&#10;&#9; * &#13;&#10;&#9; * http://www.tightpoker.com/poker_hands.html&#13;&#10;&#9; * &#13;&#10;&#9; */&#13;&#10;&#9;private static final Hashtable&lt;String, Double&gt; dealtHandEVs = new Hashtable&lt;String, Double&gt;();&#13;&#10;&#9;&#13;&#10;&#9;static&#13;&#10;&#9;{&#13;&#10;&#9;&#9;dealtHandEVs.put(&quot;AA&quot;, 2.32 );&#13;&#10;    &#9;dealtHandEVs.put(&quot;KK&quot;, 1.67 );&#13;&#10;    &#9;dealtHandEVs.put(&quot;QQ&quot;, 1.22 );&#13;&#10;    &#9;dealtHandEVs.put(&quot;JJ&quot;, 0.86 );&#13;&#10;    &#9;dealtHandEVs.put(&quot;AK s&quot;, 0.78 );&#13;&#10;    &#9;dealtHandEVs.put(&quot;AQ s&quot;, 0.59 );&#13;&#10;    &#9;dealtHandEVs.put(&quot;TT&quot;, 0.58 );&#13;&#10;    &#9;dealtHandEVs.put(&quot;AK&quot;, 0.51 );&#13;&#10;    &#9;dealtHandEVs.put(&quot;AJ s&quot;, 0.44 );&#13;&#10;    &#9;dealtHandEVs.put(&quot;KQ s&quot;, 0.39 );&#13;&#10;    &#9;dealtHandEVs.put(&quot;99&quot;, 0.38 );&#13;&#10;    &#9;dealtHandEVs.put(&quot;AT s&quot;, 0.32 );&#13;&#10;    &#9;dealtHandEVs.put(&quot;AQ&quot;, 0.31 );&#13;&#10;    &#9;dealtHandEVs.put(&quot;KJ s&quot;, 0.29 );&#13;&#10;    &#9;dealtHandEVs.put(&quot;88&quot;, 0.25 );&#13;&#10;    &#9;dealtHandEVs.put(&quot;QJ s&quot;, 0.23 );&#13;&#10;    &#9;dealtHandEVs.put(&quot;KT s&quot;, 0.20 );&#13;&#10;    &#9;dealtHandEVs.put(&quot;A9 s&quot;, 0.19 );&#13;&#10;    &#9;dealtHandEVs.put(&quot;AJ&quot;, 0.19 );&#13;&#10;    &#9;dealtHandEVs.put(&quot;QT s&quot;, 0.17 );&#13;&#10;    &#9;dealtHandEVs.put(&quot;KQ&quot;, 0.16 );&#13;&#10;    &#9;dealtHandEVs.put(&quot;77&quot;, 0.16 );&#13;&#10;    &#9;dealtHandEVs.put(&quot;JT s&quot;, 0.15 );&#13;&#10;    &#9;dealtHandEVs.put(&quot;A8 s&quot;, 0.10 );&#13;&#10;    &#9;dealtHandEVs.put(&quot;K9 s&quot;, 0.09 );&#13;&#10;    &#9;dealtHandEVs.put(&quot;AT&quot;, 0.08 );&#13;&#10;    &#9;dealtHandEVs.put(&quot;A5 s&quot;, 0.08 );&#13;&#10;    &#9;dealtHandEVs.put(&quot;A7s&quot;, 0.08 );&#13;&#10;    &#9;dealtHandEVs.put(&quot;KJ&quot;, 0.08 );&#13;&#10;    &#9;dealtHandEVs.put(&quot;66&quot;, 0.07 );&#13;&#10;    &#9;dealtHandEVs.put(&quot;T9 s&quot;, 0.05 );&#13;&#10;    &#9;dealtHandEVs.put(&quot;A4 s&quot;, 0.05 );&#13;&#10;    &#9;dealtHandEVs.put(&quot;Q9 s&quot;, 0.05 );&#13;&#10;    &#9;dealtHandEVs.put(&quot;J9 s&quot;, 0.04 );&#13;&#10;    &#9;dealtHandEVs.put(&quot;QJ&quot;, 0.03 );&#13;&#10;    &#9;dealtHandEVs.put(&quot;A6 s&quot;, 0.03 );&#13;&#10;    &#9;dealtHandEVs.put(&quot;55&quot;, 0.02 );&#13;&#10;    &#9;dealtHandEVs.put(&quot;A3 s&quot;, 0.02 );&#13;&#10;    &#9;dealtHandEVs.put(&quot;K8 s&quot;, 0.01 );&#13;&#10;    &#9;dealtHandEVs.put(&quot;KT&quot;, 0.01 );&#13;&#10;    &#9;dealtHandEVs.put(&quot;98 s&quot;, 0.00 );&#13;&#10;    &#9;dealtHandEVs.put(&quot;T8 s&quot;, -0.00 );&#13;&#10;    &#9;dealtHandEVs.put(&quot;K7 s&quot;, -0.00 );&#13;&#10;    &#9;dealtHandEVs.put(&quot;A2 s&quot;, 0.00 );&#13;&#10;    &#9;dealtHandEVs.put(&quot;87 s&quot;, -0.02 );&#13;&#10;    &#9;dealtHandEVs.put(&quot;QT&quot;, -0.02 );&#13;&#10;    &#9;dealtHandEVs.put(&quot;Q8 s&quot;, -0.02 );&#13;&#10;    &#9;dealtHandEVs.put(&quot;44&quot;, -0.03 );&#13;&#10;    &#9;dealtHandEVs.put(&quot;A9&quot;, -0.03 );&#13;&#10;    &#9;dealtHandEVs.put(&quot;J8 s&quot;, -0.03 );&#13;&#10;    &#9;dealtHandEVs.put(&quot;76 s&quot;, -0.03 );&#13;&#10;    &#9;dealtHandEVs.put(&quot;JT&quot;, -0.03 );&#13;&#10;    &#9;dealtHandEVs.put(&quot;97 s&quot;, -0.04 );&#13;&#10;    &#9;dealtHandEVs.put(&quot;K6 s&quot;, -0.04 );&#13;&#10;    &#9;dealtHandEVs.put(&quot;K5 s&quot;, -0.05 );&#13;&#10;    &#9;dealtHandEVs.put(&quot;K4 s&quot;, -0.05 );&#13;&#10;    &#9;dealtHandEVs.put(&quot;T7 s&quot;, -0.05 );&#13;&#10;    &#9;dealtHandEVs.put(&quot;Q7 s&quot;, -0.06 );&#13;&#10;    &#9;dealtHandEVs.put(&quot;K9&quot;, -0.07 );&#13;&#10;    &#9;dealtHandEVs.put(&quot;65 s&quot;, -0.07 );&#13;&#10;    &#9;dealtHandEVs.put(&quot;T9&quot;, -0.07 );&#13;&#10;    &#9;dealtHandEVs.put(&quot;86 s&quot;, -0.07 );&#13;&#10;    &#9;dealtHandEVs.put(&quot;A8&quot;, -0.07 );&#13;&#10;    &#9;dealtHandEVs.put(&quot;J7 s&quot;, -0.07 );&#13;&#10;    &#9;dealtHandEVs.put(&quot;33&quot;, -0.07 );&#13;&#10;    &#9;dealtHandEVs.put(&quot;54 s&quot;, -0.08 );&#13;&#10;    &#9;dealtHandEVs.put(&quot;Q6 s&quot;, -0.08 );&#13;&#10;    &#9;dealtHandEVs.put(&quot;K3 s&quot;, -0.08 );&#13;&#10;    &#9;dealtHandEVs.put(&quot;Q9&quot;, -0.08 );&#13;&#10;    &#9;dealtHandEVs.put(&quot;75 s&quot;, -0.09 );&#13;&#10;    &#9;dealtHandEVs.put(&quot;22&quot;, -0.09 );&#13;&#10;    &#9;dealtHandEVs.put(&quot;J9&quot;, -0.09 );&#13;&#10;    &#9;dealtHandEVs.put(&quot;64 s&quot;, -0.09 );&#13;&#10;    &#9;dealtHandEVs.put(&quot;Q5 s&quot;, -0.09 );&#13;&#10;    &#9;dealtHandEVs.put(&quot;K2 s&quot;, -0.09 );&#13;&#10;    &#9;dealtHandEVs.put(&quot;96 s&quot;, -0.09 );&#13;&#10;    &#9;dealtHandEVs.put(&quot;Q3 s&quot;, -0.10 );&#13;&#10;    &#9;dealtHandEVs.put(&quot;J8&quot;, -0.10 );&#13;&#10;    &#9;dealtHandEVs.put(&quot;98&quot;, -0.10 );&#13;&#10;    &#9;dealtHandEVs.put(&quot;T8&quot;, -0.10 );&#13;&#10;    &#9;dealtHandEVs.put(&quot;97&quot;, -0.10 );&#13;&#10;    &#9;dealtHandEVs.put(&quot;A7&quot;, -0.10 );&#13;&#10;    &#9;dealtHandEVs.put(&quot;T7&quot;, -0.10 );&#13;&#10;    &#9;dealtHandEVs.put(&quot;Q4 s&quot;, -0.10 );&#13;&#10;    &#9;dealtHandEVs.put(&quot;Q8&quot;, -0.11 );&#13;&#10;    &#9;dealtHandEVs.put(&quot;J5 s&quot;, -0.11 );&#13;&#10;    &#9;dealtHandEVs.put(&quot;T6&quot;, -0.11 );&#13;&#10;    &#9;dealtHandEVs.put(&quot;75&quot;, -0.11 );&#13;&#10;    &#9;dealtHandEVs.put(&quot;J4 s&quot;, -0.11 );&#13;&#10;    &#9;dealtHandEVs.put(&quot;74 s&quot;, -0.11 );&#13;&#10;    &#9;dealtHandEVs.put(&quot;K8&quot;, -0.11 );&#13;&#10;    &#9;dealtHandEVs.put(&quot;86&quot;, -0.11 );&#13;&#10;    &#9;dealtHandEVs.put(&quot;53 s&quot;, -0.11 );&#13;&#10;    &#9;dealtHandEVs.put(&quot;K7&quot;, -0.11 );&#13;&#10;    &#9;dealtHandEVs.put(&quot;63 s&quot;, -0.11 );&#13;&#10;    &#9;dealtHandEVs.put(&quot;J6 s&quot;, -0.11 );&#13;&#10;    &#9;dealtHandEVs.put(&quot;85&quot;, -0.11 );&#13;&#10;    &#9;dealtHandEVs.put(&quot;T6 s&quot;, -0.11 );&#13;&#10;    &#9;dealtHandEVs.put(&quot;76&quot;, -0.11 );&#13;&#10;    &#9;dealtHandEVs.put(&quot;A6&quot;, -0.12 );&#13;&#10;    &#9;dealtHandEVs.put(&quot;T2&quot;, -0.12 );&#13;&#10;    &#9;dealtHandEVs.put(&quot;95 s&quot;, -0.12 );&#13;&#10;    &#9;dealtHandEVs.put(&quot;84&quot;, -0.12 );&#13;&#10;    &#9;dealtHandEVs.put(&quot;62&quot;, -0.12 );&#13;&#10;    &#9;dealtHandEVs.put(&quot;T5 s&quot;, -0.12 );&#13;&#10;    &#9;dealtHandEVs.put(&quot;95&quot;, -0.12 );&#13;&#10;    &#9;dealtHandEVs.put(&quot;A5&quot;, -0.12 );&#13;&#10;    &#9;dealtHandEVs.put(&quot;Q7&quot;, -0.12 );&#13;&#10;    &#9;dealtHandEVs.put(&quot;T5&quot;, -0.12 );&#13;&#10;    &#9;dealtHandEVs.put(&quot;87&quot;, -0.12 );&#13;&#10;    &#9;dealtHandEVs.put(&quot;83&quot;, -0.12 );&#13;&#10;    &#9;dealtHandEVs.put(&quot;65&quot;, -0.12 );&#13;&#10;    &#9;dealtHandEVs.put(&quot;Q2 s&quot;, -0.12 );&#13;&#10;    &#9;dealtHandEVs.put(&quot;94&quot;, -0.12 );&#13;&#10;    &#9;dealtHandEVs.put(&quot;74&quot;, -0.12 );&#13;&#10;    &#9;dealtHandEVs.put(&quot;54&quot;, -0.12 );&#13;&#10;    &#9;dealtHandEVs.put(&quot;A4&quot;, -0.12 );&#13;&#10;    &#9;dealtHandEVs.put(&quot;T4&quot;, -0.12 );&#13;&#10;    &#9;dealtHandEVs.put(&quot;82&quot;, -0.12 );&#13;&#10;    &#9;dealtHandEVs.put(&quot;64&quot;, -0.12 );&#13;&#10;    &#9;dealtHandEVs.put(&quot;42&quot;, -0.12 );&#13;&#10;    &#9;dealtHandEVs.put(&quot;J7&quot;, -0.12 );&#13;&#10;    &#9;dealtHandEVs.put(&quot;93&quot;, -0.12 );&#13;&#10;    &#9;dealtHandEVs.put(&quot;85 s&quot;, -0.12 );&#13;&#10;    &#9;dealtHandEVs.put(&quot;73&quot;, -0.12 );&#13;&#10;    &#9;dealtHandEVs.put(&quot;53&quot;, -0.12 );&#13;&#10;    &#9;dealtHandEVs.put(&quot;T3&quot;, -0.12 );&#13;&#10;    &#9;dealtHandEVs.put(&quot;63&quot;, -0.12 );&#13;&#10;    &#9;dealtHandEVs.put(&quot;K6&quot;, -0.12 );&#13;&#10;    &#9;dealtHandEVs.put(&quot;J6&quot;, -0.12 );&#13;&#10;    &#9;dealtHandEVs.put(&quot;96&quot;, -0.12 );&#13;&#10;    &#9;dealtHandEVs.put(&quot;92&quot;, -0.12 );&#13;&#10;    &#9;dealtHandEVs.put(&quot;72&quot;, -0.12 );&#13;&#10;    &#9;dealtHandEVs.put(&quot;52&quot;, -0.12 );&#13;&#10;    &#9;dealtHandEVs.put(&quot;Q4&quot;, -0.13 );&#13;&#10;    &#9;dealtHandEVs.put(&quot;K5&quot;, -0.13 );&#13;&#10;    &#9;dealtHandEVs.put(&quot;J5&quot;, -0.13 );&#13;&#10;    &#9;dealtHandEVs.put(&quot;43 s&quot;, -0.13 );&#13;&#10;    &#9;dealtHandEVs.put(&quot;Q3&quot;, -0.13 );&#13;&#10;    &#9;dealtHandEVs.put(&quot;43&quot;, -0.13 );&#13;&#10;    &#9;dealtHandEVs.put(&quot;K4&quot;, -0.13 );&#13;&#10;    &#9;dealtHandEVs.put(&quot;J4&quot;, -0.13 );&#13;&#10;    &#9;dealtHandEVs.put(&quot;T4 s&quot;, -0.13 );&#13;&#10;    &#9;dealtHandEVs.put(&quot;Q6&quot;, -0.13 );&#13;&#10;    &#9;dealtHandEVs.put(&quot;Q2&quot;, -0.13 );&#13;&#10;    &#9;dealtHandEVs.put(&quot;J3 s&quot;, -0.13 );&#13;&#10;    &#9;dealtHandEVs.put(&quot;J3&quot;, -0.13 );&#13;&#10;    &#9;dealtHandEVs.put(&quot;T3 s&quot;, -0.13 );&#13;&#10;    &#9;dealtHandEVs.put(&quot;A3&quot;, -0.13 );&#13;&#10;    &#9;dealtHandEVs.put(&quot;Q5&quot;, -0.13 );&#13;&#10;    &#9;dealtHandEVs.put(&quot;J2&quot;, -0.13 );&#13;&#10;    &#9;dealtHandEVs.put(&quot;84 s&quot;, -0.13 );&#13;&#10;    &#9;dealtHandEVs.put(&quot;82 s&quot;, -0.14 );&#13;&#10;    &#9;dealtHandEVs.put(&quot;42 s&quot;, -0.14 );&#13;&#10;    &#9;dealtHandEVs.put(&quot;93 s&quot;, -0.14 );&#13;&#10;    &#9;dealtHandEVs.put(&quot;73 s&quot;, -0.14 );&#13;&#10;    &#9;dealtHandEVs.put(&quot;K3&quot;, -0.14 );&#13;&#10;    &#9;dealtHandEVs.put(&quot;J2 s&quot;, -0.14 );&#13;&#10;    &#9;dealtHandEVs.put(&quot;92 s&quot;, -0.14 );&#13;&#10;    &#9;dealtHandEVs.put(&quot;52 s&quot;, -0.14 );&#13;&#10;    &#9;dealtHandEVs.put(&quot;K2&quot;, -0.14 );&#13;&#10;    &#9;dealtHandEVs.put(&quot;T2 s&quot;, -0.14 );&#13;&#10;    &#9;dealtHandEVs.put(&quot;62 s&quot;, -0.14 );&#13;&#10;    &#9;dealtHandEVs.put(&quot;32&quot;, -0.14 );&#13;&#10;    &#9;dealtHandEVs.put(&quot;A2&quot;, -0.15 );&#13;&#10;    &#9;dealtHandEVs.put(&quot;83 s&quot;, -0.15 );&#13;&#10;    &#9;dealtHandEVs.put(&quot;94 s&quot;, -0.15 );&#13;&#10;    &#9;dealtHandEVs.put(&quot;72 s&quot;, -0.15 );&#13;&#10;    &#9;dealtHandEVs.put(&quot;32 s&quot;, -0.15 );&#13;&#10;&#9;}&#13;&#10;&#9;&#13;&#10;&#9;&#13;&#10;&#9;public double getOptimalRatingForGame(Game game)&#13;&#10;&#9;{&#13;&#10;&#9;&#9;ArrayList&lt;Double&gt; opValues = new ArrayList&lt;Double&gt;();&#13;&#10;&#9;&#9;&#13;&#10;&#9;&#9;ArrayList&lt;GameAction&gt; actions = game.getGameActions();&#13;&#10;&#9;&#9;&#13;&#10;&#9;&#9;for(GameAction gameAction : actions)&#13;&#10;&#9;&#9;{&#13;&#10;&#9;&#9;&#9;PokerAction action = gameAction.getAction();&#13;&#10;&#9;&#9;&#9;&#13;&#10;&#9;&#9;&#9;/*&#13;&#10;&#9;&#9;&#9; * In the case of checks, wins, loses, etc&#13;&#10;&#9;&#9;&#9; * where actions are not dependent on a change in&#13;&#10;&#9;&#9;&#9; * pot value, we are not going to model the interaction.&#13;&#10;&#9;&#9;&#9; * &#13;&#10;&#9;&#9;&#9; * Because we explicitly wanted or model to look at only&#13;&#10;&#9;&#9;&#9; * the knowledge the player has at the time. Other actions&#13;&#10;&#9;&#9;&#9; * will not judge additional risk(ex: check), or actions such as fold &#13;&#10;&#9;&#9;&#9; * are not not tracked, since we tracked all risky actions&#13;&#10;&#9;&#9;&#9; * previous to this action. In essence we are assuming most&#13;&#10;&#9;&#9;&#9; * players have a general idea when to fold, and this is a much&#13;&#10;&#9;&#9;&#9; * less important measure than the other actions.&#13;&#10;&#9;&#9;&#9; */&#13;&#10;&#9;&#9;&#9;if(action != PokerAction.BET &amp;&amp; &#13;&#10;&#9;&#9;&#9;   action != PokerAction.CALL &amp;&amp; &#13;&#10;&#9;&#9;&#9;   action != PokerAction.RAISE &amp;&amp; &#13;&#10;&#9;&#9;&#9;   action != PokerAction.RERAISE)&#13;&#10;&#9;&#9;&#9;&#9;continue;&#13;&#10;&#9;&#9;&#9;&#13;&#10;&#9;&#9;&#9;ArrayList&lt;Card&gt; commCards = gameAction.getCommunityCards();&#13;&#10;&#9;&#9;&#9;ArrayList&lt;Card&gt; handCards = gameAction.getHand();&#13;&#10;&#9;&#9;&#9;&#13;&#10;&#9;&#9;&#9;int pot = gameAction.getPot();&#13;&#10;&#9;&#9;&#9;int bet = gameAction.getBet();&#13;&#10;&#9;&#9;&#9;&#13;&#10;&#9;&#9;&#9;if(this.isPositiveEV(pot, bet, handCards, commCards))&#13;&#10;&#9;&#9;&#9;&#9;opValues.add(new Double(1));&#13;&#10;&#9;&#9;&#9;else&#13;&#10;&#9;&#9;&#9;&#9;opValues.add(new Double(0));&#13;&#10;&#9;&#9;&#9;&#13;&#10;&#9;&#9;}&#13;&#10;&#9;&#9;&#13;&#10;&#9;&#9;double sum = 0;&#13;&#10;&#9;&#9;int count = 0;&#13;&#10;&#9;&#9;for(double opValue : opValues)&#13;&#10;&#9;&#9;{&#13;&#10;&#9;&#9;&#9;sum += opValue;&#13;&#10;&#9;&#9;&#9;count++;&#13;&#10;&#9;&#9;}&#13;&#10;&#9;&#9;&#13;&#10;&#9;&#9;if(count == 0) return 0;&#13;&#10;&#9;&#9;&#13;&#10;&#9;&#9;return (sum / count) * 100;&#13;&#10;&#9;&#9;&#13;&#10;&#9;}&#13;&#10;&#9;&#13;&#10;&#9;public double preFlopOptimalityRating(ArrayList&lt;Card&gt; hand)&#13;&#10;&#9;{&#13;&#10;&#9;&#9;double EV = this.getPreFlopEV(hand);&#13;&#10;&#9;&#9;&#13;&#10;&#9;&#9;if(EV &gt; 0)&#13;&#10;&#9;&#9;&#9;return POSTIVE_ACTION_VALUE;&#13;&#10;&#9;&#9;&#13;&#10;&#9;&#9;&#13;&#10;&#9;&#9;return NEGATIVE_ACTION_VALUE;&#13;&#10;&#9;&#9;&#13;&#10;&#9;}&#13;&#10;&#9;&#13;&#10;&#9;public double getPreFlopEV(ArrayList&lt;Card&gt; hand)&#13;&#10;&#9;{&#13;&#10;&#9;&#9;if(hand == null || hand.size() != 2)&#13;&#10;&#9;&#9;{&#13;&#10;&#9;&#9;&#9;return Double.NEGATIVE_INFINITY;&#13;&#10;&#9;&#9;}&#13;&#10;&#9;&#9;&#13;&#10;&#9;&#9;String suitExt = &quot;&quot;;&#13;&#10;&#9;&#9;Card card1 = hand.get(0);&#13;&#10;&#9;&#9;Card card2 = hand.get(1);&#13;&#10;&#9;&#9;String card1String = card1.getNumber().getStringValue();&#13;&#10;&#9;&#9;String card2String = card2.getNumber().getStringValue();&#13;&#10;&#9;&#9;&#13;&#10;&#9;&#9;&#13;&#10;&#9;&#9;if(card1.getSuit() == card2.getSuit())&#13;&#10;&#9;&#9;&#9;suitExt = &quot; s&quot;;&#13;&#10;&#9;&#9;&#13;&#10;&#9;&#9;String handID = card1String+card2String+suitExt;&#13;&#10;&#9;&#9;Double value = dealtHandEVs.get(handID);&#13;&#10;&#9;&#9;&#13;&#10;&#9;&#9;if(value == null)&#13;&#10;&#9;&#9;&#9;{&#13;&#10;&#9;&#9;&#9;handID = card2String+card1String+suitExt;&#13;&#10;&#9;&#9;&#9;value = dealtHandEVs.get(handID);&#13;&#10;&#9;&#9;&#9;}&#13;&#10;&#9;&#9;&#13;&#10;&#9;&#9;if(value == null) return Double.NEGATIVE_INFINITY;&#13;&#10;&#9;&#9;&#13;&#10;&#9;&#9;return value;&#13;&#10;&#9;&#9;&#13;&#10;&#9;}&#13;&#10;&#9;&#13;&#10;&#9;public static double getNextCardFutureRankings(int pot, int bet, int comm[], int hand[])&#13;&#10;&#9;{&#13;&#10;&#9;&#9;int commLength = comm.length;&#13;&#10;&#9;&#9;int totalCards = commLength + hand.length;&#13;&#10;&#9;&#9;double ev = 0;&#13;&#10;&#9;&#9;&#13;&#10;&#9;&#9;double leftOverCards = 52-totalCards;&#13;&#10;&#9;&#9;&#9;&#9;//card 1&#13;&#10;&#9;&#9;&#9;&#9;//each suit&#13;&#10;&#9;&#9;&#9;&#9;for(int c1S = 0; c1S &lt; 4; c1S++)&#13;&#10;&#9;&#9;&#9;&#9;{&#13;&#10;&#9;&#9;&#9;&#9;&#9;//each number&#13;&#10;&#9;&#9;&#9;&#9;&#9;for(int c1N = 0; c1N &lt; 13;c1N++)&#13;&#10;&#9;&#9;&#9;&#9;&#9;{&#13;&#10;&#9;&#9;&#9;&#9;&#9;&#9;int card1 = c1N * 4 + c1S + 1;&#13;&#10;&#9;&#9;&#9;&#9;&#9;&#9;&#13;&#10;&#9;&#9;&#9;&#9;&#9;&#9;boolean skip = false;&#13;&#10;&#13;&#10;&#9;&#9;&#9;&#9;&#9;&#9;for(int commCard : comm)&#13;&#10;&#9;&#9;&#9;&#9;&#9;&#9;&#9;if(commCard == card1)&#13;&#10;&#9;&#9;&#9;&#9;&#9;&#9;&#9;&#9;{skip = true;break;}&#13;&#10;&#9;&#9;&#9;&#9;&#9;&#9;if(!skip)&#13;&#10;&#9;&#9;&#9;&#9;&#9;&#9;for(int handCard : hand)&#13;&#10;&#9;&#9;&#9;&#9;&#9;&#9;&#9;if(handCard == card1)&#13;&#10;&#9;&#9;&#9;&#9;&#9;&#9;&#9;&#9;{skip = true;break;}&#13;&#10;&#9;&#9;&#9;&#9;&#9;&#9;&#13;&#10;&#9;&#9;&#9;&#9;&#9;&#9;if(skip) continue;&#13;&#10;&#9;&#9;&#9;&#9;&#9;&#9;&#13;&#10;&#9;&#9;&#9;&#9;&#9;&#9;&#13;&#10;&#9;&#9;&#9;&#9;&#9;&#9;&#13;&#10;&#9;&#9;&#9;&#9;&#9;&#9;int[] newComm = new int[commLength+1];&#13;&#10;&#9;&#9;&#9;&#9;&#9;&#9;&#13;&#10;&#9;&#9;&#9;&#9;&#9;&#9;for(int i = 0; i &lt; commLength; i++)&#13;&#10;&#9;&#9;&#9;&#9;&#9;&#9;&#9;newComm[i] = comm[i];&#13;&#10;&#13;&#10;&#9;&#9;&#9;&#9;&#9;&#9;newComm[commLength] = card1;&#13;&#10;&#9;&#9;&#9;&#9;&#9;&#9;&#9;&#9;&#13;&#10;&#9;&#9;&#9;&#9;&#9;&#9;&#9;ev+= (1/(leftOverCards))*getHandEV(pot, bet, newComm, hand);&#13;&#10;&#9;&#9;&#9;&#9;&#9;}&#13;&#10;&#9;&#9;&#9;&#9;&#9;&#13;&#10;&#9;&#9;&#9;&#9;}&#13;&#10;&#9;&#9;&#9;&#9;&#13;&#10;&#9;&#9;&#9;&#9;return ev;&#13;&#10;&#9;}&#13;&#10;&#9;&#13;&#10;&#9;public boolean isPositiveEV(int pot, int bet, ArrayList&lt;Card&gt; handCards, ArrayList&lt;Card&gt; commCards)&#13;&#10;&#9;{&#13;&#10;&#9;&#9;&#13;&#10;&#9;&#9;double ev = getTotalEv(pot, bet, handCards, commCards);&#13;&#10;&#9;&#9;&#13;&#10;&#9;&#9;if(ev &gt; 0)&#13;&#10;&#9;&#9;&#9;return true;&#13;&#10;&#9;&#9;else &#13;&#10;&#9;&#9;&#9;return false;&#13;&#10;&#9;&#9;&#13;&#10;&#9;}&#13;&#10;&#9;&#13;&#10;&#9;public double getTotalEv(int pot, int bet, ArrayList&lt;Card&gt; handCards, ArrayList&lt;Card&gt; commCards)&#13;&#10;&#9;{&#13;&#10;&#9;&#9;&#13;&#10;&#9;&#9;int hand[] = PokerHandRanker.convertHand(handCards);&#13;&#10;&#9;&#9;int comm[] = PokerHandRanker.convertHand(commCards);&#13;&#10;&#9;&#9;&#13;&#10;&#9;&#9;int totalCards = commCards.size() + handCards.size();&#13;&#10;&#13;&#10;&#9;&#9;/*&#13;&#10;&#9;&#9; * Pre-Flop&#13;&#10;&#9;&#9; */&#13;&#10;&#9;&#9;if(totalCards == 2)&#13;&#10;&#9;&#9;&#9;return preFlopOptimalityRating(handCards);&#13;&#10;&#9;&#9;&#13;&#10;&#9;&#9;/*&#13;&#10;&#9;&#9; * Post Flop or Post Turn&#13;&#10;&#9;&#9; *&#13;&#10;&#9;&#9; * deal with 2 + 3 Looking at 4th (flop)&#13;&#10;&#9;&#9; * or deal with 2 + 4 Looking at 5th&#13;&#10;&#9;&#9; */&#13;&#10;&#9;&#9;if(totalCards==5 || totalCards==6)&#13;&#10;&#9;&#9;{&#13;&#10;&#9;&#9;&#9;return getNextCardFutureRankings(pot, bet, comm, hand);&#13;&#10;&#9;&#9;}&#13;&#10;&#9;&#9;&#13;&#10;&#9;&#9;/*&#13;&#10;&#9;&#9; * Post River&#13;&#10;&#9;&#9; */&#13;&#10;&#9;&#9;//deal with 7 Looking at Everything.&#13;&#10;&#9;&#9;if(totalCards==7)&#13;&#10;&#9;&#9;&#9;return getHandEV(pot, bet, comm, hand);&#13;&#10;&#9;&#9;&#13;&#10;&#9;&#9;&#13;&#10;&#9;&#9;return 0;&#13;&#10;&#9;&#9;&#13;&#10;&#9;}&#13;&#10;&#9;&#13;&#10;&#9;private static double getHandEV(int pot, int bet, int comm[], int hand[])&#13;&#10;&#9;{&#13;&#10;&#9;&#9;double ev = 0;&#13;&#10;&#9;&#9;int cardCount = comm.length + hand.length;&#13;&#10;&#9;&#9;int[] myHand = new int[cardCount];&#13;&#10;&#9;&#9;&#13;&#10;&#9;&#9;double leftOverCards = 52-cardCount;&#13;&#10;&#9;&#9;&#13;&#10;&#9;&#9;System.arraycopy(comm, 0, myHand, 0, comm.length);&#13;&#10;&#9;&#9;System.arraycopy(hand, 0, myHand, comm.length, hand.length);&#13;&#10;&#9;&#9;&#13;&#10;&#9;&#9;int myHandRating = PokerHandRanker.lookupHand(myHand);&#13;&#10;&#9;&#9;&#13;&#10;&#9;&#9;//card 1&#13;&#10;&#9;&#9;//each suit&#13;&#10;&#9;&#9;for(int c1S = 0; c1S &lt; 4; c1S++)&#13;&#10;&#9;&#9;{&#13;&#10;&#9;&#9;&#9;//each number&#13;&#10;&#9;&#9;&#9;for(int c1N = 0; c1N&lt;13;c1N++)&#13;&#10;&#9;&#9;&#9;{&#13;&#10;&#9;&#9;&#9;&#9;//card 2&#13;&#10;&#9;&#9;&#9;&#9;//each suit&#13;&#10;&#9;&#9;&#9;&#9;for(int c2S = 0; c2S &lt; 4; c2S++)&#13;&#10;&#9;&#9;&#9;&#9;{&#13;&#10;&#9;&#9;&#9;&#9;&#9;//each number&#13;&#10;&#9;&#9;&#9;&#9;&#9;for(int c2N = 0; c2N&lt;13;c2N++)&#13;&#10;&#9;&#9;&#9;&#9;&#9;{&#13;&#10;&#9;&#9;&#9;&#9;&#9;&#9;int card1 = c1N * 4 + c1S + 1;&#13;&#10;&#9;&#9;&#9;&#9;&#9;&#9;int card2 = c2N * 4 + c2S + 1;&#13;&#10;&#9;&#9;&#9;&#9;&#9;&#9;&#13;&#10;&#9;&#9;&#9;&#9;&#9;&#9;boolean skip = false;&#13;&#10;&#9;&#9;&#9;&#9;&#9;&#9;if(card1==card2)&#13;&#10;&#9;&#9;&#9;&#9;&#9;&#9;&#9;skip=true;&#13;&#10;&#9;&#9;&#9;&#9;&#9;&#9;&#13;&#10;&#9;&#9;&#9;&#9;&#9;&#9;if(!skip)&#13;&#10;&#9;&#9;&#9;&#9;&#9;&#9;for(int commCard : comm)&#13;&#10;&#9;&#9;&#9;&#9;&#9;&#9;&#9;if(commCard == card1 || commCard == card2)&#13;&#10;&#9;&#9;&#9;&#9;&#9;&#9;&#9;&#9;{skip = true;break;}&#13;&#10;&#9;&#9;&#9;&#9;&#9;&#9;if(!skip)&#13;&#10;&#9;&#9;&#9;&#9;&#9;&#9;for(int handCard : hand)&#13;&#10;&#9;&#9;&#9;&#9;&#9;&#9;&#9;if(handCard == card1 || handCard == card2)&#13;&#10;&#9;&#9;&#9;&#9;&#9;&#9;&#9;&#9;{skip = true;break;}&#13;&#10;&#9;&#9;&#9;&#9;&#9;&#9;&#13;&#10;&#9;&#9;&#9;&#9;&#9;&#9;&#13;&#10;&#9;&#9;&#9;&#9;&#9;&#9;if(skip) continue;&#13;&#10;&#9;&#9;&#9;&#9;&#9;&#9;&#13;&#10;&#9;&#9;&#9;&#9;&#9;&#9;int[] newHand = {card1, card2};&#13;&#10;&#9;&#9;&#9;&#9;&#9;&#9;int[] oppHand = new int[cardCount];&#13;&#10;&#9;&#9;&#9;&#9;&#9;&#9;System.arraycopy(comm, 0, oppHand, 0, comm.length);&#13;&#10;&#9;&#9;&#9;&#9;&#9;&#9;System.arraycopy(newHand, 0, oppHand, comm.length, newHand.length);&#13;&#10;&#9;&#9;&#9;&#9;&#9;&#9;&#13;&#10;&#9;&#9;&#9;&#9;&#9;&#9;int oppHandRating = PokerHandRanker.lookupHand(oppHand);&#13;&#10;&#9;&#9;&#9;&#9;&#9;&#9;&#13;&#10;&#9;&#9;&#9;&#9;&#9;&#9;//System.out.println(l++);&#13;&#10;&#9;&#9;&#9;&#9;&#9;&#9;&#13;&#10;&#9;&#9;&#9;&#9;&#9;&#9;if(myHandRating &gt; oppHandRating)&#13;&#10;&#9;&#9;&#9;&#9;&#9;&#9;&#9;ev+= (1/leftOverCards)*(1/(leftOverCards-1))* pot;&#13;&#10;&#9;&#9;&#9;&#9;&#9;&#9;else&#13;&#10;&#9;&#9;&#9;&#9;&#9;&#9;&#9;ev+= (1/leftOverCards)*(1/(leftOverCards-1))* -bet;&#13;&#10;&#9;&#9;&#9;&#9;&#9;&#9;&#13;&#10;&#9;&#9;&#9;&#9;&#9;}&#13;&#10;&#9;&#9;&#9;&#9;}&#13;&#10;&#9;&#9;&#9;&#9;&#13;&#10;&#9;&#9;&#9;&#9;&#13;&#10;&#9;&#9;&#9;}&#13;&#10;&#9;&#9;}&#13;&#10;&#9;&#9;&#9;&#13;&#10;&#9;&#9;&#9;return ev;&#13;&#10;&#9;}&#13;&#10;&#9;&#13;&#10;&#9;&#13;&#10;&#9;&#13;&#10;}&#13;&#10;" Filename="Optimality.java" Intrnl_Id="34"/>
<SrcFile Content="package dataModels;&#13;&#10;&#13;&#10;/**&#13;&#10; * A Data representation for Misc Game Data&#13;&#10; * &#13;&#10; * @author dddurand&#13;&#10; *&#13;&#10; */&#13;&#10;public class MiscGameData {&#13;&#10;&#13;&#10;&#9;private String name;&#13;&#10;&#9;private String value;&#13;&#10;&#9;&#13;&#10;&#9;/**&#13;&#10;&#9; * General Constructor&#13;&#10;&#9; */&#13;&#10;&#9;public MiscGameData() { }&#13;&#10;&#9;&#13;&#10;&#9;/**&#13;&#10;&#9; * General Constructor&#13;&#10;&#9; * &#13;&#10;&#9; * @param name Name for misc game data&#13;&#10;&#9; * @param value Value for misc game data&#13;&#10;&#9; */&#13;&#10;&#9;public MiscGameData(String name, String value) &#13;&#10;&#9;{ &#13;&#10;&#9;&#9;this.name = name;&#13;&#10;&#9;&#9;this.value = value;&#13;&#10;&#9;}&#13;&#10;&#13;&#10;&#9;/**&#13;&#10;&#9; * Returns the name of data&#13;&#10;&#9; * &#13;&#10;&#9; * @return&#13;&#10;&#9; */&#13;&#10;&#9;public String getName() {&#13;&#10;&#9;&#9;return name;&#13;&#10;&#9;}&#13;&#10;&#13;&#10;&#9;/**&#13;&#10;&#9; * Sets the name of the misc data&#13;&#10;&#9; * &#13;&#10;&#9; * @param name&#13;&#10;&#9; */&#13;&#10;&#9;public void setName(String name) {&#13;&#10;&#9;&#9;this.name = name;&#13;&#10;&#9;}&#13;&#10;&#13;&#10;&#9;/**&#13;&#10;&#9; * Returns the value of the misc data&#13;&#10;&#9; * &#13;&#10;&#9; * @return&#13;&#10;&#9; */&#13;&#10;&#9;public String getValue() {&#13;&#10;&#9;&#9;return value;&#13;&#10;&#9;}&#13;&#10;&#13;&#10;&#9;/**&#13;&#10;&#9; * Sets the name of the misc data&#13;&#10;&#9; * &#13;&#10;&#9; * @param value&#13;&#10;&#9; */&#13;&#10;&#9;public void setValue(String value) {&#13;&#10;&#9;&#9;this.value = value;&#13;&#10;&#9;}&#13;&#10;&#9;&#13;&#10;&#9;&#13;&#10;&#9;&#13;&#10;}&#13;&#10;" Filename="MiscGameData.java" Intrnl_Id="35"/>
<SrcFile Content="package dataModels;&#13;&#10;&#13;&#10;import java.util.ArrayList;&#13;&#10;&#13;&#10;/**&#13;&#10; * The Action that a user makes in a game.&#13;&#10; * The current knowledge of the player is also present for that action,&#13;&#10; * including pot, hand, and community cards.&#13;&#10; * &#13;&#10; * @author dddurand&#13;&#10; *&#13;&#10; */&#13;&#10;public class GameAction {&#13;&#10;&#13;&#10;&#9;private PokerAction action;&#13;&#10;&#9;private int pot;&#13;&#10;&#9;private int bet;&#13;&#10;&#9;private ArrayList&lt;Card&gt; hand;&#13;&#10;&#9;private ArrayList&lt;Card&gt; communityCards;&#13;&#10;&#13;&#10;&#9;/**&#13;&#10;&#9; * General Constructor&#13;&#10;&#9; */&#13;&#10;&#9;public GameAction() {}&#13;&#10;&#9;&#13;&#10;&#9;/**&#13;&#10;&#9; * General Constructor&#13;&#10;&#9; */&#13;&#10;&#9;public GameAction(PokerAction action, int pot, int bet, ArrayList&lt;Card&gt; hand, ArrayList&lt;Card&gt; communityCards)&#13;&#10;&#9;{&#13;&#10;&#9;&#9;this.action = action;&#13;&#10;&#9;&#9;this.pot = pot;&#13;&#10;&#9;&#9;this.hand = hand;&#13;&#10;&#9;&#9;this.communityCards = communityCards;&#13;&#10;&#9;&#9;this.bet = bet;&#13;&#10;&#9;}&#13;&#10;&#9;&#13;&#10;&#9;&#13;&#10;&#9;&#13;&#10;&#9;/**&#13;&#10;&#9; * Returns the size of bet for the given action&#13;&#10;&#9; * &#13;&#10;&#9; * @return&#13;&#10;&#9; */&#13;&#10;&#9;public int getBet() {&#13;&#10;&#9;&#9;return bet;&#13;&#10;&#9;}&#13;&#10;&#13;&#10;&#9;/**&#13;&#10;&#9; * Set the bet for the given action&#13;&#10;&#9; * &#13;&#10;&#9; * @param bet&#13;&#10;&#9; */&#13;&#10;&#9;public void setBet(int bet) {&#13;&#10;&#9;&#9;this.bet = bet;&#13;&#10;&#9;}&#13;&#10;&#13;&#10;&#9;/**&#13;&#10;&#9; * action Getter&#13;&#10;&#9; * @return&#13;&#10;&#9; */&#13;&#10;&#9;public PokerAction getAction() {&#13;&#10;&#9;&#9;return action;&#13;&#10;&#9;}&#13;&#10;&#13;&#10;&#9;/**&#13;&#10;&#9; * action Setter&#13;&#10;&#9; * @param action&#13;&#10;&#9; */&#13;&#10;&#9;public void setAction(PokerAction action) {&#13;&#10;&#9;&#9;this.action = action;&#13;&#10;&#9;}&#13;&#10;&#13;&#10;&#9;/**&#13;&#10;&#9; * Pot getter &#13;&#10;&#9; * @return&#13;&#10;&#9; */&#13;&#10;&#9;public int getPot() {&#13;&#10;&#9;&#9;return pot;&#13;&#10;&#9;}&#13;&#10;&#13;&#10;&#9;/**&#13;&#10;&#9; * Pot Setter&#13;&#10;&#9; * @param pot&#13;&#10;&#9; */&#13;&#10;&#9;public void setPot(int pot) {&#13;&#10;&#9;&#9;this.pot = pot;&#13;&#10;&#9;}&#13;&#10;&#13;&#10;&#9;/**&#13;&#10;&#9; * Hand Getter&#13;&#10;&#9; * @return&#13;&#10;&#9; */&#13;&#10;&#9;public ArrayList&lt;Card&gt; getHand() {&#13;&#10;&#9;&#9;return hand;&#13;&#10;&#9;}&#13;&#10;&#13;&#10;&#9;/**&#13;&#10;&#9; * Hand Setter&#13;&#10;&#9; */&#13;&#10;&#9;public void setHand(ArrayList&lt;Card&gt; hand) {&#13;&#10;&#9;&#9;this.hand = hand;&#13;&#10;&#9;}&#13;&#10;&#13;&#10;&#9;/**&#13;&#10;&#9; * Community Card Getter&#13;&#10;&#9; * @return&#13;&#10;&#9; */&#13;&#10;&#9;public ArrayList&lt;Card&gt; getCommunityCards() {&#13;&#10;&#9;&#9;return communityCards;&#13;&#10;&#9;}&#13;&#10;&#9;&#13;&#10;&#9;/**&#13;&#10;&#9; * Community Card Setter&#13;&#10;&#9; * @param communityCards&#13;&#10;&#9; */&#13;&#10;&#9;public void setCommunityCards(ArrayList&lt;Card&gt; communityCards) {&#13;&#10;&#9;&#9;this.communityCards = communityCards;&#13;&#10;&#9;}&#13;&#10;&#13;&#10;&#13;&#10;&#13;&#10;&#9;/**&#13;&#10;&#9; * Various actions possible in a poker &#13;&#10;&#9; * &#13;&#10;&#9; * @author dddurand&#13;&#10;&#9; *&#13;&#10;&#9; */&#13;&#10;&#9;public enum PokerAction&#13;&#10;&#9;{&#13;&#10;&#9;&#9;BET(&quot;BET&quot;), CHECK(&quot;CHECK&quot;), CALL(&quot;CALL&quot;), FOLD(&quot;FOLD&quot;), RAISE(&quot;RAISE&quot;), RERAISE(&quot;RERAISE&quot;),&#13;&#10;&#9;&#9;WIN(&quot;WIN&quot;), LOSS(&quot;LOSS&quot;), END(&quot;END&quot;), START(&quot;START&quot;),&#13;&#10;&#9;&#9;UNKNOWN(&quot;U&quot;);&#13;&#10;&#9;&#9;&#13;&#10;&#9;&#9;private String value;&#13;&#10;&#9;&#9;&#13;&#10;&#9;&#9;/**&#13;&#10;&#9;&#9; * General Enum Constructor&#13;&#10;&#9;&#9; * @param action&#13;&#10;&#9;&#9; */&#13;&#10;&#9;&#9;PokerAction(String action)&#13;&#10;&#9;&#9;{&#13;&#10;&#9;&#9;&#9;this.value = action;&#13;&#10;&#9;&#9;}&#13;&#10;&#9;&#9;&#13;&#10;&#9;&#9;/**&#13;&#10;&#9;&#9; * Retrieves the string representation of the enum&#13;&#10;&#9;&#9; * &#13;&#10;&#9;&#9; * @return&#13;&#10;&#9;&#9; */&#13;&#10;&#9;    public String getValue() {&#13;&#10;&#9;        return value;&#13;&#10;&#9;    }&#13;&#10;&#9;    &#13;&#10;&#9;    /**&#13;&#10;&#9;     * Returns the PokerAction for a given string value&#13;&#10;&#9;     * &#13;&#10;&#9;     * @param value&#13;&#10;&#9;     * @return&#13;&#10;&#9;     */&#13;&#10;&#9;    public static PokerAction getAction(String value)&#13;&#10;&#9;    {&#13;&#10;&#9;    &#9;for (PokerAction action : PokerAction.values()) {&#13;&#10;&#9;            if (action.getValue().equals(value)) {&#13;&#10;&#9;                return action;&#13;&#10;&#9;            }&#13;&#10;&#9;        }&#13;&#10;&#9;    &#9;&#13;&#10;&#9;    &#9;return PokerAction.UNKNOWN;&#13;&#10;&#9;    }&#13;&#10;&#9;}&#13;&#10;&#9;&#13;&#10;}&#13;&#10;" Filename="GameAction.java" Intrnl_Id="36"/>
<SrcFile Content="package dataModels;&#13;&#10;&#13;&#10;import java.util.ArrayList;&#13;&#10;&#13;&#10;&#13;&#10;/**&#13;&#10; * Data model for a set of game data&#13;&#10; * &#13;&#10; * @author dddurand&#13;&#10; *&#13;&#10; */&#13;&#10;public class Game {&#13;&#10;&#13;&#10;&#9;private String gameID;&#13;&#10;&#9;private ArrayList&lt;GameAction&gt; gameActions;&#13;&#10;&#9;&#13;&#10;&#9;/**&#13;&#10;&#9; * General Constructor&#13;&#10;&#9; */&#13;&#10;&#9;public Game() {}&#13;&#10;&#9;&#13;&#10;&#9;/**&#13;&#10;&#9; * General Constructor&#13;&#10;&#9; * &#13;&#10;&#9; * @param gameActions List of actions in the game for the user&#13;&#10;&#9; * @param gameID The ID of the game&#13;&#10;&#9; */&#13;&#10;&#9;public Game(ArrayList&lt;GameAction&gt; gameActions, String gameID) &#13;&#10;&#9;{&#13;&#10;&#9;&#9;this.gameActions = gameActions;&#13;&#10;&#9;&#9;this.gameID = gameID;&#13;&#10;&#9;}&#13;&#10;&#13;&#10;&#9;/**&#13;&#10;&#9; * Getter for the game id&#13;&#10;&#9; * &#13;&#10;&#9; * @return&#13;&#10;&#9; */&#13;&#10;&#9;public String getGameID() {&#13;&#10;&#9;&#9;return gameID;&#13;&#10;&#9;}&#13;&#10;&#13;&#10;&#9;/**&#13;&#10;&#9; * Setter for the game id&#13;&#10;&#9; * &#13;&#10;&#9; * @param gameID&#13;&#10;&#9; */&#13;&#10;&#9;public void setGameID(String gameID) {&#13;&#10;&#9;&#9;this.gameID = gameID;&#13;&#10;&#9;}&#13;&#10;&#13;&#10;&#9;/**&#13;&#10;&#9; * Getter for game action collection&#13;&#10;&#9; * @return&#13;&#10;&#9; */&#13;&#10;&#9;public ArrayList&lt;GameAction&gt; getGameActions() {&#13;&#10;&#9;&#9;return gameActions;&#13;&#10;&#9;}&#13;&#10;&#13;&#10;&#9;/**&#13;&#10;&#9; * Setter for the game action collection&#13;&#10;&#9; * &#13;&#10;&#9; * @param gameActions&#13;&#10;&#9; */&#13;&#10;&#9;public void setGameActions(ArrayList&lt;GameAction&gt; gameActions) {&#13;&#10;&#9;&#9;this.gameActions = gameActions;&#13;&#10;&#9;}&#13;&#10;&#9;&#13;&#10;}&#13;&#10;" Filename="Game.java" Intrnl_Id="37"/>
<SrcFile Content="package dataModels;&#13;&#10;&#13;&#10;import java.lang.reflect.Type;&#13;&#10;&#13;&#10;import com.google.gson.JsonDeserializationContext;&#13;&#10;import com.google.gson.JsonDeserializer;&#13;&#10;import com.google.gson.JsonElement;&#13;&#10;import com.google.gson.JsonObject;&#13;&#10;import com.google.gson.JsonParseException;&#13;&#10;&#13;&#10;/**&#13;&#10; * This class generates the SQL Code needed in WHERE clauses for filtering statistics. &#13;&#10; * &#13;&#10; * It can accept DAY, WEEK, MONTH, YEAR for &quot;timeframe&quot;, with all other inputs being considered all. &#13;&#10; * Detects skip, max parameters, and rank type (for rank statistics).&#13;&#10; * &#13;&#10; * @author dddurand&#13;&#10; *&#13;&#10; */&#13;&#10;public class Filter {&#13;&#10;&#13;&#10;&#9;private TimeFrame time_frame;&#13;&#10;&#9;private int skip;&#13;&#10;&#9;private int max;&#13;&#10;&#9;private RankType rankType;&#13;&#10;&#13;&#10;&#9;/**&#13;&#10;&#9; * General Constructor&#13;&#10;&#9; */&#13;&#10;&#9;public Filter() &#13;&#10;&#9;{&#13;&#10;&#9;&#9;this.time_frame = TimeFrame.ALL;&#13;&#10;&#9;&#9;this.skip = 0;&#13;&#10;&#9;&#9;this.max = Integer.MAX_VALUE;&#13;&#10;&#9;&#9;this.rankType = RankType.NET_MONEY;&#13;&#10;&#9;}&#13;&#10;&#13;&#10;&#9;/**&#13;&#10;&#9; * General Constructor&#13;&#10;&#9; * &#13;&#10;&#9; * @param timeFrame&#13;&#10;&#9; */&#13;&#10;&#9;public Filter(String timeFrame)&#13;&#10;&#9;{&#13;&#10;&#9;&#9;this.time_frame = TimeFrame.getTimeFrame(timeFrame);&#13;&#10;&#9;&#9;this.skip = 0;&#13;&#10;&#9;&#9;this.max = Integer.MAX_VALUE;&#13;&#10;&#9;&#9;this.rankType = RankType.NET_MONEY;&#13;&#10;&#9;}&#13;&#10;&#9;&#13;&#10;&#9;/**&#13;&#10;&#9; * General Constructor&#13;&#10;&#9; * &#13;&#10;&#9; * @param timeFrame DAY, WEEK, MONTH, YEAR, otherwise defaults to ALL&#13;&#10;&#9; * @param skip The number of positions to be skipped before starting return&#13;&#10;&#9; * @param max The max number of positions to return.&#13;&#10;&#9; */&#13;&#10;&#9;public Filter(String timeFrame, int skip, int max)&#13;&#10;&#9;{&#13;&#10;&#9;&#9;this.time_frame = TimeFrame.getTimeFrame(timeFrame);&#13;&#10;&#9;&#9;this.skip = skip;&#13;&#10;&#9;&#9;this.max = max;&#13;&#10;&#9;&#9;this.rankType = RankType.NET_MONEY;&#13;&#10;&#9;}&#13;&#10;&#9;&#13;&#10;&#9;/**&#13;&#10;&#9; * General Constructor&#13;&#10;&#9; * &#13;&#10;&#9; * @param timeFrame DAY, WEEK, MONTH, YEAR, otherwise defaults to ALL&#13;&#10;&#9; * @param skip The number of positions to be skipped before starting return&#13;&#10;&#9; * @param max The max number of positions to return.&#13;&#10;&#9; * @param rankType The rank type to be used to order data.&#13;&#10;&#9; */&#13;&#10;&#9;public Filter(String timeFrame, int skip, int max, RankType rankType)&#13;&#10;&#9;{&#13;&#10;&#9;&#9;this.time_frame = TimeFrame.getTimeFrame(timeFrame);&#13;&#10;&#9;&#9;this.skip = skip;&#13;&#10;&#9;&#9;this.max = max;&#13;&#10;&#9;&#9;this.rankType = rankType;&#13;&#10;&#9;}&#13;&#10;&#9;&#13;&#10;&#9;/**&#13;&#10;&#9; * Returns the TimeFrame of the current filter&#13;&#10;&#9; * &#13;&#10;&#9; * @return&#13;&#10;&#9; */&#13;&#10;&#9;public TimeFrame getTimeFrame()&#13;&#10;&#9;{&#13;&#10;&#9;&#9;return this.time_frame;&#13;&#10;&#9;}&#13;&#10;&#9;&#13;&#10;&#9;/**&#13;&#10;&#9; * Updates the current TimeFrame&#13;&#10;&#9; * &#13;&#10;&#9; * @param timeFrame The new timeframe object&#13;&#10;&#9; */&#13;&#10;&#9;public void setTimeFrame(TimeFrame timeFrame)&#13;&#10;&#9;{&#13;&#10;&#9;&#9;this.time_frame = timeFrame;&#13;&#10;&#9;}&#13;&#10;&#9;&#13;&#10;&#9;/**&#13;&#10;&#9; * Updates the current TimeFrame based on string&#13;&#10;&#9; * &#13;&#10;&#9; * DAY,WEEK,MONTH,YEAR or defaults to ALL&#13;&#10;&#9; * &#13;&#10;&#9; * @param timeFrame&#13;&#10;&#9; */&#13;&#10;&#9;public void setTimeFrame(String timeFrame)&#13;&#10;&#9;{&#13;&#10;&#9;&#9;this.time_frame = TimeFrame.getTimeFrame(timeFrame);&#13;&#10;&#9;}&#13;&#10;&#9;&#13;&#10;&#9;/**&#13;&#10;&#9; * Updates the type of rank of the filter&#13;&#10;&#9; * &#13;&#10;&#9; * @param rankType&#13;&#10;&#9; */&#13;&#10;&#9;public void setRankType(RankType rankType)&#13;&#10;&#9;{&#13;&#10;&#9;&#9;this.rankType = rankType;&#13;&#10;&#9;}&#13;&#10;&#9;&#13;&#10;&#9;/**&#13;&#10;&#9; * Updates the current type of rank based on the string&#13;&#10;&#9; * &#13;&#10;&#9; * net_money or optimality (defaults to net_money otherwise)&#13;&#10;&#9; * &#13;&#10;&#9; * @param rankType&#13;&#10;&#9; */&#13;&#10;&#9;public void setRankType(String rankType)&#13;&#10;&#9;{&#13;&#10;&#9;&#9;this.rankType = RankType.getRankType(rankType);&#13;&#10;&#9;}&#13;&#10;&#9;&#13;&#10;&#9;/**&#13;&#10;&#9; * Gets the Rank type for the current object&#13;&#10;&#9; * &#13;&#10;&#9; * @return&#13;&#10;&#9; */&#13;&#10;&#9;public RankType getRankType()&#13;&#10;&#9;{&#13;&#10;&#9;&#9;return this.rankType;&#13;&#10;&#9;}&#13;&#10;&#9;&#13;&#10;&#9;/**&#13;&#10;&#9; * Returns the number of elements to skip&#13;&#10;&#9; * &#13;&#10;&#9; * @return&#13;&#10;&#9; */&#13;&#10;&#9;public int getSkip() {&#13;&#10;&#9;&#9;return skip;&#13;&#10;&#9;}&#13;&#10;&#13;&#10;&#9;/**&#13;&#10;&#9; * Sets the number of elements to skip&#13;&#10;&#9; * &#13;&#10;&#9; * @param skip&#13;&#10;&#9; */&#13;&#10;&#9;public void setSkip(int skip) {&#13;&#10;&#9;&#9;this.skip = skip;&#13;&#10;&#9;}&#13;&#10;&#13;&#10;&#9;/**&#13;&#10;&#9; * Returns the max number of elements to return&#13;&#10;&#9; * &#13;&#10;&#9; * @return&#13;&#10;&#9; */&#13;&#10;&#9;public int getMax() {&#13;&#10;&#9;&#9;return max;&#13;&#10;&#9;}&#13;&#10;&#13;&#10;&#9;/**&#13;&#10;&#9; * Sets the max number of elements to return&#13;&#10;&#9; * &#13;&#10;&#9; * @param max&#13;&#10;&#9; */&#13;&#10;&#9;public void setMax(int max) {&#13;&#10;&#9;&#9;this.max = max;&#13;&#10;&#9;}&#13;&#10;&#13;&#10;&#9;/**&#13;&#10;&#9; * Generates a fragement of SQL that should be placed in the WHERE clause.&#13;&#10;&#9; * It will cause the data to be filtered based on a column called date_uploaded,&#13;&#10;&#9; * and the timeframe parameter provided at creation. &#13;&#10;&#9; * &#13;&#10;&#9; */&#13;&#10;&#9;public String getSqlTimeFrameFilter()&#13;&#10;&#9;{&#13;&#10;&#9;&#9;switch(this.time_frame)&#13;&#10;&#9;&#9;{&#13;&#10;&#9;&#9;&#9;case DAY:&#13;&#10;&#9;&#9;&#9;&#9;return &quot; and date_uploaded &gt;= DATE_ADD(CURRENT_DATE(), INTERVAL -1 DAY) &quot;;&#13;&#10;&#9;&#9;&#9;case WEEK:&#13;&#10;&#9;&#9;&#9;&#9;return &quot; and date_uploaded &gt;= DATE_ADD(CURRENT_DATE(), INTERVAL -1 WEEK) &quot;;&#13;&#10;&#9;&#9;&#9;case MONTH:&#13;&#10;&#9;&#9;&#9;&#9;return &quot; and date_uploaded &gt;= DATE_ADD(CURRENT_DATE(), INTERVAL -1 MONTH) &quot;;&#13;&#10;&#9;&#9;&#9;case YEAR:&#13;&#10;&#9;&#9;&#9;&#9;return &quot; and date_uploaded &gt;= DATE_ADD(CURRENT_DATE(), INTERVAL -1 YEAR) &quot;;&#13;&#10;&#9;&#9;&#9;default:&#13;&#10;&#9;&#9;&#9;&#9;return &quot;&quot;;&#13;&#10;&#9;&#9;&#9;&#9;&#9;&#13;&#10;&#9;&#9;}&#13;&#10;&#9;}&#13;&#10;&#9;&#13;&#10;&#9;/**&#13;&#10;&#9; * Returns the Sql filter for the number of elements to skip&#13;&#10;&#9; * &#13;&#10;&#9; * @return&#13;&#10;&#9; */&#13;&#10;&#9;public String getSkipSqlFilter()&#13;&#10;&#9;{&#13;&#10;&#9;&#9;return &quot; OFFSET &quot; + this.skip + &quot; &quot;;&#13;&#10;&#9;}&#13;&#10;&#9;&#13;&#10;&#9;/**&#13;&#10;&#9; * Returns the sql for the max number of elements.&#13;&#10;&#9; * &#13;&#10;&#9; * @return&#13;&#10;&#9; */&#13;&#10;&#9;public String getMaxSqlFilter()&#13;&#10;&#9;{&#13;&#10;&#9;&#9;return &quot; LIMIT &quot; + this.max + &quot; &quot;;&#13;&#10;&#9;}&#13;&#10;&#9;&#13;&#10;&#9;/**&#13;&#10;&#9; * TimeFrame enum of all possible timeframes the object supports.&#13;&#10;&#9; * &#13;&#10;&#9; * @author dddurand&#13;&#10;&#9; *&#13;&#10;&#9; */&#13;&#10;&#9;public enum TimeFrame&#13;&#10;&#9;{&#13;&#10;&#9;&#9;DAY(&quot;DAY&quot;), WEEK(&quot;WEEK&quot;), MONTH(&quot;MONTH&quot;), YEAR(&quot;YEAR&quot;), ALL(&quot;ALL&quot;);&#13;&#10;&#9;&#9;&#13;&#10;&#9;&#9;private String value;&#13;&#10;&#9;&#9;&#13;&#10;&#9;&#9;/**&#13;&#10;&#9;&#9; * General Enum Constructor&#13;&#10;&#9;&#9; * @param suit&#13;&#10;&#9;&#9; */&#13;&#10;&#9;&#9;TimeFrame(String timeFrame)&#13;&#10;&#9;&#9;{&#13;&#10;&#9;&#9;&#9;this.value = timeFrame;&#13;&#10;&#9;&#9;}&#13;&#10;&#9;&#9;&#13;&#10;&#9;&#9;/**&#13;&#10;&#9;&#9; * Returns the string representation of the TimeFrame&#13;&#10;&#9;&#9; * &#13;&#10;&#9;&#9; * @return&#13;&#10;&#9;&#9; */&#13;&#10;&#9;    public String getValue() {&#13;&#10;&#9;        return value;&#13;&#10;&#9;    }&#13;&#10;&#9;    &#13;&#10;&#9;    /**&#13;&#10;&#9;     * Returns the TimeFrame for a given string. If invalid, returns ALL.&#13;&#10;&#9;     * &#13;&#10;&#9;     * @param character&#13;&#10;&#9;     * @return&#13;&#10;&#9;     */&#13;&#10;&#9;    public static TimeFrame getTimeFrame(String timeFrameString)&#13;&#10;&#9;    {&#13;&#10;&#9;    &#9;for (TimeFrame timeFrame : TimeFrame.values()) {&#13;&#10;&#9;            if (timeFrame.getValue().equals(timeFrameString)) {&#13;&#10;&#9;                return timeFrame;&#13;&#10;&#9;            }&#13;&#10;&#9;        }&#13;&#10;&#9;    &#9;&#13;&#10;&#9;    &#9;return TimeFrame.ALL;&#13;&#10;&#9;    }&#13;&#10;&#9;&#9;&#13;&#10;&#9;}&#13;&#10;&#9;&#13;&#10;&#9;/**&#13;&#10;&#9; * TimeFrame enum of all possible timeframes the object supports.&#13;&#10;&#9; * &#13;&#10;&#9; * @author dddurand&#13;&#10;&#9; *&#13;&#10;&#9; */&#13;&#10;&#9;public enum RankType&#13;&#10;&#9;{&#13;&#10;&#9;&#9;NET_MONEY(&quot;net_money&quot;), OPTIMALITY(&quot;optimality&quot;);&#13;&#10;&#9;&#9;&#13;&#10;&#9;&#9;private String value;&#13;&#10;&#9;&#9;&#13;&#10;&#9;&#9;/**&#13;&#10;&#9;&#9; * General Enum Constructor&#13;&#10;&#9;&#9; * @param suit&#13;&#10;&#9;&#9; */&#13;&#10;&#9;&#9;RankType(String netMoney)&#13;&#10;&#9;&#9;{&#13;&#10;&#9;&#9;&#9;this.value = netMoney;&#13;&#10;&#9;&#9;}&#13;&#10;&#9;&#9;&#13;&#10;&#9;&#9;/**&#13;&#10;&#9;&#9; * Returns the string representation of the TimeFrame&#13;&#10;&#9;&#9; * &#13;&#10;&#9;&#9; * @return&#13;&#10;&#9;&#9; */&#13;&#10;&#9;    public String getValue() {&#13;&#10;&#9;        return value;&#13;&#10;&#9;    }&#13;&#10;&#9;    &#13;&#10;&#9;    /**&#13;&#10;&#9;     * Returns the TimeFrame for a given string. If invalid, returns ALL.&#13;&#10;&#9;     * &#13;&#10;&#9;     * @param character&#13;&#10;&#9;     * @return&#13;&#10;&#9;     */&#13;&#10;&#9;    public static RankType getRankType(String rankTypeString)&#13;&#10;&#9;    {&#13;&#10;&#9;    &#9;for (RankType rankType : RankType.values()) {&#13;&#10;&#9;            if (rankType.getValue().equals(rankTypeString)) {&#13;&#10;&#9;                return rankType;&#13;&#10;&#9;            }&#13;&#10;&#9;        }&#13;&#10;&#9;    &#9;&#13;&#10;&#9;    &#9;return RankType.NET_MONEY;&#13;&#10;&#9;    }&#13;&#10;&#9;&#9;&#13;&#10;&#9;}&#13;&#10;&#9;&#13;&#10;&#9;/**&#13;&#10;&#9; * Custom Deserializer that takes the provided json,&#13;&#10;&#9; * and converts it into a Filter object.&#13;&#10;&#9; * &#13;&#10;&#9; * @author dddurand&#13;&#10;&#9; *&#13;&#10;&#9; */&#13;&#10;&#9;public static class FilterDeserializer implements JsonDeserializer&lt;Filter&gt; {&#13;&#10;&#13;&#10;&#9;&#9;/**&#13;&#10;&#9;&#9; * The custom serializer that converts the provided json,&#13;&#10;&#9;&#9; * into a UploadData object.&#13;&#10;&#9;&#9; * &#13;&#10;&#9;&#9; */&#13;&#10;&#9;&#9;@Override&#13;&#10;&#9;&#9;public Filter deserialize(JsonElement element, Type type,&#13;&#10;&#9;&#9;&#9;&#9;JsonDeserializationContext context) throws JsonParseException {&#13;&#10;&#13;&#10;&#9;&#9;&#9;JsonObject uploadDataObj = element.getAsJsonObject();&#13;&#10;&#13;&#10;&#9;&#9;&#9;JsonElement timeFrameElement = uploadDataObj.get(&quot;timeframe&quot;);&#13;&#10;&#9;&#9;&#9;&#13;&#10;&#9;&#9;&#9;JsonElement skipElement = uploadDataObj.get(&quot;skip&quot;);&#13;&#10;&#9;&#9;&#9;&#13;&#10;&#9;&#9;&#9;JsonElement maxElement = uploadDataObj.get(&quot;max&quot;);&#13;&#10;&#9;&#9;&#9;&#13;&#10;&#9;&#9;&#9;JsonElement rankTypeElement = uploadDataObj.get(&quot;rank_type&quot;);&#13;&#10;&#13;&#10;&#9;&#9;&#9;Filter filter = new Filter();&#13;&#10;&#9;&#9;&#9;&#13;&#10;&#9;&#9;&#9;if(timeFrameElement != null)&#13;&#10;&#9;&#9;&#9;&#9;filter.setTimeFrame(timeFrameElement.getAsString());&#13;&#10;&#9;&#9;&#9;&#13;&#10;&#9;&#9;&#9;if(skipElement != null)&#13;&#10;&#9;&#9;&#9;&#9;filter.setSkip(skipElement.getAsInt());&#13;&#10;&#9;&#9;&#9;&#13;&#10;&#9;&#9;&#9;if(maxElement != null)&#13;&#10;&#9;&#9;&#9;&#9;filter.setMax(maxElement.getAsInt());&#13;&#10;&#9;&#9;&#9;&#13;&#10;&#9;&#9;&#9;if(rankTypeElement != null)&#13;&#10;&#9;&#9;&#9;&#9;filter.setRankType(rankTypeElement.getAsString());&#13;&#10;&#9;&#9;&#9;&#13;&#10;&#9;&#9;&#9;return filter;&#13;&#10;&#9;&#9;}&#13;&#10;&#9;}&#13;&#10;&#9;&#13;&#10;}&#13;&#10;" Filename="Filter.java" Intrnl_Id="38"/>
<SrcFile Content="package dataModels;&#13;&#10;&#13;&#10;import dataModels.GameAction.PokerAction;&#13;&#10;import database.DatabaseInterface;&#13;&#10;import database.DatabaseInterface.DatabaseInterfaceException;&#13;&#10;import database.DatabaseInterface.NumerableActionColumn;&#13;&#10;import database.DatabaseInterface.NumerableActionOperation;&#13;&#10;&#13;&#10;/**&#13;&#10; * A data model that holds and facilitates the generation of the community statistics.&#13;&#10; * &#13;&#10; * @author dddurand&#13;&#10; *&#13;&#10; */&#13;&#10;&#13;&#10;public class CommunityStatistics {&#13;&#10;&#13;&#10;&#9;private transient DatabaseInterface dbInterface;&#13;&#10;&#9;private transient Filter filter;&#13;&#10;&#9;&#13;&#10;&#9;/**&#13;&#10;&#9; * Used in JSON Output&#13;&#10;&#9; */&#13;&#10;&#9;@SuppressWarnings(&quot;unused&quot;)&#13;&#10;&#9;private int totalDollarsBetOnCalls;&#13;&#10;&#9;@SuppressWarnings(&quot;unused&quot;)&#13;&#10;&#9;private int totalDollarsBetOnBets;&#13;&#10;&#9;@SuppressWarnings(&quot;unused&quot;)&#13;&#10;&#9;private int totalDollarsBetOnRaises;&#13;&#10;&#9;@SuppressWarnings(&quot;unused&quot;)&#13;&#10;&#9;private int totalDollarsBetOnReRaises;&#13;&#10;&#9;@SuppressWarnings(&quot;unused&quot;)&#13;&#10;&#9;private int totalDollarsBet;&#13;&#10;&#9;@SuppressWarnings(&quot;unused&quot;)&#13;&#10;&#9;private int avgDollarsBetOnCalls;&#13;&#10;&#9;@SuppressWarnings(&quot;unused&quot;)&#13;&#10;&#9;private int avgDollarsBetOnBets;&#13;&#10;&#9;@SuppressWarnings(&quot;unused&quot;)&#13;&#10;&#9;private int avgDollarsBetOnRaises;&#13;&#10;&#9;@SuppressWarnings(&quot;unused&quot;)&#13;&#10;&#9;private int avgDollarsBetOnReRaises;&#13;&#10;&#9;@SuppressWarnings(&quot;unused&quot;)&#13;&#10;&#9;private int totalNumberOfBets;&#13;&#10;&#9;@SuppressWarnings(&quot;unused&quot;)&#13;&#10;&#9;private int totalNumberOfChecks;&#13;&#10;&#9;@SuppressWarnings(&quot;unused&quot;)&#13;&#10;&#9;private int totalNumberOfCalls;&#13;&#10;&#9;@SuppressWarnings(&quot;unused&quot;)&#13;&#10;&#9;private int totalNumberOfFolds;&#13;&#10;&#9;@SuppressWarnings(&quot;unused&quot;)&#13;&#10;&#9;private int totalNumberOfRaise;&#13;&#10;&#9;@SuppressWarnings(&quot;unused&quot;)&#13;&#10;&#9;private int totalNumberOfReRaise;&#13;&#10;&#9;@SuppressWarnings(&quot;unused&quot;)&#13;&#10;&#9;private int totalNumberOfPotsWon;&#13;&#10;&#9;@SuppressWarnings(&quot;unused&quot;)&#13;&#10;&#9;private int totalNumberOfPotsLoss;&#13;&#10;&#9;@SuppressWarnings(&quot;unused&quot;)&#13;&#10;&#9;private int totalNumberOfPots;&#13;&#10;&#9;@SuppressWarnings(&quot;unused&quot;)&#13;&#10;&#9;private int avgPotOnChecks;&#13;&#10;&#9;@SuppressWarnings(&quot;unused&quot;)&#13;&#10;&#9;private int avgPotOnCalls;&#13;&#10;&#9;@SuppressWarnings(&quot;unused&quot;)&#13;&#10;&#9;private int avgPotOnBets;&#13;&#10;&#9;@SuppressWarnings(&quot;unused&quot;)&#13;&#10;&#9;private int avgPotOnRaises;&#13;&#10;&#9;@SuppressWarnings(&quot;unused&quot;)&#13;&#10;&#9;private int avgPotOnReRaises;&#13;&#10;&#9;@SuppressWarnings(&quot;unused&quot;)&#13;&#10;&#9;private int avgPotOnFolds;&#13;&#10;&#9;@SuppressWarnings(&quot;unused&quot;)&#13;&#10;&#9;private int avgPotOnWins;&#13;&#10;&#9;@SuppressWarnings(&quot;unused&quot;)&#13;&#10;&#9;private int avgPotOnLoses;&#13;&#10;&#9;@SuppressWarnings(&quot;unused&quot;)&#13;&#10;&#9;private int totalDollarsWon;&#13;&#10;&#9;@SuppressWarnings(&quot;unused&quot;)&#13;&#10;&#9;private int totalDollarsLoss;&#13;&#10;&#9;@SuppressWarnings(&quot;unused&quot;)&#13;&#10;&#9;private int totalDollarsFolded;&#13;&#10;&#9;@SuppressWarnings(&quot;unused&quot;)&#13;&#10;&#9;private int moneyGenerated;&#13;&#10;&#9;@SuppressWarnings(&quot;unused&quot;)&#13;&#10;&#9;private int gamesPlayed;&#13;&#10;&#9;@SuppressWarnings(&quot;unused&quot;)&#13;&#10;&#9;private int netMoney;&#13;&#10;&#9;@SuppressWarnings(&quot;unused&quot;)&#13;&#10;&#9;private int avgBet;&#13;&#10;&#9;&#13;&#10;&#9;/**&#13;&#10;&#9; * General Constructor&#13;&#10;&#9; * @param account&#13;&#10;&#9; * @param dbInterface&#13;&#10;&#9; */&#13;&#10;&#9;public CommunityStatistics(DatabaseInterface dbInterface, Filter filter)&#13;&#10;&#9;{&#13;&#10;&#9;&#9;this.dbInterface = dbInterface;&#13;&#10;&#9;&#9;this.filter = filter;&#13;&#10;&#9;}&#13;&#10;&#9;&#13;&#10;&#9;/**&#13;&#10;&#9; * This method triggers the object to generate all statistics for the community&#13;&#10;&#9; * &#13;&#10;&#9; * &#13;&#10;&#9; * @throws DatabaseInterfaceException&#13;&#10;&#9; */&#13;&#10;&#9;public void generateAllStatistics() throws DatabaseInterfaceException&#13;&#10;&#9;{&#13;&#10;&#9;&#9;totalDollarsBetOnCalls = this.getTotalDollarsBetOnCalls();&#13;&#10;&#9;&#9;totalDollarsBetOnBets = getTotalDollarsBetOnBets();&#13;&#10;&#9;&#9;totalDollarsBetOnRaises = getTotalDollarsBetOnRaises();&#13;&#10;&#9;&#9;totalDollarsBetOnReRaises = getTotalDollarsBetOnReRaises();&#13;&#10;&#9;&#9;totalDollarsBet = getTotalDollarsBet();&#13;&#10;&#9;&#9;avgDollarsBetOnCalls = getAvgDollarsBetOnCalls();&#13;&#10;&#9;&#9;avgDollarsBetOnBets = getAvgDollarsBetOnBets();&#13;&#10;&#9;&#9;avgDollarsBetOnRaises = getAvgDollarsBetOnRaises();&#13;&#10;&#9;&#9;avgDollarsBetOnReRaises = getAvgDollarsBetOnReRaises();&#13;&#10;&#9;&#9;totalNumberOfBets = getTotalNumberOfBets();&#13;&#10;&#9;&#9;totalNumberOfChecks = getTotalNumberOfChecks();&#13;&#10;&#9;&#9;totalNumberOfCalls = getTotalNumberOfCalls();&#13;&#10;&#9;&#9;totalNumberOfFolds = getTotalNumberOfFolds();&#13;&#10;&#9;&#9;totalNumberOfRaise = getTotalNumberOfRaise();&#13;&#10;&#9;&#9;totalNumberOfReRaise = getTotalNumberOfReRaise();&#13;&#10;&#9;&#9;totalNumberOfPotsWon = getTotalNumberOfPotsWon();&#13;&#10;&#9;&#9;totalNumberOfPotsLoss = getTotalNumberOfPotsLoss();&#13;&#10;&#9;&#9;avgPotOnChecks = getAvgDollarsPotOnChecks();&#13;&#10;&#9;&#9;avgPotOnCalls = getAvgDollarsPotOnCalls();&#13;&#10;&#9;&#9;avgPotOnBets = getAvgDollarsPotOnBets();&#13;&#10;&#9;&#9;avgPotOnRaises = getAvgDollarsPotOnRaises();&#13;&#10;&#9;&#9;avgPotOnReRaises = getAvgDollarsPotOnReRaises();&#13;&#10;&#9;&#9;avgPotOnFolds = getAvgDollarsPotOnFolds();&#13;&#10;&#9;&#9;avgPotOnWins = getAvgDollarsPotOnWins();&#13;&#10;&#9;&#9;avgPotOnLoses = getAvgDollarsPotOnLoses();&#13;&#10;&#9;&#9;totalDollarsWon = getTotalDollarsWon();&#13;&#10;&#9;&#9;totalDollarsLoss = getTotalDollarsLoss();&#13;&#10;&#9;&#9;totalDollarsFolded = getTotalDollarsFolded();&#13;&#10;&#9;&#9;moneyGenerated = getMoneyGenerate();&#13;&#10;&#9;&#9;gamesPlayed = getGamesPlayed();&#13;&#10;&#9;&#9;netMoney = getNetMoney();&#13;&#10;&#9;&#9;avgBet = getAvgBet();&#13;&#10;&#9;&#9;totalNumberOfPots = getTotalNumberOfPots();&#13;&#10;&#9;}&#13;&#10;&#9;&#13;&#10;&#9;/**&#13;&#10;&#9; * Gets the total amount of money bet during calls for all users&#13;&#10;&#9; * &#13;&#10;&#9; * @return&#13;&#10;&#9; * @throws DatabaseInterfaceException&#13;&#10;&#9; */&#13;&#10;&#9;public int getTotalDollarsBetOnCalls() throws DatabaseInterfaceException&#13;&#10;&#9;{&#13;&#10;&#9;&#9;return dbInterface.getGameActionsTypedNum(null, &#13;&#10;&#9;&#9;&#9;&#9;&#9;&#9;&#9;&#9;&#9;&#9;&#9;&#9;&#9;NumerableActionOperation.SUM, &#13;&#10;&#9;&#9;&#9;&#9;&#9;&#9;&#9;&#9;&#9;&#9;&#9;&#9;&#9;NumerableActionColumn.BET, &#13;&#10;&#9;&#9;&#9;&#9;&#9;&#9;&#9;&#9;&#9;&#9;&#9;&#9;&#9;PokerAction.CALL, false, filter);&#13;&#10;&#9;}&#13;&#10;&#9;&#13;&#10;&#9;/**&#13;&#10;&#9; * Gets the total amount of money bet during initial bet for all users&#13;&#10;&#9; * &#13;&#10;&#9; * @return&#13;&#10;&#9; * @throws DatabaseInterfaceException&#13;&#10;&#9; */&#13;&#10;&#9;public int getTotalDollarsBetOnBets() throws DatabaseInterfaceException&#13;&#10;&#9;{&#13;&#10;&#9;&#9;return dbInterface.getGameActionsTypedNum(null, &#13;&#10;&#9;&#9;&#9;&#9;&#9;&#9;&#9;&#9;&#9;&#9;&#9;&#9;&#9;NumerableActionOperation.SUM, &#13;&#10;&#9;&#9;&#9;&#9;&#9;&#9;&#9;&#9;&#9;&#9;&#9;&#9;&#9;NumerableActionColumn.BET, &#13;&#10;&#9;&#9;&#9;&#9;&#9;&#9;&#9;&#9;&#9;&#9;&#9;&#9;&#9;PokerAction.BET, false, filter);&#13;&#10;&#9;}&#13;&#10;&#9;&#13;&#10;&#9;/**&#13;&#10;&#9; * Gets the total amount of money bet during raises for all users&#13;&#10;&#9; * &#13;&#10;&#9; * @return&#13;&#10;&#9; * @throws DatabaseInterfaceException&#13;&#10;&#9; */&#13;&#10;&#9;public int getTotalDollarsBetOnRaises() throws DatabaseInterfaceException&#13;&#10;&#9;{&#13;&#10;&#9;&#9;return dbInterface.getGameActionsTypedNum(null, &#13;&#10;&#9;&#9;&#9;&#9;&#9;&#9;&#9;&#9;&#9;&#9;&#9;&#9;&#9;NumerableActionOperation.SUM, &#13;&#10;&#9;&#9;&#9;&#9;&#9;&#9;&#9;&#9;&#9;&#9;&#9;&#9;&#9;NumerableActionColumn.BET, &#13;&#10;&#9;&#9;&#9;&#9;&#9;&#9;&#9;&#9;&#9;&#9;&#9;&#9;&#9;PokerAction.RAISE, false, filter);&#13;&#10;&#9;}&#13;&#10;&#9;&#13;&#10;&#9;/**&#13;&#10;&#9; * Gets the total amount of money bet through reraises for all users&#13;&#10;&#9; * &#13;&#10;&#9; * @return&#13;&#10;&#9; * @throws DatabaseInterfaceException&#13;&#10;&#9; */&#13;&#10;&#9;public int getTotalDollarsBetOnReRaises() throws DatabaseInterfaceException&#13;&#10;&#9;{&#13;&#10;&#9;&#9;return dbInterface.getGameActionsTypedNum(null, &#13;&#10;&#9;&#9;&#9;&#9;&#9;&#9;&#9;&#9;&#9;&#9;&#9;&#9;&#9;NumerableActionOperation.SUM, &#13;&#10;&#9;&#9;&#9;&#9;&#9;&#9;&#9;&#9;&#9;&#9;&#9;&#9;&#9;NumerableActionColumn.BET, &#13;&#10;&#9;&#9;&#9;&#9;&#9;&#9;&#9;&#9;&#9;&#9;&#9;&#9;&#9;PokerAction.RERAISE, false, filter);&#13;&#10;&#9;}&#13;&#10;&#9;&#13;&#10;&#9;/**&#13;&#10;&#9; * Gets the total amount of money bet for all users&#13;&#10;&#9; * &#13;&#10;&#9; * @return&#13;&#10;&#9; * @throws DatabaseInterfaceException&#13;&#10;&#9; */&#13;&#10;&#9;public int getTotalDollarsBet() throws DatabaseInterfaceException&#13;&#10;&#9;{&#13;&#10;&#9;&#9;return dbInterface.getGameActionsTypedNum(null, &#13;&#10;&#9;&#9;&#9;&#9;NumerableActionOperation.SUM, &#13;&#10;&#9;&#9;&#9;&#9;NumerableActionColumn.BET, &#13;&#10;&#9;&#9;&#9;&#9;null, false, filter);&#13;&#10;&#9;}&#13;&#10;&#9;&#13;&#10;&#9;/**&#13;&#10;&#9; * Gets the total amount of money bet through calls for all users&#13;&#10;&#9; * &#13;&#10;&#9; * @return&#13;&#10;&#9; * @throws DatabaseInterfaceException&#13;&#10;&#9; */&#13;&#10;&#9;public int getAvgDollarsBetOnCalls() throws DatabaseInterfaceException&#13;&#10;&#9;{&#13;&#10;&#9;&#9;return dbInterface.getGameActionsTypedNum(null, &#13;&#10;&#9;&#9;&#9;&#9;&#9;&#9;&#9;&#9;&#9;&#9;&#9;&#9;&#9;NumerableActionOperation.AVG, &#13;&#10;&#9;&#9;&#9;&#9;&#9;&#9;&#9;&#9;&#9;&#9;&#9;&#9;&#9;NumerableActionColumn.BET, &#13;&#10;&#9;&#9;&#9;&#9;&#9;&#9;&#9;&#9;&#9;&#9;&#9;&#9;&#9;PokerAction.CALL, true, filter);&#13;&#10;&#9;}&#13;&#10;&#9;&#13;&#10;&#9;/**&#13;&#10;&#9; * Gets the avg amount of money bet on each bet for all users&#13;&#10;&#9; * &#13;&#10;&#9; * @return&#13;&#10;&#9; * @throws DatabaseInterfaceException&#13;&#10;&#9; */&#13;&#10;&#9;public int getAvgDollarsBetOnBets() throws DatabaseInterfaceException&#13;&#10;&#9;{&#13;&#10;&#9;&#9;return dbInterface.getGameActionsTypedNum(null, &#13;&#10;&#9;&#9;&#9;&#9;&#9;&#9;&#9;&#9;&#9;&#9;&#9;&#9;&#9;NumerableActionOperation.AVG, &#13;&#10;&#9;&#9;&#9;&#9;&#9;&#9;&#9;&#9;&#9;&#9;&#9;&#9;&#9;NumerableActionColumn.BET, &#13;&#10;&#9;&#9;&#9;&#9;&#9;&#9;&#9;&#9;&#9;&#9;&#9;&#9;&#9;PokerAction.BET, true, filter);&#13;&#10;&#9;}&#13;&#10;&#9;&#13;&#10;&#9;/**&#13;&#10;&#9; * Gets the avg amount of money bet on each raise for all users&#13;&#10;&#9; * &#13;&#10;&#9; * @return&#13;&#10;&#9; * @throws DatabaseInterfaceException&#13;&#10;&#9; */&#13;&#10;&#9;public int getAvgDollarsBetOnRaises() throws DatabaseInterfaceException&#13;&#10;&#9;{&#13;&#10;&#9;&#9;return dbInterface.getGameActionsTypedNum(null, &#13;&#10;&#9;&#9;&#9;&#9;&#9;&#9;&#9;&#9;&#9;&#9;&#9;&#9;&#9;NumerableActionOperation.AVG, &#13;&#10;&#9;&#9;&#9;&#9;&#9;&#9;&#9;&#9;&#9;&#9;&#9;&#9;&#9;NumerableActionColumn.BET, &#13;&#10;&#9;&#9;&#9;&#9;&#9;&#9;&#9;&#9;&#9;&#9;&#9;&#9;&#9;PokerAction.RAISE, true, filter);&#13;&#10;&#9;}&#13;&#10;&#9;&#13;&#10;&#9;/**&#13;&#10;&#9; * Gets the avg amount of money bet on each reraise for all users&#13;&#10;&#9; * &#13;&#10;&#9; * @return&#13;&#10;&#9; * @throws DatabaseInterfaceException&#13;&#10;&#9; */&#13;&#10;&#9;public int getAvgDollarsBetOnReRaises() throws DatabaseInterfaceException&#13;&#10;&#9;{&#13;&#10;&#9;&#9;return dbInterface.getGameActionsTypedNum(null, &#13;&#10;&#9;&#9;&#9;&#9;&#9;&#9;&#9;&#9;&#9;&#9;&#9;&#9;&#9;NumerableActionOperation.AVG, &#13;&#10;&#9;&#9;&#9;&#9;&#9;&#9;&#9;&#9;&#9;&#9;&#9;&#9;&#9;NumerableActionColumn.BET, &#13;&#10;&#9;&#9;&#9;&#9;&#9;&#9;&#9;&#9;&#9;&#9;&#9;&#9;&#9;PokerAction.RERAISE, true, filter);&#13;&#10;&#9;}&#13;&#10;&#9;&#13;&#10;&#9;/**&#13;&#10;&#9; * Gets the avg amount of money per bet for all users&#13;&#10;&#9; * &#13;&#10;&#9; * @return&#13;&#10;&#9; * @throws DatabaseInterfaceException&#13;&#10;&#9; */&#13;&#10;&#9;public int getAvgBet() throws DatabaseInterfaceException&#13;&#10;&#9;{&#13;&#10;&#9;&#9;return dbInterface.getGameActionsTypedNum(null, &#13;&#10;&#9;&#9;&#9;&#9;&#9;&#9;&#9;&#9;&#9;&#9;&#9;&#9;&#9;NumerableActionOperation.AVG, &#13;&#10;&#9;&#9;&#9;&#9;&#9;&#9;&#9;&#9;&#9;&#9;&#9;&#9;&#9;NumerableActionColumn.BET, &#13;&#10;&#9;&#9;&#9;&#9;&#9;&#9;&#9;&#9;&#9;&#9;&#9;&#9;&#9;null, true, filter);&#13;&#10;&#9;}&#13;&#10;&#9;&#13;&#10;&#9;/**&#13;&#10;&#9; * Gets the number of bets made for all users&#13;&#10;&#9; * &#13;&#10;&#9; * @return&#13;&#10;&#9; * @throws DatabaseInterfaceException&#13;&#10;&#9; */&#13;&#10;&#9;public int getTotalNumberOfBets() throws DatabaseInterfaceException&#13;&#10;&#9;{&#13;&#10;&#9;&#9;return dbInterface.getGameActionsCount(PokerAction.BET, null, filter);&#13;&#10;&#9;}&#13;&#10;&#9;&#13;&#10;&#9;/**&#13;&#10;&#9; * Gets the number of checks made for all users&#13;&#10;&#9; * &#13;&#10;&#9; * @return&#13;&#10;&#9; * @throws DatabaseInterfaceException&#13;&#10;&#9; */&#13;&#10;&#9;public int getTotalNumberOfChecks() throws DatabaseInterfaceException&#13;&#10;&#9;{&#13;&#10;&#9;&#9;return dbInterface.getGameActionsCount(PokerAction.CHECK, null, filter);&#13;&#10;&#9;}&#13;&#10;&#9;&#13;&#10;&#9;/**&#13;&#10;&#9; * Gets the number of calls made for all users&#13;&#10;&#9; * &#13;&#10;&#9; * @return&#13;&#10;&#9; * @throws DatabaseInterfaceException&#13;&#10;&#9; */&#13;&#10;&#9;public int getTotalNumberOfCalls() throws DatabaseInterfaceException&#13;&#10;&#9;{&#13;&#10;&#9;&#9;return dbInterface.getGameActionsCount(PokerAction.CALL, null, filter);&#13;&#10;&#9;}&#13;&#10;&#9;&#13;&#10;&#9;/**&#13;&#10;&#9; * Gets the number of folds made for all users&#13;&#10;&#9; * &#13;&#10;&#9; * @return&#13;&#10;&#9; * @throws DatabaseInterfaceException&#13;&#10;&#9; */&#13;&#10;&#9;public int getTotalNumberOfFolds() throws DatabaseInterfaceException&#13;&#10;&#9;{&#13;&#10;&#9;&#9;return dbInterface.getGameActionsCount(PokerAction.FOLD, null, filter);&#13;&#10;&#9;}&#13;&#10;&#9;&#13;&#10;&#9;/**&#13;&#10;&#9; * Gets the number of raises made for all users&#13;&#10;&#9; * &#13;&#10;&#9; * @return&#13;&#10;&#9; * @throws DatabaseInterfaceException&#13;&#10;&#9; */&#13;&#10;&#9;public int getTotalNumberOfRaise() throws DatabaseInterfaceException&#13;&#10;&#9;{&#13;&#10;&#9;&#9;return dbInterface.getGameActionsCount(PokerAction.RAISE, null, filter);&#13;&#10;&#9;}&#13;&#10;&#9;&#13;&#10;&#9;/**&#13;&#10;&#9; * Gets the number of reraises made for all users&#13;&#10;&#9; * &#13;&#10;&#9; * @return&#13;&#10;&#9; * @throws DatabaseInterfaceException&#13;&#10;&#9; */&#13;&#10;&#9;public int getTotalNumberOfReRaise() throws DatabaseInterfaceException&#13;&#10;&#9;{&#13;&#10;&#9;&#9;return dbInterface.getGameActionsCount(PokerAction.RERAISE, null, filter);&#13;&#10;&#9;}&#13;&#10;&#9;&#13;&#10;&#9;/**&#13;&#10;&#9; * Gets the number of pots won for all users&#13;&#10;&#9; * &#13;&#10;&#9; * @return&#13;&#10;&#9; * @throws DatabaseInterfaceException&#13;&#10;&#9; */&#13;&#10;&#9;public int getTotalNumberOfPotsWon() throws DatabaseInterfaceException&#13;&#10;&#9;{&#13;&#10;&#9;&#9;return dbInterface.getGameActionsCount(PokerAction.WIN, null, filter);&#13;&#10;&#9;}&#13;&#10;&#9;&#13;&#10;&#9;/**&#13;&#10;&#9; * Gets the number of pots lost for all users&#13;&#10;&#9; * &#13;&#10;&#9; * @return&#13;&#10;&#9; * @throws DatabaseInterfaceException&#13;&#10;&#9; */&#13;&#10;&#9;public int getTotalNumberOfPotsLoss() throws DatabaseInterfaceException&#13;&#10;&#9;{&#13;&#10;&#9;&#9;return dbInterface.getGameActionsCount(PokerAction.LOSS, null, filter);&#13;&#10;&#9;}&#13;&#10;&#9;&#13;&#10;&#9;/**&#13;&#10;&#9; * Gets the avg pot size on check for all users&#13;&#10;&#9; * &#13;&#10;&#9; * @return&#13;&#10;&#9; * @throws DatabaseInterfaceException&#13;&#10;&#9; */&#13;&#10;&#9;public int getAvgDollarsPotOnChecks() throws DatabaseInterfaceException&#13;&#10;&#9;{&#13;&#10;&#9;&#9;return dbInterface.getGameActionsTypedNum(null, &#13;&#10;&#9;&#9;&#9;&#9;&#9;&#9;&#9;&#9;&#9;&#9;&#9;&#9;&#9;NumerableActionOperation.AVG, &#13;&#10;&#9;&#9;&#9;&#9;&#9;&#9;&#9;&#9;&#9;&#9;&#9;&#9;&#9;NumerableActionColumn.POT, &#13;&#10;&#9;&#9;&#9;&#9;&#9;&#9;&#9;&#9;&#9;&#9;&#9;&#9;&#9;PokerAction.CHECK, true, filter);&#13;&#10;&#9;}&#13;&#10;&#9;&#13;&#10;&#9;/**&#13;&#10;&#9; * Gets the avg pot size on calls for all users&#13;&#10;&#9; * &#13;&#10;&#9; * @return&#13;&#10;&#9; * @throws DatabaseInterfaceException&#13;&#10;&#9; */&#13;&#10;&#9;public int getAvgDollarsPotOnCalls() throws DatabaseInterfaceException&#13;&#10;&#9;{&#13;&#10;&#9;&#9;return dbInterface.getGameActionsTypedNum(null, &#13;&#10;&#9;&#9;&#9;&#9;&#9;&#9;&#9;&#9;&#9;&#9;&#9;&#9;&#9;NumerableActionOperation.AVG, &#13;&#10;&#9;&#9;&#9;&#9;&#9;&#9;&#9;&#9;&#9;&#9;&#9;&#9;&#9;NumerableActionColumn.POT, &#13;&#10;&#9;&#9;&#9;&#9;&#9;&#9;&#9;&#9;&#9;&#9;&#9;&#9;&#9;PokerAction.CALL, true, filter);&#13;&#10;&#9;}&#13;&#10;&#9;&#13;&#10;&#9;/**&#13;&#10;&#9; * Gets the avg pot size on bets for all users&#13;&#10;&#9; * &#13;&#10;&#9; * @return&#13;&#10;&#9; * @throws DatabaseInterfaceException&#13;&#10;&#9; */&#13;&#10;&#9;public int getAvgDollarsPotOnBets() throws DatabaseInterfaceException&#13;&#10;&#9;{&#13;&#10;&#9;&#9;return dbInterface.getGameActionsTypedNum(null, &#13;&#10;&#9;&#9;&#9;&#9;&#9;&#9;&#9;&#9;&#9;&#9;&#9;&#9;&#9;NumerableActionOperation.AVG, &#13;&#10;&#9;&#9;&#9;&#9;&#9;&#9;&#9;&#9;&#9;&#9;&#9;&#9;&#9;NumerableActionColumn.POT, &#13;&#10;&#9;&#9;&#9;&#9;&#9;&#9;&#9;&#9;&#9;&#9;&#9;&#9;&#9;PokerAction.BET, true, filter);&#13;&#10;&#9;}&#13;&#10;&#9;&#13;&#10;&#9;/**&#13;&#10;&#9; * Gets the avg pot size on raises for all users&#13;&#10;&#9; * &#13;&#10;&#9; * @return&#13;&#10;&#9; * @throws DatabaseInterfaceException&#13;&#10;&#9; */&#13;&#10;&#9;public int getAvgDollarsPotOnRaises() throws DatabaseInterfaceException&#13;&#10;&#9;{&#13;&#10;&#9;&#9;return dbInterface.getGameActionsTypedNum(null, &#13;&#10;&#9;&#9;&#9;&#9;&#9;&#9;&#9;&#9;&#9;&#9;&#9;&#9;&#9;NumerableActionOperation.AVG, &#13;&#10;&#9;&#9;&#9;&#9;&#9;&#9;&#9;&#9;&#9;&#9;&#9;&#9;&#9;NumerableActionColumn.POT, &#13;&#10;&#9;&#9;&#9;&#9;&#9;&#9;&#9;&#9;&#9;&#9;&#9;&#9;&#9;PokerAction.RAISE, true, filter);&#13;&#10;&#9;}&#13;&#10;&#9;&#13;&#10;&#9;/**&#13;&#10;&#9; * Gets the avg pot size on reraises for all users&#13;&#10;&#9; * &#13;&#10;&#9; * @return&#13;&#10;&#9; * @throws DatabaseInterfaceException&#13;&#10;&#9; */&#13;&#10;&#9;public int getAvgDollarsPotOnReRaises() throws DatabaseInterfaceException&#13;&#10;&#9;{&#13;&#10;&#9;&#9;return dbInterface.getGameActionsTypedNum(null, &#13;&#10;&#9;&#9;&#9;&#9;&#9;&#9;&#9;&#9;&#9;&#9;&#9;&#9;&#9;NumerableActionOperation.AVG, &#13;&#10;&#9;&#9;&#9;&#9;&#9;&#9;&#9;&#9;&#9;&#9;&#9;&#9;&#9;NumerableActionColumn.POT, &#13;&#10;&#9;&#9;&#9;&#9;&#9;&#9;&#9;&#9;&#9;&#9;&#9;&#9;&#9;PokerAction.RERAISE, true, filter);&#13;&#10;&#9;}&#13;&#10;&#9;&#13;&#10;&#9;/**&#13;&#10;&#9; * Gets the avg pot size on folds for all users&#13;&#10;&#9; * &#13;&#10;&#9; * @return&#13;&#10;&#9; * @throws DatabaseInterfaceException&#13;&#10;&#9; */&#13;&#10;&#9;public int getAvgDollarsPotOnFolds() throws DatabaseInterfaceException&#13;&#10;&#9;{&#13;&#10;&#9;&#9;return dbInterface.getGameActionsTypedNum(null, &#13;&#10;&#9;&#9;&#9;&#9;&#9;&#9;&#9;&#9;&#9;&#9;&#9;&#9;&#9;NumerableActionOperation.AVG, &#13;&#10;&#9;&#9;&#9;&#9;&#9;&#9;&#9;&#9;&#9;&#9;&#9;&#9;&#9;NumerableActionColumn.POT, &#13;&#10;&#9;&#9;&#9;&#9;&#9;&#9;&#9;&#9;&#9;&#9;&#9;&#9;&#9;PokerAction.FOLD, true, filter);&#13;&#10;&#9;}&#13;&#10;&#9;&#13;&#10;&#9;/**&#13;&#10;&#9; * Gets the avg pot size on wins&#13;&#10;&#9; * &#13;&#10;&#9; * @return&#13;&#10;&#9; * @throws DatabaseInterfaceException&#13;&#10;&#9; */&#13;&#10;&#9;public int getAvgDollarsPotOnWins() throws DatabaseInterfaceException&#13;&#10;&#9;{&#13;&#10;&#9;&#9;return dbInterface.getGameActionsTypedNum(null, &#13;&#10;&#9;&#9;&#9;&#9;&#9;&#9;&#9;&#9;&#9;&#9;&#9;&#9;&#9;NumerableActionOperation.AVG, &#13;&#10;&#9;&#9;&#9;&#9;&#9;&#9;&#9;&#9;&#9;&#9;&#9;&#9;&#9;NumerableActionColumn.POT, &#13;&#10;&#9;&#9;&#9;&#9;&#9;&#9;&#9;&#9;&#9;&#9;&#9;&#9;&#9;PokerAction.WIN, true, filter);&#13;&#10;&#9;}&#13;&#10;&#9;&#13;&#10;&#9;/**&#13;&#10;&#9; * Gets the avg pot size on loses for all users&#13;&#10;&#9; * &#13;&#10;&#9; * @return&#13;&#10;&#9; * @throws DatabaseInterfaceException&#13;&#10;&#9; */&#13;&#10;&#9;public int getAvgDollarsPotOnLoses() throws DatabaseInterfaceException&#13;&#10;&#9;{&#13;&#10;&#9;&#9;return dbInterface.getGameActionsTypedNum(null, &#13;&#10;&#9;&#9;&#9;&#9;&#9;&#9;&#9;&#9;&#9;&#9;&#9;&#9;&#9;NumerableActionOperation.AVG, &#13;&#10;&#9;&#9;&#9;&#9;&#9;&#9;&#9;&#9;&#9;&#9;&#9;&#9;&#9;NumerableActionColumn.POT, &#13;&#10;&#9;&#9;&#9;&#9;&#9;&#9;&#9;&#9;&#9;&#9;&#9;&#9;&#9;PokerAction.LOSS, true, filter);&#13;&#10;&#9;}&#13;&#10;&#9;&#13;&#10;&#9;/**&#13;&#10;&#9; * Gets the total amount of money won by all users&#13;&#10;&#9; * &#13;&#10;&#9; * @return&#13;&#10;&#9; * @throws DatabaseInterfaceException&#13;&#10;&#9; */&#13;&#10;&#9;public int getTotalDollarsWon() throws DatabaseInterfaceException&#13;&#10;&#9;{&#13;&#10;&#9;&#9;return dbInterface.getGameActionsTypedNum(null, &#13;&#10;&#9;&#9;&#9;&#9;&#9;&#9;&#9;&#9;&#9;&#9;&#9;&#9;&#9;NumerableActionOperation.SUM, &#13;&#10;&#9;&#9;&#9;&#9;&#9;&#9;&#9;&#9;&#9;&#9;&#9;&#9;&#9;NumerableActionColumn.POT, &#13;&#10;&#9;&#9;&#9;&#9;&#9;&#9;&#9;&#9;&#9;&#9;&#9;&#9;&#9;PokerAction.WIN, true, filter);&#13;&#10;&#9;}&#13;&#10;&#9;&#13;&#10;&#9;/**&#13;&#10;&#9; * Gets the total amount of money losses by all users&#13;&#10;&#9; * &#13;&#10;&#9; * @return&#13;&#10;&#9; * @throws DatabaseInterfaceException&#13;&#10;&#9; */&#13;&#10;&#9;public int getTotalDollarsLoss() throws DatabaseInterfaceException&#13;&#10;&#9;{&#13;&#10;&#9;&#9;return dbInterface.getGameActionsTypedNum(null, &#13;&#10;&#9;&#9;&#9;&#9;&#9;&#9;&#9;&#9;&#9;&#9;&#9;&#9;&#9;NumerableActionOperation.SUM, &#13;&#10;&#9;&#9;&#9;&#9;&#9;&#9;&#9;&#9;&#9;&#9;&#9;&#9;&#9;NumerableActionColumn.POT, &#13;&#10;&#9;&#9;&#9;&#9;&#9;&#9;&#9;&#9;&#9;&#9;&#9;&#9;&#9;PokerAction.LOSS, true, filter);&#13;&#10;&#9;}&#13;&#10;&#9;&#13;&#10;&#9;/**&#13;&#10;&#9; * Gets the total amount of pots played in by all users&#13;&#10;&#9; * &#13;&#10;&#9; * @return&#13;&#10;&#9; * @throws DatabaseInterfaceException&#13;&#10;&#9; */&#13;&#10;&#9;public int getTotalDollarsFolded() throws DatabaseInterfaceException&#13;&#10;&#9;{&#13;&#10;&#9;&#9;return dbInterface.getGameActionsTypedNum(null, &#13;&#10;&#9;&#9;&#9;&#9;&#9;&#9;&#9;&#9;&#9;&#9;&#9;&#9;&#9;NumerableActionOperation.SUM, &#13;&#10;&#9;&#9;&#9;&#9;&#9;&#9;&#9;&#9;&#9;&#9;&#9;&#9;&#9;NumerableActionColumn.POT, &#13;&#10;&#9;&#9;&#9;&#9;&#9;&#9;&#9;&#9;&#9;&#9;&#9;&#9;&#9;PokerAction.FOLD, true, filter);&#13;&#10;&#9;}&#13;&#10;&#9;&#13;&#10;&#9;/**&#13;&#10;&#9; * Gets the total amount of money generated by all users&#13;&#10;&#9; * &#13;&#10;&#9; * @return&#13;&#10;&#9; * @throws DatabaseInterfaceException&#13;&#10;&#9; */&#13;&#10;&#9;public int getMoneyGenerate() throws DatabaseInterfaceException&#13;&#10;&#9;{&#13;&#10;&#9;&#9;return dbInterface.getMoneyGenerated(null, filter);&#13;&#10;&#9;}&#13;&#10;&#9;&#13;&#10;&#9;public int getTotalNumberOfPots() throws DatabaseInterfaceException&#13;&#10;&#9;{&#13;&#10;&#9;&#9;return (this.getTotalNumberOfFolds() + this.getTotalNumberOfPotsLoss()+this.getTotalNumberOfPotsWon());&#13;&#10;&#9;}&#13;&#10;&#9;&#13;&#10;&#9;/**&#13;&#10;&#9; * Gets the total number of games played by all users&#13;&#10;&#9; * &#13;&#10;&#9; * @return&#13;&#10;&#9; * @throws DatabaseInterfaceException&#13;&#10;&#9; */&#13;&#10;&#9;public int getGamesPlayed() throws DatabaseInterfaceException&#13;&#10;&#9;{&#13;&#10;&#9;&#9;return dbInterface.getGamesPlayed(null, filter);&#13;&#10;&#9;}&#13;&#10;&#9;&#13;&#10;&#9;/**&#13;&#10;&#9; * Gets the total delta money generated by all users&#13;&#10;&#9; * &#13;&#10;&#9; * @return&#13;&#10;&#9; * @throws DatabaseInterfaceException&#13;&#10;&#9; */&#13;&#10;&#9;public int getNetMoney() throws DatabaseInterfaceException&#13;&#10;&#9;{&#13;&#10;&#9;&#9;return this.getTotalDollarsWon() - this.getTotalDollarsFolded() - this.getTotalDollarsLoss() - getMoneyGenerate();&#13;&#10;&#9;}&#13;&#10;&#13;&#10;&#9;&#13;&#10;}&#13;&#10;" Filename="CommunityStatistics.java" Intrnl_Id="39"/>
<SrcFile Content="package dataModels;&#13;&#10;&#13;&#10;import java.util.ArrayList;&#13;&#10;&#13;&#10;/**&#13;&#10; * Representation for a game card.&#13;&#10; * This class also contains a variety of utility function for dealing&#13;&#10; * with card hands &amp; collections.&#13;&#10; * &#13;&#10; * @author dddurand&#13;&#10; *&#13;&#10; */&#13;&#10;public class Card {&#13;&#10;&#13;&#10;&#9;private Suit suit;&#13;&#10;&#9;private Number number;&#13;&#10;&#9;&#13;&#10;&#9;/**&#13;&#10;&#9; * General Constructor&#13;&#10;&#9; * &#13;&#10;&#9; * @param suit Suit of the card&#13;&#10;&#9; * @param number Number of the card&#13;&#10;&#9; */&#13;&#10;&#9;public Card(Suit suit, Number number)&#13;&#10;&#9;{&#13;&#10;&#9;&#9;this.suit = suit;&#13;&#10;&#9;&#9;this.number = number;&#13;&#10;&#9;}&#13;&#10;&#9;&#13;&#10;&#9;/**&#13;&#10;&#9; * Constructor based on a string representation of the card.&#13;&#10;&#9; * &#13;&#10;&#9; * H# 2-9, HT, HJ, HQ, HK, HA&#13;&#10;&#9; * D# 2-9, HT, DJ, DQ, DK, DA&#13;&#10;&#9; * C# 2-9, HT, CJ, CQ, CK, CA&#13;&#10;&#9; * S# 2-9, HT, SJ, SQ, SK, SA&#13;&#10;&#9; * &#13;&#10;&#9; * @param card&#13;&#10;&#9; */&#13;&#10;&#9;public Card(String card)&#13;&#10;&#9;{&#13;&#10;&#9;&#9;if(card == null || !isValidCard(card))&#13;&#10;&#9;&#9;{&#13;&#10;&#9;&#9;&#9;this.suit = Suit.UNKNOWN;&#13;&#10;&#9;&#9;&#9;this.number = Number.UNKNOWN;&#13;&#10;&#9;&#9;&#9;return;&#13;&#10;&#9;&#9;}&#13;&#10;&#9;&#9;&#13;&#10;&#9;&#9;suit = Suit.getSuit(card.charAt(0));&#13;&#10;&#9;&#9;number = Number.getNumber(card.charAt(1));&#13;&#10;&#9;&#9;&#9;&#13;&#10;&#9;}&#13;&#10;&#9;&#13;&#10;&#9;&#13;&#10;&#9;/**&#13;&#10;&#9; * Retrieves the suit for the given card&#13;&#10;&#9; * @return&#13;&#10;&#9; */&#13;&#10;&#9;public Suit getSuit() {&#13;&#10;&#9;&#9;return suit;&#13;&#10;&#9;}&#13;&#10;&#13;&#10;&#9;/**&#13;&#10;&#9; * Sets the suit for the given card&#13;&#10;&#9; * @param suit&#13;&#10;&#9; */&#13;&#10;&#9;public void setSuit(Suit suit) {&#13;&#10;&#9;&#9;this.suit = suit;&#13;&#10;&#9;}&#13;&#10;&#13;&#10;&#9;/**&#13;&#10;&#9; * Gets the number for the current card&#13;&#10;&#9; * @return&#13;&#10;&#9; */&#13;&#10;&#9;public Number getNumber() {&#13;&#10;&#9;&#9;return number;&#13;&#10;&#9;}&#13;&#10;&#13;&#10;&#9;/**&#13;&#10;&#9; * Sets the number for the current card&#13;&#10;&#9; * @param number&#13;&#10;&#9; */&#13;&#10;&#9;public void setNumber(Number number) {&#13;&#10;&#9;&#9;this.number = number;&#13;&#10;&#9;}&#13;&#10;&#9;&#13;&#10;&#9;/**&#13;&#10;&#9; * Converts a collection of Card objects into&#13;&#10;&#9; * a string representation delimited by ; between each card&#13;&#10;&#9; * &#13;&#10;&#9; * @param cards Collection of card objects&#13;&#10;&#9; * @return String representation of the card collection&#13;&#10;&#9; */&#13;&#10;&#9;public static String getCardsAsString(ArrayList&lt;Card&gt; cards)&#13;&#10;&#9;{&#13;&#10;&#9;&#9;StringBuilder builder = new StringBuilder();&#13;&#10;&#9;&#9;&#13;&#10;&#9;&#9;for(Card card : cards)&#13;&#10;&#9;&#9;{&#13;&#10;&#9;&#9;&#9;builder.append(card.toString());&#13;&#10;&#9;&#9;&#9;builder.append(&quot;;&quot;);&#13;&#10;&#9;&#9;}&#13;&#10;&#9;&#9;&#13;&#10;&#9;&#9;String cardResult = builder.toString();&#13;&#10;&#9;&#9;&#13;&#10;&#9;&#9;if(cardResult.length() &gt; 0)&#13;&#10;&#9;&#9;&#9;cardResult = cardResult.substring(0, cardResult.length()-1);&#13;&#10;&#9;&#9;&#13;&#10;&#9;&#9;return cardResult;&#13;&#10;&#9;}&#13;&#10;&#9;&#13;&#10;&#9;/**&#13;&#10;&#9; * Generates a collection of cards based on a ; delimited card representation.&#13;&#10;&#9; * H2:D7&#13;&#10;&#9; * &#13;&#10;&#9; * @param cards A string representation of a collection of cards&#13;&#10;&#9; * @return A collection of cards&#13;&#10;&#9; */&#13;&#10;&#9;public static ArrayList&lt;Card&gt; generateCards(String cards)&#13;&#10;&#9;{&#13;&#10;&#9;&#9;ArrayList&lt;Card&gt; cardList = new ArrayList&lt;Card&gt;();&#13;&#10;&#9;&#9;String[] cardArray = cards.split(&quot;;&quot;);&#13;&#10;&#13;&#10;&#9;&#9;if(cards != null &amp;&amp; cards.length() &gt; 1)&#13;&#10;&#9;&#9;&#9;for(String card : cardArray)&#13;&#10;&#9;&#9;&#9;{&#13;&#10;&#9;&#9;&#9;&#9;cardList.add(new Card(card));&#13;&#10;&#9;&#9;&#9;}&#13;&#10;&#9;&#9;&#9;&#13;&#10;&#9;&#9;return cardList;&#13;&#10;&#9;&#9;&#13;&#10;&#9;}&#13;&#10;&#9;&#13;&#10;&#9;/**&#13;&#10;&#9; * Determines if the provided string is a valid string representation of&#13;&#10;&#9; * a collection of cards&#13;&#10;&#9; * &#13;&#10;&#9; * @param cards&#13;&#10;&#9; * @return&#13;&#10;&#9; */&#13;&#10;&#9;public static boolean validCardString(String cards)&#13;&#10;&#9;{&#13;&#10;&#9;&#9;if(cards == null || cards.length() &lt; 2) return false;&#13;&#10;&#9;&#9;&#13;&#10;&#9;&#9;String[] cardArray = cards.split(&quot;;&quot;);&#13;&#10;&#13;&#10;&#9;&#9;for(String card : cardArray)&#13;&#10;&#9;&#9;{&#13;&#10;&#9;&#9;&#9;if(!isValidCard(card))&#13;&#10;&#9;&#9;&#9;&#9;return false;&#13;&#10;&#9;&#9;}&#13;&#10;&#9;&#9;&#13;&#10;&#9;&#9;return true;&#13;&#10;&#9;&#9;&#13;&#10;&#9;}&#13;&#10;&#9;&#13;&#10;&#9;/**&#13;&#10;&#9; * Determines if the given string is a valid representation of a card&#13;&#10;&#9; * @param card A string&#13;&#10;&#9; * @return true if represents a card, false otherwise&#13;&#10;&#9; */&#13;&#10;&#9;public static boolean isValidCard(String card)&#13;&#10;&#9;{&#13;&#10;&#9;&#9;if(card == null || card.length() != 2)&#13;&#10;&#9;&#9;{&#13;&#10;&#9;&#9;&#9;return false;&#13;&#10;&#9;&#9;}&#13;&#10;&#9;&#9;&#13;&#10;&#9;&#9;Suit suit = Suit.getSuit(card.charAt(0));&#13;&#10;&#9;&#9;Number number = Number.getNumber(card.charAt(1));&#13;&#10;&#9;&#9;&#13;&#10;&#9;&#9;if(suit == Suit.UNKNOWN || number == Number.UNKNOWN)&#13;&#10;&#9;&#9;{&#13;&#10;&#9;&#9;&#9;return false;&#13;&#10;&#9;&#9;}&#13;&#10;&#9;&#9;&#13;&#10;&#9;&#9;return true;&#13;&#10;&#9;&#9;&#13;&#10;&#9;&#9;&#13;&#10;&#9;}&#13;&#10;&#13;&#10;&#9;@Override&#13;&#10;&#9;public String toString() {&#13;&#10;&#9;&#9;StringBuilder builder = new StringBuilder();&#13;&#10;&#9;&#9;builder.append(suit.getValue());&#13;&#10;&#9;&#9;builder.append(number.getValue());&#13;&#10;&#9;&#9;&#13;&#10;&#9;&#9;return builder.toString();&#13;&#10;&#9;}&#13;&#10;&#9;&#13;&#10;&#9;/**&#13;&#10;&#9; * Enum representing all possible numbers for a card&#13;&#10;&#9; * @author dddurand&#13;&#10;&#9; *&#13;&#10;&#9; */&#13;&#10;&#9;public enum Number&#13;&#10;&#9;{&#13;&#10;&#9;&#9;TWO('2'), THREE('3'), FOUR('4'), FIVE('5'), SIX('6'), SEVEN('7'), EIGHT('8'), NINE('9'), TEN('T'),&#13;&#10;&#9;&#9;JACK('J'), QUEEN('Q'), KING('K'), ACE('A'), UNKNOWN('U');&#13;&#10;&#9;&#9;&#13;&#10;&#9;&#9;private Character value = 'U';&#13;&#10;&#9;&#9;&#13;&#10;&#9;&#9;/**&#13;&#10;&#9;&#9; * Enum constructor&#13;&#10;&#9;&#9; * @param suit&#13;&#10;&#9;&#9; */&#13;&#10;&#9;&#9;Number(char suit)&#13;&#10;&#9;&#9;{&#13;&#10;&#9;&#9;&#9;this.value = suit;&#13;&#10;&#9;&#9;}&#13;&#10;&#9;&#9;&#13;&#10;&#9;&#9;/**&#13;&#10;&#9;&#9; * Returns char representation of the card number&#13;&#10;&#9;&#9; * &#13;&#10;&#9;&#9; * @return&#13;&#10;&#9;&#9; */&#13;&#10;&#9;    public char getValue() {&#13;&#10;&#9;        return value;&#13;&#10;&#9;    }&#13;&#10;&#9;    &#13;&#10;&#9;    public String getStringValue() {&#13;&#10;&#9;        return new StringBuilder().append(value).toString();&#13;&#10;&#9;    }&#13;&#10;&#9;    &#13;&#10;&#9;    /**&#13;&#10;&#9;     * Retrieves the enum Number for a given char&#13;&#10;&#9;     * Unknown is returned for an invalid char&#13;&#10;&#9;     * &#13;&#10;&#9;     * @param character&#13;&#10;&#9;     * @return&#13;&#10;&#9;     */&#13;&#10;&#9;    public static Number getNumber(char character)&#13;&#10;&#9;    {&#13;&#10;&#9;    &#9;for (Number num : Number.values()) {&#13;&#10;&#9;            if (num.getValue() == character) {&#13;&#10;&#9;                return num;&#13;&#10;&#9;            }&#13;&#10;&#9;        }&#13;&#10;&#9;    &#9;&#13;&#10;&#9;    &#9;return Number.UNKNOWN;&#13;&#10;&#9;    }&#13;&#10;&#9;}&#13;&#10;&#9;&#13;&#10;&#9;/**&#13;&#10;&#9; * Enum representing all possible suits for a card&#13;&#10;&#9; * @author dddurand&#13;&#10;&#9; *&#13;&#10;&#9; */&#13;&#10;&#9;public enum Suit&#13;&#10;&#9;{&#13;&#10;&#9;&#9;HEARTS('H'), DIAMONDS('D'), CLUBS('C'), SPADES('S'), UNKNOWN('U');&#13;&#10;&#9;&#9;&#13;&#10;&#9;&#9;private Character value = 'U';&#13;&#10;&#9;&#9;&#13;&#10;&#9;&#9;/**&#13;&#10;&#9;&#9; * General Enum Constructor&#13;&#10;&#9;&#9; * @param suit&#13;&#10;&#9;&#9; */&#13;&#10;&#9;&#9;Suit(char suit)&#13;&#10;&#9;&#9;{&#13;&#10;&#9;&#9;&#9;this.value = suit;&#13;&#10;&#9;&#9;}&#13;&#10;&#9;&#9;&#13;&#10;&#9;&#9;/**&#13;&#10;&#9;&#9; * Returns the char representation of the suit&#13;&#10;&#9;&#9; * &#13;&#10;&#9;&#9; * @return&#13;&#10;&#9;&#9; */&#13;&#10;&#9;    public char getValue() {&#13;&#10;&#9;        return value;&#13;&#10;&#9;    }&#13;&#10;&#9;    &#13;&#10;&#9;    public String getStringValue() {&#13;&#10;&#9;        return new StringBuilder().append(value).toString();&#13;&#10;&#9;    }&#13;&#10;&#9;    &#13;&#10;&#9;    /**&#13;&#10;&#9;     * Returns the suit for a given char. If invalid, returns unknown.&#13;&#10;&#9;     * &#13;&#10;&#9;     * @param character&#13;&#10;&#9;     * @return&#13;&#10;&#9;     */&#13;&#10;&#9;    public static Suit getSuit(char character)&#13;&#10;&#9;    {&#13;&#10;&#9;    &#9;for (Suit suit : Suit.values()) {&#13;&#10;&#9;            if (suit.getValue() == character) {&#13;&#10;&#9;                return suit;&#13;&#10;&#9;            }&#13;&#10;&#9;        }&#13;&#10;&#9;    &#9;&#13;&#10;&#9;    &#9;return Suit.UNKNOWN;&#13;&#10;&#9;    }&#13;&#10;&#9;&#9;&#13;&#10;&#9;}&#13;&#10;&#9;&#13;&#10;}&#13;&#10;" Filename="Card.java" Intrnl_Id="40"/>
<SrcFile Content="package dataModels;&#13;&#10;&#13;&#10;import util.PasswordUtil;&#13;&#10;&#13;&#10;/**&#13;&#10; * Data model for a user account.&#13;&#10; * &#13;&#10; * &#13;&#10; * @author dddurand&#13;&#10; *&#13;&#10; */&#13;&#10;public class Account {&#13;&#10;&#13;&#10;&#9;private String username;&#13;&#10;&#9;private String password;&#13;&#10;&#9;private String authenticationToken;&#13;&#10;&#13;&#10;&#9;private transient int accountID;&#13;&#10;&#9;private transient String ecryptedPassword;&#13;&#10;&#9;private transient boolean hasEncryptedPassword;&#13;&#10;&#9;private transient PasswordUtil passUtil;&#13;&#10;&#13;&#10;&#13;&#10;&#9;/**&#13;&#10;&#9; * Generic Empty Constructor&#13;&#10;&#9; * Required by GSON&#13;&#10;&#9; */&#13;&#10;&#9;public Account()&#13;&#10;&#9;{&#13;&#10;&#9;&#9;passUtil = new PasswordUtil();&#13;&#10;&#9;}&#13;&#10;&#13;&#10;&#9;/**&#13;&#10;&#9; * Generic Constructor&#13;&#10;&#9; * @param username Username of the account&#13;&#10;&#9; * @param password Password of the account&#13;&#10;&#9; */&#13;&#10;&#9;public Account(String username, String password, boolean isEncryptedPassword)&#13;&#10;&#9;{&#13;&#10;&#9;&#9;this.username = username;&#13;&#10;&#13;&#10;&#9;&#9;if(isEncryptedPassword)&#13;&#10;&#9;&#9;{&#13;&#10;&#9;&#9;&#9;this.ecryptedPassword = password;&#13;&#10;&#9;&#9;&#9;this.hasEncryptedPassword = true;&#13;&#10;&#9;&#9;}&#13;&#10;&#9;&#9;else&#13;&#10;&#9;&#9;{&#13;&#10;&#9;&#9;&#9;this.password = password;&#13;&#10;&#9;&#9;&#9;this.hasEncryptedPassword = false;&#13;&#10;&#9;&#9;}&#13;&#10;&#13;&#10;&#9;&#9;this.password = password;&#13;&#10;&#9;&#9;passUtil = new PasswordUtil();&#13;&#10;&#9;}&#13;&#10;&#13;&#10;&#9;/**&#13;&#10;&#9; * Generic Constructor&#13;&#10;&#9; * @param username Username of the account&#13;&#10;&#9; * @param password Password of the account&#13;&#10;&#9; * @param authToken Current AuthToken for the account&#13;&#10;&#9; */&#13;&#10;&#9;public Account(String username, String password, String authToken, boolean isEncryptedPassword)&#13;&#10;&#9;{&#13;&#10;&#9;&#9;this.username = username;&#13;&#10;&#9;&#9;this.authenticationToken = authToken;&#13;&#10;&#9;&#9;passUtil = new PasswordUtil();&#13;&#10;&#13;&#10;&#9;&#9;if(isEncryptedPassword)&#13;&#10;&#9;&#9;{&#13;&#10;&#9;&#9;&#9;this.ecryptedPassword = password;&#13;&#10;&#9;&#9;&#9;this.hasEncryptedPassword = true;&#13;&#10;&#9;&#9;}&#13;&#10;&#9;&#9;else&#13;&#10;&#9;&#9;{&#13;&#10;&#9;&#9;&#9;this.password = password;&#13;&#10;&#9;&#9;&#9;this.hasEncryptedPassword = false;&#13;&#10;&#9;&#9;}&#13;&#10;&#13;&#10;&#13;&#10;&#9;}&#13;&#10;&#13;&#10;&#9;/**&#13;&#10;&#9; * Generic Constructor&#13;&#10;&#9; * @param username Username of the account&#13;&#10;&#9; * @param password Password of the account&#13;&#10;&#9; * @param authToken Current AuthToken for the account&#13;&#10;&#9; */&#13;&#10;&#9;public Account(int accountID, String username, String password, String authToken, boolean isEncryptedPassword)&#13;&#10;&#9;{&#13;&#10;&#9;&#9;this.accountID = accountID;&#13;&#10;&#9;&#9;this.username = username;&#13;&#10;&#9;&#9;this.authenticationToken = authToken;&#13;&#10;&#9;&#9;passUtil = new PasswordUtil();&#13;&#10;&#13;&#10;&#9;&#9;if(isEncryptedPassword)&#13;&#10;&#9;&#9;{&#13;&#10;&#9;&#9;&#9;this.ecryptedPassword = password;&#13;&#10;&#9;&#9;&#9;this.hasEncryptedPassword = true;&#13;&#10;&#9;&#9;}&#13;&#10;&#9;&#9;else&#13;&#10;&#9;&#9;{&#13;&#10;&#9;&#9;&#9;this.password = password;&#13;&#10;&#9;&#9;&#9;this.hasEncryptedPassword = false;&#13;&#10;&#9;&#9;}&#13;&#10;&#13;&#10;&#13;&#10;&#9;}&#13;&#10;&#13;&#10;&#9;/**&#13;&#10;&#9; * Retrieves the user's account ID&#13;&#10;&#9; * &#13;&#10;&#9; * @return&#13;&#10;&#9; */&#13;&#10;&#9;public int getAccountID() {&#13;&#10;&#9;&#9;return accountID;&#13;&#10;&#9;}&#13;&#10;&#13;&#10;&#9;/**&#13;&#10;&#9; * Updates the accounts current account ID&#13;&#10;&#9; * &#13;&#10;&#9; * @param accountID&#13;&#10;&#9; */&#13;&#10;&#9;public void setAccountID(int accountID) {&#13;&#10;&#9;&#9;this.accountID = accountID;&#13;&#10;&#9;}&#13;&#10;&#13;&#10;&#9;/**&#13;&#10;&#9; * Generic Constructor&#13;&#10;&#9; * @param username Username of the account&#13;&#10;&#9; */&#13;&#10;&#9;public Account(String username)&#13;&#10;&#9;{&#13;&#10;&#9;&#9;this.username = username;&#13;&#10;&#9;}&#13;&#10;&#13;&#10;&#13;&#10;&#9;/**&#13;&#10;&#9; * Retrieves username of the account&#13;&#10;&#9; * @return Username&#13;&#10;&#9; */&#13;&#10;&#9;public String getUsername() {&#13;&#10;&#9;&#9;return username;&#13;&#10;&#9;}&#13;&#10;&#13;&#10;&#9;/**&#13;&#10;&#9; * Set the username for the account&#13;&#10;&#9; * @param username Username of the account&#13;&#10;&#9; */&#13;&#10;&#9;public void setUsername(String username) {&#13;&#10;&#9;&#9;this.username = username;&#13;&#10;&#9;}&#13;&#10;&#13;&#10;&#9;/**&#13;&#10;&#9; * Retrieves the password for the account&#13;&#10;&#9; * @return The password of the account&#13;&#10;&#9; */&#13;&#10;&#9;public String getPassword() {&#13;&#10;&#9;&#9;return password;&#13;&#10;&#9;}&#13;&#10;&#13;&#10;&#9;/**&#13;&#10;&#9; * Get encrypted version of current password.&#13;&#10;&#9; * &#13;&#10;&#9; * @return&#13;&#10;&#9; */&#13;&#10;&#9;public String getEncyptedPassword() {&#13;&#10;&#9;&#9;if(hasEncryptedPassword)&#13;&#10;&#9;&#9;&#9;return ecryptedPassword;&#13;&#10;&#9;&#9;else &#13;&#10;&#9;&#9;{&#13;&#10;&#9;&#9;&#9;this.hasEncryptedPassword = true;&#13;&#10;&#9;&#9;&#9;this.ecryptedPassword = passUtil.encrypt(this.password);&#13;&#10;&#9;&#9;}&#13;&#10;&#13;&#10;&#9;&#9;return this.ecryptedPassword;&#13;&#10;&#13;&#10;&#9;}&#13;&#10;&#13;&#10;&#9;/**&#13;&#10;&#9; * Sets the password for the account&#13;&#10;&#9; * @param password Password for the account&#13;&#10;&#9; */&#13;&#10;&#9;public void setPassword(String password, boolean isEncryptedPassword) {&#13;&#10;&#9;&#9;if(isEncryptedPassword)&#13;&#10;&#9;&#9;{&#13;&#10;&#9;&#9;&#9;this.ecryptedPassword = password;&#13;&#10;&#9;&#9;&#9;this.hasEncryptedPassword = true;&#13;&#10;&#9;&#9;}&#13;&#10;&#9;&#9;else&#13;&#10;&#9;&#9;{&#13;&#10;&#9;&#9;&#9;this.password = password;&#13;&#10;&#9;&#9;&#9;this.hasEncryptedPassword = false;&#13;&#10;&#9;&#9;}&#13;&#10;&#9;}&#13;&#10;&#13;&#10;&#9;/**&#13;&#10;&#9; * Retrieves AuthToken for the account&#13;&#10;&#9; * @return AuthToken for the account&#13;&#10;&#9; */&#13;&#10;&#9;public String getAuthenticationToken() {&#13;&#10;&#9;&#9;return authenticationToken;&#13;&#10;&#9;}&#13;&#10;&#13;&#10;&#9;/**&#13;&#10;&#9; * Sets the authenticationToken for the account&#13;&#10;&#9; * @param authenticationToken&#13;&#10;&#9; */&#13;&#10;&#9;public void setAuthenticationToken(String authenticationToken) {&#13;&#10;&#9;&#9;this.authenticationToken = authenticationToken;&#13;&#10;&#9;}&#13;&#10;&#13;&#10;&#9;/**&#13;&#10;&#9; * Object must be an account object,&#13;&#10;&#9; * Password, Username, and AuthToken must all match exactly for two Accounts.&#13;&#10;&#9; * &#13;&#10;&#9; * @param object Account object to compare&#13;&#10;&#9; * @return true on match, false otherwise&#13;&#10;&#9; */&#13;&#10;&#9;public boolean exactCompare(Object object)&#13;&#10;&#9;{&#13;&#10;&#9;&#9;if(object == null) return false;&#13;&#10;&#13;&#10;&#9;&#9;if (object instanceof Account) {&#13;&#10;&#9;&#9;&#9;Account accountOther = (Account) object;&#13;&#10;&#13;&#10;&#9;&#9;&#9;String otherUsername = accountOther.getUsername();&#13;&#10;&#13;&#10;&#9;&#9;&#9;String otherPassword = accountOther.getEncyptedPassword();&#13;&#10;&#13;&#10;&#9;&#9;&#9;String otherAuthToken = accountOther.getAuthenticationToken();&#13;&#10;&#13;&#10;&#9;&#9;&#9;if(!isEqualUsername(username,otherUsername))&#13;&#10;&#9;&#9;&#9;&#9;return false;&#13;&#10;&#13;&#10;&#9;&#9;&#9;if(!isEqualString(this.getEncyptedPassword(),otherPassword))&#13;&#10;&#9;&#9;&#9;&#9;return false;&#13;&#10;&#13;&#10;&#9;&#9;&#9;if(!isEqualString(authenticationToken,otherAuthToken))&#13;&#10;&#9;&#9;&#9;&#9;return false;&#13;&#10;&#13;&#10;&#9;&#9;&#9;return true;&#13;&#10;&#9;&#9;}&#13;&#10;&#13;&#10;&#9;&#9;return false;&#13;&#10;&#9;}&#13;&#10;&#13;&#10;&#13;&#10;&#9;/**&#13;&#10;&#9; * Determines if the provided account object has the same username&#13;&#10;&#9; * and password.&#13;&#10;&#9; * &#13;&#10;&#9; * @param otherAccount Account to be compared against.&#13;&#10;&#9; * @return True on match, false otherwise&#13;&#10;&#9; */&#13;&#10;&#9;public boolean compareLogin(Account otherAccount)&#13;&#10;&#9;{&#13;&#10;&#9;&#9;if(otherAccount == null) return false;&#13;&#10;&#13;&#10;&#9;&#9;String otherUsername = otherAccount.getUsername();&#13;&#10;&#9;&#9;String otherPassword = otherAccount.getEncyptedPassword();&#13;&#10;&#13;&#10;&#9;&#9;if(!isEqualUsername(username,otherUsername))&#13;&#10;&#9;&#9;&#9;return false;&#13;&#10;&#13;&#10;&#9;&#9;if(!isEqualString(this.getEncyptedPassword(),otherPassword))&#13;&#10;&#9;&#9;&#9;return false;&#13;&#10;&#13;&#10;&#9;&#9;return true;&#13;&#10;&#9;}&#13;&#10;&#13;&#10;&#9;/**&#13;&#10;&#9; * Determines if the provided account has the same username, and&#13;&#10;&#9; * authentication token.&#13;&#10;&#9; * &#13;&#10;&#9; * @param otherAccount Account to compare against&#13;&#10;&#9; * @return True on match, false otherwise&#13;&#10;&#9; */&#13;&#10;&#9;public boolean compareAuthenticated(Account otherAccount)&#13;&#10;&#9;{&#9;&#9;&#13;&#10;&#9;&#9;if(otherAccount == null) return false;&#13;&#10;&#9;&#9;&#13;&#10;&#9;&#9;String otherUsername = otherAccount.getUsername();&#13;&#10;&#9;&#9;String otherAuthToken = otherAccount.getAuthenticationToken();&#13;&#10;&#13;&#10;&#9;&#9;if(!isEqualUsername(username,otherUsername))&#13;&#10;&#9;&#9;&#9;return false;&#13;&#10;&#13;&#10;&#9;&#9;if(!isEqualString(authenticationToken,otherAuthToken))&#13;&#10;&#9;&#9;&#9;return false;&#13;&#10;&#13;&#10;&#9;&#9;return true;&#13;&#10;&#9;}&#13;&#10;&#13;&#10;&#9;/**&#13;&#10;&#9; * Determines if two string are equal&#13;&#10;&#9; * &#13;&#10;&#9; * @param value1&#13;&#10;&#9; * @param value2&#13;&#10;&#9; * @return&#13;&#10;&#9; */&#13;&#10;&#9;public boolean isEqualString(String value1, String value2)&#13;&#10;&#9;{&#13;&#10;&#9;&#9;if(value1 == null &amp;&amp; value2 != null)&#13;&#10;&#9;&#9;&#9;return false;&#13;&#10;&#9;&#9;else if(!value1.equals(value2))&#13;&#10;&#9;&#9;&#9;return false;&#13;&#10;&#13;&#10;&#9;&#9;return true;&#13;&#10;&#9;}&#13;&#10;&#13;&#10;&#9;/**&#13;&#10;&#9; * Determines if two usernames are the same&#13;&#10;&#9; * &#13;&#10;&#9; * @param value1&#13;&#10;&#9; * @param value2&#13;&#10;&#9; * @return&#13;&#10;&#9; */&#13;&#10;&#9;public boolean isEqualUsername(String value1, String value2)&#13;&#10;&#9;{&#13;&#10;&#9;&#9;if(value1 == null || value2 == null)&#13;&#10;&#9;&#9;&#9;return false;&#13;&#10;&#9;&#9;else if(!value1.equals(value2))&#13;&#10;&#9;&#9;&#9;return false;&#13;&#10;&#13;&#10;&#9;&#9;return true;&#13;&#10;&#9;}&#13;&#10;&#13;&#10;}&#13;&#10;" Filename="Account.java" Intrnl_Id="41"/>
</SrcFileList>
<CritList>
<CritListEntry Name="org.codecover.model.utils.criteria.BranchCoverage" PluginName="org.codecover"/>
<CritListEntry Name="org.codecover.model.utils.criteria.StatementCoverage" PluginName="org.codecover"/>
</CritList>
<BoolOpList/>
<HierarchyLvlTypeList>
<HierarchyLvlType EnglishName="enumeration" IntrnlName="enum" Intrnl_Id="42"/>
<HierarchyLvlType EnglishName="package" IntrnlName="package" Intrnl_Id="43"/>
<HierarchyLvlType EnglishName="class" IntrnlName="class" Intrnl_Id="44"/>
<HierarchyLvlType EnglishName="method" IntrnlName="method" Intrnl_Id="45"/>
<HierarchyLvlType EnglishName="default package" IntrnlName="default package" Intrnl_Id="46"/>
</HierarchyLvlTypeList>
<MASTRoot>
<HierarchyLvl HierarchyLvlId="10208" HierarchyLvlTypeId="46" Intrnl_Id="47" Name="default package">
<Header/>
<LocList/>
<HierarchyLvl HierarchyLvlId="10203" HierarchyLvlTypeId="43" Intrnl_Id="48" Name="util">
<Header/>
<LocList/>
<HierarchyLvl HierarchyLvlId="9814" HierarchyLvlTypeId="44" Intrnl_Id="49" Name="ServletConfiguration">
<Header>
<Loc EndOffset="368" SrcFileId="1" StartOffset="335"/>
</Header>
<LocList>
<Loc EndOffset="3740" SrcFileId="1" StartOffset="335"/>
<Loc EndOffset="4224" SrcFileId="1" StartOffset="3786"/>
</LocList>
<StmntSeq Intrnl_Id="50">
<LocList>
<Loc EndOffset="468" SrcFileId="1" StartOffset="407"/>
<Loc EndOffset="521" SrcFileId="1" StartOffset="471"/>
<Loc EndOffset="612" SrcFileId="1" StartOffset="564"/>
<Loc EndOffset="765" SrcFileId="1" StartOffset="714"/>
<Loc EndOffset="817" SrcFileId="1" StartOffset="768"/>
<Loc EndOffset="957" SrcFileId="1" StartOffset="898"/>
</LocList>
<BasicStmnt CovItemId="S1" CovItemPrefix="util.ServletConfiguration.java" Intrnl_Id="51">
<LocList>
<Loc EndOffset="468" SrcFileId="1" StartOffset="407"/>
</LocList>
</BasicStmnt>
<BasicStmnt CovItemId="S2" CovItemPrefix="util.ServletConfiguration.java" Intrnl_Id="52">
<LocList>
<Loc EndOffset="521" SrcFileId="1" StartOffset="471"/>
</LocList>
</BasicStmnt>
<BasicStmnt CovItemId="S3" CovItemPrefix="util.ServletConfiguration.java" Intrnl_Id="53">
<LocList>
<Loc EndOffset="612" SrcFileId="1" StartOffset="564"/>
</LocList>
</BasicStmnt>
<BasicStmnt CovItemId="S4" CovItemPrefix="util.ServletConfiguration.java" Intrnl_Id="54">
<LocList>
<Loc EndOffset="765" SrcFileId="1" StartOffset="714"/>
</LocList>
</BasicStmnt>
<BasicStmnt CovItemId="S5" CovItemPrefix="util.ServletConfiguration.java" Intrnl_Id="55">
<LocList>
<Loc EndOffset="817" SrcFileId="1" StartOffset="768"/>
</LocList>
</BasicStmnt>
<BasicStmnt CovItemId="S6" CovItemPrefix="util.ServletConfiguration.java" Intrnl_Id="56">
<LocList>
<Loc EndOffset="957" SrcFileId="1" StartOffset="898"/>
</LocList>
</BasicStmnt>
</StmntSeq>
<HierarchyLvl HierarchyLvlId="9806" HierarchyLvlTypeId="45" Intrnl_Id="57" Name="loadContext">
<Header>
<Loc EndOffset="1227" SrcFileId="1" StartOffset="1173"/>
</Header>
<LocList>
<Loc EndOffset="1307" SrcFileId="1" StartOffset="1173"/>
</LocList>
<StmntSeq Intrnl_Id="58">
<LocList>
<Loc EndOffset="1303" SrcFileId="1" StartOffset="1235"/>
</LocList>
<CondStmnt CovItemId="S7" CovItemPrefix="util.ServletConfiguration.java" Intrnl_Id="59">
<Branch CovItemId="B1" CovItemPrefix="util.ServletConfiguration.java" Implct="false" Intrnl_Id="60">
<Cond/>
<LocList>
<Loc EndOffset="1303" SrcFileId="1" StartOffset="1261"/>
</LocList>
<StmntSeq Intrnl_Id="61">
<LocList>
<Loc EndOffset="1298" SrcFileId="1" StartOffset="1267"/>
</LocList>
<BasicStmnt CovItemId="S8" CovItemPrefix="util.ServletConfiguration.java" Intrnl_Id="62">
<LocList>
<Loc EndOffset="1298" SrcFileId="1" StartOffset="1267"/>
</LocList>
</BasicStmnt>
</StmntSeq>
</Branch>
<Branch CovItemId="B2" CovItemPrefix="util.ServletConfiguration.java" Implct="true" Intrnl_Id="63">
<Cond/>
<LocList/>
<StmntSeq Intrnl_Id="64">
<LocList/>
</StmntSeq>
</Branch>
<Keyword EndOffset="1237" SrcFileId="1" StartOffset="1235"/>
<LocList>
<Loc EndOffset="1303" SrcFileId="1" StartOffset="1235"/>
</LocList>
</CondStmnt>
</StmntSeq>
</HierarchyLvl>
<HierarchyLvl HierarchyLvlId="9807" HierarchyLvlTypeId="45" Intrnl_Id="65" Name="loadContextParameters">
<Header>
<Loc EndOffset="1657" SrcFileId="1" StartOffset="1579"/>
</Header>
<LocList>
<Loc EndOffset="2265" SrcFileId="1" StartOffset="1579"/>
</LocList>
<StmntSeq Intrnl_Id="66">
<LocList>
<Loc EndOffset="1929" SrcFileId="1" StartOffset="1899"/>
<Loc EndOffset="1978" SrcFileId="1" StartOffset="1933"/>
<Loc EndOffset="2055" SrcFileId="1" StartOffset="1990"/>
<Loc EndOffset="2260" SrcFileId="1" StartOffset="2063"/>
</LocList>
<CondStmnt CovItemId="S9" CovItemPrefix="util.ServletConfiguration.java" Intrnl_Id="67">
<Branch CovItemId="B3" CovItemPrefix="util.ServletConfiguration.java" Implct="false" Intrnl_Id="68">
<Cond/>
<LocList>
<Loc EndOffset="1929" SrcFileId="1" StartOffset="1922"/>
</LocList>
<StmntSeq Intrnl_Id="69">
<LocList>
<Loc EndOffset="1929" SrcFileId="1" StartOffset="1922"/>
</LocList>
<BasicStmnt CovItemId="S10" CovItemPrefix="util.ServletConfiguration.java" Intrnl_Id="70">
<LocList>
<Loc EndOffset="1929" SrcFileId="1" StartOffset="1922"/>
</LocList>
</BasicStmnt>
</StmntSeq>
</Branch>
<Branch CovItemId="B4" CovItemPrefix="util.ServletConfiguration.java" Implct="true" Intrnl_Id="71">
<Cond/>
<LocList/>
<StmntSeq Intrnl_Id="72">
<LocList/>
</StmntSeq>
</Branch>
<Keyword EndOffset="1901" SrcFileId="1" StartOffset="1899"/>
<LocList>
<Loc EndOffset="1929" SrcFileId="1" StartOffset="1899"/>
</LocList>
</CondStmnt>
<BasicStmnt CovItemId="S11" CovItemPrefix="util.ServletConfiguration.java" Intrnl_Id="73">
<LocList>
<Loc EndOffset="1978" SrcFileId="1" StartOffset="1933"/>
</LocList>
</BasicStmnt>
<BasicStmnt CovItemId="S12" CovItemPrefix="util.ServletConfiguration.java" Intrnl_Id="74">
<LocList>
<Loc EndOffset="2055" SrcFileId="1" StartOffset="1990"/>
</LocList>
</BasicStmnt>
<LoopStmnt CovItemId="S13" CovItemPrefix="util.ServletConfiguration.java" Intrnl_Id="75" MltplExecId="L1-2" MltplExecPrefix="util.ServletConfiguration.java" NvrExecId="L1-0" NvrExecPrefix="util.ServletConfiguration.java" OnceExecutedId="L1-1" OnceExecutedPrefix="util.ServletConfiguration.java" OptBodyExec="true">
<StmntSeq Intrnl_Id="76">
<LocList>
<Loc EndOffset="2152" SrcFileId="1" StartOffset="2108"/>
<Loc EndOffset="2208" SrcFileId="1" StartOffset="2157"/>
<Loc EndOffset="2253" SrcFileId="1" StartOffset="2218"/>
</LocList>
<BasicStmnt CovItemId="S14" CovItemPrefix="util.ServletConfiguration.java" Intrnl_Id="77">
<LocList>
<Loc EndOffset="2152" SrcFileId="1" StartOffset="2108"/>
</LocList>
</BasicStmnt>
<BasicStmnt CovItemId="S15" CovItemPrefix="util.ServletConfiguration.java" Intrnl_Id="78">
<LocList>
<Loc EndOffset="2208" SrcFileId="1" StartOffset="2157"/>
</LocList>
</BasicStmnt>
<BasicStmnt CovItemId="S16" CovItemPrefix="util.ServletConfiguration.java" Intrnl_Id="79">
<LocList>
<Loc EndOffset="2253" SrcFileId="1" StartOffset="2218"/>
</LocList>
</BasicStmnt>
</StmntSeq>
<Keyword EndOffset="2068" SrcFileId="1" StartOffset="2063"/>
<LocList>
<Loc EndOffset="2260" SrcFileId="1" StartOffset="2063"/>
</LocList>
</LoopStmnt>
</StmntSeq>
</HierarchyLvl>
<HierarchyLvl HierarchyLvlId="9808" HierarchyLvlTypeId="45" Intrnl_Id="80" Name="processParameter">
<Header>
<Loc EndOffset="2479" SrcFileId="1" StartOffset="2415"/>
</Header>
<LocList>
<Loc EndOffset="2637" SrcFileId="1" StartOffset="2415"/>
</LocList>
<StmntSeq Intrnl_Id="81">
<LocList>
<Loc EndOffset="2633" SrcFileId="1" StartOffset="2487"/>
</LocList>
<CondStmnt CovItemId="S17" CovItemPrefix="util.ServletConfiguration.java" Intrnl_Id="82">
<Branch CovItemId="B5" CovItemPrefix="util.ServletConfiguration.java" Implct="false" Intrnl_Id="83">
<Cond/>
<LocList>
<Loc EndOffset="2563" SrcFileId="1" StartOffset="2529"/>
</LocList>
<StmntSeq Intrnl_Id="84">
<LocList>
<Loc EndOffset="2563" SrcFileId="1" StartOffset="2529"/>
</LocList>
<BasicStmnt CovItemId="S18" CovItemPrefix="util.ServletConfiguration.java" Intrnl_Id="85">
<LocList>
<Loc EndOffset="2563" SrcFileId="1" StartOffset="2529"/>
</LocList>
</BasicStmnt>
</StmntSeq>
</Branch>
<Branch CovItemId="B6" CovItemPrefix="util.ServletConfiguration.java" Implct="false" Intrnl_Id="86">
<Cond>
<Loc EndOffset="2571" SrcFileId="1" StartOffset="2567"/>
</Cond>
<LocList>
<Loc EndOffset="2633" SrcFileId="1" StartOffset="2572"/>
</LocList>
<StmntSeq Intrnl_Id="87">
<LocList>
<Loc EndOffset="2633" SrcFileId="1" StartOffset="2572"/>
</LocList>
<CondStmnt CovItemId="S19" CovItemPrefix="util.ServletConfiguration.java" Intrnl_Id="88">
<Branch CovItemId="B7" CovItemPrefix="util.ServletConfiguration.java" Implct="false" Intrnl_Id="89">
<Cond/>
<LocList>
<Loc EndOffset="2633" SrcFileId="1" StartOffset="2606"/>
</LocList>
<StmntSeq Intrnl_Id="90">
<LocList>
<Loc EndOffset="2633" SrcFileId="1" StartOffset="2606"/>
</LocList>
<BasicStmnt CovItemId="S20" CovItemPrefix="util.ServletConfiguration.java" Intrnl_Id="91">
<LocList>
<Loc EndOffset="2633" SrcFileId="1" StartOffset="2606"/>
</LocList>
</BasicStmnt>
</StmntSeq>
</Branch>
<Branch CovItemId="B8" CovItemPrefix="util.ServletConfiguration.java" Implct="true" Intrnl_Id="92">
<Cond/>
<LocList/>
<StmntSeq Intrnl_Id="93">
<LocList/>
</StmntSeq>
</Branch>
<Keyword EndOffset="2574" SrcFileId="1" StartOffset="2572"/>
<LocList>
<Loc EndOffset="2633" SrcFileId="1" StartOffset="2572"/>
</LocList>
</CondStmnt>
</StmntSeq>
</Branch>
<Keyword EndOffset="2489" SrcFileId="1" StartOffset="2487"/>
<LocList>
<Loc EndOffset="2633" SrcFileId="1" StartOffset="2487"/>
</LocList>
</CondStmnt>
</StmntSeq>
</HierarchyLvl>
<HierarchyLvl HierarchyLvlId="9809" HierarchyLvlTypeId="45" Intrnl_Id="94" Name="processDatabaseName">
<Header>
<Loc EndOffset="2995" SrcFileId="1" StartOffset="2928"/>
</Header>
<LocList>
<Loc EndOffset="3249" SrcFileId="1" StartOffset="2928"/>
</LocList>
<StmntSeq Intrnl_Id="95">
<LocList>
<Loc EndOffset="3245" SrcFileId="1" StartOffset="3003"/>
</LocList>
<CondStmnt CovItemId="S21" CovItemPrefix="util.ServletConfiguration.java" Intrnl_Id="96">
<Branch CovItemId="B9" CovItemPrefix="util.ServletConfiguration.java" Implct="false" Intrnl_Id="97">
<Cond/>
<LocList>
<Loc EndOffset="3081" SrcFileId="1" StartOffset="3038"/>
</LocList>
<StmntSeq Intrnl_Id="98">
<LocList>
<Loc EndOffset="3081" SrcFileId="1" StartOffset="3038"/>
</LocList>
<BasicStmnt CovItemId="S22" CovItemPrefix="util.ServletConfiguration.java" Intrnl_Id="99">
<LocList>
<Loc EndOffset="3081" SrcFileId="1" StartOffset="3038"/>
</LocList>
</BasicStmnt>
</StmntSeq>
</Branch>
<Branch CovItemId="B10" CovItemPrefix="util.ServletConfiguration.java" Implct="false" Intrnl_Id="100">
<Cond>
<Loc EndOffset="3089" SrcFileId="1" StartOffset="3085"/>
</Cond>
<LocList>
<Loc EndOffset="3245" SrcFileId="1" StartOffset="3090"/>
</LocList>
<StmntSeq Intrnl_Id="101">
<LocList>
<Loc EndOffset="3245" SrcFileId="1" StartOffset="3090"/>
</LocList>
<CondStmnt CovItemId="S23" CovItemPrefix="util.ServletConfiguration.java" Intrnl_Id="102">
<Branch CovItemId="B11" CovItemPrefix="util.ServletConfiguration.java" Implct="false" Intrnl_Id="103">
<Cond/>
<LocList>
<Loc EndOffset="3163" SrcFileId="1" StartOffset="3126"/>
</LocList>
<StmntSeq Intrnl_Id="104">
<LocList>
<Loc EndOffset="3163" SrcFileId="1" StartOffset="3126"/>
</LocList>
<BasicStmnt CovItemId="S24" CovItemPrefix="util.ServletConfiguration.java" Intrnl_Id="105">
<LocList>
<Loc EndOffset="3163" SrcFileId="1" StartOffset="3126"/>
</LocList>
</BasicStmnt>
</StmntSeq>
</Branch>
<Branch CovItemId="B12" CovItemPrefix="util.ServletConfiguration.java" Implct="false" Intrnl_Id="106">
<Cond>
<Loc EndOffset="3171" SrcFileId="1" StartOffset="3167"/>
</Cond>
<LocList>
<Loc EndOffset="3245" SrcFileId="1" StartOffset="3208"/>
</LocList>
<StmntSeq Intrnl_Id="107">
<LocList>
<Loc EndOffset="3245" SrcFileId="1" StartOffset="3208"/>
</LocList>
<BasicStmnt CovItemId="S25" CovItemPrefix="util.ServletConfiguration.java" Intrnl_Id="108">
<LocList>
<Loc EndOffset="3245" SrcFileId="1" StartOffset="3208"/>
</LocList>
</BasicStmnt>
</StmntSeq>
</Branch>
<Keyword EndOffset="3092" SrcFileId="1" StartOffset="3090"/>
<LocList>
<Loc EndOffset="3245" SrcFileId="1" StartOffset="3090"/>
</LocList>
</CondStmnt>
</StmntSeq>
</Branch>
<Keyword EndOffset="3005" SrcFileId="1" StartOffset="3003"/>
<LocList>
<Loc EndOffset="3245" SrcFileId="1" StartOffset="3003"/>
</LocList>
</CondStmnt>
</StmntSeq>
</HierarchyLvl>
<HierarchyLvl HierarchyLvlId="9810" HierarchyLvlTypeId="45" Intrnl_Id="109" Name="processDebug">
<Header>
<Loc EndOffset="3535" SrcFileId="1" StartOffset="3475"/>
</Header>
<LocList>
<Loc EndOffset="3676" SrcFileId="1" StartOffset="3475"/>
</LocList>
<StmntSeq Intrnl_Id="110">
<LocList>
<Loc EndOffset="3672" SrcFileId="1" StartOffset="3543"/>
</LocList>
<CondStmnt CovItemId="S26" CovItemPrefix="util.ServletConfiguration.java" Intrnl_Id="111">
<Branch CovItemId="B13" CovItemPrefix="util.ServletConfiguration.java" Implct="false" Intrnl_Id="112">
<Cond/>
<LocList>
<Loc EndOffset="3617" SrcFileId="1" StartOffset="3576"/>
</LocList>
<StmntSeq Intrnl_Id="113">
<LocList>
<Loc EndOffset="3617" SrcFileId="1" StartOffset="3576"/>
</LocList>
<BasicStmnt CovItemId="S27" CovItemPrefix="util.ServletConfiguration.java" Intrnl_Id="114">
<LocList>
<Loc EndOffset="3617" SrcFileId="1" StartOffset="3576"/>
</LocList>
</BasicStmnt>
</StmntSeq>
</Branch>
<Branch CovItemId="B14" CovItemPrefix="util.ServletConfiguration.java" Implct="false" Intrnl_Id="115">
<Cond>
<Loc EndOffset="3625" SrcFileId="1" StartOffset="3621"/>
</Cond>
<LocList>
<Loc EndOffset="3672" SrcFileId="1" StartOffset="3630"/>
</LocList>
<StmntSeq Intrnl_Id="116">
<LocList>
<Loc EndOffset="3672" SrcFileId="1" StartOffset="3630"/>
</LocList>
<BasicStmnt CovItemId="S28" CovItemPrefix="util.ServletConfiguration.java" Intrnl_Id="117">
<LocList>
<Loc EndOffset="3672" SrcFileId="1" StartOffset="3630"/>
</LocList>
</BasicStmnt>
</StmntSeq>
</Branch>
<Keyword EndOffset="3545" SrcFileId="1" StartOffset="3543"/>
<LocList>
<Loc EndOffset="3672" SrcFileId="1" StartOffset="3543"/>
</LocList>
</CondStmnt>
</StmntSeq>
</HierarchyLvl>
<HierarchyLvl HierarchyLvlId="9811" HierarchyLvlTypeId="42" Intrnl_Id="118" Name="Database">
<Header>
<Loc EndOffset="3760" SrcFileId="1" StartOffset="3740"/>
</Header>
<LocList>
<Loc EndOffset="3786" SrcFileId="1" StartOffset="3740"/>
</LocList>
</HierarchyLvl>
<HierarchyLvl HierarchyLvlId="9812" HierarchyLvlTypeId="45" Intrnl_Id="119" Name="getDatabase">
<Header>
<Loc EndOffset="3966" SrcFileId="1" StartOffset="3930"/>
</Header>
<LocList>
<Loc EndOffset="4032" SrcFileId="1" StartOffset="3930"/>
</LocList>
<StmntSeq Intrnl_Id="120">
<LocList>
<Loc EndOffset="4028" SrcFileId="1" StartOffset="3974"/>
</LocList>
<BasicStmnt CovItemId="S29" CovItemPrefix="util.ServletConfiguration.java" Intrnl_Id="121">
<LocList>
<Loc EndOffset="4028" SrcFileId="1" StartOffset="3974"/>
</LocList>
</BasicStmnt>
</StmntSeq>
</HierarchyLvl>
<HierarchyLvl HierarchyLvlId="9813" HierarchyLvlTypeId="45" Intrnl_Id="122" Name="isDebug">
<Header>
<Loc EndOffset="4161" SrcFileId="1" StartOffset="4130"/>
</Header>
<LocList>
<Loc EndOffset="4218" SrcFileId="1" StartOffset="4130"/>
</LocList>
<StmntSeq Intrnl_Id="123">
<LocList>
<Loc EndOffset="4214" SrcFileId="1" StartOffset="4169"/>
</LocList>
<BasicStmnt CovItemId="S30" CovItemPrefix="util.ServletConfiguration.java" Intrnl_Id="124">
<LocList>
<Loc EndOffset="4214" SrcFileId="1" StartOffset="4169"/>
</LocList>
</BasicStmnt>
</StmntSeq>
</HierarchyLvl>
</HierarchyLvl>
<HierarchyLvl HierarchyLvlId="9817" HierarchyLvlTypeId="44" Intrnl_Id="125" Name="RankCacheCron">
<Header>
<Loc EndOffset="450" SrcFileId="2" StartOffset="406"/>
</Header>
<LocList>
<Loc EndOffset="1435" SrcFileId="2" StartOffset="406"/>
</LocList>
<HierarchyLvl HierarchyLvlId="9815" HierarchyLvlTypeId="45" Intrnl_Id="126" Name="RankCacheCron">
<Header>
<Loc EndOffset="538" SrcFileId="2" StartOffset="494"/>
</Header>
<LocList>
<Loc EndOffset="573" SrcFileId="2" StartOffset="494"/>
</LocList>
<StmntSeq Intrnl_Id="127">
<LocList>
<Loc EndOffset="569" SrcFileId="2" StartOffset="546"/>
</LocList>
<BasicStmnt CovItemId="S1" CovItemPrefix="util.RankCacheCron.java" Intrnl_Id="128">
<LocList>
<Loc EndOffset="569" SrcFileId="2" StartOffset="546"/>
</LocList>
</BasicStmnt>
</StmntSeq>
</HierarchyLvl>
<HierarchyLvl HierarchyLvlId="9816" HierarchyLvlTypeId="45" Intrnl_Id="129" Name="run">
<Header>
<Loc EndOffset="701" SrcFileId="2" StartOffset="671"/>
</Header>
<LocList>
<Loc EndOffset="1426" SrcFileId="2" StartOffset="671"/>
</LocList>
<StmntSeq Intrnl_Id="130">
<LocList>
<Loc EndOffset="758" SrcFileId="2" StartOffset="713"/>
<Loc EndOffset="854" SrcFileId="2" StartOffset="816"/>
<Loc EndOffset="919" SrcFileId="2" StartOffset="860"/>
<Loc EndOffset="1199" SrcFileId="2" StartOffset="931"/>
<Loc EndOffset="1231" SrcFileId="2" StartOffset="1211"/>
<Loc EndOffset="1360" SrcFileId="2" StartOffset="805"/>
<Loc EndOffset="1416" SrcFileId="2" StartOffset="1370"/>
</LocList>
<BasicStmnt CovItemId="S2" CovItemPrefix="util.RankCacheCron.java" Intrnl_Id="131">
<LocList>
<Loc EndOffset="758" SrcFileId="2" StartOffset="713"/>
</LocList>
</BasicStmnt>
<BasicStmnt CovItemId="S4" CovItemPrefix="util.RankCacheCron.java" Intrnl_Id="132">
<LocList>
<Loc EndOffset="854" SrcFileId="2" StartOffset="816"/>
</LocList>
</BasicStmnt>
<BasicStmnt CovItemId="S5" CovItemPrefix="util.RankCacheCron.java" Intrnl_Id="133">
<LocList>
<Loc EndOffset="919" SrcFileId="2" StartOffset="860"/>
</LocList>
</BasicStmnt>
<LoopStmnt CovItemId="S6" CovItemPrefix="util.RankCacheCron.java" Intrnl_Id="134" MltplExecId="L1-2" MltplExecPrefix="util.RankCacheCron.java" NvrExecId="L1-0" NvrExecPrefix="util.RankCacheCron.java" OnceExecutedId="L1-1" OnceExecutedPrefix="util.RankCacheCron.java" OptBodyExec="true">
<StmntSeq Intrnl_Id="135">
<LocList>
<Loc EndOffset="1192" SrcFileId="2" StartOffset="976"/>
</LocList>
<CondStmnt CovItemId="S7" CovItemPrefix="util.RankCacheCron.java" Intrnl_Id="136">
<Branch CovItemId="B2" CovItemPrefix="util.RankCacheCron.java" Implct="false" Intrnl_Id="137">
<Cond/>
<LocList>
<Loc EndOffset="1192" SrcFileId="2" StartOffset="1027"/>
</LocList>
<StmntSeq Intrnl_Id="138">
<LocList>
<Loc EndOffset="1065" SrcFileId="2" StartOffset="1036"/>
<Loc EndOffset="1153" SrcFileId="2" StartOffset="1073"/>
<Loc EndOffset="1184" SrcFileId="2" StartOffset="1161"/>
</LocList>
<BasicStmnt CovItemId="S8" CovItemPrefix="util.RankCacheCron.java" Intrnl_Id="139">
<LocList>
<Loc EndOffset="1065" SrcFileId="2" StartOffset="1036"/>
</LocList>
</BasicStmnt>
<BasicStmnt CovItemId="S9" CovItemPrefix="util.RankCacheCron.java" Intrnl_Id="140">
<LocList>
<Loc EndOffset="1153" SrcFileId="2" StartOffset="1073"/>
</LocList>
</BasicStmnt>
<BasicStmnt CovItemId="S10" CovItemPrefix="util.RankCacheCron.java" Intrnl_Id="141">
<LocList>
<Loc EndOffset="1184" SrcFileId="2" StartOffset="1161"/>
</LocList>
</BasicStmnt>
</StmntSeq>
</Branch>
<Branch CovItemId="B3" CovItemPrefix="util.RankCacheCron.java" Implct="true" Intrnl_Id="142">
<Cond/>
<LocList/>
<StmntSeq Intrnl_Id="143">
<LocList/>
</StmntSeq>
</Branch>
<Keyword EndOffset="978" SrcFileId="2" StartOffset="976"/>
<LocList>
<Loc EndOffset="1192" SrcFileId="2" StartOffset="976"/>
</LocList>
</CondStmnt>
</StmntSeq>
<Keyword EndOffset="934" SrcFileId="2" StartOffset="931"/>
<LocList>
<Loc EndOffset="1199" SrcFileId="2" StartOffset="931"/>
</LocList>
</LoopStmnt>
<BasicStmnt CovItemId="S11" CovItemPrefix="util.RankCacheCron.java" Intrnl_Id="144">
<LocList>
<Loc EndOffset="1231" SrcFileId="2" StartOffset="1211"/>
</LocList>
</BasicStmnt>
<CondStmnt CovItemId="S3" CovItemPrefix="util.RankCacheCron.java" Intrnl_Id="145">
<Branch CovItemId="B1" CovItemPrefix="util.RankCacheCron.java" Implct="true" Intrnl_Id="146">
<Cond/>
<LocList/>
<StmntSeq Intrnl_Id="147">
<LocList/>
</StmntSeq>
</Branch>
<Branch CovItemId="B4" CovItemPrefix="util.RankCacheCron.java" Implct="false" Intrnl_Id="148">
<Cond>
<Loc EndOffset="1286" SrcFileId="2" StartOffset="1250"/>
</Cond>
<LocList>
<Loc EndOffset="1360" SrcFileId="2" StartOffset="1287"/>
</LocList>
<StmntSeq Intrnl_Id="149">
<LocList>
<Loc EndOffset="1354" SrcFileId="2" StartOffset="1334"/>
</LocList>
<BasicStmnt CovItemId="S12" CovItemPrefix="util.RankCacheCron.java" Intrnl_Id="150">
<LocList>
<Loc EndOffset="1354" SrcFileId="2" StartOffset="1334"/>
</LocList>
</BasicStmnt>
</StmntSeq>
</Branch>
<Keyword EndOffset="808" SrcFileId="2" StartOffset="805"/>
<LocList>
<Loc EndOffset="1360" SrcFileId="2" StartOffset="805"/>
</LocList>
</CondStmnt>
<BasicStmnt CovItemId="S13" CovItemPrefix="util.RankCacheCron.java" Intrnl_Id="151">
<LocList>
<Loc EndOffset="1416" SrcFileId="2" StartOffset="1370"/>
</LocList>
</BasicStmnt>
</StmntSeq>
</HierarchyLvl>
</HierarchyLvl>
<HierarchyLvl HierarchyLvlId="9823" HierarchyLvlTypeId="44" Intrnl_Id="152" Name="PokerHandRanker">
<Header>
<Loc EndOffset="829" SrcFileId="3" StartOffset="801"/>
</Header>
<LocList>
<Loc EndOffset="5219" SrcFileId="3" StartOffset="801"/>
</LocList>
<StmntSeq Intrnl_Id="153">
<LocList>
<Loc EndOffset="1055" SrcFileId="3" StartOffset="1008"/>
<Loc EndOffset="1096" SrcFileId="3" StartOffset="1058"/>
<Loc EndOffset="1151" SrcFileId="3" StartOffset="1099"/>
<Loc EndOffset="1238" SrcFileId="3" StartOffset="1157"/>
<Loc EndOffset="1328" SrcFileId="3" StartOffset="1241"/>
<Loc EndOffset="1606" SrcFileId="3" StartOffset="1568"/>
<Loc EndOffset="1647" SrcFileId="3" StartOffset="1616"/>
<Loc EndOffset="1682" SrcFileId="3" StartOffset="1657"/>
<Loc EndOffset="1781" SrcFileId="3" StartOffset="1708"/>
<Loc EndOffset="1859" SrcFileId="3" StartOffset="1792"/>
<Loc EndOffset="1898" SrcFileId="3" StartOffset="1870"/>
<Loc EndOffset="2053" SrcFileId="3" StartOffset="1692"/>
<Loc EndOffset="2111" SrcFileId="3" StartOffset="2097"/>
<Loc EndOffset="2200" SrcFileId="3" StartOffset="2077"/>
<Loc EndOffset="2344" SrcFileId="3" StartOffset="2228"/>
<Loc EndOffset="2393" SrcFileId="3" StartOffset="2372"/>
</LocList>
<BasicStmnt CovItemId="S1" CovItemPrefix="util.PokerHandRanker.java" Intrnl_Id="154">
<LocList>
<Loc EndOffset="1055" SrcFileId="3" StartOffset="1008"/>
</LocList>
</BasicStmnt>
<BasicStmnt CovItemId="S2" CovItemPrefix="util.PokerHandRanker.java" Intrnl_Id="155">
<LocList>
<Loc EndOffset="1096" SrcFileId="3" StartOffset="1058"/>
</LocList>
</BasicStmnt>
<BasicStmnt CovItemId="S3" CovItemPrefix="util.PokerHandRanker.java" Intrnl_Id="156">
<LocList>
<Loc EndOffset="1151" SrcFileId="3" StartOffset="1099"/>
</LocList>
</BasicStmnt>
<BasicStmnt CovItemId="S4" CovItemPrefix="util.PokerHandRanker.java" Intrnl_Id="157">
<LocList>
<Loc EndOffset="1238" SrcFileId="3" StartOffset="1157"/>
</LocList>
</BasicStmnt>
<BasicStmnt CovItemId="S5" CovItemPrefix="util.PokerHandRanker.java" Intrnl_Id="158">
<LocList>
<Loc EndOffset="1328" SrcFileId="3" StartOffset="1241"/>
</LocList>
</BasicStmnt>
<BasicStmnt CovItemId="S6" CovItemPrefix="util.PokerHandRanker.java" Intrnl_Id="159">
<LocList>
<Loc EndOffset="1606" SrcFileId="3" StartOffset="1568"/>
</LocList>
</BasicStmnt>
<BasicStmnt CovItemId="S7" CovItemPrefix="util.PokerHandRanker.java" Intrnl_Id="160">
<LocList>
<Loc EndOffset="1647" SrcFileId="3" StartOffset="1616"/>
</LocList>
</BasicStmnt>
<BasicStmnt CovItemId="S8" CovItemPrefix="util.PokerHandRanker.java" Intrnl_Id="161">
<LocList>
<Loc EndOffset="1682" SrcFileId="3" StartOffset="1657"/>
</LocList>
</BasicStmnt>
<BasicStmnt CovItemId="S10" CovItemPrefix="util.PokerHandRanker.java" Intrnl_Id="162">
<LocList>
<Loc EndOffset="1781" SrcFileId="3" StartOffset="1708"/>
</LocList>
</BasicStmnt>
<BasicStmnt CovItemId="S11" CovItemPrefix="util.PokerHandRanker.java" Intrnl_Id="163">
<LocList>
<Loc EndOffset="1859" SrcFileId="3" StartOffset="1792"/>
</LocList>
</BasicStmnt>
<BasicStmnt CovItemId="S12" CovItemPrefix="util.PokerHandRanker.java" Intrnl_Id="164">
<LocList>
<Loc EndOffset="1898" SrcFileId="3" StartOffset="1870"/>
</LocList>
</BasicStmnt>
<CondStmnt CovItemId="S9" CovItemPrefix="util.PokerHandRanker.java" Intrnl_Id="165">
<Branch CovItemId="B1" CovItemPrefix="util.PokerHandRanker.java" Implct="true" Intrnl_Id="166">
<Cond/>
<LocList/>
<StmntSeq Intrnl_Id="167">
<LocList/>
</StmntSeq>
</Branch>
<Branch CovItemId="B2" CovItemPrefix="util.PokerHandRanker.java" Implct="false" Intrnl_Id="168">
<Cond>
<Loc EndOffset="1941" SrcFileId="3" StartOffset="1910"/>
</Cond>
<LocList>
<Loc EndOffset="1987" SrcFileId="3" StartOffset="1942"/>
</LocList>
<StmntSeq Intrnl_Id="169">
<LocList>
<Loc EndOffset="1976" SrcFileId="3" StartOffset="1956"/>
</LocList>
<BasicStmnt CovItemId="S13" CovItemPrefix="util.PokerHandRanker.java" Intrnl_Id="170">
<LocList>
<Loc EndOffset="1976" SrcFileId="3" StartOffset="1956"/>
</LocList>
</BasicStmnt>
</StmntSeq>
</Branch>
<Branch CovItemId="B3" CovItemPrefix="util.PokerHandRanker.java" Implct="false" Intrnl_Id="171">
<Cond>
<Loc EndOffset="2009" SrcFileId="3" StartOffset="1988"/>
</Cond>
<LocList>
<Loc EndOffset="2053" SrcFileId="3" StartOffset="2010"/>
</LocList>
<StmntSeq Intrnl_Id="172">
<LocList>
<Loc EndOffset="2042" SrcFileId="3" StartOffset="2022"/>
</LocList>
<BasicStmnt CovItemId="S14" CovItemPrefix="util.PokerHandRanker.java" Intrnl_Id="173">
<LocList>
<Loc EndOffset="2042" SrcFileId="3" StartOffset="2022"/>
</LocList>
</BasicStmnt>
</StmntSeq>
</Branch>
<Keyword EndOffset="1695" SrcFileId="3" StartOffset="1692"/>
<LocList>
<Loc EndOffset="2053" SrcFileId="3" StartOffset="1692"/>
</LocList>
</CondStmnt>
<BasicStmnt CovItemId="S16" CovItemPrefix="util.PokerHandRanker.java" Intrnl_Id="174">
<LocList>
<Loc EndOffset="2111" SrcFileId="3" StartOffset="2097"/>
</LocList>
</BasicStmnt>
<CondStmnt CovItemId="S15" CovItemPrefix="util.PokerHandRanker.java" Intrnl_Id="175">
<Branch CovItemId="B4" CovItemPrefix="util.PokerHandRanker.java" Implct="true" Intrnl_Id="176">
<Cond/>
<LocList/>
<StmntSeq Intrnl_Id="177">
<LocList/>
</StmntSeq>
</Branch>
<Branch CovItemId="B5" CovItemPrefix="util.PokerHandRanker.java" Implct="false" Intrnl_Id="178">
<Cond>
<Loc EndOffset="2148" SrcFileId="3" StartOffset="2127"/>
</Cond>
<LocList>
<Loc EndOffset="2200" SrcFileId="3" StartOffset="2149"/>
</LocList>
<StmntSeq Intrnl_Id="179">
<LocList>
<Loc EndOffset="2185" SrcFileId="3" StartOffset="2165"/>
</LocList>
<BasicStmnt CovItemId="S17" CovItemPrefix="util.PokerHandRanker.java" Intrnl_Id="180">
<LocList>
<Loc EndOffset="2185" SrcFileId="3" StartOffset="2165"/>
</LocList>
</BasicStmnt>
</StmntSeq>
</Branch>
<Keyword EndOffset="2080" SrcFileId="3" StartOffset="2077"/>
<LocList>
<Loc EndOffset="2200" SrcFileId="3" StartOffset="2077"/>
</LocList>
</CondStmnt>
<LoopStmnt CovItemId="S18" CovItemPrefix="util.PokerHandRanker.java" Intrnl_Id="181" MltplExecId="L1-2" MltplExecPrefix="util.PokerHandRanker.java" NvrExecId="L1-0" NvrExecPrefix="util.PokerHandRanker.java" OnceExecutedId="L1-1" OnceExecutedPrefix="util.PokerHandRanker.java" OptBodyExec="true">
<StmntSeq Intrnl_Id="182">
<LocList>
<Loc EndOffset="2329" SrcFileId="3" StartOffset="2284"/>
</LocList>
<BasicStmnt CovItemId="S19" CovItemPrefix="util.PokerHandRanker.java" Intrnl_Id="183">
<LocList>
<Loc EndOffset="2329" SrcFileId="3" StartOffset="2284"/>
</LocList>
</BasicStmnt>
</StmntSeq>
<Keyword EndOffset="2231" SrcFileId="3" StartOffset="2228"/>
<LocList>
<Loc EndOffset="2344" SrcFileId="3" StartOffset="2228"/>
</LocList>
</LoopStmnt>
<BasicStmnt CovItemId="S20" CovItemPrefix="util.PokerHandRanker.java" Intrnl_Id="184">
<LocList>
<Loc EndOffset="2393" SrcFileId="3" StartOffset="2372"/>
</LocList>
</BasicStmnt>
</StmntSeq>
<HierarchyLvl HierarchyLvlId="9818" HierarchyLvlTypeId="45" Intrnl_Id="185" Name="initCardConversion">
<Header>
<Loc EndOffset="2457" SrcFileId="3" StartOffset="2417"/>
</Header>
<LocList>
<Loc EndOffset="3217" SrcFileId="3" StartOffset="2417"/>
</LocList>
<StmntSeq Intrnl_Id="186">
<LocList>
<Loc EndOffset="2502" SrcFileId="3" StartOffset="2465"/>
<Loc EndOffset="2546" SrcFileId="3" StartOffset="2506"/>
<Loc EndOffset="2588" SrcFileId="3" StartOffset="2550"/>
<Loc EndOffset="2630" SrcFileId="3" StartOffset="2592"/>
<Loc EndOffset="2677" SrcFileId="3" StartOffset="2638"/>
<Loc EndOffset="2722" SrcFileId="3" StartOffset="2681"/>
<Loc EndOffset="2766" SrcFileId="3" StartOffset="2726"/>
<Loc EndOffset="2810" SrcFileId="3" StartOffset="2770"/>
<Loc EndOffset="2853" SrcFileId="3" StartOffset="2814"/>
<Loc EndOffset="2898" SrcFileId="3" StartOffset="2857"/>
<Loc EndOffset="2943" SrcFileId="3" StartOffset="2902"/>
<Loc EndOffset="2987" SrcFileId="3" StartOffset="2947"/>
<Loc EndOffset="3030" SrcFileId="3" StartOffset="2991"/>
<Loc EndOffset="3074" SrcFileId="3" StartOffset="3034"/>
<Loc EndOffset="3120" SrcFileId="3" StartOffset="3078"/>
<Loc EndOffset="3165" SrcFileId="3" StartOffset="3124"/>
<Loc EndOffset="3209" SrcFileId="3" StartOffset="3169"/>
</LocList>
<BasicStmnt CovItemId="S21" CovItemPrefix="util.PokerHandRanker.java" Intrnl_Id="187">
<LocList>
<Loc EndOffset="2502" SrcFileId="3" StartOffset="2465"/>
</LocList>
</BasicStmnt>
<BasicStmnt CovItemId="S22" CovItemPrefix="util.PokerHandRanker.java" Intrnl_Id="188">
<LocList>
<Loc EndOffset="2546" SrcFileId="3" StartOffset="2506"/>
</LocList>
</BasicStmnt>
<BasicStmnt CovItemId="S23" CovItemPrefix="util.PokerHandRanker.java" Intrnl_Id="189">
<LocList>
<Loc EndOffset="2588" SrcFileId="3" StartOffset="2550"/>
</LocList>
</BasicStmnt>
<BasicStmnt CovItemId="S24" CovItemPrefix="util.PokerHandRanker.java" Intrnl_Id="190">
<LocList>
<Loc EndOffset="2630" SrcFileId="3" StartOffset="2592"/>
</LocList>
</BasicStmnt>
<BasicStmnt CovItemId="S25" CovItemPrefix="util.PokerHandRanker.java" Intrnl_Id="191">
<LocList>
<Loc EndOffset="2677" SrcFileId="3" StartOffset="2638"/>
</LocList>
</BasicStmnt>
<BasicStmnt CovItemId="S26" CovItemPrefix="util.PokerHandRanker.java" Intrnl_Id="192">
<LocList>
<Loc EndOffset="2722" SrcFileId="3" StartOffset="2681"/>
</LocList>
</BasicStmnt>
<BasicStmnt CovItemId="S27" CovItemPrefix="util.PokerHandRanker.java" Intrnl_Id="193">
<LocList>
<Loc EndOffset="2766" SrcFileId="3" StartOffset="2726"/>
</LocList>
</BasicStmnt>
<BasicStmnt CovItemId="S28" CovItemPrefix="util.PokerHandRanker.java" Intrnl_Id="194">
<LocList>
<Loc EndOffset="2810" SrcFileId="3" StartOffset="2770"/>
</LocList>
</BasicStmnt>
<BasicStmnt CovItemId="S29" CovItemPrefix="util.PokerHandRanker.java" Intrnl_Id="195">
<LocList>
<Loc EndOffset="2853" SrcFileId="3" StartOffset="2814"/>
</LocList>
</BasicStmnt>
<BasicStmnt CovItemId="S30" CovItemPrefix="util.PokerHandRanker.java" Intrnl_Id="196">
<LocList>
<Loc EndOffset="2898" SrcFileId="3" StartOffset="2857"/>
</LocList>
</BasicStmnt>
<BasicStmnt CovItemId="S31" CovItemPrefix="util.PokerHandRanker.java" Intrnl_Id="197">
<LocList>
<Loc EndOffset="2943" SrcFileId="3" StartOffset="2902"/>
</LocList>
</BasicStmnt>
<BasicStmnt CovItemId="S32" CovItemPrefix="util.PokerHandRanker.java" Intrnl_Id="198">
<LocList>
<Loc EndOffset="2987" SrcFileId="3" StartOffset="2947"/>
</LocList>
</BasicStmnt>
<BasicStmnt CovItemId="S33" CovItemPrefix="util.PokerHandRanker.java" Intrnl_Id="199">
<LocList>
<Loc EndOffset="3030" SrcFileId="3" StartOffset="2991"/>
</LocList>
</BasicStmnt>
<BasicStmnt CovItemId="S34" CovItemPrefix="util.PokerHandRanker.java" Intrnl_Id="200">
<LocList>
<Loc EndOffset="3074" SrcFileId="3" StartOffset="3034"/>
</LocList>
</BasicStmnt>
<BasicStmnt CovItemId="S35" CovItemPrefix="util.PokerHandRanker.java" Intrnl_Id="201">
<LocList>
<Loc EndOffset="3120" SrcFileId="3" StartOffset="3078"/>
</LocList>
</BasicStmnt>
<BasicStmnt CovItemId="S36" CovItemPrefix="util.PokerHandRanker.java" Intrnl_Id="202">
<LocList>
<Loc EndOffset="3165" SrcFileId="3" StartOffset="3124"/>
</LocList>
</BasicStmnt>
<BasicStmnt CovItemId="S37" CovItemPrefix="util.PokerHandRanker.java" Intrnl_Id="203">
<LocList>
<Loc EndOffset="3209" SrcFileId="3" StartOffset="3169"/>
</LocList>
</BasicStmnt>
</StmntSeq>
</HierarchyLvl>
<HierarchyLvl HierarchyLvlId="9819" HierarchyLvlTypeId="45" Intrnl_Id="204" Name="littleEndianByteArrayToInt">
<Header>
<Loc EndOffset="3671" SrcFileId="3" StartOffset="3598"/>
</Header>
<LocList>
<Loc EndOffset="3822" SrcFileId="3" StartOffset="3598"/>
</LocList>
<StmntSeq Intrnl_Id="205">
<LocList>
<Loc EndOffset="3815" SrcFileId="3" StartOffset="3683"/>
</LocList>
<BasicStmnt CovItemId="S38" CovItemPrefix="util.PokerHandRanker.java" Intrnl_Id="206">
<LocList>
<Loc EndOffset="3815" SrcFileId="3" StartOffset="3683"/>
</LocList>
</BasicStmnt>
</StmntSeq>
</HierarchyLvl>
<HierarchyLvl HierarchyLvlId="9820" HierarchyLvlTypeId="45" Intrnl_Id="207" Name="lookupHand">
<Header>
<Loc EndOffset="4091" SrcFileId="3" StartOffset="4049"/>
</Header>
<LocList>
<Loc EndOffset="4462" SrcFileId="3" StartOffset="4049"/>
</LocList>
<StmntSeq Intrnl_Id="208">
<LocList>
<Loc EndOffset="4130" SrcFileId="3" StartOffset="4101"/>
<Loc EndOffset="4153" SrcFileId="3" StartOffset="4136"/>
<Loc EndOffset="4182" SrcFileId="3" StartOffset="4159"/>
<Loc EndOffset="4309" SrcFileId="3" StartOffset="4194"/>
<Loc EndOffset="4422" SrcFileId="3" StartOffset="4352"/>
<Loc EndOffset="4458" SrcFileId="3" StartOffset="4437"/>
</LocList>
<BasicStmnt CovItemId="S39" CovItemPrefix="util.PokerHandRanker.java" Intrnl_Id="209">
<LocList>
<Loc EndOffset="4130" SrcFileId="3" StartOffset="4101"/>
</LocList>
</BasicStmnt>
<BasicStmnt CovItemId="S40" CovItemPrefix="util.PokerHandRanker.java" Intrnl_Id="210">
<LocList>
<Loc EndOffset="4153" SrcFileId="3" StartOffset="4136"/>
</LocList>
</BasicStmnt>
<BasicStmnt CovItemId="S41" CovItemPrefix="util.PokerHandRanker.java" Intrnl_Id="211">
<LocList>
<Loc EndOffset="4182" SrcFileId="3" StartOffset="4159"/>
</LocList>
</BasicStmnt>
<LoopStmnt CovItemId="S42" CovItemPrefix="util.PokerHandRanker.java" Intrnl_Id="212" MltplExecId="L2-2" MltplExecPrefix="util.PokerHandRanker.java" NvrExecId="L2-0" NvrExecPrefix="util.PokerHandRanker.java" OnceExecutedId="L2-1" OnceExecutedPrefix="util.PokerHandRanker.java" OptBodyExec="true">
<StmntSeq Intrnl_Id="213">
<LocList>
<Loc EndOffset="4299" SrcFileId="3" StartOffset="4244"/>
</LocList>
<BasicStmnt CovItemId="S43" CovItemPrefix="util.PokerHandRanker.java" Intrnl_Id="214">
<LocList>
<Loc EndOffset="4299" SrcFileId="3" StartOffset="4244"/>
</LocList>
</BasicStmnt>
</StmntSeq>
<Keyword EndOffset="4197" SrcFileId="3" StartOffset="4194"/>
<LocList>
<Loc EndOffset="4309" SrcFileId="3" StartOffset="4194"/>
</LocList>
</LoopStmnt>
<CondStmnt CovItemId="S44" CovItemPrefix="util.PokerHandRanker.java" Intrnl_Id="215">
<Branch CovItemId="B6" CovItemPrefix="util.PokerHandRanker.java" Implct="false" Intrnl_Id="216">
<Cond/>
<LocList>
<Loc EndOffset="4422" SrcFileId="3" StartOffset="4374"/>
</LocList>
<StmntSeq Intrnl_Id="217">
<LocList>
<Loc EndOffset="4415" SrcFileId="3" StartOffset="4382"/>
</LocList>
<BasicStmnt CovItemId="S45" CovItemPrefix="util.PokerHandRanker.java" Intrnl_Id="218">
<LocList>
<Loc EndOffset="4415" SrcFileId="3" StartOffset="4382"/>
</LocList>
</BasicStmnt>
</StmntSeq>
</Branch>
<Branch CovItemId="B7" CovItemPrefix="util.PokerHandRanker.java" Implct="true" Intrnl_Id="219">
<Cond/>
<LocList/>
<StmntSeq Intrnl_Id="220">
<LocList/>
</StmntSeq>
</Branch>
<Keyword EndOffset="4354" SrcFileId="3" StartOffset="4352"/>
<LocList>
<Loc EndOffset="4422" SrcFileId="3" StartOffset="4352"/>
</LocList>
</CondStmnt>
<BasicStmnt CovItemId="S46" CovItemPrefix="util.PokerHandRanker.java" Intrnl_Id="221">
<LocList>
<Loc EndOffset="4458" SrcFileId="3" StartOffset="4437"/>
</LocList>
</BasicStmnt>
</StmntSeq>
</HierarchyLvl>
<HierarchyLvl HierarchyLvlId="9821" HierarchyLvlTypeId="45" Intrnl_Id="222" Name="convertCard">
<Header>
<Loc EndOffset="4674" SrcFileId="3" StartOffset="4634"/>
</Header>
<LocList>
<Loc EndOffset="4759" SrcFileId="3" StartOffset="4634"/>
</LocList>
<StmntSeq Intrnl_Id="223">
<LocList>
<Loc EndOffset="4755" SrcFileId="3" StartOffset="4682"/>
</LocList>
<BasicStmnt CovItemId="S47" CovItemPrefix="util.PokerHandRanker.java" Intrnl_Id="224">
<LocList>
<Loc EndOffset="4755" SrcFileId="3" StartOffset="4682"/>
</LocList>
</BasicStmnt>
</StmntSeq>
</HierarchyLvl>
<HierarchyLvl HierarchyLvlId="9822" HierarchyLvlTypeId="45" Intrnl_Id="225" Name="convertHand">
<Header>
<Loc EndOffset="5009" SrcFileId="3" StartOffset="4955"/>
</Header>
<LocList>
<Loc EndOffset="5214" SrcFileId="3" StartOffset="4955"/>
</LocList>
<StmntSeq Intrnl_Id="226">
<LocList>
<Loc EndOffset="5045" SrcFileId="3" StartOffset="5017"/>
<Loc EndOffset="5086" SrcFileId="3" StartOffset="5049"/>
<Loc EndOffset="5184" SrcFileId="3" StartOffset="5094"/>
<Loc EndOffset="5210" SrcFileId="3" StartOffset="5192"/>
</LocList>
<BasicStmnt CovItemId="S48" CovItemPrefix="util.PokerHandRanker.java" Intrnl_Id="227">
<LocList>
<Loc EndOffset="5045" SrcFileId="3" StartOffset="5017"/>
</LocList>
</BasicStmnt>
<BasicStmnt CovItemId="S49" CovItemPrefix="util.PokerHandRanker.java" Intrnl_Id="228">
<LocList>
<Loc EndOffset="5086" SrcFileId="3" StartOffset="5049"/>
</LocList>
</BasicStmnt>
<LoopStmnt CovItemId="S50" CovItemPrefix="util.PokerHandRanker.java" Intrnl_Id="229" MltplExecId="L3-2" MltplExecPrefix="util.PokerHandRanker.java" NvrExecId="L3-0" NvrExecPrefix="util.PokerHandRanker.java" OnceExecutedId="L3-1" OnceExecutedPrefix="util.PokerHandRanker.java" OptBodyExec="true">
<StmntSeq Intrnl_Id="230">
<LocList>
<Loc EndOffset="5179" SrcFileId="3" StartOffset="5137"/>
</LocList>
<BasicStmnt CovItemId="S51" CovItemPrefix="util.PokerHandRanker.java" Intrnl_Id="231">
<LocList>
<Loc EndOffset="5179" SrcFileId="3" StartOffset="5137"/>
</LocList>
</BasicStmnt>
</StmntSeq>
<Keyword EndOffset="5097" SrcFileId="3" StartOffset="5094"/>
<LocList>
<Loc EndOffset="5184" SrcFileId="3" StartOffset="5094"/>
</LocList>
</LoopStmnt>
<BasicStmnt CovItemId="S52" CovItemPrefix="util.PokerHandRanker.java" Intrnl_Id="232">
<LocList>
<Loc EndOffset="5210" SrcFileId="3" StartOffset="5192"/>
</LocList>
</BasicStmnt>
</StmntSeq>
</HierarchyLvl>
</HierarchyLvl>
<HierarchyLvl HierarchyLvlId="9829" HierarchyLvlTypeId="44" Intrnl_Id="233" Name="PasswordUtil">
<Header>
<Loc EndOffset="407" SrcFileId="4" StartOffset="382"/>
</Header>
<LocList>
<Loc EndOffset="2769" SrcFileId="4" StartOffset="382"/>
</LocList>
<StmntSeq Intrnl_Id="234">
<LocList>
<Loc EndOffset="461" SrcFileId="4" StartOffset="414"/>
<Loc EndOffset="514" SrcFileId="4" StartOffset="464"/>
<Loc EndOffset="626" SrcFileId="4" StartOffset="517"/>
</LocList>
<BasicStmnt CovItemId="S1" CovItemPrefix="util.PasswordUtil.java" Intrnl_Id="235">
<LocList>
<Loc EndOffset="461" SrcFileId="4" StartOffset="414"/>
</LocList>
</BasicStmnt>
<BasicStmnt CovItemId="S2" CovItemPrefix="util.PasswordUtil.java" Intrnl_Id="236">
<LocList>
<Loc EndOffset="514" SrcFileId="4" StartOffset="464"/>
</LocList>
</BasicStmnt>
<BasicStmnt CovItemId="S3" CovItemPrefix="util.PasswordUtil.java" Intrnl_Id="237">
<LocList>
<Loc EndOffset="626" SrcFileId="4" StartOffset="517"/>
</LocList>
</BasicStmnt>
</StmntSeq>
<HierarchyLvl HierarchyLvlId="9824" HierarchyLvlTypeId="45" Intrnl_Id="238" Name="PasswordUtil">
<Header>
<Loc EndOffset="653" SrcFileId="4" StartOffset="632"/>
</Header>
<LocList>
<Loc EndOffset="657" SrcFileId="4" StartOffset="632"/>
</LocList>
</HierarchyLvl>
<HierarchyLvl HierarchyLvlId="9825" HierarchyLvlTypeId="45" Intrnl_Id="239" Name="encrypt">
<Header>
<Loc EndOffset="890" SrcFileId="4" StartOffset="852"/>
</Header>
<LocList>
<Loc EndOffset="1423" SrcFileId="4" StartOffset="852"/>
</LocList>
<StmntSeq Intrnl_Id="240">
<LocList>
<Loc EndOffset="928" SrcFileId="4" StartOffset="896"/>
<Loc EndOffset="1046" SrcFileId="4" StartOffset="999"/>
<Loc EndOffset="1108" SrcFileId="4" StartOffset="1051"/>
<Loc EndOffset="1159" SrcFileId="4" StartOffset="1113"/>
<Loc EndOffset="1179" SrcFileId="4" StartOffset="1164"/>
<Loc EndOffset="1219" SrcFileId="4" StartOffset="1184"/>
<Loc EndOffset="1259" SrcFileId="4" StartOffset="1226"/>
<Loc EndOffset="1314" SrcFileId="4" StartOffset="1266"/>
<Loc EndOffset="1386" SrcFileId="4" StartOffset="990"/>
<Loc EndOffset="1418" SrcFileId="4" StartOffset="1393"/>
</LocList>
<BasicStmnt CovItemId="S4" CovItemPrefix="util.PasswordUtil.java" Intrnl_Id="241">
<LocList>
<Loc EndOffset="928" SrcFileId="4" StartOffset="896"/>
</LocList>
</BasicStmnt>
<BasicStmnt CovItemId="S6" CovItemPrefix="util.PasswordUtil.java" Intrnl_Id="242">
<LocList>
<Loc EndOffset="1046" SrcFileId="4" StartOffset="999"/>
</LocList>
</BasicStmnt>
<BasicStmnt CovItemId="S7" CovItemPrefix="util.PasswordUtil.java" Intrnl_Id="243">
<LocList>
<Loc EndOffset="1108" SrcFileId="4" StartOffset="1051"/>
</LocList>
</BasicStmnt>
<BasicStmnt CovItemId="S8" CovItemPrefix="util.PasswordUtil.java" Intrnl_Id="244">
<LocList>
<Loc EndOffset="1159" SrcFileId="4" StartOffset="1113"/>
</LocList>
</BasicStmnt>
<BasicStmnt CovItemId="S9" CovItemPrefix="util.PasswordUtil.java" Intrnl_Id="245">
<LocList>
<Loc EndOffset="1179" SrcFileId="4" StartOffset="1164"/>
</LocList>
</BasicStmnt>
<BasicStmnt CovItemId="S10" CovItemPrefix="util.PasswordUtil.java" Intrnl_Id="246">
<LocList>
<Loc EndOffset="1219" SrcFileId="4" StartOffset="1184"/>
</LocList>
</BasicStmnt>
<BasicStmnt CovItemId="S11" CovItemPrefix="util.PasswordUtil.java" Intrnl_Id="247">
<LocList>
<Loc EndOffset="1259" SrcFileId="4" StartOffset="1226"/>
</LocList>
</BasicStmnt>
<BasicStmnt CovItemId="S12" CovItemPrefix="util.PasswordUtil.java" Intrnl_Id="248">
<LocList>
<Loc EndOffset="1314" SrcFileId="4" StartOffset="1266"/>
</LocList>
</BasicStmnt>
<CondStmnt CovItemId="S5" CovItemPrefix="util.PasswordUtil.java" Intrnl_Id="249">
<Branch CovItemId="B1" CovItemPrefix="util.PasswordUtil.java" Implct="true" Intrnl_Id="250">
<Cond/>
<LocList/>
<StmntSeq Intrnl_Id="251">
<LocList/>
</StmntSeq>
</Branch>
<Branch CovItemId="B2" CovItemPrefix="util.PasswordUtil.java" Implct="false" Intrnl_Id="252">
<Cond>
<Loc EndOffset="1354" SrcFileId="4" StartOffset="1320"/>
</Cond>
<LocList>
<Loc EndOffset="1386" SrcFileId="4" StartOffset="1355"/>
</LocList>
<StmntSeq Intrnl_Id="253">
<LocList>
<Loc EndOffset="1381" SrcFileId="4" StartOffset="1361"/>
</LocList>
<BasicStmnt CovItemId="S13" CovItemPrefix="util.PasswordUtil.java" Intrnl_Id="254">
<LocList>
<Loc EndOffset="1381" SrcFileId="4" StartOffset="1361"/>
</LocList>
</BasicStmnt>
</StmntSeq>
</Branch>
<Keyword EndOffset="993" SrcFileId="4" StartOffset="990"/>
<LocList>
<Loc EndOffset="1386" SrcFileId="4" StartOffset="990"/>
</LocList>
</CondStmnt>
<BasicStmnt CovItemId="S14" CovItemPrefix="util.PasswordUtil.java" Intrnl_Id="255">
<LocList>
<Loc EndOffset="1418" SrcFileId="4" StartOffset="1393"/>
</LocList>
</BasicStmnt>
</StmntSeq>
</HierarchyLvl>
<HierarchyLvl HierarchyLvlId="9826" HierarchyLvlTypeId="45" Intrnl_Id="256" Name="compare">
<Header>
<Loc EndOffset="1718" SrcFileId="4" StartOffset="1648"/>
</Header>
<LocList>
<Loc EndOffset="1893" SrcFileId="4" StartOffset="1648"/>
</LocList>
<StmntSeq Intrnl_Id="257">
<LocList>
<Loc EndOffset="1788" SrcFileId="4" StartOffset="1730"/>
<Loc EndOffset="1889" SrcFileId="4" StartOffset="1796"/>
</LocList>
<BasicStmnt CovItemId="S15" CovItemPrefix="util.PasswordUtil.java" Intrnl_Id="258">
<LocList>
<Loc EndOffset="1788" SrcFileId="4" StartOffset="1730"/>
</LocList>
</BasicStmnt>
<CondStmnt CovItemId="S16" CovItemPrefix="util.PasswordUtil.java" Intrnl_Id="259">
<Branch CovItemId="B3" CovItemPrefix="util.PasswordUtil.java" Implct="false" Intrnl_Id="260">
<Cond/>
<LocList>
<Loc EndOffset="1863" SrcFileId="4" StartOffset="1851"/>
</LocList>
<StmntSeq Intrnl_Id="261">
<LocList>
<Loc EndOffset="1863" SrcFileId="4" StartOffset="1851"/>
</LocList>
<BasicStmnt CovItemId="S17" CovItemPrefix="util.PasswordUtil.java" Intrnl_Id="262">
<LocList>
<Loc EndOffset="1863" SrcFileId="4" StartOffset="1851"/>
</LocList>
</BasicStmnt>
</StmntSeq>
</Branch>
<Branch CovItemId="B4" CovItemPrefix="util.PasswordUtil.java" Implct="false" Intrnl_Id="263">
<Cond>
<Loc EndOffset="1871" SrcFileId="4" StartOffset="1867"/>
</Cond>
<LocList>
<Loc EndOffset="1889" SrcFileId="4" StartOffset="1876"/>
</LocList>
<StmntSeq Intrnl_Id="264">
<LocList>
<Loc EndOffset="1889" SrcFileId="4" StartOffset="1876"/>
</LocList>
<BasicStmnt CovItemId="S18" CovItemPrefix="util.PasswordUtil.java" Intrnl_Id="265">
<LocList>
<Loc EndOffset="1889" SrcFileId="4" StartOffset="1876"/>
</LocList>
</BasicStmnt>
</StmntSeq>
</Branch>
<Keyword EndOffset="1798" SrcFileId="4" StartOffset="1796"/>
<LocList>
<Loc EndOffset="1889" SrcFileId="4" StartOffset="1796"/>
</LocList>
</CondStmnt>
</StmntSeq>
</HierarchyLvl>
<HierarchyLvl HierarchyLvlId="9827" HierarchyLvlTypeId="45" Intrnl_Id="266" Name="getStringFromBytes">
<Header>
<Loc EndOffset="2157" SrcFileId="4" StartOffset="2103"/>
</Header>
<LocList>
<Loc EndOffset="2339" SrcFileId="4" StartOffset="2103"/>
</LocList>
<StmntSeq Intrnl_Id="267">
<LocList>
<Loc EndOffset="2218" SrcFileId="4" StartOffset="2175"/>
<Loc EndOffset="2294" SrcFileId="4" StartOffset="2165"/>
<Loc EndOffset="2335" SrcFileId="4" StartOffset="2302"/>
</LocList>
<BasicStmnt CovItemId="S20" CovItemPrefix="util.PasswordUtil.java" Intrnl_Id="268">
<LocList>
<Loc EndOffset="2218" SrcFileId="4" StartOffset="2175"/>
</LocList>
</BasicStmnt>
<CondStmnt CovItemId="S19" CovItemPrefix="util.PasswordUtil.java" Intrnl_Id="269">
<Branch CovItemId="B5" CovItemPrefix="util.PasswordUtil.java" Implct="true" Intrnl_Id="270">
<Cond/>
<LocList/>
<StmntSeq Intrnl_Id="271">
<LocList/>
</StmntSeq>
</Branch>
<Branch CovItemId="B6" CovItemPrefix="util.PasswordUtil.java" Implct="false" Intrnl_Id="272">
<Cond>
<Loc EndOffset="2262" SrcFileId="4" StartOffset="2224"/>
</Cond>
<LocList>
<Loc EndOffset="2294" SrcFileId="4" StartOffset="2263"/>
</LocList>
<StmntSeq Intrnl_Id="273">
<LocList>
<Loc EndOffset="2289" SrcFileId="4" StartOffset="2269"/>
</LocList>
<BasicStmnt CovItemId="S21" CovItemPrefix="util.PasswordUtil.java" Intrnl_Id="274">
<LocList>
<Loc EndOffset="2289" SrcFileId="4" StartOffset="2269"/>
</LocList>
</BasicStmnt>
</StmntSeq>
</Branch>
<Keyword EndOffset="2168" SrcFileId="4" StartOffset="2165"/>
<LocList>
<Loc EndOffset="2294" SrcFileId="4" StartOffset="2165"/>
</LocList>
</CondStmnt>
<BasicStmnt CovItemId="S22" CovItemPrefix="util.PasswordUtil.java" Intrnl_Id="275">
<LocList>
<Loc EndOffset="2335" SrcFileId="4" StartOffset="2302"/>
</LocList>
</BasicStmnt>
</StmntSeq>
</HierarchyLvl>
<HierarchyLvl HierarchyLvlId="9828" HierarchyLvlTypeId="45" Intrnl_Id="276" Name="getBytesFromString">
<Header>
<Loc EndOffset="2595" SrcFileId="4" StartOffset="2546"/>
</Header>
<LocList>
<Loc EndOffset="2763" SrcFileId="4" StartOffset="2546"/>
</LocList>
<StmntSeq Intrnl_Id="277">
<LocList>
<Loc EndOffset="2648" SrcFileId="4" StartOffset="2613"/>
<Loc EndOffset="2724" SrcFileId="4" StartOffset="2603"/>
<Loc EndOffset="2759" SrcFileId="4" StartOffset="2732"/>
</LocList>
<BasicStmnt CovItemId="S24" CovItemPrefix="util.PasswordUtil.java" Intrnl_Id="278">
<LocList>
<Loc EndOffset="2648" SrcFileId="4" StartOffset="2613"/>
</LocList>
</BasicStmnt>
<CondStmnt CovItemId="S23" CovItemPrefix="util.PasswordUtil.java" Intrnl_Id="279">
<Branch CovItemId="B7" CovItemPrefix="util.PasswordUtil.java" Implct="true" Intrnl_Id="280">
<Cond/>
<LocList/>
<StmntSeq Intrnl_Id="281">
<LocList/>
</StmntSeq>
</Branch>
<Branch CovItemId="B8" CovItemPrefix="util.PasswordUtil.java" Implct="false" Intrnl_Id="282">
<Cond>
<Loc EndOffset="2692" SrcFileId="4" StartOffset="2654"/>
</Cond>
<LocList>
<Loc EndOffset="2724" SrcFileId="4" StartOffset="2693"/>
</LocList>
<StmntSeq Intrnl_Id="283">
<LocList>
<Loc EndOffset="2719" SrcFileId="4" StartOffset="2699"/>
</LocList>
<BasicStmnt CovItemId="S25" CovItemPrefix="util.PasswordUtil.java" Intrnl_Id="284">
<LocList>
<Loc EndOffset="2719" SrcFileId="4" StartOffset="2699"/>
</LocList>
</BasicStmnt>
</StmntSeq>
</Branch>
<Keyword EndOffset="2606" SrcFileId="4" StartOffset="2603"/>
<LocList>
<Loc EndOffset="2724" SrcFileId="4" StartOffset="2603"/>
</LocList>
</CondStmnt>
<BasicStmnt CovItemId="S26" CovItemPrefix="util.PasswordUtil.java" Intrnl_Id="285">
<LocList>
<Loc EndOffset="2759" SrcFileId="4" StartOffset="2732"/>
</LocList>
</BasicStmnt>
</StmntSeq>
</HierarchyLvl>
</HierarchyLvl>
<HierarchyLvl HierarchyLvlId="9830" HierarchyLvlTypeId="44" Intrnl_Id="286" Name="Codes">
<Header>
<Loc EndOffset="35" SrcFileId="5" StartOffset="17"/>
</Header>
<LocList>
<Loc EndOffset="559" SrcFileId="5" StartOffset="17"/>
</LocList>
<StmntSeq Intrnl_Id="287">
<LocList>
<Loc EndOffset="80" SrcFileId="5" StartOffset="42"/>
<Loc EndOffset="129" SrcFileId="5" StartOffset="85"/>
<Loc EndOffset="181" SrcFileId="5" StartOffset="132"/>
<Loc EndOffset="231" SrcFileId="5" StartOffset="184"/>
<Loc EndOffset="281" SrcFileId="5" StartOffset="234"/>
<Loc EndOffset="325" SrcFileId="5" StartOffset="284"/>
<Loc EndOffset="374" SrcFileId="5" StartOffset="331"/>
<Loc EndOffset="418" SrcFileId="5" StartOffset="377"/>
<Loc EndOffset="467" SrcFileId="5" StartOffset="424"/>
<Loc EndOffset="511" SrcFileId="5" StartOffset="473"/>
<Loc EndOffset="553" SrcFileId="5" StartOffset="514"/>
</LocList>
<BasicStmnt CovItemId="S1" CovItemPrefix="util.Codes.java" Intrnl_Id="288">
<LocList>
<Loc EndOffset="80" SrcFileId="5" StartOffset="42"/>
</LocList>
</BasicStmnt>
<BasicStmnt CovItemId="S2" CovItemPrefix="util.Codes.java" Intrnl_Id="289">
<LocList>
<Loc EndOffset="129" SrcFileId="5" StartOffset="85"/>
</LocList>
</BasicStmnt>
<BasicStmnt CovItemId="S3" CovItemPrefix="util.Codes.java" Intrnl_Id="290">
<LocList>
<Loc EndOffset="181" SrcFileId="5" StartOffset="132"/>
</LocList>
</BasicStmnt>
<BasicStmnt CovItemId="S4" CovItemPrefix="util.Codes.java" Intrnl_Id="291">
<LocList>
<Loc EndOffset="231" SrcFileId="5" StartOffset="184"/>
</LocList>
</BasicStmnt>
<BasicStmnt CovItemId="S5" CovItemPrefix="util.Codes.java" Intrnl_Id="292">
<LocList>
<Loc EndOffset="281" SrcFileId="5" StartOffset="234"/>
</LocList>
</BasicStmnt>
<BasicStmnt CovItemId="S6" CovItemPrefix="util.Codes.java" Intrnl_Id="293">
<LocList>
<Loc EndOffset="325" SrcFileId="5" StartOffset="284"/>
</LocList>
</BasicStmnt>
<BasicStmnt CovItemId="S7" CovItemPrefix="util.Codes.java" Intrnl_Id="294">
<LocList>
<Loc EndOffset="374" SrcFileId="5" StartOffset="331"/>
</LocList>
</BasicStmnt>
<BasicStmnt CovItemId="S8" CovItemPrefix="util.Codes.java" Intrnl_Id="295">
<LocList>
<Loc EndOffset="418" SrcFileId="5" StartOffset="377"/>
</LocList>
</BasicStmnt>
<BasicStmnt CovItemId="S9" CovItemPrefix="util.Codes.java" Intrnl_Id="296">
<LocList>
<Loc EndOffset="467" SrcFileId="5" StartOffset="424"/>
</LocList>
</BasicStmnt>
<BasicStmnt CovItemId="S10" CovItemPrefix="util.Codes.java" Intrnl_Id="297">
<LocList>
<Loc EndOffset="511" SrcFileId="5" StartOffset="473"/>
</LocList>
</BasicStmnt>
<BasicStmnt CovItemId="S11" CovItemPrefix="util.Codes.java" Intrnl_Id="298">
<LocList>
<Loc EndOffset="553" SrcFileId="5" StartOffset="514"/>
</LocList>
</BasicStmnt>
</StmntSeq>
</HierarchyLvl>
</HierarchyLvl>
<HierarchyLvl HierarchyLvlId="10204" HierarchyLvlTypeId="43" Intrnl_Id="299" Name="servlets">
<Header/>
<LocList/>
<HierarchyLvl HierarchyLvlId="9833" HierarchyLvlTypeId="44" Intrnl_Id="300" Name="UploadServlet">
<Header>
<Loc EndOffset="609" SrcFileId="6" StartOffset="526"/>
</Header>
<LocList>
<Loc EndOffset="1596" SrcFileId="6" StartOffset="526"/>
</LocList>
<StmntSeq Intrnl_Id="301">
<LocList>
<Loc EndOffset="662" SrcFileId="6" StartOffset="614"/>
</LocList>
<BasicStmnt CovItemId="S1" CovItemPrefix="servlets.UploadServlet.java" Intrnl_Id="302">
<LocList>
<Loc EndOffset="662" SrcFileId="6" StartOffset="614"/>
</LocList>
</BasicStmnt>
</StmntSeq>
<HierarchyLvl HierarchyLvlId="9831" HierarchyLvlTypeId="45" Intrnl_Id="303" Name="UploadServlet">
<Header>
<Loc EndOffset="756" SrcFileId="6" StartOffset="734"/>
</Header>
<LocList>
<Loc EndOffset="832" SrcFileId="6" StartOffset="734"/>
</LocList>
<StmntSeq Intrnl_Id="304">
<LocList>
<Loc EndOffset="776" SrcFileId="6" StartOffset="768"/>
</LocList>
<BasicStmnt CovItemId="S2" CovItemPrefix="servlets.UploadServlet.java" Intrnl_Id="305">
<LocList>
<Loc EndOffset="776" SrcFileId="6" StartOffset="768"/>
</LocList>
</BasicStmnt>
</StmntSeq>
</HierarchyLvl>
<HierarchyLvl HierarchyLvlId="9832" HierarchyLvlTypeId="45" Intrnl_Id="306" Name="doPost">
<Header>
<Loc EndOffset="1052" SrcFileId="6" StartOffset="936"/>
</Header>
<LocList>
<Loc EndOffset="1591" SrcFileId="6" StartOffset="936"/>
</LocList>
<StmntSeq Intrnl_Id="307">
<LocList>
<Loc EndOffset="1127" SrcFileId="6" StartOffset="1081"/>
<Loc EndOffset="1185" SrcFileId="6" StartOffset="1145"/>
<Loc EndOffset="1239" SrcFileId="6" StartOffset="1190"/>
<Loc EndOffset="1287" SrcFileId="6" StartOffset="1244"/>
<Loc EndOffset="1308" SrcFileId="6" StartOffset="1292"/>
<Loc EndOffset="1536" SrcFileId="6" StartOffset="1135"/>
<Loc EndOffset="1582" SrcFileId="6" StartOffset="1544"/>
</LocList>
<BasicStmnt CovItemId="S3" CovItemPrefix="servlets.UploadServlet.java" Intrnl_Id="308">
<LocList>
<Loc EndOffset="1127" SrcFileId="6" StartOffset="1081"/>
</LocList>
</BasicStmnt>
<BasicStmnt CovItemId="S5" CovItemPrefix="servlets.UploadServlet.java" Intrnl_Id="309">
<LocList>
<Loc EndOffset="1185" SrcFileId="6" StartOffset="1145"/>
</LocList>
</BasicStmnt>
<BasicStmnt CovItemId="S6" CovItemPrefix="servlets.UploadServlet.java" Intrnl_Id="310">
<LocList>
<Loc EndOffset="1239" SrcFileId="6" StartOffset="1190"/>
</LocList>
</BasicStmnt>
<BasicStmnt CovItemId="S7" CovItemPrefix="servlets.UploadServlet.java" Intrnl_Id="311">
<LocList>
<Loc EndOffset="1287" SrcFileId="6" StartOffset="1244"/>
</LocList>
</BasicStmnt>
<BasicStmnt CovItemId="S8" CovItemPrefix="servlets.UploadServlet.java" Intrnl_Id="312">
<LocList>
<Loc EndOffset="1308" SrcFileId="6" StartOffset="1292"/>
</LocList>
</BasicStmnt>
<CondStmnt CovItemId="S4" CovItemPrefix="servlets.UploadServlet.java" Intrnl_Id="313">
<Branch CovItemId="B1" CovItemPrefix="servlets.UploadServlet.java" Implct="true" Intrnl_Id="314">
<Cond/>
<LocList/>
<StmntSeq Intrnl_Id="315">
<LocList/>
</StmntSeq>
</Branch>
<Branch CovItemId="B2" CovItemPrefix="servlets.UploadServlet.java" Implct="false" Intrnl_Id="316">
<Cond>
<Loc EndOffset="1350" SrcFileId="6" StartOffset="1314"/>
</Cond>
<LocList>
<Loc EndOffset="1536" SrcFileId="6" StartOffset="1351"/>
</LocList>
<StmntSeq Intrnl_Id="317">
<LocList>
<Loc EndOffset="1380" SrcFileId="6" StartOffset="1357"/>
<Loc EndOffset="1469" SrcFileId="6" StartOffset="1385"/>
<Loc EndOffset="1531" SrcFileId="6" StartOffset="1474"/>
</LocList>
<BasicStmnt CovItemId="S9" CovItemPrefix="servlets.UploadServlet.java" Intrnl_Id="318">
<LocList>
<Loc EndOffset="1380" SrcFileId="6" StartOffset="1357"/>
</LocList>
</BasicStmnt>
<BasicStmnt CovItemId="S10" CovItemPrefix="servlets.UploadServlet.java" Intrnl_Id="319">
<LocList>
<Loc EndOffset="1469" SrcFileId="6" StartOffset="1385"/>
</LocList>
</BasicStmnt>
<BasicStmnt CovItemId="S11" CovItemPrefix="servlets.UploadServlet.java" Intrnl_Id="320">
<LocList>
<Loc EndOffset="1531" SrcFileId="6" StartOffset="1474"/>
</LocList>
</BasicStmnt>
</StmntSeq>
</Branch>
<Keyword EndOffset="1138" SrcFileId="6" StartOffset="1135"/>
<LocList>
<Loc EndOffset="1536" SrcFileId="6" StartOffset="1135"/>
</LocList>
</CondStmnt>
<BasicStmnt CovItemId="S12" CovItemPrefix="servlets.UploadServlet.java" Intrnl_Id="321">
<LocList>
<Loc EndOffset="1582" SrcFileId="6" StartOffset="1544"/>
</LocList>
</BasicStmnt>
</StmntSeq>
</HierarchyLvl>
</HierarchyLvl>
<HierarchyLvl HierarchyLvlId="9837" HierarchyLvlTypeId="44" Intrnl_Id="322" Name="TestServlet">
<Header>
<Loc EndOffset="603" SrcFileId="7" StartOffset="524"/>
</Header>
<LocList>
<Loc EndOffset="1842" SrcFileId="7" StartOffset="524"/>
</LocList>
<StmntSeq Intrnl_Id="323">
<LocList>
<Loc EndOffset="656" SrcFileId="7" StartOffset="608"/>
</LocList>
<BasicStmnt CovItemId="S1" CovItemPrefix="servlets.TestServlet.java" Intrnl_Id="324">
<LocList>
<Loc EndOffset="656" SrcFileId="7" StartOffset="608"/>
</LocList>
</BasicStmnt>
</StmntSeq>
<HierarchyLvl HierarchyLvlId="9834" HierarchyLvlTypeId="45" Intrnl_Id="325" Name="TestServlet">
<Header>
<Loc EndOffset="748" SrcFileId="7" StartOffset="728"/>
</Header>
<LocList>
<Loc EndOffset="824" SrcFileId="7" StartOffset="728"/>
</LocList>
<StmntSeq Intrnl_Id="326">
<LocList>
<Loc EndOffset="768" SrcFileId="7" StartOffset="760"/>
</LocList>
<BasicStmnt CovItemId="S2" CovItemPrefix="servlets.TestServlet.java" Intrnl_Id="327">
<LocList>
<Loc EndOffset="768" SrcFileId="7" StartOffset="760"/>
</LocList>
</BasicStmnt>
</StmntSeq>
</HierarchyLvl>
<HierarchyLvl HierarchyLvlId="9835" HierarchyLvlTypeId="45" Intrnl_Id="328" Name="doGet">
<Header>
<Loc EndOffset="1042" SrcFileId="7" StartOffset="927"/>
</Header>
<LocList>
<Loc EndOffset="1086" SrcFileId="7" StartOffset="927"/>
</LocList>
</HierarchyLvl>
<HierarchyLvl HierarchyLvlId="9836" HierarchyLvlTypeId="45" Intrnl_Id="329" Name="doPost">
<Header>
<Loc EndOffset="1306" SrcFileId="7" StartOffset="1190"/>
</Header>
<LocList>
<Loc EndOffset="1837" SrcFileId="7" StartOffset="1190"/>
</LocList>
<StmntSeq Intrnl_Id="330">
<LocList>
<Loc EndOffset="1377" SrcFileId="7" StartOffset="1331"/>
<Loc EndOffset="1435" SrcFileId="7" StartOffset="1395"/>
<Loc EndOffset="1489" SrcFileId="7" StartOffset="1440"/>
<Loc EndOffset="1537" SrcFileId="7" StartOffset="1494"/>
<Loc EndOffset="1558" SrcFileId="7" StartOffset="1542"/>
<Loc EndOffset="1786" SrcFileId="7" StartOffset="1385"/>
<Loc EndOffset="1832" SrcFileId="7" StartOffset="1794"/>
</LocList>
<BasicStmnt CovItemId="S3" CovItemPrefix="servlets.TestServlet.java" Intrnl_Id="331">
<LocList>
<Loc EndOffset="1377" SrcFileId="7" StartOffset="1331"/>
</LocList>
</BasicStmnt>
<BasicStmnt CovItemId="S5" CovItemPrefix="servlets.TestServlet.java" Intrnl_Id="332">
<LocList>
<Loc EndOffset="1435" SrcFileId="7" StartOffset="1395"/>
</LocList>
</BasicStmnt>
<BasicStmnt CovItemId="S6" CovItemPrefix="servlets.TestServlet.java" Intrnl_Id="333">
<LocList>
<Loc EndOffset="1489" SrcFileId="7" StartOffset="1440"/>
</LocList>
</BasicStmnt>
<BasicStmnt CovItemId="S7" CovItemPrefix="servlets.TestServlet.java" Intrnl_Id="334">
<LocList>
<Loc EndOffset="1537" SrcFileId="7" StartOffset="1494"/>
</LocList>
</BasicStmnt>
<BasicStmnt CovItemId="S8" CovItemPrefix="servlets.TestServlet.java" Intrnl_Id="335">
<LocList>
<Loc EndOffset="1558" SrcFileId="7" StartOffset="1542"/>
</LocList>
</BasicStmnt>
<CondStmnt CovItemId="S4" CovItemPrefix="servlets.TestServlet.java" Intrnl_Id="336">
<Branch CovItemId="B1" CovItemPrefix="servlets.TestServlet.java" Implct="true" Intrnl_Id="337">
<Cond/>
<LocList/>
<StmntSeq Intrnl_Id="338">
<LocList/>
</StmntSeq>
</Branch>
<Branch CovItemId="B2" CovItemPrefix="servlets.TestServlet.java" Implct="false" Intrnl_Id="339">
<Cond>
<Loc EndOffset="1600" SrcFileId="7" StartOffset="1564"/>
</Cond>
<LocList>
<Loc EndOffset="1786" SrcFileId="7" StartOffset="1601"/>
</LocList>
<StmntSeq Intrnl_Id="340">
<LocList>
<Loc EndOffset="1630" SrcFileId="7" StartOffset="1607"/>
<Loc EndOffset="1719" SrcFileId="7" StartOffset="1635"/>
<Loc EndOffset="1781" SrcFileId="7" StartOffset="1724"/>
</LocList>
<BasicStmnt CovItemId="S9" CovItemPrefix="servlets.TestServlet.java" Intrnl_Id="341">
<LocList>
<Loc EndOffset="1630" SrcFileId="7" StartOffset="1607"/>
</LocList>
</BasicStmnt>
<BasicStmnt CovItemId="S10" CovItemPrefix="servlets.TestServlet.java" Intrnl_Id="342">
<LocList>
<Loc EndOffset="1719" SrcFileId="7" StartOffset="1635"/>
</LocList>
</BasicStmnt>
<BasicStmnt CovItemId="S11" CovItemPrefix="servlets.TestServlet.java" Intrnl_Id="343">
<LocList>
<Loc EndOffset="1781" SrcFileId="7" StartOffset="1724"/>
</LocList>
</BasicStmnt>
</StmntSeq>
</Branch>
<Keyword EndOffset="1388" SrcFileId="7" StartOffset="1385"/>
<LocList>
<Loc EndOffset="1786" SrcFileId="7" StartOffset="1385"/>
</LocList>
</CondStmnt>
<BasicStmnt CovItemId="S12" CovItemPrefix="servlets.TestServlet.java" Intrnl_Id="344">
<LocList>
<Loc EndOffset="1832" SrcFileId="7" StartOffset="1794"/>
</LocList>
</BasicStmnt>
</StmntSeq>
</HierarchyLvl>
</HierarchyLvl>
<HierarchyLvl HierarchyLvlId="9840" HierarchyLvlTypeId="44" Intrnl_Id="345" Name="RegisterServlet">
<Header>
<Loc EndOffset="948" SrcFileId="8" StartOffset="861"/>
</Header>
<LocList>
<Loc EndOffset="1926" SrcFileId="8" StartOffset="861"/>
</LocList>
<StmntSeq Intrnl_Id="346">
<LocList>
<Loc EndOffset="1001" SrcFileId="8" StartOffset="953"/>
</LocList>
<BasicStmnt CovItemId="S1" CovItemPrefix="servlets.RegisterServlet.java" Intrnl_Id="347">
<LocList>
<Loc EndOffset="1001" SrcFileId="8" StartOffset="953"/>
</LocList>
</BasicStmnt>
</StmntSeq>
<HierarchyLvl HierarchyLvlId="9838" HierarchyLvlTypeId="45" Intrnl_Id="348" Name="RegisterServlet">
<Header>
<Loc EndOffset="1097" SrcFileId="8" StartOffset="1073"/>
</Header>
<LocList>
<Loc EndOffset="1173" SrcFileId="8" StartOffset="1073"/>
</LocList>
<StmntSeq Intrnl_Id="349">
<LocList>
<Loc EndOffset="1117" SrcFileId="8" StartOffset="1109"/>
</LocList>
<BasicStmnt CovItemId="S2" CovItemPrefix="servlets.RegisterServlet.java" Intrnl_Id="350">
<LocList>
<Loc EndOffset="1117" SrcFileId="8" StartOffset="1109"/>
</LocList>
</BasicStmnt>
</StmntSeq>
</HierarchyLvl>
<HierarchyLvl HierarchyLvlId="9839" HierarchyLvlTypeId="45" Intrnl_Id="351" Name="doPost">
<Header>
<Loc EndOffset="1393" SrcFileId="8" StartOffset="1277"/>
</Header>
<LocList>
<Loc EndOffset="1921" SrcFileId="8" StartOffset="1277"/>
</LocList>
<StmntSeq Intrnl_Id="352">
<LocList>
<Loc EndOffset="1464" SrcFileId="8" StartOffset="1418"/>
<Loc EndOffset="1522" SrcFileId="8" StartOffset="1482"/>
<Loc EndOffset="1576" SrcFileId="8" StartOffset="1527"/>
<Loc EndOffset="1622" SrcFileId="8" StartOffset="1581"/>
<Loc EndOffset="1643" SrcFileId="8" StartOffset="1627"/>
<Loc EndOffset="1871" SrcFileId="8" StartOffset="1472"/>
<Loc EndOffset="1917" SrcFileId="8" StartOffset="1879"/>
</LocList>
<BasicStmnt CovItemId="S3" CovItemPrefix="servlets.RegisterServlet.java" Intrnl_Id="353">
<LocList>
<Loc EndOffset="1464" SrcFileId="8" StartOffset="1418"/>
</LocList>
</BasicStmnt>
<BasicStmnt CovItemId="S5" CovItemPrefix="servlets.RegisterServlet.java" Intrnl_Id="354">
<LocList>
<Loc EndOffset="1522" SrcFileId="8" StartOffset="1482"/>
</LocList>
</BasicStmnt>
<BasicStmnt CovItemId="S6" CovItemPrefix="servlets.RegisterServlet.java" Intrnl_Id="355">
<LocList>
<Loc EndOffset="1576" SrcFileId="8" StartOffset="1527"/>
</LocList>
</BasicStmnt>
<BasicStmnt CovItemId="S7" CovItemPrefix="servlets.RegisterServlet.java" Intrnl_Id="356">
<LocList>
<Loc EndOffset="1622" SrcFileId="8" StartOffset="1581"/>
</LocList>
</BasicStmnt>
<BasicStmnt CovItemId="S8" CovItemPrefix="servlets.RegisterServlet.java" Intrnl_Id="357">
<LocList>
<Loc EndOffset="1643" SrcFileId="8" StartOffset="1627"/>
</LocList>
</BasicStmnt>
<CondStmnt CovItemId="S4" CovItemPrefix="servlets.RegisterServlet.java" Intrnl_Id="358">
<Branch CovItemId="B1" CovItemPrefix="servlets.RegisterServlet.java" Implct="true" Intrnl_Id="359">
<Cond/>
<LocList/>
<StmntSeq Intrnl_Id="360">
<LocList/>
</StmntSeq>
</Branch>
<Branch CovItemId="B2" CovItemPrefix="servlets.RegisterServlet.java" Implct="false" Intrnl_Id="361">
<Cond>
<Loc EndOffset="1685" SrcFileId="8" StartOffset="1649"/>
</Cond>
<LocList>
<Loc EndOffset="1871" SrcFileId="8" StartOffset="1686"/>
</LocList>
<StmntSeq Intrnl_Id="362">
<LocList>
<Loc EndOffset="1715" SrcFileId="8" StartOffset="1692"/>
<Loc EndOffset="1804" SrcFileId="8" StartOffset="1720"/>
<Loc EndOffset="1866" SrcFileId="8" StartOffset="1809"/>
</LocList>
<BasicStmnt CovItemId="S9" CovItemPrefix="servlets.RegisterServlet.java" Intrnl_Id="363">
<LocList>
<Loc EndOffset="1715" SrcFileId="8" StartOffset="1692"/>
</LocList>
</BasicStmnt>
<BasicStmnt CovItemId="S10" CovItemPrefix="servlets.RegisterServlet.java" Intrnl_Id="364">
<LocList>
<Loc EndOffset="1804" SrcFileId="8" StartOffset="1720"/>
</LocList>
</BasicStmnt>
<BasicStmnt CovItemId="S11" CovItemPrefix="servlets.RegisterServlet.java" Intrnl_Id="365">
<LocList>
<Loc EndOffset="1866" SrcFileId="8" StartOffset="1809"/>
</LocList>
</BasicStmnt>
</StmntSeq>
</Branch>
<Keyword EndOffset="1475" SrcFileId="8" StartOffset="1472"/>
<LocList>
<Loc EndOffset="1871" SrcFileId="8" StartOffset="1472"/>
</LocList>
</CondStmnt>
<BasicStmnt CovItemId="S12" CovItemPrefix="servlets.RegisterServlet.java" Intrnl_Id="366">
<LocList>
<Loc EndOffset="1917" SrcFileId="8" StartOffset="1879"/>
</LocList>
</BasicStmnt>
</StmntSeq>
</HierarchyLvl>
</HierarchyLvl>
<HierarchyLvl HierarchyLvlId="9843" HierarchyLvlTypeId="44" Intrnl_Id="367" Name="RankingStatisticsServlet">
<Header>
<Loc EndOffset="697" SrcFileId="9" StartOffset="592"/>
</Header>
<LocList>
<Loc EndOffset="1687" SrcFileId="9" StartOffset="592"/>
</LocList>
<StmntSeq Intrnl_Id="368">
<LocList>
<Loc EndOffset="750" SrcFileId="9" StartOffset="702"/>
</LocList>
<BasicStmnt CovItemId="S1" CovItemPrefix="servlets.RankingStatisticsServlet.java" Intrnl_Id="369">
<LocList>
<Loc EndOffset="750" SrcFileId="9" StartOffset="702"/>
</LocList>
</BasicStmnt>
</StmntSeq>
<HierarchyLvl HierarchyLvlId="9841" HierarchyLvlTypeId="45" Intrnl_Id="370" Name="RankingStatisticsServlet">
<Header>
<Loc EndOffset="855" SrcFileId="9" StartOffset="822"/>
</Header>
<LocList>
<Loc EndOffset="931" SrcFileId="9" StartOffset="822"/>
</LocList>
<StmntSeq Intrnl_Id="371">
<LocList>
<Loc EndOffset="875" SrcFileId="9" StartOffset="867"/>
</LocList>
<BasicStmnt CovItemId="S2" CovItemPrefix="servlets.RankingStatisticsServlet.java" Intrnl_Id="372">
<LocList>
<Loc EndOffset="875" SrcFileId="9" StartOffset="867"/>
</LocList>
</BasicStmnt>
</StmntSeq>
</HierarchyLvl>
<HierarchyLvl HierarchyLvlId="9842" HierarchyLvlTypeId="45" Intrnl_Id="373" Name="doPost">
<Header>
<Loc EndOffset="1151" SrcFileId="9" StartOffset="1035"/>
</Header>
<LocList>
<Loc EndOffset="1682" SrcFileId="9" StartOffset="1035"/>
</LocList>
<StmntSeq Intrnl_Id="374">
<LocList>
<Loc EndOffset="1222" SrcFileId="9" StartOffset="1176"/>
<Loc EndOffset="1280" SrcFileId="9" StartOffset="1240"/>
<Loc EndOffset="1334" SrcFileId="9" StartOffset="1285"/>
<Loc EndOffset="1382" SrcFileId="9" StartOffset="1339"/>
<Loc EndOffset="1403" SrcFileId="9" StartOffset="1387"/>
<Loc EndOffset="1631" SrcFileId="9" StartOffset="1230"/>
<Loc EndOffset="1677" SrcFileId="9" StartOffset="1639"/>
</LocList>
<BasicStmnt CovItemId="S3" CovItemPrefix="servlets.RankingStatisticsServlet.java" Intrnl_Id="375">
<LocList>
<Loc EndOffset="1222" SrcFileId="9" StartOffset="1176"/>
</LocList>
</BasicStmnt>
<BasicStmnt CovItemId="S5" CovItemPrefix="servlets.RankingStatisticsServlet.java" Intrnl_Id="376">
<LocList>
<Loc EndOffset="1280" SrcFileId="9" StartOffset="1240"/>
</LocList>
</BasicStmnt>
<BasicStmnt CovItemId="S6" CovItemPrefix="servlets.RankingStatisticsServlet.java" Intrnl_Id="377">
<LocList>
<Loc EndOffset="1334" SrcFileId="9" StartOffset="1285"/>
</LocList>
</BasicStmnt>
<BasicStmnt CovItemId="S7" CovItemPrefix="servlets.RankingStatisticsServlet.java" Intrnl_Id="378">
<LocList>
<Loc EndOffset="1382" SrcFileId="9" StartOffset="1339"/>
</LocList>
</BasicStmnt>
<BasicStmnt CovItemId="S8" CovItemPrefix="servlets.RankingStatisticsServlet.java" Intrnl_Id="379">
<LocList>
<Loc EndOffset="1403" SrcFileId="9" StartOffset="1387"/>
</LocList>
</BasicStmnt>
<CondStmnt CovItemId="S4" CovItemPrefix="servlets.RankingStatisticsServlet.java" Intrnl_Id="380">
<Branch CovItemId="B1" CovItemPrefix="servlets.RankingStatisticsServlet.java" Implct="true" Intrnl_Id="381">
<Cond/>
<LocList/>
<StmntSeq Intrnl_Id="382">
<LocList/>
</StmntSeq>
</Branch>
<Branch CovItemId="B2" CovItemPrefix="servlets.RankingStatisticsServlet.java" Implct="false" Intrnl_Id="383">
<Cond>
<Loc EndOffset="1445" SrcFileId="9" StartOffset="1409"/>
</Cond>
<LocList>
<Loc EndOffset="1631" SrcFileId="9" StartOffset="1446"/>
</LocList>
<StmntSeq Intrnl_Id="384">
<LocList>
<Loc EndOffset="1475" SrcFileId="9" StartOffset="1452"/>
<Loc EndOffset="1564" SrcFileId="9" StartOffset="1480"/>
<Loc EndOffset="1626" SrcFileId="9" StartOffset="1569"/>
</LocList>
<BasicStmnt CovItemId="S9" CovItemPrefix="servlets.RankingStatisticsServlet.java" Intrnl_Id="385">
<LocList>
<Loc EndOffset="1475" SrcFileId="9" StartOffset="1452"/>
</LocList>
</BasicStmnt>
<BasicStmnt CovItemId="S10" CovItemPrefix="servlets.RankingStatisticsServlet.java" Intrnl_Id="386">
<LocList>
<Loc EndOffset="1564" SrcFileId="9" StartOffset="1480"/>
</LocList>
</BasicStmnt>
<BasicStmnt CovItemId="S11" CovItemPrefix="servlets.RankingStatisticsServlet.java" Intrnl_Id="387">
<LocList>
<Loc EndOffset="1626" SrcFileId="9" StartOffset="1569"/>
</LocList>
</BasicStmnt>
</StmntSeq>
</Branch>
<Keyword EndOffset="1233" SrcFileId="9" StartOffset="1230"/>
<LocList>
<Loc EndOffset="1631" SrcFileId="9" StartOffset="1230"/>
</LocList>
</CondStmnt>
<BasicStmnt CovItemId="S12" CovItemPrefix="servlets.RankingStatisticsServlet.java" Intrnl_Id="388">
<LocList>
<Loc EndOffset="1677" SrcFileId="9" StartOffset="1639"/>
</LocList>
</BasicStmnt>
</StmntSeq>
</HierarchyLvl>
</HierarchyLvl>
<HierarchyLvl HierarchyLvlId="9846" HierarchyLvlTypeId="44" Intrnl_Id="389" Name="PersonalStatisticsServlet">
<Header>
<Loc EndOffset="708" SrcFileId="10" StartOffset="601"/>
</Header>
<LocList>
<Loc EndOffset="1699" SrcFileId="10" StartOffset="601"/>
</LocList>
<StmntSeq Intrnl_Id="390">
<LocList>
<Loc EndOffset="761" SrcFileId="10" StartOffset="713"/>
</LocList>
<BasicStmnt CovItemId="S1" CovItemPrefix="servlets.PersonalStatisticsServlet.java" Intrnl_Id="391">
<LocList>
<Loc EndOffset="761" SrcFileId="10" StartOffset="713"/>
</LocList>
</BasicStmnt>
</StmntSeq>
<HierarchyLvl HierarchyLvlId="9844" HierarchyLvlTypeId="45" Intrnl_Id="392" Name="PersonalStatisticsServlet">
<Header>
<Loc EndOffset="867" SrcFileId="10" StartOffset="833"/>
</Header>
<LocList>
<Loc EndOffset="943" SrcFileId="10" StartOffset="833"/>
</LocList>
<StmntSeq Intrnl_Id="393">
<LocList>
<Loc EndOffset="887" SrcFileId="10" StartOffset="879"/>
</LocList>
<BasicStmnt CovItemId="S2" CovItemPrefix="servlets.PersonalStatisticsServlet.java" Intrnl_Id="394">
<LocList>
<Loc EndOffset="887" SrcFileId="10" StartOffset="879"/>
</LocList>
</BasicStmnt>
</StmntSeq>
</HierarchyLvl>
<HierarchyLvl HierarchyLvlId="9845" HierarchyLvlTypeId="45" Intrnl_Id="395" Name="doPost">
<Header>
<Loc EndOffset="1163" SrcFileId="10" StartOffset="1047"/>
</Header>
<LocList>
<Loc EndOffset="1694" SrcFileId="10" StartOffset="1047"/>
</LocList>
<StmntSeq Intrnl_Id="396">
<LocList>
<Loc EndOffset="1234" SrcFileId="10" StartOffset="1188"/>
<Loc EndOffset="1292" SrcFileId="10" StartOffset="1252"/>
<Loc EndOffset="1346" SrcFileId="10" StartOffset="1297"/>
<Loc EndOffset="1394" SrcFileId="10" StartOffset="1351"/>
<Loc EndOffset="1415" SrcFileId="10" StartOffset="1399"/>
<Loc EndOffset="1643" SrcFileId="10" StartOffset="1242"/>
<Loc EndOffset="1689" SrcFileId="10" StartOffset="1651"/>
</LocList>
<BasicStmnt CovItemId="S3" CovItemPrefix="servlets.PersonalStatisticsServlet.java" Intrnl_Id="397">
<LocList>
<Loc EndOffset="1234" SrcFileId="10" StartOffset="1188"/>
</LocList>
</BasicStmnt>
<BasicStmnt CovItemId="S5" CovItemPrefix="servlets.PersonalStatisticsServlet.java" Intrnl_Id="398">
<LocList>
<Loc EndOffset="1292" SrcFileId="10" StartOffset="1252"/>
</LocList>
</BasicStmnt>
<BasicStmnt CovItemId="S6" CovItemPrefix="servlets.PersonalStatisticsServlet.java" Intrnl_Id="399">
<LocList>
<Loc EndOffset="1346" SrcFileId="10" StartOffset="1297"/>
</LocList>
</BasicStmnt>
<BasicStmnt CovItemId="S7" CovItemPrefix="servlets.PersonalStatisticsServlet.java" Intrnl_Id="400">
<LocList>
<Loc EndOffset="1394" SrcFileId="10" StartOffset="1351"/>
</LocList>
</BasicStmnt>
<BasicStmnt CovItemId="S8" CovItemPrefix="servlets.PersonalStatisticsServlet.java" Intrnl_Id="401">
<LocList>
<Loc EndOffset="1415" SrcFileId="10" StartOffset="1399"/>
</LocList>
</BasicStmnt>
<CondStmnt CovItemId="S4" CovItemPrefix="servlets.PersonalStatisticsServlet.java" Intrnl_Id="402">
<Branch CovItemId="B1" CovItemPrefix="servlets.PersonalStatisticsServlet.java" Implct="true" Intrnl_Id="403">
<Cond/>
<LocList/>
<StmntSeq Intrnl_Id="404">
<LocList/>
</StmntSeq>
</Branch>
<Branch CovItemId="B2" CovItemPrefix="servlets.PersonalStatisticsServlet.java" Implct="false" Intrnl_Id="405">
<Cond>
<Loc EndOffset="1457" SrcFileId="10" StartOffset="1421"/>
</Cond>
<LocList>
<Loc EndOffset="1643" SrcFileId="10" StartOffset="1458"/>
</LocList>
<StmntSeq Intrnl_Id="406">
<LocList>
<Loc EndOffset="1487" SrcFileId="10" StartOffset="1464"/>
<Loc EndOffset="1576" SrcFileId="10" StartOffset="1492"/>
<Loc EndOffset="1638" SrcFileId="10" StartOffset="1581"/>
</LocList>
<BasicStmnt CovItemId="S9" CovItemPrefix="servlets.PersonalStatisticsServlet.java" Intrnl_Id="407">
<LocList>
<Loc EndOffset="1487" SrcFileId="10" StartOffset="1464"/>
</LocList>
</BasicStmnt>
<BasicStmnt CovItemId="S10" CovItemPrefix="servlets.PersonalStatisticsServlet.java" Intrnl_Id="408">
<LocList>
<Loc EndOffset="1576" SrcFileId="10" StartOffset="1492"/>
</LocList>
</BasicStmnt>
<BasicStmnt CovItemId="S11" CovItemPrefix="servlets.PersonalStatisticsServlet.java" Intrnl_Id="409">
<LocList>
<Loc EndOffset="1638" SrcFileId="10" StartOffset="1581"/>
</LocList>
</BasicStmnt>
</StmntSeq>
</Branch>
<Keyword EndOffset="1245" SrcFileId="10" StartOffset="1242"/>
<LocList>
<Loc EndOffset="1643" SrcFileId="10" StartOffset="1242"/>
</LocList>
</CondStmnt>
<BasicStmnt CovItemId="S12" CovItemPrefix="servlets.PersonalStatisticsServlet.java" Intrnl_Id="410">
<LocList>
<Loc EndOffset="1689" SrcFileId="10" StartOffset="1651"/>
</LocList>
</BasicStmnt>
</StmntSeq>
</HierarchyLvl>
</HierarchyLvl>
<HierarchyLvl HierarchyLvlId="9849" HierarchyLvlTypeId="44" Intrnl_Id="411" Name="LogoutServlet">
<Header>
<Loc EndOffset="821" SrcFileId="11" StartOffset="738"/>
</Header>
<LocList>
<Loc EndOffset="1802" SrcFileId="11" StartOffset="738"/>
</LocList>
<StmntSeq Intrnl_Id="412">
<LocList>
<Loc EndOffset="874" SrcFileId="11" StartOffset="826"/>
</LocList>
<BasicStmnt CovItemId="S1" CovItemPrefix="servlets.LogoutServlet.java" Intrnl_Id="413">
<LocList>
<Loc EndOffset="874" SrcFileId="11" StartOffset="826"/>
</LocList>
</BasicStmnt>
</StmntSeq>
<HierarchyLvl HierarchyLvlId="9847" HierarchyLvlTypeId="45" Intrnl_Id="414" Name="LogoutServlet">
<Header>
<Loc EndOffset="968" SrcFileId="11" StartOffset="946"/>
</Header>
<LocList>
<Loc EndOffset="1044" SrcFileId="11" StartOffset="946"/>
</LocList>
<StmntSeq Intrnl_Id="415">
<LocList>
<Loc EndOffset="988" SrcFileId="11" StartOffset="980"/>
</LocList>
<BasicStmnt CovItemId="S2" CovItemPrefix="servlets.LogoutServlet.java" Intrnl_Id="416">
<LocList>
<Loc EndOffset="988" SrcFileId="11" StartOffset="980"/>
</LocList>
</BasicStmnt>
</StmntSeq>
</HierarchyLvl>
<HierarchyLvl HierarchyLvlId="9848" HierarchyLvlTypeId="45" Intrnl_Id="417" Name="doPost">
<Header>
<Loc EndOffset="1264" SrcFileId="11" StartOffset="1148"/>
</Header>
<LocList>
<Loc EndOffset="1797" SrcFileId="11" StartOffset="1148"/>
</LocList>
<StmntSeq Intrnl_Id="418">
<LocList>
<Loc EndOffset="1337" SrcFileId="11" StartOffset="1291"/>
<Loc EndOffset="1395" SrcFileId="11" StartOffset="1355"/>
<Loc EndOffset="1449" SrcFileId="11" StartOffset="1400"/>
<Loc EndOffset="1497" SrcFileId="11" StartOffset="1454"/>
<Loc EndOffset="1518" SrcFileId="11" StartOffset="1502"/>
<Loc EndOffset="1746" SrcFileId="11" StartOffset="1345"/>
<Loc EndOffset="1792" SrcFileId="11" StartOffset="1754"/>
</LocList>
<BasicStmnt CovItemId="S3" CovItemPrefix="servlets.LogoutServlet.java" Intrnl_Id="419">
<LocList>
<Loc EndOffset="1337" SrcFileId="11" StartOffset="1291"/>
</LocList>
</BasicStmnt>
<BasicStmnt CovItemId="S5" CovItemPrefix="servlets.LogoutServlet.java" Intrnl_Id="420">
<LocList>
<Loc EndOffset="1395" SrcFileId="11" StartOffset="1355"/>
</LocList>
</BasicStmnt>
<BasicStmnt CovItemId="S6" CovItemPrefix="servlets.LogoutServlet.java" Intrnl_Id="421">
<LocList>
<Loc EndOffset="1449" SrcFileId="11" StartOffset="1400"/>
</LocList>
</BasicStmnt>
<BasicStmnt CovItemId="S7" CovItemPrefix="servlets.LogoutServlet.java" Intrnl_Id="422">
<LocList>
<Loc EndOffset="1497" SrcFileId="11" StartOffset="1454"/>
</LocList>
</BasicStmnt>
<BasicStmnt CovItemId="S8" CovItemPrefix="servlets.LogoutServlet.java" Intrnl_Id="423">
<LocList>
<Loc EndOffset="1518" SrcFileId="11" StartOffset="1502"/>
</LocList>
</BasicStmnt>
<CondStmnt CovItemId="S4" CovItemPrefix="servlets.LogoutServlet.java" Intrnl_Id="424">
<Branch CovItemId="B1" CovItemPrefix="servlets.LogoutServlet.java" Implct="true" Intrnl_Id="425">
<Cond/>
<LocList/>
<StmntSeq Intrnl_Id="426">
<LocList/>
</StmntSeq>
</Branch>
<Branch CovItemId="B2" CovItemPrefix="servlets.LogoutServlet.java" Implct="false" Intrnl_Id="427">
<Cond>
<Loc EndOffset="1560" SrcFileId="11" StartOffset="1524"/>
</Cond>
<LocList>
<Loc EndOffset="1746" SrcFileId="11" StartOffset="1561"/>
</LocList>
<StmntSeq Intrnl_Id="428">
<LocList>
<Loc EndOffset="1590" SrcFileId="11" StartOffset="1567"/>
<Loc EndOffset="1679" SrcFileId="11" StartOffset="1595"/>
<Loc EndOffset="1741" SrcFileId="11" StartOffset="1684"/>
</LocList>
<BasicStmnt CovItemId="S9" CovItemPrefix="servlets.LogoutServlet.java" Intrnl_Id="429">
<LocList>
<Loc EndOffset="1590" SrcFileId="11" StartOffset="1567"/>
</LocList>
</BasicStmnt>
<BasicStmnt CovItemId="S10" CovItemPrefix="servlets.LogoutServlet.java" Intrnl_Id="430">
<LocList>
<Loc EndOffset="1679" SrcFileId="11" StartOffset="1595"/>
</LocList>
</BasicStmnt>
<BasicStmnt CovItemId="S11" CovItemPrefix="servlets.LogoutServlet.java" Intrnl_Id="431">
<LocList>
<Loc EndOffset="1741" SrcFileId="11" StartOffset="1684"/>
</LocList>
</BasicStmnt>
</StmntSeq>
</Branch>
<Keyword EndOffset="1348" SrcFileId="11" StartOffset="1345"/>
<LocList>
<Loc EndOffset="1746" SrcFileId="11" StartOffset="1345"/>
</LocList>
</CondStmnt>
<BasicStmnt CovItemId="S12" CovItemPrefix="servlets.LogoutServlet.java" Intrnl_Id="432">
<LocList>
<Loc EndOffset="1792" SrcFileId="11" StartOffset="1754"/>
</LocList>
</BasicStmnt>
</StmntSeq>
</HierarchyLvl>
</HierarchyLvl>
<HierarchyLvl HierarchyLvlId="9853" HierarchyLvlTypeId="44" Intrnl_Id="433" Name="LoginServlet">
<Header>
<Loc EndOffset="1030" SrcFileId="12" StartOffset="961"/>
</Header>
<LocList>
<Loc EndOffset="2580" SrcFileId="12" StartOffset="961"/>
</LocList>
<StmntSeq Intrnl_Id="434">
<LocList>
<Loc EndOffset="1083" SrcFileId="12" StartOffset="1035"/>
</LocList>
<BasicStmnt CovItemId="S1" CovItemPrefix="servlets.LoginServlet.java" Intrnl_Id="435">
<LocList>
<Loc EndOffset="1083" SrcFileId="12" StartOffset="1035"/>
</LocList>
</BasicStmnt>
</StmntSeq>
<HierarchyLvl HierarchyLvlId="9850" HierarchyLvlTypeId="45" Intrnl_Id="436" Name="LoginServlet">
<Header>
<Loc EndOffset="1176" SrcFileId="12" StartOffset="1155"/>
</Header>
<LocList>
<Loc EndOffset="1252" SrcFileId="12" StartOffset="1155"/>
</LocList>
<StmntSeq Intrnl_Id="437">
<LocList>
<Loc EndOffset="1196" SrcFileId="12" StartOffset="1188"/>
</LocList>
<BasicStmnt CovItemId="S2" CovItemPrefix="servlets.LoginServlet.java" Intrnl_Id="438">
<LocList>
<Loc EndOffset="1196" SrcFileId="12" StartOffset="1188"/>
</LocList>
</BasicStmnt>
</StmntSeq>
</HierarchyLvl>
<HierarchyLvl HierarchyLvlId="9851" HierarchyLvlTypeId="45" Intrnl_Id="439" Name="doGet">
<Header>
<Loc EndOffset="1513" SrcFileId="12" StartOffset="1398"/>
</Header>
<LocList>
<Loc EndOffset="1824" SrcFileId="12" StartOffset="1398"/>
</LocList>
<StmntSeq Intrnl_Id="440">
<LocList>
<Loc EndOffset="1583" SrcFileId="12" StartOffset="1519"/>
<Loc EndOffset="1641" SrcFileId="12" StartOffset="1587"/>
<Loc EndOffset="1686" SrcFileId="12" StartOffset="1649"/>
<Loc EndOffset="1731" SrcFileId="12" StartOffset="1694"/>
<Loc EndOffset="1758" SrcFileId="12" StartOffset="1735"/>
<Loc EndOffset="1784" SrcFileId="12" StartOffset="1762"/>
<Loc EndOffset="1812" SrcFileId="12" StartOffset="1788"/>
</LocList>
<BasicStmnt CovItemId="S3" CovItemPrefix="servlets.LoginServlet.java" Intrnl_Id="441">
<LocList>
<Loc EndOffset="1583" SrcFileId="12" StartOffset="1519"/>
</LocList>
</BasicStmnt>
<BasicStmnt CovItemId="S4" CovItemPrefix="servlets.LoginServlet.java" Intrnl_Id="442">
<LocList>
<Loc EndOffset="1641" SrcFileId="12" StartOffset="1587"/>
</LocList>
</BasicStmnt>
<BasicStmnt CovItemId="S5" CovItemPrefix="servlets.LoginServlet.java" Intrnl_Id="443">
<LocList>
<Loc EndOffset="1686" SrcFileId="12" StartOffset="1649"/>
</LocList>
</BasicStmnt>
<BasicStmnt CovItemId="S6" CovItemPrefix="servlets.LoginServlet.java" Intrnl_Id="444">
<LocList>
<Loc EndOffset="1731" SrcFileId="12" StartOffset="1694"/>
</LocList>
</BasicStmnt>
<BasicStmnt CovItemId="S7" CovItemPrefix="servlets.LoginServlet.java" Intrnl_Id="445">
<LocList>
<Loc EndOffset="1758" SrcFileId="12" StartOffset="1735"/>
</LocList>
</BasicStmnt>
<BasicStmnt CovItemId="S8" CovItemPrefix="servlets.LoginServlet.java" Intrnl_Id="446">
<LocList>
<Loc EndOffset="1784" SrcFileId="12" StartOffset="1762"/>
</LocList>
</BasicStmnt>
<BasicStmnt CovItemId="S9" CovItemPrefix="servlets.LoginServlet.java" Intrnl_Id="447">
<LocList>
<Loc EndOffset="1812" SrcFileId="12" StartOffset="1788"/>
</LocList>
</BasicStmnt>
</StmntSeq>
</HierarchyLvl>
<HierarchyLvl HierarchyLvlId="9852" HierarchyLvlTypeId="45" Intrnl_Id="448" Name="doPost">
<Header>
<Loc EndOffset="2044" SrcFileId="12" StartOffset="1928"/>
</Header>
<LocList>
<Loc EndOffset="2575" SrcFileId="12" StartOffset="1928"/>
</LocList>
<StmntSeq Intrnl_Id="449">
<LocList>
<Loc EndOffset="2115" SrcFileId="12" StartOffset="2069"/>
<Loc EndOffset="2173" SrcFileId="12" StartOffset="2133"/>
<Loc EndOffset="2227" SrcFileId="12" StartOffset="2178"/>
<Loc EndOffset="2276" SrcFileId="12" StartOffset="2232"/>
<Loc EndOffset="2297" SrcFileId="12" StartOffset="2281"/>
<Loc EndOffset="2525" SrcFileId="12" StartOffset="2123"/>
<Loc EndOffset="2571" SrcFileId="12" StartOffset="2533"/>
</LocList>
<BasicStmnt CovItemId="S10" CovItemPrefix="servlets.LoginServlet.java" Intrnl_Id="450">
<LocList>
<Loc EndOffset="2115" SrcFileId="12" StartOffset="2069"/>
</LocList>
</BasicStmnt>
<BasicStmnt CovItemId="S12" CovItemPrefix="servlets.LoginServlet.java" Intrnl_Id="451">
<LocList>
<Loc EndOffset="2173" SrcFileId="12" StartOffset="2133"/>
</LocList>
</BasicStmnt>
<BasicStmnt CovItemId="S13" CovItemPrefix="servlets.LoginServlet.java" Intrnl_Id="452">
<LocList>
<Loc EndOffset="2227" SrcFileId="12" StartOffset="2178"/>
</LocList>
</BasicStmnt>
<BasicStmnt CovItemId="S14" CovItemPrefix="servlets.LoginServlet.java" Intrnl_Id="453">
<LocList>
<Loc EndOffset="2276" SrcFileId="12" StartOffset="2232"/>
</LocList>
</BasicStmnt>
<BasicStmnt CovItemId="S15" CovItemPrefix="servlets.LoginServlet.java" Intrnl_Id="454">
<LocList>
<Loc EndOffset="2297" SrcFileId="12" StartOffset="2281"/>
</LocList>
</BasicStmnt>
<CondStmnt CovItemId="S11" CovItemPrefix="servlets.LoginServlet.java" Intrnl_Id="455">
<Branch CovItemId="B1" CovItemPrefix="servlets.LoginServlet.java" Implct="true" Intrnl_Id="456">
<Cond/>
<LocList/>
<StmntSeq Intrnl_Id="457">
<LocList/>
</StmntSeq>
</Branch>
<Branch CovItemId="B2" CovItemPrefix="servlets.LoginServlet.java" Implct="false" Intrnl_Id="458">
<Cond>
<Loc EndOffset="2339" SrcFileId="12" StartOffset="2303"/>
</Cond>
<LocList>
<Loc EndOffset="2525" SrcFileId="12" StartOffset="2340"/>
</LocList>
<StmntSeq Intrnl_Id="459">
<LocList>
<Loc EndOffset="2369" SrcFileId="12" StartOffset="2346"/>
<Loc EndOffset="2458" SrcFileId="12" StartOffset="2374"/>
<Loc EndOffset="2520" SrcFileId="12" StartOffset="2463"/>
</LocList>
<BasicStmnt CovItemId="S16" CovItemPrefix="servlets.LoginServlet.java" Intrnl_Id="460">
<LocList>
<Loc EndOffset="2369" SrcFileId="12" StartOffset="2346"/>
</LocList>
</BasicStmnt>
<BasicStmnt CovItemId="S17" CovItemPrefix="servlets.LoginServlet.java" Intrnl_Id="461">
<LocList>
<Loc EndOffset="2458" SrcFileId="12" StartOffset="2374"/>
</LocList>
</BasicStmnt>
<BasicStmnt CovItemId="S18" CovItemPrefix="servlets.LoginServlet.java" Intrnl_Id="462">
<LocList>
<Loc EndOffset="2520" SrcFileId="12" StartOffset="2463"/>
</LocList>
</BasicStmnt>
</StmntSeq>
</Branch>
<Keyword EndOffset="2126" SrcFileId="12" StartOffset="2123"/>
<LocList>
<Loc EndOffset="2525" SrcFileId="12" StartOffset="2123"/>
</LocList>
</CondStmnt>
<BasicStmnt CovItemId="S19" CovItemPrefix="servlets.LoginServlet.java" Intrnl_Id="463">
<LocList>
<Loc EndOffset="2571" SrcFileId="12" StartOffset="2533"/>
</LocList>
</BasicStmnt>
</StmntSeq>
</HierarchyLvl>
</HierarchyLvl>
<HierarchyLvl HierarchyLvlId="9856" HierarchyLvlTypeId="44" Intrnl_Id="464" Name="CronServlet">
<Header>
<Loc EndOffset="439" SrcFileId="13" StartOffset="367"/>
</Header>
<LocList>
<Loc EndOffset="1378" SrcFileId="13" StartOffset="367"/>
</LocList>
<StmntSeq Intrnl_Id="465">
<LocList>
<Loc EndOffset="513" SrcFileId="13" StartOffset="446"/>
<Loc EndOffset="585" SrcFileId="13" StartOffset="553"/>
<Loc EndOffset="693" SrcFileId="13" StartOffset="645"/>
</LocList>
<BasicStmnt CovItemId="S1" CovItemPrefix="servlets.CronServlet.java" Intrnl_Id="466">
<LocList>
<Loc EndOffset="513" SrcFileId="13" StartOffset="446"/>
</LocList>
</BasicStmnt>
<BasicStmnt CovItemId="S2" CovItemPrefix="servlets.CronServlet.java" Intrnl_Id="467">
<LocList>
<Loc EndOffset="585" SrcFileId="13" StartOffset="553"/>
</LocList>
</BasicStmnt>
<BasicStmnt CovItemId="S3" CovItemPrefix="servlets.CronServlet.java" Intrnl_Id="468">
<LocList>
<Loc EndOffset="693" SrcFileId="13" StartOffset="645"/>
</LocList>
</BasicStmnt>
</StmntSeq>
<HierarchyLvl HierarchyLvlId="9854" HierarchyLvlTypeId="45" Intrnl_Id="469" Name="init">
<Header>
<Loc EndOffset="773" SrcFileId="13" StartOffset="699"/>
</Header>
<LocList>
<Loc EndOffset="952" SrcFileId="13" StartOffset="699"/>
</LocList>
<StmntSeq Intrnl_Id="470">
<LocList>
<Loc EndOffset="798" SrcFileId="13" StartOffset="779"/>
<Loc EndOffset="871" SrcFileId="13" StartOffset="802"/>
<Loc EndOffset="948" SrcFileId="13" StartOffset="875"/>
</LocList>
<BasicStmnt CovItemId="S4" CovItemPrefix="servlets.CronServlet.java" Intrnl_Id="471">
<LocList>
<Loc EndOffset="798" SrcFileId="13" StartOffset="779"/>
</LocList>
</BasicStmnt>
<BasicStmnt CovItemId="S5" CovItemPrefix="servlets.CronServlet.java" Intrnl_Id="472">
<LocList>
<Loc EndOffset="871" SrcFileId="13" StartOffset="802"/>
</LocList>
</BasicStmnt>
<BasicStmnt CovItemId="S6" CovItemPrefix="servlets.CronServlet.java" Intrnl_Id="473">
<LocList>
<Loc EndOffset="948" SrcFileId="13" StartOffset="875"/>
</LocList>
</BasicStmnt>
</StmntSeq>
</HierarchyLvl>
<HierarchyLvl HierarchyLvlId="9855" HierarchyLvlTypeId="45" Intrnl_Id="474" Name="getTonightAtMidnight">
<Header>
<Loc EndOffset="1080" SrcFileId="13" StartOffset="1045"/>
</Header>
<LocList>
<Loc EndOffset="1372" SrcFileId="13" StartOffset="1045"/>
</LocList>
<StmntSeq Intrnl_Id="475">
<LocList>
<Loc EndOffset="1132" SrcFileId="13" StartOffset="1088"/>
<Loc EndOffset="1176" SrcFileId="13" StartOffset="1137"/>
<Loc EndOffset="1222" SrcFileId="13" StartOffset="1184"/>
<Loc EndOffset="1259" SrcFileId="13" StartOffset="1226"/>
<Loc EndOffset="1296" SrcFileId="13" StartOffset="1263"/>
<Loc EndOffset="1338" SrcFileId="13" StartOffset="1300"/>
<Loc EndOffset="1368" SrcFileId="13" StartOffset="1342"/>
</LocList>
<BasicStmnt CovItemId="S7" CovItemPrefix="servlets.CronServlet.java" Intrnl_Id="476">
<LocList>
<Loc EndOffset="1132" SrcFileId="13" StartOffset="1088"/>
</LocList>
</BasicStmnt>
<BasicStmnt CovItemId="S8" CovItemPrefix="servlets.CronServlet.java" Intrnl_Id="477">
<LocList>
<Loc EndOffset="1176" SrcFileId="13" StartOffset="1137"/>
</LocList>
</BasicStmnt>
<BasicStmnt CovItemId="S9" CovItemPrefix="servlets.CronServlet.java" Intrnl_Id="478">
<LocList>
<Loc EndOffset="1222" SrcFileId="13" StartOffset="1184"/>
</LocList>
</BasicStmnt>
<BasicStmnt CovItemId="S10" CovItemPrefix="servlets.CronServlet.java" Intrnl_Id="479">
<LocList>
<Loc EndOffset="1259" SrcFileId="13" StartOffset="1226"/>
</LocList>
</BasicStmnt>
<BasicStmnt CovItemId="S11" CovItemPrefix="servlets.CronServlet.java" Intrnl_Id="480">
<LocList>
<Loc EndOffset="1296" SrcFileId="13" StartOffset="1263"/>
</LocList>
</BasicStmnt>
<BasicStmnt CovItemId="S12" CovItemPrefix="servlets.CronServlet.java" Intrnl_Id="481">
<LocList>
<Loc EndOffset="1338" SrcFileId="13" StartOffset="1300"/>
</LocList>
</BasicStmnt>
<BasicStmnt CovItemId="S13" CovItemPrefix="servlets.CronServlet.java" Intrnl_Id="482">
<LocList>
<Loc EndOffset="1368" SrcFileId="13" StartOffset="1342"/>
</LocList>
</BasicStmnt>
</StmntSeq>
</HierarchyLvl>
</HierarchyLvl>
<HierarchyLvl HierarchyLvlId="9860" HierarchyLvlTypeId="44" Intrnl_Id="483" Name="ConfigHttpServlet">
<Header>
<Loc EndOffset="554" SrcFileId="14" StartOffset="504"/>
</Header>
<LocList>
<Loc EndOffset="1821" SrcFileId="14" StartOffset="504"/>
</LocList>
<StmntSeq Intrnl_Id="484">
<LocList>
<Loc EndOffset="628" SrcFileId="14" StartOffset="561"/>
</LocList>
<BasicStmnt CovItemId="S1" CovItemPrefix="servlets.ConfigHttpServlet.java" Intrnl_Id="485">
<LocList>
<Loc EndOffset="628" SrcFileId="14" StartOffset="561"/>
</LocList>
</BasicStmnt>
</StmntSeq>
<HierarchyLvl HierarchyLvlId="9857" HierarchyLvlTypeId="45" Intrnl_Id="486" Name="init">
<Header>
<Loc EndOffset="767" SrcFileId="14" StartOffset="633"/>
</Header>
<LocList>
<Loc EndOffset="865" SrcFileId="14" StartOffset="633"/>
</LocList>
<StmntSeq Intrnl_Id="487">
<LocList>
<Loc EndOffset="793" SrcFileId="14" StartOffset="780"/>
<Loc EndOffset="857" SrcFileId="14" StartOffset="798"/>
</LocList>
<BasicStmnt CovItemId="S2" CovItemPrefix="servlets.ConfigHttpServlet.java" Intrnl_Id="488">
<LocList>
<Loc EndOffset="793" SrcFileId="14" StartOffset="780"/>
</LocList>
</BasicStmnt>
<BasicStmnt CovItemId="S3" CovItemPrefix="servlets.ConfigHttpServlet.java" Intrnl_Id="489">
<LocList>
<Loc EndOffset="857" SrcFileId="14" StartOffset="798"/>
</LocList>
</BasicStmnt>
</StmntSeq>
</HierarchyLvl>
<HierarchyLvl HierarchyLvlId="9858" HierarchyLvlTypeId="45" Intrnl_Id="490" Name="getPostData">
<Header>
<Loc EndOffset="1263" SrcFileId="14" StartOffset="1158"/>
</Header>
<LocList>
<Loc EndOffset="1596" SrcFileId="14" StartOffset="1158"/>
</LocList>
<StmntSeq Intrnl_Id="491">
<LocList>
<Loc EndOffset="1318" SrcFileId="14" StartOffset="1274"/>
<Loc EndOffset="1370" SrcFileId="14" StartOffset="1326"/>
<Loc EndOffset="1408" SrcFileId="14" StartOffset="1374"/>
<Loc EndOffset="1558" SrcFileId="14" StartOffset="1412"/>
<Loc EndOffset="1592" SrcFileId="14" StartOffset="1566"/>
</LocList>
<BasicStmnt CovItemId="S4" CovItemPrefix="servlets.ConfigHttpServlet.java" Intrnl_Id="492">
<LocList>
<Loc EndOffset="1318" SrcFileId="14" StartOffset="1274"/>
</LocList>
</BasicStmnt>
<BasicStmnt CovItemId="S5" CovItemPrefix="servlets.ConfigHttpServlet.java" Intrnl_Id="493">
<LocList>
<Loc EndOffset="1370" SrcFileId="14" StartOffset="1326"/>
</LocList>
</BasicStmnt>
<BasicStmnt CovItemId="S6" CovItemPrefix="servlets.ConfigHttpServlet.java" Intrnl_Id="494">
<LocList>
<Loc EndOffset="1408" SrcFileId="14" StartOffset="1374"/>
</LocList>
</BasicStmnt>
<LoopStmnt CovItemId="S7" CovItemPrefix="servlets.ConfigHttpServlet.java" Intrnl_Id="495" MltplExecId="L1-2" MltplExecPrefix="servlets.ConfigHttpServlet.java" NvrExecId="L1-0" NvrExecPrefix="servlets.ConfigHttpServlet.java" OnceExecutedId="L1-1" OnceExecutedPrefix="servlets.ConfigHttpServlet.java" OptBodyExec="true">
<StmntSeq Intrnl_Id="496">
<LocList>
<Loc EndOffset="1473" SrcFileId="14" StartOffset="1433"/>
<Loc EndOffset="1502" SrcFileId="14" StartOffset="1478"/>
<Loc EndOffset="1548" SrcFileId="14" StartOffset="1507"/>
</LocList>
<BasicStmnt CovItemId="S8" CovItemPrefix="servlets.ConfigHttpServlet.java" Intrnl_Id="497">
<LocList>
<Loc EndOffset="1473" SrcFileId="14" StartOffset="1433"/>
</LocList>
</BasicStmnt>
<CondStmnt CovItemId="S9" CovItemPrefix="servlets.ConfigHttpServlet.java" Intrnl_Id="498">
<Branch CovItemId="B1" CovItemPrefix="servlets.ConfigHttpServlet.java" Implct="false" Intrnl_Id="499">
<Cond/>
<LocList>
<Loc EndOffset="1502" SrcFileId="14" StartOffset="1496"/>
</LocList>
<StmntSeq Intrnl_Id="500">
<LocList>
<Loc EndOffset="1502" SrcFileId="14" StartOffset="1496"/>
</LocList>
<BasicStmnt CovItemId="S10" CovItemPrefix="servlets.ConfigHttpServlet.java" Intrnl_Id="501">
<LocList>
<Loc EndOffset="1502" SrcFileId="14" StartOffset="1496"/>
</LocList>
</BasicStmnt>
</StmntSeq>
</Branch>
<Branch CovItemId="B2" CovItemPrefix="servlets.ConfigHttpServlet.java" Implct="true" Intrnl_Id="502">
<Cond/>
<LocList/>
<StmntSeq Intrnl_Id="503">
<LocList/>
</StmntSeq>
</Branch>
<Keyword EndOffset="1480" SrcFileId="14" StartOffset="1478"/>
<LocList>
<Loc EndOffset="1502" SrcFileId="14" StartOffset="1478"/>
</LocList>
</CondStmnt>
<BasicStmnt CovItemId="S11" CovItemPrefix="servlets.ConfigHttpServlet.java" Intrnl_Id="504">
<LocList>
<Loc EndOffset="1548" SrcFileId="14" StartOffset="1507"/>
</LocList>
</BasicStmnt>
</StmntSeq>
<Keyword EndOffset="1417" SrcFileId="14" StartOffset="1412"/>
<LocList>
<Loc EndOffset="1558" SrcFileId="14" StartOffset="1412"/>
</LocList>
</LoopStmnt>
<BasicStmnt CovItemId="S12" CovItemPrefix="servlets.ConfigHttpServlet.java" Intrnl_Id="505">
<LocList>
<Loc EndOffset="1592" SrcFileId="14" StartOffset="1566"/>
</LocList>
</BasicStmnt>
</StmntSeq>
</HierarchyLvl>
<HierarchyLvl HierarchyLvlId="9859" HierarchyLvlTypeId="45" Intrnl_Id="506" Name="outputMessage">
<Header>
<Loc EndOffset="1695" SrcFileId="14" StartOffset="1602"/>
</Header>
<LocList>
<Loc EndOffset="1815" SrcFileId="14" StartOffset="1602"/>
</LocList>
<StmntSeq Intrnl_Id="507">
<LocList>
<Loc EndOffset="1744" SrcFileId="14" StartOffset="1707"/>
<Loc EndOffset="1785" SrcFileId="14" StartOffset="1748"/>
<Loc EndOffset="1811" SrcFileId="14" StartOffset="1789"/>
</LocList>
<BasicStmnt CovItemId="S13" CovItemPrefix="servlets.ConfigHttpServlet.java" Intrnl_Id="508">
<LocList>
<Loc EndOffset="1744" SrcFileId="14" StartOffset="1707"/>
</LocList>
</BasicStmnt>
<BasicStmnt CovItemId="S14" CovItemPrefix="servlets.ConfigHttpServlet.java" Intrnl_Id="509">
<LocList>
<Loc EndOffset="1785" SrcFileId="14" StartOffset="1748"/>
</LocList>
</BasicStmnt>
<BasicStmnt CovItemId="S15" CovItemPrefix="servlets.ConfigHttpServlet.java" Intrnl_Id="510">
<LocList>
<Loc EndOffset="1811" SrcFileId="14" StartOffset="1789"/>
</LocList>
</BasicStmnt>
</StmntSeq>
</HierarchyLvl>
</HierarchyLvl>
<HierarchyLvl HierarchyLvlId="9863" HierarchyLvlTypeId="44" Intrnl_Id="511" Name="CommunityStatisticsServlet">
<Header>
<Loc EndOffset="712" SrcFileId="15" StartOffset="603"/>
</Header>
<LocList>
<Loc EndOffset="1683" SrcFileId="15" StartOffset="603"/>
</LocList>
<StmntSeq Intrnl_Id="512">
<LocList>
<Loc EndOffset="765" SrcFileId="15" StartOffset="717"/>
</LocList>
<BasicStmnt CovItemId="S1" CovItemPrefix="servlets.CommunityStatisticsServlet.java" Intrnl_Id="513">
<LocList>
<Loc EndOffset="765" SrcFileId="15" StartOffset="717"/>
</LocList>
</BasicStmnt>
</StmntSeq>
<HierarchyLvl HierarchyLvlId="9861" HierarchyLvlTypeId="45" Intrnl_Id="514" Name="CommunityStatisticsServlet">
<Header>
<Loc EndOffset="872" SrcFileId="15" StartOffset="837"/>
</Header>
<LocList>
<Loc EndOffset="948" SrcFileId="15" StartOffset="837"/>
</LocList>
<StmntSeq Intrnl_Id="515">
<LocList>
<Loc EndOffset="892" SrcFileId="15" StartOffset="884"/>
</LocList>
<BasicStmnt CovItemId="S2" CovItemPrefix="servlets.CommunityStatisticsServlet.java" Intrnl_Id="516">
<LocList>
<Loc EndOffset="892" SrcFileId="15" StartOffset="884"/>
</LocList>
</BasicStmnt>
</StmntSeq>
</HierarchyLvl>
<HierarchyLvl HierarchyLvlId="9862" HierarchyLvlTypeId="45" Intrnl_Id="517" Name="doPost">
<Header>
<Loc EndOffset="1168" SrcFileId="15" StartOffset="1052"/>
</Header>
<LocList>
<Loc EndOffset="1678" SrcFileId="15" StartOffset="1052"/>
</LocList>
<StmntSeq Intrnl_Id="518">
<LocList>
<Loc EndOffset="1239" SrcFileId="15" StartOffset="1193"/>
<Loc EndOffset="1297" SrcFileId="15" StartOffset="1257"/>
<Loc EndOffset="1351" SrcFileId="15" StartOffset="1302"/>
<Loc EndOffset="1399" SrcFileId="15" StartOffset="1356"/>
<Loc EndOffset="1627" SrcFileId="15" StartOffset="1247"/>
<Loc EndOffset="1673" SrcFileId="15" StartOffset="1635"/>
</LocList>
<BasicStmnt CovItemId="S3" CovItemPrefix="servlets.CommunityStatisticsServlet.java" Intrnl_Id="519">
<LocList>
<Loc EndOffset="1239" SrcFileId="15" StartOffset="1193"/>
</LocList>
</BasicStmnt>
<BasicStmnt CovItemId="S5" CovItemPrefix="servlets.CommunityStatisticsServlet.java" Intrnl_Id="520">
<LocList>
<Loc EndOffset="1297" SrcFileId="15" StartOffset="1257"/>
</LocList>
</BasicStmnt>
<BasicStmnt CovItemId="S6" CovItemPrefix="servlets.CommunityStatisticsServlet.java" Intrnl_Id="521">
<LocList>
<Loc EndOffset="1351" SrcFileId="15" StartOffset="1302"/>
</LocList>
</BasicStmnt>
<BasicStmnt CovItemId="S7" CovItemPrefix="servlets.CommunityStatisticsServlet.java" Intrnl_Id="522">
<LocList>
<Loc EndOffset="1399" SrcFileId="15" StartOffset="1356"/>
</LocList>
</BasicStmnt>
<CondStmnt CovItemId="S4" CovItemPrefix="servlets.CommunityStatisticsServlet.java" Intrnl_Id="523">
<Branch CovItemId="B1" CovItemPrefix="servlets.CommunityStatisticsServlet.java" Implct="true" Intrnl_Id="524">
<Cond/>
<LocList/>
<StmntSeq Intrnl_Id="525">
<LocList/>
</StmntSeq>
</Branch>
<Branch CovItemId="B2" CovItemPrefix="servlets.CommunityStatisticsServlet.java" Implct="false" Intrnl_Id="526">
<Cond>
<Loc EndOffset="1441" SrcFileId="15" StartOffset="1405"/>
</Cond>
<LocList>
<Loc EndOffset="1627" SrcFileId="15" StartOffset="1442"/>
</LocList>
<StmntSeq Intrnl_Id="527">
<LocList>
<Loc EndOffset="1471" SrcFileId="15" StartOffset="1448"/>
<Loc EndOffset="1560" SrcFileId="15" StartOffset="1476"/>
<Loc EndOffset="1622" SrcFileId="15" StartOffset="1565"/>
</LocList>
<BasicStmnt CovItemId="S8" CovItemPrefix="servlets.CommunityStatisticsServlet.java" Intrnl_Id="528">
<LocList>
<Loc EndOffset="1471" SrcFileId="15" StartOffset="1448"/>
</LocList>
</BasicStmnt>
<BasicStmnt CovItemId="S9" CovItemPrefix="servlets.CommunityStatisticsServlet.java" Intrnl_Id="529">
<LocList>
<Loc EndOffset="1560" SrcFileId="15" StartOffset="1476"/>
</LocList>
</BasicStmnt>
<BasicStmnt CovItemId="S10" CovItemPrefix="servlets.CommunityStatisticsServlet.java" Intrnl_Id="530">
<LocList>
<Loc EndOffset="1622" SrcFileId="15" StartOffset="1565"/>
</LocList>
</BasicStmnt>
</StmntSeq>
</Branch>
<Keyword EndOffset="1250" SrcFileId="15" StartOffset="1247"/>
<LocList>
<Loc EndOffset="1627" SrcFileId="15" StartOffset="1247"/>
</LocList>
</CondStmnt>
<BasicStmnt CovItemId="S11" CovItemPrefix="servlets.CommunityStatisticsServlet.java" Intrnl_Id="531">
<LocList>
<Loc EndOffset="1673" SrcFileId="15" StartOffset="1635"/>
</LocList>
</BasicStmnt>
</StmntSeq>
</HierarchyLvl>
</HierarchyLvl>
</HierarchyLvl>
<HierarchyLvl HierarchyLvlId="10205" HierarchyLvlTypeId="43" Intrnl_Id="532" Name="services">
<Header/>
<LocList/>
<HierarchyLvl HierarchyLvlId="9869" HierarchyLvlTypeId="44" Intrnl_Id="533" Name="UploadDelegate">
<Header>
<Loc EndOffset="641" SrcFileId="16" StartOffset="590"/>
</Header>
<LocList>
<Loc EndOffset="4254" SrcFileId="16" StartOffset="590"/>
</LocList>
<HierarchyLvl HierarchyLvlId="9864" HierarchyLvlTypeId="45" Intrnl_Id="534" Name="UploadDelegate">
<Header>
<Loc EndOffset="825" SrcFileId="16" StartOffset="762"/>
</Header>
<LocList>
<Loc EndOffset="894" SrcFileId="16" StartOffset="762"/>
</LocList>
<StmntSeq Intrnl_Id="535">
<LocList>
<Loc EndOffset="856" SrcFileId="16" StartOffset="831"/>
<Loc EndOffset="890" SrcFileId="16" StartOffset="860"/>
</LocList>
<BasicStmnt CovItemId="S1" CovItemPrefix="services.UploadDelegate.java" Intrnl_Id="536">
<LocList>
<Loc EndOffset="856" SrcFileId="16" StartOffset="831"/>
</LocList>
</BasicStmnt>
<BasicStmnt CovItemId="S2" CovItemPrefix="services.UploadDelegate.java" Intrnl_Id="537">
<LocList>
<Loc EndOffset="890" SrcFileId="16" StartOffset="860"/>
</LocList>
</BasicStmnt>
</StmntSeq>
</HierarchyLvl>
<HierarchyLvl HierarchyLvlId="9865" HierarchyLvlTypeId="45" Intrnl_Id="538" Name="applyAuthProcess">
<Header>
<Loc EndOffset="1108" SrcFileId="16" StartOffset="994"/>
</Header>
<LocList>
<Loc EndOffset="1843" SrcFileId="16" StartOffset="994"/>
</LocList>
<StmntSeq Intrnl_Id="539">
<LocList>
<Loc EndOffset="1181" SrcFileId="16" StartOffset="1116"/>
<Loc EndOffset="1209" SrcFileId="16" StartOffset="1185"/>
<Loc EndOffset="1257" SrcFileId="16" StartOffset="1217"/>
<Loc EndOffset="1330" SrcFileId="16" StartOffset="1261"/>
<Loc EndOffset="1394" SrcFileId="16" StartOffset="1338"/>
<Loc EndOffset="1472" SrcFileId="16" StartOffset="1398"/>
<Loc EndOffset="1507" SrcFileId="16" StartOffset="1478"/>
<Loc EndOffset="1599" SrcFileId="16" StartOffset="1515"/>
<Loc EndOffset="1689" SrcFileId="16" StartOffset="1607"/>
<Loc EndOffset="1737" SrcFileId="16" StartOffset="1693"/>
<Loc EndOffset="1785" SrcFileId="16" StartOffset="1741"/>
<Loc EndOffset="1837" SrcFileId="16" StartOffset="1791"/>
</LocList>
<BasicStmnt CovItemId="S3" CovItemPrefix="services.UploadDelegate.java" Intrnl_Id="540">
<LocList>
<Loc EndOffset="1181" SrcFileId="16" StartOffset="1116"/>
</LocList>
</BasicStmnt>
<BasicStmnt CovItemId="S4" CovItemPrefix="services.UploadDelegate.java" Intrnl_Id="541">
<LocList>
<Loc EndOffset="1209" SrcFileId="16" StartOffset="1185"/>
</LocList>
</BasicStmnt>
<BasicStmnt CovItemId="S5" CovItemPrefix="services.UploadDelegate.java" Intrnl_Id="542">
<LocList>
<Loc EndOffset="1257" SrcFileId="16" StartOffset="1217"/>
</LocList>
</BasicStmnt>
<BasicStmnt CovItemId="S6" CovItemPrefix="services.UploadDelegate.java" Intrnl_Id="543">
<LocList>
<Loc EndOffset="1330" SrcFileId="16" StartOffset="1261"/>
</LocList>
</BasicStmnt>
<BasicStmnt CovItemId="S7" CovItemPrefix="services.UploadDelegate.java" Intrnl_Id="544">
<LocList>
<Loc EndOffset="1394" SrcFileId="16" StartOffset="1338"/>
</LocList>
</BasicStmnt>
<BasicStmnt CovItemId="S8" CovItemPrefix="services.UploadDelegate.java" Intrnl_Id="545">
<LocList>
<Loc EndOffset="1472" SrcFileId="16" StartOffset="1398"/>
</LocList>
</BasicStmnt>
<BasicStmnt CovItemId="S9" CovItemPrefix="services.UploadDelegate.java" Intrnl_Id="546">
<LocList>
<Loc EndOffset="1507" SrcFileId="16" StartOffset="1478"/>
</LocList>
</BasicStmnt>
<CondStmnt CovItemId="S10" CovItemPrefix="services.UploadDelegate.java" Intrnl_Id="547">
<Branch CovItemId="B1" CovItemPrefix="services.UploadDelegate.java" Implct="false" Intrnl_Id="548">
<Cond/>
<LocList>
<Loc EndOffset="1599" SrcFileId="16" StartOffset="1584"/>
</LocList>
<StmntSeq Intrnl_Id="549">
<LocList>
<Loc EndOffset="1599" SrcFileId="16" StartOffset="1584"/>
</LocList>
<BasicStmnt CovItemId="S11" CovItemPrefix="services.UploadDelegate.java" Intrnl_Id="550">
<LocList>
<Loc EndOffset="1599" SrcFileId="16" StartOffset="1584"/>
</LocList>
</BasicStmnt>
</StmntSeq>
</Branch>
<Branch CovItemId="B2" CovItemPrefix="services.UploadDelegate.java" Implct="true" Intrnl_Id="551">
<Cond/>
<LocList/>
<StmntSeq Intrnl_Id="552">
<LocList/>
</StmntSeq>
</Branch>
<Keyword EndOffset="1517" SrcFileId="16" StartOffset="1515"/>
<LocList>
<Loc EndOffset="1599" SrcFileId="16" StartOffset="1515"/>
</LocList>
</CondStmnt>
<BasicStmnt CovItemId="S12" CovItemPrefix="services.UploadDelegate.java" Intrnl_Id="553">
<LocList>
<Loc EndOffset="1689" SrcFileId="16" StartOffset="1607"/>
</LocList>
</BasicStmnt>
<BasicStmnt CovItemId="S13" CovItemPrefix="services.UploadDelegate.java" Intrnl_Id="554">
<LocList>
<Loc EndOffset="1737" SrcFileId="16" StartOffset="1693"/>
</LocList>
</BasicStmnt>
<BasicStmnt CovItemId="S14" CovItemPrefix="services.UploadDelegate.java" Intrnl_Id="555">
<LocList>
<Loc EndOffset="1785" SrcFileId="16" StartOffset="1741"/>
</LocList>
</BasicStmnt>
<BasicStmnt CovItemId="S15" CovItemPrefix="services.UploadDelegate.java" Intrnl_Id="556">
<LocList>
<Loc EndOffset="1837" SrcFileId="16" StartOffset="1791"/>
</LocList>
</BasicStmnt>
</StmntSeq>
</HierarchyLvl>
<HierarchyLvl HierarchyLvlId="9866" HierarchyLvlTypeId="45" Intrnl_Id="557" Name="uploadMiscData">
<Header>
<Loc EndOffset="2285" SrcFileId="16" StartOffset="2158"/>
</Header>
<LocList>
<Loc EndOffset="2724" SrcFileId="16" StartOffset="2158"/>
</LocList>
<StmntSeq Intrnl_Id="558">
<LocList>
<Loc EndOffset="2357" SrcFileId="16" StartOffset="2293"/>
<Loc EndOffset="2689" SrcFileId="16" StartOffset="2363"/>
<Loc EndOffset="2720" SrcFileId="16" StartOffset="2695"/>
</LocList>
<BasicStmnt CovItemId="S16" CovItemPrefix="services.UploadDelegate.java" Intrnl_Id="559">
<LocList>
<Loc EndOffset="2357" SrcFileId="16" StartOffset="2293"/>
</LocList>
</BasicStmnt>
<LoopStmnt CovItemId="S17" CovItemPrefix="services.UploadDelegate.java" Intrnl_Id="560" MltplExecId="L1-2" MltplExecPrefix="services.UploadDelegate.java" NvrExecId="L1-0" NvrExecPrefix="services.UploadDelegate.java" OnceExecutedId="L1-1" OnceExecutedPrefix="services.UploadDelegate.java" OptBodyExec="true">
<StmntSeq Intrnl_Id="561">
<LocList>
<Loc EndOffset="2483" SrcFileId="16" StartOffset="2435"/>
<Loc EndOffset="2532" SrcFileId="16" StartOffset="2488"/>
<Loc EndOffset="2593" SrcFileId="16" StartOffset="2549"/>
<Loc EndOffset="2631" SrcFileId="16" StartOffset="2599"/>
<Loc EndOffset="2682" SrcFileId="16" StartOffset="2539"/>
</LocList>
<BasicStmnt CovItemId="S18" CovItemPrefix="services.UploadDelegate.java" Intrnl_Id="562">
<LocList>
<Loc EndOffset="2483" SrcFileId="16" StartOffset="2435"/>
</LocList>
</BasicStmnt>
<BasicStmnt CovItemId="S19" CovItemPrefix="services.UploadDelegate.java" Intrnl_Id="563">
<LocList>
<Loc EndOffset="2532" SrcFileId="16" StartOffset="2488"/>
</LocList>
</BasicStmnt>
<BasicStmnt CovItemId="S21" CovItemPrefix="services.UploadDelegate.java" Intrnl_Id="564">
<LocList>
<Loc EndOffset="2593" SrcFileId="16" StartOffset="2549"/>
</LocList>
</BasicStmnt>
<BasicStmnt CovItemId="S22" CovItemPrefix="services.UploadDelegate.java" Intrnl_Id="565">
<LocList>
<Loc EndOffset="2631" SrcFileId="16" StartOffset="2599"/>
</LocList>
</BasicStmnt>
<CondStmnt CovItemId="S20" CovItemPrefix="services.UploadDelegate.java" Intrnl_Id="566">
<Branch CovItemId="B3" CovItemPrefix="services.UploadDelegate.java" Implct="true" Intrnl_Id="567">
<Cond/>
<LocList/>
<StmntSeq Intrnl_Id="568">
<LocList/>
</StmntSeq>
</Branch>
<Branch CovItemId="B4" CovItemPrefix="services.UploadDelegate.java" Implct="false" Intrnl_Id="569">
<Cond>
<Loc EndOffset="2678" SrcFileId="16" StartOffset="2643"/>
</Cond>
<LocList>
<Loc EndOffset="2682" SrcFileId="16" StartOffset="2679"/>
</LocList>
<StmntSeq Intrnl_Id="570">
<LocList/>
</StmntSeq>
</Branch>
<Keyword EndOffset="2542" SrcFileId="16" StartOffset="2539"/>
<LocList>
<Loc EndOffset="2682" SrcFileId="16" StartOffset="2539"/>
</LocList>
</CondStmnt>
</StmntSeq>
<Keyword EndOffset="2366" SrcFileId="16" StartOffset="2363"/>
<LocList>
<Loc EndOffset="2689" SrcFileId="16" StartOffset="2363"/>
</LocList>
</LoopStmnt>
<BasicStmnt CovItemId="S23" CovItemPrefix="services.UploadDelegate.java" Intrnl_Id="571">
<LocList>
<Loc EndOffset="2720" SrcFileId="16" StartOffset="2695"/>
</LocList>
</BasicStmnt>
</StmntSeq>
</HierarchyLvl>
<HierarchyLvl HierarchyLvlId="9867" HierarchyLvlTypeId="45" Intrnl_Id="572" Name="uploadGameData">
<Header>
<Loc EndOffset="3206" SrcFileId="16" StartOffset="3092"/>
</Header>
<LocList>
<Loc EndOffset="3719" SrcFileId="16" StartOffset="3092"/>
</LocList>
<StmntSeq Intrnl_Id="573">
<LocList>
<Loc EndOffset="3276" SrcFileId="16" StartOffset="3214"/>
<Loc EndOffset="3676" SrcFileId="16" StartOffset="3282"/>
<Loc EndOffset="3715" SrcFileId="16" StartOffset="3690"/>
</LocList>
<BasicStmnt CovItemId="S24" CovItemPrefix="services.UploadDelegate.java" Intrnl_Id="574">
<LocList>
<Loc EndOffset="3276" SrcFileId="16" StartOffset="3214"/>
</LocList>
</BasicStmnt>
<LoopStmnt CovItemId="S25" CovItemPrefix="services.UploadDelegate.java" Intrnl_Id="575" MltplExecId="L2-2" MltplExecPrefix="services.UploadDelegate.java" NvrExecId="L2-0" NvrExecPrefix="services.UploadDelegate.java" OnceExecutedId="L2-1" OnceExecutedPrefix="services.UploadDelegate.java" OptBodyExec="true">
<StmntSeq Intrnl_Id="576">
<LocList>
<Loc EndOffset="3382" SrcFileId="16" StartOffset="3350"/>
<Loc EndOffset="3435" SrcFileId="16" StartOffset="3399"/>
<Loc EndOffset="3481" SrcFileId="16" StartOffset="3441"/>
<Loc EndOffset="3552" SrcFileId="16" StartOffset="3493"/>
<Loc EndOffset="3620" SrcFileId="16" StartOffset="3558"/>
<Loc EndOffset="3671" SrcFileId="16" StartOffset="3389"/>
</LocList>
<BasicStmnt CovItemId="S26" CovItemPrefix="services.UploadDelegate.java" Intrnl_Id="577">
<LocList>
<Loc EndOffset="3382" SrcFileId="16" StartOffset="3350"/>
</LocList>
</BasicStmnt>
<BasicStmnt CovItemId="S28" CovItemPrefix="services.UploadDelegate.java" Intrnl_Id="578">
<LocList>
<Loc EndOffset="3435" SrcFileId="16" StartOffset="3399"/>
</LocList>
</BasicStmnt>
<BasicStmnt CovItemId="S29" CovItemPrefix="services.UploadDelegate.java" Intrnl_Id="579">
<LocList>
<Loc EndOffset="3481" SrcFileId="16" StartOffset="3441"/>
</LocList>
</BasicStmnt>
<BasicStmnt CovItemId="S30" CovItemPrefix="services.UploadDelegate.java" Intrnl_Id="580">
<LocList>
<Loc EndOffset="3552" SrcFileId="16" StartOffset="3493"/>
</LocList>
</BasicStmnt>
<BasicStmnt CovItemId="S31" CovItemPrefix="services.UploadDelegate.java" Intrnl_Id="581">
<LocList>
<Loc EndOffset="3620" SrcFileId="16" StartOffset="3558"/>
</LocList>
</BasicStmnt>
<CondStmnt CovItemId="S27" CovItemPrefix="services.UploadDelegate.java" Intrnl_Id="582">
<Branch CovItemId="B5" CovItemPrefix="services.UploadDelegate.java" Implct="true" Intrnl_Id="583">
<Cond/>
<LocList/>
<StmntSeq Intrnl_Id="584">
<LocList/>
</StmntSeq>
</Branch>
<Branch CovItemId="B6" CovItemPrefix="services.UploadDelegate.java" Implct="false" Intrnl_Id="585">
<Cond>
<Loc EndOffset="3667" SrcFileId="16" StartOffset="3632"/>
</Cond>
<LocList>
<Loc EndOffset="3671" SrcFileId="16" StartOffset="3668"/>
</LocList>
<StmntSeq Intrnl_Id="586">
<LocList/>
</StmntSeq>
</Branch>
<Keyword EndOffset="3392" SrcFileId="16" StartOffset="3389"/>
<LocList>
<Loc EndOffset="3671" SrcFileId="16" StartOffset="3389"/>
</LocList>
</CondStmnt>
</StmntSeq>
<Keyword EndOffset="3285" SrcFileId="16" StartOffset="3282"/>
<LocList>
<Loc EndOffset="3676" SrcFileId="16" StartOffset="3282"/>
</LocList>
</LoopStmnt>
<BasicStmnt CovItemId="S32" CovItemPrefix="services.UploadDelegate.java" Intrnl_Id="587">
<LocList>
<Loc EndOffset="3715" SrcFileId="16" StartOffset="3690"/>
</LocList>
</BasicStmnt>
</StmntSeq>
</HierarchyLvl>
<HierarchyLvl HierarchyLvlId="9868" HierarchyLvlTypeId="45" Intrnl_Id="588" Name="updateRankings">
<Header>
<Loc EndOffset="4090" SrcFileId="16" StartOffset="4012"/>
</Header>
<LocList>
<Loc EndOffset="4249" SrcFileId="16" StartOffset="4012"/>
</LocList>
<StmntSeq Intrnl_Id="589">
<LocList>
<Loc EndOffset="4128" SrcFileId="16" StartOffset="4099"/>
<Loc EndOffset="4213" SrcFileId="16" StartOffset="4133"/>
<Loc EndOffset="4241" SrcFileId="16" StartOffset="4218"/>
</LocList>
<BasicStmnt CovItemId="S33" CovItemPrefix="services.UploadDelegate.java" Intrnl_Id="590">
<LocList>
<Loc EndOffset="4128" SrcFileId="16" StartOffset="4099"/>
</LocList>
</BasicStmnt>
<BasicStmnt CovItemId="S34" CovItemPrefix="services.UploadDelegate.java" Intrnl_Id="591">
<LocList>
<Loc EndOffset="4213" SrcFileId="16" StartOffset="4133"/>
</LocList>
</BasicStmnt>
<BasicStmnt CovItemId="S35" CovItemPrefix="services.UploadDelegate.java" Intrnl_Id="592">
<LocList>
<Loc EndOffset="4241" SrcFileId="16" StartOffset="4218"/>
</LocList>
</BasicStmnt>
</StmntSeq>
</HierarchyLvl>
</HierarchyLvl>
<HierarchyLvl HierarchyLvlId="9872" HierarchyLvlTypeId="44" Intrnl_Id="593" Name="TestDelegate">
<Header>
<Loc EndOffset="367" SrcFileId="17" StartOffset="318"/>
</Header>
<LocList>
<Loc EndOffset="704" SrcFileId="17" StartOffset="318"/>
</LocList>
<HierarchyLvl HierarchyLvlId="9870" HierarchyLvlTypeId="45" Intrnl_Id="594" Name="TestDelegate">
<Header>
<Loc EndOffset="512" SrcFileId="17" StartOffset="451"/>
</Header>
<LocList>
<Loc EndOffset="547" SrcFileId="17" StartOffset="451"/>
</LocList>
<StmntSeq Intrnl_Id="595">
<LocList>
<Loc EndOffset="543" SrcFileId="17" StartOffset="518"/>
</LocList>
<BasicStmnt CovItemId="S1" CovItemPrefix="services.TestDelegate.java" Intrnl_Id="596">
<LocList>
<Loc EndOffset="543" SrcFileId="17" StartOffset="518"/>
</LocList>
</BasicStmnt>
</StmntSeq>
</HierarchyLvl>
<HierarchyLvl HierarchyLvlId="9871" HierarchyLvlTypeId="45" Intrnl_Id="597" Name="applyAuthProcess">
<Header>
<Loc EndOffset="670" SrcFileId="17" StartOffset="552"/>
</Header>
<LocList>
<Loc EndOffset="695" SrcFileId="17" StartOffset="552"/>
</LocList>
<StmntSeq Intrnl_Id="598">
<LocList>
<Loc EndOffset="691" SrcFileId="17" StartOffset="680"/>
</LocList>
<BasicStmnt CovItemId="S2" CovItemPrefix="services.TestDelegate.java" Intrnl_Id="599">
<LocList>
<Loc EndOffset="691" SrcFileId="17" StartOffset="680"/>
</LocList>
</BasicStmnt>
</StmntSeq>
</HierarchyLvl>
</HierarchyLvl>
<HierarchyLvl HierarchyLvlId="9879" HierarchyLvlTypeId="44" Intrnl_Id="600" Name="ServiceFactory">
<Header>
<Loc EndOffset="841" SrcFileId="18" StartOffset="814"/>
</Header>
<LocList>
<Loc EndOffset="1051" SrcFileId="18" StartOffset="814"/>
<Loc EndOffset="4810" SrcFileId="18" StartOffset="1161"/>
</LocList>
<HierarchyLvl HierarchyLvlId="9873" HierarchyLvlTypeId="45" Intrnl_Id="601" Name="ServiceFactory">
<Header>
<Loc EndOffset="908" SrcFileId="18" StartOffset="885"/>
</Header>
<LocList>
<Loc EndOffset="912" SrcFileId="18" StartOffset="885"/>
</LocList>
</HierarchyLvl>
<HierarchyLvl HierarchyLvlId="9874" HierarchyLvlTypeId="42" Intrnl_Id="602" Name="ServletType">
<Header>
<Loc EndOffset="1074" SrcFileId="18" StartOffset="1051"/>
</Header>
<LocList>
<Loc EndOffset="1161" SrcFileId="18" StartOffset="1051"/>
</LocList>
</HierarchyLvl>
<HierarchyLvl HierarchyLvlId="9875" HierarchyLvlTypeId="45" Intrnl_Id="603" Name="getService">
<Header>
<Loc EndOffset="1496" SrcFileId="18" StartOffset="1404"/>
</Header>
<LocList>
<Loc EndOffset="1812" SrcFileId="18" StartOffset="1404"/>
</LocList>
<StmntSeq Intrnl_Id="604">
<LocList>
<Loc EndOffset="1554" SrcFileId="18" StartOffset="1504"/>
<Loc EndOffset="1596" SrcFileId="18" StartOffset="1558"/>
<Loc EndOffset="1656" SrcFileId="18" StartOffset="1600"/>
<Loc EndOffset="1746" SrcFileId="18" StartOffset="1664"/>
<Loc EndOffset="1808" SrcFileId="18" StartOffset="1754"/>
</LocList>
<BasicStmnt CovItemId="S1" CovItemPrefix="services.ServiceFactory.java" Intrnl_Id="605">
<LocList>
<Loc EndOffset="1554" SrcFileId="18" StartOffset="1504"/>
</LocList>
</BasicStmnt>
<BasicStmnt CovItemId="S2" CovItemPrefix="services.ServiceFactory.java" Intrnl_Id="606">
<LocList>
<Loc EndOffset="1596" SrcFileId="18" StartOffset="1558"/>
</LocList>
</BasicStmnt>
<BasicStmnt CovItemId="S3" CovItemPrefix="services.ServiceFactory.java" Intrnl_Id="607">
<LocList>
<Loc EndOffset="1656" SrcFileId="18" StartOffset="1600"/>
</LocList>
</BasicStmnt>
<BasicStmnt CovItemId="S4" CovItemPrefix="services.ServiceFactory.java" Intrnl_Id="608">
<LocList>
<Loc EndOffset="1746" SrcFileId="18" StartOffset="1664"/>
</LocList>
</BasicStmnt>
<BasicStmnt CovItemId="S5" CovItemPrefix="services.ServiceFactory.java" Intrnl_Id="609">
<LocList>
<Loc EndOffset="1808" SrcFileId="18" StartOffset="1754"/>
</LocList>
</BasicStmnt>
</StmntSeq>
</HierarchyLvl>
<HierarchyLvl HierarchyLvlId="9876" HierarchyLvlTypeId="45" Intrnl_Id="610" Name="generateServiceDelegate">
<Header>
<Loc EndOffset="2258" SrcFileId="18" StartOffset="2144"/>
</Header>
<LocList>
<Loc EndOffset="2933" SrcFileId="18" StartOffset="2144"/>
</LocList>
<StmntSeq Intrnl_Id="611">
<LocList>
<Loc EndOffset="2929" SrcFileId="18" StartOffset="2268"/>
</LocList>
<CondStmnt CovItemId="S6" CovItemPrefix="services.ServiceFactory.java" Intrnl_Id="612">
<Branch CovItemId="B1" CovItemPrefix="services.ServiceFactory.java" Implct="false" Intrnl_Id="613">
<Cond>
<Loc EndOffset="2307" SrcFileId="18" StartOffset="2297"/>
</Cond>
<LocList>
<Loc EndOffset="2357" SrcFileId="18" StartOffset="2313"/>
</LocList>
<StmntSeq Intrnl_Id="614">
<LocList>
<Loc EndOffset="2357" SrcFileId="18" StartOffset="2313"/>
</LocList>
<BasicStmnt CovItemId="S7" CovItemPrefix="services.ServiceFactory.java" Intrnl_Id="615">
<LocList>
<Loc EndOffset="2357" SrcFileId="18" StartOffset="2313"/>
</LocList>
</BasicStmnt>
</StmntSeq>
</Branch>
<Branch CovItemId="B2" CovItemPrefix="services.ServiceFactory.java" Implct="false" Intrnl_Id="616">
<Cond>
<Loc EndOffset="2372" SrcFileId="18" StartOffset="2361"/>
</Cond>
<LocList>
<Loc EndOffset="2423" SrcFileId="18" StartOffset="2378"/>
</LocList>
<StmntSeq Intrnl_Id="617">
<LocList>
<Loc EndOffset="2423" SrcFileId="18" StartOffset="2378"/>
</LocList>
<BasicStmnt CovItemId="S8" CovItemPrefix="services.ServiceFactory.java" Intrnl_Id="618">
<LocList>
<Loc EndOffset="2423" SrcFileId="18" StartOffset="2378"/>
</LocList>
</BasicStmnt>
</StmntSeq>
</Branch>
<Branch CovItemId="B3" CovItemPrefix="services.ServiceFactory.java" Implct="false" Intrnl_Id="619">
<Cond>
<Loc EndOffset="2440" SrcFileId="18" StartOffset="2427"/>
</Cond>
<LocList>
<Loc EndOffset="2493" SrcFileId="18" StartOffset="2446"/>
</LocList>
<StmntSeq Intrnl_Id="620">
<LocList>
<Loc EndOffset="2493" SrcFileId="18" StartOffset="2446"/>
</LocList>
<BasicStmnt CovItemId="S9" CovItemPrefix="services.ServiceFactory.java" Intrnl_Id="621">
<LocList>
<Loc EndOffset="2493" SrcFileId="18" StartOffset="2446"/>
</LocList>
</BasicStmnt>
</StmntSeq>
</Branch>
<Branch CovItemId="B4" CovItemPrefix="services.ServiceFactory.java" Implct="false" Intrnl_Id="622">
<Cond>
<Loc EndOffset="2508" SrcFileId="18" StartOffset="2497"/>
</Cond>
<LocList>
<Loc EndOffset="2559" SrcFileId="18" StartOffset="2514"/>
</LocList>
<StmntSeq Intrnl_Id="623">
<LocList>
<Loc EndOffset="2559" SrcFileId="18" StartOffset="2514"/>
</LocList>
<BasicStmnt CovItemId="S10" CovItemPrefix="services.ServiceFactory.java" Intrnl_Id="624">
<LocList>
<Loc EndOffset="2559" SrcFileId="18" StartOffset="2514"/>
</LocList>
</BasicStmnt>
</StmntSeq>
</Branch>
<Branch CovItemId="B5" CovItemPrefix="services.ServiceFactory.java" Implct="false" Intrnl_Id="625">
<Cond>
<Loc EndOffset="2576" SrcFileId="18" StartOffset="2563"/>
</Cond>
<LocList>
<Loc EndOffset="2639" SrcFileId="18" StartOffset="2582"/>
</LocList>
<StmntSeq Intrnl_Id="626">
<LocList>
<Loc EndOffset="2639" SrcFileId="18" StartOffset="2582"/>
</LocList>
<BasicStmnt CovItemId="S11" CovItemPrefix="services.ServiceFactory.java" Intrnl_Id="627">
<LocList>
<Loc EndOffset="2639" SrcFileId="18" StartOffset="2582"/>
</LocList>
</BasicStmnt>
</StmntSeq>
</Branch>
<Branch CovItemId="B6" CovItemPrefix="services.ServiceFactory.java" Implct="false" Intrnl_Id="628">
<Cond>
<Loc EndOffset="2655" SrcFileId="18" StartOffset="2643"/>
</Cond>
<LocList>
<Loc EndOffset="2717" SrcFileId="18" StartOffset="2661"/>
</LocList>
<StmntSeq Intrnl_Id="629">
<LocList>
<Loc EndOffset="2717" SrcFileId="18" StartOffset="2661"/>
</LocList>
<BasicStmnt CovItemId="S12" CovItemPrefix="services.ServiceFactory.java" Intrnl_Id="630">
<LocList>
<Loc EndOffset="2717" SrcFileId="18" StartOffset="2661"/>
</LocList>
</BasicStmnt>
</StmntSeq>
</Branch>
<Branch CovItemId="B7" CovItemPrefix="services.ServiceFactory.java" Implct="false" Intrnl_Id="631">
<Cond>
<Loc EndOffset="2735" SrcFileId="18" StartOffset="2721"/>
</Cond>
<LocList>
<Loc EndOffset="2799" SrcFileId="18" StartOffset="2741"/>
</LocList>
<StmntSeq Intrnl_Id="632">
<LocList>
<Loc EndOffset="2799" SrcFileId="18" StartOffset="2741"/>
</LocList>
<BasicStmnt CovItemId="S13" CovItemPrefix="services.ServiceFactory.java" Intrnl_Id="633">
<LocList>
<Loc EndOffset="2799" SrcFileId="18" StartOffset="2741"/>
</LocList>
</BasicStmnt>
</StmntSeq>
</Branch>
<Branch CovItemId="B8" CovItemPrefix="services.ServiceFactory.java" Implct="false" Intrnl_Id="634">
<Cond>
<Loc EndOffset="2812" SrcFileId="18" StartOffset="2803"/>
</Cond>
<LocList>
<Loc EndOffset="2861" SrcFileId="18" StartOffset="2818"/>
</LocList>
<StmntSeq Intrnl_Id="635">
<LocList>
<Loc EndOffset="2861" SrcFileId="18" StartOffset="2818"/>
</LocList>
<BasicStmnt CovItemId="S14" CovItemPrefix="services.ServiceFactory.java" Intrnl_Id="636">
<LocList>
<Loc EndOffset="2861" SrcFileId="18" StartOffset="2818"/>
</LocList>
</BasicStmnt>
</StmntSeq>
</Branch>
<Branch CovItemId="B9" CovItemPrefix="services.ServiceFactory.java" Implct="false" Intrnl_Id="637">
<Cond>
<Loc EndOffset="2872" SrcFileId="18" StartOffset="2865"/>
</Cond>
<LocList>
<Loc EndOffset="2924" SrcFileId="18" StartOffset="2878"/>
</LocList>
<StmntSeq Intrnl_Id="638">
<LocList>
<Loc EndOffset="2924" SrcFileId="18" StartOffset="2878"/>
</LocList>
<BasicStmnt CovItemId="S15" CovItemPrefix="services.ServiceFactory.java" Intrnl_Id="639">
<LocList>
<Loc EndOffset="2924" SrcFileId="18" StartOffset="2878"/>
</LocList>
</BasicStmnt>
</StmntSeq>
</Branch>
<Keyword EndOffset="2274" SrcFileId="18" StartOffset="2268"/>
<LocList>
<Loc EndOffset="2929" SrcFileId="18" StartOffset="2268"/>
</LocList>
</CondStmnt>
</StmntSeq>
</HierarchyLvl>
<HierarchyLvl HierarchyLvlId="9877" HierarchyLvlTypeId="45" Intrnl_Id="640" Name="generateGSON">
<Header>
<Loc EndOffset="3273" SrcFileId="18" StartOffset="3223"/>
</Header>
<LocList>
<Loc EndOffset="3954" SrcFileId="18" StartOffset="3223"/>
</LocList>
<StmntSeq Intrnl_Id="641">
<LocList>
<Loc EndOffset="3325" SrcFileId="18" StartOffset="3281"/>
<Loc EndOffset="3914" SrcFileId="18" StartOffset="3333"/>
<Loc EndOffset="3950" SrcFileId="18" StartOffset="3922"/>
</LocList>
<BasicStmnt CovItemId="S16" CovItemPrefix="services.ServiceFactory.java" Intrnl_Id="642">
<LocList>
<Loc EndOffset="3325" SrcFileId="18" StartOffset="3281"/>
</LocList>
</BasicStmnt>
<CondStmnt CovItemId="S17" CovItemPrefix="services.ServiceFactory.java" Intrnl_Id="643">
<Branch CovItemId="B10" CovItemPrefix="services.ServiceFactory.java" Implct="false" Intrnl_Id="644">
<Cond>
<Loc EndOffset="3372" SrcFileId="18" StartOffset="3362"/>
</Cond>
<LocList/>
<StmntSeq Intrnl_Id="645">
<LocList/>
</StmntSeq>
</Branch>
<Branch CovItemId="B11" CovItemPrefix="services.ServiceFactory.java" Implct="false" Intrnl_Id="646">
<Cond>
<Loc EndOffset="3388" SrcFileId="18" StartOffset="3377"/>
</Cond>
<LocList/>
<StmntSeq Intrnl_Id="647">
<LocList/>
</StmntSeq>
</Branch>
<Branch CovItemId="B12" CovItemPrefix="services.ServiceFactory.java" Implct="false" Intrnl_Id="648">
<Cond>
<Loc EndOffset="3406" SrcFileId="18" StartOffset="3393"/>
</Cond>
<LocList>
<Loc EndOffset="3518" SrcFileId="18" StartOffset="3412"/>
</LocList>
<StmntSeq Intrnl_Id="649">
<LocList>
<Loc EndOffset="3507" SrcFileId="18" StartOffset="3412"/>
<Loc EndOffset="3518" SrcFileId="18" StartOffset="3512"/>
</LocList>
<BasicStmnt CovItemId="S18" CovItemPrefix="services.ServiceFactory.java" Intrnl_Id="650">
<LocList>
<Loc EndOffset="3507" SrcFileId="18" StartOffset="3412"/>
</LocList>
</BasicStmnt>
<BasicStmnt CovItemId="S19" CovItemPrefix="services.ServiceFactory.java" Intrnl_Id="651">
<LocList>
<Loc EndOffset="3518" SrcFileId="18" StartOffset="3512"/>
</LocList>
</BasicStmnt>
</StmntSeq>
</Branch>
<Branch CovItemId="B13" CovItemPrefix="services.ServiceFactory.java" Implct="false" Intrnl_Id="652">
<Cond>
<Loc EndOffset="3540" SrcFileId="18" StartOffset="3526"/>
</Cond>
<LocList/>
<StmntSeq Intrnl_Id="653">
<LocList/>
</StmntSeq>
</Branch>
<Branch CovItemId="B14" CovItemPrefix="services.ServiceFactory.java" Implct="false" Intrnl_Id="654">
<Cond>
<Loc EndOffset="3557" SrcFileId="18" StartOffset="3545"/>
</Cond>
<LocList/>
<StmntSeq Intrnl_Id="655">
<LocList/>
</StmntSeq>
</Branch>
<Branch CovItemId="B15" CovItemPrefix="services.ServiceFactory.java" Implct="false" Intrnl_Id="656">
<Cond>
<Loc EndOffset="3575" SrcFileId="18" StartOffset="3562"/>
</Cond>
<LocList/>
<StmntSeq Intrnl_Id="657">
<LocList/>
</StmntSeq>
</Branch>
<Branch CovItemId="B16" CovItemPrefix="services.ServiceFactory.java" Implct="false" Intrnl_Id="658">
<Cond>
<Loc EndOffset="3591" SrcFileId="18" StartOffset="3580"/>
</Cond>
<LocList/>
<StmntSeq Intrnl_Id="659">
<LocList/>
</StmntSeq>
</Branch>
<Branch CovItemId="B17" CovItemPrefix="services.ServiceFactory.java" Implct="false" Intrnl_Id="660">
<Cond>
<Loc EndOffset="3605" SrcFileId="18" StartOffset="3596"/>
</Cond>
<LocList>
<Loc EndOffset="3886" SrcFileId="18" StartOffset="3611"/>
</LocList>
<StmntSeq Intrnl_Id="661">
<LocList>
<Loc EndOffset="3706" SrcFileId="18" StartOffset="3611"/>
<Loc EndOffset="3802" SrcFileId="18" StartOffset="3711"/>
<Loc EndOffset="3886" SrcFileId="18" StartOffset="3807"/>
</LocList>
<BasicStmnt CovItemId="S20" CovItemPrefix="services.ServiceFactory.java" Intrnl_Id="662">
<LocList>
<Loc EndOffset="3706" SrcFileId="18" StartOffset="3611"/>
</LocList>
</BasicStmnt>
<BasicStmnt CovItemId="S21" CovItemPrefix="services.ServiceFactory.java" Intrnl_Id="663">
<LocList>
<Loc EndOffset="3802" SrcFileId="18" StartOffset="3711"/>
</LocList>
</BasicStmnt>
<BasicStmnt CovItemId="S22" CovItemPrefix="services.ServiceFactory.java" Intrnl_Id="664">
<LocList>
<Loc EndOffset="3886" SrcFileId="18" StartOffset="3807"/>
</LocList>
</BasicStmnt>
</StmntSeq>
</Branch>
<Branch CovItemId="B18" CovItemPrefix="services.ServiceFactory.java" Implct="false" Intrnl_Id="665">
<Cond>
<Loc EndOffset="3897" SrcFileId="18" StartOffset="3890"/>
</Cond>
<LocList>
<Loc EndOffset="3909" SrcFileId="18" StartOffset="3903"/>
</LocList>
<StmntSeq Intrnl_Id="666">
<LocList>
<Loc EndOffset="3909" SrcFileId="18" StartOffset="3903"/>
</LocList>
<BasicStmnt CovItemId="S23" CovItemPrefix="services.ServiceFactory.java" Intrnl_Id="667">
<LocList>
<Loc EndOffset="3909" SrcFileId="18" StartOffset="3903"/>
</LocList>
</BasicStmnt>
</StmntSeq>
</Branch>
<Keyword EndOffset="3339" SrcFileId="18" StartOffset="3333"/>
<LocList>
<Loc EndOffset="3914" SrcFileId="18" StartOffset="3333"/>
</LocList>
</CondStmnt>
<BasicStmnt CovItemId="S24" CovItemPrefix="services.ServiceFactory.java" Intrnl_Id="668">
<LocList>
<Loc EndOffset="3950" SrcFileId="18" StartOffset="3922"/>
</LocList>
</BasicStmnt>
</StmntSeq>
</HierarchyLvl>
<HierarchyLvl HierarchyLvlId="9878" HierarchyLvlTypeId="45" Intrnl_Id="669" Name="getServletType">
<Header>
<Loc EndOffset="4115" SrcFileId="18" StartOffset="4054"/>
</Header>
<LocList>
<Loc EndOffset="4807" SrcFileId="18" StartOffset="4054"/>
</LocList>
<StmntSeq Intrnl_Id="670">
<LocList>
<Loc EndOffset="4803" SrcFileId="18" StartOffset="4123"/>
</LocList>
<CondStmnt CovItemId="S25" CovItemPrefix="services.ServiceFactory.java" Intrnl_Id="671">
<Branch CovItemId="B19" CovItemPrefix="services.ServiceFactory.java" Implct="false" Intrnl_Id="672">
<Cond/>
<LocList>
<Loc EndOffset="4188" SrcFileId="18" StartOffset="4163"/>
</LocList>
<StmntSeq Intrnl_Id="673">
<LocList>
<Loc EndOffset="4188" SrcFileId="18" StartOffset="4163"/>
</LocList>
<BasicStmnt CovItemId="S26" CovItemPrefix="services.ServiceFactory.java" Intrnl_Id="674">
<LocList>
<Loc EndOffset="4188" SrcFileId="18" StartOffset="4163"/>
</LocList>
</BasicStmnt>
</StmntSeq>
</Branch>
<Branch CovItemId="B20" CovItemPrefix="services.ServiceFactory.java" Implct="false" Intrnl_Id="675">
<Cond>
<Loc EndOffset="4196" SrcFileId="18" StartOffset="4192"/>
</Cond>
<LocList>
<Loc EndOffset="4803" SrcFileId="18" StartOffset="4197"/>
</LocList>
<StmntSeq Intrnl_Id="676">
<LocList>
<Loc EndOffset="4803" SrcFileId="18" StartOffset="4197"/>
</LocList>
<CondStmnt CovItemId="S27" CovItemPrefix="services.ServiceFactory.java" Intrnl_Id="677">
<Branch CovItemId="B21" CovItemPrefix="services.ServiceFactory.java" Implct="false" Intrnl_Id="678">
<Cond/>
<LocList>
<Loc EndOffset="4264" SrcFileId="18" StartOffset="4238"/>
</LocList>
<StmntSeq Intrnl_Id="679">
<LocList>
<Loc EndOffset="4264" SrcFileId="18" StartOffset="4238"/>
</LocList>
<BasicStmnt CovItemId="S28" CovItemPrefix="services.ServiceFactory.java" Intrnl_Id="680">
<LocList>
<Loc EndOffset="4264" SrcFileId="18" StartOffset="4238"/>
</LocList>
</BasicStmnt>
</StmntSeq>
</Branch>
<Branch CovItemId="B22" CovItemPrefix="services.ServiceFactory.java" Implct="false" Intrnl_Id="681">
<Cond>
<Loc EndOffset="4272" SrcFileId="18" StartOffset="4268"/>
</Cond>
<LocList>
<Loc EndOffset="4803" SrcFileId="18" StartOffset="4273"/>
</LocList>
<StmntSeq Intrnl_Id="682">
<LocList>
<Loc EndOffset="4803" SrcFileId="18" StartOffset="4273"/>
</LocList>
<CondStmnt CovItemId="S29" CovItemPrefix="services.ServiceFactory.java" Intrnl_Id="683">
<Branch CovItemId="B23" CovItemPrefix="services.ServiceFactory.java" Implct="false" Intrnl_Id="684">
<Cond/>
<LocList>
<Loc EndOffset="4344" SrcFileId="18" StartOffset="4316"/>
</LocList>
<StmntSeq Intrnl_Id="685">
<LocList>
<Loc EndOffset="4344" SrcFileId="18" StartOffset="4316"/>
</LocList>
<BasicStmnt CovItemId="S30" CovItemPrefix="services.ServiceFactory.java" Intrnl_Id="686">
<LocList>
<Loc EndOffset="4344" SrcFileId="18" StartOffset="4316"/>
</LocList>
</BasicStmnt>
</StmntSeq>
</Branch>
<Branch CovItemId="B24" CovItemPrefix="services.ServiceFactory.java" Implct="false" Intrnl_Id="687">
<Cond>
<Loc EndOffset="4352" SrcFileId="18" StartOffset="4348"/>
</Cond>
<LocList>
<Loc EndOffset="4803" SrcFileId="18" StartOffset="4353"/>
</LocList>
<StmntSeq Intrnl_Id="688">
<LocList>
<Loc EndOffset="4803" SrcFileId="18" StartOffset="4353"/>
</LocList>
<CondStmnt CovItemId="S31" CovItemPrefix="services.ServiceFactory.java" Intrnl_Id="689">
<Branch CovItemId="B25" CovItemPrefix="services.ServiceFactory.java" Implct="false" Intrnl_Id="690">
<Cond/>
<LocList>
<Loc EndOffset="4420" SrcFileId="18" StartOffset="4394"/>
</LocList>
<StmntSeq Intrnl_Id="691">
<LocList>
<Loc EndOffset="4420" SrcFileId="18" StartOffset="4394"/>
</LocList>
<BasicStmnt CovItemId="S32" CovItemPrefix="services.ServiceFactory.java" Intrnl_Id="692">
<LocList>
<Loc EndOffset="4420" SrcFileId="18" StartOffset="4394"/>
</LocList>
</BasicStmnt>
</StmntSeq>
</Branch>
<Branch CovItemId="B26" CovItemPrefix="services.ServiceFactory.java" Implct="false" Intrnl_Id="693">
<Cond>
<Loc EndOffset="4428" SrcFileId="18" StartOffset="4424"/>
</Cond>
<LocList>
<Loc EndOffset="4803" SrcFileId="18" StartOffset="4429"/>
</LocList>
<StmntSeq Intrnl_Id="694">
<LocList>
<Loc EndOffset="4803" SrcFileId="18" StartOffset="4429"/>
</LocList>
<CondStmnt CovItemId="S33" CovItemPrefix="services.ServiceFactory.java" Intrnl_Id="695">
<Branch CovItemId="B27" CovItemPrefix="services.ServiceFactory.java" Implct="false" Intrnl_Id="696">
<Cond/>
<LocList>
<Loc EndOffset="4492" SrcFileId="18" StartOffset="4468"/>
</LocList>
<StmntSeq Intrnl_Id="697">
<LocList>
<Loc EndOffset="4492" SrcFileId="18" StartOffset="4468"/>
</LocList>
<BasicStmnt CovItemId="S34" CovItemPrefix="services.ServiceFactory.java" Intrnl_Id="698">
<LocList>
<Loc EndOffset="4492" SrcFileId="18" StartOffset="4468"/>
</LocList>
</BasicStmnt>
</StmntSeq>
</Branch>
<Branch CovItemId="B28" CovItemPrefix="services.ServiceFactory.java" Implct="false" Intrnl_Id="699">
<Cond>
<Loc EndOffset="4500" SrcFileId="18" StartOffset="4496"/>
</Cond>
<LocList>
<Loc EndOffset="4803" SrcFileId="18" StartOffset="4501"/>
</LocList>
<StmntSeq Intrnl_Id="700">
<LocList>
<Loc EndOffset="4803" SrcFileId="18" StartOffset="4501"/>
</LocList>
<CondStmnt CovItemId="S35" CovItemPrefix="services.ServiceFactory.java" Intrnl_Id="701">
<Branch CovItemId="B29" CovItemPrefix="services.ServiceFactory.java" Implct="false" Intrnl_Id="702">
<Cond/>
<LocList>
<Loc EndOffset="4582" SrcFileId="18" StartOffset="4554"/>
</LocList>
<StmntSeq Intrnl_Id="703">
<LocList>
<Loc EndOffset="4582" SrcFileId="18" StartOffset="4554"/>
</LocList>
<BasicStmnt CovItemId="S36" CovItemPrefix="services.ServiceFactory.java" Intrnl_Id="704">
<LocList>
<Loc EndOffset="4582" SrcFileId="18" StartOffset="4554"/>
</LocList>
</BasicStmnt>
</StmntSeq>
</Branch>
<Branch CovItemId="B30" CovItemPrefix="services.ServiceFactory.java" Implct="false" Intrnl_Id="705">
<Cond>
<Loc EndOffset="4590" SrcFileId="18" StartOffset="4586"/>
</Cond>
<LocList>
<Loc EndOffset="4803" SrcFileId="18" StartOffset="4591"/>
</LocList>
<StmntSeq Intrnl_Id="706">
<LocList>
<Loc EndOffset="4803" SrcFileId="18" StartOffset="4591"/>
</LocList>
<CondStmnt CovItemId="S37" CovItemPrefix="services.ServiceFactory.java" Intrnl_Id="707">
<Branch CovItemId="B31" CovItemPrefix="services.ServiceFactory.java" Implct="false" Intrnl_Id="708">
<Cond/>
<LocList>
<Loc EndOffset="4670" SrcFileId="18" StartOffset="4643"/>
</LocList>
<StmntSeq Intrnl_Id="709">
<LocList>
<Loc EndOffset="4670" SrcFileId="18" StartOffset="4643"/>
</LocList>
<BasicStmnt CovItemId="S38" CovItemPrefix="services.ServiceFactory.java" Intrnl_Id="710">
<LocList>
<Loc EndOffset="4670" SrcFileId="18" StartOffset="4643"/>
</LocList>
</BasicStmnt>
</StmntSeq>
</Branch>
<Branch CovItemId="B32" CovItemPrefix="services.ServiceFactory.java" Implct="false" Intrnl_Id="711">
<Cond>
<Loc EndOffset="4678" SrcFileId="18" StartOffset="4674"/>
</Cond>
<LocList>
<Loc EndOffset="4803" SrcFileId="18" StartOffset="4679"/>
</LocList>
<StmntSeq Intrnl_Id="712">
<LocList>
<Loc EndOffset="4803" SrcFileId="18" StartOffset="4679"/>
</LocList>
<CondStmnt CovItemId="S39" CovItemPrefix="services.ServiceFactory.java" Intrnl_Id="713">
<Branch CovItemId="B33" CovItemPrefix="services.ServiceFactory.java" Implct="false" Intrnl_Id="714">
<Cond/>
<LocList>
<Loc EndOffset="4763" SrcFileId="18" StartOffset="4734"/>
</LocList>
<StmntSeq Intrnl_Id="715">
<LocList>
<Loc EndOffset="4763" SrcFileId="18" StartOffset="4734"/>
</LocList>
<BasicStmnt CovItemId="S40" CovItemPrefix="services.ServiceFactory.java" Intrnl_Id="716">
<LocList>
<Loc EndOffset="4763" SrcFileId="18" StartOffset="4734"/>
</LocList>
</BasicStmnt>
</StmntSeq>
</Branch>
<Branch CovItemId="B34" CovItemPrefix="services.ServiceFactory.java" Implct="false" Intrnl_Id="717">
<Cond>
<Loc EndOffset="4771" SrcFileId="18" StartOffset="4767"/>
</Cond>
<LocList>
<Loc EndOffset="4803" SrcFileId="18" StartOffset="4776"/>
</LocList>
<StmntSeq Intrnl_Id="718">
<LocList>
<Loc EndOffset="4803" SrcFileId="18" StartOffset="4776"/>
</LocList>
<BasicStmnt CovItemId="S41" CovItemPrefix="services.ServiceFactory.java" Intrnl_Id="719">
<LocList>
<Loc EndOffset="4803" SrcFileId="18" StartOffset="4776"/>
</LocList>
</BasicStmnt>
</StmntSeq>
</Branch>
<Keyword EndOffset="4681" SrcFileId="18" StartOffset="4679"/>
<LocList>
<Loc EndOffset="4803" SrcFileId="18" StartOffset="4679"/>
</LocList>
</CondStmnt>
</StmntSeq>
</Branch>
<Keyword EndOffset="4593" SrcFileId="18" StartOffset="4591"/>
<LocList>
<Loc EndOffset="4803" SrcFileId="18" StartOffset="4591"/>
</LocList>
</CondStmnt>
</StmntSeq>
</Branch>
<Keyword EndOffset="4503" SrcFileId="18" StartOffset="4501"/>
<LocList>
<Loc EndOffset="4803" SrcFileId="18" StartOffset="4501"/>
</LocList>
</CondStmnt>
</StmntSeq>
</Branch>
<Keyword EndOffset="4431" SrcFileId="18" StartOffset="4429"/>
<LocList>
<Loc EndOffset="4803" SrcFileId="18" StartOffset="4429"/>
</LocList>
</CondStmnt>
</StmntSeq>
</Branch>
<Keyword EndOffset="4355" SrcFileId="18" StartOffset="4353"/>
<LocList>
<Loc EndOffset="4803" SrcFileId="18" StartOffset="4353"/>
</LocList>
</CondStmnt>
</StmntSeq>
</Branch>
<Keyword EndOffset="4275" SrcFileId="18" StartOffset="4273"/>
<LocList>
<Loc EndOffset="4803" SrcFileId="18" StartOffset="4273"/>
</LocList>
</CondStmnt>
</StmntSeq>
</Branch>
<Keyword EndOffset="4199" SrcFileId="18" StartOffset="4197"/>
<LocList>
<Loc EndOffset="4803" SrcFileId="18" StartOffset="4197"/>
</LocList>
</CondStmnt>
</StmntSeq>
</Branch>
<Keyword EndOffset="4125" SrcFileId="18" StartOffset="4123"/>
<LocList>
<Loc EndOffset="4803" SrcFileId="18" StartOffset="4123"/>
</LocList>
</CondStmnt>
</StmntSeq>
</HierarchyLvl>
</HierarchyLvl>
<HierarchyLvl HierarchyLvlId="9887" HierarchyLvlTypeId="44" Intrnl_Id="720" Name="ServiceDelegate">
<Header>
<Loc EndOffset="653" SrcFileId="19" StartOffset="625"/>
</Header>
<LocList>
<Loc EndOffset="2901" SrcFileId="19" StartOffset="625"/>
</LocList>
<HierarchyLvl HierarchyLvlId="9880" HierarchyLvlTypeId="45" Intrnl_Id="721" Name="ServiceDelegate">
<Header>
<Loc EndOffset="957" SrcFileId="19" StartOffset="893"/>
</Header>
<LocList>
<Loc EndOffset="1021" SrcFileId="19" StartOffset="893"/>
</LocList>
<StmntSeq Intrnl_Id="722">
<LocList>
<Loc EndOffset="982" SrcFileId="19" StartOffset="965"/>
<Loc EndOffset="1017" SrcFileId="19" StartOffset="986"/>
</LocList>
<BasicStmnt CovItemId="S1" CovItemPrefix="services.ServiceDelegate.java" Intrnl_Id="723">
<LocList>
<Loc EndOffset="982" SrcFileId="19" StartOffset="965"/>
</LocList>
</BasicStmnt>
<BasicStmnt CovItemId="S2" CovItemPrefix="services.ServiceDelegate.java" Intrnl_Id="724">
<LocList>
<Loc EndOffset="1017" SrcFileId="19" StartOffset="986"/>
</LocList>
</BasicStmnt>
</StmntSeq>
</HierarchyLvl>
<HierarchyLvl HierarchyLvlId="9881" HierarchyLvlTypeId="45" Intrnl_Id="725" Name="setGson">
<Header>
<Loc EndOffset="1124" SrcFileId="19" StartOffset="1094"/>
</Header>
<LocList>
<Loc EndOffset="1153" SrcFileId="19" StartOffset="1094"/>
</LocList>
<StmntSeq Intrnl_Id="726">
<LocList>
<Loc EndOffset="1149" SrcFileId="19" StartOffset="1132"/>
</LocList>
<BasicStmnt CovItemId="S3" CovItemPrefix="services.ServiceDelegate.java" Intrnl_Id="727">
<LocList>
<Loc EndOffset="1149" SrcFileId="19" StartOffset="1132"/>
</LocList>
</BasicStmnt>
</StmntSeq>
</HierarchyLvl>
<HierarchyLvl HierarchyLvlId="9882" HierarchyLvlTypeId="45" Intrnl_Id="728" Name="setDatabaseInterface">
<Header>
<Loc EndOffset="1303" SrcFileId="19" StartOffset="1240"/>
</Header>
<LocList>
<Loc EndOffset="1346" SrcFileId="19" StartOffset="1240"/>
</LocList>
<StmntSeq Intrnl_Id="729">
<LocList>
<Loc EndOffset="1342" SrcFileId="19" StartOffset="1311"/>
</LocList>
<BasicStmnt CovItemId="S4" CovItemPrefix="services.ServiceDelegate.java" Intrnl_Id="730">
<LocList>
<Loc EndOffset="1342" SrcFileId="19" StartOffset="1311"/>
</LocList>
</BasicStmnt>
</StmntSeq>
</HierarchyLvl>
<HierarchyLvl HierarchyLvlId="9883" HierarchyLvlTypeId="45" Intrnl_Id="731" Name="applyAuthProcess">
<Header>
<Loc EndOffset="1783" SrcFileId="19" StartOffset="1681"/>
</Header>
<LocList>
<Loc EndOffset="1821" SrcFileId="19" StartOffset="1681"/>
</LocList>
<StmntSeq Intrnl_Id="732">
<LocList>
<Loc EndOffset="1817" SrcFileId="19" StartOffset="1791"/>
</LocList>
<BasicStmnt CovItemId="S5" CovItemPrefix="services.ServiceDelegate.java" Intrnl_Id="733">
<LocList>
<Loc EndOffset="1817" SrcFileId="19" StartOffset="1791"/>
</LocList>
</BasicStmnt>
</StmntSeq>
</HierarchyLvl>
<HierarchyLvl HierarchyLvlId="9884" HierarchyLvlTypeId="45" Intrnl_Id="734" Name="applyLoginProcess">
<Header>
<Loc EndOffset="2237" SrcFileId="19" StartOffset="2138"/>
</Header>
<LocList>
<Loc EndOffset="2275" SrcFileId="19" StartOffset="2138"/>
</LocList>
<StmntSeq Intrnl_Id="735">
<LocList>
<Loc EndOffset="2271" SrcFileId="19" StartOffset="2245"/>
</LocList>
<BasicStmnt CovItemId="S6" CovItemPrefix="services.ServiceDelegate.java" Intrnl_Id="736">
<LocList>
<Loc EndOffset="2271" SrcFileId="19" StartOffset="2245"/>
</LocList>
</BasicStmnt>
</StmntSeq>
</HierarchyLvl>
<HierarchyLvl HierarchyLvlId="9885" HierarchyLvlTypeId="45" Intrnl_Id="737" Name="unsecureProcess">
<Header>
<Loc EndOffset="2641" SrcFileId="19" StartOffset="2544"/>
</Header>
<LocList>
<Loc EndOffset="2679" SrcFileId="19" StartOffset="2544"/>
</LocList>
<StmntSeq Intrnl_Id="738">
<LocList>
<Loc EndOffset="2675" SrcFileId="19" StartOffset="2649"/>
</LocList>
<BasicStmnt CovItemId="S7" CovItemPrefix="services.ServiceDelegate.java" Intrnl_Id="739">
<LocList>
<Loc EndOffset="2675" SrcFileId="19" StartOffset="2649"/>
</LocList>
</BasicStmnt>
</StmntSeq>
</HierarchyLvl>
<HierarchyLvl HierarchyLvlId="9886" HierarchyLvlTypeId="45" Intrnl_Id="740" Name="close">
<Header>
<Loc EndOffset="2861" SrcFileId="19" StartOffset="2842"/>
</Header>
<LocList>
<Loc EndOffset="2898" SrcFileId="19" StartOffset="2842"/>
</LocList>
<StmntSeq Intrnl_Id="741">
<LocList>
<Loc EndOffset="2894" SrcFileId="19" StartOffset="2869"/>
</LocList>
<BasicStmnt CovItemId="S8" CovItemPrefix="services.ServiceDelegate.java" Intrnl_Id="742">
<LocList>
<Loc EndOffset="2894" SrcFileId="19" StartOffset="2869"/>
</LocList>
</BasicStmnt>
</StmntSeq>
</HierarchyLvl>
</HierarchyLvl>
<HierarchyLvl HierarchyLvlId="9900" HierarchyLvlTypeId="44" Intrnl_Id="743" Name="SecureService">
<Header>
<Loc EndOffset="584" SrcFileId="20" StartOffset="558"/>
</Header>
<LocList>
<Loc EndOffset="7623" SrcFileId="20" StartOffset="558"/>
</LocList>
<HierarchyLvl HierarchyLvlId="9888" HierarchyLvlTypeId="45" Intrnl_Id="744" Name="SecureService">
<Header>
<Loc EndOffset="1028" SrcFileId="20" StartOffset="940"/>
</Header>
<LocList>
<Loc EndOffset="1120" SrcFileId="20" StartOffset="940"/>
</LocList>
<StmntSeq Intrnl_Id="745">
<LocList>
<Loc EndOffset="1060" SrcFileId="20" StartOffset="1036"/>
<Loc EndOffset="1081" SrcFileId="20" StartOffset="1064"/>
<Loc EndOffset="1116" SrcFileId="20" StartOffset="1085"/>
</LocList>
<BasicStmnt CovItemId="S1" CovItemPrefix="services.SecureService.java" Intrnl_Id="746">
<LocList>
<Loc EndOffset="1060" SrcFileId="20" StartOffset="1036"/>
</LocList>
</BasicStmnt>
<BasicStmnt CovItemId="S2" CovItemPrefix="services.SecureService.java" Intrnl_Id="747">
<LocList>
<Loc EndOffset="1081" SrcFileId="20" StartOffset="1064"/>
</LocList>
</BasicStmnt>
<BasicStmnt CovItemId="S3" CovItemPrefix="services.SecureService.java" Intrnl_Id="748">
<LocList>
<Loc EndOffset="1116" SrcFileId="20" StartOffset="1085"/>
</LocList>
</BasicStmnt>
</StmntSeq>
</HierarchyLvl>
<HierarchyLvl HierarchyLvlId="9889" HierarchyLvlTypeId="45" Intrnl_Id="749" Name="getGson">
<Header>
<Loc EndOffset="1213" SrcFileId="20" StartOffset="1189"/>
</Header>
<LocList>
<Loc EndOffset="1242" SrcFileId="20" StartOffset="1189"/>
</LocList>
<StmntSeq Intrnl_Id="750">
<LocList>
<Loc EndOffset="1238" SrcFileId="20" StartOffset="1221"/>
</LocList>
<BasicStmnt CovItemId="S4" CovItemPrefix="services.SecureService.java" Intrnl_Id="751">
<LocList>
<Loc EndOffset="1238" SrcFileId="20" StartOffset="1221"/>
</LocList>
</BasicStmnt>
</StmntSeq>
</HierarchyLvl>
<HierarchyLvl HierarchyLvlId="9890" HierarchyLvlTypeId="45" Intrnl_Id="752" Name="getdbInterface">
<Header>
<Loc EndOffset="1355" SrcFileId="20" StartOffset="1311"/>
</Header>
<LocList>
<Loc EndOffset="1391" SrcFileId="20" StartOffset="1311"/>
</LocList>
<StmntSeq Intrnl_Id="753">
<LocList>
<Loc EndOffset="1387" SrcFileId="20" StartOffset="1363"/>
</LocList>
<BasicStmnt CovItemId="S5" CovItemPrefix="services.SecureService.java" Intrnl_Id="754">
<LocList>
<Loc EndOffset="1387" SrcFileId="20" StartOffset="1363"/>
</LocList>
</BasicStmnt>
</StmntSeq>
</HierarchyLvl>
<HierarchyLvl HierarchyLvlId="9891" HierarchyLvlTypeId="45" Intrnl_Id="755" Name="authSecuredProcess">
<Header>
<Loc EndOffset="1960" SrcFileId="20" StartOffset="1905"/>
</Header>
<LocList>
<Loc EndOffset="3404" SrcFileId="20" StartOffset="1905"/>
</LocList>
<StmntSeq Intrnl_Id="756">
<LocList>
<Loc EndOffset="2093" SrcFileId="20" StartOffset="2036"/>
<Loc EndOffset="2298" SrcFileId="20" StartOffset="2127"/>
<Loc EndOffset="2506" SrcFileId="20" StartOffset="2334"/>
<Loc EndOffset="2640" SrcFileId="20" StartOffset="2570"/>
<Loc EndOffset="3110" SrcFileId="20" StartOffset="2699"/>
<Loc EndOffset="3400" SrcFileId="20" StartOffset="1969"/>
</LocList>
<BasicStmnt CovItemId="S7" CovItemPrefix="services.SecureService.java" Intrnl_Id="757">
<LocList>
<Loc EndOffset="2093" SrcFileId="20" StartOffset="2036"/>
</LocList>
</BasicStmnt>
<CondStmnt CovItemId="S8" CovItemPrefix="services.SecureService.java" Intrnl_Id="758">
<Branch CovItemId="B2" CovItemPrefix="services.SecureService.java" Implct="false" Intrnl_Id="759">
<Cond/>
<LocList>
<Loc EndOffset="2298" SrcFileId="20" StartOffset="2218"/>
</LocList>
<StmntSeq Intrnl_Id="760">
<LocList>
<Loc EndOffset="2291" SrcFileId="20" StartOffset="2226"/>
</LocList>
<BasicStmnt CovItemId="S9" CovItemPrefix="services.SecureService.java" Intrnl_Id="761">
<LocList>
<Loc EndOffset="2291" SrcFileId="20" StartOffset="2226"/>
</LocList>
</BasicStmnt>
</StmntSeq>
</Branch>
<Branch CovItemId="B3" CovItemPrefix="services.SecureService.java" Implct="true" Intrnl_Id="762">
<Cond/>
<LocList/>
<StmntSeq Intrnl_Id="763">
<LocList/>
</StmntSeq>
</Branch>
<Keyword EndOffset="2129" SrcFileId="20" StartOffset="2127"/>
<LocList>
<Loc EndOffset="2298" SrcFileId="20" StartOffset="2127"/>
</LocList>
</CondStmnt>
<CondStmnt CovItemId="S10" CovItemPrefix="services.SecureService.java" Intrnl_Id="764">
<Branch CovItemId="B4" CovItemPrefix="services.SecureService.java" Implct="false" Intrnl_Id="765">
<Cond/>
<LocList>
<Loc EndOffset="2506" SrcFileId="20" StartOffset="2428"/>
</LocList>
<StmntSeq Intrnl_Id="766">
<LocList>
<Loc EndOffset="2499" SrcFileId="20" StartOffset="2436"/>
</LocList>
<BasicStmnt CovItemId="S11" CovItemPrefix="services.SecureService.java" Intrnl_Id="767">
<LocList>
<Loc EndOffset="2499" SrcFileId="20" StartOffset="2436"/>
</LocList>
</BasicStmnt>
</StmntSeq>
</Branch>
<Branch CovItemId="B5" CovItemPrefix="services.SecureService.java" Implct="true" Intrnl_Id="768">
<Cond/>
<LocList/>
<StmntSeq Intrnl_Id="769">
<LocList/>
</StmntSeq>
</Branch>
<Keyword EndOffset="2336" SrcFileId="20" StartOffset="2334"/>
<LocList>
<Loc EndOffset="2506" SrcFileId="20" StartOffset="2334"/>
</LocList>
</CondStmnt>
<BasicStmnt CovItemId="S12" CovItemPrefix="services.SecureService.java" Intrnl_Id="770">
<LocList>
<Loc EndOffset="2640" SrcFileId="20" StartOffset="2570"/>
</LocList>
</BasicStmnt>
<CondStmnt CovItemId="S13" CovItemPrefix="services.SecureService.java" Intrnl_Id="771">
<Branch CovItemId="B6" CovItemPrefix="services.SecureService.java" Implct="false" Intrnl_Id="772">
<Cond/>
<LocList>
<Loc EndOffset="2784" SrcFileId="20" StartOffset="2730"/>
</LocList>
<StmntSeq Intrnl_Id="773">
<LocList>
<Loc EndOffset="2777" SrcFileId="20" StartOffset="2738"/>
</LocList>
<BasicStmnt CovItemId="S14" CovItemPrefix="services.SecureService.java" Intrnl_Id="774">
<LocList>
<Loc EndOffset="2777" SrcFileId="20" StartOffset="2738"/>
</LocList>
</BasicStmnt>
</StmntSeq>
</Branch>
<Branch CovItemId="B7" CovItemPrefix="services.SecureService.java" Implct="false" Intrnl_Id="775">
<Cond>
<Loc EndOffset="2816" SrcFileId="20" StartOffset="2812"/>
</Cond>
<LocList>
<Loc EndOffset="3110" SrcFileId="20" StartOffset="2822"/>
</LocList>
<StmntSeq Intrnl_Id="776">
<LocList>
<Loc EndOffset="3103" SrcFileId="20" StartOffset="2866"/>
</LocList>
<CondStmnt CovItemId="S15" CovItemPrefix="services.SecureService.java" Intrnl_Id="777">
<Branch CovItemId="B8" CovItemPrefix="services.SecureService.java" Implct="false" Intrnl_Id="778">
<Cond/>
<LocList>
<Loc EndOffset="2994" SrcFileId="20" StartOffset="2920"/>
</LocList>
<StmntSeq Intrnl_Id="779">
<LocList>
<Loc EndOffset="2986" SrcFileId="20" StartOffset="2929"/>
</LocList>
<BasicStmnt CovItemId="S16" CovItemPrefix="services.SecureService.java" Intrnl_Id="780">
<LocList>
<Loc EndOffset="2986" SrcFileId="20" StartOffset="2929"/>
</LocList>
</BasicStmnt>
</StmntSeq>
</Branch>
<Branch CovItemId="B9" CovItemPrefix="services.SecureService.java" Implct="false" Intrnl_Id="781">
<Cond>
<Loc EndOffset="3045" SrcFileId="20" StartOffset="3041"/>
</Cond>
<LocList>
<Loc EndOffset="3103" SrcFileId="20" StartOffset="3052"/>
</LocList>
<StmntSeq Intrnl_Id="782">
<LocList>
<Loc EndOffset="3095" SrcFileId="20" StartOffset="3061"/>
</LocList>
<BasicStmnt CovItemId="S17" CovItemPrefix="services.SecureService.java" Intrnl_Id="783">
<LocList>
<Loc EndOffset="3095" SrcFileId="20" StartOffset="3061"/>
</LocList>
</BasicStmnt>
</StmntSeq>
</Branch>
<Keyword EndOffset="2868" SrcFileId="20" StartOffset="2866"/>
<LocList>
<Loc EndOffset="3103" SrcFileId="20" StartOffset="2866"/>
</LocList>
</CondStmnt>
</StmntSeq>
</Branch>
<Keyword EndOffset="2701" SrcFileId="20" StartOffset="2699"/>
<LocList>
<Loc EndOffset="3110" SrcFileId="20" StartOffset="2699"/>
</LocList>
</CondStmnt>
<CondStmnt CovItemId="S6" CovItemPrefix="services.SecureService.java" Intrnl_Id="784">
<Branch CovItemId="B1" CovItemPrefix="services.SecureService.java" Implct="true" Intrnl_Id="785">
<Cond/>
<LocList/>
<StmntSeq Intrnl_Id="786">
<LocList/>
</StmntSeq>
</Branch>
<Branch CovItemId="B10" CovItemPrefix="services.SecureService.java" Implct="false" Intrnl_Id="787">
<Cond>
<Loc EndOffset="3165" SrcFileId="20" StartOffset="3129"/>
</Cond>
<LocList>
<Loc EndOffset="3229" SrcFileId="20" StartOffset="3166"/>
</LocList>
<StmntSeq Intrnl_Id="788">
<LocList>
<Loc EndOffset="3223" SrcFileId="20" StartOffset="3173"/>
</LocList>
<BasicStmnt CovItemId="S18" CovItemPrefix="services.SecureService.java" Intrnl_Id="789">
<LocList>
<Loc EndOffset="3223" SrcFileId="20" StartOffset="3173"/>
</LocList>
</BasicStmnt>
</StmntSeq>
</Branch>
<Branch CovItemId="B11" CovItemPrefix="services.SecureService.java" Implct="false" Intrnl_Id="790">
<Cond>
<Loc EndOffset="3263" SrcFileId="20" StartOffset="3234"/>
</Cond>
<LocList>
<Loc EndOffset="3315" SrcFileId="20" StartOffset="3268"/>
</LocList>
<StmntSeq Intrnl_Id="791">
<LocList>
<Loc EndOffset="3309" SrcFileId="20" StartOffset="3275"/>
</LocList>
<BasicStmnt CovItemId="S19" CovItemPrefix="services.SecureService.java" Intrnl_Id="792">
<LocList>
<Loc EndOffset="3309" SrcFileId="20" StartOffset="3275"/>
</LocList>
</BasicStmnt>
</StmntSeq>
</Branch>
<Branch CovItemId="B12" CovItemPrefix="services.SecureService.java" Implct="false" Intrnl_Id="793">
<Cond>
<Loc EndOffset="3348" SrcFileId="20" StartOffset="3320"/>
</Cond>
<LocList>
<Loc EndOffset="3400" SrcFileId="20" StartOffset="3353"/>
</LocList>
<StmntSeq Intrnl_Id="794">
<LocList>
<Loc EndOffset="3394" SrcFileId="20" StartOffset="3360"/>
</LocList>
<BasicStmnt CovItemId="S20" CovItemPrefix="services.SecureService.java" Intrnl_Id="795">
<LocList>
<Loc EndOffset="3394" SrcFileId="20" StartOffset="3360"/>
</LocList>
</BasicStmnt>
</StmntSeq>
</Branch>
<Keyword EndOffset="1972" SrcFileId="20" StartOffset="1969"/>
<LocList>
<Loc EndOffset="3400" SrcFileId="20" StartOffset="1969"/>
</LocList>
</CondStmnt>
</StmntSeq>
</HierarchyLvl>
<HierarchyLvl HierarchyLvlId="9892" HierarchyLvlTypeId="45" Intrnl_Id="796" Name="loginSecuredProcess">
<Header>
<Loc EndOffset="3971" SrcFileId="20" StartOffset="3915"/>
</Header>
<LocList>
<Loc EndOffset="5389" SrcFileId="20" StartOffset="3915"/>
</LocList>
<StmntSeq Intrnl_Id="797">
<LocList>
<Loc EndOffset="4083" SrcFileId="20" StartOffset="4026"/>
<Loc EndOffset="4292" SrcFileId="20" StartOffset="4124"/>
<Loc EndOffset="4472" SrcFileId="20" StartOffset="4323"/>
<Loc EndOffset="4584" SrcFileId="20" StartOffset="4514"/>
<Loc EndOffset="5108" SrcFileId="20" StartOffset="4617"/>
<Loc EndOffset="5385" SrcFileId="20" StartOffset="3979"/>
</LocList>
<BasicStmnt CovItemId="S22" CovItemPrefix="services.SecureService.java" Intrnl_Id="798">
<LocList>
<Loc EndOffset="4083" SrcFileId="20" StartOffset="4026"/>
</LocList>
</BasicStmnt>
<CondStmnt CovItemId="S23" CovItemPrefix="services.SecureService.java" Intrnl_Id="799">
<Branch CovItemId="B14" CovItemPrefix="services.SecureService.java" Implct="false" Intrnl_Id="800">
<Cond/>
<LocList>
<Loc EndOffset="4292" SrcFileId="20" StartOffset="4214"/>
</LocList>
<StmntSeq Intrnl_Id="801">
<LocList>
<Loc EndOffset="4286" SrcFileId="20" StartOffset="4221"/>
</LocList>
<BasicStmnt CovItemId="S24" CovItemPrefix="services.SecureService.java" Intrnl_Id="802">
<LocList>
<Loc EndOffset="4286" SrcFileId="20" StartOffset="4221"/>
</LocList>
</BasicStmnt>
</StmntSeq>
</Branch>
<Branch CovItemId="B15" CovItemPrefix="services.SecureService.java" Implct="true" Intrnl_Id="803">
<Cond/>
<LocList/>
<StmntSeq Intrnl_Id="804">
<LocList/>
</StmntSeq>
</Branch>
<Keyword EndOffset="4126" SrcFileId="20" StartOffset="4124"/>
<LocList>
<Loc EndOffset="4292" SrcFileId="20" StartOffset="4124"/>
</LocList>
</CondStmnt>
<CondStmnt CovItemId="S25" CovItemPrefix="services.SecureService.java" Intrnl_Id="805">
<Branch CovItemId="B16" CovItemPrefix="services.SecureService.java" Implct="false" Intrnl_Id="806">
<Cond/>
<LocList>
<Loc EndOffset="4472" SrcFileId="20" StartOffset="4394"/>
</LocList>
<StmntSeq Intrnl_Id="807">
<LocList>
<Loc EndOffset="4466" SrcFileId="20" StartOffset="4401"/>
</LocList>
<BasicStmnt CovItemId="S26" CovItemPrefix="services.SecureService.java" Intrnl_Id="808">
<LocList>
<Loc EndOffset="4466" SrcFileId="20" StartOffset="4401"/>
</LocList>
</BasicStmnt>
</StmntSeq>
</Branch>
<Branch CovItemId="B17" CovItemPrefix="services.SecureService.java" Implct="true" Intrnl_Id="809">
<Cond/>
<LocList/>
<StmntSeq Intrnl_Id="810">
<LocList/>
</StmntSeq>
</Branch>
<Keyword EndOffset="4325" SrcFileId="20" StartOffset="4323"/>
<LocList>
<Loc EndOffset="4472" SrcFileId="20" StartOffset="4323"/>
</LocList>
</CondStmnt>
<BasicStmnt CovItemId="S27" CovItemPrefix="services.SecureService.java" Intrnl_Id="811">
<LocList>
<Loc EndOffset="4584" SrcFileId="20" StartOffset="4514"/>
</LocList>
</BasicStmnt>
<CondStmnt CovItemId="S28" CovItemPrefix="services.SecureService.java" Intrnl_Id="812">
<Branch CovItemId="B18" CovItemPrefix="services.SecureService.java" Implct="false" Intrnl_Id="813">
<Cond/>
<LocList>
<Loc EndOffset="4805" SrcFileId="20" StartOffset="4647"/>
</LocList>
<StmntSeq Intrnl_Id="814">
<LocList>
<Loc EndOffset="4742" SrcFileId="20" StartOffset="4654"/>
<Loc EndOffset="4799" SrcFileId="20" StartOffset="4748"/>
</LocList>
<BasicStmnt CovItemId="S29" CovItemPrefix="services.SecureService.java" Intrnl_Id="815">
<LocList>
<Loc EndOffset="4742" SrcFileId="20" StartOffset="4654"/>
</LocList>
</BasicStmnt>
<BasicStmnt CovItemId="S30" CovItemPrefix="services.SecureService.java" Intrnl_Id="816">
<LocList>
<Loc EndOffset="4799" SrcFileId="20" StartOffset="4748"/>
</LocList>
</BasicStmnt>
</StmntSeq>
</Branch>
<Branch CovItemId="B19" CovItemPrefix="services.SecureService.java" Implct="false" Intrnl_Id="817">
<Cond>
<Loc EndOffset="4835" SrcFileId="20" StartOffset="4831"/>
</Cond>
<LocList>
<Loc EndOffset="5108" SrcFileId="20" StartOffset="4840"/>
</LocList>
<StmntSeq Intrnl_Id="818">
<LocList>
<Loc EndOffset="5102" SrcFileId="20" StartOffset="4874"/>
</LocList>
<CondStmnt CovItemId="S31" CovItemPrefix="services.SecureService.java" Intrnl_Id="819">
<Branch CovItemId="B20" CovItemPrefix="services.SecureService.java" Implct="false" Intrnl_Id="820">
<Cond/>
<LocList>
<Loc EndOffset="4997" SrcFileId="20" StartOffset="4919"/>
</LocList>
<StmntSeq Intrnl_Id="821">
<LocList>
<Loc EndOffset="4990" SrcFileId="20" StartOffset="4927"/>
</LocList>
<BasicStmnt CovItemId="S32" CovItemPrefix="services.SecureService.java" Intrnl_Id="822">
<LocList>
<Loc EndOffset="4990" SrcFileId="20" StartOffset="4927"/>
</LocList>
</BasicStmnt>
</StmntSeq>
</Branch>
<Branch CovItemId="B21" CovItemPrefix="services.SecureService.java" Implct="false" Intrnl_Id="823">
<Cond>
<Loc EndOffset="5046" SrcFileId="20" StartOffset="5042"/>
</Cond>
<LocList>
<Loc EndOffset="5102" SrcFileId="20" StartOffset="5052"/>
</LocList>
<StmntSeq Intrnl_Id="824">
<LocList>
<Loc EndOffset="5095" SrcFileId="20" StartOffset="5060"/>
</LocList>
<BasicStmnt CovItemId="S33" CovItemPrefix="services.SecureService.java" Intrnl_Id="825">
<LocList>
<Loc EndOffset="5095" SrcFileId="20" StartOffset="5060"/>
</LocList>
</BasicStmnt>
</StmntSeq>
</Branch>
<Keyword EndOffset="4876" SrcFileId="20" StartOffset="4874"/>
<LocList>
<Loc EndOffset="5102" SrcFileId="20" StartOffset="4874"/>
</LocList>
</CondStmnt>
</StmntSeq>
</Branch>
<Keyword EndOffset="4619" SrcFileId="20" StartOffset="4617"/>
<LocList>
<Loc EndOffset="5108" SrcFileId="20" StartOffset="4617"/>
</LocList>
</CondStmnt>
<CondStmnt CovItemId="S21" CovItemPrefix="services.SecureService.java" Intrnl_Id="826">
<Branch CovItemId="B13" CovItemPrefix="services.SecureService.java" Implct="true" Intrnl_Id="827">
<Cond/>
<LocList/>
<StmntSeq Intrnl_Id="828">
<LocList/>
</StmntSeq>
</Branch>
<Branch CovItemId="B22" CovItemPrefix="services.SecureService.java" Implct="false" Intrnl_Id="829">
<Cond>
<Loc EndOffset="5160" SrcFileId="20" StartOffset="5124"/>
</Cond>
<LocList>
<Loc EndOffset="5222" SrcFileId="20" StartOffset="5161"/>
</LocList>
<StmntSeq Intrnl_Id="830">
<LocList>
<Loc EndOffset="5217" SrcFileId="20" StartOffset="5167"/>
</LocList>
<BasicStmnt CovItemId="S34" CovItemPrefix="services.SecureService.java" Intrnl_Id="831">
<LocList>
<Loc EndOffset="5217" SrcFileId="20" StartOffset="5167"/>
</LocList>
</BasicStmnt>
</StmntSeq>
</Branch>
<Branch CovItemId="B23" CovItemPrefix="services.SecureService.java" Implct="false" Intrnl_Id="832">
<Cond>
<Loc EndOffset="5255" SrcFileId="20" StartOffset="5226"/>
</Cond>
<LocList>
<Loc EndOffset="5304" SrcFileId="20" StartOffset="5259"/>
</LocList>
<StmntSeq Intrnl_Id="833">
<LocList>
<Loc EndOffset="5299" SrcFileId="20" StartOffset="5265"/>
</LocList>
<BasicStmnt CovItemId="S35" CovItemPrefix="services.SecureService.java" Intrnl_Id="834">
<LocList>
<Loc EndOffset="5299" SrcFileId="20" StartOffset="5265"/>
</LocList>
</BasicStmnt>
</StmntSeq>
</Branch>
<Branch CovItemId="B24" CovItemPrefix="services.SecureService.java" Implct="false" Intrnl_Id="835">
<Cond>
<Loc EndOffset="5336" SrcFileId="20" StartOffset="5308"/>
</Cond>
<LocList>
<Loc EndOffset="5385" SrcFileId="20" StartOffset="5340"/>
</LocList>
<StmntSeq Intrnl_Id="836">
<LocList>
<Loc EndOffset="5380" SrcFileId="20" StartOffset="5346"/>
</LocList>
<BasicStmnt CovItemId="S36" CovItemPrefix="services.SecureService.java" Intrnl_Id="837">
<LocList>
<Loc EndOffset="5380" SrcFileId="20" StartOffset="5346"/>
</LocList>
</BasicStmnt>
</StmntSeq>
</Branch>
<Keyword EndOffset="3982" SrcFileId="20" StartOffset="3979"/>
<LocList>
<Loc EndOffset="5385" SrcFileId="20" StartOffset="3979"/>
</LocList>
</CondStmnt>
</StmntSeq>
</HierarchyLvl>
<HierarchyLvl HierarchyLvlId="9893" HierarchyLvlTypeId="45" Intrnl_Id="838" Name="unsecuredProcess">
<Header>
<Loc EndOffset="5688" SrcFileId="20" StartOffset="5635"/>
</Header>
<LocList>
<Loc EndOffset="6250" SrcFileId="20" StartOffset="5635"/>
</LocList>
<StmntSeq Intrnl_Id="839">
<LocList>
<Loc EndOffset="5800" SrcFileId="20" StartOffset="5743"/>
<Loc EndOffset="5904" SrcFileId="20" StartOffset="5810"/>
<Loc EndOffset="5974" SrcFileId="20" StartOffset="5919"/>
<Loc EndOffset="6246" SrcFileId="20" StartOffset="5696"/>
</LocList>
<BasicStmnt CovItemId="S38" CovItemPrefix="services.SecureService.java" Intrnl_Id="840">
<LocList>
<Loc EndOffset="5800" SrcFileId="20" StartOffset="5743"/>
</LocList>
</BasicStmnt>
<CondStmnt CovItemId="S39" CovItemPrefix="services.SecureService.java" Intrnl_Id="841">
<Branch CovItemId="B26" CovItemPrefix="services.SecureService.java" Implct="false" Intrnl_Id="842">
<Cond/>
<LocList>
<Loc EndOffset="5904" SrcFileId="20" StartOffset="5830"/>
</LocList>
<StmntSeq Intrnl_Id="843">
<LocList>
<Loc EndOffset="5904" SrcFileId="20" StartOffset="5830"/>
</LocList>
<BasicStmnt CovItemId="S40" CovItemPrefix="services.SecureService.java" Intrnl_Id="844">
<LocList>
<Loc EndOffset="5904" SrcFileId="20" StartOffset="5830"/>
</LocList>
</BasicStmnt>
</StmntSeq>
</Branch>
<Branch CovItemId="B27" CovItemPrefix="services.SecureService.java" Implct="true" Intrnl_Id="845">
<Cond/>
<LocList/>
<StmntSeq Intrnl_Id="846">
<LocList/>
</StmntSeq>
</Branch>
<Keyword EndOffset="5812" SrcFileId="20" StartOffset="5810"/>
<LocList>
<Loc EndOffset="5904" SrcFileId="20" StartOffset="5810"/>
</LocList>
</CondStmnt>
<BasicStmnt CovItemId="S41" CovItemPrefix="services.SecureService.java" Intrnl_Id="847">
<LocList>
<Loc EndOffset="5974" SrcFileId="20" StartOffset="5919"/>
</LocList>
</BasicStmnt>
<CondStmnt CovItemId="S37" CovItemPrefix="services.SecureService.java" Intrnl_Id="848">
<Branch CovItemId="B25" CovItemPrefix="services.SecureService.java" Implct="true" Intrnl_Id="849">
<Cond/>
<LocList/>
<StmntSeq Intrnl_Id="850">
<LocList/>
</StmntSeq>
</Branch>
<Branch CovItemId="B28" CovItemPrefix="services.SecureService.java" Implct="false" Intrnl_Id="851">
<Cond>
<Loc EndOffset="6021" SrcFileId="20" StartOffset="5985"/>
</Cond>
<LocList>
<Loc EndOffset="6083" SrcFileId="20" StartOffset="6022"/>
</LocList>
<StmntSeq Intrnl_Id="852">
<LocList>
<Loc EndOffset="6078" SrcFileId="20" StartOffset="6028"/>
</LocList>
<BasicStmnt CovItemId="S42" CovItemPrefix="services.SecureService.java" Intrnl_Id="853">
<LocList>
<Loc EndOffset="6078" SrcFileId="20" StartOffset="6028"/>
</LocList>
</BasicStmnt>
</StmntSeq>
</Branch>
<Branch CovItemId="B29" CovItemPrefix="services.SecureService.java" Implct="false" Intrnl_Id="854">
<Cond>
<Loc EndOffset="6116" SrcFileId="20" StartOffset="6087"/>
</Cond>
<LocList>
<Loc EndOffset="6165" SrcFileId="20" StartOffset="6120"/>
</LocList>
<StmntSeq Intrnl_Id="855">
<LocList>
<Loc EndOffset="6160" SrcFileId="20" StartOffset="6126"/>
</LocList>
<BasicStmnt CovItemId="S43" CovItemPrefix="services.SecureService.java" Intrnl_Id="856">
<LocList>
<Loc EndOffset="6160" SrcFileId="20" StartOffset="6126"/>
</LocList>
</BasicStmnt>
</StmntSeq>
</Branch>
<Branch CovItemId="B30" CovItemPrefix="services.SecureService.java" Implct="false" Intrnl_Id="857">
<Cond>
<Loc EndOffset="6197" SrcFileId="20" StartOffset="6169"/>
</Cond>
<LocList>
<Loc EndOffset="6246" SrcFileId="20" StartOffset="6201"/>
</LocList>
<StmntSeq Intrnl_Id="858">
<LocList>
<Loc EndOffset="6241" SrcFileId="20" StartOffset="6207"/>
</LocList>
<BasicStmnt CovItemId="S44" CovItemPrefix="services.SecureService.java" Intrnl_Id="859">
<LocList>
<Loc EndOffset="6241" SrcFileId="20" StartOffset="6207"/>
</LocList>
</BasicStmnt>
</StmntSeq>
</Branch>
<Keyword EndOffset="5699" SrcFileId="20" StartOffset="5696"/>
<LocList>
<Loc EndOffset="6246" SrcFileId="20" StartOffset="5696"/>
</LocList>
</CondStmnt>
</StmntSeq>
</HierarchyLvl>
<HierarchyLvl HierarchyLvlId="9894" HierarchyLvlTypeId="45" Intrnl_Id="860" Name="generateUsernameNotFoundError">
<Header>
<Loc EndOffset="6403" SrcFileId="20" StartOffset="6357"/>
</Header>
<LocList>
<Loc EndOffset="6498" SrcFileId="20" StartOffset="6357"/>
</LocList>
<StmntSeq Intrnl_Id="861">
<LocList>
<Loc EndOffset="6494" SrcFileId="20" StartOffset="6411"/>
</LocList>
<BasicStmnt CovItemId="S45" CovItemPrefix="services.SecureService.java" Intrnl_Id="862">
<LocList>
<Loc EndOffset="6494" SrcFileId="20" StartOffset="6411"/>
</LocList>
</BasicStmnt>
</StmntSeq>
</HierarchyLvl>
<HierarchyLvl HierarchyLvlId="9895" HierarchyLvlTypeId="45" Intrnl_Id="863" Name="generateInvalidLoginError">
<Header>
<Loc EndOffset="6636" SrcFileId="20" StartOffset="6594"/>
</Header>
<LocList>
<Loc EndOffset="6708" SrcFileId="20" StartOffset="6594"/>
</LocList>
<StmntSeq Intrnl_Id="864">
<LocList>
<Loc EndOffset="6704" SrcFileId="20" StartOffset="6644"/>
</LocList>
<BasicStmnt CovItemId="S46" CovItemPrefix="services.SecureService.java" Intrnl_Id="865">
<LocList>
<Loc EndOffset="6704" SrcFileId="20" StartOffset="6644"/>
</LocList>
</BasicStmnt>
</StmntSeq>
</HierarchyLvl>
<HierarchyLvl HierarchyLvlId="9896" HierarchyLvlTypeId="45" Intrnl_Id="866" Name="generateInvalidAuthError">
<Header>
<Loc EndOffset="6842" SrcFileId="20" StartOffset="6801"/>
</Header>
<LocList>
<Loc EndOffset="6944" SrcFileId="20" StartOffset="6801"/>
</LocList>
<StmntSeq Intrnl_Id="867">
<LocList>
<Loc EndOffset="6940" SrcFileId="20" StartOffset="6850"/>
</LocList>
<BasicStmnt CovItemId="S47" CovItemPrefix="services.SecureService.java" Intrnl_Id="868">
<LocList>
<Loc EndOffset="6940" SrcFileId="20" StartOffset="6850"/>
</LocList>
</BasicStmnt>
</StmntSeq>
</HierarchyLvl>
<HierarchyLvl HierarchyLvlId="9897" HierarchyLvlTypeId="45" Intrnl_Id="869" Name="generateInvalidDataError">
<Header>
<Loc EndOffset="7081" SrcFileId="20" StartOffset="7038"/>
</Header>
<LocList>
<Loc EndOffset="7156" SrcFileId="20" StartOffset="7038"/>
</LocList>
<StmntSeq Intrnl_Id="870">
<LocList>
<Loc EndOffset="7152" SrcFileId="20" StartOffset="7089"/>
</LocList>
<BasicStmnt CovItemId="S48" CovItemPrefix="services.SecureService.java" Intrnl_Id="871">
<LocList>
<Loc EndOffset="7152" SrcFileId="20" StartOffset="7089"/>
</LocList>
</BasicStmnt>
</StmntSeq>
</HierarchyLvl>
<HierarchyLvl HierarchyLvlId="9898" HierarchyLvlTypeId="45" Intrnl_Id="872" Name="generateError">
<Header>
<Loc EndOffset="7292" SrcFileId="20" StartOffset="7236"/>
</Header>
<LocList>
<Loc EndOffset="7426" SrcFileId="20" StartOffset="7236"/>
</LocList>
<StmntSeq Intrnl_Id="873">
<LocList>
<Loc EndOffset="7367" SrcFileId="20" StartOffset="7300"/>
<Loc EndOffset="7422" SrcFileId="20" StartOffset="7371"/>
</LocList>
<BasicStmnt CovItemId="S49" CovItemPrefix="services.SecureService.java" Intrnl_Id="874">
<LocList>
<Loc EndOffset="7367" SrcFileId="20" StartOffset="7300"/>
</LocList>
</BasicStmnt>
<BasicStmnt CovItemId="S50" CovItemPrefix="services.SecureService.java" Intrnl_Id="875">
<LocList>
<Loc EndOffset="7422" SrcFileId="20" StartOffset="7371"/>
</LocList>
</BasicStmnt>
</StmntSeq>
</HierarchyLvl>
<HierarchyLvl HierarchyLvlId="9899" HierarchyLvlTypeId="45" Intrnl_Id="876" Name="close">
<Header>
<Loc EndOffset="7584" SrcFileId="20" StartOffset="7565"/>
</Header>
<LocList>
<Loc EndOffset="7617" SrcFileId="20" StartOffset="7565"/>
</LocList>
<StmntSeq Intrnl_Id="877">
<LocList>
<Loc EndOffset="7613" SrcFileId="20" StartOffset="7592"/>
</LocList>
<BasicStmnt CovItemId="S51" CovItemPrefix="services.SecureService.java" Intrnl_Id="878">
<LocList>
<Loc EndOffset="7613" SrcFileId="20" StartOffset="7592"/>
</LocList>
</BasicStmnt>
</StmntSeq>
</HierarchyLvl>
</HierarchyLvl>
<HierarchyLvl HierarchyLvlId="9903" HierarchyLvlTypeId="44" Intrnl_Id="879" Name="RegisterDelegate">
<Header>
<Loc EndOffset="418" SrcFileId="21" StartOffset="365"/>
</Header>
<LocList>
<Loc EndOffset="1880" SrcFileId="21" StartOffset="365"/>
</LocList>
<HierarchyLvl HierarchyLvlId="9901" HierarchyLvlTypeId="45" Intrnl_Id="880" Name="RegisterDelegate">
<Header>
<Loc EndOffset="675" SrcFileId="21" StartOffset="610"/>
</Header>
<LocList>
<Loc EndOffset="710" SrcFileId="21" StartOffset="610"/>
</LocList>
<StmntSeq Intrnl_Id="881">
<LocList>
<Loc EndOffset="706" SrcFileId="21" StartOffset="681"/>
</LocList>
<BasicStmnt CovItemId="S1" CovItemPrefix="services.RegisterDelegate.java" Intrnl_Id="882">
<LocList>
<Loc EndOffset="706" SrcFileId="21" StartOffset="681"/>
</LocList>
</BasicStmnt>
</StmntSeq>
</HierarchyLvl>
<HierarchyLvl HierarchyLvlId="9902" HierarchyLvlTypeId="45" Intrnl_Id="883" Name="unsecureProcess">
<Header>
<Loc EndOffset="907" SrcFileId="21" StartOffset="794"/>
</Header>
<LocList>
<Loc EndOffset="1875" SrcFileId="21" StartOffset="794"/>
</LocList>
<StmntSeq Intrnl_Id="884">
<LocList>
<Loc EndOffset="1167" SrcFileId="21" StartOffset="919"/>
<Loc EndOffset="1425" SrcFileId="21" StartOffset="1177"/>
<Loc EndOffset="1674" SrcFileId="21" StartOffset="1435"/>
<Loc EndOffset="1716" SrcFileId="21" StartOffset="1684"/>
<Loc EndOffset="1811" SrcFileId="21" StartOffset="1721"/>
<Loc EndOffset="1867" SrcFileId="21" StartOffset="1816"/>
</LocList>
<CondStmnt CovItemId="S2" CovItemPrefix="services.RegisterDelegate.java" Intrnl_Id="885">
<Branch CovItemId="B1" CovItemPrefix="services.RegisterDelegate.java" Implct="false" Intrnl_Id="886">
<Cond/>
<LocList>
<Loc EndOffset="1167" SrcFileId="21" StartOffset="992"/>
</LocList>
<StmntSeq Intrnl_Id="887">
<LocList>
<Loc EndOffset="1104" SrcFileId="21" StartOffset="999"/>
<Loc EndOffset="1161" SrcFileId="21" StartOffset="1110"/>
</LocList>
<BasicStmnt CovItemId="S3" CovItemPrefix="services.RegisterDelegate.java" Intrnl_Id="888">
<LocList>
<Loc EndOffset="1104" SrcFileId="21" StartOffset="999"/>
</LocList>
</BasicStmnt>
<BasicStmnt CovItemId="S4" CovItemPrefix="services.RegisterDelegate.java" Intrnl_Id="889">
<LocList>
<Loc EndOffset="1161" SrcFileId="21" StartOffset="1110"/>
</LocList>
</BasicStmnt>
</StmntSeq>
</Branch>
<Branch CovItemId="B2" CovItemPrefix="services.RegisterDelegate.java" Implct="true" Intrnl_Id="890">
<Cond/>
<LocList/>
<StmntSeq Intrnl_Id="891">
<LocList/>
</StmntSeq>
</Branch>
<Keyword EndOffset="921" SrcFileId="21" StartOffset="919"/>
<LocList>
<Loc EndOffset="1167" SrcFileId="21" StartOffset="919"/>
</LocList>
</CondStmnt>
<CondStmnt CovItemId="S5" CovItemPrefix="services.RegisterDelegate.java" Intrnl_Id="892">
<Branch CovItemId="B3" CovItemPrefix="services.RegisterDelegate.java" Implct="false" Intrnl_Id="893">
<Cond/>
<LocList>
<Loc EndOffset="1425" SrcFileId="21" StartOffset="1250"/>
</LocList>
<StmntSeq Intrnl_Id="894">
<LocList>
<Loc EndOffset="1362" SrcFileId="21" StartOffset="1257"/>
<Loc EndOffset="1419" SrcFileId="21" StartOffset="1368"/>
</LocList>
<BasicStmnt CovItemId="S6" CovItemPrefix="services.RegisterDelegate.java" Intrnl_Id="895">
<LocList>
<Loc EndOffset="1362" SrcFileId="21" StartOffset="1257"/>
</LocList>
</BasicStmnt>
<BasicStmnt CovItemId="S7" CovItemPrefix="services.RegisterDelegate.java" Intrnl_Id="896">
<LocList>
<Loc EndOffset="1419" SrcFileId="21" StartOffset="1368"/>
</LocList>
</BasicStmnt>
</StmntSeq>
</Branch>
<Branch CovItemId="B4" CovItemPrefix="services.RegisterDelegate.java" Implct="true" Intrnl_Id="897">
<Cond/>
<LocList/>
<StmntSeq Intrnl_Id="898">
<LocList/>
</StmntSeq>
</Branch>
<Keyword EndOffset="1179" SrcFileId="21" StartOffset="1177"/>
<LocList>
<Loc EndOffset="1425" SrcFileId="21" StartOffset="1177"/>
</LocList>
</CondStmnt>
<CondStmnt CovItemId="S8" CovItemPrefix="services.RegisterDelegate.java" Intrnl_Id="899">
<Branch CovItemId="B5" CovItemPrefix="services.RegisterDelegate.java" Implct="false" Intrnl_Id="900">
<Cond/>
<LocList>
<Loc EndOffset="1674" SrcFileId="21" StartOffset="1498"/>
</LocList>
<StmntSeq Intrnl_Id="901">
<LocList>
<Loc EndOffset="1611" SrcFileId="21" StartOffset="1505"/>
<Loc EndOffset="1668" SrcFileId="21" StartOffset="1617"/>
</LocList>
<BasicStmnt CovItemId="S9" CovItemPrefix="services.RegisterDelegate.java" Intrnl_Id="902">
<LocList>
<Loc EndOffset="1611" SrcFileId="21" StartOffset="1505"/>
</LocList>
</BasicStmnt>
<BasicStmnt CovItemId="S10" CovItemPrefix="services.RegisterDelegate.java" Intrnl_Id="903">
<LocList>
<Loc EndOffset="1668" SrcFileId="21" StartOffset="1617"/>
</LocList>
</BasicStmnt>
</StmntSeq>
</Branch>
<Branch CovItemId="B6" CovItemPrefix="services.RegisterDelegate.java" Implct="true" Intrnl_Id="904">
<Cond/>
<LocList/>
<StmntSeq Intrnl_Id="905">
<LocList/>
</StmntSeq>
</Branch>
<Keyword EndOffset="1437" SrcFileId="21" StartOffset="1435"/>
<LocList>
<Loc EndOffset="1674" SrcFileId="21" StartOffset="1435"/>
</LocList>
</CondStmnt>
<BasicStmnt CovItemId="S11" CovItemPrefix="services.RegisterDelegate.java" Intrnl_Id="906">
<LocList>
<Loc EndOffset="1716" SrcFileId="21" StartOffset="1684"/>
</LocList>
</BasicStmnt>
<BasicStmnt CovItemId="S12" CovItemPrefix="services.RegisterDelegate.java" Intrnl_Id="907">
<LocList>
<Loc EndOffset="1811" SrcFileId="21" StartOffset="1721"/>
</LocList>
</BasicStmnt>
<BasicStmnt CovItemId="S13" CovItemPrefix="services.RegisterDelegate.java" Intrnl_Id="908">
<LocList>
<Loc EndOffset="1867" SrcFileId="21" StartOffset="1816"/>
</LocList>
</BasicStmnt>
</StmntSeq>
</HierarchyLvl>
</HierarchyLvl>
<HierarchyLvl HierarchyLvlId="9906" HierarchyLvlTypeId="44" Intrnl_Id="909" Name="RankingStatisticsDelegate">
<Header>
<Loc EndOffset="486" SrcFileId="22" StartOffset="424"/>
</Header>
<LocList>
<Loc EndOffset="1516" SrcFileId="22" StartOffset="424"/>
</LocList>
<HierarchyLvl HierarchyLvlId="9904" HierarchyLvlTypeId="45" Intrnl_Id="910" Name="RankingStatisticsDelegate">
<Header>
<Loc EndOffset="566" SrcFileId="22" StartOffset="492"/>
</Header>
<LocList>
<Loc EndOffset="644" SrcFileId="22" StartOffset="492"/>
</LocList>
<StmntSeq Intrnl_Id="911">
<LocList>
<Loc EndOffset="597" SrcFileId="22" StartOffset="572"/>
</LocList>
<BasicStmnt CovItemId="S1" CovItemPrefix="services.RankingStatisticsDelegate.java" Intrnl_Id="912">
<LocList>
<Loc EndOffset="597" SrcFileId="22" StartOffset="572"/>
</LocList>
</BasicStmnt>
</StmntSeq>
</HierarchyLvl>
<HierarchyLvl HierarchyLvlId="9905" HierarchyLvlTypeId="45" Intrnl_Id="913" Name="applyAuthProcess">
<Header>
<Loc EndOffset="897" SrcFileId="22" StartOffset="779"/>
</Header>
<LocList>
<Loc EndOffset="1509" SrcFileId="22" StartOffset="779"/>
</LocList>
<StmntSeq Intrnl_Id="914">
<LocList>
<Loc EndOffset="959" SrcFileId="22" StartOffset="905"/>
<Loc EndOffset="1038" SrcFileId="22" StartOffset="967"/>
<Loc EndOffset="1136" SrcFileId="22" StartOffset="1044"/>
<Loc EndOffset="1195" SrcFileId="22" StartOffset="1140"/>
<Loc EndOffset="1278" SrcFileId="22" StartOffset="1203"/>
<Loc EndOffset="1377" SrcFileId="22" StartOffset="1286"/>
<Loc EndOffset="1429" SrcFileId="22" StartOffset="1381"/>
<Loc EndOffset="1481" SrcFileId="22" StartOffset="1437"/>
<Loc EndOffset="1503" SrcFileId="22" StartOffset="1489"/>
</LocList>
<BasicStmnt CovItemId="S2" CovItemPrefix="services.RankingStatisticsDelegate.java" Intrnl_Id="915">
<LocList>
<Loc EndOffset="959" SrcFileId="22" StartOffset="905"/>
</LocList>
</BasicStmnt>
<BasicStmnt CovItemId="S3" CovItemPrefix="services.RankingStatisticsDelegate.java" Intrnl_Id="916">
<LocList>
<Loc EndOffset="1038" SrcFileId="22" StartOffset="967"/>
</LocList>
</BasicStmnt>
<BasicStmnt CovItemId="S4" CovItemPrefix="services.RankingStatisticsDelegate.java" Intrnl_Id="917">
<LocList>
<Loc EndOffset="1136" SrcFileId="22" StartOffset="1044"/>
</LocList>
</BasicStmnt>
<BasicStmnt CovItemId="S5" CovItemPrefix="services.RankingStatisticsDelegate.java" Intrnl_Id="918">
<LocList>
<Loc EndOffset="1195" SrcFileId="22" StartOffset="1140"/>
</LocList>
</BasicStmnt>
<BasicStmnt CovItemId="S6" CovItemPrefix="services.RankingStatisticsDelegate.java" Intrnl_Id="919">
<LocList>
<Loc EndOffset="1278" SrcFileId="22" StartOffset="1203"/>
</LocList>
</BasicStmnt>
<BasicStmnt CovItemId="S7" CovItemPrefix="services.RankingStatisticsDelegate.java" Intrnl_Id="920">
<LocList>
<Loc EndOffset="1377" SrcFileId="22" StartOffset="1286"/>
</LocList>
</BasicStmnt>
<BasicStmnt CovItemId="S8" CovItemPrefix="services.RankingStatisticsDelegate.java" Intrnl_Id="921">
<LocList>
<Loc EndOffset="1429" SrcFileId="22" StartOffset="1381"/>
</LocList>
</BasicStmnt>
<BasicStmnt CovItemId="S9" CovItemPrefix="services.RankingStatisticsDelegate.java" Intrnl_Id="922">
<LocList>
<Loc EndOffset="1481" SrcFileId="22" StartOffset="1437"/>
</LocList>
</BasicStmnt>
<BasicStmnt CovItemId="S10" CovItemPrefix="services.RankingStatisticsDelegate.java" Intrnl_Id="923">
<LocList>
<Loc EndOffset="1503" SrcFileId="22" StartOffset="1489"/>
</LocList>
</BasicStmnt>
</StmntSeq>
</HierarchyLvl>
</HierarchyLvl>
<HierarchyLvl HierarchyLvlId="9909" HierarchyLvlTypeId="44" Intrnl_Id="924" Name="PersonalStatisticsDelegate">
<Header>
<Loc EndOffset="521" SrcFileId="23" StartOffset="458"/>
</Header>
<LocList>
<Loc EndOffset="1269" SrcFileId="23" StartOffset="458"/>
</LocList>
<HierarchyLvl HierarchyLvlId="9907" HierarchyLvlTypeId="45" Intrnl_Id="925" Name="PersonalStatisticsDelegate">
<Header>
<Loc EndOffset="603" SrcFileId="23" StartOffset="528"/>
</Header>
<LocList>
<Loc EndOffset="681" SrcFileId="23" StartOffset="528"/>
</LocList>
<StmntSeq Intrnl_Id="926">
<LocList>
<Loc EndOffset="634" SrcFileId="23" StartOffset="609"/>
</LocList>
<BasicStmnt CovItemId="S1" CovItemPrefix="services.PersonalStatisticsDelegate.java" Intrnl_Id="927">
<LocList>
<Loc EndOffset="634" SrcFileId="23" StartOffset="609"/>
</LocList>
</BasicStmnt>
</StmntSeq>
</HierarchyLvl>
<HierarchyLvl HierarchyLvlId="9908" HierarchyLvlTypeId="45" Intrnl_Id="928" Name="applyAuthProcess">
<Header>
<Loc EndOffset="893" SrcFileId="23" StartOffset="775"/>
</Header>
<LocList>
<Loc EndOffset="1266" SrcFileId="23" StartOffset="775"/>
</LocList>
<StmntSeq Intrnl_Id="929">
<LocList>
<Loc EndOffset="955" SrcFileId="23" StartOffset="901"/>
<Loc EndOffset="1046" SrcFileId="23" StartOffset="963"/>
<Loc EndOffset="1079" SrcFileId="23" StartOffset="1050"/>
<Loc EndOffset="1162" SrcFileId="23" StartOffset="1085"/>
<Loc EndOffset="1203" SrcFileId="23" StartOffset="1166"/>
<Loc EndOffset="1260" SrcFileId="23" StartOffset="1209"/>
</LocList>
<BasicStmnt CovItemId="S2" CovItemPrefix="services.PersonalStatisticsDelegate.java" Intrnl_Id="930">
<LocList>
<Loc EndOffset="955" SrcFileId="23" StartOffset="901"/>
</LocList>
</BasicStmnt>
<BasicStmnt CovItemId="S3" CovItemPrefix="services.PersonalStatisticsDelegate.java" Intrnl_Id="931">
<LocList>
<Loc EndOffset="1046" SrcFileId="23" StartOffset="963"/>
</LocList>
</BasicStmnt>
<BasicStmnt CovItemId="S4" CovItemPrefix="services.PersonalStatisticsDelegate.java" Intrnl_Id="932">
<LocList>
<Loc EndOffset="1079" SrcFileId="23" StartOffset="1050"/>
</LocList>
</BasicStmnt>
<BasicStmnt CovItemId="S5" CovItemPrefix="services.PersonalStatisticsDelegate.java" Intrnl_Id="933">
<LocList>
<Loc EndOffset="1162" SrcFileId="23" StartOffset="1085"/>
</LocList>
</BasicStmnt>
<BasicStmnt CovItemId="S6" CovItemPrefix="services.PersonalStatisticsDelegate.java" Intrnl_Id="934">
<LocList>
<Loc EndOffset="1203" SrcFileId="23" StartOffset="1166"/>
</LocList>
</BasicStmnt>
<BasicStmnt CovItemId="S7" CovItemPrefix="services.PersonalStatisticsDelegate.java" Intrnl_Id="935">
<LocList>
<Loc EndOffset="1260" SrcFileId="23" StartOffset="1209"/>
</LocList>
</BasicStmnt>
</StmntSeq>
</HierarchyLvl>
</HierarchyLvl>
<HierarchyLvl HierarchyLvlId="9912" HierarchyLvlTypeId="44" Intrnl_Id="936" Name="LogoutDelegate">
<Header>
<Loc EndOffset="505" SrcFileId="24" StartOffset="454"/>
</Header>
<LocList>
<Loc EndOffset="1112" SrcFileId="24" StartOffset="454"/>
</LocList>
<HierarchyLvl HierarchyLvlId="9910" HierarchyLvlTypeId="45" Intrnl_Id="937" Name="LogoutDelegate">
<Header>
<Loc EndOffset="652" SrcFileId="24" StartOffset="589"/>
</Header>
<LocList>
<Loc EndOffset="687" SrcFileId="24" StartOffset="589"/>
</LocList>
<StmntSeq Intrnl_Id="938">
<LocList>
<Loc EndOffset="683" SrcFileId="24" StartOffset="658"/>
</LocList>
<BasicStmnt CovItemId="S1" CovItemPrefix="services.LogoutDelegate.java" Intrnl_Id="939">
<LocList>
<Loc EndOffset="683" SrcFileId="24" StartOffset="658"/>
</LocList>
</BasicStmnt>
</StmntSeq>
</HierarchyLvl>
<HierarchyLvl HierarchyLvlId="9911" HierarchyLvlTypeId="45" Intrnl_Id="940" Name="applyAuthProcess">
<Header>
<Loc EndOffset="891" SrcFileId="24" StartOffset="773"/>
</Header>
<LocList>
<Loc EndOffset="1107" SrcFileId="24" StartOffset="773"/>
</LocList>
<StmntSeq Intrnl_Id="941">
<LocList>
<Loc EndOffset="952" SrcFileId="24" StartOffset="898"/>
<Loc EndOffset="1047" SrcFileId="24" StartOffset="957"/>
<Loc EndOffset="1103" SrcFileId="24" StartOffset="1052"/>
</LocList>
<BasicStmnt CovItemId="S2" CovItemPrefix="services.LogoutDelegate.java" Intrnl_Id="942">
<LocList>
<Loc EndOffset="952" SrcFileId="24" StartOffset="898"/>
</LocList>
</BasicStmnt>
<BasicStmnt CovItemId="S3" CovItemPrefix="services.LogoutDelegate.java" Intrnl_Id="943">
<LocList>
<Loc EndOffset="1047" SrcFileId="24" StartOffset="957"/>
</LocList>
</BasicStmnt>
<BasicStmnt CovItemId="S4" CovItemPrefix="services.LogoutDelegate.java" Intrnl_Id="944">
<LocList>
<Loc EndOffset="1103" SrcFileId="24" StartOffset="1052"/>
</LocList>
</BasicStmnt>
</StmntSeq>
</HierarchyLvl>
</HierarchyLvl>
<HierarchyLvl HierarchyLvlId="9916" HierarchyLvlTypeId="44" Intrnl_Id="945" Name="LoginDelegate">
<Header>
<Loc EndOffset="492" SrcFileId="25" StartOffset="442"/>
</Header>
<LocList>
<Loc EndOffset="1642" SrcFileId="25" StartOffset="442"/>
</LocList>
<HierarchyLvl HierarchyLvlId="9913" HierarchyLvlTypeId="45" Intrnl_Id="946" Name="LoginDelegate">
<Header>
<Loc EndOffset="644" SrcFileId="25" StartOffset="582"/>
</Header>
<LocList>
<Loc EndOffset="679" SrcFileId="25" StartOffset="582"/>
</LocList>
<StmntSeq Intrnl_Id="947">
<LocList>
<Loc EndOffset="675" SrcFileId="25" StartOffset="650"/>
</LocList>
<BasicStmnt CovItemId="S1" CovItemPrefix="services.LoginDelegate.java" Intrnl_Id="948">
<LocList>
<Loc EndOffset="675" SrcFileId="25" StartOffset="650"/>
</LocList>
</BasicStmnt>
</StmntSeq>
</HierarchyLvl>
<HierarchyLvl HierarchyLvlId="9914" HierarchyLvlTypeId="45" Intrnl_Id="949" Name="applyLoginProcess">
<Header>
<Loc EndOffset="871" SrcFileId="25" StartOffset="756"/>
</Header>
<LocList>
<Loc EndOffset="1141" SrcFileId="25" StartOffset="756"/>
</LocList>
<StmntSeq Intrnl_Id="950">
<LocList>
<Loc EndOffset="937" SrcFileId="25" StartOffset="881"/>
<Loc EndOffset="1035" SrcFileId="25" StartOffset="945"/>
<Loc EndOffset="1082" SrcFileId="25" StartOffset="1039"/>
<Loc EndOffset="1137" SrcFileId="25" StartOffset="1086"/>
</LocList>
<BasicStmnt CovItemId="S2" CovItemPrefix="services.LoginDelegate.java" Intrnl_Id="951">
<LocList>
<Loc EndOffset="937" SrcFileId="25" StartOffset="881"/>
</LocList>
</BasicStmnt>
<BasicStmnt CovItemId="S3" CovItemPrefix="services.LoginDelegate.java" Intrnl_Id="952">
<LocList>
<Loc EndOffset="1035" SrcFileId="25" StartOffset="945"/>
</LocList>
</BasicStmnt>
<BasicStmnt CovItemId="S4" CovItemPrefix="services.LoginDelegate.java" Intrnl_Id="953">
<LocList>
<Loc EndOffset="1082" SrcFileId="25" StartOffset="1039"/>
</LocList>
</BasicStmnt>
<BasicStmnt CovItemId="S5" CovItemPrefix="services.LoginDelegate.java" Intrnl_Id="954">
<LocList>
<Loc EndOffset="1137" SrcFileId="25" StartOffset="1086"/>
</LocList>
</BasicStmnt>
</StmntSeq>
</HierarchyLvl>
<HierarchyLvl HierarchyLvlId="9915" HierarchyLvlTypeId="45" Intrnl_Id="955" Name="generateAuthenticationToken">
<Header>
<Loc EndOffset="1489" SrcFileId="25" StartOffset="1396"/>
</Header>
<LocList>
<Loc EndOffset="1636" SrcFileId="25" StartOffset="1396"/>
</LocList>
<StmntSeq Intrnl_Id="956">
<LocList>
<Loc EndOffset="1545" SrcFileId="25" StartOffset="1497"/>
<Loc EndOffset="1607" SrcFileId="25" StartOffset="1553"/>
<Loc EndOffset="1632" SrcFileId="25" StartOffset="1615"/>
</LocList>
<BasicStmnt CovItemId="S6" CovItemPrefix="services.LoginDelegate.java" Intrnl_Id="957">
<LocList>
<Loc EndOffset="1545" SrcFileId="25" StartOffset="1497"/>
</LocList>
</BasicStmnt>
<BasicStmnt CovItemId="S7" CovItemPrefix="services.LoginDelegate.java" Intrnl_Id="958">
<LocList>
<Loc EndOffset="1607" SrcFileId="25" StartOffset="1553"/>
</LocList>
</BasicStmnt>
<BasicStmnt CovItemId="S8" CovItemPrefix="services.LoginDelegate.java" Intrnl_Id="959">
<LocList>
<Loc EndOffset="1632" SrcFileId="25" StartOffset="1615"/>
</LocList>
</BasicStmnt>
</StmntSeq>
</HierarchyLvl>
</HierarchyLvl>
<HierarchyLvl HierarchyLvlId="9919" HierarchyLvlTypeId="44" Intrnl_Id="960" Name="CommunityStatisticsDelegate">
<Header>
<Loc EndOffset="524" SrcFileId="26" StartOffset="460"/>
</Header>
<LocList>
<Loc EndOffset="1263" SrcFileId="26" StartOffset="460"/>
</LocList>
<HierarchyLvl HierarchyLvlId="9917" HierarchyLvlTypeId="45" Intrnl_Id="961" Name="CommunityStatisticsDelegate">
<Header>
<Loc EndOffset="607" SrcFileId="26" StartOffset="531"/>
</Header>
<LocList>
<Loc EndOffset="685" SrcFileId="26" StartOffset="531"/>
</LocList>
<StmntSeq Intrnl_Id="962">
<LocList>
<Loc EndOffset="638" SrcFileId="26" StartOffset="613"/>
</LocList>
<BasicStmnt CovItemId="S1" CovItemPrefix="services.CommunityStatisticsDelegate.java" Intrnl_Id="963">
<LocList>
<Loc EndOffset="638" SrcFileId="26" StartOffset="613"/>
</LocList>
</BasicStmnt>
</StmntSeq>
</HierarchyLvl>
<HierarchyLvl HierarchyLvlId="9918" HierarchyLvlTypeId="45" Intrnl_Id="964" Name="applyAuthProcess">
<Header>
<Loc EndOffset="897" SrcFileId="26" StartOffset="779"/>
</Header>
<LocList>
<Loc EndOffset="1260" SrcFileId="26" StartOffset="779"/>
</LocList>
<StmntSeq Intrnl_Id="965">
<LocList>
<Loc EndOffset="959" SrcFileId="26" StartOffset="905"/>
<Loc EndOffset="1039" SrcFileId="26" StartOffset="967"/>
<Loc EndOffset="1072" SrcFileId="26" StartOffset="1043"/>
<Loc EndOffset="1155" SrcFileId="26" StartOffset="1078"/>
<Loc EndOffset="1197" SrcFileId="26" StartOffset="1159"/>
<Loc EndOffset="1254" SrcFileId="26" StartOffset="1203"/>
</LocList>
<BasicStmnt CovItemId="S2" CovItemPrefix="services.CommunityStatisticsDelegate.java" Intrnl_Id="966">
<LocList>
<Loc EndOffset="959" SrcFileId="26" StartOffset="905"/>
</LocList>
</BasicStmnt>
<BasicStmnt CovItemId="S3" CovItemPrefix="services.CommunityStatisticsDelegate.java" Intrnl_Id="967">
<LocList>
<Loc EndOffset="1039" SrcFileId="26" StartOffset="967"/>
</LocList>
</BasicStmnt>
<BasicStmnt CovItemId="S4" CovItemPrefix="services.CommunityStatisticsDelegate.java" Intrnl_Id="968">
<LocList>
<Loc EndOffset="1072" SrcFileId="26" StartOffset="1043"/>
</LocList>
</BasicStmnt>
<BasicStmnt CovItemId="S5" CovItemPrefix="services.CommunityStatisticsDelegate.java" Intrnl_Id="969">
<LocList>
<Loc EndOffset="1155" SrcFileId="26" StartOffset="1078"/>
</LocList>
</BasicStmnt>
<BasicStmnt CovItemId="S6" CovItemPrefix="services.CommunityStatisticsDelegate.java" Intrnl_Id="970">
<LocList>
<Loc EndOffset="1197" SrcFileId="26" StartOffset="1159"/>
</LocList>
</BasicStmnt>
<BasicStmnt CovItemId="S7" CovItemPrefix="services.CommunityStatisticsDelegate.java" Intrnl_Id="971">
<LocList>
<Loc EndOffset="1254" SrcFileId="26" StartOffset="1203"/>
</LocList>
</BasicStmnt>
</StmntSeq>
</HierarchyLvl>
</HierarchyLvl>
<HierarchyLvl HierarchyLvlId="9922" HierarchyLvlTypeId="44" Intrnl_Id="972" Name="AuthenticationService">
<Header>
<Loc EndOffset="784" SrcFileId="27" StartOffset="750"/>
</Header>
<LocList>
<Loc EndOffset="1600" SrcFileId="27" StartOffset="750"/>
</LocList>
<HierarchyLvl HierarchyLvlId="9920" HierarchyLvlTypeId="45" Intrnl_Id="973" Name="AuthenticationService">
<Header>
<Loc EndOffset="983" SrcFileId="27" StartOffset="929"/>
</Header>
<LocList>
<Loc EndOffset="1451" SrcFileId="27" StartOffset="929"/>
</LocList>
<StmntSeq Intrnl_Id="974">
<LocList>
<Loc EndOffset="1137" SrcFileId="27" StartOffset="1093"/>
<Loc EndOffset="1237" SrcFileId="27" StartOffset="1142"/>
<Loc EndOffset="1270" SrcFileId="27" StartOffset="1242"/>
<Loc EndOffset="1318" SrcFileId="27" StartOffset="1280"/>
<Loc EndOffset="1447" SrcFileId="27" StartOffset="992"/>
</LocList>
<BasicStmnt CovItemId="S2" CovItemPrefix="services.AuthenticationService.java" Intrnl_Id="975">
<LocList>
<Loc EndOffset="1137" SrcFileId="27" StartOffset="1093"/>
</LocList>
</BasicStmnt>
<BasicStmnt CovItemId="S3" CovItemPrefix="services.AuthenticationService.java" Intrnl_Id="976">
<LocList>
<Loc EndOffset="1237" SrcFileId="27" StartOffset="1142"/>
</LocList>
</BasicStmnt>
<BasicStmnt CovItemId="S4" CovItemPrefix="services.AuthenticationService.java" Intrnl_Id="977">
<LocList>
<Loc EndOffset="1270" SrcFileId="27" StartOffset="1242"/>
</LocList>
</BasicStmnt>
<BasicStmnt CovItemId="S5" CovItemPrefix="services.AuthenticationService.java" Intrnl_Id="978">
<LocList>
<Loc EndOffset="1318" SrcFileId="27" StartOffset="1280"/>
</LocList>
</BasicStmnt>
<CondStmnt CovItemId="S1" CovItemPrefix="services.AuthenticationService.java" Intrnl_Id="979">
<Branch CovItemId="B1" CovItemPrefix="services.AuthenticationService.java" Implct="true" Intrnl_Id="980">
<Cond/>
<LocList/>
<StmntSeq Intrnl_Id="981">
<LocList/>
</StmntSeq>
</Branch>
<Branch CovItemId="B2" CovItemPrefix="services.AuthenticationService.java" Implct="false" Intrnl_Id="982">
<Cond>
<Loc EndOffset="1360" SrcFileId="27" StartOffset="1324"/>
</Cond>
<LocList>
<Loc EndOffset="1447" SrcFileId="27" StartOffset="1361"/>
</LocList>
<StmntSeq Intrnl_Id="983">
<LocList>
<Loc EndOffset="1442" SrcFileId="27" StartOffset="1412"/>
</LocList>
<BasicStmnt CovItemId="S6" CovItemPrefix="services.AuthenticationService.java" Intrnl_Id="984">
<LocList>
<Loc EndOffset="1442" SrcFileId="27" StartOffset="1412"/>
</LocList>
</BasicStmnt>
</StmntSeq>
</Branch>
<Keyword EndOffset="995" SrcFileId="27" StartOffset="992"/>
<LocList>
<Loc EndOffset="1447" SrcFileId="27" StartOffset="992"/>
</LocList>
</CondStmnt>
</StmntSeq>
</HierarchyLvl>
<HierarchyLvl HierarchyLvlId="9921" HierarchyLvlTypeId="45" Intrnl_Id="985" Name="testDatabaseConnection">
<Header>
<Loc EndOffset="1498" SrcFileId="27" StartOffset="1460"/>
</Header>
<LocList>
<Loc EndOffset="1592" SrcFileId="27" StartOffset="1460"/>
</LocList>
<StmntSeq Intrnl_Id="986">
<LocList>
<Loc EndOffset="1542" SrcFileId="27" StartOffset="1506"/>
<Loc EndOffset="1566" SrcFileId="27" StartOffset="1546"/>
<Loc EndOffset="1584" SrcFileId="27" StartOffset="1570"/>
</LocList>
<BasicStmnt CovItemId="S7" CovItemPrefix="services.AuthenticationService.java" Intrnl_Id="987">
<LocList>
<Loc EndOffset="1542" SrcFileId="27" StartOffset="1506"/>
</LocList>
</BasicStmnt>
<BasicStmnt CovItemId="S8" CovItemPrefix="services.AuthenticationService.java" Intrnl_Id="988">
<LocList>
<Loc EndOffset="1566" SrcFileId="27" StartOffset="1546"/>
</LocList>
</BasicStmnt>
<BasicStmnt CovItemId="S9" CovItemPrefix="services.AuthenticationService.java" Intrnl_Id="989">
<LocList>
<Loc EndOffset="1584" SrcFileId="27" StartOffset="1570"/>
</LocList>
</BasicStmnt>
</StmntSeq>
</HierarchyLvl>
</HierarchyLvl>
</HierarchyLvl>
<HierarchyLvl HierarchyLvlId="10206" HierarchyLvlTypeId="43" Intrnl_Id="990" Name="database">
<Header/>
<LocList/>
<HierarchyLvl HierarchyLvlId="9945" HierarchyLvlTypeId="44" Intrnl_Id="991" Name="ResponseObject">
<Header>
<Loc EndOffset="583" SrcFileId="28" StartOffset="556"/>
</Header>
<LocList>
<Loc EndOffset="4348" SrcFileId="28" StartOffset="556"/>
<Loc EndOffset="6969" SrcFileId="28" StartOffset="6963"/>
</LocList>
<StmntSeq Intrnl_Id="992">
<LocList>
<Loc EndOffset="634" SrcFileId="28" StartOffset="590"/>
<Loc EndOffset="682" SrcFileId="28" StartOffset="637"/>
</LocList>
<BasicStmnt CovItemId="S1" CovItemPrefix="database.ResponseObject.java" Intrnl_Id="993">
<LocList>
<Loc EndOffset="634" SrcFileId="28" StartOffset="590"/>
</LocList>
</BasicStmnt>
<BasicStmnt CovItemId="S2" CovItemPrefix="database.ResponseObject.java" Intrnl_Id="994">
<LocList>
<Loc EndOffset="682" SrcFileId="28" StartOffset="637"/>
</LocList>
</BasicStmnt>
</StmntSeq>
<HierarchyLvl HierarchyLvlId="9923" HierarchyLvlTypeId="45" Intrnl_Id="995" Name="ResponseObject">
<Header>
<Loc EndOffset="1121" SrcFileId="28" StartOffset="1098"/>
</Header>
<LocList>
<Loc EndOffset="1125" SrcFileId="28" StartOffset="1098"/>
</LocList>
</HierarchyLvl>
<HierarchyLvl HierarchyLvlId="9924" HierarchyLvlTypeId="45" Intrnl_Id="996" Name="ResponseObject">
<Header>
<Loc EndOffset="1379" SrcFileId="28" StartOffset="1315"/>
</Header>
<LocList>
<Loc EndOffset="1462" SrcFileId="28" StartOffset="1315"/>
</LocList>
<StmntSeq Intrnl_Id="997">
<LocList>
<Loc EndOffset="1410" SrcFileId="28" StartOffset="1387"/>
<Loc EndOffset="1437" SrcFileId="28" StartOffset="1414"/>
<Loc EndOffset="1458" SrcFileId="28" StartOffset="1441"/>
</LocList>
<BasicStmnt CovItemId="S3" CovItemPrefix="database.ResponseObject.java" Intrnl_Id="998">
<LocList>
<Loc EndOffset="1410" SrcFileId="28" StartOffset="1387"/>
</LocList>
</BasicStmnt>
<BasicStmnt CovItemId="S4" CovItemPrefix="database.ResponseObject.java" Intrnl_Id="999">
<LocList>
<Loc EndOffset="1437" SrcFileId="28" StartOffset="1414"/>
</LocList>
</BasicStmnt>
<BasicStmnt CovItemId="S5" CovItemPrefix="database.ResponseObject.java" Intrnl_Id="1000">
<LocList>
<Loc EndOffset="1458" SrcFileId="28" StartOffset="1441"/>
</LocList>
</BasicStmnt>
</StmntSeq>
</HierarchyLvl>
<HierarchyLvl HierarchyLvlId="9925" HierarchyLvlTypeId="45" Intrnl_Id="1001" Name="getCode">
<Header>
<Loc EndOffset="1549" SrcFileId="28" StartOffset="1529"/>
</Header>
<LocList>
<Loc EndOffset="1571" SrcFileId="28" StartOffset="1529"/>
</LocList>
<StmntSeq Intrnl_Id="1002">
<LocList>
<Loc EndOffset="1567" SrcFileId="28" StartOffset="1555"/>
</LocList>
<BasicStmnt CovItemId="S6" CovItemPrefix="database.ResponseObject.java" Intrnl_Id="1003">
<LocList>
<Loc EndOffset="1567" SrcFileId="28" StartOffset="1555"/>
</LocList>
</BasicStmnt>
</StmntSeq>
</HierarchyLvl>
<HierarchyLvl HierarchyLvlId="9926" HierarchyLvlTypeId="45" Intrnl_Id="1004" Name="setCode">
<Header>
<Loc EndOffset="1660" SrcFileId="28" StartOffset="1631"/>
</Header>
<LocList>
<Loc EndOffset="1687" SrcFileId="28" StartOffset="1631"/>
</LocList>
<StmntSeq Intrnl_Id="1005">
<LocList>
<Loc EndOffset="1683" SrcFileId="28" StartOffset="1666"/>
</LocList>
<BasicStmnt CovItemId="S7" CovItemPrefix="database.ResponseObject.java" Intrnl_Id="1006">
<LocList>
<Loc EndOffset="1683" SrcFileId="28" StartOffset="1666"/>
</LocList>
</BasicStmnt>
</StmntSeq>
</HierarchyLvl>
<HierarchyLvl HierarchyLvlId="9927" HierarchyLvlTypeId="45" Intrnl_Id="1007" Name="getCommunityStatistics">
<Header>
<Loc EndOffset="1796" SrcFileId="28" StartOffset="1745"/>
</Header>
<LocList>
<Loc EndOffset="1833" SrcFileId="28" StartOffset="1745"/>
</LocList>
<StmntSeq Intrnl_Id="1008">
<LocList>
<Loc EndOffset="1829" SrcFileId="28" StartOffset="1802"/>
</LocList>
<BasicStmnt CovItemId="S8" CovItemPrefix="database.ResponseObject.java" Intrnl_Id="1009">
<LocList>
<Loc EndOffset="1829" SrcFileId="28" StartOffset="1802"/>
</LocList>
</BasicStmnt>
</StmntSeq>
</HierarchyLvl>
<HierarchyLvl HierarchyLvlId="9928" HierarchyLvlTypeId="45" Intrnl_Id="1010" Name="setCommunityStatistics">
<Header>
<Loc EndOffset="1991" SrcFileId="28" StartOffset="1916"/>
</Header>
<LocList>
<Loc EndOffset="2048" SrcFileId="28" StartOffset="1916"/>
</LocList>
<StmntSeq Intrnl_Id="1011">
<LocList>
<Loc EndOffset="2044" SrcFileId="28" StartOffset="1997"/>
</LocList>
<BasicStmnt CovItemId="S9" CovItemPrefix="database.ResponseObject.java" Intrnl_Id="1012">
<LocList>
<Loc EndOffset="2044" SrcFileId="28" StartOffset="1997"/>
</LocList>
</BasicStmnt>
</StmntSeq>
</HierarchyLvl>
<HierarchyLvl HierarchyLvlId="9929" HierarchyLvlTypeId="45" Intrnl_Id="1013" Name="getRankingStatistics">
<Header>
<Loc EndOffset="2157" SrcFileId="28" StartOffset="2110"/>
</Header>
<LocList>
<Loc EndOffset="2192" SrcFileId="28" StartOffset="2110"/>
</LocList>
<StmntSeq Intrnl_Id="1014">
<LocList>
<Loc EndOffset="2188" SrcFileId="28" StartOffset="2163"/>
</LocList>
<BasicStmnt CovItemId="S10" CovItemPrefix="database.ResponseObject.java" Intrnl_Id="1015">
<LocList>
<Loc EndOffset="2188" SrcFileId="28" StartOffset="2163"/>
</LocList>
</BasicStmnt>
</StmntSeq>
</HierarchyLvl>
<HierarchyLvl HierarchyLvlId="9930" HierarchyLvlTypeId="45" Intrnl_Id="1016" Name="setRankingStatistics">
<Header>
<Loc EndOffset="2345" SrcFileId="28" StartOffset="2276"/>
</Header>
<LocList>
<Loc EndOffset="2398" SrcFileId="28" StartOffset="2276"/>
</LocList>
<StmntSeq Intrnl_Id="1017">
<LocList>
<Loc EndOffset="2394" SrcFileId="28" StartOffset="2351"/>
</LocList>
<BasicStmnt CovItemId="S11" CovItemPrefix="database.ResponseObject.java" Intrnl_Id="1018">
<LocList>
<Loc EndOffset="2394" SrcFileId="28" StartOffset="2351"/>
</LocList>
</BasicStmnt>
</StmntSeq>
</HierarchyLvl>
<HierarchyLvl HierarchyLvlId="9931" HierarchyLvlTypeId="45" Intrnl_Id="1019" Name="getUploadGameSuccess">
<Header>
<Loc EndOffset="2509" SrcFileId="28" StartOffset="2462"/>
</Header>
<LocList>
<Loc EndOffset="2544" SrcFileId="28" StartOffset="2462"/>
</LocList>
<StmntSeq Intrnl_Id="1020">
<LocList>
<Loc EndOffset="2540" SrcFileId="28" StartOffset="2515"/>
</LocList>
<BasicStmnt CovItemId="S12" CovItemPrefix="database.ResponseObject.java" Intrnl_Id="1021">
<LocList>
<Loc EndOffset="2540" SrcFileId="28" StartOffset="2515"/>
</LocList>
</BasicStmnt>
</StmntSeq>
</HierarchyLvl>
<HierarchyLvl HierarchyLvlId="9932" HierarchyLvlTypeId="45" Intrnl_Id="1022" Name="setUploadGameSuccess">
<Header>
<Loc EndOffset="2677" SrcFileId="28" StartOffset="2608"/>
</Header>
<LocList>
<Loc EndOffset="2730" SrcFileId="28" StartOffset="2608"/>
</LocList>
<StmntSeq Intrnl_Id="1023">
<LocList>
<Loc EndOffset="2726" SrcFileId="28" StartOffset="2683"/>
</LocList>
<BasicStmnt CovItemId="S13" CovItemPrefix="database.ResponseObject.java" Intrnl_Id="1024">
<LocList>
<Loc EndOffset="2726" SrcFileId="28" StartOffset="2683"/>
</LocList>
</BasicStmnt>
</StmntSeq>
</HierarchyLvl>
<HierarchyLvl HierarchyLvlId="9933" HierarchyLvlTypeId="45" Intrnl_Id="1025" Name="getUploadMiscSuccess">
<Header>
<Loc EndOffset="2842" SrcFileId="28" StartOffset="2794"/>
</Header>
<LocList>
<Loc EndOffset="2877" SrcFileId="28" StartOffset="2794"/>
</LocList>
<StmntSeq Intrnl_Id="1026">
<LocList>
<Loc EndOffset="2873" SrcFileId="28" StartOffset="2848"/>
</LocList>
<BasicStmnt CovItemId="S14" CovItemPrefix="database.ResponseObject.java" Intrnl_Id="1027">
<LocList>
<Loc EndOffset="2873" SrcFileId="28" StartOffset="2848"/>
</LocList>
</BasicStmnt>
</StmntSeq>
</HierarchyLvl>
<HierarchyLvl HierarchyLvlId="9934" HierarchyLvlTypeId="45" Intrnl_Id="1028" Name="setUploadMiscSuccess">
<Header>
<Loc EndOffset="3011" SrcFileId="28" StartOffset="2941"/>
</Header>
<LocList>
<Loc EndOffset="3064" SrcFileId="28" StartOffset="2941"/>
</LocList>
<StmntSeq Intrnl_Id="1029">
<LocList>
<Loc EndOffset="3060" SrcFileId="28" StartOffset="3017"/>
</LocList>
<BasicStmnt CovItemId="S15" CovItemPrefix="database.ResponseObject.java" Intrnl_Id="1030">
<LocList>
<Loc EndOffset="3060" SrcFileId="28" StartOffset="3017"/>
</LocList>
</BasicStmnt>
</StmntSeq>
</HierarchyLvl>
<HierarchyLvl HierarchyLvlId="9935" HierarchyLvlTypeId="45" Intrnl_Id="1031" Name="isSuccess">
<Header>
<Loc EndOffset="3152" SrcFileId="28" StartOffset="3126"/>
</Header>
<LocList>
<Loc EndOffset="3177" SrcFileId="28" StartOffset="3126"/>
</LocList>
<StmntSeq Intrnl_Id="1032">
<LocList>
<Loc EndOffset="3173" SrcFileId="28" StartOffset="3158"/>
</LocList>
<BasicStmnt CovItemId="S16" CovItemPrefix="database.ResponseObject.java" Intrnl_Id="1033">
<LocList>
<Loc EndOffset="3173" SrcFileId="28" StartOffset="3158"/>
</LocList>
</BasicStmnt>
</StmntSeq>
</HierarchyLvl>
<HierarchyLvl HierarchyLvlId="9936" HierarchyLvlTypeId="45" Intrnl_Id="1034" Name="setSuccess">
<Header>
<Loc EndOffset="3281" SrcFileId="28" StartOffset="3242"/>
</Header>
<LocList>
<Loc EndOffset="3314" SrcFileId="28" StartOffset="3242"/>
</LocList>
<StmntSeq Intrnl_Id="1035">
<LocList>
<Loc EndOffset="3310" SrcFileId="28" StartOffset="3287"/>
</LocList>
<BasicStmnt CovItemId="S17" CovItemPrefix="database.ResponseObject.java" Intrnl_Id="1036">
<LocList>
<Loc EndOffset="3310" SrcFileId="28" StartOffset="3287"/>
</LocList>
</BasicStmnt>
</StmntSeq>
</HierarchyLvl>
<HierarchyLvl HierarchyLvlId="9937" HierarchyLvlTypeId="45" Intrnl_Id="1037" Name="getMessage">
<Header>
<Loc EndOffset="3407" SrcFileId="28" StartOffset="3381"/>
</Header>
<LocList>
<Loc EndOffset="3432" SrcFileId="28" StartOffset="3381"/>
</LocList>
<StmntSeq Intrnl_Id="1038">
<LocList>
<Loc EndOffset="3428" SrcFileId="28" StartOffset="3413"/>
</LocList>
<BasicStmnt CovItemId="S18" CovItemPrefix="database.ResponseObject.java" Intrnl_Id="1039">
<LocList>
<Loc EndOffset="3428" SrcFileId="28" StartOffset="3413"/>
</LocList>
</BasicStmnt>
</StmntSeq>
</HierarchyLvl>
<HierarchyLvl HierarchyLvlId="9938" HierarchyLvlTypeId="45" Intrnl_Id="1040" Name="setMessage">
<Header>
<Loc EndOffset="3541" SrcFileId="28" StartOffset="3503"/>
</Header>
<LocList>
<Loc EndOffset="3574" SrcFileId="28" StartOffset="3503"/>
</LocList>
<StmntSeq Intrnl_Id="1041">
<LocList>
<Loc EndOffset="3570" SrcFileId="28" StartOffset="3547"/>
</LocList>
<BasicStmnt CovItemId="S19" CovItemPrefix="database.ResponseObject.java" Intrnl_Id="1042">
<LocList>
<Loc EndOffset="3570" SrcFileId="28" StartOffset="3547"/>
</LocList>
</BasicStmnt>
</StmntSeq>
</HierarchyLvl>
<HierarchyLvl HierarchyLvlId="9939" HierarchyLvlTypeId="45" Intrnl_Id="1043" Name="getAuthenticationToken">
<Header>
<Loc EndOffset="3678" SrcFileId="28" StartOffset="3640"/>
</Header>
<LocList>
<Loc EndOffset="3715" SrcFileId="28" StartOffset="3640"/>
</LocList>
<StmntSeq Intrnl_Id="1044">
<LocList>
<Loc EndOffset="3711" SrcFileId="28" StartOffset="3684"/>
</LocList>
<BasicStmnt CovItemId="S20" CovItemPrefix="database.ResponseObject.java" Intrnl_Id="1045">
<LocList>
<Loc EndOffset="3711" SrcFileId="28" StartOffset="3684"/>
</LocList>
</BasicStmnt>
</StmntSeq>
</HierarchyLvl>
<HierarchyLvl HierarchyLvlId="9940" HierarchyLvlTypeId="45" Intrnl_Id="1046" Name="setAuthenticationToken">
<Header>
<Loc EndOffset="3856" SrcFileId="28" StartOffset="3794"/>
</Header>
<LocList>
<Loc EndOffset="3913" SrcFileId="28" StartOffset="3794"/>
</LocList>
<StmntSeq Intrnl_Id="1047">
<LocList>
<Loc EndOffset="3909" SrcFileId="28" StartOffset="3862"/>
</LocList>
<BasicStmnt CovItemId="S21" CovItemPrefix="database.ResponseObject.java" Intrnl_Id="1048">
<LocList>
<Loc EndOffset="3909" SrcFileId="28" StartOffset="3862"/>
</LocList>
</BasicStmnt>
</StmntSeq>
</HierarchyLvl>
<HierarchyLvl HierarchyLvlId="9941" HierarchyLvlTypeId="45" Intrnl_Id="1049" Name="getPersonalStatistics">
<Header>
<Loc EndOffset="4030" SrcFileId="28" StartOffset="3981"/>
</Header>
<LocList>
<Loc EndOffset="4066" SrcFileId="28" StartOffset="3981"/>
</LocList>
<StmntSeq Intrnl_Id="1050">
<LocList>
<Loc EndOffset="4062" SrcFileId="28" StartOffset="4036"/>
</LocList>
<BasicStmnt CovItemId="S22" CovItemPrefix="database.ResponseObject.java" Intrnl_Id="1051">
<LocList>
<Loc EndOffset="4062" SrcFileId="28" StartOffset="4036"/>
</LocList>
</BasicStmnt>
</StmntSeq>
</HierarchyLvl>
<HierarchyLvl HierarchyLvlId="9942" HierarchyLvlTypeId="45" Intrnl_Id="1052" Name="setPersonalStatistics">
<Header>
<Loc EndOffset="4205" SrcFileId="28" StartOffset="4133"/>
</Header>
<LocList>
<Loc EndOffset="4260" SrcFileId="28" StartOffset="4133"/>
</LocList>
<StmntSeq Intrnl_Id="1053">
<LocList>
<Loc EndOffset="4256" SrcFileId="28" StartOffset="4211"/>
</LocList>
<BasicStmnt CovItemId="S23" CovItemPrefix="database.ResponseObject.java" Intrnl_Id="1054">
<LocList>
<Loc EndOffset="4256" SrcFileId="28" StartOffset="4211"/>
</LocList>
</BasicStmnt>
</StmntSeq>
</HierarchyLvl>
<HierarchyLvl HierarchyLvlId="9944" HierarchyLvlTypeId="44" Intrnl_Id="1055" Name="ResponseSerializer">
<Header>
<Loc EndOffset="4428" SrcFileId="28" StartOffset="4348"/>
</Header>
<LocList>
<Loc EndOffset="6963" SrcFileId="28" StartOffset="4348"/>
</LocList>
<HierarchyLvl HierarchyLvlId="9943" HierarchyLvlTypeId="45" Intrnl_Id="1056" Name="serialize">
<Header>
<Loc EndOffset="4632" SrcFileId="28" StartOffset="4516"/>
</Header>
<LocList>
<Loc EndOffset="6955" SrcFileId="28" StartOffset="4516"/>
</LocList>
<StmntSeq Intrnl_Id="1057">
<LocList>
<Loc EndOffset="4684" SrcFileId="28" StartOffset="4643"/>
<Loc EndOffset="4728" SrcFileId="28" StartOffset="4689"/>
<Loc EndOffset="4796" SrcFileId="28" StartOffset="4733"/>
<Loc EndOffset="4865" SrcFileId="28" StartOffset="4801"/>
<Loc EndOffset="4935" SrcFileId="28" StartOffset="4870"/>
<Loc EndOffset="5013" SrcFileId="28" StartOffset="4940"/>
<Loc EndOffset="5088" SrcFileId="28" StartOffset="5018"/>
<Loc EndOffset="5169" SrcFileId="28" StartOffset="5093"/>
<Loc EndOffset="5241" SrcFileId="28" StartOffset="5179"/>
<Loc EndOffset="5404" SrcFileId="28" StartOffset="5251"/>
<Loc EndOffset="5513" SrcFileId="28" StartOffset="5414"/>
<Loc EndOffset="5670" SrcFileId="28" StartOffset="5523"/>
<Loc EndOffset="5933" SrcFileId="28" StartOffset="5680"/>
<Loc EndOffset="6194" SrcFileId="28" StartOffset="5943"/>
<Loc EndOffset="6365" SrcFileId="28" StartOffset="6204"/>
<Loc EndOffset="6727" SrcFileId="28" StartOffset="6375"/>
<Loc EndOffset="6917" SrcFileId="28" StartOffset="6737"/>
<Loc EndOffset="6950" SrcFileId="28" StartOffset="6932"/>
</LocList>
<BasicStmnt CovItemId="S24" CovItemPrefix="database.ResponseObject.java" Intrnl_Id="1058">
<LocList>
<Loc EndOffset="4684" SrcFileId="28" StartOffset="4643"/>
</LocList>
</BasicStmnt>
<BasicStmnt CovItemId="S25" CovItemPrefix="database.ResponseObject.java" Intrnl_Id="1059">
<LocList>
<Loc EndOffset="4728" SrcFileId="28" StartOffset="4689"/>
</LocList>
</BasicStmnt>
<BasicStmnt CovItemId="S26" CovItemPrefix="database.ResponseObject.java" Intrnl_Id="1060">
<LocList>
<Loc EndOffset="4796" SrcFileId="28" StartOffset="4733"/>
</LocList>
</BasicStmnt>
<BasicStmnt CovItemId="S27" CovItemPrefix="database.ResponseObject.java" Intrnl_Id="1061">
<LocList>
<Loc EndOffset="4865" SrcFileId="28" StartOffset="4801"/>
</LocList>
</BasicStmnt>
<BasicStmnt CovItemId="S28" CovItemPrefix="database.ResponseObject.java" Intrnl_Id="1062">
<LocList>
<Loc EndOffset="4935" SrcFileId="28" StartOffset="4870"/>
</LocList>
</BasicStmnt>
<BasicStmnt CovItemId="S29" CovItemPrefix="database.ResponseObject.java" Intrnl_Id="1063">
<LocList>
<Loc EndOffset="5013" SrcFileId="28" StartOffset="4940"/>
</LocList>
</BasicStmnt>
<BasicStmnt CovItemId="S30" CovItemPrefix="database.ResponseObject.java" Intrnl_Id="1064">
<LocList>
<Loc EndOffset="5088" SrcFileId="28" StartOffset="5018"/>
</LocList>
</BasicStmnt>
<BasicStmnt CovItemId="S31" CovItemPrefix="database.ResponseObject.java" Intrnl_Id="1065">
<LocList>
<Loc EndOffset="5169" SrcFileId="28" StartOffset="5093"/>
</LocList>
</BasicStmnt>
<BasicStmnt CovItemId="S32" CovItemPrefix="database.ResponseObject.java" Intrnl_Id="1066">
<LocList>
<Loc EndOffset="5241" SrcFileId="28" StartOffset="5179"/>
</LocList>
</BasicStmnt>
<CondStmnt CovItemId="S33" CovItemPrefix="database.ResponseObject.java" Intrnl_Id="1067">
<Branch CovItemId="B1" CovItemPrefix="database.ResponseObject.java" Implct="false" Intrnl_Id="1068">
<Cond/>
<LocList>
<Loc EndOffset="5335" SrcFileId="28" StartOffset="5281"/>
</LocList>
<StmntSeq Intrnl_Id="1069">
<LocList>
<Loc EndOffset="5335" SrcFileId="28" StartOffset="5281"/>
</LocList>
<BasicStmnt CovItemId="S34" CovItemPrefix="database.ResponseObject.java" Intrnl_Id="1070">
<LocList>
<Loc EndOffset="5335" SrcFileId="28" StartOffset="5281"/>
</LocList>
</BasicStmnt>
</StmntSeq>
</Branch>
<Branch CovItemId="B2" CovItemPrefix="database.ResponseObject.java" Implct="false" Intrnl_Id="1071">
<Cond>
<Loc EndOffset="5344" SrcFileId="28" StartOffset="5340"/>
</Cond>
<LocList>
<Loc EndOffset="5404" SrcFileId="28" StartOffset="5350"/>
</LocList>
<StmntSeq Intrnl_Id="1072">
<LocList>
<Loc EndOffset="5404" SrcFileId="28" StartOffset="5350"/>
</LocList>
<BasicStmnt CovItemId="S35" CovItemPrefix="database.ResponseObject.java" Intrnl_Id="1073">
<LocList>
<Loc EndOffset="5404" SrcFileId="28" StartOffset="5350"/>
</LocList>
</BasicStmnt>
</StmntSeq>
</Branch>
<Keyword EndOffset="5253" SrcFileId="28" StartOffset="5251"/>
<LocList>
<Loc EndOffset="5404" SrcFileId="28" StartOffset="5251"/>
</LocList>
</CondStmnt>
<CondStmnt CovItemId="S36" CovItemPrefix="database.ResponseObject.java" Intrnl_Id="1074">
<Branch CovItemId="B3" CovItemPrefix="database.ResponseObject.java" Implct="false" Intrnl_Id="1075">
<Cond/>
<LocList>
<Loc EndOffset="5513" SrcFileId="28" StartOffset="5459"/>
</LocList>
<StmntSeq Intrnl_Id="1076">
<LocList>
<Loc EndOffset="5513" SrcFileId="28" StartOffset="5459"/>
</LocList>
<BasicStmnt CovItemId="S37" CovItemPrefix="database.ResponseObject.java" Intrnl_Id="1077">
<LocList>
<Loc EndOffset="5513" SrcFileId="28" StartOffset="5459"/>
</LocList>
</BasicStmnt>
</StmntSeq>
</Branch>
<Branch CovItemId="B4" CovItemPrefix="database.ResponseObject.java" Implct="true" Intrnl_Id="1078">
<Cond/>
<LocList/>
<StmntSeq Intrnl_Id="1079">
<LocList/>
</StmntSeq>
</Branch>
<Keyword EndOffset="5416" SrcFileId="28" StartOffset="5414"/>
<LocList>
<Loc EndOffset="5513" SrcFileId="28" StartOffset="5414"/>
</LocList>
</CondStmnt>
<CondStmnt CovItemId="S38" CovItemPrefix="database.ResponseObject.java" Intrnl_Id="1080">
<Branch CovItemId="B5" CovItemPrefix="database.ResponseObject.java" Implct="false" Intrnl_Id="1081">
<Cond/>
<LocList>
<Loc EndOffset="5670" SrcFileId="28" StartOffset="5592"/>
</LocList>
<StmntSeq Intrnl_Id="1082">
<LocList>
<Loc EndOffset="5670" SrcFileId="28" StartOffset="5592"/>
</LocList>
<BasicStmnt CovItemId="S39" CovItemPrefix="database.ResponseObject.java" Intrnl_Id="1083">
<LocList>
<Loc EndOffset="5670" SrcFileId="28" StartOffset="5592"/>
</LocList>
</BasicStmnt>
</StmntSeq>
</Branch>
<Branch CovItemId="B6" CovItemPrefix="database.ResponseObject.java" Implct="true" Intrnl_Id="1084">
<Cond/>
<LocList/>
<StmntSeq Intrnl_Id="1085">
<LocList/>
</StmntSeq>
</Branch>
<Keyword EndOffset="5525" SrcFileId="28" StartOffset="5523"/>
<LocList>
<Loc EndOffset="5670" SrcFileId="28" StartOffset="5523"/>
</LocList>
</CondStmnt>
<CondStmnt CovItemId="S40" CovItemPrefix="database.ResponseObject.java" Intrnl_Id="1086">
<Branch CovItemId="B7" CovItemPrefix="database.ResponseObject.java" Implct="false" Intrnl_Id="1087">
<Cond/>
<LocList>
<Loc EndOffset="5933" SrcFileId="28" StartOffset="5733"/>
</LocList>
<StmntSeq Intrnl_Id="1088">
<LocList>
<Loc EndOffset="5776" SrcFileId="28" StartOffset="5740"/>
<Loc EndOffset="5860" SrcFileId="28" StartOffset="5782"/>
<Loc EndOffset="5920" SrcFileId="28" StartOffset="5872"/>
</LocList>
<BasicStmnt CovItemId="S41" CovItemPrefix="database.ResponseObject.java" Intrnl_Id="1089">
<LocList>
<Loc EndOffset="5776" SrcFileId="28" StartOffset="5740"/>
</LocList>
</BasicStmnt>
<LoopStmnt CovItemId="S42" CovItemPrefix="database.ResponseObject.java" Intrnl_Id="1090" MltplExecId="L1-2" MltplExecPrefix="database.ResponseObject.java" NvrExecId="L1-0" NvrExecPrefix="database.ResponseObject.java" OnceExecutedId="L1-1" OnceExecutedPrefix="database.ResponseObject.java" OptBodyExec="true">
<StmntSeq Intrnl_Id="1091">
<LocList>
<Loc EndOffset="5860" SrcFileId="28" StartOffset="5821"/>
</LocList>
<BasicStmnt CovItemId="S43" CovItemPrefix="database.ResponseObject.java" Intrnl_Id="1092">
<LocList>
<Loc EndOffset="5860" SrcFileId="28" StartOffset="5821"/>
</LocList>
</BasicStmnt>
</StmntSeq>
<Keyword EndOffset="5785" SrcFileId="28" StartOffset="5782"/>
<LocList>
<Loc EndOffset="5860" SrcFileId="28" StartOffset="5782"/>
</LocList>
</LoopStmnt>
<BasicStmnt CovItemId="S44" CovItemPrefix="database.ResponseObject.java" Intrnl_Id="1093">
<LocList>
<Loc EndOffset="5920" SrcFileId="28" StartOffset="5872"/>
</LocList>
</BasicStmnt>
</StmntSeq>
</Branch>
<Branch CovItemId="B8" CovItemPrefix="database.ResponseObject.java" Implct="true" Intrnl_Id="1094">
<Cond/>
<LocList/>
<StmntSeq Intrnl_Id="1095">
<LocList/>
</StmntSeq>
</Branch>
<Keyword EndOffset="5682" SrcFileId="28" StartOffset="5680"/>
<LocList>
<Loc EndOffset="5933" SrcFileId="28" StartOffset="5680"/>
</LocList>
</CondStmnt>
<CondStmnt CovItemId="S45" CovItemPrefix="database.ResponseObject.java" Intrnl_Id="1096">
<Branch CovItemId="B9" CovItemPrefix="database.ResponseObject.java" Implct="false" Intrnl_Id="1097">
<Cond/>
<LocList>
<Loc EndOffset="6194" SrcFileId="28" StartOffset="5996"/>
</LocList>
<StmntSeq Intrnl_Id="1098">
<LocList>
<Loc EndOffset="6039" SrcFileId="28" StartOffset="6003"/>
<Loc EndOffset="6128" SrcFileId="28" StartOffset="6045"/>
<Loc EndOffset="6188" SrcFileId="28" StartOffset="6140"/>
</LocList>
<BasicStmnt CovItemId="S46" CovItemPrefix="database.ResponseObject.java" Intrnl_Id="1099">
<LocList>
<Loc EndOffset="6039" SrcFileId="28" StartOffset="6003"/>
</LocList>
</BasicStmnt>
<LoopStmnt CovItemId="S47" CovItemPrefix="database.ResponseObject.java" Intrnl_Id="1100" MltplExecId="L2-2" MltplExecPrefix="database.ResponseObject.java" NvrExecId="L2-0" NvrExecPrefix="database.ResponseObject.java" OnceExecutedId="L2-1" OnceExecutedPrefix="database.ResponseObject.java" OptBodyExec="true">
<StmntSeq Intrnl_Id="1101">
<LocList>
<Loc EndOffset="6128" SrcFileId="28" StartOffset="6087"/>
</LocList>
<BasicStmnt CovItemId="S48" CovItemPrefix="database.ResponseObject.java" Intrnl_Id="1102">
<LocList>
<Loc EndOffset="6128" SrcFileId="28" StartOffset="6087"/>
</LocList>
</BasicStmnt>
</StmntSeq>
<Keyword EndOffset="6048" SrcFileId="28" StartOffset="6045"/>
<LocList>
<Loc EndOffset="6128" SrcFileId="28" StartOffset="6045"/>
</LocList>
</LoopStmnt>
<BasicStmnt CovItemId="S49" CovItemPrefix="database.ResponseObject.java" Intrnl_Id="1103">
<LocList>
<Loc EndOffset="6188" SrcFileId="28" StartOffset="6140"/>
</LocList>
</BasicStmnt>
</StmntSeq>
</Branch>
<Branch CovItemId="B10" CovItemPrefix="database.ResponseObject.java" Implct="true" Intrnl_Id="1104">
<Cond/>
<LocList/>
<StmntSeq Intrnl_Id="1105">
<LocList/>
</StmntSeq>
</Branch>
<Keyword EndOffset="5945" SrcFileId="28" StartOffset="5943"/>
<LocList>
<Loc EndOffset="6194" SrcFileId="28" StartOffset="5943"/>
</LocList>
</CondStmnt>
<CondStmnt CovItemId="S50" CovItemPrefix="database.ResponseObject.java" Intrnl_Id="1106">
<Branch CovItemId="B11" CovItemPrefix="database.ResponseObject.java" Implct="false" Intrnl_Id="1107">
<Cond/>
<LocList>
<Loc EndOffset="6365" SrcFileId="28" StartOffset="6239"/>
</LocList>
<StmntSeq Intrnl_Id="1108">
<LocList>
<Loc EndOffset="6306" SrcFileId="28" StartOffset="6246"/>
<Loc EndOffset="6359" SrcFileId="28" StartOffset="6312"/>
</LocList>
<BasicStmnt CovItemId="S51" CovItemPrefix="database.ResponseObject.java" Intrnl_Id="1109">
<LocList>
<Loc EndOffset="6306" SrcFileId="28" StartOffset="6246"/>
</LocList>
</BasicStmnt>
<BasicStmnt CovItemId="S52" CovItemPrefix="database.ResponseObject.java" Intrnl_Id="1110">
<LocList>
<Loc EndOffset="6359" SrcFileId="28" StartOffset="6312"/>
</LocList>
</BasicStmnt>
</StmntSeq>
</Branch>
<Branch CovItemId="B12" CovItemPrefix="database.ResponseObject.java" Implct="true" Intrnl_Id="1111">
<Cond/>
<LocList/>
<StmntSeq Intrnl_Id="1112">
<LocList/>
</StmntSeq>
</Branch>
<Keyword EndOffset="6206" SrcFileId="28" StartOffset="6204"/>
<LocList>
<Loc EndOffset="6365" SrcFileId="28" StartOffset="6204"/>
</LocList>
</CondStmnt>
<CondStmnt CovItemId="S53" CovItemPrefix="database.ResponseObject.java" Intrnl_Id="1113">
<Branch CovItemId="B13" CovItemPrefix="database.ResponseObject.java" Implct="false" Intrnl_Id="1114">
<Cond/>
<LocList>
<Loc EndOffset="6727" SrcFileId="28" StartOffset="6409"/>
</LocList>
<StmntSeq Intrnl_Id="1115">
<LocList>
<Loc EndOffset="6501" SrcFileId="28" StartOffset="6416"/>
<Loc EndOffset="6594" SrcFileId="28" StartOffset="6507"/>
<Loc EndOffset="6655" SrcFileId="28" StartOffset="6600"/>
<Loc EndOffset="6721" SrcFileId="28" StartOffset="6661"/>
</LocList>
<BasicStmnt CovItemId="S54" CovItemPrefix="database.ResponseObject.java" Intrnl_Id="1116">
<LocList>
<Loc EndOffset="6501" SrcFileId="28" StartOffset="6416"/>
</LocList>
</BasicStmnt>
<BasicStmnt CovItemId="S55" CovItemPrefix="database.ResponseObject.java" Intrnl_Id="1117">
<LocList>
<Loc EndOffset="6594" SrcFileId="28" StartOffset="6507"/>
</LocList>
</BasicStmnt>
<BasicStmnt CovItemId="S56" CovItemPrefix="database.ResponseObject.java" Intrnl_Id="1118">
<LocList>
<Loc EndOffset="6655" SrcFileId="28" StartOffset="6600"/>
</LocList>
</BasicStmnt>
<BasicStmnt CovItemId="S57" CovItemPrefix="database.ResponseObject.java" Intrnl_Id="1119">
<LocList>
<Loc EndOffset="6721" SrcFileId="28" StartOffset="6661"/>
</LocList>
</BasicStmnt>
</StmntSeq>
</Branch>
<Branch CovItemId="B14" CovItemPrefix="database.ResponseObject.java" Implct="true" Intrnl_Id="1120">
<Cond/>
<LocList/>
<StmntSeq Intrnl_Id="1121">
<LocList/>
</StmntSeq>
</Branch>
<Keyword EndOffset="6377" SrcFileId="28" StartOffset="6375"/>
<LocList>
<Loc EndOffset="6727" SrcFileId="28" StartOffset="6375"/>
</LocList>
</CondStmnt>
<CondStmnt CovItemId="S58" CovItemPrefix="database.ResponseObject.java" Intrnl_Id="1122">
<Branch CovItemId="B15" CovItemPrefix="database.ResponseObject.java" Implct="false" Intrnl_Id="1123">
<Cond/>
<LocList>
<Loc EndOffset="6917" SrcFileId="28" StartOffset="6773"/>
</LocList>
<StmntSeq Intrnl_Id="1124">
<LocList>
<Loc EndOffset="6849" SrcFileId="28" StartOffset="6780"/>
<Loc EndOffset="6911" SrcFileId="28" StartOffset="6855"/>
</LocList>
<BasicStmnt CovItemId="S59" CovItemPrefix="database.ResponseObject.java" Intrnl_Id="1125">
<LocList>
<Loc EndOffset="6849" SrcFileId="28" StartOffset="6780"/>
</LocList>
</BasicStmnt>
<BasicStmnt CovItemId="S60" CovItemPrefix="database.ResponseObject.java" Intrnl_Id="1126">
<LocList>
<Loc EndOffset="6911" SrcFileId="28" StartOffset="6855"/>
</LocList>
</BasicStmnt>
</StmntSeq>
</Branch>
<Branch CovItemId="B16" CovItemPrefix="database.ResponseObject.java" Implct="true" Intrnl_Id="1127">
<Cond/>
<LocList/>
<StmntSeq Intrnl_Id="1128">
<LocList/>
</StmntSeq>
</Branch>
<Keyword EndOffset="6739" SrcFileId="28" StartOffset="6737"/>
<LocList>
<Loc EndOffset="6917" SrcFileId="28" StartOffset="6737"/>
</LocList>
</CondStmnt>
<BasicStmnt CovItemId="S61" CovItemPrefix="database.ResponseObject.java" Intrnl_Id="1129">
<LocList>
<Loc EndOffset="6950" SrcFileId="28" StartOffset="6932"/>
</LocList>
</BasicStmnt>
</StmntSeq>
</HierarchyLvl>
</HierarchyLvl>
</HierarchyLvl>
<HierarchyLvl HierarchyLvlId="9947" HierarchyLvlTypeId="44" Intrnl_Id="1130" Name="DatabaseTest">
<Header>
<Loc EndOffset="536" SrcFileId="29" StartOffset="511"/>
</Header>
<LocList>
<Loc EndOffset="4744" SrcFileId="29" StartOffset="511"/>
</LocList>
<HierarchyLvl HierarchyLvlId="9946" HierarchyLvlTypeId="45" Intrnl_Id="1131" Name="Test">
<Header>
<Loc EndOffset="570" SrcFileId="29" StartOffset="543"/>
</Header>
<LocList>
<Loc EndOffset="4738" SrcFileId="29" StartOffset="543"/>
</LocList>
<StmntSeq Intrnl_Id="1132">
<LocList>
<Loc EndOffset="598" SrcFileId="29" StartOffset="578"/>
<Loc EndOffset="706" SrcFileId="29" StartOffset="662"/>
<Loc EndOffset="770" SrcFileId="29" StartOffset="734"/>
<Loc EndOffset="852" SrcFileId="29" StartOffset="784"/>
<Loc EndOffset="896" SrcFileId="29" StartOffset="866"/>
<Loc EndOffset="963" SrcFileId="29" StartOffset="924"/>
<Loc EndOffset="1424" SrcFileId="29" StartOffset="1027"/>
<Loc EndOffset="1483" SrcFileId="29" StartOffset="1453"/>
<Loc EndOffset="1550" SrcFileId="29" StartOffset="1511"/>
<Loc EndOffset="1615" SrcFileId="29" StartOffset="1564"/>
<Loc EndOffset="1659" SrcFileId="29" StartOffset="1629"/>
<Loc EndOffset="1743" SrcFileId="29" StartOffset="1687"/>
<Loc EndOffset="1817" SrcFileId="29" StartOffset="1757"/>
<Loc EndOffset="2331" SrcFileId="29" StartOffset="2291"/>
<Loc EndOffset="2403" SrcFileId="29" StartOffset="2345"/>
<Loc EndOffset="2458" SrcFileId="29" StartOffset="2417"/>
<Loc EndOffset="2519" SrcFileId="29" StartOffset="2486"/>
<Loc EndOffset="2563" SrcFileId="29" StartOffset="2533"/>
<Loc EndOffset="2989" SrcFileId="29" StartOffset="2591"/>
<Loc EndOffset="3020" SrcFileId="29" StartOffset="3003"/>
<Loc EndOffset="3067" SrcFileId="29" StartOffset="3048"/>
<Loc EndOffset="3131" SrcFileId="29" StartOffset="3095"/>
<Loc EndOffset="3214" SrcFileId="29" StartOffset="3159"/>
<Loc EndOffset="3251" SrcFileId="29" StartOffset="3228"/>
<Loc EndOffset="3420" SrcFileId="29" StartOffset="3265"/>
<Loc EndOffset="3514" SrcFileId="29" StartOffset="3448"/>
<Loc EndOffset="3574" SrcFileId="29" StartOffset="3541"/>
<Loc EndOffset="3634" SrcFileId="29" StartOffset="3588"/>
<Loc EndOffset="3691" SrcFileId="29" StartOffset="3648"/>
<Loc EndOffset="3783" SrcFileId="29" StartOffset="3719"/>
<Loc EndOffset="3887" SrcFileId="29" StartOffset="3799"/>
<Loc EndOffset="3991" SrcFileId="29" StartOffset="3901"/>
<Loc EndOffset="4092" SrcFileId="29" StartOffset="4005"/>
<Loc EndOffset="4183" SrcFileId="29" StartOffset="4122"/>
<Loc EndOffset="4220" SrcFileId="29" StartOffset="4197"/>
<Loc EndOffset="4284" SrcFileId="29" StartOffset="4234"/>
<Loc EndOffset="4328" SrcFileId="29" StartOffset="4298"/>
<Loc EndOffset="4409" SrcFileId="29" StartOffset="4355"/>
<Loc EndOffset="4504" SrcFileId="29" StartOffset="4435"/>
<Loc EndOffset="4711" SrcFileId="29" StartOffset="602"/>
<Loc EndOffset="4730" SrcFileId="29" StartOffset="4715"/>
</LocList>
<BasicStmnt CovItemId="S1" CovItemPrefix="database.DatabaseTest.java" Intrnl_Id="1133">
<LocList>
<Loc EndOffset="598" SrcFileId="29" StartOffset="578"/>
</LocList>
</BasicStmnt>
<BasicStmnt CovItemId="S3" CovItemPrefix="database.DatabaseTest.java" Intrnl_Id="1134">
<LocList>
<Loc EndOffset="706" SrcFileId="29" StartOffset="662"/>
</LocList>
</BasicStmnt>
<BasicStmnt CovItemId="S4" CovItemPrefix="database.DatabaseTest.java" Intrnl_Id="1135">
<LocList>
<Loc EndOffset="770" SrcFileId="29" StartOffset="734"/>
</LocList>
</BasicStmnt>
<BasicStmnt CovItemId="S5" CovItemPrefix="database.DatabaseTest.java" Intrnl_Id="1136">
<LocList>
<Loc EndOffset="852" SrcFileId="29" StartOffset="784"/>
</LocList>
</BasicStmnt>
<BasicStmnt CovItemId="S6" CovItemPrefix="database.DatabaseTest.java" Intrnl_Id="1137">
<LocList>
<Loc EndOffset="896" SrcFileId="29" StartOffset="866"/>
</LocList>
</BasicStmnt>
<BasicStmnt CovItemId="S7" CovItemPrefix="database.DatabaseTest.java" Intrnl_Id="1138">
<LocList>
<Loc EndOffset="963" SrcFileId="29" StartOffset="924"/>
</LocList>
</BasicStmnt>
<CondStmnt CovItemId="S8" CovItemPrefix="database.DatabaseTest.java" Intrnl_Id="1139">
<Branch CovItemId="B2" CovItemPrefix="database.DatabaseTest.java" Implct="false" Intrnl_Id="1140">
<Cond/>
<LocList>
<Loc EndOffset="1167" SrcFileId="29" StartOffset="1103"/>
</LocList>
<StmntSeq Intrnl_Id="1141">
<LocList>
<Loc EndOffset="1167" SrcFileId="29" StartOffset="1103"/>
</LocList>
<BasicStmnt CovItemId="S9" CovItemPrefix="database.DatabaseTest.java" Intrnl_Id="1142">
<LocList>
<Loc EndOffset="1167" SrcFileId="29" StartOffset="1103"/>
</LocList>
</BasicStmnt>
</StmntSeq>
</Branch>
<Branch CovItemId="B3" CovItemPrefix="database.DatabaseTest.java" Implct="false" Intrnl_Id="1143">
<Cond>
<Loc EndOffset="1199" SrcFileId="29" StartOffset="1195"/>
</Cond>
<LocList>
<Loc EndOffset="1424" SrcFileId="29" StartOffset="1200"/>
</LocList>
<StmntSeq Intrnl_Id="1144">
<LocList>
<Loc EndOffset="1424" SrcFileId="29" StartOffset="1200"/>
</LocList>
<CondStmnt CovItemId="S10" CovItemPrefix="database.DatabaseTest.java" Intrnl_Id="1145">
<Branch CovItemId="B4" CovItemPrefix="database.DatabaseTest.java" Implct="false" Intrnl_Id="1146">
<Cond/>
<LocList>
<Loc EndOffset="1334" SrcFileId="29" StartOffset="1270"/>
</LocList>
<StmntSeq Intrnl_Id="1147">
<LocList>
<Loc EndOffset="1334" SrcFileId="29" StartOffset="1270"/>
</LocList>
<BasicStmnt CovItemId="S11" CovItemPrefix="database.DatabaseTest.java" Intrnl_Id="1148">
<LocList>
<Loc EndOffset="1334" SrcFileId="29" StartOffset="1270"/>
</LocList>
</BasicStmnt>
</StmntSeq>
</Branch>
<Branch CovItemId="B5" CovItemPrefix="database.DatabaseTest.java" Implct="false" Intrnl_Id="1149">
<Cond>
<Loc EndOffset="1366" SrcFileId="29" StartOffset="1362"/>
</Cond>
<LocList>
<Loc EndOffset="1424" SrcFileId="29" StartOffset="1381"/>
</LocList>
<StmntSeq Intrnl_Id="1150">
<LocList>
<Loc EndOffset="1424" SrcFileId="29" StartOffset="1381"/>
</LocList>
<BasicStmnt CovItemId="S12" CovItemPrefix="database.DatabaseTest.java" Intrnl_Id="1151">
<LocList>
<Loc EndOffset="1424" SrcFileId="29" StartOffset="1381"/>
</LocList>
</BasicStmnt>
</StmntSeq>
</Branch>
<Keyword EndOffset="1202" SrcFileId="29" StartOffset="1200"/>
<LocList>
<Loc EndOffset="1424" SrcFileId="29" StartOffset="1200"/>
</LocList>
</CondStmnt>
</StmntSeq>
</Branch>
<Keyword EndOffset="1029" SrcFileId="29" StartOffset="1027"/>
<LocList>
<Loc EndOffset="1424" SrcFileId="29" StartOffset="1027"/>
</LocList>
</CondStmnt>
<BasicStmnt CovItemId="S13" CovItemPrefix="database.DatabaseTest.java" Intrnl_Id="1152">
<LocList>
<Loc EndOffset="1483" SrcFileId="29" StartOffset="1453"/>
</LocList>
</BasicStmnt>
<BasicStmnt CovItemId="S14" CovItemPrefix="database.DatabaseTest.java" Intrnl_Id="1153">
<LocList>
<Loc EndOffset="1550" SrcFileId="29" StartOffset="1511"/>
</LocList>
</BasicStmnt>
<BasicStmnt CovItemId="S15" CovItemPrefix="database.DatabaseTest.java" Intrnl_Id="1154">
<LocList>
<Loc EndOffset="1615" SrcFileId="29" StartOffset="1564"/>
</LocList>
</BasicStmnt>
<BasicStmnt CovItemId="S16" CovItemPrefix="database.DatabaseTest.java" Intrnl_Id="1155">
<LocList>
<Loc EndOffset="1659" SrcFileId="29" StartOffset="1629"/>
</LocList>
</BasicStmnt>
<BasicStmnt CovItemId="S17" CovItemPrefix="database.DatabaseTest.java" Intrnl_Id="1156">
<LocList>
<Loc EndOffset="1743" SrcFileId="29" StartOffset="1687"/>
</LocList>
</BasicStmnt>
<BasicStmnt CovItemId="S18" CovItemPrefix="database.DatabaseTest.java" Intrnl_Id="1157">
<LocList>
<Loc EndOffset="1817" SrcFileId="29" StartOffset="1757"/>
</LocList>
</BasicStmnt>
<BasicStmnt CovItemId="S19" CovItemPrefix="database.DatabaseTest.java" Intrnl_Id="1158">
<LocList>
<Loc EndOffset="2331" SrcFileId="29" StartOffset="2291"/>
</LocList>
</BasicStmnt>
<BasicStmnt CovItemId="S20" CovItemPrefix="database.DatabaseTest.java" Intrnl_Id="1159">
<LocList>
<Loc EndOffset="2403" SrcFileId="29" StartOffset="2345"/>
</LocList>
</BasicStmnt>
<BasicStmnt CovItemId="S21" CovItemPrefix="database.DatabaseTest.java" Intrnl_Id="1160">
<LocList>
<Loc EndOffset="2458" SrcFileId="29" StartOffset="2417"/>
</LocList>
</BasicStmnt>
<BasicStmnt CovItemId="S22" CovItemPrefix="database.DatabaseTest.java" Intrnl_Id="1161">
<LocList>
<Loc EndOffset="2519" SrcFileId="29" StartOffset="2486"/>
</LocList>
</BasicStmnt>
<BasicStmnt CovItemId="S23" CovItemPrefix="database.DatabaseTest.java" Intrnl_Id="1162">
<LocList>
<Loc EndOffset="2563" SrcFileId="29" StartOffset="2533"/>
</LocList>
</BasicStmnt>
<LoopStmnt CovItemId="S24" CovItemPrefix="database.DatabaseTest.java" Intrnl_Id="1163" MltplExecId="L1-2" MltplExecPrefix="database.DatabaseTest.java" NvrExecId="L1-0" NvrExecPrefix="database.DatabaseTest.java" OnceExecutedId="L1-1" OnceExecutedPrefix="database.DatabaseTest.java" OptBodyExec="true">
<StmntSeq Intrnl_Id="1164">
<LocList>
<Loc EndOffset="2678" SrcFileId="29" StartOffset="2638"/>
<Loc EndOffset="2733" SrcFileId="29" StartOffset="2693"/>
<Loc EndOffset="2790" SrcFileId="29" StartOffset="2748"/>
<Loc EndOffset="2959" SrcFileId="29" StartOffset="2805"/>
</LocList>
<BasicStmnt CovItemId="S25" CovItemPrefix="database.DatabaseTest.java" Intrnl_Id="1165">
<LocList>
<Loc EndOffset="2678" SrcFileId="29" StartOffset="2638"/>
</LocList>
</BasicStmnt>
<BasicStmnt CovItemId="S26" CovItemPrefix="database.DatabaseTest.java" Intrnl_Id="1166">
<LocList>
<Loc EndOffset="2733" SrcFileId="29" StartOffset="2693"/>
</LocList>
</BasicStmnt>
<BasicStmnt CovItemId="S27" CovItemPrefix="database.DatabaseTest.java" Intrnl_Id="1167">
<LocList>
<Loc EndOffset="2790" SrcFileId="29" StartOffset="2748"/>
</LocList>
</BasicStmnt>
<BasicStmnt CovItemId="S28" CovItemPrefix="database.DatabaseTest.java" Intrnl_Id="1168">
<LocList>
<Loc EndOffset="2959" SrcFileId="29" StartOffset="2805"/>
</LocList>
</BasicStmnt>
</StmntSeq>
<Keyword EndOffset="2596" SrcFileId="29" StartOffset="2591"/>
<LocList>
<Loc EndOffset="2989" SrcFileId="29" StartOffset="2591"/>
</LocList>
</LoopStmnt>
<BasicStmnt CovItemId="S29" CovItemPrefix="database.DatabaseTest.java" Intrnl_Id="1169">
<LocList>
<Loc EndOffset="3020" SrcFileId="29" StartOffset="3003"/>
</LocList>
</BasicStmnt>
<BasicStmnt CovItemId="S30" CovItemPrefix="database.DatabaseTest.java" Intrnl_Id="1170">
<LocList>
<Loc EndOffset="3067" SrcFileId="29" StartOffset="3048"/>
</LocList>
</BasicStmnt>
<BasicStmnt CovItemId="S31" CovItemPrefix="database.DatabaseTest.java" Intrnl_Id="1171">
<LocList>
<Loc EndOffset="3131" SrcFileId="29" StartOffset="3095"/>
</LocList>
</BasicStmnt>
<BasicStmnt CovItemId="S32" CovItemPrefix="database.DatabaseTest.java" Intrnl_Id="1172">
<LocList>
<Loc EndOffset="3214" SrcFileId="29" StartOffset="3159"/>
</LocList>
</BasicStmnt>
<BasicStmnt CovItemId="S33" CovItemPrefix="database.DatabaseTest.java" Intrnl_Id="1173">
<LocList>
<Loc EndOffset="3251" SrcFileId="29" StartOffset="3228"/>
</LocList>
</BasicStmnt>
<CondStmnt CovItemId="S34" CovItemPrefix="database.DatabaseTest.java" Intrnl_Id="1174">
<Branch CovItemId="B6" CovItemPrefix="database.DatabaseTest.java" Implct="false" Intrnl_Id="1175">
<Cond/>
<LocList>
<Loc EndOffset="3361" SrcFileId="29" StartOffset="3336"/>
</LocList>
<StmntSeq Intrnl_Id="1176">
<LocList>
<Loc EndOffset="3361" SrcFileId="29" StartOffset="3336"/>
</LocList>
<BasicStmnt CovItemId="S35" CovItemPrefix="database.DatabaseTest.java" Intrnl_Id="1177">
<LocList>
<Loc EndOffset="3361" SrcFileId="29" StartOffset="3336"/>
</LocList>
</BasicStmnt>
</StmntSeq>
</Branch>
<Branch CovItemId="B7" CovItemPrefix="database.DatabaseTest.java" Implct="false" Intrnl_Id="1178">
<Cond>
<Loc EndOffset="3379" SrcFileId="29" StartOffset="3375"/>
</Cond>
<LocList>
<Loc EndOffset="3420" SrcFileId="29" StartOffset="3394"/>
</LocList>
<StmntSeq Intrnl_Id="1179">
<LocList>
<Loc EndOffset="3420" SrcFileId="29" StartOffset="3394"/>
</LocList>
<BasicStmnt CovItemId="S36" CovItemPrefix="database.DatabaseTest.java" Intrnl_Id="1180">
<LocList>
<Loc EndOffset="3420" SrcFileId="29" StartOffset="3394"/>
</LocList>
</BasicStmnt>
</StmntSeq>
</Branch>
<Keyword EndOffset="3267" SrcFileId="29" StartOffset="3265"/>
<LocList>
<Loc EndOffset="3420" SrcFileId="29" StartOffset="3265"/>
</LocList>
</CondStmnt>
<BasicStmnt CovItemId="S37" CovItemPrefix="database.DatabaseTest.java" Intrnl_Id="1181">
<LocList>
<Loc EndOffset="3514" SrcFileId="29" StartOffset="3448"/>
</LocList>
</BasicStmnt>
<BasicStmnt CovItemId="S38" CovItemPrefix="database.DatabaseTest.java" Intrnl_Id="1182">
<LocList>
<Loc EndOffset="3574" SrcFileId="29" StartOffset="3541"/>
</LocList>
</BasicStmnt>
<BasicStmnt CovItemId="S39" CovItemPrefix="database.DatabaseTest.java" Intrnl_Id="1183">
<LocList>
<Loc EndOffset="3634" SrcFileId="29" StartOffset="3588"/>
</LocList>
</BasicStmnt>
<BasicStmnt CovItemId="S40" CovItemPrefix="database.DatabaseTest.java" Intrnl_Id="1184">
<LocList>
<Loc EndOffset="3691" SrcFileId="29" StartOffset="3648"/>
</LocList>
</BasicStmnt>
<BasicStmnt CovItemId="S41" CovItemPrefix="database.DatabaseTest.java" Intrnl_Id="1185">
<LocList>
<Loc EndOffset="3783" SrcFileId="29" StartOffset="3719"/>
</LocList>
</BasicStmnt>
<BasicStmnt CovItemId="S42" CovItemPrefix="database.DatabaseTest.java" Intrnl_Id="1186">
<LocList>
<Loc EndOffset="3887" SrcFileId="29" StartOffset="3799"/>
</LocList>
</BasicStmnt>
<BasicStmnt CovItemId="S43" CovItemPrefix="database.DatabaseTest.java" Intrnl_Id="1187">
<LocList>
<Loc EndOffset="3991" SrcFileId="29" StartOffset="3901"/>
</LocList>
</BasicStmnt>
<BasicStmnt CovItemId="S44" CovItemPrefix="database.DatabaseTest.java" Intrnl_Id="1188">
<LocList>
<Loc EndOffset="4092" SrcFileId="29" StartOffset="4005"/>
</LocList>
</BasicStmnt>
<BasicStmnt CovItemId="S45" CovItemPrefix="database.DatabaseTest.java" Intrnl_Id="1189">
<LocList>
<Loc EndOffset="4183" SrcFileId="29" StartOffset="4122"/>
</LocList>
</BasicStmnt>
<BasicStmnt CovItemId="S46" CovItemPrefix="database.DatabaseTest.java" Intrnl_Id="1190">
<LocList>
<Loc EndOffset="4220" SrcFileId="29" StartOffset="4197"/>
</LocList>
</BasicStmnt>
<BasicStmnt CovItemId="S47" CovItemPrefix="database.DatabaseTest.java" Intrnl_Id="1191">
<LocList>
<Loc EndOffset="4284" SrcFileId="29" StartOffset="4234"/>
</LocList>
</BasicStmnt>
<BasicStmnt CovItemId="S48" CovItemPrefix="database.DatabaseTest.java" Intrnl_Id="1192">
<LocList>
<Loc EndOffset="4328" SrcFileId="29" StartOffset="4298"/>
</LocList>
</BasicStmnt>
<BasicStmnt CovItemId="S49" CovItemPrefix="database.DatabaseTest.java" Intrnl_Id="1193">
<LocList>
<Loc EndOffset="4409" SrcFileId="29" StartOffset="4355"/>
</LocList>
</BasicStmnt>
<BasicStmnt CovItemId="S50" CovItemPrefix="database.DatabaseTest.java" Intrnl_Id="1194">
<LocList>
<Loc EndOffset="4504" SrcFileId="29" StartOffset="4435"/>
</LocList>
</BasicStmnt>
<CondStmnt CovItemId="S2" CovItemPrefix="database.DatabaseTest.java" Intrnl_Id="1195">
<Branch CovItemId="B1" CovItemPrefix="database.DatabaseTest.java" Implct="true" Intrnl_Id="1196">
<Cond/>
<LocList/>
<StmntSeq Intrnl_Id="1197">
<LocList/>
</StmntSeq>
</Branch>
<Branch CovItemId="B8" CovItemPrefix="database.DatabaseTest.java" Implct="false" Intrnl_Id="1198">
<Cond>
<Loc EndOffset="4579" SrcFileId="29" StartOffset="4554"/>
</Cond>
<LocList>
<Loc EndOffset="4641" SrcFileId="29" StartOffset="4591"/>
</LocList>
<StmntSeq Intrnl_Id="1199">
<LocList>
<Loc EndOffset="4630" SrcFileId="29" StartOffset="4604"/>
</LocList>
<BasicStmnt CovItemId="S51" CovItemPrefix="database.DatabaseTest.java" Intrnl_Id="1200">
<LocList>
<Loc EndOffset="4630" SrcFileId="29" StartOffset="4604"/>
</LocList>
</BasicStmnt>
</StmntSeq>
</Branch>
<Branch CovItemId="B9" CovItemPrefix="database.DatabaseTest.java" Implct="false" Intrnl_Id="1201">
<Cond>
<Loc EndOffset="4664" SrcFileId="29" StartOffset="4642"/>
</Cond>
<LocList>
<Loc EndOffset="4711" SrcFileId="29" StartOffset="4665"/>
</LocList>
<StmntSeq Intrnl_Id="1202">
<LocList>
<Loc EndOffset="4706" SrcFileId="29" StartOffset="4680"/>
</LocList>
<BasicStmnt CovItemId="S52" CovItemPrefix="database.DatabaseTest.java" Intrnl_Id="1203">
<LocList>
<Loc EndOffset="4706" SrcFileId="29" StartOffset="4680"/>
</LocList>
</BasicStmnt>
</StmntSeq>
</Branch>
<Keyword EndOffset="605" SrcFileId="29" StartOffset="602"/>
<LocList>
<Loc EndOffset="4711" SrcFileId="29" StartOffset="602"/>
</LocList>
</CondStmnt>
<BasicStmnt CovItemId="S53" CovItemPrefix="database.DatabaseTest.java" Intrnl_Id="1204">
<LocList>
<Loc EndOffset="4730" SrcFileId="29" StartOffset="4715"/>
</LocList>
</BasicStmnt>
</StmntSeq>
</HierarchyLvl>
</HierarchyLvl>
<HierarchyLvl HierarchyLvlId="9990" HierarchyLvlTypeId="44" Intrnl_Id="1205" Name="DatabaseInterface">
<Header>
<Loc EndOffset="953" SrcFileId="30" StartOffset="923"/>
</Header>
<LocList>
<Loc EndOffset="31521" SrcFileId="30" StartOffset="923"/>
<Loc EndOffset="32729" SrcFileId="30" StartOffset="32621"/>
<Loc EndOffset="33106" SrcFileId="30" StartOffset="32978"/>
<Loc EndOffset="33355" SrcFileId="30" StartOffset="33349"/>
</LocList>
<StmntSeq Intrnl_Id="1206">
<LocList>
<Loc EndOffset="1007" SrcFileId="30" StartOffset="960"/>
<Loc EndOffset="1115" SrcFileId="30" StartOffset="1013"/>
</LocList>
<BasicStmnt CovItemId="S1" CovItemPrefix="database.DatabaseInterface.java" Intrnl_Id="1207">
<LocList>
<Loc EndOffset="1007" SrcFileId="30" StartOffset="960"/>
</LocList>
</BasicStmnt>
<BasicStmnt CovItemId="S2" CovItemPrefix="database.DatabaseInterface.java" Intrnl_Id="1208">
<LocList>
<Loc EndOffset="1115" SrcFileId="30" StartOffset="1013"/>
</LocList>
</BasicStmnt>
</StmntSeq>
<HierarchyLvl HierarchyLvlId="9948" HierarchyLvlTypeId="45" Intrnl_Id="1209" Name="DatabaseInterface">
<Header>
<Loc EndOffset="1340" SrcFileId="30" StartOffset="1280"/>
</Header>
<LocList>
<Loc EndOffset="1712" SrcFileId="30" StartOffset="1280"/>
</LocList>
<StmntSeq Intrnl_Id="1210">
<LocList>
<Loc EndOffset="1402" SrcFileId="30" StartOffset="1357"/>
<Loc EndOffset="1449" SrcFileId="30" StartOffset="1407"/>
<Loc EndOffset="1484" SrcFileId="30" StartOffset="1454"/>
<Loc EndOffset="1708" SrcFileId="30" StartOffset="1348"/>
</LocList>
<BasicStmnt CovItemId="S4" CovItemPrefix="database.DatabaseInterface.java" Intrnl_Id="1211">
<LocList>
<Loc EndOffset="1402" SrcFileId="30" StartOffset="1357"/>
</LocList>
</BasicStmnt>
<BasicStmnt CovItemId="S5" CovItemPrefix="database.DatabaseInterface.java" Intrnl_Id="1212">
<LocList>
<Loc EndOffset="1449" SrcFileId="30" StartOffset="1407"/>
</LocList>
</BasicStmnt>
<BasicStmnt CovItemId="S6" CovItemPrefix="database.DatabaseInterface.java" Intrnl_Id="1213">
<LocList>
<Loc EndOffset="1484" SrcFileId="30" StartOffset="1454"/>
</LocList>
</BasicStmnt>
<CondStmnt CovItemId="S3" CovItemPrefix="database.DatabaseInterface.java" Intrnl_Id="1214">
<Branch CovItemId="B1" CovItemPrefix="database.DatabaseInterface.java" Implct="true" Intrnl_Id="1215">
<Cond/>
<LocList/>
<StmntSeq Intrnl_Id="1216">
<LocList/>
</StmntSeq>
</Branch>
<Branch CovItemId="B2" CovItemPrefix="database.DatabaseInterface.java" Implct="false" Intrnl_Id="1217">
<Cond>
<Loc EndOffset="1519" SrcFileId="30" StartOffset="1494"/>
</Cond>
<LocList>
<Loc EndOffset="1574" SrcFileId="30" StartOffset="1523"/>
</LocList>
<StmntSeq Intrnl_Id="1218">
<LocList>
<Loc EndOffset="1569" SrcFileId="30" StartOffset="1529"/>
</LocList>
<BasicStmnt CovItemId="S7" CovItemPrefix="database.DatabaseInterface.java" Intrnl_Id="1219">
<LocList>
<Loc EndOffset="1569" SrcFileId="30" StartOffset="1529"/>
</LocList>
</BasicStmnt>
</StmntSeq>
</Branch>
<Branch CovItemId="B3" CovItemPrefix="database.DatabaseInterface.java" Implct="false" Intrnl_Id="1220">
<Cond>
<Loc EndOffset="1597" SrcFileId="30" StartOffset="1575"/>
</Cond>
<LocList>
<Loc EndOffset="1708" SrcFileId="30" StartOffset="1598"/>
</LocList>
<StmntSeq Intrnl_Id="1221">
<LocList>
<Loc EndOffset="1703" SrcFileId="30" StartOffset="1604"/>
</LocList>
<BasicStmnt CovItemId="S8" CovItemPrefix="database.DatabaseInterface.java" Intrnl_Id="1222">
<LocList>
<Loc EndOffset="1703" SrcFileId="30" StartOffset="1604"/>
</LocList>
</BasicStmnt>
</StmntSeq>
</Branch>
<Keyword EndOffset="1351" SrcFileId="30" StartOffset="1348"/>
<LocList>
<Loc EndOffset="1708" SrcFileId="30" StartOffset="1348"/>
</LocList>
</CondStmnt>
</StmntSeq>
</HierarchyLvl>
<HierarchyLvl HierarchyLvlId="9949" HierarchyLvlTypeId="45" Intrnl_Id="1223" Name="getAccount">
<Header>
<Loc EndOffset="1993" SrcFileId="30" StartOffset="1917"/>
</Header>
<LocList>
<Loc EndOffset="2988" SrcFileId="30" StartOffset="1917"/>
</LocList>
<StmntSeq Intrnl_Id="1224">
<LocList>
<Loc EndOffset="2094" SrcFileId="30" StartOffset="2001"/>
<Loc EndOffset="2136" SrcFileId="30" StartOffset="2102"/>
<Loc EndOffset="2201" SrcFileId="30" StartOffset="2150"/>
<Loc EndOffset="2243" SrcFileId="30" StartOffset="2211"/>
<Loc EndOffset="2299" SrcFileId="30" StartOffset="2253"/>
<Loc EndOffset="2788" SrcFileId="30" StartOffset="2309"/>
<Loc EndOffset="2815" SrcFileId="30" StartOffset="2798"/>
<Loc EndOffset="2832" SrcFileId="30" StartOffset="2820"/>
<Loc EndOffset="2980" SrcFileId="30" StartOffset="2140"/>
</LocList>
<BasicStmnt CovItemId="S9" CovItemPrefix="database.DatabaseInterface.java" Intrnl_Id="1225">
<LocList>
<Loc EndOffset="2094" SrcFileId="30" StartOffset="2001"/>
</LocList>
</BasicStmnt>
<BasicStmnt CovItemId="S10" CovItemPrefix="database.DatabaseInterface.java" Intrnl_Id="1226">
<LocList>
<Loc EndOffset="2136" SrcFileId="30" StartOffset="2102"/>
</LocList>
</BasicStmnt>
<BasicStmnt CovItemId="S12" CovItemPrefix="database.DatabaseInterface.java" Intrnl_Id="1227">
<LocList>
<Loc EndOffset="2201" SrcFileId="30" StartOffset="2150"/>
</LocList>
</BasicStmnt>
<BasicStmnt CovItemId="S13" CovItemPrefix="database.DatabaseInterface.java" Intrnl_Id="1228">
<LocList>
<Loc EndOffset="2243" SrcFileId="30" StartOffset="2211"/>
</LocList>
</BasicStmnt>
<BasicStmnt CovItemId="S14" CovItemPrefix="database.DatabaseInterface.java" Intrnl_Id="1229">
<LocList>
<Loc EndOffset="2299" SrcFileId="30" StartOffset="2253"/>
</LocList>
</BasicStmnt>
<CondStmnt CovItemId="S15" CovItemPrefix="database.DatabaseInterface.java" Intrnl_Id="1230">
<Branch CovItemId="B5" CovItemPrefix="database.DatabaseInterface.java" Implct="false" Intrnl_Id="1231">
<Cond/>
<LocList>
<Loc EndOffset="2788" SrcFileId="30" StartOffset="2343"/>
</LocList>
<StmntSeq Intrnl_Id="1232">
<LocList>
<Loc EndOffset="2382" SrcFileId="30" StartOffset="2350"/>
<Loc EndOffset="2443" SrcFileId="30" StartOffset="2397"/>
<Loc EndOffset="2503" SrcFileId="30" StartOffset="2458"/>
<Loc EndOffset="2572" SrcFileId="30" StartOffset="2519"/>
<Loc EndOffset="2655" SrcFileId="30" StartOffset="2603"/>
<Loc EndOffset="2702" SrcFileId="30" StartOffset="2685"/>
<Loc EndOffset="2773" SrcFileId="30" StartOffset="2717"/>
</LocList>
<BasicStmnt CovItemId="S16" CovItemPrefix="database.DatabaseInterface.java" Intrnl_Id="1233">
<LocList>
<Loc EndOffset="2382" SrcFileId="30" StartOffset="2350"/>
</LocList>
</BasicStmnt>
<BasicStmnt CovItemId="S17" CovItemPrefix="database.DatabaseInterface.java" Intrnl_Id="1234">
<LocList>
<Loc EndOffset="2443" SrcFileId="30" StartOffset="2397"/>
</LocList>
</BasicStmnt>
<BasicStmnt CovItemId="S18" CovItemPrefix="database.DatabaseInterface.java" Intrnl_Id="1235">
<LocList>
<Loc EndOffset="2503" SrcFileId="30" StartOffset="2458"/>
</LocList>
</BasicStmnt>
<BasicStmnt CovItemId="S19" CovItemPrefix="database.DatabaseInterface.java" Intrnl_Id="1236">
<LocList>
<Loc EndOffset="2572" SrcFileId="30" StartOffset="2519"/>
</LocList>
</BasicStmnt>
<BasicStmnt CovItemId="S20" CovItemPrefix="database.DatabaseInterface.java" Intrnl_Id="1237">
<LocList>
<Loc EndOffset="2655" SrcFileId="30" StartOffset="2603"/>
</LocList>
</BasicStmnt>
<BasicStmnt CovItemId="S21" CovItemPrefix="database.DatabaseInterface.java" Intrnl_Id="1238">
<LocList>
<Loc EndOffset="2702" SrcFileId="30" StartOffset="2685"/>
</LocList>
</BasicStmnt>
<BasicStmnt CovItemId="S22" CovItemPrefix="database.DatabaseInterface.java" Intrnl_Id="1239">
<LocList>
<Loc EndOffset="2773" SrcFileId="30" StartOffset="2717"/>
</LocList>
</BasicStmnt>
</StmntSeq>
</Branch>
<Branch CovItemId="B6" CovItemPrefix="database.DatabaseInterface.java" Implct="true" Intrnl_Id="1240">
<Cond/>
<LocList/>
<StmntSeq Intrnl_Id="1241">
<LocList/>
</StmntSeq>
</Branch>
<Keyword EndOffset="2311" SrcFileId="30" StartOffset="2309"/>
<LocList>
<Loc EndOffset="2788" SrcFileId="30" StartOffset="2309"/>
</LocList>
</CondStmnt>
<BasicStmnt CovItemId="S23" CovItemPrefix="database.DatabaseInterface.java" Intrnl_Id="1242">
<LocList>
<Loc EndOffset="2815" SrcFileId="30" StartOffset="2798"/>
</LocList>
</BasicStmnt>
<BasicStmnt CovItemId="S24" CovItemPrefix="database.DatabaseInterface.java" Intrnl_Id="1243">
<LocList>
<Loc EndOffset="2832" SrcFileId="30" StartOffset="2820"/>
</LocList>
</BasicStmnt>
<CondStmnt CovItemId="S11" CovItemPrefix="database.DatabaseInterface.java" Intrnl_Id="1244">
<Branch CovItemId="B4" CovItemPrefix="database.DatabaseInterface.java" Implct="true" Intrnl_Id="1245">
<Cond/>
<LocList/>
<StmntSeq Intrnl_Id="1246">
<LocList/>
</StmntSeq>
</Branch>
<Branch CovItemId="B7" CovItemPrefix="database.DatabaseInterface.java" Implct="false" Intrnl_Id="1247">
<Cond>
<Loc EndOffset="2870" SrcFileId="30" StartOffset="2848"/>
</Cond>
<LocList>
<Loc EndOffset="2980" SrcFileId="30" StartOffset="2871"/>
</LocList>
<StmntSeq Intrnl_Id="1248">
<LocList>
<Loc EndOffset="2975" SrcFileId="30" StartOffset="2877"/>
</LocList>
<BasicStmnt CovItemId="S25" CovItemPrefix="database.DatabaseInterface.java" Intrnl_Id="1249">
<LocList>
<Loc EndOffset="2975" SrcFileId="30" StartOffset="2877"/>
</LocList>
</BasicStmnt>
</StmntSeq>
</Branch>
<Keyword EndOffset="2143" SrcFileId="30" StartOffset="2140"/>
<LocList>
<Loc EndOffset="2980" SrcFileId="30" StartOffset="2140"/>
</LocList>
</CondStmnt>
</StmntSeq>
</HierarchyLvl>
<HierarchyLvl HierarchyLvlId="9950" HierarchyLvlTypeId="45" Intrnl_Id="1250" Name="getAllAccounts">
<Header>
<Loc EndOffset="3202" SrcFileId="30" StartOffset="3126"/>
</Header>
<LocList>
<Loc EndOffset="4162" SrcFileId="30" StartOffset="3126"/>
</LocList>
<StmntSeq Intrnl_Id="1251">
<LocList>
<Loc EndOffset="3268" SrcFileId="30" StartOffset="3210"/>
<Loc EndOffset="3327" SrcFileId="30" StartOffset="3272"/>
<Loc EndOffset="3369" SrcFileId="30" StartOffset="3335"/>
<Loc EndOffset="3434" SrcFileId="30" StartOffset="3383"/>
<Loc EndOffset="3490" SrcFileId="30" StartOffset="3444"/>
<Loc EndOffset="3957" SrcFileId="30" StartOffset="3500"/>
<Loc EndOffset="3984" SrcFileId="30" StartOffset="3967"/>
<Loc EndOffset="4005" SrcFileId="30" StartOffset="3989"/>
<Loc EndOffset="4154" SrcFileId="30" StartOffset="3373"/>
</LocList>
<BasicStmnt CovItemId="S26" CovItemPrefix="database.DatabaseInterface.java" Intrnl_Id="1252">
<LocList>
<Loc EndOffset="3268" SrcFileId="30" StartOffset="3210"/>
</LocList>
</BasicStmnt>
<BasicStmnt CovItemId="S27" CovItemPrefix="database.DatabaseInterface.java" Intrnl_Id="1253">
<LocList>
<Loc EndOffset="3327" SrcFileId="30" StartOffset="3272"/>
</LocList>
</BasicStmnt>
<BasicStmnt CovItemId="S28" CovItemPrefix="database.DatabaseInterface.java" Intrnl_Id="1254">
<LocList>
<Loc EndOffset="3369" SrcFileId="30" StartOffset="3335"/>
</LocList>
</BasicStmnt>
<BasicStmnt CovItemId="S30" CovItemPrefix="database.DatabaseInterface.java" Intrnl_Id="1255">
<LocList>
<Loc EndOffset="3434" SrcFileId="30" StartOffset="3383"/>
</LocList>
</BasicStmnt>
<BasicStmnt CovItemId="S31" CovItemPrefix="database.DatabaseInterface.java" Intrnl_Id="1256">
<LocList>
<Loc EndOffset="3490" SrcFileId="30" StartOffset="3444"/>
</LocList>
</BasicStmnt>
<LoopStmnt CovItemId="S32" CovItemPrefix="database.DatabaseInterface.java" Intrnl_Id="1257" MltplExecId="L1-2" MltplExecPrefix="database.DatabaseInterface.java" NvrExecId="L1-0" NvrExecPrefix="database.DatabaseInterface.java" OnceExecutedId="L1-1" OnceExecutedPrefix="database.DatabaseInterface.java" OptBodyExec="true">
<StmntSeq Intrnl_Id="1258">
<LocList>
<Loc EndOffset="3576" SrcFileId="30" StartOffset="3544"/>
<Loc EndOffset="3637" SrcFileId="30" StartOffset="3591"/>
<Loc EndOffset="3697" SrcFileId="30" StartOffset="3652"/>
<Loc EndOffset="3766" SrcFileId="30" StartOffset="3713"/>
<Loc EndOffset="3849" SrcFileId="30" StartOffset="3797"/>
<Loc EndOffset="3942" SrcFileId="30" StartOffset="3879"/>
</LocList>
<BasicStmnt CovItemId="S33" CovItemPrefix="database.DatabaseInterface.java" Intrnl_Id="1259">
<LocList>
<Loc EndOffset="3576" SrcFileId="30" StartOffset="3544"/>
</LocList>
</BasicStmnt>
<BasicStmnt CovItemId="S34" CovItemPrefix="database.DatabaseInterface.java" Intrnl_Id="1260">
<LocList>
<Loc EndOffset="3637" SrcFileId="30" StartOffset="3591"/>
</LocList>
</BasicStmnt>
<BasicStmnt CovItemId="S35" CovItemPrefix="database.DatabaseInterface.java" Intrnl_Id="1261">
<LocList>
<Loc EndOffset="3697" SrcFileId="30" StartOffset="3652"/>
</LocList>
</BasicStmnt>
<BasicStmnt CovItemId="S36" CovItemPrefix="database.DatabaseInterface.java" Intrnl_Id="1262">
<LocList>
<Loc EndOffset="3766" SrcFileId="30" StartOffset="3713"/>
</LocList>
</BasicStmnt>
<BasicStmnt CovItemId="S37" CovItemPrefix="database.DatabaseInterface.java" Intrnl_Id="1263">
<LocList>
<Loc EndOffset="3849" SrcFileId="30" StartOffset="3797"/>
</LocList>
</BasicStmnt>
<BasicStmnt CovItemId="S38" CovItemPrefix="database.DatabaseInterface.java" Intrnl_Id="1264">
<LocList>
<Loc EndOffset="3942" SrcFileId="30" StartOffset="3879"/>
</LocList>
</BasicStmnt>
</StmntSeq>
<Keyword EndOffset="3505" SrcFileId="30" StartOffset="3500"/>
<LocList>
<Loc EndOffset="3957" SrcFileId="30" StartOffset="3500"/>
</LocList>
</LoopStmnt>
<BasicStmnt CovItemId="S39" CovItemPrefix="database.DatabaseInterface.java" Intrnl_Id="1265">
<LocList>
<Loc EndOffset="3984" SrcFileId="30" StartOffset="3967"/>
</LocList>
</BasicStmnt>
<BasicStmnt CovItemId="S40" CovItemPrefix="database.DatabaseInterface.java" Intrnl_Id="1266">
<LocList>
<Loc EndOffset="4005" SrcFileId="30" StartOffset="3989"/>
</LocList>
</BasicStmnt>
<CondStmnt CovItemId="S29" CovItemPrefix="database.DatabaseInterface.java" Intrnl_Id="1267">
<Branch CovItemId="B8" CovItemPrefix="database.DatabaseInterface.java" Implct="true" Intrnl_Id="1268">
<Cond/>
<LocList/>
<StmntSeq Intrnl_Id="1269">
<LocList/>
</StmntSeq>
</Branch>
<Branch CovItemId="B9" CovItemPrefix="database.DatabaseInterface.java" Implct="false" Intrnl_Id="1270">
<Cond>
<Loc EndOffset="4043" SrcFileId="30" StartOffset="4021"/>
</Cond>
<LocList>
<Loc EndOffset="4154" SrcFileId="30" StartOffset="4044"/>
</LocList>
<StmntSeq Intrnl_Id="1271">
<LocList>
<Loc EndOffset="4149" SrcFileId="30" StartOffset="4050"/>
</LocList>
<BasicStmnt CovItemId="S41" CovItemPrefix="database.DatabaseInterface.java" Intrnl_Id="1272">
<LocList>
<Loc EndOffset="4149" SrcFileId="30" StartOffset="4050"/>
</LocList>
</BasicStmnt>
</StmntSeq>
</Branch>
<Keyword EndOffset="3376" SrcFileId="30" StartOffset="3373"/>
<LocList>
<Loc EndOffset="4154" SrcFileId="30" StartOffset="3373"/>
</LocList>
</CondStmnt>
</StmntSeq>
</HierarchyLvl>
<HierarchyLvl HierarchyLvlId="9951" HierarchyLvlTypeId="45" Intrnl_Id="1273" Name="invalidateAuth">
<Header>
<Loc EndOffset="4409" SrcFileId="30" StartOffset="4332"/>
</Header>
<LocList>
<Loc EndOffset="4887" SrcFileId="30" StartOffset="4332"/>
</LocList>
<StmntSeq Intrnl_Id="1274">
<LocList>
<Loc EndOffset="4538" SrcFileId="30" StartOffset="4417"/>
<Loc EndOffset="4622" SrcFileId="30" StartOffset="4556"/>
<Loc EndOffset="4664" SrcFileId="30" StartOffset="4632"/>
<Loc EndOffset="4701" SrcFileId="30" StartOffset="4669"/>
<Loc EndOffset="4730" SrcFileId="30" StartOffset="4711"/>
<Loc EndOffset="4757" SrcFileId="30" StartOffset="4740"/>
<Loc EndOffset="4881" SrcFileId="30" StartOffset="4546"/>
</LocList>
<BasicStmnt CovItemId="S42" CovItemPrefix="database.DatabaseInterface.java" Intrnl_Id="1275">
<LocList>
<Loc EndOffset="4538" SrcFileId="30" StartOffset="4417"/>
</LocList>
</BasicStmnt>
<BasicStmnt CovItemId="S44" CovItemPrefix="database.DatabaseInterface.java" Intrnl_Id="1276">
<LocList>
<Loc EndOffset="4622" SrcFileId="30" StartOffset="4556"/>
</LocList>
</BasicStmnt>
<BasicStmnt CovItemId="S45" CovItemPrefix="database.DatabaseInterface.java" Intrnl_Id="1277">
<LocList>
<Loc EndOffset="4664" SrcFileId="30" StartOffset="4632"/>
</LocList>
</BasicStmnt>
<BasicStmnt CovItemId="S46" CovItemPrefix="database.DatabaseInterface.java" Intrnl_Id="1278">
<LocList>
<Loc EndOffset="4701" SrcFileId="30" StartOffset="4669"/>
</LocList>
</BasicStmnt>
<BasicStmnt CovItemId="S47" CovItemPrefix="database.DatabaseInterface.java" Intrnl_Id="1279">
<LocList>
<Loc EndOffset="4730" SrcFileId="30" StartOffset="4711"/>
</LocList>
</BasicStmnt>
<BasicStmnt CovItemId="S48" CovItemPrefix="database.DatabaseInterface.java" Intrnl_Id="1280">
<LocList>
<Loc EndOffset="4757" SrcFileId="30" StartOffset="4740"/>
</LocList>
</BasicStmnt>
<CondStmnt CovItemId="S43" CovItemPrefix="database.DatabaseInterface.java" Intrnl_Id="1281">
<Branch CovItemId="B10" CovItemPrefix="database.DatabaseInterface.java" Implct="true" Intrnl_Id="1282">
<Cond/>
<LocList/>
<StmntSeq Intrnl_Id="1283">
<LocList/>
</StmntSeq>
</Branch>
<Branch CovItemId="B11" CovItemPrefix="database.DatabaseInterface.java" Implct="false" Intrnl_Id="1284">
<Cond>
<Loc EndOffset="4785" SrcFileId="30" StartOffset="4763"/>
</Cond>
<LocList>
<Loc EndOffset="4881" SrcFileId="30" StartOffset="4786"/>
</LocList>
<StmntSeq Intrnl_Id="1285">
<LocList>
<Loc EndOffset="4876" SrcFileId="30" StartOffset="4792"/>
</LocList>
<BasicStmnt CovItemId="S49" CovItemPrefix="database.DatabaseInterface.java" Intrnl_Id="1286">
<LocList>
<Loc EndOffset="4876" SrcFileId="30" StartOffset="4792"/>
</LocList>
</BasicStmnt>
</StmntSeq>
</Branch>
<Keyword EndOffset="4549" SrcFileId="30" StartOffset="4546"/>
<LocList>
<Loc EndOffset="4881" SrcFileId="30" StartOffset="4546"/>
</LocList>
</CondStmnt>
</StmntSeq>
</HierarchyLvl>
<HierarchyLvl HierarchyLvlId="9952" HierarchyLvlTypeId="45" Intrnl_Id="1287" Name="setAuth">
<Header>
<Loc EndOffset="5128" SrcFileId="30" StartOffset="5040"/>
</Header>
<LocList>
<Loc EndOffset="5607" SrcFileId="30" StartOffset="5040"/>
</LocList>
<StmntSeq Intrnl_Id="1288">
<LocList>
<Loc EndOffset="5257" SrcFileId="30" StartOffset="5136"/>
<Loc EndOffset="5341" SrcFileId="30" StartOffset="5275"/>
<Loc EndOffset="5384" SrcFileId="30" StartOffset="5351"/>
<Loc EndOffset="5421" SrcFileId="30" StartOffset="5389"/>
<Loc EndOffset="5450" SrcFileId="30" StartOffset="5431"/>
<Loc EndOffset="5477" SrcFileId="30" StartOffset="5460"/>
<Loc EndOffset="5601" SrcFileId="30" StartOffset="5265"/>
</LocList>
<BasicStmnt CovItemId="S50" CovItemPrefix="database.DatabaseInterface.java" Intrnl_Id="1289">
<LocList>
<Loc EndOffset="5257" SrcFileId="30" StartOffset="5136"/>
</LocList>
</BasicStmnt>
<BasicStmnt CovItemId="S52" CovItemPrefix="database.DatabaseInterface.java" Intrnl_Id="1290">
<LocList>
<Loc EndOffset="5341" SrcFileId="30" StartOffset="5275"/>
</LocList>
</BasicStmnt>
<BasicStmnt CovItemId="S53" CovItemPrefix="database.DatabaseInterface.java" Intrnl_Id="1291">
<LocList>
<Loc EndOffset="5384" SrcFileId="30" StartOffset="5351"/>
</LocList>
</BasicStmnt>
<BasicStmnt CovItemId="S54" CovItemPrefix="database.DatabaseInterface.java" Intrnl_Id="1292">
<LocList>
<Loc EndOffset="5421" SrcFileId="30" StartOffset="5389"/>
</LocList>
</BasicStmnt>
<BasicStmnt CovItemId="S55" CovItemPrefix="database.DatabaseInterface.java" Intrnl_Id="1293">
<LocList>
<Loc EndOffset="5450" SrcFileId="30" StartOffset="5431"/>
</LocList>
</BasicStmnt>
<BasicStmnt CovItemId="S56" CovItemPrefix="database.DatabaseInterface.java" Intrnl_Id="1294">
<LocList>
<Loc EndOffset="5477" SrcFileId="30" StartOffset="5460"/>
</LocList>
</BasicStmnt>
<CondStmnt CovItemId="S51" CovItemPrefix="database.DatabaseInterface.java" Intrnl_Id="1295">
<Branch CovItemId="B12" CovItemPrefix="database.DatabaseInterface.java" Implct="true" Intrnl_Id="1296">
<Cond/>
<LocList/>
<StmntSeq Intrnl_Id="1297">
<LocList/>
</StmntSeq>
</Branch>
<Branch CovItemId="B13" CovItemPrefix="database.DatabaseInterface.java" Implct="false" Intrnl_Id="1298">
<Cond>
<Loc EndOffset="5505" SrcFileId="30" StartOffset="5483"/>
</Cond>
<LocList>
<Loc EndOffset="5601" SrcFileId="30" StartOffset="5506"/>
</LocList>
<StmntSeq Intrnl_Id="1299">
<LocList>
<Loc EndOffset="5596" SrcFileId="30" StartOffset="5512"/>
</LocList>
<BasicStmnt CovItemId="S57" CovItemPrefix="database.DatabaseInterface.java" Intrnl_Id="1300">
<LocList>
<Loc EndOffset="5596" SrcFileId="30" StartOffset="5512"/>
</LocList>
</BasicStmnt>
</StmntSeq>
</Branch>
<Keyword EndOffset="5268" SrcFileId="30" StartOffset="5265"/>
<LocList>
<Loc EndOffset="5601" SrcFileId="30" StartOffset="5265"/>
</LocList>
</CondStmnt>
</StmntSeq>
</HierarchyLvl>
<HierarchyLvl HierarchyLvlId="9953" HierarchyLvlTypeId="45" Intrnl_Id="1301" Name="addAccount">
<Header>
<Loc EndOffset="5820" SrcFileId="30" StartOffset="5744"/>
</Header>
<LocList>
<Loc EndOffset="6370" SrcFileId="30" StartOffset="5744"/>
</LocList>
<StmntSeq Intrnl_Id="1302">
<LocList>
<Loc EndOffset="5914" SrcFileId="30" StartOffset="5828"/>
<Loc EndOffset="6002" SrcFileId="30" StartOffset="5930"/>
<Loc EndOffset="6054" SrcFileId="30" StartOffset="6009"/>
<Loc EndOffset="6136" SrcFileId="30" StartOffset="6059"/>
<Loc EndOffset="6172" SrcFileId="30" StartOffset="6141"/>
<Loc EndOffset="6198" SrcFileId="30" StartOffset="6179"/>
<Loc EndOffset="6220" SrcFileId="30" StartOffset="6203"/>
<Loc EndOffset="6345" SrcFileId="30" StartOffset="5920"/>
<Loc EndOffset="6364" SrcFileId="30" StartOffset="6351"/>
</LocList>
<BasicStmnt CovItemId="S58" CovItemPrefix="database.DatabaseInterface.java" Intrnl_Id="1303">
<LocList>
<Loc EndOffset="5914" SrcFileId="30" StartOffset="5828"/>
</LocList>
</BasicStmnt>
<BasicStmnt CovItemId="S60" CovItemPrefix="database.DatabaseInterface.java" Intrnl_Id="1304">
<LocList>
<Loc EndOffset="6002" SrcFileId="30" StartOffset="5930"/>
</LocList>
</BasicStmnt>
<BasicStmnt CovItemId="S61" CovItemPrefix="database.DatabaseInterface.java" Intrnl_Id="1305">
<LocList>
<Loc EndOffset="6054" SrcFileId="30" StartOffset="6009"/>
</LocList>
</BasicStmnt>
<BasicStmnt CovItemId="S62" CovItemPrefix="database.DatabaseInterface.java" Intrnl_Id="1306">
<LocList>
<Loc EndOffset="6136" SrcFileId="30" StartOffset="6059"/>
</LocList>
</BasicStmnt>
<BasicStmnt CovItemId="S63" CovItemPrefix="database.DatabaseInterface.java" Intrnl_Id="1307">
<LocList>
<Loc EndOffset="6172" SrcFileId="30" StartOffset="6141"/>
</LocList>
</BasicStmnt>
<BasicStmnt CovItemId="S64" CovItemPrefix="database.DatabaseInterface.java" Intrnl_Id="1308">
<LocList>
<Loc EndOffset="6198" SrcFileId="30" StartOffset="6179"/>
</LocList>
</BasicStmnt>
<BasicStmnt CovItemId="S65" CovItemPrefix="database.DatabaseInterface.java" Intrnl_Id="1309">
<LocList>
<Loc EndOffset="6220" SrcFileId="30" StartOffset="6203"/>
</LocList>
</BasicStmnt>
<CondStmnt CovItemId="S59" CovItemPrefix="database.DatabaseInterface.java" Intrnl_Id="1310">
<Branch CovItemId="B14" CovItemPrefix="database.DatabaseInterface.java" Implct="true" Intrnl_Id="1311">
<Cond/>
<LocList/>
<StmntSeq Intrnl_Id="1312">
<LocList/>
</StmntSeq>
</Branch>
<Branch CovItemId="B15" CovItemPrefix="database.DatabaseInterface.java" Implct="false" Intrnl_Id="1313">
<Cond>
<Loc EndOffset="6248" SrcFileId="30" StartOffset="6226"/>
</Cond>
<LocList>
<Loc EndOffset="6345" SrcFileId="30" StartOffset="6249"/>
</LocList>
<StmntSeq Intrnl_Id="1314">
<LocList>
<Loc EndOffset="6340" SrcFileId="30" StartOffset="6255"/>
</LocList>
<BasicStmnt CovItemId="S66" CovItemPrefix="database.DatabaseInterface.java" Intrnl_Id="1315">
<LocList>
<Loc EndOffset="6340" SrcFileId="30" StartOffset="6255"/>
</LocList>
</BasicStmnt>
</StmntSeq>
</Branch>
<Keyword EndOffset="5923" SrcFileId="30" StartOffset="5920"/>
<LocList>
<Loc EndOffset="6345" SrcFileId="30" StartOffset="5920"/>
</LocList>
</CondStmnt>
<BasicStmnt CovItemId="S67" CovItemPrefix="database.DatabaseInterface.java" Intrnl_Id="1316">
<LocList>
<Loc EndOffset="6364" SrcFileId="30" StartOffset="6351"/>
</LocList>
</BasicStmnt>
</StmntSeq>
</HierarchyLvl>
<HierarchyLvl HierarchyLvlId="9954" HierarchyLvlTypeId="45" Intrnl_Id="1317" Name="isDuplicateUsername">
<Header>
<Loc EndOffset="6616" SrcFileId="30" StartOffset="6531"/>
</Header>
<LocList>
<Loc EndOffset="6733" SrcFileId="30" StartOffset="6531"/>
</LocList>
<StmntSeq Intrnl_Id="1318">
<LocList>
<Loc EndOffset="6668" SrcFileId="30" StartOffset="6624"/>
<Loc EndOffset="6709" SrcFileId="30" StartOffset="6676"/>
<Loc EndOffset="6725" SrcFileId="30" StartOffset="6713"/>
</LocList>
<BasicStmnt CovItemId="S68" CovItemPrefix="database.DatabaseInterface.java" Intrnl_Id="1319">
<LocList>
<Loc EndOffset="6668" SrcFileId="30" StartOffset="6624"/>
</LocList>
</BasicStmnt>
<CondStmnt CovItemId="S69" CovItemPrefix="database.DatabaseInterface.java" Intrnl_Id="1320">
<Branch CovItemId="B16" CovItemPrefix="database.DatabaseInterface.java" Implct="false" Intrnl_Id="1321">
<Cond/>
<LocList>
<Loc EndOffset="6709" SrcFileId="30" StartOffset="6696"/>
</LocList>
<StmntSeq Intrnl_Id="1322">
<LocList>
<Loc EndOffset="6709" SrcFileId="30" StartOffset="6696"/>
</LocList>
<BasicStmnt CovItemId="S70" CovItemPrefix="database.DatabaseInterface.java" Intrnl_Id="1323">
<LocList>
<Loc EndOffset="6709" SrcFileId="30" StartOffset="6696"/>
</LocList>
</BasicStmnt>
</StmntSeq>
</Branch>
<Branch CovItemId="B17" CovItemPrefix="database.DatabaseInterface.java" Implct="true" Intrnl_Id="1324">
<Cond/>
<LocList/>
<StmntSeq Intrnl_Id="1325">
<LocList/>
</StmntSeq>
</Branch>
<Keyword EndOffset="6678" SrcFileId="30" StartOffset="6676"/>
<LocList>
<Loc EndOffset="6709" SrcFileId="30" StartOffset="6676"/>
</LocList>
</CondStmnt>
<BasicStmnt CovItemId="S71" CovItemPrefix="database.DatabaseInterface.java" Intrnl_Id="1326">
<LocList>
<Loc EndOffset="6725" SrcFileId="30" StartOffset="6713"/>
</LocList>
</BasicStmnt>
</StmntSeq>
</HierarchyLvl>
<HierarchyLvl HierarchyLvlId="9955" HierarchyLvlTypeId="45" Intrnl_Id="1327" Name="getDataSource">
<Header>
<Loc EndOffset="7084" SrcFileId="30" StartOffset="6999"/>
</Header>
<LocList>
<Loc EndOffset="7750" SrcFileId="30" StartOffset="6999"/>
</LocList>
<StmntSeq Intrnl_Id="1328">
<LocList>
<Loc EndOffset="7162" SrcFileId="30" StartOffset="7118"/>
<Loc EndOffset="7250" SrcFileId="30" StartOffset="7182"/>
<Loc EndOffset="7720" SrcFileId="30" StartOffset="7289"/>
<Loc EndOffset="7746" SrcFileId="30" StartOffset="7728"/>
</LocList>
<BasicStmnt CovItemId="S72" CovItemPrefix="database.DatabaseInterface.java" Intrnl_Id="1329">
<LocList>
<Loc EndOffset="7162" SrcFileId="30" StartOffset="7118"/>
</LocList>
</BasicStmnt>
<BasicStmnt CovItemId="S73" CovItemPrefix="database.DatabaseInterface.java" Intrnl_Id="1330">
<LocList>
<Loc EndOffset="7250" SrcFileId="30" StartOffset="7182"/>
</LocList>
</BasicStmnt>
<CondStmnt CovItemId="S74" CovItemPrefix="database.DatabaseInterface.java" Intrnl_Id="1331">
<Branch CovItemId="B18" CovItemPrefix="database.DatabaseInterface.java" Implct="false" Intrnl_Id="1332">
<Cond/>
<LocList>
<Loc EndOffset="7425" SrcFileId="30" StartOffset="7361"/>
</LocList>
<StmntSeq Intrnl_Id="1333">
<LocList>
<Loc EndOffset="7425" SrcFileId="30" StartOffset="7361"/>
</LocList>
<BasicStmnt CovItemId="S75" CovItemPrefix="database.DatabaseInterface.java" Intrnl_Id="1334">
<LocList>
<Loc EndOffset="7425" SrcFileId="30" StartOffset="7361"/>
</LocList>
</BasicStmnt>
</StmntSeq>
</Branch>
<Branch CovItemId="B19" CovItemPrefix="database.DatabaseInterface.java" Implct="false" Intrnl_Id="1335">
<Cond>
<Loc EndOffset="7473" SrcFileId="30" StartOffset="7469"/>
</Cond>
<LocList>
<Loc EndOffset="7720" SrcFileId="30" StartOffset="7474"/>
</LocList>
<StmntSeq Intrnl_Id="1336">
<LocList>
<Loc EndOffset="7720" SrcFileId="30" StartOffset="7474"/>
</LocList>
<CondStmnt CovItemId="S76" CovItemPrefix="database.DatabaseInterface.java" Intrnl_Id="1337">
<Branch CovItemId="B20" CovItemPrefix="database.DatabaseInterface.java" Implct="false" Intrnl_Id="1338">
<Cond/>
<LocList>
<Loc EndOffset="7604" SrcFileId="30" StartOffset="7540"/>
</LocList>
<StmntSeq Intrnl_Id="1339">
<LocList>
<Loc EndOffset="7604" SrcFileId="30" StartOffset="7540"/>
</LocList>
<BasicStmnt CovItemId="S77" CovItemPrefix="database.DatabaseInterface.java" Intrnl_Id="1340">
<LocList>
<Loc EndOffset="7604" SrcFileId="30" StartOffset="7540"/>
</LocList>
</BasicStmnt>
</StmntSeq>
</Branch>
<Branch CovItemId="B21" CovItemPrefix="database.DatabaseInterface.java" Implct="false" Intrnl_Id="1341">
<Cond>
<Loc EndOffset="7628" SrcFileId="30" StartOffset="7624"/>
</Cond>
<LocList>
<Loc EndOffset="7720" SrcFileId="30" StartOffset="7639"/>
</LocList>
<StmntSeq Intrnl_Id="1342">
<LocList>
<Loc EndOffset="7720" SrcFileId="30" StartOffset="7639"/>
</LocList>
<BasicStmnt CovItemId="S78" CovItemPrefix="database.DatabaseInterface.java" Intrnl_Id="1343">
<LocList>
<Loc EndOffset="7720" SrcFileId="30" StartOffset="7639"/>
</LocList>
</BasicStmnt>
</StmntSeq>
</Branch>
<Keyword EndOffset="7476" SrcFileId="30" StartOffset="7474"/>
<LocList>
<Loc EndOffset="7720" SrcFileId="30" StartOffset="7474"/>
</LocList>
</CondStmnt>
</StmntSeq>
</Branch>
<Keyword EndOffset="7291" SrcFileId="30" StartOffset="7289"/>
<LocList>
<Loc EndOffset="7720" SrcFileId="30" StartOffset="7289"/>
</LocList>
</CondStmnt>
<BasicStmnt CovItemId="S79" CovItemPrefix="database.DatabaseInterface.java" Intrnl_Id="1344">
<LocList>
<Loc EndOffset="7746" SrcFileId="30" StartOffset="7728"/>
</LocList>
</BasicStmnt>
</StmntSeq>
</HierarchyLvl>
<HierarchyLvl HierarchyLvlId="9956" HierarchyLvlTypeId="45" Intrnl_Id="1345" Name="saveGame">
<Header>
<Loc EndOffset="8073" SrcFileId="30" StartOffset="7992"/>
</Header>
<LocList>
<Loc EndOffset="8500" SrcFileId="30" StartOffset="7992"/>
</LocList>
<StmntSeq Intrnl_Id="1346">
<LocList>
<Loc EndOffset="8156" SrcFileId="30" StartOffset="8109"/>
<Loc EndOffset="8262" SrcFileId="30" StartOffset="8164"/>
<Loc EndOffset="8324" SrcFileId="30" StartOffset="8270"/>
<Loc EndOffset="8474" SrcFileId="30" StartOffset="8332"/>
<Loc EndOffset="8496" SrcFileId="30" StartOffset="8482"/>
</LocList>
<BasicStmnt CovItemId="S80" CovItemPrefix="database.DatabaseInterface.java" Intrnl_Id="1347">
<LocList>
<Loc EndOffset="8156" SrcFileId="30" StartOffset="8109"/>
</LocList>
</BasicStmnt>
<CondStmnt CovItemId="S81" CovItemPrefix="database.DatabaseInterface.java" Intrnl_Id="1348">
<Branch CovItemId="B22" CovItemPrefix="database.DatabaseInterface.java" Implct="false" Intrnl_Id="1349">
<Cond/>
<LocList>
<Loc EndOffset="8262" SrcFileId="30" StartOffset="8185"/>
</LocList>
<StmntSeq Intrnl_Id="1350">
<LocList>
<Loc EndOffset="8262" SrcFileId="30" StartOffset="8185"/>
</LocList>
<BasicStmnt CovItemId="S82" CovItemPrefix="database.DatabaseInterface.java" Intrnl_Id="1351">
<LocList>
<Loc EndOffset="8262" SrcFileId="30" StartOffset="8185"/>
</LocList>
</BasicStmnt>
</StmntSeq>
</Branch>
<Branch CovItemId="B23" CovItemPrefix="database.DatabaseInterface.java" Implct="true" Intrnl_Id="1352">
<Cond/>
<LocList/>
<StmntSeq Intrnl_Id="1353">
<LocList/>
</StmntSeq>
</Branch>
<Keyword EndOffset="8166" SrcFileId="30" StartOffset="8164"/>
<LocList>
<Loc EndOffset="8262" SrcFileId="30" StartOffset="8164"/>
</LocList>
</CondStmnt>
<BasicStmnt CovItemId="S83" CovItemPrefix="database.DatabaseInterface.java" Intrnl_Id="1354">
<LocList>
<Loc EndOffset="8324" SrcFileId="30" StartOffset="8270"/>
</LocList>
</BasicStmnt>
<LoopStmnt CovItemId="S84" CovItemPrefix="database.DatabaseInterface.java" Intrnl_Id="1355" MltplExecId="L2-2" MltplExecPrefix="database.DatabaseInterface.java" NvrExecId="L2-0" NvrExecPrefix="database.DatabaseInterface.java" OnceExecutedId="L2-1" OnceExecutedPrefix="database.DatabaseInterface.java" OptBodyExec="true">
<StmntSeq Intrnl_Id="1356">
<LocList>
<Loc EndOffset="8416" SrcFileId="30" StartOffset="8381"/>
<Loc EndOffset="8469" SrcFileId="30" StartOffset="8421"/>
</LocList>
<BasicStmnt CovItemId="S85" CovItemPrefix="database.DatabaseInterface.java" Intrnl_Id="1357">
<LocList>
<Loc EndOffset="8416" SrcFileId="30" StartOffset="8381"/>
</LocList>
</BasicStmnt>
<BasicStmnt CovItemId="S86" CovItemPrefix="database.DatabaseInterface.java" Intrnl_Id="1358">
<LocList>
<Loc EndOffset="8469" SrcFileId="30" StartOffset="8421"/>
</LocList>
</BasicStmnt>
</StmntSeq>
<Keyword EndOffset="8335" SrcFileId="30" StartOffset="8332"/>
<LocList>
<Loc EndOffset="8474" SrcFileId="30" StartOffset="8332"/>
</LocList>
</LoopStmnt>
<BasicStmnt CovItemId="S87" CovItemPrefix="database.DatabaseInterface.java" Intrnl_Id="1359">
<LocList>
<Loc EndOffset="8496" SrcFileId="30" StartOffset="8482"/>
</LocList>
</BasicStmnt>
</StmntSeq>
</HierarchyLvl>
<HierarchyLvl HierarchyLvlId="9957" HierarchyLvlTypeId="45" Intrnl_Id="1360" Name="actionExists">
<Header>
<Loc EndOffset="8915" SrcFileId="30" StartOffset="8812"/>
</Header>
<LocList>
<Loc EndOffset="9661" SrcFileId="30" StartOffset="8812"/>
</LocList>
<StmntSeq Intrnl_Id="1361">
<LocList>
<Loc EndOffset="9041" SrcFileId="30" StartOffset="8923"/>
<Loc EndOffset="9129" SrcFileId="30" StartOffset="9059"/>
<Loc EndOffset="9169" SrcFileId="30" StartOffset="9139"/>
<Loc EndOffset="9201" SrcFileId="30" StartOffset="9174"/>
<Loc EndOffset="9235" SrcFileId="30" StartOffset="9206"/>
<Loc EndOffset="9285" SrcFileId="30" StartOffset="9245"/>
<Loc EndOffset="9473" SrcFileId="30" StartOffset="9295"/>
<Loc EndOffset="9500" SrcFileId="30" StartOffset="9483"/>
<Loc EndOffset="9518" SrcFileId="30" StartOffset="9505"/>
<Loc EndOffset="9653" SrcFileId="30" StartOffset="9049"/>
</LocList>
<BasicStmnt CovItemId="S88" CovItemPrefix="database.DatabaseInterface.java" Intrnl_Id="1362">
<LocList>
<Loc EndOffset="9041" SrcFileId="30" StartOffset="8923"/>
</LocList>
</BasicStmnt>
<BasicStmnt CovItemId="S90" CovItemPrefix="database.DatabaseInterface.java" Intrnl_Id="1363">
<LocList>
<Loc EndOffset="9129" SrcFileId="30" StartOffset="9059"/>
</LocList>
</BasicStmnt>
<BasicStmnt CovItemId="S91" CovItemPrefix="database.DatabaseInterface.java" Intrnl_Id="1364">
<LocList>
<Loc EndOffset="9169" SrcFileId="30" StartOffset="9139"/>
</LocList>
</BasicStmnt>
<BasicStmnt CovItemId="S92" CovItemPrefix="database.DatabaseInterface.java" Intrnl_Id="1365">
<LocList>
<Loc EndOffset="9201" SrcFileId="30" StartOffset="9174"/>
</LocList>
</BasicStmnt>
<BasicStmnt CovItemId="S93" CovItemPrefix="database.DatabaseInterface.java" Intrnl_Id="1366">
<LocList>
<Loc EndOffset="9235" SrcFileId="30" StartOffset="9206"/>
</LocList>
</BasicStmnt>
<BasicStmnt CovItemId="S94" CovItemPrefix="database.DatabaseInterface.java" Intrnl_Id="1367">
<LocList>
<Loc EndOffset="9285" SrcFileId="30" StartOffset="9245"/>
</LocList>
</BasicStmnt>
<CondStmnt CovItemId="S95" CovItemPrefix="database.DatabaseInterface.java" Intrnl_Id="1368">
<Branch CovItemId="B25" CovItemPrefix="database.DatabaseInterface.java" Implct="false" Intrnl_Id="1369">
<Cond/>
<LocList>
<Loc EndOffset="9473" SrcFileId="30" StartOffset="9314"/>
</LocList>
<StmntSeq Intrnl_Id="1370">
<LocList>
<Loc EndOffset="9467" SrcFileId="30" StartOffset="9321"/>
</LocList>
<CondStmnt CovItemId="S96" CovItemPrefix="database.DatabaseInterface.java" Intrnl_Id="1371">
<Branch CovItemId="B27" CovItemPrefix="database.DatabaseInterface.java" Implct="false" Intrnl_Id="1372">
<Cond/>
<LocList>
<Loc EndOffset="9399" SrcFileId="30" StartOffset="9348"/>
</LocList>
<StmntSeq Intrnl_Id="1373">
<LocList>
<Loc EndOffset="9373" SrcFileId="30" StartOffset="9356"/>
<Loc EndOffset="9392" SrcFileId="30" StartOffset="9380"/>
</LocList>
<BasicStmnt CovItemId="S97" CovItemPrefix="database.DatabaseInterface.java" Intrnl_Id="1374">
<LocList>
<Loc EndOffset="9373" SrcFileId="30" StartOffset="9356"/>
</LocList>
</BasicStmnt>
<BasicStmnt CovItemId="S98" CovItemPrefix="database.DatabaseInterface.java" Intrnl_Id="1375">
<LocList>
<Loc EndOffset="9392" SrcFileId="30" StartOffset="9380"/>
</LocList>
</BasicStmnt>
</StmntSeq>
</Branch>
<Branch CovItemId="B28" CovItemPrefix="database.DatabaseInterface.java" Implct="false" Intrnl_Id="1376">
<Cond>
<Loc EndOffset="9409" SrcFileId="30" StartOffset="9405"/>
</Cond>
<LocList>
<Loc EndOffset="9467" SrcFileId="30" StartOffset="9415"/>
</LocList>
<StmntSeq Intrnl_Id="1377">
<LocList>
<Loc EndOffset="9440" SrcFileId="30" StartOffset="9423"/>
<Loc EndOffset="9460" SrcFileId="30" StartOffset="9447"/>
</LocList>
<BasicStmnt CovItemId="S99" CovItemPrefix="database.DatabaseInterface.java" Intrnl_Id="1378">
<LocList>
<Loc EndOffset="9440" SrcFileId="30" StartOffset="9423"/>
</LocList>
</BasicStmnt>
<BasicStmnt CovItemId="S100" CovItemPrefix="database.DatabaseInterface.java" Intrnl_Id="1379">
<LocList>
<Loc EndOffset="9460" SrcFileId="30" StartOffset="9447"/>
</LocList>
</BasicStmnt>
</StmntSeq>
</Branch>
<Keyword EndOffset="9323" SrcFileId="30" StartOffset="9321"/>
<LocList>
<Loc EndOffset="9467" SrcFileId="30" StartOffset="9321"/>
</LocList>
</CondStmnt>
</StmntSeq>
</Branch>
<Branch CovItemId="B26" CovItemPrefix="database.DatabaseInterface.java" Implct="true" Intrnl_Id="1380">
<Cond/>
<LocList/>
<StmntSeq Intrnl_Id="1381">
<LocList/>
</StmntSeq>
</Branch>
<Keyword EndOffset="9297" SrcFileId="30" StartOffset="9295"/>
<LocList>
<Loc EndOffset="9473" SrcFileId="30" StartOffset="9295"/>
</LocList>
</CondStmnt>
<BasicStmnt CovItemId="S101" CovItemPrefix="database.DatabaseInterface.java" Intrnl_Id="1382">
<LocList>
<Loc EndOffset="9500" SrcFileId="30" StartOffset="9483"/>
</LocList>
</BasicStmnt>
<BasicStmnt CovItemId="S102" CovItemPrefix="database.DatabaseInterface.java" Intrnl_Id="1383">
<LocList>
<Loc EndOffset="9518" SrcFileId="30" StartOffset="9505"/>
</LocList>
</BasicStmnt>
<CondStmnt CovItemId="S89" CovItemPrefix="database.DatabaseInterface.java" Intrnl_Id="1384">
<Branch CovItemId="B24" CovItemPrefix="database.DatabaseInterface.java" Implct="true" Intrnl_Id="1385">
<Cond/>
<LocList/>
<StmntSeq Intrnl_Id="1386">
<LocList/>
</StmntSeq>
</Branch>
<Branch CovItemId="B29" CovItemPrefix="database.DatabaseInterface.java" Implct="false" Intrnl_Id="1387">
<Cond>
<Loc EndOffset="9556" SrcFileId="30" StartOffset="9534"/>
</Cond>
<LocList>
<Loc EndOffset="9653" SrcFileId="30" StartOffset="9557"/>
</LocList>
<StmntSeq Intrnl_Id="1388">
<LocList>
<Loc EndOffset="9648" SrcFileId="30" StartOffset="9563"/>
</LocList>
<BasicStmnt CovItemId="S103" CovItemPrefix="database.DatabaseInterface.java" Intrnl_Id="1389">
<LocList>
<Loc EndOffset="9648" SrcFileId="30" StartOffset="9563"/>
</LocList>
</BasicStmnt>
</StmntSeq>
</Branch>
<Keyword EndOffset="9052" SrcFileId="30" StartOffset="9049"/>
<LocList>
<Loc EndOffset="9653" SrcFileId="30" StartOffset="9049"/>
</LocList>
</CondStmnt>
</StmntSeq>
</HierarchyLvl>
<HierarchyLvl HierarchyLvlId="9958" HierarchyLvlTypeId="45" Intrnl_Id="1390" Name="optimalityExists">
<Header>
<Loc EndOffset="10066" SrcFileId="30" StartOffset="9973"/>
</Header>
<LocList>
<Loc EndOffset="10766" SrcFileId="30" StartOffset="9973"/>
</LocList>
<StmntSeq Intrnl_Id="1391">
<LocList>
<Loc EndOffset="10180" SrcFileId="30" StartOffset="10074"/>
<Loc EndOffset="10268" SrcFileId="30" StartOffset="10198"/>
<Loc EndOffset="10308" SrcFileId="30" StartOffset="10278"/>
<Loc EndOffset="10340" SrcFileId="30" StartOffset="10313"/>
<Loc EndOffset="10390" SrcFileId="30" StartOffset="10350"/>
<Loc EndOffset="10578" SrcFileId="30" StartOffset="10400"/>
<Loc EndOffset="10605" SrcFileId="30" StartOffset="10588"/>
<Loc EndOffset="10623" SrcFileId="30" StartOffset="10610"/>
<Loc EndOffset="10758" SrcFileId="30" StartOffset="10188"/>
</LocList>
<BasicStmnt CovItemId="S104" CovItemPrefix="database.DatabaseInterface.java" Intrnl_Id="1392">
<LocList>
<Loc EndOffset="10180" SrcFileId="30" StartOffset="10074"/>
</LocList>
</BasicStmnt>
<BasicStmnt CovItemId="S106" CovItemPrefix="database.DatabaseInterface.java" Intrnl_Id="1393">
<LocList>
<Loc EndOffset="10268" SrcFileId="30" StartOffset="10198"/>
</LocList>
</BasicStmnt>
<BasicStmnt CovItemId="S107" CovItemPrefix="database.DatabaseInterface.java" Intrnl_Id="1394">
<LocList>
<Loc EndOffset="10308" SrcFileId="30" StartOffset="10278"/>
</LocList>
</BasicStmnt>
<BasicStmnt CovItemId="S108" CovItemPrefix="database.DatabaseInterface.java" Intrnl_Id="1395">
<LocList>
<Loc EndOffset="10340" SrcFileId="30" StartOffset="10313"/>
</LocList>
</BasicStmnt>
<BasicStmnt CovItemId="S109" CovItemPrefix="database.DatabaseInterface.java" Intrnl_Id="1396">
<LocList>
<Loc EndOffset="10390" SrcFileId="30" StartOffset="10350"/>
</LocList>
</BasicStmnt>
<CondStmnt CovItemId="S110" CovItemPrefix="database.DatabaseInterface.java" Intrnl_Id="1397">
<Branch CovItemId="B31" CovItemPrefix="database.DatabaseInterface.java" Implct="false" Intrnl_Id="1398">
<Cond/>
<LocList>
<Loc EndOffset="10578" SrcFileId="30" StartOffset="10419"/>
</LocList>
<StmntSeq Intrnl_Id="1399">
<LocList>
<Loc EndOffset="10572" SrcFileId="30" StartOffset="10426"/>
</LocList>
<CondStmnt CovItemId="S111" CovItemPrefix="database.DatabaseInterface.java" Intrnl_Id="1400">
<Branch CovItemId="B33" CovItemPrefix="database.DatabaseInterface.java" Implct="false" Intrnl_Id="1401">
<Cond/>
<LocList>
<Loc EndOffset="10504" SrcFileId="30" StartOffset="10453"/>
</LocList>
<StmntSeq Intrnl_Id="1402">
<LocList>
<Loc EndOffset="10478" SrcFileId="30" StartOffset="10461"/>
<Loc EndOffset="10497" SrcFileId="30" StartOffset="10485"/>
</LocList>
<BasicStmnt CovItemId="S112" CovItemPrefix="database.DatabaseInterface.java" Intrnl_Id="1403">
<LocList>
<Loc EndOffset="10478" SrcFileId="30" StartOffset="10461"/>
</LocList>
</BasicStmnt>
<BasicStmnt CovItemId="S113" CovItemPrefix="database.DatabaseInterface.java" Intrnl_Id="1404">
<LocList>
<Loc EndOffset="10497" SrcFileId="30" StartOffset="10485"/>
</LocList>
</BasicStmnt>
</StmntSeq>
</Branch>
<Branch CovItemId="B34" CovItemPrefix="database.DatabaseInterface.java" Implct="false" Intrnl_Id="1405">
<Cond>
<Loc EndOffset="10514" SrcFileId="30" StartOffset="10510"/>
</Cond>
<LocList>
<Loc EndOffset="10572" SrcFileId="30" StartOffset="10520"/>
</LocList>
<StmntSeq Intrnl_Id="1406">
<LocList>
<Loc EndOffset="10545" SrcFileId="30" StartOffset="10528"/>
<Loc EndOffset="10565" SrcFileId="30" StartOffset="10552"/>
</LocList>
<BasicStmnt CovItemId="S114" CovItemPrefix="database.DatabaseInterface.java" Intrnl_Id="1407">
<LocList>
<Loc EndOffset="10545" SrcFileId="30" StartOffset="10528"/>
</LocList>
</BasicStmnt>
<BasicStmnt CovItemId="S115" CovItemPrefix="database.DatabaseInterface.java" Intrnl_Id="1408">
<LocList>
<Loc EndOffset="10565" SrcFileId="30" StartOffset="10552"/>
</LocList>
</BasicStmnt>
</StmntSeq>
</Branch>
<Keyword EndOffset="10428" SrcFileId="30" StartOffset="10426"/>
<LocList>
<Loc EndOffset="10572" SrcFileId="30" StartOffset="10426"/>
</LocList>
</CondStmnt>
</StmntSeq>
</Branch>
<Branch CovItemId="B32" CovItemPrefix="database.DatabaseInterface.java" Implct="true" Intrnl_Id="1409">
<Cond/>
<LocList/>
<StmntSeq Intrnl_Id="1410">
<LocList/>
</StmntSeq>
</Branch>
<Keyword EndOffset="10402" SrcFileId="30" StartOffset="10400"/>
<LocList>
<Loc EndOffset="10578" SrcFileId="30" StartOffset="10400"/>
</LocList>
</CondStmnt>
<BasicStmnt CovItemId="S116" CovItemPrefix="database.DatabaseInterface.java" Intrnl_Id="1411">
<LocList>
<Loc EndOffset="10605" SrcFileId="30" StartOffset="10588"/>
</LocList>
</BasicStmnt>
<BasicStmnt CovItemId="S117" CovItemPrefix="database.DatabaseInterface.java" Intrnl_Id="1412">
<LocList>
<Loc EndOffset="10623" SrcFileId="30" StartOffset="10610"/>
</LocList>
</BasicStmnt>
<CondStmnt CovItemId="S105" CovItemPrefix="database.DatabaseInterface.java" Intrnl_Id="1413">
<Branch CovItemId="B30" CovItemPrefix="database.DatabaseInterface.java" Implct="true" Intrnl_Id="1414">
<Cond/>
<LocList/>
<StmntSeq Intrnl_Id="1415">
<LocList/>
</StmntSeq>
</Branch>
<Branch CovItemId="B35" CovItemPrefix="database.DatabaseInterface.java" Implct="false" Intrnl_Id="1416">
<Cond>
<Loc EndOffset="10661" SrcFileId="30" StartOffset="10639"/>
</Cond>
<LocList>
<Loc EndOffset="10758" SrcFileId="30" StartOffset="10662"/>
</LocList>
<StmntSeq Intrnl_Id="1417">
<LocList>
<Loc EndOffset="10753" SrcFileId="30" StartOffset="10668"/>
</LocList>
<BasicStmnt CovItemId="S118" CovItemPrefix="database.DatabaseInterface.java" Intrnl_Id="1418">
<LocList>
<Loc EndOffset="10753" SrcFileId="30" StartOffset="10668"/>
</LocList>
</BasicStmnt>
</StmntSeq>
</Branch>
<Keyword EndOffset="10191" SrcFileId="30" StartOffset="10188"/>
<LocList>
<Loc EndOffset="10758" SrcFileId="30" StartOffset="10188"/>
</LocList>
</CondStmnt>
</StmntSeq>
</HierarchyLvl>
<HierarchyLvl HierarchyLvlId="9959" HierarchyLvlTypeId="45" Intrnl_Id="1419" Name="saveGameAction">
<Header>
<Loc EndOffset="11209" SrcFileId="30" StartOffset="11086"/>
</Header>
<LocList>
<Loc EndOffset="12447" SrcFileId="30" StartOffset="11086"/>
</LocList>
<StmntSeq Intrnl_Id="1420">
<LocList>
<Loc EndOffset="11256" SrcFileId="30" StartOffset="11217"/>
<Loc EndOffset="11317" SrcFileId="30" StartOffset="11264"/>
<Loc EndOffset="11369" SrcFileId="30" StartOffset="11325"/>
<Loc EndOffset="11423" SrcFileId="30" StartOffset="11373"/>
<Loc EndOffset="11471" SrcFileId="30" StartOffset="11431"/>
<Loc EndOffset="11525" SrcFileId="30" StartOffset="11475"/>
<Loc EndOffset="11583" SrcFileId="30" StartOffset="11533"/>
<Loc EndOffset="11637" SrcFileId="30" StartOffset="11587"/>
<Loc EndOffset="11671" SrcFileId="30" StartOffset="11645"/>
<Loc EndOffset="11701" SrcFileId="30" StartOffset="11675"/>
<Loc EndOffset="11877" SrcFileId="30" StartOffset="11709"/>
<Loc EndOffset="11966" SrcFileId="30" StartOffset="11895"/>
<Loc EndOffset="12006" SrcFileId="30" StartOffset="11976"/>
<Loc EndOffset="12038" SrcFileId="30" StartOffset="12011"/>
<Loc EndOffset="12085" SrcFileId="30" StartOffset="12043"/>
<Loc EndOffset="12119" SrcFileId="30" StartOffset="12090"/>
<Loc EndOffset="12160" SrcFileId="30" StartOffset="12124"/>
<Loc EndOffset="12201" SrcFileId="30" StartOffset="12165"/>
<Loc EndOffset="12230" SrcFileId="30" StartOffset="12206"/>
<Loc EndOffset="12259" SrcFileId="30" StartOffset="12235"/>
<Loc EndOffset="12288" SrcFileId="30" StartOffset="12269"/>
<Loc EndOffset="12315" SrcFileId="30" StartOffset="12298"/>
<Loc EndOffset="12439" SrcFileId="30" StartOffset="11885"/>
</LocList>
<BasicStmnt CovItemId="S119" CovItemPrefix="database.DatabaseInterface.java" Intrnl_Id="1421">
<LocList>
<Loc EndOffset="11256" SrcFileId="30" StartOffset="11217"/>
</LocList>
</BasicStmnt>
<CondStmnt CovItemId="S120" CovItemPrefix="database.DatabaseInterface.java" Intrnl_Id="1422">
<Branch CovItemId="B36" CovItemPrefix="database.DatabaseInterface.java" Implct="false" Intrnl_Id="1423">
<Cond/>
<LocList>
<Loc EndOffset="11317" SrcFileId="30" StartOffset="11310"/>
</LocList>
<StmntSeq Intrnl_Id="1424">
<LocList>
<Loc EndOffset="11317" SrcFileId="30" StartOffset="11310"/>
</LocList>
<BasicStmnt CovItemId="S121" CovItemPrefix="database.DatabaseInterface.java" Intrnl_Id="1425">
<LocList>
<Loc EndOffset="11317" SrcFileId="30" StartOffset="11310"/>
</LocList>
</BasicStmnt>
</StmntSeq>
</Branch>
<Branch CovItemId="B37" CovItemPrefix="database.DatabaseInterface.java" Implct="true" Intrnl_Id="1426">
<Cond/>
<LocList/>
<StmntSeq Intrnl_Id="1427">
<LocList/>
</StmntSeq>
</Branch>
<Keyword EndOffset="11266" SrcFileId="30" StartOffset="11264"/>
<LocList>
<Loc EndOffset="11317" SrcFileId="30" StartOffset="11264"/>
</LocList>
</CondStmnt>
<BasicStmnt CovItemId="S122" CovItemPrefix="database.DatabaseInterface.java" Intrnl_Id="1428">
<LocList>
<Loc EndOffset="11369" SrcFileId="30" StartOffset="11325"/>
</LocList>
</BasicStmnt>
<BasicStmnt CovItemId="S123" CovItemPrefix="database.DatabaseInterface.java" Intrnl_Id="1429">
<LocList>
<Loc EndOffset="11423" SrcFileId="30" StartOffset="11373"/>
</LocList>
</BasicStmnt>
<BasicStmnt CovItemId="S124" CovItemPrefix="database.DatabaseInterface.java" Intrnl_Id="1430">
<LocList>
<Loc EndOffset="11471" SrcFileId="30" StartOffset="11431"/>
</LocList>
</BasicStmnt>
<BasicStmnt CovItemId="S125" CovItemPrefix="database.DatabaseInterface.java" Intrnl_Id="1431">
<LocList>
<Loc EndOffset="11525" SrcFileId="30" StartOffset="11475"/>
</LocList>
</BasicStmnt>
<BasicStmnt CovItemId="S126" CovItemPrefix="database.DatabaseInterface.java" Intrnl_Id="1432">
<LocList>
<Loc EndOffset="11583" SrcFileId="30" StartOffset="11533"/>
</LocList>
</BasicStmnt>
<BasicStmnt CovItemId="S127" CovItemPrefix="database.DatabaseInterface.java" Intrnl_Id="1433">
<LocList>
<Loc EndOffset="11637" SrcFileId="30" StartOffset="11587"/>
</LocList>
</BasicStmnt>
<BasicStmnt CovItemId="S128" CovItemPrefix="database.DatabaseInterface.java" Intrnl_Id="1434">
<LocList>
<Loc EndOffset="11671" SrcFileId="30" StartOffset="11645"/>
</LocList>
</BasicStmnt>
<BasicStmnt CovItemId="S129" CovItemPrefix="database.DatabaseInterface.java" Intrnl_Id="1435">
<LocList>
<Loc EndOffset="11701" SrcFileId="30" StartOffset="11675"/>
</LocList>
</BasicStmnt>
<BasicStmnt CovItemId="S130" CovItemPrefix="database.DatabaseInterface.java" Intrnl_Id="1436">
<LocList>
<Loc EndOffset="11877" SrcFileId="30" StartOffset="11709"/>
</LocList>
</BasicStmnt>
<BasicStmnt CovItemId="S132" CovItemPrefix="database.DatabaseInterface.java" Intrnl_Id="1437">
<LocList>
<Loc EndOffset="11966" SrcFileId="30" StartOffset="11895"/>
</LocList>
</BasicStmnt>
<BasicStmnt CovItemId="S133" CovItemPrefix="database.DatabaseInterface.java" Intrnl_Id="1438">
<LocList>
<Loc EndOffset="12006" SrcFileId="30" StartOffset="11976"/>
</LocList>
</BasicStmnt>
<BasicStmnt CovItemId="S134" CovItemPrefix="database.DatabaseInterface.java" Intrnl_Id="1439">
<LocList>
<Loc EndOffset="12038" SrcFileId="30" StartOffset="12011"/>
</LocList>
</BasicStmnt>
<BasicStmnt CovItemId="S135" CovItemPrefix="database.DatabaseInterface.java" Intrnl_Id="1440">
<LocList>
<Loc EndOffset="12085" SrcFileId="30" StartOffset="12043"/>
</LocList>
</BasicStmnt>
<BasicStmnt CovItemId="S136" CovItemPrefix="database.DatabaseInterface.java" Intrnl_Id="1441">
<LocList>
<Loc EndOffset="12119" SrcFileId="30" StartOffset="12090"/>
</LocList>
</BasicStmnt>
<BasicStmnt CovItemId="S137" CovItemPrefix="database.DatabaseInterface.java" Intrnl_Id="1442">
<LocList>
<Loc EndOffset="12160" SrcFileId="30" StartOffset="12124"/>
</LocList>
</BasicStmnt>
<BasicStmnt CovItemId="S138" CovItemPrefix="database.DatabaseInterface.java" Intrnl_Id="1443">
<LocList>
<Loc EndOffset="12201" SrcFileId="30" StartOffset="12165"/>
</LocList>
</BasicStmnt>
<BasicStmnt CovItemId="S139" CovItemPrefix="database.DatabaseInterface.java" Intrnl_Id="1444">
<LocList>
<Loc EndOffset="12230" SrcFileId="30" StartOffset="12206"/>
</LocList>
</BasicStmnt>
<BasicStmnt CovItemId="S140" CovItemPrefix="database.DatabaseInterface.java" Intrnl_Id="1445">
<LocList>
<Loc EndOffset="12259" SrcFileId="30" StartOffset="12235"/>
</LocList>
</BasicStmnt>
<BasicStmnt CovItemId="S141" CovItemPrefix="database.DatabaseInterface.java" Intrnl_Id="1446">
<LocList>
<Loc EndOffset="12288" SrcFileId="30" StartOffset="12269"/>
</LocList>
</BasicStmnt>
<BasicStmnt CovItemId="S142" CovItemPrefix="database.DatabaseInterface.java" Intrnl_Id="1447">
<LocList>
<Loc EndOffset="12315" SrcFileId="30" StartOffset="12298"/>
</LocList>
</BasicStmnt>
<CondStmnt CovItemId="S131" CovItemPrefix="database.DatabaseInterface.java" Intrnl_Id="1448">
<Branch CovItemId="B38" CovItemPrefix="database.DatabaseInterface.java" Implct="true" Intrnl_Id="1449">
<Cond/>
<LocList/>
<StmntSeq Intrnl_Id="1450">
<LocList/>
</StmntSeq>
</Branch>
<Branch CovItemId="B39" CovItemPrefix="database.DatabaseInterface.java" Implct="false" Intrnl_Id="1451">
<Cond>
<Loc EndOffset="12343" SrcFileId="30" StartOffset="12321"/>
</Cond>
<LocList>
<Loc EndOffset="12439" SrcFileId="30" StartOffset="12344"/>
</LocList>
<StmntSeq Intrnl_Id="1452">
<LocList>
<Loc EndOffset="12434" SrcFileId="30" StartOffset="12350"/>
</LocList>
<BasicStmnt CovItemId="S143" CovItemPrefix="database.DatabaseInterface.java" Intrnl_Id="1453">
<LocList>
<Loc EndOffset="12434" SrcFileId="30" StartOffset="12350"/>
</LocList>
</BasicStmnt>
</StmntSeq>
</Branch>
<Keyword EndOffset="11888" SrcFileId="30" StartOffset="11885"/>
<LocList>
<Loc EndOffset="12439" SrcFileId="30" StartOffset="11885"/>
</LocList>
</CondStmnt>
</StmntSeq>
</HierarchyLvl>
<HierarchyLvl HierarchyLvlId="9960" HierarchyLvlTypeId="45" Intrnl_Id="1454" Name="saveMiscData">
<Header>
<Loc EndOffset="12750" SrcFileId="30" StartOffset="12656"/>
</Header>
<LocList>
<Loc EndOffset="13385" SrcFileId="30" StartOffset="12656"/>
</LocList>
<StmntSeq Intrnl_Id="1455">
<LocList>
<Loc EndOffset="12797" SrcFileId="30" StartOffset="12758"/>
<Loc EndOffset="12830" SrcFileId="30" StartOffset="12801"/>
<Loc EndOffset="12865" SrcFileId="30" StartOffset="12834"/>
<Loc EndOffset="13004" SrcFileId="30" StartOffset="12873"/>
<Loc EndOffset="13091" SrcFileId="30" StartOffset="13022"/>
<Loc EndOffset="13131" SrcFileId="30" StartOffset="13101"/>
<Loc EndOffset="13164" SrcFileId="30" StartOffset="13136"/>
<Loc EndOffset="13198" SrcFileId="30" StartOffset="13169"/>
<Loc EndOffset="13227" SrcFileId="30" StartOffset="13208"/>
<Loc EndOffset="13254" SrcFileId="30" StartOffset="13237"/>
<Loc EndOffset="13377" SrcFileId="30" StartOffset="13012"/>
</LocList>
<BasicStmnt CovItemId="S144" CovItemPrefix="database.DatabaseInterface.java" Intrnl_Id="1456">
<LocList>
<Loc EndOffset="12797" SrcFileId="30" StartOffset="12758"/>
</LocList>
</BasicStmnt>
<BasicStmnt CovItemId="S145" CovItemPrefix="database.DatabaseInterface.java" Intrnl_Id="1457">
<LocList>
<Loc EndOffset="12830" SrcFileId="30" StartOffset="12801"/>
</LocList>
</BasicStmnt>
<BasicStmnt CovItemId="S146" CovItemPrefix="database.DatabaseInterface.java" Intrnl_Id="1458">
<LocList>
<Loc EndOffset="12865" SrcFileId="30" StartOffset="12834"/>
</LocList>
</BasicStmnt>
<BasicStmnt CovItemId="S147" CovItemPrefix="database.DatabaseInterface.java" Intrnl_Id="1459">
<LocList>
<Loc EndOffset="13004" SrcFileId="30" StartOffset="12873"/>
</LocList>
</BasicStmnt>
<BasicStmnt CovItemId="S149" CovItemPrefix="database.DatabaseInterface.java" Intrnl_Id="1460">
<LocList>
<Loc EndOffset="13091" SrcFileId="30" StartOffset="13022"/>
</LocList>
</BasicStmnt>
<BasicStmnt CovItemId="S150" CovItemPrefix="database.DatabaseInterface.java" Intrnl_Id="1461">
<LocList>
<Loc EndOffset="13131" SrcFileId="30" StartOffset="13101"/>
</LocList>
</BasicStmnt>
<BasicStmnt CovItemId="S151" CovItemPrefix="database.DatabaseInterface.java" Intrnl_Id="1462">
<LocList>
<Loc EndOffset="13164" SrcFileId="30" StartOffset="13136"/>
</LocList>
</BasicStmnt>
<BasicStmnt CovItemId="S152" CovItemPrefix="database.DatabaseInterface.java" Intrnl_Id="1463">
<LocList>
<Loc EndOffset="13198" SrcFileId="30" StartOffset="13169"/>
</LocList>
</BasicStmnt>
<BasicStmnt CovItemId="S153" CovItemPrefix="database.DatabaseInterface.java" Intrnl_Id="1464">
<LocList>
<Loc EndOffset="13227" SrcFileId="30" StartOffset="13208"/>
</LocList>
</BasicStmnt>
<BasicStmnt CovItemId="S154" CovItemPrefix="database.DatabaseInterface.java" Intrnl_Id="1465">
<LocList>
<Loc EndOffset="13254" SrcFileId="30" StartOffset="13237"/>
</LocList>
</BasicStmnt>
<CondStmnt CovItemId="S148" CovItemPrefix="database.DatabaseInterface.java" Intrnl_Id="1466">
<Branch CovItemId="B40" CovItemPrefix="database.DatabaseInterface.java" Implct="true" Intrnl_Id="1467">
<Cond/>
<LocList/>
<StmntSeq Intrnl_Id="1468">
<LocList/>
</StmntSeq>
</Branch>
<Branch CovItemId="B41" CovItemPrefix="database.DatabaseInterface.java" Implct="false" Intrnl_Id="1469">
<Cond>
<Loc EndOffset="13282" SrcFileId="30" StartOffset="13260"/>
</Cond>
<LocList>
<Loc EndOffset="13377" SrcFileId="30" StartOffset="13283"/>
</LocList>
<StmntSeq Intrnl_Id="1470">
<LocList>
<Loc EndOffset="13372" SrcFileId="30" StartOffset="13289"/>
</LocList>
<BasicStmnt CovItemId="S155" CovItemPrefix="database.DatabaseInterface.java" Intrnl_Id="1471">
<LocList>
<Loc EndOffset="13372" SrcFileId="30" StartOffset="13289"/>
</LocList>
</BasicStmnt>
</StmntSeq>
</Branch>
<Keyword EndOffset="13015" SrcFileId="30" StartOffset="13012"/>
<LocList>
<Loc EndOffset="13377" SrcFileId="30" StartOffset="13012"/>
</LocList>
</CondStmnt>
</StmntSeq>
</HierarchyLvl>
<HierarchyLvl HierarchyLvlId="9961" HierarchyLvlTypeId="45" Intrnl_Id="1472" Name="getGameDatabaseID">
<Header>
<Loc EndOffset="13682" SrcFileId="30" StartOffset="13608"/>
</Header>
<LocList>
<Loc EndOffset="14275" SrcFileId="30" StartOffset="13608"/>
</LocList>
<StmntSeq Intrnl_Id="1473">
<LocList>
<Loc EndOffset="13706" SrcFileId="30" StartOffset="13690"/>
<Loc EndOffset="13741" SrcFileId="30" StartOffset="13710"/>
<Loc EndOffset="13838" SrcFileId="30" StartOffset="13753"/>
<Loc EndOffset="13923" SrcFileId="30" StartOffset="13855"/>
<Loc EndOffset="13968" SrcFileId="30" StartOffset="13928"/>
<Loc EndOffset="14018" SrcFileId="30" StartOffset="13978"/>
<Loc EndOffset="14098" SrcFileId="30" StartOffset="14028"/>
<Loc EndOffset="14125" SrcFileId="30" StartOffset="14108"/>
<Loc EndOffset="14144" SrcFileId="30" StartOffset="14130"/>
<Loc EndOffset="14271" SrcFileId="30" StartOffset="13846"/>
</LocList>
<BasicStmnt CovItemId="S156" CovItemPrefix="database.DatabaseInterface.java" Intrnl_Id="1474">
<LocList>
<Loc EndOffset="13706" SrcFileId="30" StartOffset="13690"/>
</LocList>
</BasicStmnt>
<CondStmnt CovItemId="S157" CovItemPrefix="database.DatabaseInterface.java" Intrnl_Id="1475">
<Branch CovItemId="B42" CovItemPrefix="database.DatabaseInterface.java" Implct="false" Intrnl_Id="1476">
<Cond/>
<LocList>
<Loc EndOffset="13741" SrcFileId="30" StartOffset="13727"/>
</LocList>
<StmntSeq Intrnl_Id="1477">
<LocList>
<Loc EndOffset="13741" SrcFileId="30" StartOffset="13727"/>
</LocList>
<BasicStmnt CovItemId="S158" CovItemPrefix="database.DatabaseInterface.java" Intrnl_Id="1478">
<LocList>
<Loc EndOffset="13741" SrcFileId="30" StartOffset="13727"/>
</LocList>
</BasicStmnt>
</StmntSeq>
</Branch>
<Branch CovItemId="B43" CovItemPrefix="database.DatabaseInterface.java" Implct="true" Intrnl_Id="1479">
<Cond/>
<LocList/>
<StmntSeq Intrnl_Id="1480">
<LocList/>
</StmntSeq>
</Branch>
<Keyword EndOffset="13712" SrcFileId="30" StartOffset="13710"/>
<LocList>
<Loc EndOffset="13741" SrcFileId="30" StartOffset="13710"/>
</LocList>
</CondStmnt>
<BasicStmnt CovItemId="S159" CovItemPrefix="database.DatabaseInterface.java" Intrnl_Id="1481">
<LocList>
<Loc EndOffset="13838" SrcFileId="30" StartOffset="13753"/>
</LocList>
</BasicStmnt>
<BasicStmnt CovItemId="S161" CovItemPrefix="database.DatabaseInterface.java" Intrnl_Id="1482">
<LocList>
<Loc EndOffset="13923" SrcFileId="30" StartOffset="13855"/>
</LocList>
</BasicStmnt>
<BasicStmnt CovItemId="S162" CovItemPrefix="database.DatabaseInterface.java" Intrnl_Id="1483">
<LocList>
<Loc EndOffset="13968" SrcFileId="30" StartOffset="13928"/>
</LocList>
</BasicStmnt>
<BasicStmnt CovItemId="S163" CovItemPrefix="database.DatabaseInterface.java" Intrnl_Id="1484">
<LocList>
<Loc EndOffset="14018" SrcFileId="30" StartOffset="13978"/>
</LocList>
</BasicStmnt>
<CondStmnt CovItemId="S164" CovItemPrefix="database.DatabaseInterface.java" Intrnl_Id="1485">
<Branch CovItemId="B45" CovItemPrefix="database.DatabaseInterface.java" Implct="false" Intrnl_Id="1486">
<Cond/>
<LocList>
<Loc EndOffset="14071" SrcFileId="30" StartOffset="14048"/>
</LocList>
<StmntSeq Intrnl_Id="1487">
<LocList>
<Loc EndOffset="14071" SrcFileId="30" StartOffset="14048"/>
</LocList>
<BasicStmnt CovItemId="S165" CovItemPrefix="database.DatabaseInterface.java" Intrnl_Id="1488">
<LocList>
<Loc EndOffset="14071" SrcFileId="30" StartOffset="14048"/>
</LocList>
</BasicStmnt>
</StmntSeq>
</Branch>
<Branch CovItemId="B46" CovItemPrefix="database.DatabaseInterface.java" Implct="false" Intrnl_Id="1489">
<Cond>
<Loc EndOffset="14080" SrcFileId="30" StartOffset="14076"/>
</Cond>
<LocList>
<Loc EndOffset="14098" SrcFileId="30" StartOffset="14086"/>
</LocList>
<StmntSeq Intrnl_Id="1490">
<LocList>
<Loc EndOffset="14098" SrcFileId="30" StartOffset="14086"/>
</LocList>
<BasicStmnt CovItemId="S166" CovItemPrefix="database.DatabaseInterface.java" Intrnl_Id="1491">
<LocList>
<Loc EndOffset="14098" SrcFileId="30" StartOffset="14086"/>
</LocList>
</BasicStmnt>
</StmntSeq>
</Branch>
<Keyword EndOffset="14030" SrcFileId="30" StartOffset="14028"/>
<LocList>
<Loc EndOffset="14098" SrcFileId="30" StartOffset="14028"/>
</LocList>
</CondStmnt>
<BasicStmnt CovItemId="S167" CovItemPrefix="database.DatabaseInterface.java" Intrnl_Id="1492">
<LocList>
<Loc EndOffset="14125" SrcFileId="30" StartOffset="14108"/>
</LocList>
</BasicStmnt>
<BasicStmnt CovItemId="S168" CovItemPrefix="database.DatabaseInterface.java" Intrnl_Id="1493">
<LocList>
<Loc EndOffset="14144" SrcFileId="30" StartOffset="14130"/>
</LocList>
</BasicStmnt>
<CondStmnt CovItemId="S160" CovItemPrefix="database.DatabaseInterface.java" Intrnl_Id="1494">
<Branch CovItemId="B44" CovItemPrefix="database.DatabaseInterface.java" Implct="true" Intrnl_Id="1495">
<Cond/>
<LocList/>
<StmntSeq Intrnl_Id="1496">
<LocList/>
</StmntSeq>
</Branch>
<Branch CovItemId="B47" CovItemPrefix="database.DatabaseInterface.java" Implct="false" Intrnl_Id="1497">
<Cond>
<Loc EndOffset="14173" SrcFileId="30" StartOffset="14151"/>
</Cond>
<LocList>
<Loc EndOffset="14271" SrcFileId="30" StartOffset="14174"/>
</LocList>
<StmntSeq Intrnl_Id="1498">
<LocList>
<Loc EndOffset="14265" SrcFileId="30" StartOffset="14181"/>
</LocList>
<BasicStmnt CovItemId="S169" CovItemPrefix="database.DatabaseInterface.java" Intrnl_Id="1499">
<LocList>
<Loc EndOffset="14265" SrcFileId="30" StartOffset="14181"/>
</LocList>
</BasicStmnt>
</StmntSeq>
</Branch>
<Keyword EndOffset="13849" SrcFileId="30" StartOffset="13846"/>
<LocList>
<Loc EndOffset="14271" SrcFileId="30" StartOffset="13846"/>
</LocList>
</CondStmnt>
</StmntSeq>
</HierarchyLvl>
<HierarchyLvl HierarchyLvlId="9962" HierarchyLvlTypeId="45" Intrnl_Id="1500" Name="saveGameGetID">
<Header>
<Loc EndOffset="14684" SrcFileId="30" StartOffset="14597"/>
</Header>
<LocList>
<Loc EndOffset="15449" SrcFileId="30" StartOffset="14597"/>
</LocList>
<StmntSeq Intrnl_Id="1501">
<LocList>
<Loc EndOffset="14719" SrcFileId="30" StartOffset="14692"/>
<Loc EndOffset="14858" SrcFileId="30" StartOffset="14727"/>
<Loc EndOffset="14893" SrcFileId="30" StartOffset="14862"/>
<Loc EndOffset="14978" SrcFileId="30" StartOffset="14909"/>
<Loc EndOffset="15010" SrcFileId="30" StartOffset="14982"/>
<Loc EndOffset="15042" SrcFileId="30" StartOffset="15014"/>
<Loc EndOffset="15069" SrcFileId="30" StartOffset="15050"/>
<Loc EndOffset="15122" SrcFileId="30" StartOffset="15077"/>
<Loc EndOffset="15142" SrcFileId="30" StartOffset="15130"/>
<Loc EndOffset="15277" SrcFileId="30" StartOffset="15146"/>
<Loc EndOffset="15302" SrcFileId="30" StartOffset="15285"/>
<Loc EndOffset="15316" SrcFileId="30" StartOffset="15306"/>
<Loc EndOffset="15441" SrcFileId="30" StartOffset="14901"/>
</LocList>
<CondStmnt CovItemId="S170" CovItemPrefix="database.DatabaseInterface.java" Intrnl_Id="1502">
<Branch CovItemId="B48" CovItemPrefix="database.DatabaseInterface.java" Implct="false" Intrnl_Id="1503">
<Cond/>
<LocList>
<Loc EndOffset="14719" SrcFileId="30" StartOffset="14709"/>
</LocList>
<StmntSeq Intrnl_Id="1504">
<LocList>
<Loc EndOffset="14719" SrcFileId="30" StartOffset="14709"/>
</LocList>
<BasicStmnt CovItemId="S171" CovItemPrefix="database.DatabaseInterface.java" Intrnl_Id="1505">
<LocList>
<Loc EndOffset="14719" SrcFileId="30" StartOffset="14709"/>
</LocList>
</BasicStmnt>
</StmntSeq>
</Branch>
<Branch CovItemId="B49" CovItemPrefix="database.DatabaseInterface.java" Implct="true" Intrnl_Id="1506">
<Cond/>
<LocList/>
<StmntSeq Intrnl_Id="1507">
<LocList/>
</StmntSeq>
</Branch>
<Keyword EndOffset="14694" SrcFileId="30" StartOffset="14692"/>
<LocList>
<Loc EndOffset="14719" SrcFileId="30" StartOffset="14692"/>
</LocList>
</CondStmnt>
<BasicStmnt CovItemId="S172" CovItemPrefix="database.DatabaseInterface.java" Intrnl_Id="1508">
<LocList>
<Loc EndOffset="14858" SrcFileId="30" StartOffset="14727"/>
</LocList>
</BasicStmnt>
<BasicStmnt CovItemId="S173" CovItemPrefix="database.DatabaseInterface.java" Intrnl_Id="1509">
<LocList>
<Loc EndOffset="14893" SrcFileId="30" StartOffset="14862"/>
</LocList>
</BasicStmnt>
<BasicStmnt CovItemId="S175" CovItemPrefix="database.DatabaseInterface.java" Intrnl_Id="1510">
<LocList>
<Loc EndOffset="14978" SrcFileId="30" StartOffset="14909"/>
</LocList>
</BasicStmnt>
<BasicStmnt CovItemId="S176" CovItemPrefix="database.DatabaseInterface.java" Intrnl_Id="1511">
<LocList>
<Loc EndOffset="15010" SrcFileId="30" StartOffset="14982"/>
</LocList>
</BasicStmnt>
<BasicStmnt CovItemId="S177" CovItemPrefix="database.DatabaseInterface.java" Intrnl_Id="1512">
<LocList>
<Loc EndOffset="15042" SrcFileId="30" StartOffset="15014"/>
</LocList>
</BasicStmnt>
<BasicStmnt CovItemId="S178" CovItemPrefix="database.DatabaseInterface.java" Intrnl_Id="1513">
<LocList>
<Loc EndOffset="15069" SrcFileId="30" StartOffset="15050"/>
</LocList>
</BasicStmnt>
<BasicStmnt CovItemId="S179" CovItemPrefix="database.DatabaseInterface.java" Intrnl_Id="1514">
<LocList>
<Loc EndOffset="15122" SrcFileId="30" StartOffset="15077"/>
</LocList>
</BasicStmnt>
<BasicStmnt CovItemId="S180" CovItemPrefix="database.DatabaseInterface.java" Intrnl_Id="1515">
<LocList>
<Loc EndOffset="15142" SrcFileId="30" StartOffset="15130"/>
</LocList>
</BasicStmnt>
<CondStmnt CovItemId="S181" CovItemPrefix="database.DatabaseInterface.java" Intrnl_Id="1516">
<Branch CovItemId="B51" CovItemPrefix="database.DatabaseInterface.java" Implct="false" Intrnl_Id="1517">
<Cond/>
<LocList>
<Loc EndOffset="15184" SrcFileId="30" StartOffset="15165"/>
</LocList>
<StmntSeq Intrnl_Id="1518">
<LocList>
<Loc EndOffset="15184" SrcFileId="30" StartOffset="15165"/>
</LocList>
<BasicStmnt CovItemId="S182" CovItemPrefix="database.DatabaseInterface.java" Intrnl_Id="1519">
<LocList>
<Loc EndOffset="15184" SrcFileId="30" StartOffset="15165"/>
</LocList>
</BasicStmnt>
</StmntSeq>
</Branch>
<Branch CovItemId="B52" CovItemPrefix="database.DatabaseInterface.java" Implct="false" Intrnl_Id="1520">
<Cond>
<Loc EndOffset="15243" SrcFileId="30" StartOffset="15239"/>
</Cond>
<LocList>
<Loc EndOffset="15277" SrcFileId="30" StartOffset="15248"/>
</LocList>
<StmntSeq Intrnl_Id="1521">
<LocList>
<Loc EndOffset="15277" SrcFileId="30" StartOffset="15248"/>
</LocList>
<BasicStmnt CovItemId="S183" CovItemPrefix="database.DatabaseInterface.java" Intrnl_Id="1522">
<LocList>
<Loc EndOffset="15277" SrcFileId="30" StartOffset="15248"/>
</LocList>
</BasicStmnt>
</StmntSeq>
</Branch>
<Keyword EndOffset="15148" SrcFileId="30" StartOffset="15146"/>
<LocList>
<Loc EndOffset="15277" SrcFileId="30" StartOffset="15146"/>
</LocList>
</CondStmnt>
<BasicStmnt CovItemId="S184" CovItemPrefix="database.DatabaseInterface.java" Intrnl_Id="1523">
<LocList>
<Loc EndOffset="15302" SrcFileId="30" StartOffset="15285"/>
</LocList>
</BasicStmnt>
<BasicStmnt CovItemId="S185" CovItemPrefix="database.DatabaseInterface.java" Intrnl_Id="1524">
<LocList>
<Loc EndOffset="15316" SrcFileId="30" StartOffset="15306"/>
</LocList>
</BasicStmnt>
<CondStmnt CovItemId="S174" CovItemPrefix="database.DatabaseInterface.java" Intrnl_Id="1525">
<Branch CovItemId="B50" CovItemPrefix="database.DatabaseInterface.java" Implct="true" Intrnl_Id="1526">
<Cond/>
<LocList/>
<StmntSeq Intrnl_Id="1527">
<LocList/>
</StmntSeq>
</Branch>
<Branch CovItemId="B53" CovItemPrefix="database.DatabaseInterface.java" Implct="false" Intrnl_Id="1528">
<Cond>
<Loc EndOffset="15348" SrcFileId="30" StartOffset="15326"/>
</Cond>
<LocList>
<Loc EndOffset="15441" SrcFileId="30" StartOffset="15349"/>
</LocList>
<StmntSeq Intrnl_Id="1529">
<LocList>
<Loc EndOffset="15436" SrcFileId="30" StartOffset="15355"/>
</LocList>
<BasicStmnt CovItemId="S186" CovItemPrefix="database.DatabaseInterface.java" Intrnl_Id="1530">
<LocList>
<Loc EndOffset="15436" SrcFileId="30" StartOffset="15355"/>
</LocList>
</BasicStmnt>
</StmntSeq>
</Branch>
<Keyword EndOffset="14904" SrcFileId="30" StartOffset="14901"/>
<LocList>
<Loc EndOffset="15441" SrcFileId="30" StartOffset="14901"/>
</LocList>
</CondStmnt>
</StmntSeq>
</HierarchyLvl>
<HierarchyLvl HierarchyLvlId="9963" HierarchyLvlTypeId="45" Intrnl_Id="1531" Name="getRankingQuery">
<Header>
<Loc EndOffset="15768" SrcFileId="30" StartOffset="15698"/>
</Header>
<LocList>
<Loc EndOffset="17035" SrcFileId="30" StartOffset="15698"/>
</LocList>
<StmntSeq Intrnl_Id="1532">
<LocList>
<Loc EndOffset="15865" SrcFileId="30" StartOffset="15776"/>
<Loc EndOffset="15943" SrcFileId="30" StartOffset="15869"/>
<Loc EndOffset="17009" SrcFileId="30" StartOffset="16035"/>
<Loc EndOffset="17031" SrcFileId="30" StartOffset="17019"/>
</LocList>
<BasicStmnt CovItemId="S187" CovItemPrefix="database.DatabaseInterface.java" Intrnl_Id="1533">
<LocList>
<Loc EndOffset="15865" SrcFileId="30" StartOffset="15776"/>
</LocList>
</BasicStmnt>
<BasicStmnt CovItemId="S188" CovItemPrefix="database.DatabaseInterface.java" Intrnl_Id="1534">
<LocList>
<Loc EndOffset="15943" SrcFileId="30" StartOffset="15869"/>
</LocList>
</BasicStmnt>
<BasicStmnt CovItemId="S189" CovItemPrefix="database.DatabaseInterface.java" Intrnl_Id="1535">
<LocList>
<Loc EndOffset="17009" SrcFileId="30" StartOffset="16035"/>
</LocList>
</BasicStmnt>
<BasicStmnt CovItemId="S190" CovItemPrefix="database.DatabaseInterface.java" Intrnl_Id="1536">
<LocList>
<Loc EndOffset="17031" SrcFileId="30" StartOffset="17019"/>
</LocList>
</BasicStmnt>
</StmntSeq>
</HierarchyLvl>
<HierarchyLvl HierarchyLvlId="9964" HierarchyLvlTypeId="45" Intrnl_Id="1537" Name="getRankedUsers">
<Header>
<Loc EndOffset="17560" SrcFileId="30" StartOffset="17465"/>
</Header>
<LocList>
<Loc EndOffset="18644" SrcFileId="30" StartOffset="17465"/>
</LocList>
<StmntSeq Intrnl_Id="1538">
<LocList>
<Loc EndOffset="17637" SrcFileId="30" StartOffset="17568"/>
<Loc EndOffset="17717" SrcFileId="30" StartOffset="17645"/>
<Loc EndOffset="17810" SrcFileId="30" StartOffset="17721"/>
<Loc EndOffset="18001" SrcFileId="30" StartOffset="17822"/>
<Loc EndOffset="18085" SrcFileId="30" StartOffset="18022"/>
<Loc EndOffset="18140" SrcFileId="30" StartOffset="18100"/>
<Loc EndOffset="18187" SrcFileId="30" StartOffset="18151"/>
<Loc EndOffset="18452" SrcFileId="30" StartOffset="18192"/>
<Loc EndOffset="18479" SrcFileId="30" StartOffset="18462"/>
<Loc EndOffset="18614" SrcFileId="30" StartOffset="18009"/>
<Loc EndOffset="18640" SrcFileId="30" StartOffset="18622"/>
</LocList>
<BasicStmnt CovItemId="S191" CovItemPrefix="database.DatabaseInterface.java" Intrnl_Id="1539">
<LocList>
<Loc EndOffset="17637" SrcFileId="30" StartOffset="17568"/>
</LocList>
</BasicStmnt>
<BasicStmnt CovItemId="S192" CovItemPrefix="database.DatabaseInterface.java" Intrnl_Id="1540">
<LocList>
<Loc EndOffset="17717" SrcFileId="30" StartOffset="17645"/>
</LocList>
</BasicStmnt>
<BasicStmnt CovItemId="S193" CovItemPrefix="database.DatabaseInterface.java" Intrnl_Id="1541">
<LocList>
<Loc EndOffset="17810" SrcFileId="30" StartOffset="17721"/>
</LocList>
</BasicStmnt>
<BasicStmnt CovItemId="S194" CovItemPrefix="database.DatabaseInterface.java" Intrnl_Id="1542">
<LocList>
<Loc EndOffset="18001" SrcFileId="30" StartOffset="17822"/>
</LocList>
</BasicStmnt>
<BasicStmnt CovItemId="S196" CovItemPrefix="database.DatabaseInterface.java" Intrnl_Id="1543">
<LocList>
<Loc EndOffset="18085" SrcFileId="30" StartOffset="18022"/>
</LocList>
</BasicStmnt>
<BasicStmnt CovItemId="S197" CovItemPrefix="database.DatabaseInterface.java" Intrnl_Id="1544">
<LocList>
<Loc EndOffset="18140" SrcFileId="30" StartOffset="18100"/>
</LocList>
</BasicStmnt>
<BasicStmnt CovItemId="S198" CovItemPrefix="database.DatabaseInterface.java" Intrnl_Id="1545">
<LocList>
<Loc EndOffset="18187" SrcFileId="30" StartOffset="18151"/>
</LocList>
</BasicStmnt>
<LoopStmnt CovItemId="S199" CovItemPrefix="database.DatabaseInterface.java" Intrnl_Id="1546" MltplExecId="L3-2" MltplExecPrefix="database.DatabaseInterface.java" NvrExecId="L3-0" NvrExecPrefix="database.DatabaseInterface.java" OnceExecutedId="L3-1" OnceExecutedPrefix="database.DatabaseInterface.java" OptBodyExec="true">
<StmntSeq Intrnl_Id="1547">
<LocList>
<Loc EndOffset="18265" SrcFileId="30" StartOffset="18221"/>
<Loc EndOffset="18312" SrcFileId="30" StartOffset="18271"/>
<Loc EndOffset="18390" SrcFileId="30" StartOffset="18324"/>
<Loc EndOffset="18423" SrcFileId="30" StartOffset="18402"/>
<Loc EndOffset="18446" SrcFileId="30" StartOffset="18435"/>
</LocList>
<BasicStmnt CovItemId="S200" CovItemPrefix="database.DatabaseInterface.java" Intrnl_Id="1548">
<LocList>
<Loc EndOffset="18265" SrcFileId="30" StartOffset="18221"/>
</LocList>
</BasicStmnt>
<BasicStmnt CovItemId="S201" CovItemPrefix="database.DatabaseInterface.java" Intrnl_Id="1549">
<LocList>
<Loc EndOffset="18312" SrcFileId="30" StartOffset="18271"/>
</LocList>
</BasicStmnt>
<BasicStmnt CovItemId="S202" CovItemPrefix="database.DatabaseInterface.java" Intrnl_Id="1550">
<LocList>
<Loc EndOffset="18390" SrcFileId="30" StartOffset="18324"/>
</LocList>
</BasicStmnt>
<BasicStmnt CovItemId="S203" CovItemPrefix="database.DatabaseInterface.java" Intrnl_Id="1551">
<LocList>
<Loc EndOffset="18423" SrcFileId="30" StartOffset="18402"/>
</LocList>
</BasicStmnt>
<BasicStmnt CovItemId="S204" CovItemPrefix="database.DatabaseInterface.java" Intrnl_Id="1552">
<LocList>
<Loc EndOffset="18446" SrcFileId="30" StartOffset="18435"/>
</LocList>
</BasicStmnt>
</StmntSeq>
<Keyword EndOffset="18197" SrcFileId="30" StartOffset="18192"/>
<LocList>
<Loc EndOffset="18452" SrcFileId="30" StartOffset="18192"/>
</LocList>
</LoopStmnt>
<BasicStmnt CovItemId="S205" CovItemPrefix="database.DatabaseInterface.java" Intrnl_Id="1553">
<LocList>
<Loc EndOffset="18479" SrcFileId="30" StartOffset="18462"/>
</LocList>
</BasicStmnt>
<CondStmnt CovItemId="S195" CovItemPrefix="database.DatabaseInterface.java" Intrnl_Id="1554">
<Branch CovItemId="B54" CovItemPrefix="database.DatabaseInterface.java" Implct="true" Intrnl_Id="1555">
<Cond/>
<LocList/>
<StmntSeq Intrnl_Id="1556">
<LocList/>
</StmntSeq>
</Branch>
<Branch CovItemId="B55" CovItemPrefix="database.DatabaseInterface.java" Implct="false" Intrnl_Id="1557">
<Cond>
<Loc EndOffset="18510" SrcFileId="30" StartOffset="18488"/>
</Cond>
<LocList>
<Loc EndOffset="18614" SrcFileId="30" StartOffset="18511"/>
</LocList>
<StmntSeq Intrnl_Id="1558">
<LocList>
<Loc EndOffset="18608" SrcFileId="30" StartOffset="18518"/>
</LocList>
<BasicStmnt CovItemId="S206" CovItemPrefix="database.DatabaseInterface.java" Intrnl_Id="1559">
<LocList>
<Loc EndOffset="18608" SrcFileId="30" StartOffset="18518"/>
</LocList>
</BasicStmnt>
</StmntSeq>
</Branch>
<Keyword EndOffset="18012" SrcFileId="30" StartOffset="18009"/>
<LocList>
<Loc EndOffset="18614" SrcFileId="30" StartOffset="18009"/>
</LocList>
</CondStmnt>
<BasicStmnt CovItemId="S207" CovItemPrefix="database.DatabaseInterface.java" Intrnl_Id="1560">
<LocList>
<Loc EndOffset="18640" SrcFileId="30" StartOffset="18622"/>
</LocList>
</BasicStmnt>
</StmntSeq>
</HierarchyLvl>
<HierarchyLvl HierarchyLvlId="9965" HierarchyLvlTypeId="45" Intrnl_Id="1561" Name="getUserNetMoneyRanking">
<Header>
<Loc EndOffset="19030" SrcFileId="30" StartOffset="18931"/>
</Header>
<LocList>
<Loc EndOffset="19752" SrcFileId="30" StartOffset="18931"/>
</LocList>
<StmntSeq Intrnl_Id="1562">
<LocList>
<Loc EndOffset="19109" SrcFileId="30" StartOffset="19040"/>
<Loc EndOffset="19210" SrcFileId="30" StartOffset="19113"/>
<Loc EndOffset="19286" SrcFileId="30" StartOffset="19227"/>
<Loc EndOffset="19336" SrcFileId="30" StartOffset="19296"/>
<Loc EndOffset="19598" SrcFileId="30" StartOffset="19346"/>
<Loc EndOffset="19744" SrcFileId="30" StartOffset="19214"/>
</LocList>
<BasicStmnt CovItemId="S208" CovItemPrefix="database.DatabaseInterface.java" Intrnl_Id="1563">
<LocList>
<Loc EndOffset="19109" SrcFileId="30" StartOffset="19040"/>
</LocList>
</BasicStmnt>
<BasicStmnt CovItemId="S209" CovItemPrefix="database.DatabaseInterface.java" Intrnl_Id="1564">
<LocList>
<Loc EndOffset="19210" SrcFileId="30" StartOffset="19113"/>
</LocList>
</BasicStmnt>
<BasicStmnt CovItemId="S211" CovItemPrefix="database.DatabaseInterface.java" Intrnl_Id="1565">
<LocList>
<Loc EndOffset="19286" SrcFileId="30" StartOffset="19227"/>
</LocList>
</BasicStmnt>
<BasicStmnt CovItemId="S212" CovItemPrefix="database.DatabaseInterface.java" Intrnl_Id="1566">
<LocList>
<Loc EndOffset="19336" SrcFileId="30" StartOffset="19296"/>
</LocList>
</BasicStmnt>
<CondStmnt CovItemId="S213" CovItemPrefix="database.DatabaseInterface.java" Intrnl_Id="1567">
<Branch CovItemId="B57" CovItemPrefix="database.DatabaseInterface.java" Implct="false" Intrnl_Id="1568">
<Cond/>
<LocList>
<Loc EndOffset="19448" SrcFileId="30" StartOffset="19366"/>
</LocList>
<StmntSeq Intrnl_Id="1569">
<LocList>
<Loc EndOffset="19399" SrcFileId="30" StartOffset="19373"/>
<Loc EndOffset="19422" SrcFileId="30" StartOffset="19405"/>
<Loc EndOffset="19441" SrcFileId="30" StartOffset="19428"/>
</LocList>
<BasicStmnt CovItemId="S214" CovItemPrefix="database.DatabaseInterface.java" Intrnl_Id="1570">
<LocList>
<Loc EndOffset="19399" SrcFileId="30" StartOffset="19373"/>
</LocList>
</BasicStmnt>
<BasicStmnt CovItemId="S215" CovItemPrefix="database.DatabaseInterface.java" Intrnl_Id="1571">
<LocList>
<Loc EndOffset="19422" SrcFileId="30" StartOffset="19405"/>
</LocList>
</BasicStmnt>
<BasicStmnt CovItemId="S216" CovItemPrefix="database.DatabaseInterface.java" Intrnl_Id="1572">
<LocList>
<Loc EndOffset="19441" SrcFileId="30" StartOffset="19428"/>
</LocList>
</BasicStmnt>
</StmntSeq>
</Branch>
<Branch CovItemId="B58" CovItemPrefix="database.DatabaseInterface.java" Implct="false" Intrnl_Id="1573">
<Cond>
<Loc EndOffset="19463" SrcFileId="30" StartOffset="19459"/>
</Cond>
<LocList>
<Loc EndOffset="19598" SrcFileId="30" StartOffset="19469"/>
</LocList>
<StmntSeq Intrnl_Id="1574">
<LocList>
<Loc EndOffset="19493" SrcFileId="30" StartOffset="19476"/>
<Loc EndOffset="19591" SrcFileId="30" StartOffset="19499"/>
</LocList>
<BasicStmnt CovItemId="S217" CovItemPrefix="database.DatabaseInterface.java" Intrnl_Id="1575">
<LocList>
<Loc EndOffset="19493" SrcFileId="30" StartOffset="19476"/>
</LocList>
</BasicStmnt>
<BasicStmnt CovItemId="S218" CovItemPrefix="database.DatabaseInterface.java" Intrnl_Id="1576">
<LocList>
<Loc EndOffset="19591" SrcFileId="30" StartOffset="19499"/>
</LocList>
</BasicStmnt>
</StmntSeq>
</Branch>
<Keyword EndOffset="19348" SrcFileId="30" StartOffset="19346"/>
<LocList>
<Loc EndOffset="19598" SrcFileId="30" StartOffset="19346"/>
</LocList>
</CondStmnt>
<CondStmnt CovItemId="S210" CovItemPrefix="database.DatabaseInterface.java" Intrnl_Id="1577">
<Branch CovItemId="B56" CovItemPrefix="database.DatabaseInterface.java" Implct="true" Intrnl_Id="1578">
<Cond/>
<LocList/>
<StmntSeq Intrnl_Id="1579">
<LocList/>
</StmntSeq>
</Branch>
<Branch CovItemId="B59" CovItemPrefix="database.DatabaseInterface.java" Implct="false" Intrnl_Id="1580">
<Cond>
<Loc EndOffset="19635" SrcFileId="30" StartOffset="19613"/>
</Cond>
<LocList>
<Loc EndOffset="19744" SrcFileId="30" StartOffset="19636"/>
</LocList>
<StmntSeq Intrnl_Id="1581">
<LocList>
<Loc EndOffset="19738" SrcFileId="30" StartOffset="19643"/>
</LocList>
<BasicStmnt CovItemId="S219" CovItemPrefix="database.DatabaseInterface.java" Intrnl_Id="1582">
<LocList>
<Loc EndOffset="19738" SrcFileId="30" StartOffset="19643"/>
</LocList>
</BasicStmnt>
</StmntSeq>
</Branch>
<Keyword EndOffset="19217" SrcFileId="30" StartOffset="19214"/>
<LocList>
<Loc EndOffset="19744" SrcFileId="30" StartOffset="19214"/>
</LocList>
</CondStmnt>
</StmntSeq>
</HierarchyLvl>
<HierarchyLvl HierarchyLvlId="9966" HierarchyLvlTypeId="45" Intrnl_Id="1583" Name="getUserOptimalityRanking">
<Header>
<Loc EndOffset="20064" SrcFileId="30" StartOffset="19963"/>
</Header>
<LocList>
<Loc EndOffset="20792" SrcFileId="30" StartOffset="19963"/>
</LocList>
<StmntSeq Intrnl_Id="1584">
<LocList>
<Loc EndOffset="20142" SrcFileId="30" StartOffset="20072"/>
<Loc EndOffset="20243" SrcFileId="30" StartOffset="20146"/>
<Loc EndOffset="20319" SrcFileId="30" StartOffset="20260"/>
<Loc EndOffset="20366" SrcFileId="30" StartOffset="20326"/>
<Loc EndOffset="20633" SrcFileId="30" StartOffset="20376"/>
<Loc EndOffset="20784" SrcFileId="30" StartOffset="20247"/>
</LocList>
<BasicStmnt CovItemId="S220" CovItemPrefix="database.DatabaseInterface.java" Intrnl_Id="1585">
<LocList>
<Loc EndOffset="20142" SrcFileId="30" StartOffset="20072"/>
</LocList>
</BasicStmnt>
<BasicStmnt CovItemId="S221" CovItemPrefix="database.DatabaseInterface.java" Intrnl_Id="1586">
<LocList>
<Loc EndOffset="20243" SrcFileId="30" StartOffset="20146"/>
</LocList>
</BasicStmnt>
<BasicStmnt CovItemId="S223" CovItemPrefix="database.DatabaseInterface.java" Intrnl_Id="1587">
<LocList>
<Loc EndOffset="20319" SrcFileId="30" StartOffset="20260"/>
</LocList>
</BasicStmnt>
<BasicStmnt CovItemId="S224" CovItemPrefix="database.DatabaseInterface.java" Intrnl_Id="1588">
<LocList>
<Loc EndOffset="20366" SrcFileId="30" StartOffset="20326"/>
</LocList>
</BasicStmnt>
<CondStmnt CovItemId="S225" CovItemPrefix="database.DatabaseInterface.java" Intrnl_Id="1589">
<Branch CovItemId="B61" CovItemPrefix="database.DatabaseInterface.java" Implct="false" Intrnl_Id="1590">
<Cond/>
<LocList>
<Loc EndOffset="20478" SrcFileId="30" StartOffset="20396"/>
</LocList>
<StmntSeq Intrnl_Id="1591">
<LocList>
<Loc EndOffset="20429" SrcFileId="30" StartOffset="20403"/>
<Loc EndOffset="20452" SrcFileId="30" StartOffset="20435"/>
<Loc EndOffset="20471" SrcFileId="30" StartOffset="20458"/>
</LocList>
<BasicStmnt CovItemId="S226" CovItemPrefix="database.DatabaseInterface.java" Intrnl_Id="1592">
<LocList>
<Loc EndOffset="20429" SrcFileId="30" StartOffset="20403"/>
</LocList>
</BasicStmnt>
<BasicStmnt CovItemId="S227" CovItemPrefix="database.DatabaseInterface.java" Intrnl_Id="1593">
<LocList>
<Loc EndOffset="20452" SrcFileId="30" StartOffset="20435"/>
</LocList>
</BasicStmnt>
<BasicStmnt CovItemId="S228" CovItemPrefix="database.DatabaseInterface.java" Intrnl_Id="1594">
<LocList>
<Loc EndOffset="20471" SrcFileId="30" StartOffset="20458"/>
</LocList>
</BasicStmnt>
</StmntSeq>
</Branch>
<Branch CovItemId="B62" CovItemPrefix="database.DatabaseInterface.java" Implct="false" Intrnl_Id="1595">
<Cond>
<Loc EndOffset="20493" SrcFileId="30" StartOffset="20489"/>
</Cond>
<LocList>
<Loc EndOffset="20633" SrcFileId="30" StartOffset="20499"/>
</LocList>
<StmntSeq Intrnl_Id="1596">
<LocList>
<Loc EndOffset="20523" SrcFileId="30" StartOffset="20506"/>
<Loc EndOffset="20626" SrcFileId="30" StartOffset="20529"/>
</LocList>
<BasicStmnt CovItemId="S229" CovItemPrefix="database.DatabaseInterface.java" Intrnl_Id="1597">
<LocList>
<Loc EndOffset="20523" SrcFileId="30" StartOffset="20506"/>
</LocList>
</BasicStmnt>
<BasicStmnt CovItemId="S230" CovItemPrefix="database.DatabaseInterface.java" Intrnl_Id="1598">
<LocList>
<Loc EndOffset="20626" SrcFileId="30" StartOffset="20529"/>
</LocList>
</BasicStmnt>
</StmntSeq>
</Branch>
<Keyword EndOffset="20378" SrcFileId="30" StartOffset="20376"/>
<LocList>
<Loc EndOffset="20633" SrcFileId="30" StartOffset="20376"/>
</LocList>
</CondStmnt>
<CondStmnt CovItemId="S222" CovItemPrefix="database.DatabaseInterface.java" Intrnl_Id="1599">
<Branch CovItemId="B60" CovItemPrefix="database.DatabaseInterface.java" Implct="true" Intrnl_Id="1600">
<Cond/>
<LocList/>
<StmntSeq Intrnl_Id="1601">
<LocList/>
</StmntSeq>
</Branch>
<Branch CovItemId="B63" CovItemPrefix="database.DatabaseInterface.java" Implct="false" Intrnl_Id="1602">
<Cond>
<Loc EndOffset="20670" SrcFileId="30" StartOffset="20648"/>
</Cond>
<LocList>
<Loc EndOffset="20784" SrcFileId="30" StartOffset="20671"/>
</LocList>
<StmntSeq Intrnl_Id="1603">
<LocList>
<Loc EndOffset="20778" SrcFileId="30" StartOffset="20678"/>
</LocList>
<BasicStmnt CovItemId="S231" CovItemPrefix="database.DatabaseInterface.java" Intrnl_Id="1604">
<LocList>
<Loc EndOffset="20778" SrcFileId="30" StartOffset="20678"/>
</LocList>
</BasicStmnt>
</StmntSeq>
</Branch>
<Keyword EndOffset="20250" SrcFileId="30" StartOffset="20247"/>
<LocList>
<Loc EndOffset="20784" SrcFileId="30" StartOffset="20247"/>
</LocList>
</CondStmnt>
</StmntSeq>
</HierarchyLvl>
<HierarchyLvl HierarchyLvlId="9967" HierarchyLvlTypeId="45" Intrnl_Id="1605" Name="updateUsersNetMoney">
<Header>
<Loc EndOffset="21261" SrcFileId="30" StartOffset="21150"/>
</Header>
<LocList>
<Loc EndOffset="21832" SrcFileId="30" StartOffset="21150"/>
</LocList>
<StmntSeq Intrnl_Id="1606">
<LocList>
<Loc EndOffset="21335" SrcFileId="30" StartOffset="21269"/>
<Loc EndOffset="21454" SrcFileId="30" StartOffset="21339"/>
<Loc EndOffset="21548" SrcFileId="30" StartOffset="21475"/>
<Loc EndOffset="21601" SrcFileId="30" StartOffset="21558"/>
<Loc EndOffset="21635" SrcFileId="30" StartOffset="21606"/>
<Loc EndOffset="21664" SrcFileId="30" StartOffset="21645"/>
<Loc EndOffset="21686" SrcFileId="30" StartOffset="21669"/>
<Loc EndOffset="21824" SrcFileId="30" StartOffset="21462"/>
</LocList>
<BasicStmnt CovItemId="S232" CovItemPrefix="database.DatabaseInterface.java" Intrnl_Id="1607">
<LocList>
<Loc EndOffset="21335" SrcFileId="30" StartOffset="21269"/>
</LocList>
</BasicStmnt>
<BasicStmnt CovItemId="S233" CovItemPrefix="database.DatabaseInterface.java" Intrnl_Id="1608">
<LocList>
<Loc EndOffset="21454" SrcFileId="30" StartOffset="21339"/>
</LocList>
</BasicStmnt>
<BasicStmnt CovItemId="S235" CovItemPrefix="database.DatabaseInterface.java" Intrnl_Id="1609">
<LocList>
<Loc EndOffset="21548" SrcFileId="30" StartOffset="21475"/>
</LocList>
</BasicStmnt>
<BasicStmnt CovItemId="S236" CovItemPrefix="database.DatabaseInterface.java" Intrnl_Id="1610">
<LocList>
<Loc EndOffset="21601" SrcFileId="30" StartOffset="21558"/>
</LocList>
</BasicStmnt>
<BasicStmnt CovItemId="S237" CovItemPrefix="database.DatabaseInterface.java" Intrnl_Id="1611">
<LocList>
<Loc EndOffset="21635" SrcFileId="30" StartOffset="21606"/>
</LocList>
</BasicStmnt>
<BasicStmnt CovItemId="S238" CovItemPrefix="database.DatabaseInterface.java" Intrnl_Id="1612">
<LocList>
<Loc EndOffset="21664" SrcFileId="30" StartOffset="21645"/>
</LocList>
</BasicStmnt>
<BasicStmnt CovItemId="S239" CovItemPrefix="database.DatabaseInterface.java" Intrnl_Id="1613">
<LocList>
<Loc EndOffset="21686" SrcFileId="30" StartOffset="21669"/>
</LocList>
</BasicStmnt>
<CondStmnt CovItemId="S234" CovItemPrefix="database.DatabaseInterface.java" Intrnl_Id="1614">
<Branch CovItemId="B64" CovItemPrefix="database.DatabaseInterface.java" Implct="true" Intrnl_Id="1615">
<Cond/>
<LocList/>
<StmntSeq Intrnl_Id="1616">
<LocList/>
</StmntSeq>
</Branch>
<Branch CovItemId="B65" CovItemPrefix="database.DatabaseInterface.java" Implct="false" Intrnl_Id="1617">
<Cond>
<Loc EndOffset="21720" SrcFileId="30" StartOffset="21698"/>
</Cond>
<LocList>
<Loc EndOffset="21824" SrcFileId="30" StartOffset="21721"/>
</LocList>
<StmntSeq Intrnl_Id="1618">
<LocList>
<Loc EndOffset="21818" SrcFileId="30" StartOffset="21728"/>
</LocList>
<BasicStmnt CovItemId="S240" CovItemPrefix="database.DatabaseInterface.java" Intrnl_Id="1619">
<LocList>
<Loc EndOffset="21818" SrcFileId="30" StartOffset="21728"/>
</LocList>
</BasicStmnt>
</StmntSeq>
</Branch>
<Keyword EndOffset="21465" SrcFileId="30" StartOffset="21462"/>
<LocList>
<Loc EndOffset="21824" SrcFileId="30" StartOffset="21462"/>
</LocList>
</CondStmnt>
</StmntSeq>
</HierarchyLvl>
<HierarchyLvl HierarchyLvlId="9968" HierarchyLvlTypeId="45" Intrnl_Id="1620" Name="updateRankCacheDate">
<Header>
<Loc EndOffset="21920" SrcFileId="30" StartOffset="21838"/>
</Header>
<LocList>
<Loc EndOffset="22402" SrcFileId="30" StartOffset="21838"/>
</LocList>
<StmntSeq Intrnl_Id="1621">
<LocList>
<Loc EndOffset="22064" SrcFileId="30" StartOffset="21929"/>
<Loc EndOffset="22151" SrcFileId="30" StartOffset="22085"/>
<Loc EndOffset="22208" SrcFileId="30" StartOffset="22163"/>
<Loc EndOffset="22239" SrcFileId="30" StartOffset="22220"/>
<Loc EndOffset="22268" SrcFileId="30" StartOffset="22251"/>
<Loc EndOffset="22396" SrcFileId="30" StartOffset="22074"/>
</LocList>
<BasicStmnt CovItemId="S241" CovItemPrefix="database.DatabaseInterface.java" Intrnl_Id="1622">
<LocList>
<Loc EndOffset="22064" SrcFileId="30" StartOffset="21929"/>
</LocList>
</BasicStmnt>
<BasicStmnt CovItemId="S243" CovItemPrefix="database.DatabaseInterface.java" Intrnl_Id="1623">
<LocList>
<Loc EndOffset="22151" SrcFileId="30" StartOffset="22085"/>
</LocList>
</BasicStmnt>
<BasicStmnt CovItemId="S244" CovItemPrefix="database.DatabaseInterface.java" Intrnl_Id="1624">
<LocList>
<Loc EndOffset="22208" SrcFileId="30" StartOffset="22163"/>
</LocList>
</BasicStmnt>
<BasicStmnt CovItemId="S245" CovItemPrefix="database.DatabaseInterface.java" Intrnl_Id="1625">
<LocList>
<Loc EndOffset="22239" SrcFileId="30" StartOffset="22220"/>
</LocList>
</BasicStmnt>
<BasicStmnt CovItemId="S246" CovItemPrefix="database.DatabaseInterface.java" Intrnl_Id="1626">
<LocList>
<Loc EndOffset="22268" SrcFileId="30" StartOffset="22251"/>
</LocList>
</BasicStmnt>
<CondStmnt CovItemId="S242" CovItemPrefix="database.DatabaseInterface.java" Intrnl_Id="1627">
<Branch CovItemId="B66" CovItemPrefix="database.DatabaseInterface.java" Implct="true" Intrnl_Id="1628">
<Cond/>
<LocList/>
<StmntSeq Intrnl_Id="1629">
<LocList/>
</StmntSeq>
</Branch>
<Branch CovItemId="B67" CovItemPrefix="database.DatabaseInterface.java" Implct="false" Intrnl_Id="1630">
<Cond>
<Loc EndOffset="22297" SrcFileId="30" StartOffset="22275"/>
</Cond>
<LocList>
<Loc EndOffset="22396" SrcFileId="30" StartOffset="22298"/>
</LocList>
<StmntSeq Intrnl_Id="1631">
<LocList>
<Loc EndOffset="22390" SrcFileId="30" StartOffset="22305"/>
</LocList>
<BasicStmnt CovItemId="S247" CovItemPrefix="database.DatabaseInterface.java" Intrnl_Id="1632">
<LocList>
<Loc EndOffset="22390" SrcFileId="30" StartOffset="22305"/>
</LocList>
</BasicStmnt>
</StmntSeq>
</Branch>
<Keyword EndOffset="22077" SrcFileId="30" StartOffset="22074"/>
<LocList>
<Loc EndOffset="22396" SrcFileId="30" StartOffset="22074"/>
</LocList>
</CondStmnt>
</StmntSeq>
</HierarchyLvl>
<HierarchyLvl HierarchyLvlId="9969" HierarchyLvlTypeId="45" Intrnl_Id="1633" Name="isRankCacheCurrent">
<Header>
<Loc EndOffset="22492" SrcFileId="30" StartOffset="22408"/>
</Header>
<LocList>
<Loc EndOffset="23157" SrcFileId="30" StartOffset="22408"/>
</LocList>
<StmntSeq Intrnl_Id="1634">
<LocList>
<Loc EndOffset="22527" SrcFileId="30" StartOffset="22501"/>
<Loc EndOffset="22682" SrcFileId="30" StartOffset="22532"/>
<Loc EndOffset="22769" SrcFileId="30" StartOffset="22703"/>
<Loc EndOffset="22826" SrcFileId="30" StartOffset="22781"/>
<Loc EndOffset="22881" SrcFileId="30" StartOffset="22838"/>
<Loc EndOffset="22964" SrcFileId="30" StartOffset="22893"/>
<Loc EndOffset="22993" SrcFileId="30" StartOffset="22976"/>
<Loc EndOffset="23124" SrcFileId="30" StartOffset="22692"/>
<Loc EndOffset="23151" SrcFileId="30" StartOffset="23134"/>
</LocList>
<BasicStmnt CovItemId="S248" CovItemPrefix="database.DatabaseInterface.java" Intrnl_Id="1635">
<LocList>
<Loc EndOffset="22527" SrcFileId="30" StartOffset="22501"/>
</LocList>
</BasicStmnt>
<BasicStmnt CovItemId="S249" CovItemPrefix="database.DatabaseInterface.java" Intrnl_Id="1636">
<LocList>
<Loc EndOffset="22682" SrcFileId="30" StartOffset="22532"/>
</LocList>
</BasicStmnt>
<BasicStmnt CovItemId="S251" CovItemPrefix="database.DatabaseInterface.java" Intrnl_Id="1637">
<LocList>
<Loc EndOffset="22769" SrcFileId="30" StartOffset="22703"/>
</LocList>
</BasicStmnt>
<BasicStmnt CovItemId="S252" CovItemPrefix="database.DatabaseInterface.java" Intrnl_Id="1638">
<LocList>
<Loc EndOffset="22826" SrcFileId="30" StartOffset="22781"/>
</LocList>
</BasicStmnt>
<BasicStmnt CovItemId="S253" CovItemPrefix="database.DatabaseInterface.java" Intrnl_Id="1639">
<LocList>
<Loc EndOffset="22881" SrcFileId="30" StartOffset="22838"/>
</LocList>
</BasicStmnt>
<CondStmnt CovItemId="S254" CovItemPrefix="database.DatabaseInterface.java" Intrnl_Id="1640">
<Branch CovItemId="B69" CovItemPrefix="database.DatabaseInterface.java" Implct="false" Intrnl_Id="1641">
<Cond/>
<LocList>
<Loc EndOffset="22964" SrcFileId="30" StartOffset="22916"/>
</LocList>
<StmntSeq Intrnl_Id="1642">
<LocList>
<Loc EndOffset="22957" SrcFileId="30" StartOffset="22924"/>
</LocList>
<BasicStmnt CovItemId="S255" CovItemPrefix="database.DatabaseInterface.java" Intrnl_Id="1643">
<LocList>
<Loc EndOffset="22957" SrcFileId="30" StartOffset="22924"/>
</LocList>
</BasicStmnt>
</StmntSeq>
</Branch>
<Branch CovItemId="B70" CovItemPrefix="database.DatabaseInterface.java" Implct="true" Intrnl_Id="1644">
<Cond/>
<LocList/>
<StmntSeq Intrnl_Id="1645">
<LocList/>
</StmntSeq>
</Branch>
<Keyword EndOffset="22895" SrcFileId="30" StartOffset="22893"/>
<LocList>
<Loc EndOffset="22964" SrcFileId="30" StartOffset="22893"/>
</LocList>
</CondStmnt>
<BasicStmnt CovItemId="S256" CovItemPrefix="database.DatabaseInterface.java" Intrnl_Id="1646">
<LocList>
<Loc EndOffset="22993" SrcFileId="30" StartOffset="22976"/>
</LocList>
</BasicStmnt>
<CondStmnt CovItemId="S250" CovItemPrefix="database.DatabaseInterface.java" Intrnl_Id="1647">
<Branch CovItemId="B68" CovItemPrefix="database.DatabaseInterface.java" Implct="true" Intrnl_Id="1648">
<Cond/>
<LocList/>
<StmntSeq Intrnl_Id="1649">
<LocList/>
</StmntSeq>
</Branch>
<Branch CovItemId="B71" CovItemPrefix="database.DatabaseInterface.java" Implct="false" Intrnl_Id="1650">
<Cond>
<Loc EndOffset="23025" SrcFileId="30" StartOffset="23003"/>
</Cond>
<LocList>
<Loc EndOffset="23124" SrcFileId="30" StartOffset="23026"/>
</LocList>
<StmntSeq Intrnl_Id="1651">
<LocList>
<Loc EndOffset="23118" SrcFileId="30" StartOffset="23033"/>
</LocList>
<BasicStmnt CovItemId="S257" CovItemPrefix="database.DatabaseInterface.java" Intrnl_Id="1652">
<LocList>
<Loc EndOffset="23118" SrcFileId="30" StartOffset="23033"/>
</LocList>
</BasicStmnt>
</StmntSeq>
</Branch>
<Keyword EndOffset="22695" SrcFileId="30" StartOffset="22692"/>
<LocList>
<Loc EndOffset="23124" SrcFileId="30" StartOffset="22692"/>
</LocList>
</CondStmnt>
<BasicStmnt CovItemId="S258" CovItemPrefix="database.DatabaseInterface.java" Intrnl_Id="1653">
<LocList>
<Loc EndOffset="23151" SrcFileId="30" StartOffset="23134"/>
</LocList>
</BasicStmnt>
</StmntSeq>
</HierarchyLvl>
<HierarchyLvl HierarchyLvlId="9970" HierarchyLvlTypeId="45" Intrnl_Id="1654" Name="updateUsersOptimality">
<Header>
<Loc EndOffset="23642" SrcFileId="30" StartOffset="23524"/>
</Header>
<LocList>
<Loc EndOffset="24220" SrcFileId="30" StartOffset="23524"/>
</LocList>
<StmntSeq Intrnl_Id="1655">
<LocList>
<Loc EndOffset="23717" SrcFileId="30" StartOffset="23650"/>
<Loc EndOffset="23836" SrcFileId="30" StartOffset="23721"/>
<Loc EndOffset="23930" SrcFileId="30" StartOffset="23857"/>
<Loc EndOffset="23983" SrcFileId="30" StartOffset="23940"/>
<Loc EndOffset="24022" SrcFileId="30" StartOffset="23988"/>
<Loc EndOffset="24051" SrcFileId="30" StartOffset="24032"/>
<Loc EndOffset="24073" SrcFileId="30" StartOffset="24056"/>
<Loc EndOffset="24212" SrcFileId="30" StartOffset="23844"/>
</LocList>
<BasicStmnt CovItemId="S259" CovItemPrefix="database.DatabaseInterface.java" Intrnl_Id="1656">
<LocList>
<Loc EndOffset="23717" SrcFileId="30" StartOffset="23650"/>
</LocList>
</BasicStmnt>
<BasicStmnt CovItemId="S260" CovItemPrefix="database.DatabaseInterface.java" Intrnl_Id="1657">
<LocList>
<Loc EndOffset="23836" SrcFileId="30" StartOffset="23721"/>
</LocList>
</BasicStmnt>
<BasicStmnt CovItemId="S262" CovItemPrefix="database.DatabaseInterface.java" Intrnl_Id="1658">
<LocList>
<Loc EndOffset="23930" SrcFileId="30" StartOffset="23857"/>
</LocList>
</BasicStmnt>
<BasicStmnt CovItemId="S263" CovItemPrefix="database.DatabaseInterface.java" Intrnl_Id="1659">
<LocList>
<Loc EndOffset="23983" SrcFileId="30" StartOffset="23940"/>
</LocList>
</BasicStmnt>
<BasicStmnt CovItemId="S264" CovItemPrefix="database.DatabaseInterface.java" Intrnl_Id="1660">
<LocList>
<Loc EndOffset="24022" SrcFileId="30" StartOffset="23988"/>
</LocList>
</BasicStmnt>
<BasicStmnt CovItemId="S265" CovItemPrefix="database.DatabaseInterface.java" Intrnl_Id="1661">
<LocList>
<Loc EndOffset="24051" SrcFileId="30" StartOffset="24032"/>
</LocList>
</BasicStmnt>
<BasicStmnt CovItemId="S266" CovItemPrefix="database.DatabaseInterface.java" Intrnl_Id="1662">
<LocList>
<Loc EndOffset="24073" SrcFileId="30" StartOffset="24056"/>
</LocList>
</BasicStmnt>
<CondStmnt CovItemId="S261" CovItemPrefix="database.DatabaseInterface.java" Intrnl_Id="1663">
<Branch CovItemId="B72" CovItemPrefix="database.DatabaseInterface.java" Implct="true" Intrnl_Id="1664">
<Cond/>
<LocList/>
<StmntSeq Intrnl_Id="1665">
<LocList/>
</StmntSeq>
</Branch>
<Branch CovItemId="B73" CovItemPrefix="database.DatabaseInterface.java" Implct="false" Intrnl_Id="1666">
<Cond>
<Loc EndOffset="24107" SrcFileId="30" StartOffset="24085"/>
</Cond>
<LocList>
<Loc EndOffset="24212" SrcFileId="30" StartOffset="24108"/>
</LocList>
<StmntSeq Intrnl_Id="1667">
<LocList>
<Loc EndOffset="24206" SrcFileId="30" StartOffset="24115"/>
</LocList>
<BasicStmnt CovItemId="S267" CovItemPrefix="database.DatabaseInterface.java" Intrnl_Id="1668">
<LocList>
<Loc EndOffset="24206" SrcFileId="30" StartOffset="24115"/>
</LocList>
</BasicStmnt>
</StmntSeq>
</Branch>
<Keyword EndOffset="23847" SrcFileId="30" StartOffset="23844"/>
<LocList>
<Loc EndOffset="24212" SrcFileId="30" StartOffset="23844"/>
</LocList>
</CondStmnt>
</StmntSeq>
</HierarchyLvl>
<HierarchyLvl HierarchyLvlId="9971" HierarchyLvlTypeId="45" Intrnl_Id="1669" Name="getMoneyGenerated">
<Header>
<Loc EndOffset="24637" SrcFileId="30" StartOffset="24543"/>
</Header>
<LocList>
<Loc EndOffset="25337" SrcFileId="30" StartOffset="24543"/>
</LocList>
<StmntSeq Intrnl_Id="1670">
<LocList>
<Loc EndOffset="24674" SrcFileId="30" StartOffset="24645"/>
<Loc EndOffset="24768" SrcFileId="30" StartOffset="24682"/>
<Loc EndOffset="24907" SrcFileId="30" StartOffset="24776"/>
<Loc EndOffset="24983" SrcFileId="30" StartOffset="24924"/>
<Loc EndOffset="25031" SrcFileId="30" StartOffset="24991"/>
<Loc EndOffset="25079" SrcFileId="30" StartOffset="25039"/>
<Loc EndOffset="25097" SrcFileId="30" StartOffset="25083"/>
<Loc EndOffset="25156" SrcFileId="30" StartOffset="25105"/>
<Loc EndOffset="25181" SrcFileId="30" StartOffset="25164"/>
<Loc EndOffset="25198" SrcFileId="30" StartOffset="25185"/>
<Loc EndOffset="25333" SrcFileId="30" StartOffset="24913"/>
</LocList>
<BasicStmnt CovItemId="S268" CovItemPrefix="database.DatabaseInterface.java" Intrnl_Id="1671">
<LocList>
<Loc EndOffset="24674" SrcFileId="30" StartOffset="24645"/>
</LocList>
</BasicStmnt>
<CondStmnt CovItemId="S269" CovItemPrefix="database.DatabaseInterface.java" Intrnl_Id="1672">
<Branch CovItemId="B74" CovItemPrefix="database.DatabaseInterface.java" Implct="false" Intrnl_Id="1673">
<Cond/>
<LocList>
<Loc EndOffset="24768" SrcFileId="30" StartOffset="24704"/>
</LocList>
<StmntSeq Intrnl_Id="1674">
<LocList>
<Loc EndOffset="24768" SrcFileId="30" StartOffset="24704"/>
</LocList>
<BasicStmnt CovItemId="S270" CovItemPrefix="database.DatabaseInterface.java" Intrnl_Id="1675">
<LocList>
<Loc EndOffset="24768" SrcFileId="30" StartOffset="24704"/>
</LocList>
</BasicStmnt>
</StmntSeq>
</Branch>
<Branch CovItemId="B75" CovItemPrefix="database.DatabaseInterface.java" Implct="true" Intrnl_Id="1676">
<Cond/>
<LocList/>
<StmntSeq Intrnl_Id="1677">
<LocList/>
</StmntSeq>
</Branch>
<Keyword EndOffset="24684" SrcFileId="30" StartOffset="24682"/>
<LocList>
<Loc EndOffset="24768" SrcFileId="30" StartOffset="24682"/>
</LocList>
</CondStmnt>
<BasicStmnt CovItemId="S271" CovItemPrefix="database.DatabaseInterface.java" Intrnl_Id="1678">
<LocList>
<Loc EndOffset="24907" SrcFileId="30" StartOffset="24776"/>
</LocList>
</BasicStmnt>
<BasicStmnt CovItemId="S273" CovItemPrefix="database.DatabaseInterface.java" Intrnl_Id="1679">
<LocList>
<Loc EndOffset="24983" SrcFileId="30" StartOffset="24924"/>
</LocList>
</BasicStmnt>
<BasicStmnt CovItemId="S274" CovItemPrefix="database.DatabaseInterface.java" Intrnl_Id="1680">
<LocList>
<Loc EndOffset="25031" SrcFileId="30" StartOffset="24991"/>
</LocList>
</BasicStmnt>
<BasicStmnt CovItemId="S275" CovItemPrefix="database.DatabaseInterface.java" Intrnl_Id="1681">
<LocList>
<Loc EndOffset="25079" SrcFileId="30" StartOffset="25039"/>
</LocList>
</BasicStmnt>
<BasicStmnt CovItemId="S276" CovItemPrefix="database.DatabaseInterface.java" Intrnl_Id="1682">
<LocList>
<Loc EndOffset="25097" SrcFileId="30" StartOffset="25083"/>
</LocList>
</BasicStmnt>
<CondStmnt CovItemId="S277" CovItemPrefix="database.DatabaseInterface.java" Intrnl_Id="1683">
<Branch CovItemId="B77" CovItemPrefix="database.DatabaseInterface.java" Implct="false" Intrnl_Id="1684">
<Cond/>
<LocList>
<Loc EndOffset="25156" SrcFileId="30" StartOffset="25123"/>
</LocList>
<StmntSeq Intrnl_Id="1685">
<LocList>
<Loc EndOffset="25151" SrcFileId="30" StartOffset="25129"/>
</LocList>
<BasicStmnt CovItemId="S278" CovItemPrefix="database.DatabaseInterface.java" Intrnl_Id="1686">
<LocList>
<Loc EndOffset="25151" SrcFileId="30" StartOffset="25129"/>
</LocList>
</BasicStmnt>
</StmntSeq>
</Branch>
<Branch CovItemId="B78" CovItemPrefix="database.DatabaseInterface.java" Implct="true" Intrnl_Id="1687">
<Cond/>
<LocList/>
<StmntSeq Intrnl_Id="1688">
<LocList/>
</StmntSeq>
</Branch>
<Keyword EndOffset="25107" SrcFileId="30" StartOffset="25105"/>
<LocList>
<Loc EndOffset="25156" SrcFileId="30" StartOffset="25105"/>
</LocList>
</CondStmnt>
<BasicStmnt CovItemId="S279" CovItemPrefix="database.DatabaseInterface.java" Intrnl_Id="1689">
<LocList>
<Loc EndOffset="25181" SrcFileId="30" StartOffset="25164"/>
</LocList>
</BasicStmnt>
<BasicStmnt CovItemId="S280" CovItemPrefix="database.DatabaseInterface.java" Intrnl_Id="1690">
<LocList>
<Loc EndOffset="25198" SrcFileId="30" StartOffset="25185"/>
</LocList>
</BasicStmnt>
<CondStmnt CovItemId="S272" CovItemPrefix="database.DatabaseInterface.java" Intrnl_Id="1691">
<Branch CovItemId="B76" CovItemPrefix="database.DatabaseInterface.java" Implct="true" Intrnl_Id="1692">
<Cond/>
<LocList/>
<StmntSeq Intrnl_Id="1693">
<LocList/>
</StmntSeq>
</Branch>
<Branch CovItemId="B79" CovItemPrefix="database.DatabaseInterface.java" Implct="false" Intrnl_Id="1694">
<Cond>
<Loc EndOffset="25230" SrcFileId="30" StartOffset="25208"/>
</Cond>
<LocList>
<Loc EndOffset="25333" SrcFileId="30" StartOffset="25231"/>
</LocList>
<StmntSeq Intrnl_Id="1695">
<LocList>
<Loc EndOffset="25328" SrcFileId="30" StartOffset="25237"/>
</LocList>
<BasicStmnt CovItemId="S281" CovItemPrefix="database.DatabaseInterface.java" Intrnl_Id="1696">
<LocList>
<Loc EndOffset="25328" SrcFileId="30" StartOffset="25237"/>
</LocList>
</BasicStmnt>
</StmntSeq>
</Branch>
<Keyword EndOffset="24916" SrcFileId="30" StartOffset="24913"/>
<LocList>
<Loc EndOffset="25333" SrcFileId="30" StartOffset="24913"/>
</LocList>
</CondStmnt>
</StmntSeq>
</HierarchyLvl>
<HierarchyLvl HierarchyLvlId="9972" HierarchyLvlTypeId="45" Intrnl_Id="1697" Name="getGamesPlayed">
<Header>
<Loc EndOffset="25639" SrcFileId="30" StartOffset="25548"/>
</Header>
<LocList>
<Loc EndOffset="26311" SrcFileId="30" StartOffset="25548"/>
</LocList>
<StmntSeq Intrnl_Id="1698">
<LocList>
<Loc EndOffset="25676" SrcFileId="30" StartOffset="25647"/>
<Loc EndOffset="25770" SrcFileId="30" StartOffset="25684"/>
<Loc EndOffset="25929" SrcFileId="30" StartOffset="25778"/>
<Loc EndOffset="26005" SrcFileId="30" StartOffset="25946"/>
<Loc EndOffset="26053" SrcFileId="30" StartOffset="26013"/>
<Loc EndOffset="26071" SrcFileId="30" StartOffset="26057"/>
<Loc EndOffset="26130" SrcFileId="30" StartOffset="26079"/>
<Loc EndOffset="26155" SrcFileId="30" StartOffset="26138"/>
<Loc EndOffset="26172" SrcFileId="30" StartOffset="26159"/>
<Loc EndOffset="26307" SrcFileId="30" StartOffset="25935"/>
</LocList>
<BasicStmnt CovItemId="S282" CovItemPrefix="database.DatabaseInterface.java" Intrnl_Id="1699">
<LocList>
<Loc EndOffset="25676" SrcFileId="30" StartOffset="25647"/>
</LocList>
</BasicStmnt>
<CondStmnt CovItemId="S283" CovItemPrefix="database.DatabaseInterface.java" Intrnl_Id="1700">
<Branch CovItemId="B80" CovItemPrefix="database.DatabaseInterface.java" Implct="false" Intrnl_Id="1701">
<Cond/>
<LocList>
<Loc EndOffset="25770" SrcFileId="30" StartOffset="25706"/>
</LocList>
<StmntSeq Intrnl_Id="1702">
<LocList>
<Loc EndOffset="25770" SrcFileId="30" StartOffset="25706"/>
</LocList>
<BasicStmnt CovItemId="S284" CovItemPrefix="database.DatabaseInterface.java" Intrnl_Id="1703">
<LocList>
<Loc EndOffset="25770" SrcFileId="30" StartOffset="25706"/>
</LocList>
</BasicStmnt>
</StmntSeq>
</Branch>
<Branch CovItemId="B81" CovItemPrefix="database.DatabaseInterface.java" Implct="true" Intrnl_Id="1704">
<Cond/>
<LocList/>
<StmntSeq Intrnl_Id="1705">
<LocList/>
</StmntSeq>
</Branch>
<Keyword EndOffset="25686" SrcFileId="30" StartOffset="25684"/>
<LocList>
<Loc EndOffset="25770" SrcFileId="30" StartOffset="25684"/>
</LocList>
</CondStmnt>
<BasicStmnt CovItemId="S285" CovItemPrefix="database.DatabaseInterface.java" Intrnl_Id="1706">
<LocList>
<Loc EndOffset="25929" SrcFileId="30" StartOffset="25778"/>
</LocList>
</BasicStmnt>
<BasicStmnt CovItemId="S287" CovItemPrefix="database.DatabaseInterface.java" Intrnl_Id="1707">
<LocList>
<Loc EndOffset="26005" SrcFileId="30" StartOffset="25946"/>
</LocList>
</BasicStmnt>
<BasicStmnt CovItemId="S288" CovItemPrefix="database.DatabaseInterface.java" Intrnl_Id="1708">
<LocList>
<Loc EndOffset="26053" SrcFileId="30" StartOffset="26013"/>
</LocList>
</BasicStmnt>
<BasicStmnt CovItemId="S289" CovItemPrefix="database.DatabaseInterface.java" Intrnl_Id="1709">
<LocList>
<Loc EndOffset="26071" SrcFileId="30" StartOffset="26057"/>
</LocList>
</BasicStmnt>
<CondStmnt CovItemId="S290" CovItemPrefix="database.DatabaseInterface.java" Intrnl_Id="1710">
<Branch CovItemId="B83" CovItemPrefix="database.DatabaseInterface.java" Implct="false" Intrnl_Id="1711">
<Cond/>
<LocList>
<Loc EndOffset="26130" SrcFileId="30" StartOffset="26097"/>
</LocList>
<StmntSeq Intrnl_Id="1712">
<LocList>
<Loc EndOffset="26125" SrcFileId="30" StartOffset="26103"/>
</LocList>
<BasicStmnt CovItemId="S291" CovItemPrefix="database.DatabaseInterface.java" Intrnl_Id="1713">
<LocList>
<Loc EndOffset="26125" SrcFileId="30" StartOffset="26103"/>
</LocList>
</BasicStmnt>
</StmntSeq>
</Branch>
<Branch CovItemId="B84" CovItemPrefix="database.DatabaseInterface.java" Implct="true" Intrnl_Id="1714">
<Cond/>
<LocList/>
<StmntSeq Intrnl_Id="1715">
<LocList/>
</StmntSeq>
</Branch>
<Keyword EndOffset="26081" SrcFileId="30" StartOffset="26079"/>
<LocList>
<Loc EndOffset="26130" SrcFileId="30" StartOffset="26079"/>
</LocList>
</CondStmnt>
<BasicStmnt CovItemId="S292" CovItemPrefix="database.DatabaseInterface.java" Intrnl_Id="1716">
<LocList>
<Loc EndOffset="26155" SrcFileId="30" StartOffset="26138"/>
</LocList>
</BasicStmnt>
<BasicStmnt CovItemId="S293" CovItemPrefix="database.DatabaseInterface.java" Intrnl_Id="1717">
<LocList>
<Loc EndOffset="26172" SrcFileId="30" StartOffset="26159"/>
</LocList>
</BasicStmnt>
<CondStmnt CovItemId="S286" CovItemPrefix="database.DatabaseInterface.java" Intrnl_Id="1718">
<Branch CovItemId="B82" CovItemPrefix="database.DatabaseInterface.java" Implct="true" Intrnl_Id="1719">
<Cond/>
<LocList/>
<StmntSeq Intrnl_Id="1720">
<LocList/>
</StmntSeq>
</Branch>
<Branch CovItemId="B85" CovItemPrefix="database.DatabaseInterface.java" Implct="false" Intrnl_Id="1721">
<Cond>
<Loc EndOffset="26204" SrcFileId="30" StartOffset="26182"/>
</Cond>
<LocList>
<Loc EndOffset="26307" SrcFileId="30" StartOffset="26205"/>
</LocList>
<StmntSeq Intrnl_Id="1722">
<LocList>
<Loc EndOffset="26302" SrcFileId="30" StartOffset="26211"/>
</LocList>
<BasicStmnt CovItemId="S294" CovItemPrefix="database.DatabaseInterface.java" Intrnl_Id="1723">
<LocList>
<Loc EndOffset="26302" SrcFileId="30" StartOffset="26211"/>
</LocList>
</BasicStmnt>
</StmntSeq>
</Branch>
<Keyword EndOffset="25938" SrcFileId="30" StartOffset="25935"/>
<LocList>
<Loc EndOffset="26307" SrcFileId="30" StartOffset="25935"/>
</LocList>
</CondStmnt>
</StmntSeq>
</HierarchyLvl>
<HierarchyLvl HierarchyLvlId="9973" HierarchyLvlTypeId="45" Intrnl_Id="1724" Name="getGameActionsCount">
<Header>
<Loc EndOffset="26755" SrcFileId="30" StartOffset="26639"/>
</Header>
<LocList>
<Loc EndOffset="27500" SrcFileId="30" StartOffset="26639"/>
</LocList>
<StmntSeq Intrnl_Id="1725">
<LocList>
<Loc EndOffset="26792" SrcFileId="30" StartOffset="26763"/>
<Loc EndOffset="26885" SrcFileId="30" StartOffset="26800"/>
<Loc EndOffset="27044" SrcFileId="30" StartOffset="26893"/>
<Loc EndOffset="27124" SrcFileId="30" StartOffset="27065"/>
<Loc EndOffset="27175" SrcFileId="30" StartOffset="27134"/>
<Loc EndOffset="27225" SrcFileId="30" StartOffset="27185"/>
<Loc EndOffset="27244" SrcFileId="30" StartOffset="27230"/>
<Loc EndOffset="27308" SrcFileId="30" StartOffset="27254"/>
<Loc EndOffset="27335" SrcFileId="30" StartOffset="27318"/>
<Loc EndOffset="27353" SrcFileId="30" StartOffset="27340"/>
<Loc EndOffset="27492" SrcFileId="30" StartOffset="27052"/>
</LocList>
<BasicStmnt CovItemId="S295" CovItemPrefix="database.DatabaseInterface.java" Intrnl_Id="1726">
<LocList>
<Loc EndOffset="26792" SrcFileId="30" StartOffset="26763"/>
</LocList>
</BasicStmnt>
<CondStmnt CovItemId="S296" CovItemPrefix="database.DatabaseInterface.java" Intrnl_Id="1727">
<Branch CovItemId="B86" CovItemPrefix="database.DatabaseInterface.java" Implct="false" Intrnl_Id="1728">
<Cond/>
<LocList>
<Loc EndOffset="26885" SrcFileId="30" StartOffset="26822"/>
</LocList>
<StmntSeq Intrnl_Id="1729">
<LocList>
<Loc EndOffset="26885" SrcFileId="30" StartOffset="26822"/>
</LocList>
<BasicStmnt CovItemId="S297" CovItemPrefix="database.DatabaseInterface.java" Intrnl_Id="1730">
<LocList>
<Loc EndOffset="26885" SrcFileId="30" StartOffset="26822"/>
</LocList>
</BasicStmnt>
</StmntSeq>
</Branch>
<Branch CovItemId="B87" CovItemPrefix="database.DatabaseInterface.java" Implct="true" Intrnl_Id="1731">
<Cond/>
<LocList/>
<StmntSeq Intrnl_Id="1732">
<LocList/>
</StmntSeq>
</Branch>
<Keyword EndOffset="26802" SrcFileId="30" StartOffset="26800"/>
<LocList>
<Loc EndOffset="26885" SrcFileId="30" StartOffset="26800"/>
</LocList>
</CondStmnt>
<BasicStmnt CovItemId="S298" CovItemPrefix="database.DatabaseInterface.java" Intrnl_Id="1733">
<LocList>
<Loc EndOffset="27044" SrcFileId="30" StartOffset="26893"/>
</LocList>
</BasicStmnt>
<BasicStmnt CovItemId="S300" CovItemPrefix="database.DatabaseInterface.java" Intrnl_Id="1734">
<LocList>
<Loc EndOffset="27124" SrcFileId="30" StartOffset="27065"/>
</LocList>
</BasicStmnt>
<BasicStmnt CovItemId="S301" CovItemPrefix="database.DatabaseInterface.java" Intrnl_Id="1735">
<LocList>
<Loc EndOffset="27175" SrcFileId="30" StartOffset="27134"/>
</LocList>
</BasicStmnt>
<BasicStmnt CovItemId="S302" CovItemPrefix="database.DatabaseInterface.java" Intrnl_Id="1736">
<LocList>
<Loc EndOffset="27225" SrcFileId="30" StartOffset="27185"/>
</LocList>
</BasicStmnt>
<BasicStmnt CovItemId="S303" CovItemPrefix="database.DatabaseInterface.java" Intrnl_Id="1737">
<LocList>
<Loc EndOffset="27244" SrcFileId="30" StartOffset="27230"/>
</LocList>
</BasicStmnt>
<CondStmnt CovItemId="S304" CovItemPrefix="database.DatabaseInterface.java" Intrnl_Id="1738">
<Branch CovItemId="B89" CovItemPrefix="database.DatabaseInterface.java" Implct="false" Intrnl_Id="1739">
<Cond/>
<LocList>
<Loc EndOffset="27308" SrcFileId="30" StartOffset="27273"/>
</LocList>
<StmntSeq Intrnl_Id="1740">
<LocList>
<Loc EndOffset="27302" SrcFileId="30" StartOffset="27280"/>
</LocList>
<BasicStmnt CovItemId="S305" CovItemPrefix="database.DatabaseInterface.java" Intrnl_Id="1741">
<LocList>
<Loc EndOffset="27302" SrcFileId="30" StartOffset="27280"/>
</LocList>
</BasicStmnt>
</StmntSeq>
</Branch>
<Branch CovItemId="B90" CovItemPrefix="database.DatabaseInterface.java" Implct="true" Intrnl_Id="1742">
<Cond/>
<LocList/>
<StmntSeq Intrnl_Id="1743">
<LocList/>
</StmntSeq>
</Branch>
<Keyword EndOffset="27256" SrcFileId="30" StartOffset="27254"/>
<LocList>
<Loc EndOffset="27308" SrcFileId="30" StartOffset="27254"/>
</LocList>
</CondStmnt>
<BasicStmnt CovItemId="S306" CovItemPrefix="database.DatabaseInterface.java" Intrnl_Id="1744">
<LocList>
<Loc EndOffset="27335" SrcFileId="30" StartOffset="27318"/>
</LocList>
</BasicStmnt>
<BasicStmnt CovItemId="S307" CovItemPrefix="database.DatabaseInterface.java" Intrnl_Id="1745">
<LocList>
<Loc EndOffset="27353" SrcFileId="30" StartOffset="27340"/>
</LocList>
</BasicStmnt>
<CondStmnt CovItemId="S299" CovItemPrefix="database.DatabaseInterface.java" Intrnl_Id="1746">
<Branch CovItemId="B88" CovItemPrefix="database.DatabaseInterface.java" Implct="true" Intrnl_Id="1747">
<Cond/>
<LocList/>
<StmntSeq Intrnl_Id="1748">
<LocList/>
</StmntSeq>
</Branch>
<Branch CovItemId="B91" CovItemPrefix="database.DatabaseInterface.java" Implct="false" Intrnl_Id="1749">
<Cond>
<Loc EndOffset="27387" SrcFileId="30" StartOffset="27365"/>
</Cond>
<LocList>
<Loc EndOffset="27492" SrcFileId="30" StartOffset="27388"/>
</LocList>
<StmntSeq Intrnl_Id="1750">
<LocList>
<Loc EndOffset="27486" SrcFileId="30" StartOffset="27395"/>
</LocList>
<BasicStmnt CovItemId="S308" CovItemPrefix="database.DatabaseInterface.java" Intrnl_Id="1751">
<LocList>
<Loc EndOffset="27486" SrcFileId="30" StartOffset="27395"/>
</LocList>
</BasicStmnt>
</StmntSeq>
</Branch>
<Keyword EndOffset="27055" SrcFileId="30" StartOffset="27052"/>
<LocList>
<Loc EndOffset="27492" SrcFileId="30" StartOffset="27052"/>
</LocList>
</CondStmnt>
</StmntSeq>
</HierarchyLvl>
<HierarchyLvl HierarchyLvlId="9974" HierarchyLvlTypeId="45" Intrnl_Id="1752" Name="getGameActionsTypedNum">
<Header>
<Loc EndOffset="28416" SrcFileId="30" StartOffset="28202"/>
</Header>
<LocList>
<Loc EndOffset="29385" SrcFileId="30" StartOffset="28202"/>
</LocList>
<StmntSeq Intrnl_Id="1753">
<LocList>
<Loc EndOffset="28446" SrcFileId="30" StartOffset="28424"/>
<Loc EndOffset="28473" SrcFileId="30" StartOffset="28450"/>
<Loc EndOffset="28506" SrcFileId="30" StartOffset="28477"/>
<Loc EndOffset="28589" SrcFileId="30" StartOffset="28514"/>
<Loc EndOffset="28686" SrcFileId="30" StartOffset="28597"/>
<Loc EndOffset="28769" SrcFileId="30" StartOffset="28694"/>
<Loc EndOffset="28984" SrcFileId="30" StartOffset="28785"/>
<Loc EndOffset="29064" SrcFileId="30" StartOffset="29005"/>
<Loc EndOffset="29114" SrcFileId="30" StartOffset="29074"/>
<Loc EndOffset="29133" SrcFileId="30" StartOffset="29119"/>
<Loc EndOffset="29197" SrcFileId="30" StartOffset="29143"/>
<Loc EndOffset="29224" SrcFileId="30" StartOffset="29207"/>
<Loc EndOffset="29242" SrcFileId="30" StartOffset="29229"/>
<Loc EndOffset="29381" SrcFileId="30" StartOffset="28992"/>
</LocList>
<BasicStmnt CovItemId="S309" CovItemPrefix="database.DatabaseInterface.java" Intrnl_Id="1754">
<LocList>
<Loc EndOffset="28446" SrcFileId="30" StartOffset="28424"/>
</LocList>
</BasicStmnt>
<BasicStmnt CovItemId="S310" CovItemPrefix="database.DatabaseInterface.java" Intrnl_Id="1755">
<LocList>
<Loc EndOffset="28473" SrcFileId="30" StartOffset="28450"/>
</LocList>
</BasicStmnt>
<BasicStmnt CovItemId="S311" CovItemPrefix="database.DatabaseInterface.java" Intrnl_Id="1756">
<LocList>
<Loc EndOffset="28506" SrcFileId="30" StartOffset="28477"/>
</LocList>
</BasicStmnt>
<CondStmnt CovItemId="S312" CovItemPrefix="database.DatabaseInterface.java" Intrnl_Id="1757">
<Branch CovItemId="B92" CovItemPrefix="database.DatabaseInterface.java" Implct="false" Intrnl_Id="1758">
<Cond/>
<LocList>
<Loc EndOffset="28589" SrcFileId="30" StartOffset="28537"/>
</LocList>
<StmntSeq Intrnl_Id="1759">
<LocList>
<Loc EndOffset="28589" SrcFileId="30" StartOffset="28537"/>
</LocList>
<BasicStmnt CovItemId="S313" CovItemPrefix="database.DatabaseInterface.java" Intrnl_Id="1760">
<LocList>
<Loc EndOffset="28589" SrcFileId="30" StartOffset="28537"/>
</LocList>
</BasicStmnt>
</StmntSeq>
</Branch>
<Branch CovItemId="B93" CovItemPrefix="database.DatabaseInterface.java" Implct="true" Intrnl_Id="1761">
<Cond/>
<LocList/>
<StmntSeq Intrnl_Id="1762">
<LocList/>
</StmntSeq>
</Branch>
<Keyword EndOffset="28516" SrcFileId="30" StartOffset="28514"/>
<LocList>
<Loc EndOffset="28589" SrcFileId="30" StartOffset="28514"/>
</LocList>
</CondStmnt>
<CondStmnt CovItemId="S314" CovItemPrefix="database.DatabaseInterface.java" Intrnl_Id="1763">
<Branch CovItemId="B94" CovItemPrefix="database.DatabaseInterface.java" Implct="false" Intrnl_Id="1764">
<Cond/>
<LocList>
<Loc EndOffset="28686" SrcFileId="30" StartOffset="28620"/>
</LocList>
<StmntSeq Intrnl_Id="1765">
<LocList>
<Loc EndOffset="28686" SrcFileId="30" StartOffset="28620"/>
</LocList>
<BasicStmnt CovItemId="S315" CovItemPrefix="database.DatabaseInterface.java" Intrnl_Id="1766">
<LocList>
<Loc EndOffset="28686" SrcFileId="30" StartOffset="28620"/>
</LocList>
</BasicStmnt>
</StmntSeq>
</Branch>
<Branch CovItemId="B95" CovItemPrefix="database.DatabaseInterface.java" Implct="true" Intrnl_Id="1767">
<Cond/>
<LocList/>
<StmntSeq Intrnl_Id="1768">
<LocList/>
</StmntSeq>
</Branch>
<Keyword EndOffset="28599" SrcFileId="30" StartOffset="28597"/>
<LocList>
<Loc EndOffset="28686" SrcFileId="30" StartOffset="28597"/>
</LocList>
</CondStmnt>
<CondStmnt CovItemId="S316" CovItemPrefix="database.DatabaseInterface.java" Intrnl_Id="1769">
<Branch CovItemId="B96" CovItemPrefix="database.DatabaseInterface.java" Implct="false" Intrnl_Id="1770">
<Cond/>
<LocList>
<Loc EndOffset="28769" SrcFileId="30" StartOffset="28719"/>
</LocList>
<StmntSeq Intrnl_Id="1771">
<LocList>
<Loc EndOffset="28769" SrcFileId="30" StartOffset="28719"/>
</LocList>
<BasicStmnt CovItemId="S317" CovItemPrefix="database.DatabaseInterface.java" Intrnl_Id="1772">
<LocList>
<Loc EndOffset="28769" SrcFileId="30" StartOffset="28719"/>
</LocList>
</BasicStmnt>
</StmntSeq>
</Branch>
<Branch CovItemId="B97" CovItemPrefix="database.DatabaseInterface.java" Implct="true" Intrnl_Id="1773">
<Cond/>
<LocList/>
<StmntSeq Intrnl_Id="1774">
<LocList/>
</StmntSeq>
</Branch>
<Keyword EndOffset="28696" SrcFileId="30" StartOffset="28694"/>
<LocList>
<Loc EndOffset="28769" SrcFileId="30" StartOffset="28694"/>
</LocList>
</CondStmnt>
<BasicStmnt CovItemId="S318" CovItemPrefix="database.DatabaseInterface.java" Intrnl_Id="1775">
<LocList>
<Loc EndOffset="28984" SrcFileId="30" StartOffset="28785"/>
</LocList>
</BasicStmnt>
<BasicStmnt CovItemId="S320" CovItemPrefix="database.DatabaseInterface.java" Intrnl_Id="1776">
<LocList>
<Loc EndOffset="29064" SrcFileId="30" StartOffset="29005"/>
</LocList>
</BasicStmnt>
<BasicStmnt CovItemId="S321" CovItemPrefix="database.DatabaseInterface.java" Intrnl_Id="1777">
<LocList>
<Loc EndOffset="29114" SrcFileId="30" StartOffset="29074"/>
</LocList>
</BasicStmnt>
<BasicStmnt CovItemId="S322" CovItemPrefix="database.DatabaseInterface.java" Intrnl_Id="1778">
<LocList>
<Loc EndOffset="29133" SrcFileId="30" StartOffset="29119"/>
</LocList>
</BasicStmnt>
<CondStmnt CovItemId="S323" CovItemPrefix="database.DatabaseInterface.java" Intrnl_Id="1779">
<Branch CovItemId="B99" CovItemPrefix="database.DatabaseInterface.java" Implct="false" Intrnl_Id="1780">
<Cond/>
<LocList>
<Loc EndOffset="29197" SrcFileId="30" StartOffset="29162"/>
</LocList>
<StmntSeq Intrnl_Id="1781">
<LocList>
<Loc EndOffset="29191" SrcFileId="30" StartOffset="29169"/>
</LocList>
<BasicStmnt CovItemId="S324" CovItemPrefix="database.DatabaseInterface.java" Intrnl_Id="1782">
<LocList>
<Loc EndOffset="29191" SrcFileId="30" StartOffset="29169"/>
</LocList>
</BasicStmnt>
</StmntSeq>
</Branch>
<Branch CovItemId="B100" CovItemPrefix="database.DatabaseInterface.java" Implct="true" Intrnl_Id="1783">
<Cond/>
<LocList/>
<StmntSeq Intrnl_Id="1784">
<LocList/>
</StmntSeq>
</Branch>
<Keyword EndOffset="29145" SrcFileId="30" StartOffset="29143"/>
<LocList>
<Loc EndOffset="29197" SrcFileId="30" StartOffset="29143"/>
</LocList>
</CondStmnt>
<BasicStmnt CovItemId="S325" CovItemPrefix="database.DatabaseInterface.java" Intrnl_Id="1785">
<LocList>
<Loc EndOffset="29224" SrcFileId="30" StartOffset="29207"/>
</LocList>
</BasicStmnt>
<BasicStmnt CovItemId="S326" CovItemPrefix="database.DatabaseInterface.java" Intrnl_Id="1786">
<LocList>
<Loc EndOffset="29242" SrcFileId="30" StartOffset="29229"/>
</LocList>
</BasicStmnt>
<CondStmnt CovItemId="S319" CovItemPrefix="database.DatabaseInterface.java" Intrnl_Id="1787">
<Branch CovItemId="B98" CovItemPrefix="database.DatabaseInterface.java" Implct="true" Intrnl_Id="1788">
<Cond/>
<LocList/>
<StmntSeq Intrnl_Id="1789">
<LocList/>
</StmntSeq>
</Branch>
<Branch CovItemId="B101" CovItemPrefix="database.DatabaseInterface.java" Implct="false" Intrnl_Id="1790">
<Cond>
<Loc EndOffset="29276" SrcFileId="30" StartOffset="29254"/>
</Cond>
<LocList>
<Loc EndOffset="29381" SrcFileId="30" StartOffset="29277"/>
</LocList>
<StmntSeq Intrnl_Id="1791">
<LocList>
<Loc EndOffset="29375" SrcFileId="30" StartOffset="29284"/>
</LocList>
<BasicStmnt CovItemId="S327" CovItemPrefix="database.DatabaseInterface.java" Intrnl_Id="1792">
<LocList>
<Loc EndOffset="29375" SrcFileId="30" StartOffset="29284"/>
</LocList>
</BasicStmnt>
</StmntSeq>
</Branch>
<Keyword EndOffset="28995" SrcFileId="30" StartOffset="28992"/>
<LocList>
<Loc EndOffset="29381" SrcFileId="30" StartOffset="28992"/>
</LocList>
</CondStmnt>
</StmntSeq>
</HierarchyLvl>
<HierarchyLvl HierarchyLvlId="9975" HierarchyLvlTypeId="45" Intrnl_Id="1793" Name="setGameOptimalityForUser">
<Header>
<Loc EndOffset="29712" SrcFileId="30" StartOffset="29592"/>
</Header>
<LocList>
<Loc EndOffset="30376" SrcFileId="30" StartOffset="29592"/>
</LocList>
<StmntSeq Intrnl_Id="1794">
<LocList>
<Loc EndOffset="29757" SrcFileId="30" StartOffset="29720"/>
<Loc EndOffset="29835" SrcFileId="30" StartOffset="29765"/>
<Loc EndOffset="29949" SrcFileId="30" StartOffset="29843"/>
<Loc EndOffset="30039" SrcFileId="30" StartOffset="29967"/>
<Loc EndOffset="30073" SrcFileId="30" StartOffset="30046"/>
<Loc EndOffset="30121" SrcFileId="30" StartOffset="30078"/>
<Loc EndOffset="30160" SrcFileId="30" StartOffset="30126"/>
<Loc EndOffset="30186" SrcFileId="30" StartOffset="30167"/>
<Loc EndOffset="30208" SrcFileId="30" StartOffset="30191"/>
<Loc EndOffset="30351" SrcFileId="30" StartOffset="29957"/>
<Loc EndOffset="30370" SrcFileId="30" StartOffset="30357"/>
</LocList>
<BasicStmnt CovItemId="S328" CovItemPrefix="database.DatabaseInterface.java" Intrnl_Id="1795">
<LocList>
<Loc EndOffset="29757" SrcFileId="30" StartOffset="29720"/>
</LocList>
</BasicStmnt>
<CondStmnt CovItemId="S329" CovItemPrefix="database.DatabaseInterface.java" Intrnl_Id="1796">
<Branch CovItemId="B102" CovItemPrefix="database.DatabaseInterface.java" Implct="false" Intrnl_Id="1797">
<Cond/>
<LocList>
<Loc EndOffset="29835" SrcFileId="30" StartOffset="29823"/>
</LocList>
<StmntSeq Intrnl_Id="1798">
<LocList>
<Loc EndOffset="29835" SrcFileId="30" StartOffset="29823"/>
</LocList>
<BasicStmnt CovItemId="S330" CovItemPrefix="database.DatabaseInterface.java" Intrnl_Id="1799">
<LocList>
<Loc EndOffset="29835" SrcFileId="30" StartOffset="29823"/>
</LocList>
</BasicStmnt>
</StmntSeq>
</Branch>
<Branch CovItemId="B103" CovItemPrefix="database.DatabaseInterface.java" Implct="true" Intrnl_Id="1800">
<Cond/>
<LocList/>
<StmntSeq Intrnl_Id="1801">
<LocList/>
</StmntSeq>
</Branch>
<Keyword EndOffset="29767" SrcFileId="30" StartOffset="29765"/>
<LocList>
<Loc EndOffset="29835" SrcFileId="30" StartOffset="29765"/>
</LocList>
</CondStmnt>
<BasicStmnt CovItemId="S331" CovItemPrefix="database.DatabaseInterface.java" Intrnl_Id="1802">
<LocList>
<Loc EndOffset="29949" SrcFileId="30" StartOffset="29843"/>
</LocList>
</BasicStmnt>
<BasicStmnt CovItemId="S333" CovItemPrefix="database.DatabaseInterface.java" Intrnl_Id="1803">
<LocList>
<Loc EndOffset="30039" SrcFileId="30" StartOffset="29967"/>
</LocList>
</BasicStmnt>
<BasicStmnt CovItemId="S334" CovItemPrefix="database.DatabaseInterface.java" Intrnl_Id="1804">
<LocList>
<Loc EndOffset="30073" SrcFileId="30" StartOffset="30046"/>
</LocList>
</BasicStmnt>
<BasicStmnt CovItemId="S335" CovItemPrefix="database.DatabaseInterface.java" Intrnl_Id="1805">
<LocList>
<Loc EndOffset="30121" SrcFileId="30" StartOffset="30078"/>
</LocList>
</BasicStmnt>
<BasicStmnt CovItemId="S336" CovItemPrefix="database.DatabaseInterface.java" Intrnl_Id="1806">
<LocList>
<Loc EndOffset="30160" SrcFileId="30" StartOffset="30126"/>
</LocList>
</BasicStmnt>
<BasicStmnt CovItemId="S337" CovItemPrefix="database.DatabaseInterface.java" Intrnl_Id="1807">
<LocList>
<Loc EndOffset="30186" SrcFileId="30" StartOffset="30167"/>
</LocList>
</BasicStmnt>
<BasicStmnt CovItemId="S338" CovItemPrefix="database.DatabaseInterface.java" Intrnl_Id="1808">
<LocList>
<Loc EndOffset="30208" SrcFileId="30" StartOffset="30191"/>
</LocList>
</BasicStmnt>
<CondStmnt CovItemId="S332" CovItemPrefix="database.DatabaseInterface.java" Intrnl_Id="1809">
<Branch CovItemId="B104" CovItemPrefix="database.DatabaseInterface.java" Implct="true" Intrnl_Id="1810">
<Cond/>
<LocList/>
<StmntSeq Intrnl_Id="1811">
<LocList/>
</StmntSeq>
</Branch>
<Branch CovItemId="B105" CovItemPrefix="database.DatabaseInterface.java" Implct="false" Intrnl_Id="1812">
<Cond>
<Loc EndOffset="30236" SrcFileId="30" StartOffset="30214"/>
</Cond>
<LocList>
<Loc EndOffset="30351" SrcFileId="30" StartOffset="30237"/>
</LocList>
<StmntSeq Intrnl_Id="1813">
<LocList>
<Loc EndOffset="30346" SrcFileId="30" StartOffset="30243"/>
</LocList>
<BasicStmnt CovItemId="S339" CovItemPrefix="database.DatabaseInterface.java" Intrnl_Id="1814">
<LocList>
<Loc EndOffset="30346" SrcFileId="30" StartOffset="30243"/>
</LocList>
</BasicStmnt>
</StmntSeq>
</Branch>
<Keyword EndOffset="29960" SrcFileId="30" StartOffset="29957"/>
<LocList>
<Loc EndOffset="30351" SrcFileId="30" StartOffset="29957"/>
</LocList>
</CondStmnt>
<BasicStmnt CovItemId="S340" CovItemPrefix="database.DatabaseInterface.java" Intrnl_Id="1815">
<LocList>
<Loc EndOffset="30370" SrcFileId="30" StartOffset="30357"/>
</LocList>
</BasicStmnt>
</StmntSeq>
</HierarchyLvl>
<HierarchyLvl HierarchyLvlId="9976" HierarchyLvlTypeId="45" Intrnl_Id="1816" Name="getUserOptimality">
<Header>
<Loc EndOffset="30661" SrcFileId="30" StartOffset="30564"/>
</Header>
<LocList>
<Loc EndOffset="31304" SrcFileId="30" StartOffset="30564"/>
</LocList>
<StmntSeq Intrnl_Id="1817">
<LocList>
<Loc EndOffset="30839" SrcFileId="30" StartOffset="30673"/>
<Loc EndOffset="30916" SrcFileId="30" StartOffset="30857"/>
<Loc EndOffset="30966" SrcFileId="30" StartOffset="30923"/>
<Loc EndOffset="31013" SrcFileId="30" StartOffset="30973"/>
<Loc EndOffset="31035" SrcFileId="30" StartOffset="31018"/>
<Loc EndOffset="31102" SrcFileId="30" StartOffset="31045"/>
<Loc EndOffset="31129" SrcFileId="30" StartOffset="31112"/>
<Loc EndOffset="31147" SrcFileId="30" StartOffset="31134"/>
<Loc EndOffset="31298" SrcFileId="30" StartOffset="30847"/>
</LocList>
<BasicStmnt CovItemId="S341" CovItemPrefix="database.DatabaseInterface.java" Intrnl_Id="1818">
<LocList>
<Loc EndOffset="30839" SrcFileId="30" StartOffset="30673"/>
</LocList>
</BasicStmnt>
<BasicStmnt CovItemId="S343" CovItemPrefix="database.DatabaseInterface.java" Intrnl_Id="1819">
<LocList>
<Loc EndOffset="30916" SrcFileId="30" StartOffset="30857"/>
</LocList>
</BasicStmnt>
<BasicStmnt CovItemId="S344" CovItemPrefix="database.DatabaseInterface.java" Intrnl_Id="1820">
<LocList>
<Loc EndOffset="30966" SrcFileId="30" StartOffset="30923"/>
</LocList>
</BasicStmnt>
<BasicStmnt CovItemId="S345" CovItemPrefix="database.DatabaseInterface.java" Intrnl_Id="1821">
<LocList>
<Loc EndOffset="31013" SrcFileId="30" StartOffset="30973"/>
</LocList>
</BasicStmnt>
<BasicStmnt CovItemId="S346" CovItemPrefix="database.DatabaseInterface.java" Intrnl_Id="1822">
<LocList>
<Loc EndOffset="31035" SrcFileId="30" StartOffset="31018"/>
</LocList>
</BasicStmnt>
<CondStmnt CovItemId="S347" CovItemPrefix="database.DatabaseInterface.java" Intrnl_Id="1823">
<Branch CovItemId="B107" CovItemPrefix="database.DatabaseInterface.java" Implct="false" Intrnl_Id="1824">
<Cond/>
<LocList>
<Loc EndOffset="31102" SrcFileId="30" StartOffset="31064"/>
</LocList>
<StmntSeq Intrnl_Id="1825">
<LocList>
<Loc EndOffset="31096" SrcFileId="30" StartOffset="31071"/>
</LocList>
<BasicStmnt CovItemId="S348" CovItemPrefix="database.DatabaseInterface.java" Intrnl_Id="1826">
<LocList>
<Loc EndOffset="31096" SrcFileId="30" StartOffset="31071"/>
</LocList>
</BasicStmnt>
</StmntSeq>
</Branch>
<Branch CovItemId="B108" CovItemPrefix="database.DatabaseInterface.java" Implct="true" Intrnl_Id="1827">
<Cond/>
<LocList/>
<StmntSeq Intrnl_Id="1828">
<LocList/>
</StmntSeq>
</Branch>
<Keyword EndOffset="31047" SrcFileId="30" StartOffset="31045"/>
<LocList>
<Loc EndOffset="31102" SrcFileId="30" StartOffset="31045"/>
</LocList>
</CondStmnt>
<BasicStmnt CovItemId="S349" CovItemPrefix="database.DatabaseInterface.java" Intrnl_Id="1829">
<LocList>
<Loc EndOffset="31129" SrcFileId="30" StartOffset="31112"/>
</LocList>
</BasicStmnt>
<BasicStmnt CovItemId="S350" CovItemPrefix="database.DatabaseInterface.java" Intrnl_Id="1830">
<LocList>
<Loc EndOffset="31147" SrcFileId="30" StartOffset="31134"/>
</LocList>
</BasicStmnt>
<CondStmnt CovItemId="S342" CovItemPrefix="database.DatabaseInterface.java" Intrnl_Id="1831">
<Branch CovItemId="B106" CovItemPrefix="database.DatabaseInterface.java" Implct="true" Intrnl_Id="1832">
<Cond/>
<LocList/>
<StmntSeq Intrnl_Id="1833">
<LocList/>
</StmntSeq>
</Branch>
<Branch CovItemId="B109" CovItemPrefix="database.DatabaseInterface.java" Implct="false" Intrnl_Id="1834">
<Cond>
<Loc EndOffset="31180" SrcFileId="30" StartOffset="31158"/>
</Cond>
<LocList>
<Loc EndOffset="31298" SrcFileId="30" StartOffset="31181"/>
</LocList>
<StmntSeq Intrnl_Id="1835">
<LocList>
<Loc EndOffset="31293" SrcFileId="30" StartOffset="31187"/>
</LocList>
<BasicStmnt CovItemId="S351" CovItemPrefix="database.DatabaseInterface.java" Intrnl_Id="1836">
<LocList>
<Loc EndOffset="31293" SrcFileId="30" StartOffset="31187"/>
</LocList>
</BasicStmnt>
</StmntSeq>
</Branch>
<Keyword EndOffset="30850" SrcFileId="30" StartOffset="30847"/>
<LocList>
<Loc EndOffset="31298" SrcFileId="30" StartOffset="30847"/>
</LocList>
</CondStmnt>
</StmntSeq>
</HierarchyLvl>
<HierarchyLvl HierarchyLvlId="9977" HierarchyLvlTypeId="45" Intrnl_Id="1837" Name="close">
<Header>
<Loc EndOffset="31329" SrcFileId="30" StartOffset="31310"/>
</Header>
<LocList>
<Loc EndOffset="31409" SrcFileId="30" StartOffset="31310"/>
</LocList>
<StmntSeq Intrnl_Id="1838">
<LocList>
<Loc EndOffset="31373" SrcFileId="30" StartOffset="31347"/>
<Loc EndOffset="31405" SrcFileId="30" StartOffset="31337"/>
</LocList>
<BasicStmnt CovItemId="S353" CovItemPrefix="database.DatabaseInterface.java" Intrnl_Id="1839">
<LocList>
<Loc EndOffset="31373" SrcFileId="30" StartOffset="31347"/>
</LocList>
</BasicStmnt>
<CondStmnt CovItemId="S352" CovItemPrefix="database.DatabaseInterface.java" Intrnl_Id="1840">
<Branch CovItemId="B110" CovItemPrefix="database.DatabaseInterface.java" Implct="true" Intrnl_Id="1841">
<Cond/>
<LocList/>
<StmntSeq Intrnl_Id="1842">
<LocList/>
</StmntSeq>
</Branch>
<Branch CovItemId="B111" CovItemPrefix="database.DatabaseInterface.java" Implct="false" Intrnl_Id="1843">
<Cond>
<Loc EndOffset="31401" SrcFileId="30" StartOffset="31379"/>
</Cond>
<LocList>
<Loc EndOffset="31405" SrcFileId="30" StartOffset="31402"/>
</LocList>
<StmntSeq Intrnl_Id="1844">
<LocList/>
</StmntSeq>
</Branch>
<Keyword EndOffset="31340" SrcFileId="30" StartOffset="31337"/>
<LocList>
<Loc EndOffset="31405" SrcFileId="30" StartOffset="31337"/>
</LocList>
</CondStmnt>
</StmntSeq>
</HierarchyLvl>
<HierarchyLvl HierarchyLvlId="9983" HierarchyLvlTypeId="44" Intrnl_Id="1845" Name="DatabaseInterfaceException">
<Header>
<Loc EndOffset="31578" SrcFileId="30" StartOffset="31521"/>
</Header>
<LocList>
<Loc EndOffset="32621" SrcFileId="30" StartOffset="31521"/>
</LocList>
<StmntSeq Intrnl_Id="1846">
<LocList>
<Loc EndOffset="31712" SrcFileId="30" StartOffset="31678"/>
</LocList>
<BasicStmnt CovItemId="S354" CovItemPrefix="database.DatabaseInterface.java" Intrnl_Id="1847">
<LocList>
<Loc EndOffset="31712" SrcFileId="30" StartOffset="31678"/>
</LocList>
</BasicStmnt>
</StmntSeq>
<HierarchyLvl HierarchyLvlId="9978" HierarchyLvlTypeId="45" Intrnl_Id="1848" Name="DatabaseInterfaceException">
<Header>
<Loc EndOffset="31791" SrcFileId="30" StartOffset="31756"/>
</Header>
<LocList>
<Loc EndOffset="31814" SrcFileId="30" StartOffset="31756"/>
</LocList>
<StmntSeq Intrnl_Id="1849">
<LocList>
<Loc EndOffset="31809" SrcFileId="30" StartOffset="31801"/>
</LocList>
<BasicStmnt CovItemId="S355" CovItemPrefix="database.DatabaseInterface.java" Intrnl_Id="1850">
<LocList>
<Loc EndOffset="31809" SrcFileId="30" StartOffset="31801"/>
</LocList>
</BasicStmnt>
</StmntSeq>
</HierarchyLvl>
<HierarchyLvl HierarchyLvlId="9979" HierarchyLvlTypeId="45" Intrnl_Id="1851" Name="DatabaseInterfaceException">
<Header>
<Loc EndOffset="31960" SrcFileId="30" StartOffset="31901"/>
</Header>
<LocList>
<Loc EndOffset="32012" SrcFileId="30" StartOffset="31901"/>
</LocList>
<StmntSeq Intrnl_Id="1852">
<LocList>
<Loc EndOffset="31985" SrcFileId="30" StartOffset="31970"/>
<Loc EndOffset="32007" SrcFileId="30" StartOffset="31990"/>
</LocList>
<BasicStmnt CovItemId="S356" CovItemPrefix="database.DatabaseInterface.java" Intrnl_Id="1853">
<LocList>
<Loc EndOffset="31985" SrcFileId="30" StartOffset="31970"/>
</LocList>
</BasicStmnt>
<BasicStmnt CovItemId="S357" CovItemPrefix="database.DatabaseInterface.java" Intrnl_Id="1854">
<LocList>
<Loc EndOffset="32007" SrcFileId="30" StartOffset="31990"/>
</LocList>
</BasicStmnt>
</StmntSeq>
</HierarchyLvl>
<HierarchyLvl HierarchyLvlId="9980" HierarchyLvlTypeId="45" Intrnl_Id="1855" Name="DatabaseInterfaceException">
<Header>
<Loc EndOffset="32274" SrcFileId="30" StartOffset="32202"/>
</Header>
<LocList>
<Loc EndOffset="32307" SrcFileId="30" StartOffset="32202"/>
</LocList>
<StmntSeq Intrnl_Id="1856">
<LocList>
<Loc EndOffset="32302" SrcFileId="30" StartOffset="32284"/>
</LocList>
<BasicStmnt CovItemId="S358" CovItemPrefix="database.DatabaseInterface.java" Intrnl_Id="1857">
<LocList>
<Loc EndOffset="32302" SrcFileId="30" StartOffset="32284"/>
</LocList>
</BasicStmnt>
</StmntSeq>
</HierarchyLvl>
<HierarchyLvl HierarchyLvlId="9981" HierarchyLvlTypeId="45" Intrnl_Id="1858" Name="DatabaseInterfaceException">
<Header>
<Loc EndOffset="32479" SrcFileId="30" StartOffset="32433"/>
</Header>
<LocList>
<Loc EndOffset="32503" SrcFileId="30" StartOffset="32433"/>
</LocList>
<StmntSeq Intrnl_Id="1859">
<LocList>
<Loc EndOffset="32498" SrcFileId="30" StartOffset="32489"/>
</LocList>
<BasicStmnt CovItemId="S359" CovItemPrefix="database.DatabaseInterface.java" Intrnl_Id="1860">
<LocList>
<Loc EndOffset="32498" SrcFileId="30" StartOffset="32489"/>
</LocList>
</BasicStmnt>
</StmntSeq>
</HierarchyLvl>
<HierarchyLvl HierarchyLvlId="9982" HierarchyLvlTypeId="45" Intrnl_Id="1861" Name="getCode">
<Header>
<Loc EndOffset="32585" SrcFileId="30" StartOffset="32565"/>
</Header>
<LocList>
<Loc EndOffset="32617" SrcFileId="30" StartOffset="32565"/>
</LocList>
<StmntSeq Intrnl_Id="1862">
<LocList>
<Loc EndOffset="32612" SrcFileId="30" StartOffset="32595"/>
</LocList>
<BasicStmnt CovItemId="S360" CovItemPrefix="database.DatabaseInterface.java" Intrnl_Id="1863">
<LocList>
<Loc EndOffset="32612" SrcFileId="30" StartOffset="32595"/>
</LocList>
</BasicStmnt>
</StmntSeq>
</HierarchyLvl>
</HierarchyLvl>
<HierarchyLvl HierarchyLvlId="9986" HierarchyLvlTypeId="42" Intrnl_Id="1864" Name="NumerableActionOperation">
<Header>
<Loc EndOffset="32765" SrcFileId="30" StartOffset="32729"/>
</Header>
<LocList>
<Loc EndOffset="32978" SrcFileId="30" StartOffset="32729"/>
</LocList>
<HierarchyLvl HierarchyLvlId="9984" HierarchyLvlTypeId="45" Intrnl_Id="1865" Name="NumerableActionOperation">
<Header>
<Loc EndOffset="32871" SrcFileId="30" StartOffset="32833"/>
</Header>
<LocList>
<Loc EndOffset="32905" SrcFileId="30" StartOffset="32833"/>
</LocList>
<StmntSeq Intrnl_Id="1866">
<LocList>
<Loc EndOffset="32900" SrcFileId="30" StartOffset="32881"/>
</LocList>
<BasicStmnt CovItemId="S361" CovItemPrefix="database.DatabaseInterface.java" Intrnl_Id="1867">
<LocList>
<Loc EndOffset="32900" SrcFileId="30" StartOffset="32881"/>
</LocList>
</BasicStmnt>
</StmntSeq>
</HierarchyLvl>
<HierarchyLvl HierarchyLvlId="9985" HierarchyLvlTypeId="45" Intrnl_Id="1868" Name="getValue">
<Header>
<Loc EndOffset="32937" SrcFileId="30" StartOffset="32913"/>
</Header>
<LocList>
<Loc EndOffset="32970" SrcFileId="30" StartOffset="32913"/>
</LocList>
<StmntSeq Intrnl_Id="1869">
<LocList>
<Loc EndOffset="32965" SrcFileId="30" StartOffset="32947"/>
</LocList>
<BasicStmnt CovItemId="S362" CovItemPrefix="database.DatabaseInterface.java" Intrnl_Id="1870">
<LocList>
<Loc EndOffset="32965" SrcFileId="30" StartOffset="32947"/>
</LocList>
</BasicStmnt>
</StmntSeq>
</HierarchyLvl>
</HierarchyLvl>
<HierarchyLvl HierarchyLvlId="9989" HierarchyLvlTypeId="42" Intrnl_Id="1871" Name="NumerableActionColumn">
<Header>
<Loc EndOffset="33139" SrcFileId="30" StartOffset="33106"/>
</Header>
<LocList>
<Loc EndOffset="33349" SrcFileId="30" StartOffset="33106"/>
</LocList>
<HierarchyLvl HierarchyLvlId="9987" HierarchyLvlTypeId="45" Intrnl_Id="1872" Name="NumerableActionColumn">
<Header>
<Loc EndOffset="33242" SrcFileId="30" StartOffset="33207"/>
</Header>
<LocList>
<Loc EndOffset="33276" SrcFileId="30" StartOffset="33207"/>
</LocList>
<StmntSeq Intrnl_Id="1873">
<LocList>
<Loc EndOffset="33271" SrcFileId="30" StartOffset="33252"/>
</LocList>
<BasicStmnt CovItemId="S363" CovItemPrefix="database.DatabaseInterface.java" Intrnl_Id="1874">
<LocList>
<Loc EndOffset="33271" SrcFileId="30" StartOffset="33252"/>
</LocList>
</BasicStmnt>
</StmntSeq>
</HierarchyLvl>
<HierarchyLvl HierarchyLvlId="9988" HierarchyLvlTypeId="45" Intrnl_Id="1875" Name="getValue">
<Header>
<Loc EndOffset="33308" SrcFileId="30" StartOffset="33284"/>
</Header>
<LocList>
<Loc EndOffset="33341" SrcFileId="30" StartOffset="33284"/>
</LocList>
<StmntSeq Intrnl_Id="1876">
<LocList>
<Loc EndOffset="33336" SrcFileId="30" StartOffset="33318"/>
</LocList>
<BasicStmnt CovItemId="S364" CovItemPrefix="database.DatabaseInterface.java" Intrnl_Id="1877">
<LocList>
<Loc EndOffset="33336" SrcFileId="30" StartOffset="33318"/>
</LocList>
</BasicStmnt>
</StmntSeq>
</HierarchyLvl>
</HierarchyLvl>
</HierarchyLvl>
</HierarchyLvl>
<HierarchyLvl HierarchyLvlId="10207" HierarchyLvlTypeId="43" Intrnl_Id="1878" Name="dataModels">
<Header/>
<LocList/>
<HierarchyLvl HierarchyLvlId="10004" HierarchyLvlTypeId="44" Intrnl_Id="1879" Name="UploadData">
<Header>
<Loc EndOffset="649" SrcFileId="31" StartOffset="626"/>
</Header>
<LocList>
<Loc EndOffset="1770" SrcFileId="31" StartOffset="626"/>
<Loc EndOffset="6113" SrcFileId="31" StartOffset="6108"/>
</LocList>
<HierarchyLvl HierarchyLvlId="9991" HierarchyLvlTypeId="45" Intrnl_Id="1880" Name="UploadData">
<Header>
<Loc EndOffset="792" SrcFileId="31" StartOffset="773"/>
</Header>
<LocList>
<Loc EndOffset="795" SrcFileId="31" StartOffset="773"/>
</LocList>
</HierarchyLvl>
<HierarchyLvl HierarchyLvlId="9992" HierarchyLvlTypeId="45" Intrnl_Id="1881" Name="UploadData">
<Header>
<Loc EndOffset="1017" SrcFileId="31" StartOffset="942"/>
</Header>
<LocList>
<Loc EndOffset="1079" SrcFileId="31" StartOffset="942"/>
</LocList>
<StmntSeq Intrnl_Id="1882">
<LocList>
<Loc EndOffset="1044" SrcFileId="31" StartOffset="1025"/>
<Loc EndOffset="1075" SrcFileId="31" StartOffset="1048"/>
</LocList>
<BasicStmnt CovItemId="S1" CovItemPrefix="dataModels.UploadData.java" Intrnl_Id="1883">
<LocList>
<Loc EndOffset="1044" SrcFileId="31" StartOffset="1025"/>
</LocList>
</BasicStmnt>
<BasicStmnt CovItemId="S2" CovItemPrefix="dataModels.UploadData.java" Intrnl_Id="1884">
<LocList>
<Loc EndOffset="1075" SrcFileId="31" StartOffset="1048"/>
</LocList>
</BasicStmnt>
</StmntSeq>
</HierarchyLvl>
<HierarchyLvl HierarchyLvlId="9993" HierarchyLvlTypeId="45" Intrnl_Id="1885" Name="getGames">
<Header>
<Loc EndOffset="1169" SrcFileId="31" StartOffset="1136"/>
</Header>
<LocList>
<Loc EndOffset="1192" SrcFileId="31" StartOffset="1136"/>
</LocList>
<StmntSeq Intrnl_Id="1886">
<LocList>
<Loc EndOffset="1188" SrcFileId="31" StartOffset="1175"/>
</LocList>
<BasicStmnt CovItemId="S3" CovItemPrefix="dataModels.UploadData.java" Intrnl_Id="1887">
<LocList>
<Loc EndOffset="1188" SrcFileId="31" StartOffset="1175"/>
</LocList>
</BasicStmnt>
</StmntSeq>
</HierarchyLvl>
<HierarchyLvl HierarchyLvlId="9994" HierarchyLvlTypeId="45" Intrnl_Id="1888" Name="setGames">
<Header>
<Loc EndOffset="1294" SrcFileId="31" StartOffset="1251"/>
</Header>
<LocList>
<Loc EndOffset="1323" SrcFileId="31" StartOffset="1251"/>
</LocList>
<StmntSeq Intrnl_Id="1889">
<LocList>
<Loc EndOffset="1319" SrcFileId="31" StartOffset="1300"/>
</LocList>
<BasicStmnt CovItemId="S4" CovItemPrefix="dataModels.UploadData.java" Intrnl_Id="1890">
<LocList>
<Loc EndOffset="1319" SrcFileId="31" StartOffset="1300"/>
</LocList>
</BasicStmnt>
</StmntSeq>
</HierarchyLvl>
<HierarchyLvl HierarchyLvlId="9995" HierarchyLvlTypeId="45" Intrnl_Id="1891" Name="getMiscDatas">
<Header>
<Loc EndOffset="1427" SrcFileId="31" StartOffset="1382"/>
</Header>
<LocList>
<Loc EndOffset="1454" SrcFileId="31" StartOffset="1382"/>
</LocList>
<StmntSeq Intrnl_Id="1892">
<LocList>
<Loc EndOffset="1450" SrcFileId="31" StartOffset="1433"/>
</LocList>
<BasicStmnt CovItemId="S5" CovItemPrefix="dataModels.UploadData.java" Intrnl_Id="1893">
<LocList>
<Loc EndOffset="1450" SrcFileId="31" StartOffset="1433"/>
</LocList>
</BasicStmnt>
</StmntSeq>
</HierarchyLvl>
<HierarchyLvl HierarchyLvlId="9996" HierarchyLvlTypeId="45" Intrnl_Id="1894" Name="setMiscDatas">
<Header>
<Loc EndOffset="1581" SrcFileId="31" StartOffset="1522"/>
</Header>
<LocList>
<Loc EndOffset="1618" SrcFileId="31" StartOffset="1522"/>
</LocList>
<StmntSeq Intrnl_Id="1895">
<LocList>
<Loc EndOffset="1614" SrcFileId="31" StartOffset="1587"/>
</LocList>
<BasicStmnt CovItemId="S6" CovItemPrefix="dataModels.UploadData.java" Intrnl_Id="1896">
<LocList>
<Loc EndOffset="1614" SrcFileId="31" StartOffset="1587"/>
</LocList>
</BasicStmnt>
</StmntSeq>
</HierarchyLvl>
<HierarchyLvl HierarchyLvlId="10003" HierarchyLvlTypeId="44" Intrnl_Id="1897" Name="UploadDataDeserializer">
<Header>
<Loc EndOffset="1852" SrcFileId="31" StartOffset="1770"/>
</Header>
<LocList>
<Loc EndOffset="6108" SrcFileId="31" StartOffset="1770"/>
</LocList>
<HierarchyLvl HierarchyLvlId="9997" HierarchyLvlTypeId="45" Intrnl_Id="1898" Name="createGame">
<Header>
<Loc EndOffset="2007" SrcFileId="31" StartOffset="1961"/>
</Header>
<LocList>
<Loc EndOffset="2391" SrcFileId="31" StartOffset="1961"/>
</LocList>
<StmntSeq Intrnl_Id="1899">
<LocList>
<Loc EndOffset="2073" SrcFileId="31" StartOffset="2017"/>
<Loc EndOffset="2174" SrcFileId="31" StartOffset="2080"/>
<Loc EndOffset="2248" SrcFileId="31" StartOffset="2181"/>
<Loc EndOffset="2318" SrcFileId="31" StartOffset="2253"/>
<Loc EndOffset="2367" SrcFileId="31" StartOffset="2325"/>
<Loc EndOffset="2386" SrcFileId="31" StartOffset="2374"/>
</LocList>
<BasicStmnt CovItemId="S7" CovItemPrefix="dataModels.UploadData.java" Intrnl_Id="1900">
<LocList>
<Loc EndOffset="2073" SrcFileId="31" StartOffset="2017"/>
</LocList>
</BasicStmnt>
<CondStmnt CovItemId="S8" CovItemPrefix="dataModels.UploadData.java" Intrnl_Id="1901">
<Branch CovItemId="B1" CovItemPrefix="dataModels.UploadData.java" Implct="false" Intrnl_Id="1902">
<Cond/>
<LocList>
<Loc EndOffset="2174" SrcFileId="31" StartOffset="2126"/>
</LocList>
<StmntSeq Intrnl_Id="1903">
<LocList>
<Loc EndOffset="2174" SrcFileId="31" StartOffset="2126"/>
</LocList>
<BasicStmnt CovItemId="S9" CovItemPrefix="dataModels.UploadData.java" Intrnl_Id="1904">
<LocList>
<Loc EndOffset="2174" SrcFileId="31" StartOffset="2126"/>
</LocList>
</BasicStmnt>
</StmntSeq>
</Branch>
<Branch CovItemId="B2" CovItemPrefix="dataModels.UploadData.java" Implct="true" Intrnl_Id="1905">
<Cond/>
<LocList/>
<StmntSeq Intrnl_Id="1906">
<LocList/>
</StmntSeq>
</Branch>
<Keyword EndOffset="2082" SrcFileId="31" StartOffset="2080"/>
<LocList>
<Loc EndOffset="2174" SrcFileId="31" StartOffset="2080"/>
</LocList>
</CondStmnt>
<BasicStmnt CovItemId="S10" CovItemPrefix="dataModels.UploadData.java" Intrnl_Id="1907">
<LocList>
<Loc EndOffset="2248" SrcFileId="31" StartOffset="2181"/>
</LocList>
</BasicStmnt>
<BasicStmnt CovItemId="S11" CovItemPrefix="dataModels.UploadData.java" Intrnl_Id="1908">
<LocList>
<Loc EndOffset="2318" SrcFileId="31" StartOffset="2253"/>
</LocList>
</BasicStmnt>
<BasicStmnt CovItemId="S12" CovItemPrefix="dataModels.UploadData.java" Intrnl_Id="1909">
<LocList>
<Loc EndOffset="2367" SrcFileId="31" StartOffset="2325"/>
</LocList>
</BasicStmnt>
<BasicStmnt CovItemId="S13" CovItemPrefix="dataModels.UploadData.java" Intrnl_Id="1910">
<LocList>
<Loc EndOffset="2386" SrcFileId="31" StartOffset="2374"/>
</LocList>
</BasicStmnt>
</StmntSeq>
</HierarchyLvl>
<HierarchyLvl HierarchyLvlId="9998" HierarchyLvlTypeId="45" Intrnl_Id="1911" Name="createGameActionList">
<Header>
<Loc EndOffset="2582" SrcFileId="31" StartOffset="2513"/>
</Header>
<LocList>
<Loc EndOffset="2937" SrcFileId="31" StartOffset="2513"/>
</LocList>
<StmntSeq Intrnl_Id="1912">
<LocList>
<Loc EndOffset="2626" SrcFileId="31" StartOffset="2592"/>
<Loc EndOffset="2694" SrcFileId="31" StartOffset="2631"/>
<Loc EndOffset="2907" SrcFileId="31" StartOffset="2701"/>
<Loc EndOffset="2932" SrcFileId="31" StartOffset="2914"/>
</LocList>
<BasicStmnt CovItemId="S14" CovItemPrefix="dataModels.UploadData.java" Intrnl_Id="1913">
<LocList>
<Loc EndOffset="2626" SrcFileId="31" StartOffset="2592"/>
</LocList>
</BasicStmnt>
<BasicStmnt CovItemId="S15" CovItemPrefix="dataModels.UploadData.java" Intrnl_Id="1914">
<LocList>
<Loc EndOffset="2694" SrcFileId="31" StartOffset="2631"/>
</LocList>
</BasicStmnt>
<LoopStmnt CovItemId="S16" CovItemPrefix="dataModels.UploadData.java" Intrnl_Id="1915" MltplExecId="L1-2" MltplExecPrefix="dataModels.UploadData.java" NvrExecId="L1-0" NvrExecPrefix="dataModels.UploadData.java" OnceExecutedId="L1-1" OnceExecutedPrefix="dataModels.UploadData.java" OptBodyExec="true">
<StmntSeq Intrnl_Id="1916">
<LocList>
<Loc EndOffset="2810" SrcFileId="31" StartOffset="2750"/>
<Loc EndOffset="2870" SrcFileId="31" StartOffset="2818"/>
<Loc EndOffset="2901" SrcFileId="31" StartOffset="2878"/>
</LocList>
<BasicStmnt CovItemId="S17" CovItemPrefix="dataModels.UploadData.java" Intrnl_Id="1917">
<LocList>
<Loc EndOffset="2810" SrcFileId="31" StartOffset="2750"/>
</LocList>
</BasicStmnt>
<BasicStmnt CovItemId="S18" CovItemPrefix="dataModels.UploadData.java" Intrnl_Id="1918">
<LocList>
<Loc EndOffset="2870" SrcFileId="31" StartOffset="2818"/>
</LocList>
</BasicStmnt>
<BasicStmnt CovItemId="S19" CovItemPrefix="dataModels.UploadData.java" Intrnl_Id="1919">
<LocList>
<Loc EndOffset="2901" SrcFileId="31" StartOffset="2878"/>
</LocList>
</BasicStmnt>
</StmntSeq>
<Keyword EndOffset="2704" SrcFileId="31" StartOffset="2701"/>
<LocList>
<Loc EndOffset="2907" SrcFileId="31" StartOffset="2701"/>
</LocList>
</LoopStmnt>
<BasicStmnt CovItemId="S20" CovItemPrefix="dataModels.UploadData.java" Intrnl_Id="1920">
<LocList>
<Loc EndOffset="2932" SrcFileId="31" StartOffset="2914"/>
</LocList>
</BasicStmnt>
</StmntSeq>
</HierarchyLvl>
<HierarchyLvl HierarchyLvlId="9999" HierarchyLvlTypeId="45" Intrnl_Id="1921" Name="createGameAction">
<Header>
<Loc EndOffset="3113" SrcFileId="31" StartOffset="3053"/>
</Header>
<LocList>
<Loc EndOffset="4077" SrcFileId="31" StartOffset="3053"/>
</LocList>
<StmntSeq Intrnl_Id="1922">
<LocList>
<Loc EndOffset="3186" SrcFileId="31" StartOffset="3123"/>
<Loc EndOffset="3255" SrcFileId="31" StartOffset="3193"/>
<Loc EndOffset="3358" SrcFileId="31" StartOffset="3262"/>
<Loc EndOffset="3410" SrcFileId="31" StartOffset="3365"/>
<Loc EndOffset="3460" SrcFileId="31" StartOffset="3415"/>
<Loc EndOffset="3518" SrcFileId="31" StartOffset="3465"/>
<Loc EndOffset="3586" SrcFileId="31" StartOffset="3523"/>
<Loc EndOffset="3713" SrcFileId="31" StartOffset="3593"/>
<Loc EndOffset="3850" SrcFileId="31" StartOffset="3718"/>
<Loc EndOffset="3909" SrcFileId="31" StartOffset="3857"/>
<Loc EndOffset="3966" SrcFileId="31" StartOffset="3914"/>
<Loc EndOffset="4051" SrcFileId="31" StartOffset="3973"/>
<Loc EndOffset="4072" SrcFileId="31" StartOffset="4058"/>
</LocList>
<BasicStmnt CovItemId="S21" CovItemPrefix="dataModels.UploadData.java" Intrnl_Id="1923">
<LocList>
<Loc EndOffset="3186" SrcFileId="31" StartOffset="3123"/>
</LocList>
</BasicStmnt>
<BasicStmnt CovItemId="S22" CovItemPrefix="dataModels.UploadData.java" Intrnl_Id="1924">
<LocList>
<Loc EndOffset="3255" SrcFileId="31" StartOffset="3193"/>
</LocList>
</BasicStmnt>
<CondStmnt CovItemId="S23" CovItemPrefix="dataModels.UploadData.java" Intrnl_Id="1925">
<Branch CovItemId="B3" CovItemPrefix="dataModels.UploadData.java" Implct="false" Intrnl_Id="1926">
<Cond/>
<LocList>
<Loc EndOffset="3358" SrcFileId="31" StartOffset="3306"/>
</LocList>
<StmntSeq Intrnl_Id="1927">
<LocList>
<Loc EndOffset="3358" SrcFileId="31" StartOffset="3306"/>
</LocList>
<BasicStmnt CovItemId="S24" CovItemPrefix="dataModels.UploadData.java" Intrnl_Id="1928">
<LocList>
<Loc EndOffset="3358" SrcFileId="31" StartOffset="3306"/>
</LocList>
</BasicStmnt>
</StmntSeq>
</Branch>
<Branch CovItemId="B4" CovItemPrefix="dataModels.UploadData.java" Implct="true" Intrnl_Id="1929">
<Cond/>
<LocList/>
<StmntSeq Intrnl_Id="1930">
<LocList/>
</StmntSeq>
</Branch>
<Keyword EndOffset="3264" SrcFileId="31" StartOffset="3262"/>
<LocList>
<Loc EndOffset="3358" SrcFileId="31" StartOffset="3262"/>
</LocList>
</CondStmnt>
<BasicStmnt CovItemId="S25" CovItemPrefix="dataModels.UploadData.java" Intrnl_Id="1931">
<LocList>
<Loc EndOffset="3410" SrcFileId="31" StartOffset="3365"/>
</LocList>
</BasicStmnt>
<BasicStmnt CovItemId="S26" CovItemPrefix="dataModels.UploadData.java" Intrnl_Id="1932">
<LocList>
<Loc EndOffset="3460" SrcFileId="31" StartOffset="3415"/>
</LocList>
</BasicStmnt>
<BasicStmnt CovItemId="S27" CovItemPrefix="dataModels.UploadData.java" Intrnl_Id="1933">
<LocList>
<Loc EndOffset="3518" SrcFileId="31" StartOffset="3465"/>
</LocList>
</BasicStmnt>
<BasicStmnt CovItemId="S28" CovItemPrefix="dataModels.UploadData.java" Intrnl_Id="1934">
<LocList>
<Loc EndOffset="3586" SrcFileId="31" StartOffset="3523"/>
</LocList>
</BasicStmnt>
<CondStmnt CovItemId="S29" CovItemPrefix="dataModels.UploadData.java" Intrnl_Id="1935">
<Branch CovItemId="B5" CovItemPrefix="dataModels.UploadData.java" Implct="false" Intrnl_Id="1936">
<Cond/>
<LocList>
<Loc EndOffset="3713" SrcFileId="31" StartOffset="3668"/>
</LocList>
<StmntSeq Intrnl_Id="1937">
<LocList>
<Loc EndOffset="3713" SrcFileId="31" StartOffset="3668"/>
</LocList>
<BasicStmnt CovItemId="S30" CovItemPrefix="dataModels.UploadData.java" Intrnl_Id="1938">
<LocList>
<Loc EndOffset="3713" SrcFileId="31" StartOffset="3668"/>
</LocList>
</BasicStmnt>
</StmntSeq>
</Branch>
<Branch CovItemId="B6" CovItemPrefix="dataModels.UploadData.java" Implct="true" Intrnl_Id="1939">
<Cond/>
<LocList/>
<StmntSeq Intrnl_Id="1940">
<LocList/>
</StmntSeq>
</Branch>
<Keyword EndOffset="3595" SrcFileId="31" StartOffset="3593"/>
<LocList>
<Loc EndOffset="3713" SrcFileId="31" StartOffset="3593"/>
</LocList>
</CondStmnt>
<CondStmnt CovItemId="S31" CovItemPrefix="dataModels.UploadData.java" Intrnl_Id="1941">
<Branch CovItemId="B7" CovItemPrefix="dataModels.UploadData.java" Implct="false" Intrnl_Id="1942">
<Cond/>
<LocList>
<Loc EndOffset="3850" SrcFileId="31" StartOffset="3790"/>
</LocList>
<StmntSeq Intrnl_Id="1943">
<LocList>
<Loc EndOffset="3850" SrcFileId="31" StartOffset="3790"/>
</LocList>
<BasicStmnt CovItemId="S32" CovItemPrefix="dataModels.UploadData.java" Intrnl_Id="1944">
<LocList>
<Loc EndOffset="3850" SrcFileId="31" StartOffset="3790"/>
</LocList>
</BasicStmnt>
</StmntSeq>
</Branch>
<Branch CovItemId="B8" CovItemPrefix="dataModels.UploadData.java" Implct="true" Intrnl_Id="1945">
<Cond/>
<LocList/>
<StmntSeq Intrnl_Id="1946">
<LocList/>
</StmntSeq>
</Branch>
<Keyword EndOffset="3720" SrcFileId="31" StartOffset="3718"/>
<LocList>
<Loc EndOffset="3850" SrcFileId="31" StartOffset="3718"/>
</LocList>
</CondStmnt>
<BasicStmnt CovItemId="S33" CovItemPrefix="dataModels.UploadData.java" Intrnl_Id="1947">
<LocList>
<Loc EndOffset="3909" SrcFileId="31" StartOffset="3857"/>
</LocList>
</BasicStmnt>
<BasicStmnt CovItemId="S34" CovItemPrefix="dataModels.UploadData.java" Intrnl_Id="1948">
<LocList>
<Loc EndOffset="3966" SrcFileId="31" StartOffset="3914"/>
</LocList>
</BasicStmnt>
<BasicStmnt CovItemId="S35" CovItemPrefix="dataModels.UploadData.java" Intrnl_Id="1949">
<LocList>
<Loc EndOffset="4051" SrcFileId="31" StartOffset="3973"/>
</LocList>
</BasicStmnt>
<BasicStmnt CovItemId="S36" CovItemPrefix="dataModels.UploadData.java" Intrnl_Id="1950">
<LocList>
<Loc EndOffset="4072" SrcFileId="31" StartOffset="4058"/>
</LocList>
</BasicStmnt>
</StmntSeq>
</HierarchyLvl>
<HierarchyLvl HierarchyLvlId="10000" HierarchyLvlTypeId="45" Intrnl_Id="1951" Name="generateGameList">
<Header>
<Loc EndOffset="4252" SrcFileId="31" StartOffset="4195"/>
</Header>
<LocList>
<Loc EndOffset="4651" SrcFileId="31" StartOffset="4195"/>
</LocList>
<StmntSeq Intrnl_Id="1952">
<LocList>
<Loc EndOffset="4292" SrcFileId="31" StartOffset="4262"/>
<Loc EndOffset="4346" SrcFileId="31" StartOffset="4297"/>
<Loc EndOffset="4623" SrcFileId="31" StartOffset="4353"/>
<Loc EndOffset="4646" SrcFileId="31" StartOffset="4630"/>
</LocList>
<BasicStmnt CovItemId="S37" CovItemPrefix="dataModels.UploadData.java" Intrnl_Id="1953">
<LocList>
<Loc EndOffset="4292" SrcFileId="31" StartOffset="4262"/>
</LocList>
</BasicStmnt>
<BasicStmnt CovItemId="S38" CovItemPrefix="dataModels.UploadData.java" Intrnl_Id="1954">
<LocList>
<Loc EndOffset="4346" SrcFileId="31" StartOffset="4297"/>
</LocList>
</BasicStmnt>
<LoopStmnt CovItemId="S39" CovItemPrefix="dataModels.UploadData.java" Intrnl_Id="1955" MltplExecId="L2-2" MltplExecPrefix="dataModels.UploadData.java" NvrExecId="L2-0" NvrExecPrefix="dataModels.UploadData.java" OnceExecutedId="L2-1" OnceExecutedPrefix="dataModels.UploadData.java" OptBodyExec="true">
<StmntSeq Intrnl_Id="1956">
<LocList>
<Loc EndOffset="4467" SrcFileId="31" StartOffset="4411"/>
<Loc EndOffset="4510" SrcFileId="31" StartOffset="4475"/>
<Loc EndOffset="4536" SrcFileId="31" StartOffset="4517"/>
<Loc EndOffset="4617" SrcFileId="31" StartOffset="4400"/>
</LocList>
<BasicStmnt CovItemId="S41" CovItemPrefix="dataModels.UploadData.java" Intrnl_Id="1957">
<LocList>
<Loc EndOffset="4467" SrcFileId="31" StartOffset="4411"/>
</LocList>
</BasicStmnt>
<BasicStmnt CovItemId="S42" CovItemPrefix="dataModels.UploadData.java" Intrnl_Id="1958">
<LocList>
<Loc EndOffset="4510" SrcFileId="31" StartOffset="4475"/>
</LocList>
</BasicStmnt>
<BasicStmnt CovItemId="S43" CovItemPrefix="dataModels.UploadData.java" Intrnl_Id="1959">
<LocList>
<Loc EndOffset="4536" SrcFileId="31" StartOffset="4517"/>
</LocList>
</BasicStmnt>
<CondStmnt CovItemId="S40" CovItemPrefix="dataModels.UploadData.java" Intrnl_Id="1960">
<Branch CovItemId="B9" CovItemPrefix="dataModels.UploadData.java" Implct="true" Intrnl_Id="1961">
<Cond/>
<LocList/>
<StmntSeq Intrnl_Id="1962">
<LocList/>
</StmntSeq>
</Branch>
<Branch CovItemId="B10" CovItemPrefix="dataModels.UploadData.java" Implct="false" Intrnl_Id="1963">
<Cond>
<Loc EndOffset="4577" SrcFileId="31" StartOffset="4549"/>
</Cond>
<LocList>
<Loc EndOffset="4617" SrcFileId="31" StartOffset="4583"/>
</LocList>
<StmntSeq Intrnl_Id="1964">
<LocList>
<Loc EndOffset="4610" SrcFileId="31" StartOffset="4591"/>
</LocList>
<BasicStmnt CovItemId="S44" CovItemPrefix="dataModels.UploadData.java" Intrnl_Id="1965">
<LocList>
<Loc EndOffset="4610" SrcFileId="31" StartOffset="4591"/>
</LocList>
</BasicStmnt>
</StmntSeq>
</Branch>
<Keyword EndOffset="4403" SrcFileId="31" StartOffset="4400"/>
<LocList>
<Loc EndOffset="4617" SrcFileId="31" StartOffset="4400"/>
</LocList>
</CondStmnt>
</StmntSeq>
<Keyword EndOffset="4356" SrcFileId="31" StartOffset="4353"/>
<LocList>
<Loc EndOffset="4623" SrcFileId="31" StartOffset="4353"/>
</LocList>
</LoopStmnt>
<BasicStmnt CovItemId="S45" CovItemPrefix="dataModels.UploadData.java" Intrnl_Id="1966">
<LocList>
<Loc EndOffset="4646" SrcFileId="31" StartOffset="4630"/>
</LocList>
</BasicStmnt>
</StmntSeq>
</HierarchyLvl>
<HierarchyLvl HierarchyLvlId="10001" HierarchyLvlTypeId="45" Intrnl_Id="1967" Name="createMiscList">
<Header>
<Loc EndOffset="4858" SrcFileId="31" StartOffset="4791"/>
</Header>
<LocList>
<Loc EndOffset="5415" SrcFileId="31" StartOffset="4791"/>
</LocList>
<StmntSeq Intrnl_Id="1968">
<LocList>
<Loc EndOffset="4901" SrcFileId="31" StartOffset="4868"/>
<Loc EndOffset="4971" SrcFileId="31" StartOffset="4906"/>
<Loc EndOffset="5387" SrcFileId="31" StartOffset="4978"/>
<Loc EndOffset="5410" SrcFileId="31" StartOffset="5394"/>
</LocList>
<BasicStmnt CovItemId="S46" CovItemPrefix="dataModels.UploadData.java" Intrnl_Id="1969">
<LocList>
<Loc EndOffset="4901" SrcFileId="31" StartOffset="4868"/>
</LocList>
</BasicStmnt>
<BasicStmnt CovItemId="S47" CovItemPrefix="dataModels.UploadData.java" Intrnl_Id="1970">
<LocList>
<Loc EndOffset="4971" SrcFileId="31" StartOffset="4906"/>
</LocList>
</BasicStmnt>
<LoopStmnt CovItemId="S48" CovItemPrefix="dataModels.UploadData.java" Intrnl_Id="1971" MltplExecId="L3-2" MltplExecPrefix="dataModels.UploadData.java" NvrExecId="L3-0" NvrExecPrefix="dataModels.UploadData.java" OnceExecutedId="L3-1" OnceExecutedPrefix="dataModels.UploadData.java" OptBodyExec="true">
<StmntSeq Intrnl_Id="1972">
<LocList>
<Loc EndOffset="5091" SrcFileId="31" StartOffset="5035"/>
<Loc EndOffset="5148" SrcFileId="31" StartOffset="5100"/>
<Loc EndOffset="5205" SrcFileId="31" StartOffset="5155"/>
<Loc EndOffset="5270" SrcFileId="31" StartOffset="5216"/>
<Loc EndOffset="5300" SrcFileId="31" StartOffset="5277"/>
<Loc EndOffset="5381" SrcFileId="31" StartOffset="5024"/>
</LocList>
<BasicStmnt CovItemId="S50" CovItemPrefix="dataModels.UploadData.java" Intrnl_Id="1973">
<LocList>
<Loc EndOffset="5091" SrcFileId="31" StartOffset="5035"/>
</LocList>
</BasicStmnt>
<BasicStmnt CovItemId="S51" CovItemPrefix="dataModels.UploadData.java" Intrnl_Id="1974">
<LocList>
<Loc EndOffset="5148" SrcFileId="31" StartOffset="5100"/>
</LocList>
</BasicStmnt>
<BasicStmnt CovItemId="S52" CovItemPrefix="dataModels.UploadData.java" Intrnl_Id="1975">
<LocList>
<Loc EndOffset="5205" SrcFileId="31" StartOffset="5155"/>
</LocList>
</BasicStmnt>
<BasicStmnt CovItemId="S53" CovItemPrefix="dataModels.UploadData.java" Intrnl_Id="1976">
<LocList>
<Loc EndOffset="5270" SrcFileId="31" StartOffset="5216"/>
</LocList>
</BasicStmnt>
<BasicStmnt CovItemId="S54" CovItemPrefix="dataModels.UploadData.java" Intrnl_Id="1977">
<LocList>
<Loc EndOffset="5300" SrcFileId="31" StartOffset="5277"/>
</LocList>
</BasicStmnt>
<CondStmnt CovItemId="S49" CovItemPrefix="dataModels.UploadData.java" Intrnl_Id="1978">
<Branch CovItemId="B11" CovItemPrefix="dataModels.UploadData.java" Implct="true" Intrnl_Id="1979">
<Cond/>
<LocList/>
<StmntSeq Intrnl_Id="1980">
<LocList/>
</StmntSeq>
</Branch>
<Branch CovItemId="B12" CovItemPrefix="dataModels.UploadData.java" Implct="false" Intrnl_Id="1981">
<Cond>
<Loc EndOffset="5341" SrcFileId="31" StartOffset="5313"/>
</Cond>
<LocList>
<Loc EndOffset="5381" SrcFileId="31" StartOffset="5347"/>
</LocList>
<StmntSeq Intrnl_Id="1982">
<LocList>
<Loc EndOffset="5374" SrcFileId="31" StartOffset="5355"/>
</LocList>
<BasicStmnt CovItemId="S55" CovItemPrefix="dataModels.UploadData.java" Intrnl_Id="1983">
<LocList>
<Loc EndOffset="5374" SrcFileId="31" StartOffset="5355"/>
</LocList>
</BasicStmnt>
</StmntSeq>
</Branch>
<Keyword EndOffset="5027" SrcFileId="31" StartOffset="5024"/>
<LocList>
<Loc EndOffset="5381" SrcFileId="31" StartOffset="5024"/>
</LocList>
</CondStmnt>
</StmntSeq>
<Keyword EndOffset="4981" SrcFileId="31" StartOffset="4978"/>
<LocList>
<Loc EndOffset="5387" SrcFileId="31" StartOffset="4978"/>
</LocList>
</LoopStmnt>
<BasicStmnt CovItemId="S56" CovItemPrefix="dataModels.UploadData.java" Intrnl_Id="1984">
<LocList>
<Loc EndOffset="5410" SrcFileId="31" StartOffset="5394"/>
</LocList>
</BasicStmnt>
</StmntSeq>
</HierarchyLvl>
<HierarchyLvl HierarchyLvlId="10002" HierarchyLvlTypeId="45" Intrnl_Id="1985" Name="deserialize">
<Header>
<Loc EndOffset="5676" SrcFileId="31" StartOffset="5535"/>
</Header>
<LocList>
<Loc EndOffset="6104" SrcFileId="31" StartOffset="5535"/>
</LocList>
<StmntSeq Intrnl_Id="1986">
<LocList>
<Loc EndOffset="5738" SrcFileId="31" StartOffset="5685"/>
<Loc EndOffset="5807" SrcFileId="31" StartOffset="5745"/>
<Loc EndOffset="5884" SrcFileId="31" StartOffset="5814"/>
<Loc EndOffset="5942" SrcFileId="31" StartOffset="5891"/>
<Loc EndOffset="6008" SrcFileId="31" StartOffset="5947"/>
<Loc EndOffset="6074" SrcFileId="31" StartOffset="6015"/>
<Loc EndOffset="6099" SrcFileId="31" StartOffset="6081"/>
</LocList>
<BasicStmnt CovItemId="S57" CovItemPrefix="dataModels.UploadData.java" Intrnl_Id="1987">
<LocList>
<Loc EndOffset="5738" SrcFileId="31" StartOffset="5685"/>
</LocList>
</BasicStmnt>
<BasicStmnt CovItemId="S58" CovItemPrefix="dataModels.UploadData.java" Intrnl_Id="1988">
<LocList>
<Loc EndOffset="5807" SrcFileId="31" StartOffset="5745"/>
</LocList>
</BasicStmnt>
<BasicStmnt CovItemId="S59" CovItemPrefix="dataModels.UploadData.java" Intrnl_Id="1989">
<LocList>
<Loc EndOffset="5884" SrcFileId="31" StartOffset="5814"/>
</LocList>
</BasicStmnt>
<BasicStmnt CovItemId="S60" CovItemPrefix="dataModels.UploadData.java" Intrnl_Id="1990">
<LocList>
<Loc EndOffset="5942" SrcFileId="31" StartOffset="5891"/>
</LocList>
</BasicStmnt>
<BasicStmnt CovItemId="S61" CovItemPrefix="dataModels.UploadData.java" Intrnl_Id="1991">
<LocList>
<Loc EndOffset="6008" SrcFileId="31" StartOffset="5947"/>
</LocList>
</BasicStmnt>
<BasicStmnt CovItemId="S62" CovItemPrefix="dataModels.UploadData.java" Intrnl_Id="1992">
<LocList>
<Loc EndOffset="6074" SrcFileId="31" StartOffset="6015"/>
</LocList>
</BasicStmnt>
<BasicStmnt CovItemId="S63" CovItemPrefix="dataModels.UploadData.java" Intrnl_Id="1993">
<LocList>
<Loc EndOffset="6099" SrcFileId="31" StartOffset="6081"/>
</LocList>
</BasicStmnt>
</StmntSeq>
</HierarchyLvl>
</HierarchyLvl>
</HierarchyLvl>
<HierarchyLvl HierarchyLvlId="10013" HierarchyLvlTypeId="44" Intrnl_Id="1994" Name="RankingStatistics">
<Header>
<Loc EndOffset="84" SrcFileId="32" StartOffset="54"/>
</Header>
<LocList>
<Loc EndOffset="1129" SrcFileId="32" StartOffset="54"/>
<Loc EndOffset="1861" SrcFileId="32" StartOffset="1856"/>
</LocList>
<HierarchyLvl HierarchyLvlId="10005" HierarchyLvlTypeId="45" Intrnl_Id="1995" Name="RankingStatistics">
<Header>
<Loc EndOffset="247" SrcFileId="32" StartOffset="221"/>
</Header>
<LocList>
<Loc EndOffset="251" SrcFileId="32" StartOffset="221"/>
</LocList>
</HierarchyLvl>
<HierarchyLvl HierarchyLvlId="10006" HierarchyLvlTypeId="45" Intrnl_Id="1996" Name="RankingStatistics">
<Header>
<Loc EndOffset="388" SrcFileId="32" StartOffset="300"/>
</Header>
<LocList>
<Loc EndOffset="467" SrcFileId="32" StartOffset="300"/>
</LocList>
<StmntSeq Intrnl_Id="1997">
<LocList>
<Loc EndOffset="428" SrcFileId="32" StartOffset="398"/>
<Loc EndOffset="462" SrcFileId="32" StartOffset="433"/>
</LocList>
<BasicStmnt CovItemId="S1" CovItemPrefix="dataModels.RankingStatistics.java" Intrnl_Id="1998">
<LocList>
<Loc EndOffset="428" SrcFileId="32" StartOffset="398"/>
</LocList>
</BasicStmnt>
<BasicStmnt CovItemId="S2" CovItemPrefix="dataModels.RankingStatistics.java" Intrnl_Id="1999">
<LocList>
<Loc EndOffset="462" SrcFileId="32" StartOffset="433"/>
</LocList>
</BasicStmnt>
</StmntSeq>
</HierarchyLvl>
<HierarchyLvl HierarchyLvlId="10007" HierarchyLvlTypeId="45" Intrnl_Id="2000" Name="getMyRankData">
<Header>
<Loc EndOffset="609" SrcFileId="32" StartOffset="573"/>
</Header>
<LocList>
<Loc EndOffset="639" SrcFileId="32" StartOffset="573"/>
</LocList>
<StmntSeq Intrnl_Id="2001">
<LocList>
<Loc EndOffset="634" SrcFileId="32" StartOffset="616"/>
</LocList>
<BasicStmnt CovItemId="S3" CovItemPrefix="dataModels.RankingStatistics.java" Intrnl_Id="2002">
<LocList>
<Loc EndOffset="634" SrcFileId="32" StartOffset="616"/>
</LocList>
</BasicStmnt>
</StmntSeq>
</HierarchyLvl>
<HierarchyLvl HierarchyLvlId="10008" HierarchyLvlTypeId="45" Intrnl_Id="2003" Name="setMyRankData">
<Header>
<Loc EndOffset="791" SrcFileId="32" StartOffset="740"/>
</Header>
<LocList>
<Loc EndOffset="832" SrcFileId="32" StartOffset="740"/>
</LocList>
<StmntSeq Intrnl_Id="2004">
<LocList>
<Loc EndOffset="827" SrcFileId="32" StartOffset="798"/>
</LocList>
<BasicStmnt CovItemId="S4" CovItemPrefix="dataModels.RankingStatistics.java" Intrnl_Id="2005">
<LocList>
<Loc EndOffset="827" SrcFileId="32" StartOffset="798"/>
</LocList>
</BasicStmnt>
</StmntSeq>
</HierarchyLvl>
<HierarchyLvl HierarchyLvlId="10009" HierarchyLvlTypeId="45" Intrnl_Id="2006" Name="getRankedData">
<Header>
<Loc EndOffset="959" SrcFileId="32" StartOffset="912"/>
</Header>
<LocList>
<Loc EndOffset="989" SrcFileId="32" StartOffset="912"/>
</LocList>
<StmntSeq Intrnl_Id="2007">
<LocList>
<Loc EndOffset="984" SrcFileId="32" StartOffset="966"/>
</LocList>
<BasicStmnt CovItemId="S5" CovItemPrefix="dataModels.RankingStatistics.java" Intrnl_Id="2008">
<LocList>
<Loc EndOffset="984" SrcFileId="32" StartOffset="966"/>
</LocList>
</BasicStmnt>
</StmntSeq>
</HierarchyLvl>
<HierarchyLvl HierarchyLvlId="10012" HierarchyLvlTypeId="44" Intrnl_Id="2009" Name="RankedDataRow">
<Header>
<Loc EndOffset="1162" SrcFileId="32" StartOffset="1129"/>
</Header>
<LocList>
<Loc EndOffset="1856" SrcFileId="32" StartOffset="1129"/>
</LocList>
<HierarchyLvl HierarchyLvlId="10010" HierarchyLvlTypeId="45" Intrnl_Id="2010" Name="RankedDataRow">
<Header>
<Loc EndOffset="1423" SrcFileId="32" StartOffset="1401"/>
</Header>
<LocList>
<Loc EndOffset="1426" SrcFileId="32" StartOffset="1401"/>
</LocList>
</HierarchyLvl>
<HierarchyLvl HierarchyLvlId="10011" HierarchyLvlTypeId="45" Intrnl_Id="2011" Name="RankedDataRow">
<Header>
<Loc EndOffset="1739" SrcFileId="32" StartOffset="1670"/>
</Header>
<LocList>
<Loc EndOffset="1846" SrcFileId="32" StartOffset="1670"/>
</LocList>
<StmntSeq Intrnl_Id="2012">
<LocList>
<Loc EndOffset="1776" SrcFileId="32" StartOffset="1751"/>
<Loc EndOffset="1807" SrcFileId="32" StartOffset="1782"/>
<Loc EndOffset="1840" SrcFileId="32" StartOffset="1813"/>
</LocList>
<BasicStmnt CovItemId="S6" CovItemPrefix="dataModels.RankingStatistics.java" Intrnl_Id="2013">
<LocList>
<Loc EndOffset="1776" SrcFileId="32" StartOffset="1751"/>
</LocList>
</BasicStmnt>
<BasicStmnt CovItemId="S7" CovItemPrefix="dataModels.RankingStatistics.java" Intrnl_Id="2014">
<LocList>
<Loc EndOffset="1807" SrcFileId="32" StartOffset="1782"/>
</LocList>
</BasicStmnt>
<BasicStmnt CovItemId="S8" CovItemPrefix="dataModels.RankingStatistics.java" Intrnl_Id="2015">
<LocList>
<Loc EndOffset="1840" SrcFileId="32" StartOffset="1813"/>
</LocList>
</BasicStmnt>
</StmntSeq>
</HierarchyLvl>
</HierarchyLvl>
</HierarchyLvl>
<HierarchyLvl HierarchyLvlId="10057" HierarchyLvlTypeId="44" Intrnl_Id="2016" Name="PersonalStatistics">
<Header>
<Loc EndOffset="535" SrcFileId="33" StartOffset="504"/>
</Header>
<LocList>
<Loc EndOffset="19282" SrcFileId="33" StartOffset="504"/>
</LocList>
<HierarchyLvl HierarchyLvlId="10014" HierarchyLvlTypeId="45" Intrnl_Id="2017" Name="PersonalStatistics">
<Header>
<Loc EndOffset="3192" SrcFileId="33" StartOffset="3104"/>
</Header>
<LocList>
<Loc EndOffset="3287" SrcFileId="33" StartOffset="3104"/>
</LocList>
<StmntSeq Intrnl_Id="2018">
<LocList>
<Loc EndOffset="3231" SrcFileId="33" StartOffset="3200"/>
<Loc EndOffset="3258" SrcFileId="33" StartOffset="3235"/>
<Loc EndOffset="3283" SrcFileId="33" StartOffset="3262"/>
</LocList>
<BasicStmnt CovItemId="S1" CovItemPrefix="dataModels.PersonalStatistics.java" Intrnl_Id="2019">
<LocList>
<Loc EndOffset="3231" SrcFileId="33" StartOffset="3200"/>
</LocList>
</BasicStmnt>
<BasicStmnt CovItemId="S2" CovItemPrefix="dataModels.PersonalStatistics.java" Intrnl_Id="2020">
<LocList>
<Loc EndOffset="3258" SrcFileId="33" StartOffset="3235"/>
</LocList>
</BasicStmnt>
<BasicStmnt CovItemId="S3" CovItemPrefix="dataModels.PersonalStatistics.java" Intrnl_Id="2021">
<LocList>
<Loc EndOffset="3283" SrcFileId="33" StartOffset="3262"/>
</LocList>
</BasicStmnt>
</StmntSeq>
</HierarchyLvl>
<HierarchyLvl HierarchyLvlId="10015" HierarchyLvlTypeId="45" Intrnl_Id="2022" Name="generateAllStatistics">
<Header>
<Loc EndOffset="3516" SrcFileId="33" StartOffset="3447"/>
</Header>
<LocList>
<Loc EndOffset="5276" SrcFileId="33" StartOffset="3447"/>
</LocList>
<StmntSeq Intrnl_Id="2023">
<LocList>
<Loc EndOffset="3582" SrcFileId="33" StartOffset="3524"/>
<Loc EndOffset="3637" SrcFileId="33" StartOffset="3586"/>
<Loc EndOffset="3696" SrcFileId="33" StartOffset="3641"/>
<Loc EndOffset="3759" SrcFileId="33" StartOffset="3700"/>
<Loc EndOffset="3802" SrcFileId="33" StartOffset="3763"/>
<Loc EndOffset="3855" SrcFileId="33" StartOffset="3806"/>
<Loc EndOffset="3906" SrcFileId="33" StartOffset="3859"/>
<Loc EndOffset="3961" SrcFileId="33" StartOffset="3910"/>
<Loc EndOffset="4020" SrcFileId="33" StartOffset="3965"/>
<Loc EndOffset="4067" SrcFileId="33" StartOffset="4024"/>
<Loc EndOffset="4118" SrcFileId="33" StartOffset="4071"/>
<Loc EndOffset="4167" SrcFileId="33" StartOffset="4122"/>
<Loc EndOffset="4216" SrcFileId="33" StartOffset="4171"/>
<Loc EndOffset="4265" SrcFileId="33" StartOffset="4220"/>
<Loc EndOffset="4318" SrcFileId="33" StartOffset="4269"/>
<Loc EndOffset="4371" SrcFileId="33" StartOffset="4322"/>
<Loc EndOffset="4426" SrcFileId="33" StartOffset="4375"/>
<Loc EndOffset="4474" SrcFileId="33" StartOffset="4430"/>
<Loc EndOffset="4520" SrcFileId="33" StartOffset="4478"/>
<Loc EndOffset="4564" SrcFileId="33" StartOffset="4524"/>
<Loc EndOffset="4612" SrcFileId="33" StartOffset="4568"/>
<Loc EndOffset="4664" SrcFileId="33" StartOffset="4616"/>
<Loc EndOffset="4710" SrcFileId="33" StartOffset="4668"/>
<Loc EndOffset="4754" SrcFileId="33" StartOffset="4714"/>
<Loc EndOffset="4800" SrcFileId="33" StartOffset="4758"/>
<Loc EndOffset="4843" SrcFileId="33" StartOffset="4804"/>
<Loc EndOffset="4888" SrcFileId="33" StartOffset="4847"/>
<Loc EndOffset="4937" SrcFileId="33" StartOffset="4892"/>
<Loc EndOffset="4976" SrcFileId="33" StartOffset="4941"/>
<Loc EndOffset="5016" SrcFileId="33" StartOffset="4980"/>
<Loc EndOffset="5051" SrcFileId="33" StartOffset="5020"/>
<Loc EndOffset="5080" SrcFileId="33" StartOffset="5055"/>
<Loc EndOffset="5120" SrcFileId="33" StartOffset="5084"/>
<Loc EndOffset="5145" SrcFileId="33" StartOffset="5124"/>
<Loc EndOffset="5192" SrcFileId="33" StartOffset="5149"/>
<Loc EndOffset="5239" SrcFileId="33" StartOffset="5196"/>
<Loc EndOffset="5272" SrcFileId="33" StartOffset="5243"/>
</LocList>
<BasicStmnt CovItemId="S4" CovItemPrefix="dataModels.PersonalStatistics.java" Intrnl_Id="2024">
<LocList>
<Loc EndOffset="3582" SrcFileId="33" StartOffset="3524"/>
</LocList>
</BasicStmnt>
<BasicStmnt CovItemId="S5" CovItemPrefix="dataModels.PersonalStatistics.java" Intrnl_Id="2025">
<LocList>
<Loc EndOffset="3637" SrcFileId="33" StartOffset="3586"/>
</LocList>
</BasicStmnt>
<BasicStmnt CovItemId="S6" CovItemPrefix="dataModels.PersonalStatistics.java" Intrnl_Id="2026">
<LocList>
<Loc EndOffset="3696" SrcFileId="33" StartOffset="3641"/>
</LocList>
</BasicStmnt>
<BasicStmnt CovItemId="S7" CovItemPrefix="dataModels.PersonalStatistics.java" Intrnl_Id="2027">
<LocList>
<Loc EndOffset="3759" SrcFileId="33" StartOffset="3700"/>
</LocList>
</BasicStmnt>
<BasicStmnt CovItemId="S8" CovItemPrefix="dataModels.PersonalStatistics.java" Intrnl_Id="2028">
<LocList>
<Loc EndOffset="3802" SrcFileId="33" StartOffset="3763"/>
</LocList>
</BasicStmnt>
<BasicStmnt CovItemId="S9" CovItemPrefix="dataModels.PersonalStatistics.java" Intrnl_Id="2029">
<LocList>
<Loc EndOffset="3855" SrcFileId="33" StartOffset="3806"/>
</LocList>
</BasicStmnt>
<BasicStmnt CovItemId="S10" CovItemPrefix="dataModels.PersonalStatistics.java" Intrnl_Id="2030">
<LocList>
<Loc EndOffset="3906" SrcFileId="33" StartOffset="3859"/>
</LocList>
</BasicStmnt>
<BasicStmnt CovItemId="S11" CovItemPrefix="dataModels.PersonalStatistics.java" Intrnl_Id="2031">
<LocList>
<Loc EndOffset="3961" SrcFileId="33" StartOffset="3910"/>
</LocList>
</BasicStmnt>
<BasicStmnt CovItemId="S12" CovItemPrefix="dataModels.PersonalStatistics.java" Intrnl_Id="2032">
<LocList>
<Loc EndOffset="4020" SrcFileId="33" StartOffset="3965"/>
</LocList>
</BasicStmnt>
<BasicStmnt CovItemId="S13" CovItemPrefix="dataModels.PersonalStatistics.java" Intrnl_Id="2033">
<LocList>
<Loc EndOffset="4067" SrcFileId="33" StartOffset="4024"/>
</LocList>
</BasicStmnt>
<BasicStmnt CovItemId="S14" CovItemPrefix="dataModels.PersonalStatistics.java" Intrnl_Id="2034">
<LocList>
<Loc EndOffset="4118" SrcFileId="33" StartOffset="4071"/>
</LocList>
</BasicStmnt>
<BasicStmnt CovItemId="S15" CovItemPrefix="dataModels.PersonalStatistics.java" Intrnl_Id="2035">
<LocList>
<Loc EndOffset="4167" SrcFileId="33" StartOffset="4122"/>
</LocList>
</BasicStmnt>
<BasicStmnt CovItemId="S16" CovItemPrefix="dataModels.PersonalStatistics.java" Intrnl_Id="2036">
<LocList>
<Loc EndOffset="4216" SrcFileId="33" StartOffset="4171"/>
</LocList>
</BasicStmnt>
<BasicStmnt CovItemId="S17" CovItemPrefix="dataModels.PersonalStatistics.java" Intrnl_Id="2037">
<LocList>
<Loc EndOffset="4265" SrcFileId="33" StartOffset="4220"/>
</LocList>
</BasicStmnt>
<BasicStmnt CovItemId="S18" CovItemPrefix="dataModels.PersonalStatistics.java" Intrnl_Id="2038">
<LocList>
<Loc EndOffset="4318" SrcFileId="33" StartOffset="4269"/>
</LocList>
</BasicStmnt>
<BasicStmnt CovItemId="S19" CovItemPrefix="dataModels.PersonalStatistics.java" Intrnl_Id="2039">
<LocList>
<Loc EndOffset="4371" SrcFileId="33" StartOffset="4322"/>
</LocList>
</BasicStmnt>
<BasicStmnt CovItemId="S20" CovItemPrefix="dataModels.PersonalStatistics.java" Intrnl_Id="2040">
<LocList>
<Loc EndOffset="4426" SrcFileId="33" StartOffset="4375"/>
</LocList>
</BasicStmnt>
<BasicStmnt CovItemId="S21" CovItemPrefix="dataModels.PersonalStatistics.java" Intrnl_Id="2041">
<LocList>
<Loc EndOffset="4474" SrcFileId="33" StartOffset="4430"/>
</LocList>
</BasicStmnt>
<BasicStmnt CovItemId="S22" CovItemPrefix="dataModels.PersonalStatistics.java" Intrnl_Id="2042">
<LocList>
<Loc EndOffset="4520" SrcFileId="33" StartOffset="4478"/>
</LocList>
</BasicStmnt>
<BasicStmnt CovItemId="S23" CovItemPrefix="dataModels.PersonalStatistics.java" Intrnl_Id="2043">
<LocList>
<Loc EndOffset="4564" SrcFileId="33" StartOffset="4524"/>
</LocList>
</BasicStmnt>
<BasicStmnt CovItemId="S24" CovItemPrefix="dataModels.PersonalStatistics.java" Intrnl_Id="2044">
<LocList>
<Loc EndOffset="4612" SrcFileId="33" StartOffset="4568"/>
</LocList>
</BasicStmnt>
<BasicStmnt CovItemId="S25" CovItemPrefix="dataModels.PersonalStatistics.java" Intrnl_Id="2045">
<LocList>
<Loc EndOffset="4664" SrcFileId="33" StartOffset="4616"/>
</LocList>
</BasicStmnt>
<BasicStmnt CovItemId="S26" CovItemPrefix="dataModels.PersonalStatistics.java" Intrnl_Id="2046">
<LocList>
<Loc EndOffset="4710" SrcFileId="33" StartOffset="4668"/>
</LocList>
</BasicStmnt>
<BasicStmnt CovItemId="S27" CovItemPrefix="dataModels.PersonalStatistics.java" Intrnl_Id="2047">
<LocList>
<Loc EndOffset="4754" SrcFileId="33" StartOffset="4714"/>
</LocList>
</BasicStmnt>
<BasicStmnt CovItemId="S28" CovItemPrefix="dataModels.PersonalStatistics.java" Intrnl_Id="2048">
<LocList>
<Loc EndOffset="4800" SrcFileId="33" StartOffset="4758"/>
</LocList>
</BasicStmnt>
<BasicStmnt CovItemId="S29" CovItemPrefix="dataModels.PersonalStatistics.java" Intrnl_Id="2049">
<LocList>
<Loc EndOffset="4843" SrcFileId="33" StartOffset="4804"/>
</LocList>
</BasicStmnt>
<BasicStmnt CovItemId="S30" CovItemPrefix="dataModels.PersonalStatistics.java" Intrnl_Id="2050">
<LocList>
<Loc EndOffset="4888" SrcFileId="33" StartOffset="4847"/>
</LocList>
</BasicStmnt>
<BasicStmnt CovItemId="S31" CovItemPrefix="dataModels.PersonalStatistics.java" Intrnl_Id="2051">
<LocList>
<Loc EndOffset="4937" SrcFileId="33" StartOffset="4892"/>
</LocList>
</BasicStmnt>
<BasicStmnt CovItemId="S32" CovItemPrefix="dataModels.PersonalStatistics.java" Intrnl_Id="2052">
<LocList>
<Loc EndOffset="4976" SrcFileId="33" StartOffset="4941"/>
</LocList>
</BasicStmnt>
<BasicStmnt CovItemId="S33" CovItemPrefix="dataModels.PersonalStatistics.java" Intrnl_Id="2053">
<LocList>
<Loc EndOffset="5016" SrcFileId="33" StartOffset="4980"/>
</LocList>
</BasicStmnt>
<BasicStmnt CovItemId="S34" CovItemPrefix="dataModels.PersonalStatistics.java" Intrnl_Id="2054">
<LocList>
<Loc EndOffset="5051" SrcFileId="33" StartOffset="5020"/>
</LocList>
</BasicStmnt>
<BasicStmnt CovItemId="S35" CovItemPrefix="dataModels.PersonalStatistics.java" Intrnl_Id="2055">
<LocList>
<Loc EndOffset="5080" SrcFileId="33" StartOffset="5055"/>
</LocList>
</BasicStmnt>
<BasicStmnt CovItemId="S36" CovItemPrefix="dataModels.PersonalStatistics.java" Intrnl_Id="2056">
<LocList>
<Loc EndOffset="5120" SrcFileId="33" StartOffset="5084"/>
</LocList>
</BasicStmnt>
<BasicStmnt CovItemId="S37" CovItemPrefix="dataModels.PersonalStatistics.java" Intrnl_Id="2057">
<LocList>
<Loc EndOffset="5145" SrcFileId="33" StartOffset="5124"/>
</LocList>
</BasicStmnt>
<BasicStmnt CovItemId="S38" CovItemPrefix="dataModels.PersonalStatistics.java" Intrnl_Id="2058">
<LocList>
<Loc EndOffset="5192" SrcFileId="33" StartOffset="5149"/>
</LocList>
</BasicStmnt>
<BasicStmnt CovItemId="S39" CovItemPrefix="dataModels.PersonalStatistics.java" Intrnl_Id="2059">
<LocList>
<Loc EndOffset="5239" SrcFileId="33" StartOffset="5196"/>
</LocList>
</BasicStmnt>
<BasicStmnt CovItemId="S40" CovItemPrefix="dataModels.PersonalStatistics.java" Intrnl_Id="2060">
<LocList>
<Loc EndOffset="5272" SrcFileId="33" StartOffset="5243"/>
</LocList>
</BasicStmnt>
</StmntSeq>
</HierarchyLvl>
<HierarchyLvl HierarchyLvlId="10016" HierarchyLvlTypeId="45" Intrnl_Id="2061" Name="getMyRating">
<Header>
<Loc EndOffset="5350" SrcFileId="33" StartOffset="5282"/>
</Header>
<LocList>
<Loc EndOffset="5851" SrcFileId="33" StartOffset="5282"/>
</LocList>
<StmntSeq Intrnl_Id="2062">
<LocList>
<Loc EndOffset="5823" SrcFileId="33" StartOffset="5388"/>
<Loc EndOffset="5846" SrcFileId="33" StartOffset="5831"/>
</LocList>
<CondStmnt CovItemId="S41" CovItemPrefix="dataModels.PersonalStatistics.java" Intrnl_Id="2063">
<Branch CovItemId="B1" CovItemPrefix="dataModels.PersonalStatistics.java" Implct="false" Intrnl_Id="2064">
<Cond/>
<LocList>
<Loc EndOffset="5617" SrcFileId="33" StartOffset="5445"/>
</LocList>
<StmntSeq Intrnl_Id="2065">
<LocList>
<Loc EndOffset="5485" SrcFileId="33" StartOffset="5451"/>
<Loc EndOffset="5532" SrcFileId="33" StartOffset="5490"/>
<Loc EndOffset="5612" SrcFileId="33" StartOffset="5537"/>
</LocList>
<BasicStmnt CovItemId="S42" CovItemPrefix="dataModels.PersonalStatistics.java" Intrnl_Id="2066">
<LocList>
<Loc EndOffset="5485" SrcFileId="33" StartOffset="5451"/>
</LocList>
</BasicStmnt>
<BasicStmnt CovItemId="S43" CovItemPrefix="dataModels.PersonalStatistics.java" Intrnl_Id="2067">
<LocList>
<Loc EndOffset="5532" SrcFileId="33" StartOffset="5490"/>
</LocList>
</BasicStmnt>
<BasicStmnt CovItemId="S44" CovItemPrefix="dataModels.PersonalStatistics.java" Intrnl_Id="2068">
<LocList>
<Loc EndOffset="5612" SrcFileId="33" StartOffset="5537"/>
</LocList>
</BasicStmnt>
</StmntSeq>
</Branch>
<Branch CovItemId="B2" CovItemPrefix="dataModels.PersonalStatistics.java" Implct="false" Intrnl_Id="2069">
<Cond>
<Loc EndOffset="5625" SrcFileId="33" StartOffset="5621"/>
</Cond>
<LocList>
<Loc EndOffset="5823" SrcFileId="33" StartOffset="5629"/>
</LocList>
<StmntSeq Intrnl_Id="2070">
<LocList>
<Loc EndOffset="5676" SrcFileId="33" StartOffset="5635"/>
<Loc EndOffset="5732" SrcFileId="33" StartOffset="5681"/>
<Loc EndOffset="5818" SrcFileId="33" StartOffset="5737"/>
</LocList>
<BasicStmnt CovItemId="S45" CovItemPrefix="dataModels.PersonalStatistics.java" Intrnl_Id="2071">
<LocList>
<Loc EndOffset="5676" SrcFileId="33" StartOffset="5635"/>
</LocList>
</BasicStmnt>
<BasicStmnt CovItemId="S46" CovItemPrefix="dataModels.PersonalStatistics.java" Intrnl_Id="2072">
<LocList>
<Loc EndOffset="5732" SrcFileId="33" StartOffset="5681"/>
</LocList>
</BasicStmnt>
<BasicStmnt CovItemId="S47" CovItemPrefix="dataModels.PersonalStatistics.java" Intrnl_Id="2073">
<LocList>
<Loc EndOffset="5818" SrcFileId="33" StartOffset="5737"/>
</LocList>
</BasicStmnt>
</StmntSeq>
</Branch>
<Keyword EndOffset="5390" SrcFileId="33" StartOffset="5388"/>
<LocList>
<Loc EndOffset="5823" SrcFileId="33" StartOffset="5388"/>
</LocList>
</CondStmnt>
<BasicStmnt CovItemId="S48" CovItemPrefix="dataModels.PersonalStatistics.java" Intrnl_Id="2074">
<LocList>
<Loc EndOffset="5846" SrcFileId="33" StartOffset="5831"/>
</LocList>
</BasicStmnt>
</StmntSeq>
</HierarchyLvl>
<HierarchyLvl HierarchyLvlId="10017" HierarchyLvlTypeId="45" Intrnl_Id="2075" Name="getOptimality">
<Header>
<Loc EndOffset="5920" SrcFileId="33" StartOffset="5857"/>
</Header>
<LocList>
<Loc EndOffset="5986" SrcFileId="33" StartOffset="5857"/>
</LocList>
<StmntSeq Intrnl_Id="2076">
<LocList>
<Loc EndOffset="5982" SrcFileId="33" StartOffset="5928"/>
</LocList>
<BasicStmnt CovItemId="S49" CovItemPrefix="dataModels.PersonalStatistics.java" Intrnl_Id="2077">
<LocList>
<Loc EndOffset="5982" SrcFileId="33" StartOffset="5928"/>
</LocList>
</BasicStmnt>
</StmntSeq>
</HierarchyLvl>
<HierarchyLvl HierarchyLvlId="10018" HierarchyLvlTypeId="45" Intrnl_Id="2078" Name="getOptimalityRanking">
<Header>
<Loc EndOffset="6059" SrcFileId="33" StartOffset="5992"/>
</Header>
<LocList>
<Loc EndOffset="6132" SrcFileId="33" StartOffset="5992"/>
</LocList>
<StmntSeq Intrnl_Id="2079">
<LocList>
<Loc EndOffset="6128" SrcFileId="33" StartOffset="6067"/>
</LocList>
<BasicStmnt CovItemId="S50" CovItemPrefix="dataModels.PersonalStatistics.java" Intrnl_Id="2080">
<LocList>
<Loc EndOffset="6128" SrcFileId="33" StartOffset="6067"/>
</LocList>
</BasicStmnt>
</StmntSeq>
</HierarchyLvl>
<HierarchyLvl HierarchyLvlId="10019" HierarchyLvlTypeId="45" Intrnl_Id="2081" Name="getNetMoneyRank">
<Header>
<Loc EndOffset="6335" SrcFileId="33" StartOffset="6273"/>
</Header>
<LocList>
<Loc EndOffset="6406" SrcFileId="33" StartOffset="6273"/>
</LocList>
<StmntSeq Intrnl_Id="2082">
<LocList>
<Loc EndOffset="6402" SrcFileId="33" StartOffset="6343"/>
</LocList>
<BasicStmnt CovItemId="S51" CovItemPrefix="dataModels.PersonalStatistics.java" Intrnl_Id="2083">
<LocList>
<Loc EndOffset="6402" SrcFileId="33" StartOffset="6343"/>
</LocList>
</BasicStmnt>
</StmntSeq>
</HierarchyLvl>
<HierarchyLvl HierarchyLvlId="10020" HierarchyLvlTypeId="45" Intrnl_Id="2084" Name="getTotalDollarsBetOnCalls">
<Header>
<Loc EndOffset="6608" SrcFileId="33" StartOffset="6536"/>
</Header>
<LocList>
<Loc EndOffset="6806" SrcFileId="33" StartOffset="6536"/>
</LocList>
<StmntSeq Intrnl_Id="2085">
<LocList>
<Loc EndOffset="6802" SrcFileId="33" StartOffset="6616"/>
</LocList>
<BasicStmnt CovItemId="S52" CovItemPrefix="dataModels.PersonalStatistics.java" Intrnl_Id="2086">
<LocList>
<Loc EndOffset="6802" SrcFileId="33" StartOffset="6616"/>
</LocList>
</BasicStmnt>
</StmntSeq>
</HierarchyLvl>
<HierarchyLvl HierarchyLvlId="10021" HierarchyLvlTypeId="45" Intrnl_Id="2087" Name="getTotalDollarsBetOnBets">
<Header>
<Loc EndOffset="7013" SrcFileId="33" StartOffset="6942"/>
</Header>
<LocList>
<Loc EndOffset="7210" SrcFileId="33" StartOffset="6942"/>
</LocList>
<StmntSeq Intrnl_Id="2088">
<LocList>
<Loc EndOffset="7206" SrcFileId="33" StartOffset="7021"/>
</LocList>
<BasicStmnt CovItemId="S53" CovItemPrefix="dataModels.PersonalStatistics.java" Intrnl_Id="2089">
<LocList>
<Loc EndOffset="7206" SrcFileId="33" StartOffset="7021"/>
</LocList>
</BasicStmnt>
</StmntSeq>
</HierarchyLvl>
<HierarchyLvl HierarchyLvlId="10022" HierarchyLvlTypeId="45" Intrnl_Id="2090" Name="getTotalDollarsBetOnRaises">
<Header>
<Loc EndOffset="7414" SrcFileId="33" StartOffset="7341"/>
</Header>
<LocList>
<Loc EndOffset="7613" SrcFileId="33" StartOffset="7341"/>
</LocList>
<StmntSeq Intrnl_Id="2091">
<LocList>
<Loc EndOffset="7609" SrcFileId="33" StartOffset="7422"/>
</LocList>
<BasicStmnt CovItemId="S54" CovItemPrefix="dataModels.PersonalStatistics.java" Intrnl_Id="2092">
<LocList>
<Loc EndOffset="7609" SrcFileId="33" StartOffset="7422"/>
</LocList>
</BasicStmnt>
</StmntSeq>
</HierarchyLvl>
<HierarchyLvl HierarchyLvlId="10023" HierarchyLvlTypeId="45" Intrnl_Id="2093" Name="getTotalDollarsBetOnReRaises">
<Header>
<Loc EndOffset="7822" SrcFileId="33" StartOffset="7747"/>
</Header>
<LocList>
<Loc EndOffset="8023" SrcFileId="33" StartOffset="7747"/>
</LocList>
<StmntSeq Intrnl_Id="2094">
<LocList>
<Loc EndOffset="8019" SrcFileId="33" StartOffset="7830"/>
</LocList>
<BasicStmnt CovItemId="S55" CovItemPrefix="dataModels.PersonalStatistics.java" Intrnl_Id="2095">
<LocList>
<Loc EndOffset="8019" SrcFileId="33" StartOffset="7830"/>
</LocList>
</BasicStmnt>
</StmntSeq>
</HierarchyLvl>
<HierarchyLvl HierarchyLvlId="10024" HierarchyLvlTypeId="45" Intrnl_Id="2096" Name="getTotalDollarsBet">
<Header>
<Loc EndOffset="8205" SrcFileId="33" StartOffset="8140"/>
</Header>
<LocList>
<Loc EndOffset="8364" SrcFileId="33" StartOffset="8140"/>
</LocList>
<StmntSeq Intrnl_Id="2097">
<LocList>
<Loc EndOffset="8360" SrcFileId="33" StartOffset="8213"/>
</LocList>
<BasicStmnt CovItemId="S56" CovItemPrefix="dataModels.PersonalStatistics.java" Intrnl_Id="2098">
<LocList>
<Loc EndOffset="8360" SrcFileId="33" StartOffset="8213"/>
</LocList>
</BasicStmnt>
</StmntSeq>
</HierarchyLvl>
<HierarchyLvl HierarchyLvlId="10025" HierarchyLvlTypeId="45" Intrnl_Id="2099" Name="getAvgDollarsBetOnCalls">
<Header>
<Loc EndOffset="8565" SrcFileId="33" StartOffset="8495"/>
</Header>
<LocList>
<Loc EndOffset="8762" SrcFileId="33" StartOffset="8495"/>
</LocList>
<StmntSeq Intrnl_Id="2100">
<LocList>
<Loc EndOffset="8758" SrcFileId="33" StartOffset="8573"/>
</LocList>
<BasicStmnt CovItemId="S57" CovItemPrefix="dataModels.PersonalStatistics.java" Intrnl_Id="2101">
<LocList>
<Loc EndOffset="8758" SrcFileId="33" StartOffset="8573"/>
</LocList>
</BasicStmnt>
</StmntSeq>
</HierarchyLvl>
<HierarchyLvl HierarchyLvlId="10026" HierarchyLvlTypeId="45" Intrnl_Id="2102" Name="getAvgDollarsBetOnBets">
<Header>
<Loc EndOffset="8958" SrcFileId="33" StartOffset="8889"/>
</Header>
<LocList>
<Loc EndOffset="9154" SrcFileId="33" StartOffset="8889"/>
</LocList>
<StmntSeq Intrnl_Id="2103">
<LocList>
<Loc EndOffset="9150" SrcFileId="33" StartOffset="8966"/>
</LocList>
<BasicStmnt CovItemId="S58" CovItemPrefix="dataModels.PersonalStatistics.java" Intrnl_Id="2104">
<LocList>
<Loc EndOffset="9150" SrcFileId="33" StartOffset="8966"/>
</LocList>
</BasicStmnt>
</StmntSeq>
</HierarchyLvl>
<HierarchyLvl HierarchyLvlId="10027" HierarchyLvlTypeId="45" Intrnl_Id="2105" Name="getAvgDollarsBetOnRaises">
<Header>
<Loc EndOffset="9354" SrcFileId="33" StartOffset="9283"/>
</Header>
<LocList>
<Loc EndOffset="9552" SrcFileId="33" StartOffset="9283"/>
</LocList>
<StmntSeq Intrnl_Id="2106">
<LocList>
<Loc EndOffset="9548" SrcFileId="33" StartOffset="9362"/>
</LocList>
<BasicStmnt CovItemId="S59" CovItemPrefix="dataModels.PersonalStatistics.java" Intrnl_Id="2107">
<LocList>
<Loc EndOffset="9548" SrcFileId="33" StartOffset="9362"/>
</LocList>
</BasicStmnt>
</StmntSeq>
</HierarchyLvl>
<HierarchyLvl HierarchyLvlId="10028" HierarchyLvlTypeId="45" Intrnl_Id="2108" Name="getAvgDollarsBetOnReRaises">
<Header>
<Loc EndOffset="9756" SrcFileId="33" StartOffset="9683"/>
</Header>
<LocList>
<Loc EndOffset="9956" SrcFileId="33" StartOffset="9683"/>
</LocList>
<StmntSeq Intrnl_Id="2109">
<LocList>
<Loc EndOffset="9952" SrcFileId="33" StartOffset="9764"/>
</LocList>
<BasicStmnt CovItemId="S60" CovItemPrefix="dataModels.PersonalStatistics.java" Intrnl_Id="2110">
<LocList>
<Loc EndOffset="9952" SrcFileId="33" StartOffset="9764"/>
</LocList>
</BasicStmnt>
</StmntSeq>
</HierarchyLvl>
<HierarchyLvl HierarchyLvlId="10029" HierarchyLvlTypeId="45" Intrnl_Id="2111" Name="getAvgBet">
<Header>
<Loc EndOffset="10131" SrcFileId="33" StartOffset="10075"/>
</Header>
<LocList>
<Loc EndOffset="10316" SrcFileId="33" StartOffset="10075"/>
</LocList>
<StmntSeq Intrnl_Id="2112">
<LocList>
<Loc EndOffset="10312" SrcFileId="33" StartOffset="10139"/>
</LocList>
<BasicStmnt CovItemId="S61" CovItemPrefix="dataModels.PersonalStatistics.java" Intrnl_Id="2113">
<LocList>
<Loc EndOffset="10312" SrcFileId="33" StartOffset="10139"/>
</LocList>
</BasicStmnt>
</StmntSeq>
</HierarchyLvl>
<HierarchyLvl HierarchyLvlId="10030" HierarchyLvlTypeId="45" Intrnl_Id="2114" Name="getTotalNumberOfBets">
<Header>
<Loc EndOffset="10494" SrcFileId="33" StartOffset="10427"/>
</Header>
<LocList>
<Loc EndOffset="10579" SrcFileId="33" StartOffset="10427"/>
</LocList>
<StmntSeq Intrnl_Id="2115">
<LocList>
<Loc EndOffset="10575" SrcFileId="33" StartOffset="10502"/>
</LocList>
<BasicStmnt CovItemId="S62" CovItemPrefix="dataModels.PersonalStatistics.java" Intrnl_Id="2116">
<LocList>
<Loc EndOffset="10575" SrcFileId="33" StartOffset="10502"/>
</LocList>
</BasicStmnt>
</StmntSeq>
</HierarchyLvl>
<HierarchyLvl HierarchyLvlId="10031" HierarchyLvlTypeId="45" Intrnl_Id="2117" Name="getTotalNumberOfChecks">
<Header>
<Loc EndOffset="10761" SrcFileId="33" StartOffset="10692"/>
</Header>
<LocList>
<Loc EndOffset="10848" SrcFileId="33" StartOffset="10692"/>
</LocList>
<StmntSeq Intrnl_Id="2118">
<LocList>
<Loc EndOffset="10844" SrcFileId="33" StartOffset="10769"/>
</LocList>
<BasicStmnt CovItemId="S63" CovItemPrefix="dataModels.PersonalStatistics.java" Intrnl_Id="2119">
<LocList>
<Loc EndOffset="10844" SrcFileId="33" StartOffset="10769"/>
</LocList>
</BasicStmnt>
</StmntSeq>
</HierarchyLvl>
<HierarchyLvl HierarchyLvlId="10032" HierarchyLvlTypeId="45" Intrnl_Id="2120" Name="getTotalNumberOfCalls">
<Header>
<Loc EndOffset="11028" SrcFileId="33" StartOffset="10960"/>
</Header>
<LocList>
<Loc EndOffset="11114" SrcFileId="33" StartOffset="10960"/>
</LocList>
<StmntSeq Intrnl_Id="2121">
<LocList>
<Loc EndOffset="11110" SrcFileId="33" StartOffset="11036"/>
</LocList>
<BasicStmnt CovItemId="S64" CovItemPrefix="dataModels.PersonalStatistics.java" Intrnl_Id="2122">
<LocList>
<Loc EndOffset="11110" SrcFileId="33" StartOffset="11036"/>
</LocList>
</BasicStmnt>
</StmntSeq>
</HierarchyLvl>
<HierarchyLvl HierarchyLvlId="10033" HierarchyLvlTypeId="45" Intrnl_Id="2123" Name="getTotalNumberOfFolds">
<Header>
<Loc EndOffset="11294" SrcFileId="33" StartOffset="11226"/>
</Header>
<LocList>
<Loc EndOffset="11380" SrcFileId="33" StartOffset="11226"/>
</LocList>
<StmntSeq Intrnl_Id="2124">
<LocList>
<Loc EndOffset="11376" SrcFileId="33" StartOffset="11302"/>
</LocList>
<BasicStmnt CovItemId="S65" CovItemPrefix="dataModels.PersonalStatistics.java" Intrnl_Id="2125">
<LocList>
<Loc EndOffset="11376" SrcFileId="33" StartOffset="11302"/>
</LocList>
</BasicStmnt>
</StmntSeq>
</HierarchyLvl>
<HierarchyLvl HierarchyLvlId="10034" HierarchyLvlTypeId="45" Intrnl_Id="2126" Name="getTotalNumberOfRaise">
<Header>
<Loc EndOffset="11561" SrcFileId="33" StartOffset="11493"/>
</Header>
<LocList>
<Loc EndOffset="11648" SrcFileId="33" StartOffset="11493"/>
</LocList>
<StmntSeq Intrnl_Id="2127">
<LocList>
<Loc EndOffset="11644" SrcFileId="33" StartOffset="11569"/>
</LocList>
<BasicStmnt CovItemId="S66" CovItemPrefix="dataModels.PersonalStatistics.java" Intrnl_Id="2128">
<LocList>
<Loc EndOffset="11644" SrcFileId="33" StartOffset="11569"/>
</LocList>
</BasicStmnt>
</StmntSeq>
</HierarchyLvl>
<HierarchyLvl HierarchyLvlId="10035" HierarchyLvlTypeId="45" Intrnl_Id="2129" Name="getTotalNumberOfReRaise">
<Header>
<Loc EndOffset="11833" SrcFileId="33" StartOffset="11763"/>
</Header>
<LocList>
<Loc EndOffset="11922" SrcFileId="33" StartOffset="11763"/>
</LocList>
<StmntSeq Intrnl_Id="2130">
<LocList>
<Loc EndOffset="11918" SrcFileId="33" StartOffset="11841"/>
</LocList>
<BasicStmnt CovItemId="S67" CovItemPrefix="dataModels.PersonalStatistics.java" Intrnl_Id="2131">
<LocList>
<Loc EndOffset="11918" SrcFileId="33" StartOffset="11841"/>
</LocList>
</BasicStmnt>
</StmntSeq>
</HierarchyLvl>
<HierarchyLvl HierarchyLvlId="10036" HierarchyLvlTypeId="45" Intrnl_Id="2132" Name="getTotalNumberOfPotsWon">
<Header>
<Loc EndOffset="12102" SrcFileId="33" StartOffset="12032"/>
</Header>
<LocList>
<Loc EndOffset="12187" SrcFileId="33" StartOffset="12032"/>
</LocList>
<StmntSeq Intrnl_Id="2133">
<LocList>
<Loc EndOffset="12183" SrcFileId="33" StartOffset="12110"/>
</LocList>
<BasicStmnt CovItemId="S68" CovItemPrefix="dataModels.PersonalStatistics.java" Intrnl_Id="2134">
<LocList>
<Loc EndOffset="12183" SrcFileId="33" StartOffset="12110"/>
</LocList>
</BasicStmnt>
</StmntSeq>
</HierarchyLvl>
<HierarchyLvl HierarchyLvlId="10037" HierarchyLvlTypeId="45" Intrnl_Id="2135" Name="getTotalNumberOfPotsLoss">
<Header>
<Loc EndOffset="12369" SrcFileId="33" StartOffset="12298"/>
</Header>
<LocList>
<Loc EndOffset="12455" SrcFileId="33" StartOffset="12298"/>
</LocList>
<StmntSeq Intrnl_Id="2136">
<LocList>
<Loc EndOffset="12451" SrcFileId="33" StartOffset="12377"/>
</LocList>
<BasicStmnt CovItemId="S69" CovItemPrefix="dataModels.PersonalStatistics.java" Intrnl_Id="2137">
<LocList>
<Loc EndOffset="12451" SrcFileId="33" StartOffset="12377"/>
</LocList>
</BasicStmnt>
</StmntSeq>
</HierarchyLvl>
<HierarchyLvl HierarchyLvlId="10038" HierarchyLvlTypeId="45" Intrnl_Id="2138" Name="getAvgDollarsPotOnChecks">
<Header>
<Loc EndOffset="12639" SrcFileId="33" StartOffset="12568"/>
</Header>
<LocList>
<Loc EndOffset="12837" SrcFileId="33" StartOffset="12568"/>
</LocList>
<StmntSeq Intrnl_Id="2139">
<LocList>
<Loc EndOffset="12833" SrcFileId="33" StartOffset="12647"/>
</LocList>
<BasicStmnt CovItemId="S70" CovItemPrefix="dataModels.PersonalStatistics.java" Intrnl_Id="2140">
<LocList>
<Loc EndOffset="12833" SrcFileId="33" StartOffset="12647"/>
</LocList>
</BasicStmnt>
</StmntSeq>
</HierarchyLvl>
<HierarchyLvl HierarchyLvlId="10039" HierarchyLvlTypeId="45" Intrnl_Id="2141" Name="getAvgDollarsPotOnCalls">
<Header>
<Loc EndOffset="13020" SrcFileId="33" StartOffset="12950"/>
</Header>
<LocList>
<Loc EndOffset="13217" SrcFileId="33" StartOffset="12950"/>
</LocList>
<StmntSeq Intrnl_Id="2142">
<LocList>
<Loc EndOffset="13213" SrcFileId="33" StartOffset="13028"/>
</LocList>
<BasicStmnt CovItemId="S71" CovItemPrefix="dataModels.PersonalStatistics.java" Intrnl_Id="2143">
<LocList>
<Loc EndOffset="13213" SrcFileId="33" StartOffset="13028"/>
</LocList>
</BasicStmnt>
</StmntSeq>
</HierarchyLvl>
<HierarchyLvl HierarchyLvlId="10040" HierarchyLvlTypeId="45" Intrnl_Id="2144" Name="getAvgDollarsPotOnBets">
<Header>
<Loc EndOffset="13398" SrcFileId="33" StartOffset="13329"/>
</Header>
<LocList>
<Loc EndOffset="13594" SrcFileId="33" StartOffset="13329"/>
</LocList>
<StmntSeq Intrnl_Id="2145">
<LocList>
<Loc EndOffset="13590" SrcFileId="33" StartOffset="13406"/>
</LocList>
<BasicStmnt CovItemId="S72" CovItemPrefix="dataModels.PersonalStatistics.java" Intrnl_Id="2146">
<LocList>
<Loc EndOffset="13590" SrcFileId="33" StartOffset="13406"/>
</LocList>
</BasicStmnt>
</StmntSeq>
</HierarchyLvl>
<HierarchyLvl HierarchyLvlId="10041" HierarchyLvlTypeId="45" Intrnl_Id="2147" Name="getAvgDollarsPotOnRaises">
<Header>
<Loc EndOffset="13779" SrcFileId="33" StartOffset="13708"/>
</Header>
<LocList>
<Loc EndOffset="13977" SrcFileId="33" StartOffset="13708"/>
</LocList>
<StmntSeq Intrnl_Id="2148">
<LocList>
<Loc EndOffset="13973" SrcFileId="33" StartOffset="13787"/>
</LocList>
<BasicStmnt CovItemId="S73" CovItemPrefix="dataModels.PersonalStatistics.java" Intrnl_Id="2149">
<LocList>
<Loc EndOffset="13973" SrcFileId="33" StartOffset="13787"/>
</LocList>
</BasicStmnt>
</StmntSeq>
</HierarchyLvl>
<HierarchyLvl HierarchyLvlId="10042" HierarchyLvlTypeId="45" Intrnl_Id="2150" Name="getAvgDollarsPotOnReRaises">
<Header>
<Loc EndOffset="14166" SrcFileId="33" StartOffset="14093"/>
</Header>
<LocList>
<Loc EndOffset="14366" SrcFileId="33" StartOffset="14093"/>
</LocList>
<StmntSeq Intrnl_Id="2151">
<LocList>
<Loc EndOffset="14362" SrcFileId="33" StartOffset="14174"/>
</LocList>
<BasicStmnt CovItemId="S74" CovItemPrefix="dataModels.PersonalStatistics.java" Intrnl_Id="2152">
<LocList>
<Loc EndOffset="14362" SrcFileId="33" StartOffset="14174"/>
</LocList>
</BasicStmnt>
</StmntSeq>
</HierarchyLvl>
<HierarchyLvl HierarchyLvlId="10043" HierarchyLvlTypeId="45" Intrnl_Id="2153" Name="getAvgDollarsPotOnFolds">
<Header>
<Loc EndOffset="14549" SrcFileId="33" StartOffset="14479"/>
</Header>
<LocList>
<Loc EndOffset="14746" SrcFileId="33" StartOffset="14479"/>
</LocList>
<StmntSeq Intrnl_Id="2154">
<LocList>
<Loc EndOffset="14742" SrcFileId="33" StartOffset="14557"/>
</LocList>
<BasicStmnt CovItemId="S75" CovItemPrefix="dataModels.PersonalStatistics.java" Intrnl_Id="2155">
<LocList>
<Loc EndOffset="14742" SrcFileId="33" StartOffset="14557"/>
</LocList>
</BasicStmnt>
</StmntSeq>
</HierarchyLvl>
<HierarchyLvl HierarchyLvlId="10044" HierarchyLvlTypeId="45" Intrnl_Id="2156" Name="getAvgDollarsPotOnWins">
<Header>
<Loc EndOffset="14927" SrcFileId="33" StartOffset="14858"/>
</Header>
<LocList>
<Loc EndOffset="15123" SrcFileId="33" StartOffset="14858"/>
</LocList>
<StmntSeq Intrnl_Id="2157">
<LocList>
<Loc EndOffset="15119" SrcFileId="33" StartOffset="14935"/>
</LocList>
<BasicStmnt CovItemId="S76" CovItemPrefix="dataModels.PersonalStatistics.java" Intrnl_Id="2158">
<LocList>
<Loc EndOffset="15119" SrcFileId="33" StartOffset="14935"/>
</LocList>
</BasicStmnt>
</StmntSeq>
</HierarchyLvl>
<HierarchyLvl HierarchyLvlId="10045" HierarchyLvlTypeId="45" Intrnl_Id="2159" Name="getAvgDollarsPotOnLoses">
<Header>
<Loc EndOffset="15306" SrcFileId="33" StartOffset="15236"/>
</Header>
<LocList>
<Loc EndOffset="15503" SrcFileId="33" StartOffset="15236"/>
</LocList>
<StmntSeq Intrnl_Id="2160">
<LocList>
<Loc EndOffset="15499" SrcFileId="33" StartOffset="15314"/>
</LocList>
<BasicStmnt CovItemId="S77" CovItemPrefix="dataModels.PersonalStatistics.java" Intrnl_Id="2161">
<LocList>
<Loc EndOffset="15499" SrcFileId="33" StartOffset="15314"/>
</LocList>
</BasicStmnt>
</StmntSeq>
</HierarchyLvl>
<HierarchyLvl HierarchyLvlId="10046" HierarchyLvlTypeId="45" Intrnl_Id="2162" Name="getTotalDollarsWon">
<Header>
<Loc EndOffset="15685" SrcFileId="33" StartOffset="15620"/>
</Header>
<LocList>
<Loc EndOffset="15881" SrcFileId="33" StartOffset="15620"/>
</LocList>
<StmntSeq Intrnl_Id="2163">
<LocList>
<Loc EndOffset="15877" SrcFileId="33" StartOffset="15693"/>
</LocList>
<BasicStmnt CovItemId="S78" CovItemPrefix="dataModels.PersonalStatistics.java" Intrnl_Id="2164">
<LocList>
<Loc EndOffset="15877" SrcFileId="33" StartOffset="15693"/>
</LocList>
</BasicStmnt>
</StmntSeq>
</HierarchyLvl>
<HierarchyLvl HierarchyLvlId="10047" HierarchyLvlTypeId="45" Intrnl_Id="2165" Name="getTotalDollarsLoss">
<Header>
<Loc EndOffset="16067" SrcFileId="33" StartOffset="16001"/>
</Header>
<LocList>
<Loc EndOffset="16264" SrcFileId="33" StartOffset="16001"/>
</LocList>
<StmntSeq Intrnl_Id="2166">
<LocList>
<Loc EndOffset="16260" SrcFileId="33" StartOffset="16075"/>
</LocList>
<BasicStmnt CovItemId="S79" CovItemPrefix="dataModels.PersonalStatistics.java" Intrnl_Id="2167">
<LocList>
<Loc EndOffset="16260" SrcFileId="33" StartOffset="16075"/>
</LocList>
</BasicStmnt>
</StmntSeq>
</HierarchyLvl>
<HierarchyLvl HierarchyLvlId="10048" HierarchyLvlTypeId="45" Intrnl_Id="2168" Name="getTotalDollarsFolded">
<Header>
<Loc EndOffset="16454" SrcFileId="33" StartOffset="16386"/>
</Header>
<LocList>
<Loc EndOffset="16651" SrcFileId="33" StartOffset="16386"/>
</LocList>
<StmntSeq Intrnl_Id="2169">
<LocList>
<Loc EndOffset="16647" SrcFileId="33" StartOffset="16462"/>
</LocList>
<BasicStmnt CovItemId="S80" CovItemPrefix="dataModels.PersonalStatistics.java" Intrnl_Id="2170">
<LocList>
<Loc EndOffset="16647" SrcFileId="33" StartOffset="16462"/>
</LocList>
</BasicStmnt>
</StmntSeq>
</HierarchyLvl>
<HierarchyLvl HierarchyLvlId="10049" HierarchyLvlTypeId="45" Intrnl_Id="2171" Name="getWinPercentage">
<Header>
<Loc EndOffset="16831" SrcFileId="33" StartOffset="16765"/>
</Header>
<LocList>
<Loc EndOffset="17077" SrcFileId="33" StartOffset="16765"/>
</LocList>
<StmntSeq Intrnl_Id="2172">
<LocList>
<Loc EndOffset="16886" SrcFileId="33" StartOffset="16839"/>
<Loc EndOffset="16943" SrcFileId="33" StartOffset="16890"/>
<Loc EndOffset="17067" SrcFileId="33" StartOffset="16951"/>
</LocList>
<BasicStmnt CovItemId="S81" CovItemPrefix="dataModels.PersonalStatistics.java" Intrnl_Id="2173">
<LocList>
<Loc EndOffset="16886" SrcFileId="33" StartOffset="16839"/>
</LocList>
</BasicStmnt>
<BasicStmnt CovItemId="S82" CovItemPrefix="dataModels.PersonalStatistics.java" Intrnl_Id="2174">
<LocList>
<Loc EndOffset="16943" SrcFileId="33" StartOffset="16890"/>
</LocList>
</BasicStmnt>
<CondStmnt CovItemId="S83" CovItemPrefix="dataModels.PersonalStatistics.java" Intrnl_Id="2175">
<Branch CovItemId="B3" CovItemPrefix="dataModels.PersonalStatistics.java" Implct="false" Intrnl_Id="2176">
<Cond/>
<LocList>
<Loc EndOffset="16992" SrcFileId="33" StartOffset="16981"/>
</LocList>
<StmntSeq Intrnl_Id="2177">
<LocList>
<Loc EndOffset="16992" SrcFileId="33" StartOffset="16981"/>
</LocList>
<BasicStmnt CovItemId="S84" CovItemPrefix="dataModels.PersonalStatistics.java" Intrnl_Id="2178">
<LocList>
<Loc EndOffset="16992" SrcFileId="33" StartOffset="16981"/>
</LocList>
</BasicStmnt>
</StmntSeq>
</Branch>
<Branch CovItemId="B4" CovItemPrefix="dataModels.PersonalStatistics.java" Implct="false" Intrnl_Id="2179">
<Cond>
<Loc EndOffset="17000" SrcFileId="33" StartOffset="16996"/>
</Cond>
<LocList>
<Loc EndOffset="17067" SrcFileId="33" StartOffset="17001"/>
</LocList>
<StmntSeq Intrnl_Id="2180">
<LocList>
<Loc EndOffset="17067" SrcFileId="33" StartOffset="17001"/>
</LocList>
<CondStmnt CovItemId="S85" CovItemPrefix="dataModels.PersonalStatistics.java" Intrnl_Id="2181">
<Branch CovItemId="B5" CovItemPrefix="dataModels.PersonalStatistics.java" Implct="false" Intrnl_Id="2182">
<Cond/>
<LocList>
<Loc EndOffset="17029" SrcFileId="33" StartOffset="17020"/>
</LocList>
<StmntSeq Intrnl_Id="2183">
<LocList>
<Loc EndOffset="17029" SrcFileId="33" StartOffset="17020"/>
</LocList>
<BasicStmnt CovItemId="S86" CovItemPrefix="dataModels.PersonalStatistics.java" Intrnl_Id="2184">
<LocList>
<Loc EndOffset="17029" SrcFileId="33" StartOffset="17020"/>
</LocList>
</BasicStmnt>
</StmntSeq>
</Branch>
<Branch CovItemId="B6" CovItemPrefix="dataModels.PersonalStatistics.java" Implct="false" Intrnl_Id="2185">
<Cond>
<Loc EndOffset="17037" SrcFileId="33" StartOffset="17033"/>
</Cond>
<LocList>
<Loc EndOffset="17067" SrcFileId="33" StartOffset="17042"/>
</LocList>
<StmntSeq Intrnl_Id="2186">
<LocList>
<Loc EndOffset="17067" SrcFileId="33" StartOffset="17042"/>
</LocList>
<BasicStmnt CovItemId="S87" CovItemPrefix="dataModels.PersonalStatistics.java" Intrnl_Id="2187">
<LocList>
<Loc EndOffset="17067" SrcFileId="33" StartOffset="17042"/>
</LocList>
</BasicStmnt>
</StmntSeq>
</Branch>
<Keyword EndOffset="17003" SrcFileId="33" StartOffset="17001"/>
<LocList>
<Loc EndOffset="17067" SrcFileId="33" StartOffset="17001"/>
</LocList>
</CondStmnt>
</StmntSeq>
</Branch>
<Keyword EndOffset="16953" SrcFileId="33" StartOffset="16951"/>
<LocList>
<Loc EndOffset="17067" SrcFileId="33" StartOffset="16951"/>
</LocList>
</CondStmnt>
</StmntSeq>
</HierarchyLvl>
<HierarchyLvl HierarchyLvlId="10050" HierarchyLvlTypeId="45" Intrnl_Id="2188" Name="getMoneyGenerate">
<Header>
<Loc EndOffset="17263" SrcFileId="33" StartOffset="17200"/>
</Header>
<LocList>
<Loc EndOffset="17329" SrcFileId="33" StartOffset="17200"/>
</LocList>
<StmntSeq Intrnl_Id="2189">
<LocList>
<Loc EndOffset="17325" SrcFileId="33" StartOffset="17271"/>
</LocList>
<BasicStmnt CovItemId="S88" CovItemPrefix="dataModels.PersonalStatistics.java" Intrnl_Id="2190">
<LocList>
<Loc EndOffset="17325" SrcFileId="33" StartOffset="17271"/>
</LocList>
</BasicStmnt>
</StmntSeq>
</HierarchyLvl>
<HierarchyLvl HierarchyLvlId="10051" HierarchyLvlTypeId="45" Intrnl_Id="2191" Name="getTotalNumberOfPots">
<Header>
<Loc EndOffset="17402" SrcFileId="33" StartOffset="17335"/>
</Header>
<LocList>
<Loc EndOffset="17517" SrcFileId="33" StartOffset="17335"/>
</LocList>
<StmntSeq Intrnl_Id="2192">
<LocList>
<Loc EndOffset="17513" SrcFileId="33" StartOffset="17410"/>
</LocList>
<BasicStmnt CovItemId="S89" CovItemPrefix="dataModels.PersonalStatistics.java" Intrnl_Id="2193">
<LocList>
<Loc EndOffset="17513" SrcFileId="33" StartOffset="17410"/>
</LocList>
</BasicStmnt>
</StmntSeq>
</HierarchyLvl>
<HierarchyLvl HierarchyLvlId="10052" HierarchyLvlTypeId="45" Intrnl_Id="2194" Name="getGamesPlayed">
<Header>
<Loc EndOffset="17698" SrcFileId="33" StartOffset="17637"/>
</Header>
<LocList>
<Loc EndOffset="17761" SrcFileId="33" StartOffset="17637"/>
</LocList>
<StmntSeq Intrnl_Id="2195">
<LocList>
<Loc EndOffset="17757" SrcFileId="33" StartOffset="17706"/>
</LocList>
<BasicStmnt CovItemId="S90" CovItemPrefix="dataModels.PersonalStatistics.java" Intrnl_Id="2196">
<LocList>
<Loc EndOffset="17757" SrcFileId="33" StartOffset="17706"/>
</LocList>
</BasicStmnt>
</StmntSeq>
</HierarchyLvl>
<HierarchyLvl HierarchyLvlId="10053" HierarchyLvlTypeId="45" Intrnl_Id="2197" Name="getNetMoney">
<Header>
<Loc EndOffset="17950" SrcFileId="33" StartOffset="17892"/>
</Header>
<LocList>
<Loc EndOffset="18076" SrcFileId="33" StartOffset="17892"/>
</LocList>
<StmntSeq Intrnl_Id="2198">
<LocList>
<Loc EndOffset="18072" SrcFileId="33" StartOffset="17958"/>
</LocList>
<BasicStmnt CovItemId="S91" CovItemPrefix="dataModels.PersonalStatistics.java" Intrnl_Id="2199">
<LocList>
<Loc EndOffset="18072" SrcFileId="33" StartOffset="17958"/>
</LocList>
</BasicStmnt>
</StmntSeq>
</HierarchyLvl>
<HierarchyLvl HierarchyLvlId="10054" HierarchyLvlTypeId="45" Intrnl_Id="2200" Name="updateRankings">
<Header>
<Loc EndOffset="18414" SrcFileId="33" StartOffset="18352"/>
</Header>
<LocList>
<Loc EndOffset="18537" SrcFileId="33" StartOffset="18352"/>
</LocList>
<StmntSeq Intrnl_Id="2201">
<LocList>
<Loc EndOffset="18452" SrcFileId="33" StartOffset="18422"/>
<Loc EndOffset="18488" SrcFileId="33" StartOffset="18456"/>
<Loc EndOffset="18533" SrcFileId="33" StartOffset="18492"/>
</LocList>
<BasicStmnt CovItemId="S92" CovItemPrefix="dataModels.PersonalStatistics.java" Intrnl_Id="2202">
<LocList>
<Loc EndOffset="18452" SrcFileId="33" StartOffset="18422"/>
</LocList>
</BasicStmnt>
<BasicStmnt CovItemId="S93" CovItemPrefix="dataModels.PersonalStatistics.java" Intrnl_Id="2203">
<LocList>
<Loc EndOffset="18488" SrcFileId="33" StartOffset="18456"/>
</LocList>
</BasicStmnt>
<BasicStmnt CovItemId="S94" CovItemPrefix="dataModels.PersonalStatistics.java" Intrnl_Id="2204">
<LocList>
<Loc EndOffset="18533" SrcFileId="33" StartOffset="18492"/>
</LocList>
</BasicStmnt>
</StmntSeq>
</HierarchyLvl>
<HierarchyLvl HierarchyLvlId="10055" HierarchyLvlTypeId="45" Intrnl_Id="2205" Name="updateNetMoneyRankings">
<Header>
<Loc EndOffset="18614" SrcFileId="33" StartOffset="18543"/>
</Header>
<LocList>
<Loc EndOffset="18899" SrcFileId="33" StartOffset="18543"/>
</LocList>
<StmntSeq Intrnl_Id="2206">
<LocList>
<Loc EndOffset="18652" SrcFileId="33" StartOffset="18622"/>
<Loc EndOffset="18864" SrcFileId="33" StartOffset="18656"/>
<Loc EndOffset="18895" SrcFileId="33" StartOffset="18872"/>
</LocList>
<BasicStmnt CovItemId="S95" CovItemPrefix="dataModels.PersonalStatistics.java" Intrnl_Id="2207">
<LocList>
<Loc EndOffset="18652" SrcFileId="33" StartOffset="18622"/>
</LocList>
</BasicStmnt>
<LoopStmnt CovItemId="S96" CovItemPrefix="dataModels.PersonalStatistics.java" Intrnl_Id="2208" MltplExecId="L1-2" MltplExecPrefix="dataModels.PersonalStatistics.java" NvrExecId="L1-0" NvrExecPrefix="dataModels.PersonalStatistics.java" OnceExecutedId="L1-1" OnceExecutedPrefix="dataModels.PersonalStatistics.java" OptBodyExec="true">
<StmntSeq Intrnl_Id="2209">
<LocList>
<Loc EndOffset="18751" SrcFileId="33" StartOffset="18709"/>
<Loc EndOffset="18790" SrcFileId="33" StartOffset="18756"/>
<Loc EndOffset="18859" SrcFileId="33" StartOffset="18800"/>
</LocList>
<BasicStmnt CovItemId="S97" CovItemPrefix="dataModels.PersonalStatistics.java" Intrnl_Id="2210">
<LocList>
<Loc EndOffset="18751" SrcFileId="33" StartOffset="18709"/>
</LocList>
</BasicStmnt>
<BasicStmnt CovItemId="S98" CovItemPrefix="dataModels.PersonalStatistics.java" Intrnl_Id="2211">
<LocList>
<Loc EndOffset="18790" SrcFileId="33" StartOffset="18756"/>
</LocList>
</BasicStmnt>
<BasicStmnt CovItemId="S99" CovItemPrefix="dataModels.PersonalStatistics.java" Intrnl_Id="2212">
<LocList>
<Loc EndOffset="18859" SrcFileId="33" StartOffset="18800"/>
</LocList>
</BasicStmnt>
</StmntSeq>
<Keyword EndOffset="18659" SrcFileId="33" StartOffset="18656"/>
<LocList>
<Loc EndOffset="18864" SrcFileId="33" StartOffset="18656"/>
</LocList>
</LoopStmnt>
<BasicStmnt CovItemId="S100" CovItemPrefix="dataModels.PersonalStatistics.java" Intrnl_Id="2213">
<LocList>
<Loc EndOffset="18895" SrcFileId="33" StartOffset="18872"/>
</LocList>
</BasicStmnt>
</StmntSeq>
</HierarchyLvl>
<HierarchyLvl HierarchyLvlId="10056" HierarchyLvlTypeId="45" Intrnl_Id="2214" Name="updateOptimalityRankings">
<Header>
<Loc EndOffset="18978" SrcFileId="33" StartOffset="18905"/>
</Header>
<LocList>
<Loc EndOffset="19274" SrcFileId="33" StartOffset="18905"/>
</LocList>
<StmntSeq Intrnl_Id="2215">
<LocList>
<Loc EndOffset="19016" SrcFileId="33" StartOffset="18986"/>
<Loc EndOffset="19239" SrcFileId="33" StartOffset="19020"/>
<Loc EndOffset="19270" SrcFileId="33" StartOffset="19247"/>
</LocList>
<BasicStmnt CovItemId="S101" CovItemPrefix="dataModels.PersonalStatistics.java" Intrnl_Id="2216">
<LocList>
<Loc EndOffset="19016" SrcFileId="33" StartOffset="18986"/>
</LocList>
</BasicStmnt>
<LoopStmnt CovItemId="S102" CovItemPrefix="dataModels.PersonalStatistics.java" Intrnl_Id="2217" MltplExecId="L2-2" MltplExecPrefix="dataModels.PersonalStatistics.java" NvrExecId="L2-0" NvrExecPrefix="dataModels.PersonalStatistics.java" OnceExecutedId="L2-1" OnceExecutedPrefix="dataModels.PersonalStatistics.java" OptBodyExec="true">
<StmntSeq Intrnl_Id="2218">
<LocList>
<Loc EndOffset="19115" SrcFileId="33" StartOffset="19073"/>
<Loc EndOffset="19161" SrcFileId="33" StartOffset="19120"/>
<Loc EndOffset="19234" SrcFileId="33" StartOffset="19171"/>
</LocList>
<BasicStmnt CovItemId="S103" CovItemPrefix="dataModels.PersonalStatistics.java" Intrnl_Id="2219">
<LocList>
<Loc EndOffset="19115" SrcFileId="33" StartOffset="19073"/>
</LocList>
</BasicStmnt>
<BasicStmnt CovItemId="S104" CovItemPrefix="dataModels.PersonalStatistics.java" Intrnl_Id="2220">
<LocList>
<Loc EndOffset="19161" SrcFileId="33" StartOffset="19120"/>
</LocList>
</BasicStmnt>
<BasicStmnt CovItemId="S105" CovItemPrefix="dataModels.PersonalStatistics.java" Intrnl_Id="2221">
<LocList>
<Loc EndOffset="19234" SrcFileId="33" StartOffset="19171"/>
</LocList>
</BasicStmnt>
</StmntSeq>
<Keyword EndOffset="19023" SrcFileId="33" StartOffset="19020"/>
<LocList>
<Loc EndOffset="19239" SrcFileId="33" StartOffset="19020"/>
</LocList>
</LoopStmnt>
<BasicStmnt CovItemId="S106" CovItemPrefix="dataModels.PersonalStatistics.java" Intrnl_Id="2222">
<LocList>
<Loc EndOffset="19270" SrcFileId="33" StartOffset="19247"/>
</LocList>
</BasicStmnt>
</StmntSeq>
</HierarchyLvl>
</HierarchyLvl>
<HierarchyLvl HierarchyLvlId="10065" HierarchyLvlTypeId="44" Intrnl_Id="2223" Name="Optimality">
<Header>
<Loc EndOffset="181" SrcFileId="34" StartOffset="158"/>
</Header>
<LocList>
<Loc EndOffset="13751" SrcFileId="34" StartOffset="158"/>
</LocList>
<StmntSeq Intrnl_Id="2224">
<LocList>
<Loc EndOffset="237" SrcFileId="34" StartOffset="191"/>
<Loc EndOffset="287" SrcFileId="34" StartOffset="240"/>
<Loc EndOffset="839" SrcFileId="34" StartOffset="745"/>
<Loc EndOffset="889" SrcFileId="34" StartOffset="859"/>
<Loc EndOffset="926" SrcFileId="34" StartOffset="896"/>
<Loc EndOffset="963" SrcFileId="34" StartOffset="933"/>
<Loc EndOffset="1000" SrcFileId="34" StartOffset="970"/>
<Loc EndOffset="1039" SrcFileId="34" StartOffset="1007"/>
<Loc EndOffset="1078" SrcFileId="34" StartOffset="1046"/>
<Loc EndOffset="1115" SrcFileId="34" StartOffset="1085"/>
<Loc EndOffset="1152" SrcFileId="34" StartOffset="1122"/>
<Loc EndOffset="1191" SrcFileId="34" StartOffset="1159"/>
<Loc EndOffset="1230" SrcFileId="34" StartOffset="1198"/>
<Loc EndOffset="1267" SrcFileId="34" StartOffset="1237"/>
<Loc EndOffset="1306" SrcFileId="34" StartOffset="1274"/>
<Loc EndOffset="1343" SrcFileId="34" StartOffset="1313"/>
<Loc EndOffset="1382" SrcFileId="34" StartOffset="1350"/>
<Loc EndOffset="1419" SrcFileId="34" StartOffset="1389"/>
<Loc EndOffset="1458" SrcFileId="34" StartOffset="1426"/>
<Loc EndOffset="1497" SrcFileId="34" StartOffset="1465"/>
<Loc EndOffset="1536" SrcFileId="34" StartOffset="1504"/>
<Loc EndOffset="1573" SrcFileId="34" StartOffset="1543"/>
<Loc EndOffset="1612" SrcFileId="34" StartOffset="1580"/>
<Loc EndOffset="1649" SrcFileId="34" StartOffset="1619"/>
<Loc EndOffset="1686" SrcFileId="34" StartOffset="1656"/>
<Loc EndOffset="1725" SrcFileId="34" StartOffset="1693"/>
<Loc EndOffset="1764" SrcFileId="34" StartOffset="1732"/>
<Loc EndOffset="1803" SrcFileId="34" StartOffset="1771"/>
<Loc EndOffset="1840" SrcFileId="34" StartOffset="1810"/>
<Loc EndOffset="1879" SrcFileId="34" StartOffset="1847"/>
<Loc EndOffset="1917" SrcFileId="34" StartOffset="1886"/>
<Loc EndOffset="1954" SrcFileId="34" StartOffset="1924"/>
<Loc EndOffset="1991" SrcFileId="34" StartOffset="1961"/>
<Loc EndOffset="2030" SrcFileId="34" StartOffset="1998"/>
<Loc EndOffset="2069" SrcFileId="34" StartOffset="2037"/>
<Loc EndOffset="2108" SrcFileId="34" StartOffset="2076"/>
<Loc EndOffset="2147" SrcFileId="34" StartOffset="2115"/>
<Loc EndOffset="2184" SrcFileId="34" StartOffset="2154"/>
<Loc EndOffset="2223" SrcFileId="34" StartOffset="2191"/>
<Loc EndOffset="2260" SrcFileId="34" StartOffset="2230"/>
<Loc EndOffset="2299" SrcFileId="34" StartOffset="2267"/>
<Loc EndOffset="2338" SrcFileId="34" StartOffset="2306"/>
<Loc EndOffset="2375" SrcFileId="34" StartOffset="2345"/>
<Loc EndOffset="2414" SrcFileId="34" StartOffset="2382"/>
<Loc EndOffset="2454" SrcFileId="34" StartOffset="2421"/>
<Loc EndOffset="2494" SrcFileId="34" StartOffset="2461"/>
<Loc EndOffset="2533" SrcFileId="34" StartOffset="2501"/>
<Loc EndOffset="2573" SrcFileId="34" StartOffset="2540"/>
<Loc EndOffset="2611" SrcFileId="34" StartOffset="2580"/>
<Loc EndOffset="2651" SrcFileId="34" StartOffset="2618"/>
<Loc EndOffset="2689" SrcFileId="34" StartOffset="2658"/>
<Loc EndOffset="2727" SrcFileId="34" StartOffset="2696"/>
<Loc EndOffset="2767" SrcFileId="34" StartOffset="2734"/>
<Loc EndOffset="2807" SrcFileId="34" StartOffset="2774"/>
<Loc EndOffset="2845" SrcFileId="34" StartOffset="2814"/>
<Loc EndOffset="2885" SrcFileId="34" StartOffset="2852"/>
<Loc EndOffset="2925" SrcFileId="34" StartOffset="2892"/>
<Loc EndOffset="2965" SrcFileId="34" StartOffset="2932"/>
<Loc EndOffset="3005" SrcFileId="34" StartOffset="2972"/>
<Loc EndOffset="3045" SrcFileId="34" StartOffset="3012"/>
<Loc EndOffset="3085" SrcFileId="34" StartOffset="3052"/>
<Loc EndOffset="3123" SrcFileId="34" StartOffset="3092"/>
<Loc EndOffset="3163" SrcFileId="34" StartOffset="3130"/>
<Loc EndOffset="3201" SrcFileId="34" StartOffset="3170"/>
<Loc EndOffset="3241" SrcFileId="34" StartOffset="3208"/>
<Loc EndOffset="3279" SrcFileId="34" StartOffset="3248"/>
<Loc EndOffset="3319" SrcFileId="34" StartOffset="3286"/>
<Loc EndOffset="3357" SrcFileId="34" StartOffset="3326"/>
<Loc EndOffset="3397" SrcFileId="34" StartOffset="3364"/>
<Loc EndOffset="3437" SrcFileId="34" StartOffset="3404"/>
<Loc EndOffset="3477" SrcFileId="34" StartOffset="3444"/>
<Loc EndOffset="3515" SrcFileId="34" StartOffset="3484"/>
<Loc EndOffset="3555" SrcFileId="34" StartOffset="3522"/>
<Loc EndOffset="3593" SrcFileId="34" StartOffset="3562"/>
<Loc EndOffset="3631" SrcFileId="34" StartOffset="3600"/>
<Loc EndOffset="3671" SrcFileId="34" StartOffset="3638"/>
<Loc EndOffset="3711" SrcFileId="34" StartOffset="3678"/>
<Loc EndOffset="3751" SrcFileId="34" StartOffset="3718"/>
<Loc EndOffset="3791" SrcFileId="34" StartOffset="3758"/>
<Loc EndOffset="3831" SrcFileId="34" StartOffset="3798"/>
<Loc EndOffset="3869" SrcFileId="34" StartOffset="3838"/>
<Loc EndOffset="3907" SrcFileId="34" StartOffset="3876"/>
<Loc EndOffset="3945" SrcFileId="34" StartOffset="3914"/>
<Loc EndOffset="3983" SrcFileId="34" StartOffset="3952"/>
<Loc EndOffset="4021" SrcFileId="34" StartOffset="3990"/>
<Loc EndOffset="4059" SrcFileId="34" StartOffset="4028"/>
<Loc EndOffset="4099" SrcFileId="34" StartOffset="4066"/>
<Loc EndOffset="4137" SrcFileId="34" StartOffset="4106"/>
<Loc EndOffset="4177" SrcFileId="34" StartOffset="4144"/>
<Loc EndOffset="4215" SrcFileId="34" StartOffset="4184"/>
<Loc EndOffset="4253" SrcFileId="34" StartOffset="4222"/>
<Loc EndOffset="4293" SrcFileId="34" StartOffset="4260"/>
<Loc EndOffset="4333" SrcFileId="34" StartOffset="4300"/>
<Loc EndOffset="4371" SrcFileId="34" StartOffset="4340"/>
<Loc EndOffset="4409" SrcFileId="34" StartOffset="4378"/>
<Loc EndOffset="4449" SrcFileId="34" StartOffset="4416"/>
<Loc EndOffset="4487" SrcFileId="34" StartOffset="4456"/>
<Loc EndOffset="4527" SrcFileId="34" StartOffset="4494"/>
<Loc EndOffset="4567" SrcFileId="34" StartOffset="4534"/>
<Loc EndOffset="4605" SrcFileId="34" StartOffset="4574"/>
<Loc EndOffset="4645" SrcFileId="34" StartOffset="4612"/>
<Loc EndOffset="4683" SrcFileId="34" StartOffset="4652"/>
<Loc EndOffset="4721" SrcFileId="34" StartOffset="4690"/>
<Loc EndOffset="4759" SrcFileId="34" StartOffset="4728"/>
<Loc EndOffset="4799" SrcFileId="34" StartOffset="4766"/>
<Loc EndOffset="4837" SrcFileId="34" StartOffset="4806"/>
<Loc EndOffset="4875" SrcFileId="34" StartOffset="4844"/>
<Loc EndOffset="4915" SrcFileId="34" StartOffset="4882"/>
<Loc EndOffset="4953" SrcFileId="34" StartOffset="4922"/>
<Loc EndOffset="4991" SrcFileId="34" StartOffset="4960"/>
<Loc EndOffset="5029" SrcFileId="34" StartOffset="4998"/>
<Loc EndOffset="5067" SrcFileId="34" StartOffset="5036"/>
<Loc EndOffset="5105" SrcFileId="34" StartOffset="5074"/>
<Loc EndOffset="5143" SrcFileId="34" StartOffset="5112"/>
<Loc EndOffset="5181" SrcFileId="34" StartOffset="5150"/>
<Loc EndOffset="5221" SrcFileId="34" StartOffset="5188"/>
<Loc EndOffset="5259" SrcFileId="34" StartOffset="5228"/>
<Loc EndOffset="5297" SrcFileId="34" StartOffset="5266"/>
<Loc EndOffset="5335" SrcFileId="34" StartOffset="5304"/>
<Loc EndOffset="5373" SrcFileId="34" StartOffset="5342"/>
<Loc EndOffset="5411" SrcFileId="34" StartOffset="5380"/>
<Loc EndOffset="5449" SrcFileId="34" StartOffset="5418"/>
<Loc EndOffset="5487" SrcFileId="34" StartOffset="5456"/>
<Loc EndOffset="5525" SrcFileId="34" StartOffset="5494"/>
<Loc EndOffset="5563" SrcFileId="34" StartOffset="5532"/>
<Loc EndOffset="5601" SrcFileId="34" StartOffset="5570"/>
<Loc EndOffset="5641" SrcFileId="34" StartOffset="5608"/>
<Loc EndOffset="5679" SrcFileId="34" StartOffset="5648"/>
<Loc EndOffset="5717" SrcFileId="34" StartOffset="5686"/>
<Loc EndOffset="5755" SrcFileId="34" StartOffset="5724"/>
<Loc EndOffset="5793" SrcFileId="34" StartOffset="5762"/>
<Loc EndOffset="5831" SrcFileId="34" StartOffset="5800"/>
<Loc EndOffset="5869" SrcFileId="34" StartOffset="5838"/>
<Loc EndOffset="5907" SrcFileId="34" StartOffset="5876"/>
<Loc EndOffset="5945" SrcFileId="34" StartOffset="5914"/>
<Loc EndOffset="5983" SrcFileId="34" StartOffset="5952"/>
<Loc EndOffset="6021" SrcFileId="34" StartOffset="5990"/>
<Loc EndOffset="6059" SrcFileId="34" StartOffset="6028"/>
<Loc EndOffset="6097" SrcFileId="34" StartOffset="6066"/>
<Loc EndOffset="6135" SrcFileId="34" StartOffset="6104"/>
<Loc EndOffset="6175" SrcFileId="34" StartOffset="6142"/>
<Loc EndOffset="6213" SrcFileId="34" StartOffset="6182"/>
<Loc EndOffset="6251" SrcFileId="34" StartOffset="6220"/>
<Loc EndOffset="6289" SrcFileId="34" StartOffset="6258"/>
<Loc EndOffset="6327" SrcFileId="34" StartOffset="6296"/>
<Loc EndOffset="6367" SrcFileId="34" StartOffset="6334"/>
<Loc EndOffset="6405" SrcFileId="34" StartOffset="6374"/>
<Loc EndOffset="6443" SrcFileId="34" StartOffset="6412"/>
<Loc EndOffset="6483" SrcFileId="34" StartOffset="6450"/>
<Loc EndOffset="6521" SrcFileId="34" StartOffset="6490"/>
<Loc EndOffset="6561" SrcFileId="34" StartOffset="6528"/>
<Loc EndOffset="6599" SrcFileId="34" StartOffset="6568"/>
<Loc EndOffset="6637" SrcFileId="34" StartOffset="6606"/>
<Loc EndOffset="6675" SrcFileId="34" StartOffset="6644"/>
<Loc EndOffset="6715" SrcFileId="34" StartOffset="6682"/>
<Loc EndOffset="6755" SrcFileId="34" StartOffset="6722"/>
<Loc EndOffset="6795" SrcFileId="34" StartOffset="6762"/>
<Loc EndOffset="6835" SrcFileId="34" StartOffset="6802"/>
<Loc EndOffset="6875" SrcFileId="34" StartOffset="6842"/>
<Loc EndOffset="6913" SrcFileId="34" StartOffset="6882"/>
<Loc EndOffset="6953" SrcFileId="34" StartOffset="6920"/>
<Loc EndOffset="6993" SrcFileId="34" StartOffset="6960"/>
<Loc EndOffset="7033" SrcFileId="34" StartOffset="7000"/>
<Loc EndOffset="7071" SrcFileId="34" StartOffset="7040"/>
<Loc EndOffset="7111" SrcFileId="34" StartOffset="7078"/>
<Loc EndOffset="7151" SrcFileId="34" StartOffset="7118"/>
<Loc EndOffset="7189" SrcFileId="34" StartOffset="7158"/>
<Loc EndOffset="7227" SrcFileId="34" StartOffset="7196"/>
<Loc EndOffset="7267" SrcFileId="34" StartOffset="7234"/>
<Loc EndOffset="7307" SrcFileId="34" StartOffset="7274"/>
<Loc EndOffset="7347" SrcFileId="34" StartOffset="7314"/>
<Loc EndOffset="7387" SrcFileId="34" StartOffset="7354"/>
</LocList>
<BasicStmnt CovItemId="S1" CovItemPrefix="dataModels.Optimality.java" Intrnl_Id="2225">
<LocList>
<Loc EndOffset="237" SrcFileId="34" StartOffset="191"/>
</LocList>
</BasicStmnt>
<BasicStmnt CovItemId="S2" CovItemPrefix="dataModels.Optimality.java" Intrnl_Id="2226">
<LocList>
<Loc EndOffset="287" SrcFileId="34" StartOffset="240"/>
</LocList>
</BasicStmnt>
<BasicStmnt CovItemId="S3" CovItemPrefix="dataModels.Optimality.java" Intrnl_Id="2227">
<LocList>
<Loc EndOffset="839" SrcFileId="34" StartOffset="745"/>
</LocList>
</BasicStmnt>
<BasicStmnt CovItemId="S4" CovItemPrefix="dataModels.Optimality.java" Intrnl_Id="2228">
<LocList>
<Loc EndOffset="889" SrcFileId="34" StartOffset="859"/>
</LocList>
</BasicStmnt>
<BasicStmnt CovItemId="S5" CovItemPrefix="dataModels.Optimality.java" Intrnl_Id="2229">
<LocList>
<Loc EndOffset="926" SrcFileId="34" StartOffset="896"/>
</LocList>
</BasicStmnt>
<BasicStmnt CovItemId="S6" CovItemPrefix="dataModels.Optimality.java" Intrnl_Id="2230">
<LocList>
<Loc EndOffset="963" SrcFileId="34" StartOffset="933"/>
</LocList>
</BasicStmnt>
<BasicStmnt CovItemId="S7" CovItemPrefix="dataModels.Optimality.java" Intrnl_Id="2231">
<LocList>
<Loc EndOffset="1000" SrcFileId="34" StartOffset="970"/>
</LocList>
</BasicStmnt>
<BasicStmnt CovItemId="S8" CovItemPrefix="dataModels.Optimality.java" Intrnl_Id="2232">
<LocList>
<Loc EndOffset="1039" SrcFileId="34" StartOffset="1007"/>
</LocList>
</BasicStmnt>
<BasicStmnt CovItemId="S9" CovItemPrefix="dataModels.Optimality.java" Intrnl_Id="2233">
<LocList>
<Loc EndOffset="1078" SrcFileId="34" StartOffset="1046"/>
</LocList>
</BasicStmnt>
<BasicStmnt CovItemId="S10" CovItemPrefix="dataModels.Optimality.java" Intrnl_Id="2234">
<LocList>
<Loc EndOffset="1115" SrcFileId="34" StartOffset="1085"/>
</LocList>
</BasicStmnt>
<BasicStmnt CovItemId="S11" CovItemPrefix="dataModels.Optimality.java" Intrnl_Id="2235">
<LocList>
<Loc EndOffset="1152" SrcFileId="34" StartOffset="1122"/>
</LocList>
</BasicStmnt>
<BasicStmnt CovItemId="S12" CovItemPrefix="dataModels.Optimality.java" Intrnl_Id="2236">
<LocList>
<Loc EndOffset="1191" SrcFileId="34" StartOffset="1159"/>
</LocList>
</BasicStmnt>
<BasicStmnt CovItemId="S13" CovItemPrefix="dataModels.Optimality.java" Intrnl_Id="2237">
<LocList>
<Loc EndOffset="1230" SrcFileId="34" StartOffset="1198"/>
</LocList>
</BasicStmnt>
<BasicStmnt CovItemId="S14" CovItemPrefix="dataModels.Optimality.java" Intrnl_Id="2238">
<LocList>
<Loc EndOffset="1267" SrcFileId="34" StartOffset="1237"/>
</LocList>
</BasicStmnt>
<BasicStmnt CovItemId="S15" CovItemPrefix="dataModels.Optimality.java" Intrnl_Id="2239">
<LocList>
<Loc EndOffset="1306" SrcFileId="34" StartOffset="1274"/>
</LocList>
</BasicStmnt>
<BasicStmnt CovItemId="S16" CovItemPrefix="dataModels.Optimality.java" Intrnl_Id="2240">
<LocList>
<Loc EndOffset="1343" SrcFileId="34" StartOffset="1313"/>
</LocList>
</BasicStmnt>
<BasicStmnt CovItemId="S17" CovItemPrefix="dataModels.Optimality.java" Intrnl_Id="2241">
<LocList>
<Loc EndOffset="1382" SrcFileId="34" StartOffset="1350"/>
</LocList>
</BasicStmnt>
<BasicStmnt CovItemId="S18" CovItemPrefix="dataModels.Optimality.java" Intrnl_Id="2242">
<LocList>
<Loc EndOffset="1419" SrcFileId="34" StartOffset="1389"/>
</LocList>
</BasicStmnt>
<BasicStmnt CovItemId="S19" CovItemPrefix="dataModels.Optimality.java" Intrnl_Id="2243">
<LocList>
<Loc EndOffset="1458" SrcFileId="34" StartOffset="1426"/>
</LocList>
</BasicStmnt>
<BasicStmnt CovItemId="S20" CovItemPrefix="dataModels.Optimality.java" Intrnl_Id="2244">
<LocList>
<Loc EndOffset="1497" SrcFileId="34" StartOffset="1465"/>
</LocList>
</BasicStmnt>
<BasicStmnt CovItemId="S21" CovItemPrefix="dataModels.Optimality.java" Intrnl_Id="2245">
<LocList>
<Loc EndOffset="1536" SrcFileId="34" StartOffset="1504"/>
</LocList>
</BasicStmnt>
<BasicStmnt CovItemId="S22" CovItemPrefix="dataModels.Optimality.java" Intrnl_Id="2246">
<LocList>
<Loc EndOffset="1573" SrcFileId="34" StartOffset="1543"/>
</LocList>
</BasicStmnt>
<BasicStmnt CovItemId="S23" CovItemPrefix="dataModels.Optimality.java" Intrnl_Id="2247">
<LocList>
<Loc EndOffset="1612" SrcFileId="34" StartOffset="1580"/>
</LocList>
</BasicStmnt>
<BasicStmnt CovItemId="S24" CovItemPrefix="dataModels.Optimality.java" Intrnl_Id="2248">
<LocList>
<Loc EndOffset="1649" SrcFileId="34" StartOffset="1619"/>
</LocList>
</BasicStmnt>
<BasicStmnt CovItemId="S25" CovItemPrefix="dataModels.Optimality.java" Intrnl_Id="2249">
<LocList>
<Loc EndOffset="1686" SrcFileId="34" StartOffset="1656"/>
</LocList>
</BasicStmnt>
<BasicStmnt CovItemId="S26" CovItemPrefix="dataModels.Optimality.java" Intrnl_Id="2250">
<LocList>
<Loc EndOffset="1725" SrcFileId="34" StartOffset="1693"/>
</LocList>
</BasicStmnt>
<BasicStmnt CovItemId="S27" CovItemPrefix="dataModels.Optimality.java" Intrnl_Id="2251">
<LocList>
<Loc EndOffset="1764" SrcFileId="34" StartOffset="1732"/>
</LocList>
</BasicStmnt>
<BasicStmnt CovItemId="S28" CovItemPrefix="dataModels.Optimality.java" Intrnl_Id="2252">
<LocList>
<Loc EndOffset="1803" SrcFileId="34" StartOffset="1771"/>
</LocList>
</BasicStmnt>
<BasicStmnt CovItemId="S29" CovItemPrefix="dataModels.Optimality.java" Intrnl_Id="2253">
<LocList>
<Loc EndOffset="1840" SrcFileId="34" StartOffset="1810"/>
</LocList>
</BasicStmnt>
<BasicStmnt CovItemId="S30" CovItemPrefix="dataModels.Optimality.java" Intrnl_Id="2254">
<LocList>
<Loc EndOffset="1879" SrcFileId="34" StartOffset="1847"/>
</LocList>
</BasicStmnt>
<BasicStmnt CovItemId="S31" CovItemPrefix="dataModels.Optimality.java" Intrnl_Id="2255">
<LocList>
<Loc EndOffset="1917" SrcFileId="34" StartOffset="1886"/>
</LocList>
</BasicStmnt>
<BasicStmnt CovItemId="S32" CovItemPrefix="dataModels.Optimality.java" Intrnl_Id="2256">
<LocList>
<Loc EndOffset="1954" SrcFileId="34" StartOffset="1924"/>
</LocList>
</BasicStmnt>
<BasicStmnt CovItemId="S33" CovItemPrefix="dataModels.Optimality.java" Intrnl_Id="2257">
<LocList>
<Loc EndOffset="1991" SrcFileId="34" StartOffset="1961"/>
</LocList>
</BasicStmnt>
<BasicStmnt CovItemId="S34" CovItemPrefix="dataModels.Optimality.java" Intrnl_Id="2258">
<LocList>
<Loc EndOffset="2030" SrcFileId="34" StartOffset="1998"/>
</LocList>
</BasicStmnt>
<BasicStmnt CovItemId="S35" CovItemPrefix="dataModels.Optimality.java" Intrnl_Id="2259">
<LocList>
<Loc EndOffset="2069" SrcFileId="34" StartOffset="2037"/>
</LocList>
</BasicStmnt>
<BasicStmnt CovItemId="S36" CovItemPrefix="dataModels.Optimality.java" Intrnl_Id="2260">
<LocList>
<Loc EndOffset="2108" SrcFileId="34" StartOffset="2076"/>
</LocList>
</BasicStmnt>
<BasicStmnt CovItemId="S37" CovItemPrefix="dataModels.Optimality.java" Intrnl_Id="2261">
<LocList>
<Loc EndOffset="2147" SrcFileId="34" StartOffset="2115"/>
</LocList>
</BasicStmnt>
<BasicStmnt CovItemId="S38" CovItemPrefix="dataModels.Optimality.java" Intrnl_Id="2262">
<LocList>
<Loc EndOffset="2184" SrcFileId="34" StartOffset="2154"/>
</LocList>
</BasicStmnt>
<BasicStmnt CovItemId="S39" CovItemPrefix="dataModels.Optimality.java" Intrnl_Id="2263">
<LocList>
<Loc EndOffset="2223" SrcFileId="34" StartOffset="2191"/>
</LocList>
</BasicStmnt>
<BasicStmnt CovItemId="S40" CovItemPrefix="dataModels.Optimality.java" Intrnl_Id="2264">
<LocList>
<Loc EndOffset="2260" SrcFileId="34" StartOffset="2230"/>
</LocList>
</BasicStmnt>
<BasicStmnt CovItemId="S41" CovItemPrefix="dataModels.Optimality.java" Intrnl_Id="2265">
<LocList>
<Loc EndOffset="2299" SrcFileId="34" StartOffset="2267"/>
</LocList>
</BasicStmnt>
<BasicStmnt CovItemId="S42" CovItemPrefix="dataModels.Optimality.java" Intrnl_Id="2266">
<LocList>
<Loc EndOffset="2338" SrcFileId="34" StartOffset="2306"/>
</LocList>
</BasicStmnt>
<BasicStmnt CovItemId="S43" CovItemPrefix="dataModels.Optimality.java" Intrnl_Id="2267">
<LocList>
<Loc EndOffset="2375" SrcFileId="34" StartOffset="2345"/>
</LocList>
</BasicStmnt>
<BasicStmnt CovItemId="S44" CovItemPrefix="dataModels.Optimality.java" Intrnl_Id="2268">
<LocList>
<Loc EndOffset="2414" SrcFileId="34" StartOffset="2382"/>
</LocList>
</BasicStmnt>
<BasicStmnt CovItemId="S45" CovItemPrefix="dataModels.Optimality.java" Intrnl_Id="2269">
<LocList>
<Loc EndOffset="2454" SrcFileId="34" StartOffset="2421"/>
</LocList>
</BasicStmnt>
<BasicStmnt CovItemId="S46" CovItemPrefix="dataModels.Optimality.java" Intrnl_Id="2270">
<LocList>
<Loc EndOffset="2494" SrcFileId="34" StartOffset="2461"/>
</LocList>
</BasicStmnt>
<BasicStmnt CovItemId="S47" CovItemPrefix="dataModels.Optimality.java" Intrnl_Id="2271">
<LocList>
<Loc EndOffset="2533" SrcFileId="34" StartOffset="2501"/>
</LocList>
</BasicStmnt>
<BasicStmnt CovItemId="S48" CovItemPrefix="dataModels.Optimality.java" Intrnl_Id="2272">
<LocList>
<Loc EndOffset="2573" SrcFileId="34" StartOffset="2540"/>
</LocList>
</BasicStmnt>
<BasicStmnt CovItemId="S49" CovItemPrefix="dataModels.Optimality.java" Intrnl_Id="2273">
<LocList>
<Loc EndOffset="2611" SrcFileId="34" StartOffset="2580"/>
</LocList>
</BasicStmnt>
<BasicStmnt CovItemId="S50" CovItemPrefix="dataModels.Optimality.java" Intrnl_Id="2274">
<LocList>
<Loc EndOffset="2651" SrcFileId="34" StartOffset="2618"/>
</LocList>
</BasicStmnt>
<BasicStmnt CovItemId="S51" CovItemPrefix="dataModels.Optimality.java" Intrnl_Id="2275">
<LocList>
<Loc EndOffset="2689" SrcFileId="34" StartOffset="2658"/>
</LocList>
</BasicStmnt>
<BasicStmnt CovItemId="S52" CovItemPrefix="dataModels.Optimality.java" Intrnl_Id="2276">
<LocList>
<Loc EndOffset="2727" SrcFileId="34" StartOffset="2696"/>
</LocList>
</BasicStmnt>
<BasicStmnt CovItemId="S53" CovItemPrefix="dataModels.Optimality.java" Intrnl_Id="2277">
<LocList>
<Loc EndOffset="2767" SrcFileId="34" StartOffset="2734"/>
</LocList>
</BasicStmnt>
<BasicStmnt CovItemId="S54" CovItemPrefix="dataModels.Optimality.java" Intrnl_Id="2278">
<LocList>
<Loc EndOffset="2807" SrcFileId="34" StartOffset="2774"/>
</LocList>
</BasicStmnt>
<BasicStmnt CovItemId="S55" CovItemPrefix="dataModels.Optimality.java" Intrnl_Id="2279">
<LocList>
<Loc EndOffset="2845" SrcFileId="34" StartOffset="2814"/>
</LocList>
</BasicStmnt>
<BasicStmnt CovItemId="S56" CovItemPrefix="dataModels.Optimality.java" Intrnl_Id="2280">
<LocList>
<Loc EndOffset="2885" SrcFileId="34" StartOffset="2852"/>
</LocList>
</BasicStmnt>
<BasicStmnt CovItemId="S57" CovItemPrefix="dataModels.Optimality.java" Intrnl_Id="2281">
<LocList>
<Loc EndOffset="2925" SrcFileId="34" StartOffset="2892"/>
</LocList>
</BasicStmnt>
<BasicStmnt CovItemId="S58" CovItemPrefix="dataModels.Optimality.java" Intrnl_Id="2282">
<LocList>
<Loc EndOffset="2965" SrcFileId="34" StartOffset="2932"/>
</LocList>
</BasicStmnt>
<BasicStmnt CovItemId="S59" CovItemPrefix="dataModels.Optimality.java" Intrnl_Id="2283">
<LocList>
<Loc EndOffset="3005" SrcFileId="34" StartOffset="2972"/>
</LocList>
</BasicStmnt>
<BasicStmnt CovItemId="S60" CovItemPrefix="dataModels.Optimality.java" Intrnl_Id="2284">
<LocList>
<Loc EndOffset="3045" SrcFileId="34" StartOffset="3012"/>
</LocList>
</BasicStmnt>
<BasicStmnt CovItemId="S61" CovItemPrefix="dataModels.Optimality.java" Intrnl_Id="2285">
<LocList>
<Loc EndOffset="3085" SrcFileId="34" StartOffset="3052"/>
</LocList>
</BasicStmnt>
<BasicStmnt CovItemId="S62" CovItemPrefix="dataModels.Optimality.java" Intrnl_Id="2286">
<LocList>
<Loc EndOffset="3123" SrcFileId="34" StartOffset="3092"/>
</LocList>
</BasicStmnt>
<BasicStmnt CovItemId="S63" CovItemPrefix="dataModels.Optimality.java" Intrnl_Id="2287">
<LocList>
<Loc EndOffset="3163" SrcFileId="34" StartOffset="3130"/>
</LocList>
</BasicStmnt>
<BasicStmnt CovItemId="S64" CovItemPrefix="dataModels.Optimality.java" Intrnl_Id="2288">
<LocList>
<Loc EndOffset="3201" SrcFileId="34" StartOffset="3170"/>
</LocList>
</BasicStmnt>
<BasicStmnt CovItemId="S65" CovItemPrefix="dataModels.Optimality.java" Intrnl_Id="2289">
<LocList>
<Loc EndOffset="3241" SrcFileId="34" StartOffset="3208"/>
</LocList>
</BasicStmnt>
<BasicStmnt CovItemId="S66" CovItemPrefix="dataModels.Optimality.java" Intrnl_Id="2290">
<LocList>
<Loc EndOffset="3279" SrcFileId="34" StartOffset="3248"/>
</LocList>
</BasicStmnt>
<BasicStmnt CovItemId="S67" CovItemPrefix="dataModels.Optimality.java" Intrnl_Id="2291">
<LocList>
<Loc EndOffset="3319" SrcFileId="34" StartOffset="3286"/>
</LocList>
</BasicStmnt>
<BasicStmnt CovItemId="S68" CovItemPrefix="dataModels.Optimality.java" Intrnl_Id="2292">
<LocList>
<Loc EndOffset="3357" SrcFileId="34" StartOffset="3326"/>
</LocList>
</BasicStmnt>
<BasicStmnt CovItemId="S69" CovItemPrefix="dataModels.Optimality.java" Intrnl_Id="2293">
<LocList>
<Loc EndOffset="3397" SrcFileId="34" StartOffset="3364"/>
</LocList>
</BasicStmnt>
<BasicStmnt CovItemId="S70" CovItemPrefix="dataModels.Optimality.java" Intrnl_Id="2294">
<LocList>
<Loc EndOffset="3437" SrcFileId="34" StartOffset="3404"/>
</LocList>
</BasicStmnt>
<BasicStmnt CovItemId="S71" CovItemPrefix="dataModels.Optimality.java" Intrnl_Id="2295">
<LocList>
<Loc EndOffset="3477" SrcFileId="34" StartOffset="3444"/>
</LocList>
</BasicStmnt>
<BasicStmnt CovItemId="S72" CovItemPrefix="dataModels.Optimality.java" Intrnl_Id="2296">
<LocList>
<Loc EndOffset="3515" SrcFileId="34" StartOffset="3484"/>
</LocList>
</BasicStmnt>
<BasicStmnt CovItemId="S73" CovItemPrefix="dataModels.Optimality.java" Intrnl_Id="2297">
<LocList>
<Loc EndOffset="3555" SrcFileId="34" StartOffset="3522"/>
</LocList>
</BasicStmnt>
<BasicStmnt CovItemId="S74" CovItemPrefix="dataModels.Optimality.java" Intrnl_Id="2298">
<LocList>
<Loc EndOffset="3593" SrcFileId="34" StartOffset="3562"/>
</LocList>
</BasicStmnt>
<BasicStmnt CovItemId="S75" CovItemPrefix="dataModels.Optimality.java" Intrnl_Id="2299">
<LocList>
<Loc EndOffset="3631" SrcFileId="34" StartOffset="3600"/>
</LocList>
</BasicStmnt>
<BasicStmnt CovItemId="S76" CovItemPrefix="dataModels.Optimality.java" Intrnl_Id="2300">
<LocList>
<Loc EndOffset="3671" SrcFileId="34" StartOffset="3638"/>
</LocList>
</BasicStmnt>
<BasicStmnt CovItemId="S77" CovItemPrefix="dataModels.Optimality.java" Intrnl_Id="2301">
<LocList>
<Loc EndOffset="3711" SrcFileId="34" StartOffset="3678"/>
</LocList>
</BasicStmnt>
<BasicStmnt CovItemId="S78" CovItemPrefix="dataModels.Optimality.java" Intrnl_Id="2302">
<LocList>
<Loc EndOffset="3751" SrcFileId="34" StartOffset="3718"/>
</LocList>
</BasicStmnt>
<BasicStmnt CovItemId="S79" CovItemPrefix="dataModels.Optimality.java" Intrnl_Id="2303">
<LocList>
<Loc EndOffset="3791" SrcFileId="34" StartOffset="3758"/>
</LocList>
</BasicStmnt>
<BasicStmnt CovItemId="S80" CovItemPrefix="dataModels.Optimality.java" Intrnl_Id="2304">
<LocList>
<Loc EndOffset="3831" SrcFileId="34" StartOffset="3798"/>
</LocList>
</BasicStmnt>
<BasicStmnt CovItemId="S81" CovItemPrefix="dataModels.Optimality.java" Intrnl_Id="2305">
<LocList>
<Loc EndOffset="3869" SrcFileId="34" StartOffset="3838"/>
</LocList>
</BasicStmnt>
<BasicStmnt CovItemId="S82" CovItemPrefix="dataModels.Optimality.java" Intrnl_Id="2306">
<LocList>
<Loc EndOffset="3907" SrcFileId="34" StartOffset="3876"/>
</LocList>
</BasicStmnt>
<BasicStmnt CovItemId="S83" CovItemPrefix="dataModels.Optimality.java" Intrnl_Id="2307">
<LocList>
<Loc EndOffset="3945" SrcFileId="34" StartOffset="3914"/>
</LocList>
</BasicStmnt>
<BasicStmnt CovItemId="S84" CovItemPrefix="dataModels.Optimality.java" Intrnl_Id="2308">
<LocList>
<Loc EndOffset="3983" SrcFileId="34" StartOffset="3952"/>
</LocList>
</BasicStmnt>
<BasicStmnt CovItemId="S85" CovItemPrefix="dataModels.Optimality.java" Intrnl_Id="2309">
<LocList>
<Loc EndOffset="4021" SrcFileId="34" StartOffset="3990"/>
</LocList>
</BasicStmnt>
<BasicStmnt CovItemId="S86" CovItemPrefix="dataModels.Optimality.java" Intrnl_Id="2310">
<LocList>
<Loc EndOffset="4059" SrcFileId="34" StartOffset="4028"/>
</LocList>
</BasicStmnt>
<BasicStmnt CovItemId="S87" CovItemPrefix="dataModels.Optimality.java" Intrnl_Id="2311">
<LocList>
<Loc EndOffset="4099" SrcFileId="34" StartOffset="4066"/>
</LocList>
</BasicStmnt>
<BasicStmnt CovItemId="S88" CovItemPrefix="dataModels.Optimality.java" Intrnl_Id="2312">
<LocList>
<Loc EndOffset="4137" SrcFileId="34" StartOffset="4106"/>
</LocList>
</BasicStmnt>
<BasicStmnt CovItemId="S89" CovItemPrefix="dataModels.Optimality.java" Intrnl_Id="2313">
<LocList>
<Loc EndOffset="4177" SrcFileId="34" StartOffset="4144"/>
</LocList>
</BasicStmnt>
<BasicStmnt CovItemId="S90" CovItemPrefix="dataModels.Optimality.java" Intrnl_Id="2314">
<LocList>
<Loc EndOffset="4215" SrcFileId="34" StartOffset="4184"/>
</LocList>
</BasicStmnt>
<BasicStmnt CovItemId="S91" CovItemPrefix="dataModels.Optimality.java" Intrnl_Id="2315">
<LocList>
<Loc EndOffset="4253" SrcFileId="34" StartOffset="4222"/>
</LocList>
</BasicStmnt>
<BasicStmnt CovItemId="S92" CovItemPrefix="dataModels.Optimality.java" Intrnl_Id="2316">
<LocList>
<Loc EndOffset="4293" SrcFileId="34" StartOffset="4260"/>
</LocList>
</BasicStmnt>
<BasicStmnt CovItemId="S93" CovItemPrefix="dataModels.Optimality.java" Intrnl_Id="2317">
<LocList>
<Loc EndOffset="4333" SrcFileId="34" StartOffset="4300"/>
</LocList>
</BasicStmnt>
<BasicStmnt CovItemId="S94" CovItemPrefix="dataModels.Optimality.java" Intrnl_Id="2318">
<LocList>
<Loc EndOffset="4371" SrcFileId="34" StartOffset="4340"/>
</LocList>
</BasicStmnt>
<BasicStmnt CovItemId="S95" CovItemPrefix="dataModels.Optimality.java" Intrnl_Id="2319">
<LocList>
<Loc EndOffset="4409" SrcFileId="34" StartOffset="4378"/>
</LocList>
</BasicStmnt>
<BasicStmnt CovItemId="S96" CovItemPrefix="dataModels.Optimality.java" Intrnl_Id="2320">
<LocList>
<Loc EndOffset="4449" SrcFileId="34" StartOffset="4416"/>
</LocList>
</BasicStmnt>
<BasicStmnt CovItemId="S97" CovItemPrefix="dataModels.Optimality.java" Intrnl_Id="2321">
<LocList>
<Loc EndOffset="4487" SrcFileId="34" StartOffset="4456"/>
</LocList>
</BasicStmnt>
<BasicStmnt CovItemId="S98" CovItemPrefix="dataModels.Optimality.java" Intrnl_Id="2322">
<LocList>
<Loc EndOffset="4527" SrcFileId="34" StartOffset="4494"/>
</LocList>
</BasicStmnt>
<BasicStmnt CovItemId="S99" CovItemPrefix="dataModels.Optimality.java" Intrnl_Id="2323">
<LocList>
<Loc EndOffset="4567" SrcFileId="34" StartOffset="4534"/>
</LocList>
</BasicStmnt>
<BasicStmnt CovItemId="S100" CovItemPrefix="dataModels.Optimality.java" Intrnl_Id="2324">
<LocList>
<Loc EndOffset="4605" SrcFileId="34" StartOffset="4574"/>
</LocList>
</BasicStmnt>
<BasicStmnt CovItemId="S101" CovItemPrefix="dataModels.Optimality.java" Intrnl_Id="2325">
<LocList>
<Loc EndOffset="4645" SrcFileId="34" StartOffset="4612"/>
</LocList>
</BasicStmnt>
<BasicStmnt CovItemId="S102" CovItemPrefix="dataModels.Optimality.java" Intrnl_Id="2326">
<LocList>
<Loc EndOffset="4683" SrcFileId="34" StartOffset="4652"/>
</LocList>
</BasicStmnt>
<BasicStmnt CovItemId="S103" CovItemPrefix="dataModels.Optimality.java" Intrnl_Id="2327">
<LocList>
<Loc EndOffset="4721" SrcFileId="34" StartOffset="4690"/>
</LocList>
</BasicStmnt>
<BasicStmnt CovItemId="S104" CovItemPrefix="dataModels.Optimality.java" Intrnl_Id="2328">
<LocList>
<Loc EndOffset="4759" SrcFileId="34" StartOffset="4728"/>
</LocList>
</BasicStmnt>
<BasicStmnt CovItemId="S105" CovItemPrefix="dataModels.Optimality.java" Intrnl_Id="2329">
<LocList>
<Loc EndOffset="4799" SrcFileId="34" StartOffset="4766"/>
</LocList>
</BasicStmnt>
<BasicStmnt CovItemId="S106" CovItemPrefix="dataModels.Optimality.java" Intrnl_Id="2330">
<LocList>
<Loc EndOffset="4837" SrcFileId="34" StartOffset="4806"/>
</LocList>
</BasicStmnt>
<BasicStmnt CovItemId="S107" CovItemPrefix="dataModels.Optimality.java" Intrnl_Id="2331">
<LocList>
<Loc EndOffset="4875" SrcFileId="34" StartOffset="4844"/>
</LocList>
</BasicStmnt>
<BasicStmnt CovItemId="S108" CovItemPrefix="dataModels.Optimality.java" Intrnl_Id="2332">
<LocList>
<Loc EndOffset="4915" SrcFileId="34" StartOffset="4882"/>
</LocList>
</BasicStmnt>
<BasicStmnt CovItemId="S109" CovItemPrefix="dataModels.Optimality.java" Intrnl_Id="2333">
<LocList>
<Loc EndOffset="4953" SrcFileId="34" StartOffset="4922"/>
</LocList>
</BasicStmnt>
<BasicStmnt CovItemId="S110" CovItemPrefix="dataModels.Optimality.java" Intrnl_Id="2334">
<LocList>
<Loc EndOffset="4991" SrcFileId="34" StartOffset="4960"/>
</LocList>
</BasicStmnt>
<BasicStmnt CovItemId="S111" CovItemPrefix="dataModels.Optimality.java" Intrnl_Id="2335">
<LocList>
<Loc EndOffset="5029" SrcFileId="34" StartOffset="4998"/>
</LocList>
</BasicStmnt>
<BasicStmnt CovItemId="S112" CovItemPrefix="dataModels.Optimality.java" Intrnl_Id="2336">
<LocList>
<Loc EndOffset="5067" SrcFileId="34" StartOffset="5036"/>
</LocList>
</BasicStmnt>
<BasicStmnt CovItemId="S113" CovItemPrefix="dataModels.Optimality.java" Intrnl_Id="2337">
<LocList>
<Loc EndOffset="5105" SrcFileId="34" StartOffset="5074"/>
</LocList>
</BasicStmnt>
<BasicStmnt CovItemId="S114" CovItemPrefix="dataModels.Optimality.java" Intrnl_Id="2338">
<LocList>
<Loc EndOffset="5143" SrcFileId="34" StartOffset="5112"/>
</LocList>
</BasicStmnt>
<BasicStmnt CovItemId="S115" CovItemPrefix="dataModels.Optimality.java" Intrnl_Id="2339">
<LocList>
<Loc EndOffset="5181" SrcFileId="34" StartOffset="5150"/>
</LocList>
</BasicStmnt>
<BasicStmnt CovItemId="S116" CovItemPrefix="dataModels.Optimality.java" Intrnl_Id="2340">
<LocList>
<Loc EndOffset="5221" SrcFileId="34" StartOffset="5188"/>
</LocList>
</BasicStmnt>
<BasicStmnt CovItemId="S117" CovItemPrefix="dataModels.Optimality.java" Intrnl_Id="2341">
<LocList>
<Loc EndOffset="5259" SrcFileId="34" StartOffset="5228"/>
</LocList>
</BasicStmnt>
<BasicStmnt CovItemId="S118" CovItemPrefix="dataModels.Optimality.java" Intrnl_Id="2342">
<LocList>
<Loc EndOffset="5297" SrcFileId="34" StartOffset="5266"/>
</LocList>
</BasicStmnt>
<BasicStmnt CovItemId="S119" CovItemPrefix="dataModels.Optimality.java" Intrnl_Id="2343">
<LocList>
<Loc EndOffset="5335" SrcFileId="34" StartOffset="5304"/>
</LocList>
</BasicStmnt>
<BasicStmnt CovItemId="S120" CovItemPrefix="dataModels.Optimality.java" Intrnl_Id="2344">
<LocList>
<Loc EndOffset="5373" SrcFileId="34" StartOffset="5342"/>
</LocList>
</BasicStmnt>
<BasicStmnt CovItemId="S121" CovItemPrefix="dataModels.Optimality.java" Intrnl_Id="2345">
<LocList>
<Loc EndOffset="5411" SrcFileId="34" StartOffset="5380"/>
</LocList>
</BasicStmnt>
<BasicStmnt CovItemId="S122" CovItemPrefix="dataModels.Optimality.java" Intrnl_Id="2346">
<LocList>
<Loc EndOffset="5449" SrcFileId="34" StartOffset="5418"/>
</LocList>
</BasicStmnt>
<BasicStmnt CovItemId="S123" CovItemPrefix="dataModels.Optimality.java" Intrnl_Id="2347">
<LocList>
<Loc EndOffset="5487" SrcFileId="34" StartOffset="5456"/>
</LocList>
</BasicStmnt>
<BasicStmnt CovItemId="S124" CovItemPrefix="dataModels.Optimality.java" Intrnl_Id="2348">
<LocList>
<Loc EndOffset="5525" SrcFileId="34" StartOffset="5494"/>
</LocList>
</BasicStmnt>
<BasicStmnt CovItemId="S125" CovItemPrefix="dataModels.Optimality.java" Intrnl_Id="2349">
<LocList>
<Loc EndOffset="5563" SrcFileId="34" StartOffset="5532"/>
</LocList>
</BasicStmnt>
<BasicStmnt CovItemId="S126" CovItemPrefix="dataModels.Optimality.java" Intrnl_Id="2350">
<LocList>
<Loc EndOffset="5601" SrcFileId="34" StartOffset="5570"/>
</LocList>
</BasicStmnt>
<BasicStmnt CovItemId="S127" CovItemPrefix="dataModels.Optimality.java" Intrnl_Id="2351">
<LocList>
<Loc EndOffset="5641" SrcFileId="34" StartOffset="5608"/>
</LocList>
</BasicStmnt>
<BasicStmnt CovItemId="S128" CovItemPrefix="dataModels.Optimality.java" Intrnl_Id="2352">
<LocList>
<Loc EndOffset="5679" SrcFileId="34" StartOffset="5648"/>
</LocList>
</BasicStmnt>
<BasicStmnt CovItemId="S129" CovItemPrefix="dataModels.Optimality.java" Intrnl_Id="2353">
<LocList>
<Loc EndOffset="5717" SrcFileId="34" StartOffset="5686"/>
</LocList>
</BasicStmnt>
<BasicStmnt CovItemId="S130" CovItemPrefix="dataModels.Optimality.java" Intrnl_Id="2354">
<LocList>
<Loc EndOffset="5755" SrcFileId="34" StartOffset="5724"/>
</LocList>
</BasicStmnt>
<BasicStmnt CovItemId="S131" CovItemPrefix="dataModels.Optimality.java" Intrnl_Id="2355">
<LocList>
<Loc EndOffset="5793" SrcFileId="34" StartOffset="5762"/>
</LocList>
</BasicStmnt>
<BasicStmnt CovItemId="S132" CovItemPrefix="dataModels.Optimality.java" Intrnl_Id="2356">
<LocList>
<Loc EndOffset="5831" SrcFileId="34" StartOffset="5800"/>
</LocList>
</BasicStmnt>
<BasicStmnt CovItemId="S133" CovItemPrefix="dataModels.Optimality.java" Intrnl_Id="2357">
<LocList>
<Loc EndOffset="5869" SrcFileId="34" StartOffset="5838"/>
</LocList>
</BasicStmnt>
<BasicStmnt CovItemId="S134" CovItemPrefix="dataModels.Optimality.java" Intrnl_Id="2358">
<LocList>
<Loc EndOffset="5907" SrcFileId="34" StartOffset="5876"/>
</LocList>
</BasicStmnt>
<BasicStmnt CovItemId="S135" CovItemPrefix="dataModels.Optimality.java" Intrnl_Id="2359">
<LocList>
<Loc EndOffset="5945" SrcFileId="34" StartOffset="5914"/>
</LocList>
</BasicStmnt>
<BasicStmnt CovItemId="S136" CovItemPrefix="dataModels.Optimality.java" Intrnl_Id="2360">
<LocList>
<Loc EndOffset="5983" SrcFileId="34" StartOffset="5952"/>
</LocList>
</BasicStmnt>
<BasicStmnt CovItemId="S137" CovItemPrefix="dataModels.Optimality.java" Intrnl_Id="2361">
<LocList>
<Loc EndOffset="6021" SrcFileId="34" StartOffset="5990"/>
</LocList>
</BasicStmnt>
<BasicStmnt CovItemId="S138" CovItemPrefix="dataModels.Optimality.java" Intrnl_Id="2362">
<LocList>
<Loc EndOffset="6059" SrcFileId="34" StartOffset="6028"/>
</LocList>
</BasicStmnt>
<BasicStmnt CovItemId="S139" CovItemPrefix="dataModels.Optimality.java" Intrnl_Id="2363">
<LocList>
<Loc EndOffset="6097" SrcFileId="34" StartOffset="6066"/>
</LocList>
</BasicStmnt>
<BasicStmnt CovItemId="S140" CovItemPrefix="dataModels.Optimality.java" Intrnl_Id="2364">
<LocList>
<Loc EndOffset="6135" SrcFileId="34" StartOffset="6104"/>
</LocList>
</BasicStmnt>
<BasicStmnt CovItemId="S141" CovItemPrefix="dataModels.Optimality.java" Intrnl_Id="2365">
<LocList>
<Loc EndOffset="6175" SrcFileId="34" StartOffset="6142"/>
</LocList>
</BasicStmnt>
<BasicStmnt CovItemId="S142" CovItemPrefix="dataModels.Optimality.java" Intrnl_Id="2366">
<LocList>
<Loc EndOffset="6213" SrcFileId="34" StartOffset="6182"/>
</LocList>
</BasicStmnt>
<BasicStmnt CovItemId="S143" CovItemPrefix="dataModels.Optimality.java" Intrnl_Id="2367">
<LocList>
<Loc EndOffset="6251" SrcFileId="34" StartOffset="6220"/>
</LocList>
</BasicStmnt>
<BasicStmnt CovItemId="S144" CovItemPrefix="dataModels.Optimality.java" Intrnl_Id="2368">
<LocList>
<Loc EndOffset="6289" SrcFileId="34" StartOffset="6258"/>
</LocList>
</BasicStmnt>
<BasicStmnt CovItemId="S145" CovItemPrefix="dataModels.Optimality.java" Intrnl_Id="2369">
<LocList>
<Loc EndOffset="6327" SrcFileId="34" StartOffset="6296"/>
</LocList>
</BasicStmnt>
<BasicStmnt CovItemId="S146" CovItemPrefix="dataModels.Optimality.java" Intrnl_Id="2370">
<LocList>
<Loc EndOffset="6367" SrcFileId="34" StartOffset="6334"/>
</LocList>
</BasicStmnt>
<BasicStmnt CovItemId="S147" CovItemPrefix="dataModels.Optimality.java" Intrnl_Id="2371">
<LocList>
<Loc EndOffset="6405" SrcFileId="34" StartOffset="6374"/>
</LocList>
</BasicStmnt>
<BasicStmnt CovItemId="S148" CovItemPrefix="dataModels.Optimality.java" Intrnl_Id="2372">
<LocList>
<Loc EndOffset="6443" SrcFileId="34" StartOffset="6412"/>
</LocList>
</BasicStmnt>
<BasicStmnt CovItemId="S149" CovItemPrefix="dataModels.Optimality.java" Intrnl_Id="2373">
<LocList>
<Loc EndOffset="6483" SrcFileId="34" StartOffset="6450"/>
</LocList>
</BasicStmnt>
<BasicStmnt CovItemId="S150" CovItemPrefix="dataModels.Optimality.java" Intrnl_Id="2374">
<LocList>
<Loc EndOffset="6521" SrcFileId="34" StartOffset="6490"/>
</LocList>
</BasicStmnt>
<BasicStmnt CovItemId="S151" CovItemPrefix="dataModels.Optimality.java" Intrnl_Id="2375">
<LocList>
<Loc EndOffset="6561" SrcFileId="34" StartOffset="6528"/>
</LocList>
</BasicStmnt>
<BasicStmnt CovItemId="S152" CovItemPrefix="dataModels.Optimality.java" Intrnl_Id="2376">
<LocList>
<Loc EndOffset="6599" SrcFileId="34" StartOffset="6568"/>
</LocList>
</BasicStmnt>
<BasicStmnt CovItemId="S153" CovItemPrefix="dataModels.Optimality.java" Intrnl_Id="2377">
<LocList>
<Loc EndOffset="6637" SrcFileId="34" StartOffset="6606"/>
</LocList>
</BasicStmnt>
<BasicStmnt CovItemId="S154" CovItemPrefix="dataModels.Optimality.java" Intrnl_Id="2378">
<LocList>
<Loc EndOffset="6675" SrcFileId="34" StartOffset="6644"/>
</LocList>
</BasicStmnt>
<BasicStmnt CovItemId="S155" CovItemPrefix="dataModels.Optimality.java" Intrnl_Id="2379">
<LocList>
<Loc EndOffset="6715" SrcFileId="34" StartOffset="6682"/>
</LocList>
</BasicStmnt>
<BasicStmnt CovItemId="S156" CovItemPrefix="dataModels.Optimality.java" Intrnl_Id="2380">
<LocList>
<Loc EndOffset="6755" SrcFileId="34" StartOffset="6722"/>
</LocList>
</BasicStmnt>
<BasicStmnt CovItemId="S157" CovItemPrefix="dataModels.Optimality.java" Intrnl_Id="2381">
<LocList>
<Loc EndOffset="6795" SrcFileId="34" StartOffset="6762"/>
</LocList>
</BasicStmnt>
<BasicStmnt CovItemId="S158" CovItemPrefix="dataModels.Optimality.java" Intrnl_Id="2382">
<LocList>
<Loc EndOffset="6835" SrcFileId="34" StartOffset="6802"/>
</LocList>
</BasicStmnt>
<BasicStmnt CovItemId="S159" CovItemPrefix="dataModels.Optimality.java" Intrnl_Id="2383">
<LocList>
<Loc EndOffset="6875" SrcFileId="34" StartOffset="6842"/>
</LocList>
</BasicStmnt>
<BasicStmnt CovItemId="S160" CovItemPrefix="dataModels.Optimality.java" Intrnl_Id="2384">
<LocList>
<Loc EndOffset="6913" SrcFileId="34" StartOffset="6882"/>
</LocList>
</BasicStmnt>
<BasicStmnt CovItemId="S161" CovItemPrefix="dataModels.Optimality.java" Intrnl_Id="2385">
<LocList>
<Loc EndOffset="6953" SrcFileId="34" StartOffset="6920"/>
</LocList>
</BasicStmnt>
<BasicStmnt CovItemId="S162" CovItemPrefix="dataModels.Optimality.java" Intrnl_Id="2386">
<LocList>
<Loc EndOffset="6993" SrcFileId="34" StartOffset="6960"/>
</LocList>
</BasicStmnt>
<BasicStmnt CovItemId="S163" CovItemPrefix="dataModels.Optimality.java" Intrnl_Id="2387">
<LocList>
<Loc EndOffset="7033" SrcFileId="34" StartOffset="7000"/>
</LocList>
</BasicStmnt>
<BasicStmnt CovItemId="S164" CovItemPrefix="dataModels.Optimality.java" Intrnl_Id="2388">
<LocList>
<Loc EndOffset="7071" SrcFileId="34" StartOffset="7040"/>
</LocList>
</BasicStmnt>
<BasicStmnt CovItemId="S165" CovItemPrefix="dataModels.Optimality.java" Intrnl_Id="2389">
<LocList>
<Loc EndOffset="7111" SrcFileId="34" StartOffset="7078"/>
</LocList>
</BasicStmnt>
<BasicStmnt CovItemId="S166" CovItemPrefix="dataModels.Optimality.java" Intrnl_Id="2390">
<LocList>
<Loc EndOffset="7151" SrcFileId="34" StartOffset="7118"/>
</LocList>
</BasicStmnt>
<BasicStmnt CovItemId="S167" CovItemPrefix="dataModels.Optimality.java" Intrnl_Id="2391">
<LocList>
<Loc EndOffset="7189" SrcFileId="34" StartOffset="7158"/>
</LocList>
</BasicStmnt>
<BasicStmnt CovItemId="S168" CovItemPrefix="dataModels.Optimality.java" Intrnl_Id="2392">
<LocList>
<Loc EndOffset="7227" SrcFileId="34" StartOffset="7196"/>
</LocList>
</BasicStmnt>
<BasicStmnt CovItemId="S169" CovItemPrefix="dataModels.Optimality.java" Intrnl_Id="2393">
<LocList>
<Loc EndOffset="7267" SrcFileId="34" StartOffset="7234"/>
</LocList>
</BasicStmnt>
<BasicStmnt CovItemId="S170" CovItemPrefix="dataModels.Optimality.java" Intrnl_Id="2394">
<LocList>
<Loc EndOffset="7307" SrcFileId="34" StartOffset="7274"/>
</LocList>
</BasicStmnt>
<BasicStmnt CovItemId="S171" CovItemPrefix="dataModels.Optimality.java" Intrnl_Id="2395">
<LocList>
<Loc EndOffset="7347" SrcFileId="34" StartOffset="7314"/>
</LocList>
</BasicStmnt>
<BasicStmnt CovItemId="S172" CovItemPrefix="dataModels.Optimality.java" Intrnl_Id="2396">
<LocList>
<Loc EndOffset="7387" SrcFileId="34" StartOffset="7354"/>
</LocList>
</BasicStmnt>
</StmntSeq>
<HierarchyLvl HierarchyLvlId="10058" HierarchyLvlTypeId="45" Intrnl_Id="2397" Name="getOptimalRatingForGame">
<Header>
<Loc EndOffset="7448" SrcFileId="34" StartOffset="7400"/>
</Header>
<LocList>
<Loc EndOffset="9015" SrcFileId="34" StartOffset="7400"/>
</LocList>
<StmntSeq Intrnl_Id="2398">
<LocList>
<Loc EndOffset="7509" SrcFileId="34" StartOffset="7456"/>
<Loc EndOffset="7571" SrcFileId="34" StartOffset="7517"/>
<Loc EndOffset="8822" SrcFileId="34" StartOffset="7579"/>
<Loc EndOffset="8845" SrcFileId="34" StartOffset="8830"/>
<Loc EndOffset="8863" SrcFileId="34" StartOffset="8849"/>
<Loc EndOffset="8940" SrcFileId="34" StartOffset="8867"/>
<Loc EndOffset="8972" SrcFileId="34" StartOffset="8948"/>
<Loc EndOffset="9007" SrcFileId="34" StartOffset="8980"/>
</LocList>
<BasicStmnt CovItemId="S173" CovItemPrefix="dataModels.Optimality.java" Intrnl_Id="2399">
<LocList>
<Loc EndOffset="7509" SrcFileId="34" StartOffset="7456"/>
</LocList>
</BasicStmnt>
<BasicStmnt CovItemId="S174" CovItemPrefix="dataModels.Optimality.java" Intrnl_Id="2400">
<LocList>
<Loc EndOffset="7571" SrcFileId="34" StartOffset="7517"/>
</LocList>
</BasicStmnt>
<LoopStmnt CovItemId="S175" CovItemPrefix="dataModels.Optimality.java" Intrnl_Id="2401" MltplExecId="L1-2" MltplExecPrefix="dataModels.Optimality.java" NvrExecId="L1-0" NvrExecPrefix="dataModels.Optimality.java" OnceExecutedId="L1-1" OnceExecutedPrefix="dataModels.Optimality.java" OptBodyExec="true">
<StmntSeq Intrnl_Id="2402">
<LocList>
<Loc EndOffset="7669" SrcFileId="34" StartOffset="7625"/>
<Loc EndOffset="8474" SrcFileId="34" StartOffset="8312"/>
<Loc EndOffset="8543" SrcFileId="34" StartOffset="8484"/>
<Loc EndOffset="8597" SrcFileId="34" StartOffset="8548"/>
<Loc EndOffset="8637" SrcFileId="34" StartOffset="8607"/>
<Loc EndOffset="8672" SrcFileId="34" StartOffset="8642"/>
<Loc EndOffset="8812" SrcFileId="34" StartOffset="8682"/>
</LocList>
<BasicStmnt CovItemId="S176" CovItemPrefix="dataModels.Optimality.java" Intrnl_Id="2403">
<LocList>
<Loc EndOffset="7669" SrcFileId="34" StartOffset="7625"/>
</LocList>
</BasicStmnt>
<CondStmnt CovItemId="S177" CovItemPrefix="dataModels.Optimality.java" Intrnl_Id="2404">
<Branch CovItemId="B1" CovItemPrefix="dataModels.Optimality.java" Implct="false" Intrnl_Id="2405">
<Cond/>
<LocList>
<Loc EndOffset="8474" SrcFileId="34" StartOffset="8465"/>
</LocList>
<StmntSeq Intrnl_Id="2406">
<LocList>
<Loc EndOffset="8474" SrcFileId="34" StartOffset="8465"/>
</LocList>
<BasicStmnt CovItemId="S178" CovItemPrefix="dataModels.Optimality.java" Intrnl_Id="2407">
<LocList>
<Loc EndOffset="8474" SrcFileId="34" StartOffset="8465"/>
</LocList>
</BasicStmnt>
</StmntSeq>
</Branch>
<Branch CovItemId="B2" CovItemPrefix="dataModels.Optimality.java" Implct="true" Intrnl_Id="2408">
<Cond/>
<LocList/>
<StmntSeq Intrnl_Id="2409">
<LocList/>
</StmntSeq>
</Branch>
<Keyword EndOffset="8314" SrcFileId="34" StartOffset="8312"/>
<LocList>
<Loc EndOffset="8474" SrcFileId="34" StartOffset="8312"/>
</LocList>
</CondStmnt>
<BasicStmnt CovItemId="S179" CovItemPrefix="dataModels.Optimality.java" Intrnl_Id="2410">
<LocList>
<Loc EndOffset="8543" SrcFileId="34" StartOffset="8484"/>
</LocList>
</BasicStmnt>
<BasicStmnt CovItemId="S180" CovItemPrefix="dataModels.Optimality.java" Intrnl_Id="2411">
<LocList>
<Loc EndOffset="8597" SrcFileId="34" StartOffset="8548"/>
</LocList>
</BasicStmnt>
<BasicStmnt CovItemId="S181" CovItemPrefix="dataModels.Optimality.java" Intrnl_Id="2412">
<LocList>
<Loc EndOffset="8637" SrcFileId="34" StartOffset="8607"/>
</LocList>
</BasicStmnt>
<BasicStmnt CovItemId="S182" CovItemPrefix="dataModels.Optimality.java" Intrnl_Id="2413">
<LocList>
<Loc EndOffset="8672" SrcFileId="34" StartOffset="8642"/>
</LocList>
</BasicStmnt>
<CondStmnt CovItemId="S183" CovItemPrefix="dataModels.Optimality.java" Intrnl_Id="2414">
<Branch CovItemId="B3" CovItemPrefix="dataModels.Optimality.java" Implct="false" Intrnl_Id="2415">
<Cond/>
<LocList>
<Loc EndOffset="8769" SrcFileId="34" StartOffset="8741"/>
</LocList>
<StmntSeq Intrnl_Id="2416">
<LocList>
<Loc EndOffset="8769" SrcFileId="34" StartOffset="8741"/>
</LocList>
<BasicStmnt CovItemId="S184" CovItemPrefix="dataModels.Optimality.java" Intrnl_Id="2417">
<LocList>
<Loc EndOffset="8769" SrcFileId="34" StartOffset="8741"/>
</LocList>
</BasicStmnt>
</StmntSeq>
</Branch>
<Branch CovItemId="B4" CovItemPrefix="dataModels.Optimality.java" Implct="false" Intrnl_Id="2418">
<Cond>
<Loc EndOffset="8778" SrcFileId="34" StartOffset="8774"/>
</Cond>
<LocList>
<Loc EndOffset="8812" SrcFileId="34" StartOffset="8784"/>
</LocList>
<StmntSeq Intrnl_Id="2419">
<LocList>
<Loc EndOffset="8812" SrcFileId="34" StartOffset="8784"/>
</LocList>
<BasicStmnt CovItemId="S185" CovItemPrefix="dataModels.Optimality.java" Intrnl_Id="2420">
<LocList>
<Loc EndOffset="8812" SrcFileId="34" StartOffset="8784"/>
</LocList>
</BasicStmnt>
</StmntSeq>
</Branch>
<Keyword EndOffset="8684" SrcFileId="34" StartOffset="8682"/>
<LocList>
<Loc EndOffset="8812" SrcFileId="34" StartOffset="8682"/>
</LocList>
</CondStmnt>
</StmntSeq>
<Keyword EndOffset="7582" SrcFileId="34" StartOffset="7579"/>
<LocList>
<Loc EndOffset="8822" SrcFileId="34" StartOffset="7579"/>
</LocList>
</LoopStmnt>
<BasicStmnt CovItemId="S186" CovItemPrefix="dataModels.Optimality.java" Intrnl_Id="2421">
<LocList>
<Loc EndOffset="8845" SrcFileId="34" StartOffset="8830"/>
</LocList>
</BasicStmnt>
<BasicStmnt CovItemId="S187" CovItemPrefix="dataModels.Optimality.java" Intrnl_Id="2422">
<LocList>
<Loc EndOffset="8863" SrcFileId="34" StartOffset="8849"/>
</LocList>
</BasicStmnt>
<LoopStmnt CovItemId="S188" CovItemPrefix="dataModels.Optimality.java" Intrnl_Id="2423" MltplExecId="L2-2" MltplExecPrefix="dataModels.Optimality.java" NvrExecId="L2-0" NvrExecPrefix="dataModels.Optimality.java" OnceExecutedId="L2-1" OnceExecutedPrefix="dataModels.Optimality.java" OptBodyExec="true">
<StmntSeq Intrnl_Id="2424">
<LocList>
<Loc EndOffset="8922" SrcFileId="34" StartOffset="8907"/>
<Loc EndOffset="8935" SrcFileId="34" StartOffset="8927"/>
</LocList>
<BasicStmnt CovItemId="S189" CovItemPrefix="dataModels.Optimality.java" Intrnl_Id="2425">
<LocList>
<Loc EndOffset="8922" SrcFileId="34" StartOffset="8907"/>
</LocList>
</BasicStmnt>
<BasicStmnt CovItemId="S190" CovItemPrefix="dataModels.Optimality.java" Intrnl_Id="2426">
<LocList>
<Loc EndOffset="8935" SrcFileId="34" StartOffset="8927"/>
</LocList>
</BasicStmnt>
</StmntSeq>
<Keyword EndOffset="8870" SrcFileId="34" StartOffset="8867"/>
<LocList>
<Loc EndOffset="8940" SrcFileId="34" StartOffset="8867"/>
</LocList>
</LoopStmnt>
<CondStmnt CovItemId="S191" CovItemPrefix="dataModels.Optimality.java" Intrnl_Id="2427">
<Branch CovItemId="B5" CovItemPrefix="dataModels.Optimality.java" Implct="false" Intrnl_Id="2428">
<Cond/>
<LocList>
<Loc EndOffset="8972" SrcFileId="34" StartOffset="8963"/>
</LocList>
<StmntSeq Intrnl_Id="2429">
<LocList>
<Loc EndOffset="8972" SrcFileId="34" StartOffset="8963"/>
</LocList>
<BasicStmnt CovItemId="S192" CovItemPrefix="dataModels.Optimality.java" Intrnl_Id="2430">
<LocList>
<Loc EndOffset="8972" SrcFileId="34" StartOffset="8963"/>
</LocList>
</BasicStmnt>
</StmntSeq>
</Branch>
<Branch CovItemId="B6" CovItemPrefix="dataModels.Optimality.java" Implct="true" Intrnl_Id="2431">
<Cond/>
<LocList/>
<StmntSeq Intrnl_Id="2432">
<LocList/>
</StmntSeq>
</Branch>
<Keyword EndOffset="8950" SrcFileId="34" StartOffset="8948"/>
<LocList>
<Loc EndOffset="8972" SrcFileId="34" StartOffset="8948"/>
</LocList>
</CondStmnt>
<BasicStmnt CovItemId="S193" CovItemPrefix="dataModels.Optimality.java" Intrnl_Id="2433">
<LocList>
<Loc EndOffset="9007" SrcFileId="34" StartOffset="8980"/>
</LocList>
</BasicStmnt>
</StmntSeq>
</HierarchyLvl>
<HierarchyLvl HierarchyLvlId="10059" HierarchyLvlTypeId="45" Intrnl_Id="2434" Name="preFlopOptimalityRating">
<Header>
<Loc EndOffset="9080" SrcFileId="34" StartOffset="9021"/>
</Header>
<LocList>
<Loc EndOffset="9224" SrcFileId="34" StartOffset="9021"/>
</LocList>
<StmntSeq Intrnl_Id="2435">
<LocList>
<Loc EndOffset="9124" SrcFileId="34" StartOffset="9088"/>
<Loc EndOffset="9175" SrcFileId="34" StartOffset="9132"/>
<Loc EndOffset="9216" SrcFileId="34" StartOffset="9187"/>
</LocList>
<BasicStmnt CovItemId="S194" CovItemPrefix="dataModels.Optimality.java" Intrnl_Id="2436">
<LocList>
<Loc EndOffset="9124" SrcFileId="34" StartOffset="9088"/>
</LocList>
</BasicStmnt>
<CondStmnt CovItemId="S195" CovItemPrefix="dataModels.Optimality.java" Intrnl_Id="2437">
<Branch CovItemId="B7" CovItemPrefix="dataModels.Optimality.java" Implct="false" Intrnl_Id="2438">
<Cond/>
<LocList>
<Loc EndOffset="9175" SrcFileId="34" StartOffset="9147"/>
</LocList>
<StmntSeq Intrnl_Id="2439">
<LocList>
<Loc EndOffset="9175" SrcFileId="34" StartOffset="9147"/>
</LocList>
<BasicStmnt CovItemId="S196" CovItemPrefix="dataModels.Optimality.java" Intrnl_Id="2440">
<LocList>
<Loc EndOffset="9175" SrcFileId="34" StartOffset="9147"/>
</LocList>
</BasicStmnt>
</StmntSeq>
</Branch>
<Branch CovItemId="B8" CovItemPrefix="dataModels.Optimality.java" Implct="true" Intrnl_Id="2441">
<Cond/>
<LocList/>
<StmntSeq Intrnl_Id="2442">
<LocList/>
</StmntSeq>
</Branch>
<Keyword EndOffset="9134" SrcFileId="34" StartOffset="9132"/>
<LocList>
<Loc EndOffset="9175" SrcFileId="34" StartOffset="9132"/>
</LocList>
</CondStmnt>
<BasicStmnt CovItemId="S197" CovItemPrefix="dataModels.Optimality.java" Intrnl_Id="2443">
<LocList>
<Loc EndOffset="9216" SrcFileId="34" StartOffset="9187"/>
</LocList>
</BasicStmnt>
</StmntSeq>
</HierarchyLvl>
<HierarchyLvl HierarchyLvlId="10060" HierarchyLvlTypeId="45" Intrnl_Id="2444" Name="getPreFlopEV">
<Header>
<Loc EndOffset="9278" SrcFileId="34" StartOffset="9230"/>
</Header>
<LocList>
<Loc EndOffset="9953" SrcFileId="34" StartOffset="9230"/>
</LocList>
<StmntSeq Intrnl_Id="2445">
<LocList>
<Loc EndOffset="9369" SrcFileId="34" StartOffset="9286"/>
<Loc EndOffset="9397" SrcFileId="34" StartOffset="9377"/>
<Loc EndOffset="9426" SrcFileId="34" StartOffset="9401"/>
<Loc EndOffset="9455" SrcFileId="34" StartOffset="9430"/>
<Loc EndOffset="9515" SrcFileId="34" StartOffset="9459"/>
<Loc EndOffset="9575" SrcFileId="34" StartOffset="9519"/>
<Loc EndOffset="9645" SrcFileId="34" StartOffset="9587"/>
<Loc EndOffset="9701" SrcFileId="34" StartOffset="9653"/>
<Loc EndOffset="9745" SrcFileId="34" StartOffset="9705"/>
<Loc EndOffset="9866" SrcFileId="34" StartOffset="9753"/>
<Loc EndOffset="9924" SrcFileId="34" StartOffset="9874"/>
<Loc EndOffset="9945" SrcFileId="34" StartOffset="9932"/>
</LocList>
<CondStmnt CovItemId="S198" CovItemPrefix="dataModels.Optimality.java" Intrnl_Id="2446">
<Branch CovItemId="B9" CovItemPrefix="dataModels.Optimality.java" Implct="false" Intrnl_Id="2447">
<Cond/>
<LocList>
<Loc EndOffset="9369" SrcFileId="34" StartOffset="9326"/>
</LocList>
<StmntSeq Intrnl_Id="2448">
<LocList>
<Loc EndOffset="9364" SrcFileId="34" StartOffset="9332"/>
</LocList>
<BasicStmnt CovItemId="S199" CovItemPrefix="dataModels.Optimality.java" Intrnl_Id="2449">
<LocList>
<Loc EndOffset="9364" SrcFileId="34" StartOffset="9332"/>
</LocList>
</BasicStmnt>
</StmntSeq>
</Branch>
<Branch CovItemId="B10" CovItemPrefix="dataModels.Optimality.java" Implct="true" Intrnl_Id="2450">
<Cond/>
<LocList/>
<StmntSeq Intrnl_Id="2451">
<LocList/>
</StmntSeq>
</Branch>
<Keyword EndOffset="9288" SrcFileId="34" StartOffset="9286"/>
<LocList>
<Loc EndOffset="9369" SrcFileId="34" StartOffset="9286"/>
</LocList>
</CondStmnt>
<BasicStmnt CovItemId="S200" CovItemPrefix="dataModels.Optimality.java" Intrnl_Id="2452">
<LocList>
<Loc EndOffset="9397" SrcFileId="34" StartOffset="9377"/>
</LocList>
</BasicStmnt>
<BasicStmnt CovItemId="S201" CovItemPrefix="dataModels.Optimality.java" Intrnl_Id="2453">
<LocList>
<Loc EndOffset="9426" SrcFileId="34" StartOffset="9401"/>
</LocList>
</BasicStmnt>
<BasicStmnt CovItemId="S202" CovItemPrefix="dataModels.Optimality.java" Intrnl_Id="2454">
<LocList>
<Loc EndOffset="9455" SrcFileId="34" StartOffset="9430"/>
</LocList>
</BasicStmnt>
<BasicStmnt CovItemId="S203" CovItemPrefix="dataModels.Optimality.java" Intrnl_Id="2455">
<LocList>
<Loc EndOffset="9515" SrcFileId="34" StartOffset="9459"/>
</LocList>
</BasicStmnt>
<BasicStmnt CovItemId="S204" CovItemPrefix="dataModels.Optimality.java" Intrnl_Id="2456">
<LocList>
<Loc EndOffset="9575" SrcFileId="34" StartOffset="9519"/>
</LocList>
</BasicStmnt>
<CondStmnt CovItemId="S205" CovItemPrefix="dataModels.Optimality.java" Intrnl_Id="2457">
<Branch CovItemId="B11" CovItemPrefix="dataModels.Optimality.java" Implct="false" Intrnl_Id="2458">
<Cond/>
<LocList>
<Loc EndOffset="9645" SrcFileId="34" StartOffset="9630"/>
</LocList>
<StmntSeq Intrnl_Id="2459">
<LocList>
<Loc EndOffset="9645" SrcFileId="34" StartOffset="9630"/>
</LocList>
<BasicStmnt CovItemId="S206" CovItemPrefix="dataModels.Optimality.java" Intrnl_Id="2460">
<LocList>
<Loc EndOffset="9645" SrcFileId="34" StartOffset="9630"/>
</LocList>
</BasicStmnt>
</StmntSeq>
</Branch>
<Branch CovItemId="B12" CovItemPrefix="dataModels.Optimality.java" Implct="true" Intrnl_Id="2461">
<Cond/>
<LocList/>
<StmntSeq Intrnl_Id="2462">
<LocList/>
</StmntSeq>
</Branch>
<Keyword EndOffset="9589" SrcFileId="34" StartOffset="9587"/>
<LocList>
<Loc EndOffset="9645" SrcFileId="34" StartOffset="9587"/>
</LocList>
</CondStmnt>
<BasicStmnt CovItemId="S207" CovItemPrefix="dataModels.Optimality.java" Intrnl_Id="2463">
<LocList>
<Loc EndOffset="9701" SrcFileId="34" StartOffset="9653"/>
</LocList>
</BasicStmnt>
<BasicStmnt CovItemId="S208" CovItemPrefix="dataModels.Optimality.java" Intrnl_Id="2464">
<LocList>
<Loc EndOffset="9745" SrcFileId="34" StartOffset="9705"/>
</LocList>
</BasicStmnt>
<CondStmnt CovItemId="S209" CovItemPrefix="dataModels.Optimality.java" Intrnl_Id="2465">
<Branch CovItemId="B13" CovItemPrefix="dataModels.Optimality.java" Implct="false" Intrnl_Id="2466">
<Cond/>
<LocList>
<Loc EndOffset="9866" SrcFileId="34" StartOffset="9775"/>
</LocList>
<StmntSeq Intrnl_Id="2467">
<LocList>
<Loc EndOffset="9822" SrcFileId="34" StartOffset="9781"/>
<Loc EndOffset="9860" SrcFileId="34" StartOffset="9827"/>
</LocList>
<BasicStmnt CovItemId="S210" CovItemPrefix="dataModels.Optimality.java" Intrnl_Id="2468">
<LocList>
<Loc EndOffset="9822" SrcFileId="34" StartOffset="9781"/>
</LocList>
</BasicStmnt>
<BasicStmnt CovItemId="S211" CovItemPrefix="dataModels.Optimality.java" Intrnl_Id="2469">
<LocList>
<Loc EndOffset="9860" SrcFileId="34" StartOffset="9827"/>
</LocList>
</BasicStmnt>
</StmntSeq>
</Branch>
<Branch CovItemId="B14" CovItemPrefix="dataModels.Optimality.java" Implct="true" Intrnl_Id="2470">
<Cond/>
<LocList/>
<StmntSeq Intrnl_Id="2471">
<LocList/>
</StmntSeq>
</Branch>
<Keyword EndOffset="9755" SrcFileId="34" StartOffset="9753"/>
<LocList>
<Loc EndOffset="9866" SrcFileId="34" StartOffset="9753"/>
</LocList>
</CondStmnt>
<CondStmnt CovItemId="S212" CovItemPrefix="dataModels.Optimality.java" Intrnl_Id="2472">
<Branch CovItemId="B15" CovItemPrefix="dataModels.Optimality.java" Implct="false" Intrnl_Id="2473">
<Cond/>
<LocList>
<Loc EndOffset="9924" SrcFileId="34" StartOffset="9892"/>
</LocList>
<StmntSeq Intrnl_Id="2474">
<LocList>
<Loc EndOffset="9924" SrcFileId="34" StartOffset="9892"/>
</LocList>
<BasicStmnt CovItemId="S213" CovItemPrefix="dataModels.Optimality.java" Intrnl_Id="2475">
<LocList>
<Loc EndOffset="9924" SrcFileId="34" StartOffset="9892"/>
</LocList>
</BasicStmnt>
</StmntSeq>
</Branch>
<Branch CovItemId="B16" CovItemPrefix="dataModels.Optimality.java" Implct="true" Intrnl_Id="2476">
<Cond/>
<LocList/>
<StmntSeq Intrnl_Id="2477">
<LocList/>
</StmntSeq>
</Branch>
<Keyword EndOffset="9876" SrcFileId="34" StartOffset="9874"/>
<LocList>
<Loc EndOffset="9924" SrcFileId="34" StartOffset="9874"/>
</LocList>
</CondStmnt>
<BasicStmnt CovItemId="S214" CovItemPrefix="dataModels.Optimality.java" Intrnl_Id="2478">
<LocList>
<Loc EndOffset="9945" SrcFileId="34" StartOffset="9932"/>
</LocList>
</BasicStmnt>
</StmntSeq>
</HierarchyLvl>
<HierarchyLvl HierarchyLvlId="10061" HierarchyLvlTypeId="45" Intrnl_Id="2479" Name="getNextCardFutureRankings">
<Header>
<Loc EndOffset="10047" SrcFileId="34" StartOffset="9959"/>
</Header>
<LocList>
<Loc EndOffset="10964" SrcFileId="34" StartOffset="9959"/>
</LocList>
<StmntSeq Intrnl_Id="2480">
<LocList>
<Loc EndOffset="10084" SrcFileId="34" StartOffset="10055"/>
<Loc EndOffset="10130" SrcFileId="34" StartOffset="10088"/>
<Loc EndOffset="10148" SrcFileId="34" StartOffset="10134"/>
<Loc EndOffset="10193" SrcFileId="34" StartOffset="10156"/>
<Loc EndOffset="10938" SrcFileId="34" StartOffset="10230"/>
<Loc EndOffset="10960" SrcFileId="34" StartOffset="10950"/>
</LocList>
<BasicStmnt CovItemId="S215" CovItemPrefix="dataModels.Optimality.java" Intrnl_Id="2481">
<LocList>
<Loc EndOffset="10084" SrcFileId="34" StartOffset="10055"/>
</LocList>
</BasicStmnt>
<BasicStmnt CovItemId="S216" CovItemPrefix="dataModels.Optimality.java" Intrnl_Id="2482">
<LocList>
<Loc EndOffset="10130" SrcFileId="34" StartOffset="10088"/>
</LocList>
</BasicStmnt>
<BasicStmnt CovItemId="S217" CovItemPrefix="dataModels.Optimality.java" Intrnl_Id="2483">
<LocList>
<Loc EndOffset="10148" SrcFileId="34" StartOffset="10134"/>
</LocList>
</BasicStmnt>
<BasicStmnt CovItemId="S218" CovItemPrefix="dataModels.Optimality.java" Intrnl_Id="2484">
<LocList>
<Loc EndOffset="10193" SrcFileId="34" StartOffset="10156"/>
</LocList>
</BasicStmnt>
<LoopStmnt CovItemId="S219" CovItemPrefix="dataModels.Optimality.java" Intrnl_Id="2485" MltplExecId="L3-2" MltplExecPrefix="dataModels.Optimality.java" NvrExecId="L3-0" NvrExecPrefix="dataModels.Optimality.java" OnceExecutedId="L3-1" OnceExecutedPrefix="dataModels.Optimality.java" OptBodyExec="true">
<StmntSeq Intrnl_Id="2486">
<LocList>
<Loc EndOffset="10924" SrcFileId="34" StartOffset="10296"/>
</LocList>
<LoopStmnt CovItemId="S220" CovItemPrefix="dataModels.Optimality.java" Intrnl_Id="2487" MltplExecId="L4-2" MltplExecPrefix="dataModels.Optimality.java" NvrExecId="L4-0" NvrExecPrefix="dataModels.Optimality.java" OnceExecutedId="L4-1" OnceExecutedPrefix="dataModels.Optimality.java" OptBodyExec="true">
<StmntSeq Intrnl_Id="2488">
<LocList>
<Loc EndOffset="10374" SrcFileId="34" StartOffset="10344"/>
<Loc EndOffset="10411" SrcFileId="34" StartOffset="10390"/>
<Loc EndOffset="10505" SrcFileId="34" StartOffset="10421"/>
<Loc EndOffset="10614" SrcFileId="34" StartOffset="10513"/>
<Loc EndOffset="10648" SrcFileId="34" StartOffset="10630"/>
<Loc EndOffset="10718" SrcFileId="34" StartOffset="10680"/>
<Loc EndOffset="10799" SrcFileId="34" StartOffset="10734"/>
<Loc EndOffset="10837" SrcFileId="34" StartOffset="10809"/>
<Loc EndOffset="10916" SrcFileId="34" StartOffset="10856"/>
</LocList>
<BasicStmnt CovItemId="S221" CovItemPrefix="dataModels.Optimality.java" Intrnl_Id="2489">
<LocList>
<Loc EndOffset="10374" SrcFileId="34" StartOffset="10344"/>
</LocList>
</BasicStmnt>
<BasicStmnt CovItemId="S222" CovItemPrefix="dataModels.Optimality.java" Intrnl_Id="2490">
<LocList>
<Loc EndOffset="10411" SrcFileId="34" StartOffset="10390"/>
</LocList>
</BasicStmnt>
<LoopStmnt CovItemId="S223" CovItemPrefix="dataModels.Optimality.java" Intrnl_Id="2491" MltplExecId="L5-2" MltplExecPrefix="dataModels.Optimality.java" NvrExecId="L5-0" NvrExecPrefix="dataModels.Optimality.java" OnceExecutedId="L5-1" OnceExecutedPrefix="dataModels.Optimality.java" OptBodyExec="true">
<StmntSeq Intrnl_Id="2492">
<LocList>
<Loc EndOffset="10505" SrcFileId="34" StartOffset="10454"/>
</LocList>
<CondStmnt CovItemId="S224" CovItemPrefix="dataModels.Optimality.java" Intrnl_Id="2493">
<Branch CovItemId="B17" CovItemPrefix="dataModels.Optimality.java" Implct="false" Intrnl_Id="2494">
<Cond/>
<LocList>
<Loc EndOffset="10505" SrcFileId="34" StartOffset="10485"/>
</LocList>
<StmntSeq Intrnl_Id="2495">
<LocList>
<Loc EndOffset="10498" SrcFileId="34" StartOffset="10486"/>
<Loc EndOffset="10504" SrcFileId="34" StartOffset="10498"/>
</LocList>
<BasicStmnt CovItemId="S225" CovItemPrefix="dataModels.Optimality.java" Intrnl_Id="2496">
<LocList>
<Loc EndOffset="10498" SrcFileId="34" StartOffset="10486"/>
</LocList>
</BasicStmnt>
<BasicStmnt CovItemId="S226" CovItemPrefix="dataModels.Optimality.java" Intrnl_Id="2497">
<LocList>
<Loc EndOffset="10504" SrcFileId="34" StartOffset="10498"/>
</LocList>
</BasicStmnt>
</StmntSeq>
</Branch>
<Branch CovItemId="B18" CovItemPrefix="dataModels.Optimality.java" Implct="true" Intrnl_Id="2498">
<Cond/>
<LocList/>
<StmntSeq Intrnl_Id="2499">
<LocList/>
</StmntSeq>
</Branch>
<Keyword EndOffset="10456" SrcFileId="34" StartOffset="10454"/>
<LocList>
<Loc EndOffset="10505" SrcFileId="34" StartOffset="10454"/>
</LocList>
</CondStmnt>
</StmntSeq>
<Keyword EndOffset="10424" SrcFileId="34" StartOffset="10421"/>
<LocList>
<Loc EndOffset="10505" SrcFileId="34" StartOffset="10421"/>
</LocList>
</LoopStmnt>
<CondStmnt CovItemId="S227" CovItemPrefix="dataModels.Optimality.java" Intrnl_Id="2500">
<Branch CovItemId="B19" CovItemPrefix="dataModels.Optimality.java" Implct="false" Intrnl_Id="2501">
<Cond/>
<LocList>
<Loc EndOffset="10614" SrcFileId="34" StartOffset="10530"/>
</LocList>
<StmntSeq Intrnl_Id="2502">
<LocList>
<Loc EndOffset="10614" SrcFileId="34" StartOffset="10530"/>
</LocList>
<LoopStmnt CovItemId="S228" CovItemPrefix="dataModels.Optimality.java" Intrnl_Id="2503" MltplExecId="L6-2" MltplExecPrefix="dataModels.Optimality.java" NvrExecId="L6-0" NvrExecPrefix="dataModels.Optimality.java" OnceExecutedId="L6-1" OnceExecutedPrefix="dataModels.Optimality.java" OptBodyExec="true">
<StmntSeq Intrnl_Id="2504">
<LocList>
<Loc EndOffset="10614" SrcFileId="34" StartOffset="10563"/>
</LocList>
<CondStmnt CovItemId="S229" CovItemPrefix="dataModels.Optimality.java" Intrnl_Id="2505">
<Branch CovItemId="B21" CovItemPrefix="dataModels.Optimality.java" Implct="false" Intrnl_Id="2506">
<Cond/>
<LocList>
<Loc EndOffset="10614" SrcFileId="34" StartOffset="10594"/>
</LocList>
<StmntSeq Intrnl_Id="2507">
<LocList>
<Loc EndOffset="10607" SrcFileId="34" StartOffset="10595"/>
<Loc EndOffset="10613" SrcFileId="34" StartOffset="10607"/>
</LocList>
<BasicStmnt CovItemId="S230" CovItemPrefix="dataModels.Optimality.java" Intrnl_Id="2508">
<LocList>
<Loc EndOffset="10607" SrcFileId="34" StartOffset="10595"/>
</LocList>
</BasicStmnt>
<BasicStmnt CovItemId="S231" CovItemPrefix="dataModels.Optimality.java" Intrnl_Id="2509">
<LocList>
<Loc EndOffset="10613" SrcFileId="34" StartOffset="10607"/>
</LocList>
</BasicStmnt>
</StmntSeq>
</Branch>
<Branch CovItemId="B22" CovItemPrefix="dataModels.Optimality.java" Implct="true" Intrnl_Id="2510">
<Cond/>
<LocList/>
<StmntSeq Intrnl_Id="2511">
<LocList/>
</StmntSeq>
</Branch>
<Keyword EndOffset="10565" SrcFileId="34" StartOffset="10563"/>
<LocList>
<Loc EndOffset="10614" SrcFileId="34" StartOffset="10563"/>
</LocList>
</CondStmnt>
</StmntSeq>
<Keyword EndOffset="10533" SrcFileId="34" StartOffset="10530"/>
<LocList>
<Loc EndOffset="10614" SrcFileId="34" StartOffset="10530"/>
</LocList>
</LoopStmnt>
</StmntSeq>
</Branch>
<Branch CovItemId="B20" CovItemPrefix="dataModels.Optimality.java" Implct="true" Intrnl_Id="2512">
<Cond/>
<LocList/>
<StmntSeq Intrnl_Id="2513">
<LocList/>
</StmntSeq>
</Branch>
<Keyword EndOffset="10515" SrcFileId="34" StartOffset="10513"/>
<LocList>
<Loc EndOffset="10614" SrcFileId="34" StartOffset="10513"/>
</LocList>
</CondStmnt>
<CondStmnt CovItemId="S232" CovItemPrefix="dataModels.Optimality.java" Intrnl_Id="2514">
<Branch CovItemId="B23" CovItemPrefix="dataModels.Optimality.java" Implct="false" Intrnl_Id="2515">
<Cond/>
<LocList>
<Loc EndOffset="10648" SrcFileId="34" StartOffset="10639"/>
</LocList>
<StmntSeq Intrnl_Id="2516">
<LocList>
<Loc EndOffset="10648" SrcFileId="34" StartOffset="10639"/>
</LocList>
<BasicStmnt CovItemId="S233" CovItemPrefix="dataModels.Optimality.java" Intrnl_Id="2517">
<LocList>
<Loc EndOffset="10648" SrcFileId="34" StartOffset="10639"/>
</LocList>
</BasicStmnt>
</StmntSeq>
</Branch>
<Branch CovItemId="B24" CovItemPrefix="dataModels.Optimality.java" Implct="true" Intrnl_Id="2518">
<Cond/>
<LocList/>
<StmntSeq Intrnl_Id="2519">
<LocList/>
</StmntSeq>
</Branch>
<Keyword EndOffset="10632" SrcFileId="34" StartOffset="10630"/>
<LocList>
<Loc EndOffset="10648" SrcFileId="34" StartOffset="10630"/>
</LocList>
</CondStmnt>
<BasicStmnt CovItemId="S234" CovItemPrefix="dataModels.Optimality.java" Intrnl_Id="2520">
<LocList>
<Loc EndOffset="10718" SrcFileId="34" StartOffset="10680"/>
</LocList>
</BasicStmnt>
<LoopStmnt CovItemId="S235" CovItemPrefix="dataModels.Optimality.java" Intrnl_Id="2521" MltplExecId="L7-2" MltplExecPrefix="dataModels.Optimality.java" NvrExecId="L7-0" NvrExecPrefix="dataModels.Optimality.java" OnceExecutedId="L7-1" OnceExecutedPrefix="dataModels.Optimality.java" OptBodyExec="true">
<StmntSeq Intrnl_Id="2522">
<LocList>
<Loc EndOffset="10799" SrcFileId="34" StartOffset="10778"/>
</LocList>
<BasicStmnt CovItemId="S236" CovItemPrefix="dataModels.Optimality.java" Intrnl_Id="2523">
<LocList>
<Loc EndOffset="10799" SrcFileId="34" StartOffset="10778"/>
</LocList>
</BasicStmnt>
</StmntSeq>
<Keyword EndOffset="10737" SrcFileId="34" StartOffset="10734"/>
<LocList>
<Loc EndOffset="10799" SrcFileId="34" StartOffset="10734"/>
</LocList>
</LoopStmnt>
<BasicStmnt CovItemId="S237" CovItemPrefix="dataModels.Optimality.java" Intrnl_Id="2524">
<LocList>
<Loc EndOffset="10837" SrcFileId="34" StartOffset="10809"/>
</LocList>
</BasicStmnt>
<BasicStmnt CovItemId="S238" CovItemPrefix="dataModels.Optimality.java" Intrnl_Id="2525">
<LocList>
<Loc EndOffset="10916" SrcFileId="34" StartOffset="10856"/>
</LocList>
</BasicStmnt>
</StmntSeq>
<Keyword EndOffset="10299" SrcFileId="34" StartOffset="10296"/>
<LocList>
<Loc EndOffset="10924" SrcFileId="34" StartOffset="10296"/>
</LocList>
</LoopStmnt>
</StmntSeq>
<Keyword EndOffset="10233" SrcFileId="34" StartOffset="10230"/>
<LocList>
<Loc EndOffset="10938" SrcFileId="34" StartOffset="10230"/>
</LocList>
</LoopStmnt>
<BasicStmnt CovItemId="S239" CovItemPrefix="dataModels.Optimality.java" Intrnl_Id="2526">
<LocList>
<Loc EndOffset="10960" SrcFileId="34" StartOffset="10950"/>
</LocList>
</BasicStmnt>
</StmntSeq>
</HierarchyLvl>
<HierarchyLvl HierarchyLvlId="10062" HierarchyLvlTypeId="45" Intrnl_Id="2527" Name="isPositiveEV">
<Header>
<Loc EndOffset="11069" SrcFileId="34" StartOffset="10970"/>
</Header>
<LocList>
<Loc EndOffset="11206" SrcFileId="34" StartOffset="10970"/>
</LocList>
<StmntSeq Intrnl_Id="2528">
<LocList>
<Loc EndOffset="11136" SrcFileId="34" StartOffset="11081"/>
<Loc EndOffset="11198" SrcFileId="34" StartOffset="11144"/>
</LocList>
<BasicStmnt CovItemId="S240" CovItemPrefix="dataModels.Optimality.java" Intrnl_Id="2529">
<LocList>
<Loc EndOffset="11136" SrcFileId="34" StartOffset="11081"/>
</LocList>
</BasicStmnt>
<CondStmnt CovItemId="S241" CovItemPrefix="dataModels.Optimality.java" Intrnl_Id="2530">
<Branch CovItemId="B25" CovItemPrefix="dataModels.Optimality.java" Implct="false" Intrnl_Id="2531">
<Cond/>
<LocList>
<Loc EndOffset="11171" SrcFileId="34" StartOffset="11159"/>
</LocList>
<StmntSeq Intrnl_Id="2532">
<LocList>
<Loc EndOffset="11171" SrcFileId="34" StartOffset="11159"/>
</LocList>
<BasicStmnt CovItemId="S242" CovItemPrefix="dataModels.Optimality.java" Intrnl_Id="2533">
<LocList>
<Loc EndOffset="11171" SrcFileId="34" StartOffset="11159"/>
</LocList>
</BasicStmnt>
</StmntSeq>
</Branch>
<Branch CovItemId="B26" CovItemPrefix="dataModels.Optimality.java" Implct="false" Intrnl_Id="2534">
<Cond>
<Loc EndOffset="11179" SrcFileId="34" StartOffset="11175"/>
</Cond>
<LocList>
<Loc EndOffset="11198" SrcFileId="34" StartOffset="11185"/>
</LocList>
<StmntSeq Intrnl_Id="2535">
<LocList>
<Loc EndOffset="11198" SrcFileId="34" StartOffset="11185"/>
</LocList>
<BasicStmnt CovItemId="S243" CovItemPrefix="dataModels.Optimality.java" Intrnl_Id="2536">
<LocList>
<Loc EndOffset="11198" SrcFileId="34" StartOffset="11185"/>
</LocList>
</BasicStmnt>
</StmntSeq>
</Branch>
<Keyword EndOffset="11146" SrcFileId="34" StartOffset="11144"/>
<LocList>
<Loc EndOffset="11198" SrcFileId="34" StartOffset="11144"/>
</LocList>
</CondStmnt>
</StmntSeq>
</HierarchyLvl>
<HierarchyLvl HierarchyLvlId="10063" HierarchyLvlTypeId="45" Intrnl_Id="2537" Name="getTotalEv">
<Header>
<Loc EndOffset="11308" SrcFileId="34" StartOffset="11212"/>
</Header>
<LocList>
<Loc EndOffset="12001" SrcFileId="34" StartOffset="11212"/>
</LocList>
<StmntSeq Intrnl_Id="2538">
<LocList>
<Loc EndOffset="11372" SrcFileId="34" StartOffset="11320"/>
<Loc EndOffset="11428" SrcFileId="34" StartOffset="11376"/>
<Loc EndOffset="11489" SrcFileId="34" StartOffset="11436"/>
<Loc EndOffset="11589" SrcFileId="34" StartOffset="11523"/>
<Loc EndOffset="11833" SrcFileId="34" StartOffset="11729"/>
<Loc EndOffset="11972" SrcFileId="34" StartOffset="11911"/>
<Loc EndOffset="11993" SrcFileId="34" StartOffset="11984"/>
</LocList>
<BasicStmnt CovItemId="S244" CovItemPrefix="dataModels.Optimality.java" Intrnl_Id="2539">
<LocList>
<Loc EndOffset="11372" SrcFileId="34" StartOffset="11320"/>
</LocList>
</BasicStmnt>
<BasicStmnt CovItemId="S245" CovItemPrefix="dataModels.Optimality.java" Intrnl_Id="2540">
<LocList>
<Loc EndOffset="11428" SrcFileId="34" StartOffset="11376"/>
</LocList>
</BasicStmnt>
<BasicStmnt CovItemId="S246" CovItemPrefix="dataModels.Optimality.java" Intrnl_Id="2541">
<LocList>
<Loc EndOffset="11489" SrcFileId="34" StartOffset="11436"/>
</LocList>
</BasicStmnt>
<CondStmnt CovItemId="S247" CovItemPrefix="dataModels.Optimality.java" Intrnl_Id="2542">
<Branch CovItemId="B27" CovItemPrefix="dataModels.Optimality.java" Implct="false" Intrnl_Id="2543">
<Cond/>
<LocList>
<Loc EndOffset="11589" SrcFileId="34" StartOffset="11547"/>
</LocList>
<StmntSeq Intrnl_Id="2544">
<LocList>
<Loc EndOffset="11589" SrcFileId="34" StartOffset="11547"/>
</LocList>
<BasicStmnt CovItemId="S248" CovItemPrefix="dataModels.Optimality.java" Intrnl_Id="2545">
<LocList>
<Loc EndOffset="11589" SrcFileId="34" StartOffset="11547"/>
</LocList>
</BasicStmnt>
</StmntSeq>
</Branch>
<Branch CovItemId="B28" CovItemPrefix="dataModels.Optimality.java" Implct="true" Intrnl_Id="2546">
<Cond/>
<LocList/>
<StmntSeq Intrnl_Id="2547">
<LocList/>
</StmntSeq>
</Branch>
<Keyword EndOffset="11525" SrcFileId="34" StartOffset="11523"/>
<LocList>
<Loc EndOffset="11589" SrcFileId="34" StartOffset="11523"/>
</LocList>
</CondStmnt>
<CondStmnt CovItemId="S249" CovItemPrefix="dataModels.Optimality.java" Intrnl_Id="2548">
<Branch CovItemId="B29" CovItemPrefix="dataModels.Optimality.java" Implct="false" Intrnl_Id="2549">
<Cond/>
<LocList>
<Loc EndOffset="11833" SrcFileId="34" StartOffset="11767"/>
</LocList>
<StmntSeq Intrnl_Id="2550">
<LocList>
<Loc EndOffset="11828" SrcFileId="34" StartOffset="11773"/>
</LocList>
<BasicStmnt CovItemId="S250" CovItemPrefix="dataModels.Optimality.java" Intrnl_Id="2551">
<LocList>
<Loc EndOffset="11828" SrcFileId="34" StartOffset="11773"/>
</LocList>
</BasicStmnt>
</StmntSeq>
</Branch>
<Branch CovItemId="B30" CovItemPrefix="dataModels.Optimality.java" Implct="true" Intrnl_Id="2552">
<Cond/>
<LocList/>
<StmntSeq Intrnl_Id="2553">
<LocList/>
</StmntSeq>
</Branch>
<Keyword EndOffset="11731" SrcFileId="34" StartOffset="11729"/>
<LocList>
<Loc EndOffset="11833" SrcFileId="34" StartOffset="11729"/>
</LocList>
</CondStmnt>
<CondStmnt CovItemId="S251" CovItemPrefix="dataModels.Optimality.java" Intrnl_Id="2554">
<Branch CovItemId="B31" CovItemPrefix="dataModels.Optimality.java" Implct="false" Intrnl_Id="2555">
<Cond/>
<LocList>
<Loc EndOffset="11972" SrcFileId="34" StartOffset="11933"/>
</LocList>
<StmntSeq Intrnl_Id="2556">
<LocList>
<Loc EndOffset="11972" SrcFileId="34" StartOffset="11933"/>
</LocList>
<BasicStmnt CovItemId="S252" CovItemPrefix="dataModels.Optimality.java" Intrnl_Id="2557">
<LocList>
<Loc EndOffset="11972" SrcFileId="34" StartOffset="11933"/>
</LocList>
</BasicStmnt>
</StmntSeq>
</Branch>
<Branch CovItemId="B32" CovItemPrefix="dataModels.Optimality.java" Implct="true" Intrnl_Id="2558">
<Cond/>
<LocList/>
<StmntSeq Intrnl_Id="2559">
<LocList/>
</StmntSeq>
</Branch>
<Keyword EndOffset="11913" SrcFileId="34" StartOffset="11911"/>
<LocList>
<Loc EndOffset="11972" SrcFileId="34" StartOffset="11911"/>
</LocList>
</CondStmnt>
<BasicStmnt CovItemId="S253" CovItemPrefix="dataModels.Optimality.java" Intrnl_Id="2560">
<LocList>
<Loc EndOffset="11993" SrcFileId="34" StartOffset="11984"/>
</LocList>
</BasicStmnt>
</StmntSeq>
</HierarchyLvl>
<HierarchyLvl HierarchyLvlId="10064" HierarchyLvlTypeId="45" Intrnl_Id="2561" Name="getHandEV">
<Header>
<Loc EndOffset="12080" SrcFileId="34" StartOffset="12007"/>
</Header>
<LocList>
<Loc EndOffset="13739" SrcFileId="34" StartOffset="12007"/>
</LocList>
<StmntSeq Intrnl_Id="2562">
<LocList>
<Loc EndOffset="12102" SrcFileId="34" StartOffset="12088"/>
<Loc EndOffset="12148" SrcFileId="34" StartOffset="12106"/>
<Loc EndOffset="12186" SrcFileId="34" StartOffset="12152"/>
<Loc EndOffset="12230" SrcFileId="34" StartOffset="12194"/>
<Loc EndOffset="12288" SrcFileId="34" StartOffset="12238"/>
<Loc EndOffset="12352" SrcFileId="34" StartOffset="12292"/>
<Loc EndOffset="12414" SrcFileId="34" StartOffset="12360"/>
<Loc EndOffset="13715" SrcFileId="34" StartOffset="12449"/>
<Loc EndOffset="13735" SrcFileId="34" StartOffset="13725"/>
</LocList>
<BasicStmnt CovItemId="S254" CovItemPrefix="dataModels.Optimality.java" Intrnl_Id="2563">
<LocList>
<Loc EndOffset="12102" SrcFileId="34" StartOffset="12088"/>
</LocList>
</BasicStmnt>
<BasicStmnt CovItemId="S255" CovItemPrefix="dataModels.Optimality.java" Intrnl_Id="2564">
<LocList>
<Loc EndOffset="12148" SrcFileId="34" StartOffset="12106"/>
</LocList>
</BasicStmnt>
<BasicStmnt CovItemId="S256" CovItemPrefix="dataModels.Optimality.java" Intrnl_Id="2565">
<LocList>
<Loc EndOffset="12186" SrcFileId="34" StartOffset="12152"/>
</LocList>
</BasicStmnt>
<BasicStmnt CovItemId="S257" CovItemPrefix="dataModels.Optimality.java" Intrnl_Id="2566">
<LocList>
<Loc EndOffset="12230" SrcFileId="34" StartOffset="12194"/>
</LocList>
</BasicStmnt>
<BasicStmnt CovItemId="S258" CovItemPrefix="dataModels.Optimality.java" Intrnl_Id="2567">
<LocList>
<Loc EndOffset="12288" SrcFileId="34" StartOffset="12238"/>
</LocList>
</BasicStmnt>
<BasicStmnt CovItemId="S259" CovItemPrefix="dataModels.Optimality.java" Intrnl_Id="2568">
<LocList>
<Loc EndOffset="12352" SrcFileId="34" StartOffset="12292"/>
</LocList>
</BasicStmnt>
<BasicStmnt CovItemId="S260" CovItemPrefix="dataModels.Optimality.java" Intrnl_Id="2569">
<LocList>
<Loc EndOffset="12414" SrcFileId="34" StartOffset="12360"/>
</LocList>
</BasicStmnt>
<LoopStmnt CovItemId="S261" CovItemPrefix="dataModels.Optimality.java" Intrnl_Id="2570" MltplExecId="L8-2" MltplExecPrefix="dataModels.Optimality.java" NvrExecId="L8-0" NvrExecPrefix="dataModels.Optimality.java" OnceExecutedId="L8-1" OnceExecutedPrefix="dataModels.Optimality.java" OptBodyExec="true">
<StmntSeq Intrnl_Id="2571">
<LocList>
<Loc EndOffset="13710" SrcFileId="34" StartOffset="12509"/>
</LocList>
<LoopStmnt CovItemId="S262" CovItemPrefix="dataModels.Optimality.java" Intrnl_Id="2572" MltplExecId="L9-2" MltplExecPrefix="dataModels.Optimality.java" NvrExecId="L9-0" NvrExecPrefix="dataModels.Optimality.java" OnceExecutedId="L9-1" OnceExecutedPrefix="dataModels.Optimality.java" OptBodyExec="true">
<StmntSeq Intrnl_Id="2573">
<LocList>
<Loc EndOffset="13692" SrcFileId="34" StartOffset="12582"/>
</LocList>
<LoopStmnt CovItemId="S263" CovItemPrefix="dataModels.Optimality.java" Intrnl_Id="2574" MltplExecId="L10-2" MltplExecPrefix="dataModels.Optimality.java" NvrExecId="L10-0" NvrExecPrefix="dataModels.Optimality.java" OnceExecutedId="L10-1" OnceExecutedPrefix="dataModels.Optimality.java" OptBodyExec="true">
<StmntSeq Intrnl_Id="2575">
<LocList>
<Loc EndOffset="13685" SrcFileId="34" StartOffset="12648"/>
</LocList>
<LoopStmnt CovItemId="S264" CovItemPrefix="dataModels.Optimality.java" Intrnl_Id="2576" MltplExecId="L11-2" MltplExecPrefix="dataModels.Optimality.java" NvrExecId="L11-0" NvrExecPrefix="dataModels.Optimality.java" OnceExecutedId="L11-1" OnceExecutedPrefix="dataModels.Optimality.java" OptBodyExec="true">
<StmntSeq Intrnl_Id="2577">
<LocList>
<Loc EndOffset="12724" SrcFileId="34" StartOffset="12694"/>
<Loc EndOffset="12762" SrcFileId="34" StartOffset="12732"/>
<Loc EndOffset="12799" SrcFileId="34" StartOffset="12778"/>
<Loc EndOffset="12842" SrcFileId="34" StartOffset="12807"/>
<Loc EndOffset="12980" SrcFileId="34" StartOffset="12858"/>
<Loc EndOffset="13110" SrcFileId="34" StartOffset="12988"/>
<Loc EndOffset="13152" SrcFileId="34" StartOffset="13134"/>
<Loc EndOffset="13199" SrcFileId="34" StartOffset="13168"/>
<Loc EndOffset="13242" SrcFileId="34" StartOffset="13207"/>
<Loc EndOffset="13301" SrcFileId="34" StartOffset="13250"/>
<Loc EndOffset="13376" SrcFileId="34" StartOffset="13309"/>
<Loc EndOffset="13448" SrcFileId="34" StartOffset="13392"/>
<Loc EndOffset="13669" SrcFileId="34" StartOffset="13506"/>
</LocList>
<BasicStmnt CovItemId="S265" CovItemPrefix="dataModels.Optimality.java" Intrnl_Id="2578">
<LocList>
<Loc EndOffset="12724" SrcFileId="34" StartOffset="12694"/>
</LocList>
</BasicStmnt>
<BasicStmnt CovItemId="S266" CovItemPrefix="dataModels.Optimality.java" Intrnl_Id="2579">
<LocList>
<Loc EndOffset="12762" SrcFileId="34" StartOffset="12732"/>
</LocList>
</BasicStmnt>
<BasicStmnt CovItemId="S267" CovItemPrefix="dataModels.Optimality.java" Intrnl_Id="2580">
<LocList>
<Loc EndOffset="12799" SrcFileId="34" StartOffset="12778"/>
</LocList>
</BasicStmnt>
<CondStmnt CovItemId="S268" CovItemPrefix="dataModels.Optimality.java" Intrnl_Id="2581">
<Branch CovItemId="B33" CovItemPrefix="dataModels.Optimality.java" Implct="false" Intrnl_Id="2582">
<Cond/>
<LocList>
<Loc EndOffset="12842" SrcFileId="34" StartOffset="12832"/>
</LocList>
<StmntSeq Intrnl_Id="2583">
<LocList>
<Loc EndOffset="12842" SrcFileId="34" StartOffset="12832"/>
</LocList>
<BasicStmnt CovItemId="S269" CovItemPrefix="dataModels.Optimality.java" Intrnl_Id="2584">
<LocList>
<Loc EndOffset="12842" SrcFileId="34" StartOffset="12832"/>
</LocList>
</BasicStmnt>
</StmntSeq>
</Branch>
<Branch CovItemId="B34" CovItemPrefix="dataModels.Optimality.java" Implct="true" Intrnl_Id="2585">
<Cond/>
<LocList/>
<StmntSeq Intrnl_Id="2586">
<LocList/>
</StmntSeq>
</Branch>
<Keyword EndOffset="12809" SrcFileId="34" StartOffset="12807"/>
<LocList>
<Loc EndOffset="12842" SrcFileId="34" StartOffset="12807"/>
</LocList>
</CondStmnt>
<CondStmnt CovItemId="S270" CovItemPrefix="dataModels.Optimality.java" Intrnl_Id="2587">
<Branch CovItemId="B35" CovItemPrefix="dataModels.Optimality.java" Implct="false" Intrnl_Id="2588">
<Cond/>
<LocList>
<Loc EndOffset="12980" SrcFileId="34" StartOffset="12875"/>
</LocList>
<StmntSeq Intrnl_Id="2589">
<LocList>
<Loc EndOffset="12980" SrcFileId="34" StartOffset="12875"/>
</LocList>
<LoopStmnt CovItemId="S271" CovItemPrefix="dataModels.Optimality.java" Intrnl_Id="2590" MltplExecId="L12-2" MltplExecPrefix="dataModels.Optimality.java" NvrExecId="L12-0" NvrExecPrefix="dataModels.Optimality.java" OnceExecutedId="L12-1" OnceExecutedPrefix="dataModels.Optimality.java" OptBodyExec="true">
<StmntSeq Intrnl_Id="2591">
<LocList>
<Loc EndOffset="12980" SrcFileId="34" StartOffset="12908"/>
</LocList>
<CondStmnt CovItemId="S272" CovItemPrefix="dataModels.Optimality.java" Intrnl_Id="2592">
<Branch CovItemId="B37" CovItemPrefix="dataModels.Optimality.java" Implct="false" Intrnl_Id="2593">
<Cond/>
<LocList>
<Loc EndOffset="12980" SrcFileId="34" StartOffset="12960"/>
</LocList>
<StmntSeq Intrnl_Id="2594">
<LocList>
<Loc EndOffset="12973" SrcFileId="34" StartOffset="12961"/>
<Loc EndOffset="12979" SrcFileId="34" StartOffset="12973"/>
</LocList>
<BasicStmnt CovItemId="S273" CovItemPrefix="dataModels.Optimality.java" Intrnl_Id="2595">
<LocList>
<Loc EndOffset="12973" SrcFileId="34" StartOffset="12961"/>
</LocList>
</BasicStmnt>
<BasicStmnt CovItemId="S274" CovItemPrefix="dataModels.Optimality.java" Intrnl_Id="2596">
<LocList>
<Loc EndOffset="12979" SrcFileId="34" StartOffset="12973"/>
</LocList>
</BasicStmnt>
</StmntSeq>
</Branch>
<Branch CovItemId="B38" CovItemPrefix="dataModels.Optimality.java" Implct="true" Intrnl_Id="2597">
<Cond/>
<LocList/>
<StmntSeq Intrnl_Id="2598">
<LocList/>
</StmntSeq>
</Branch>
<Keyword EndOffset="12910" SrcFileId="34" StartOffset="12908"/>
<LocList>
<Loc EndOffset="12980" SrcFileId="34" StartOffset="12908"/>
</LocList>
</CondStmnt>
</StmntSeq>
<Keyword EndOffset="12878" SrcFileId="34" StartOffset="12875"/>
<LocList>
<Loc EndOffset="12980" SrcFileId="34" StartOffset="12875"/>
</LocList>
</LoopStmnt>
</StmntSeq>
</Branch>
<Branch CovItemId="B36" CovItemPrefix="dataModels.Optimality.java" Implct="true" Intrnl_Id="2599">
<Cond/>
<LocList/>
<StmntSeq Intrnl_Id="2600">
<LocList/>
</StmntSeq>
</Branch>
<Keyword EndOffset="12860" SrcFileId="34" StartOffset="12858"/>
<LocList>
<Loc EndOffset="12980" SrcFileId="34" StartOffset="12858"/>
</LocList>
</CondStmnt>
<CondStmnt CovItemId="S275" CovItemPrefix="dataModels.Optimality.java" Intrnl_Id="2601">
<Branch CovItemId="B39" CovItemPrefix="dataModels.Optimality.java" Implct="false" Intrnl_Id="2602">
<Cond/>
<LocList>
<Loc EndOffset="13110" SrcFileId="34" StartOffset="13005"/>
</LocList>
<StmntSeq Intrnl_Id="2603">
<LocList>
<Loc EndOffset="13110" SrcFileId="34" StartOffset="13005"/>
</LocList>
<LoopStmnt CovItemId="S276" CovItemPrefix="dataModels.Optimality.java" Intrnl_Id="2604" MltplExecId="L13-2" MltplExecPrefix="dataModels.Optimality.java" NvrExecId="L13-0" NvrExecPrefix="dataModels.Optimality.java" OnceExecutedId="L13-1" OnceExecutedPrefix="dataModels.Optimality.java" OptBodyExec="true">
<StmntSeq Intrnl_Id="2605">
<LocList>
<Loc EndOffset="13110" SrcFileId="34" StartOffset="13038"/>
</LocList>
<CondStmnt CovItemId="S277" CovItemPrefix="dataModels.Optimality.java" Intrnl_Id="2606">
<Branch CovItemId="B41" CovItemPrefix="dataModels.Optimality.java" Implct="false" Intrnl_Id="2607">
<Cond/>
<LocList>
<Loc EndOffset="13110" SrcFileId="34" StartOffset="13090"/>
</LocList>
<StmntSeq Intrnl_Id="2608">
<LocList>
<Loc EndOffset="13103" SrcFileId="34" StartOffset="13091"/>
<Loc EndOffset="13109" SrcFileId="34" StartOffset="13103"/>
</LocList>
<BasicStmnt CovItemId="S278" CovItemPrefix="dataModels.Optimality.java" Intrnl_Id="2609">
<LocList>
<Loc EndOffset="13103" SrcFileId="34" StartOffset="13091"/>
</LocList>
</BasicStmnt>
<BasicStmnt CovItemId="S279" CovItemPrefix="dataModels.Optimality.java" Intrnl_Id="2610">
<LocList>
<Loc EndOffset="13109" SrcFileId="34" StartOffset="13103"/>
</LocList>
</BasicStmnt>
</StmntSeq>
</Branch>
<Branch CovItemId="B42" CovItemPrefix="dataModels.Optimality.java" Implct="true" Intrnl_Id="2611">
<Cond/>
<LocList/>
<StmntSeq Intrnl_Id="2612">
<LocList/>
</StmntSeq>
</Branch>
<Keyword EndOffset="13040" SrcFileId="34" StartOffset="13038"/>
<LocList>
<Loc EndOffset="13110" SrcFileId="34" StartOffset="13038"/>
</LocList>
</CondStmnt>
</StmntSeq>
<Keyword EndOffset="13008" SrcFileId="34" StartOffset="13005"/>
<LocList>
<Loc EndOffset="13110" SrcFileId="34" StartOffset="13005"/>
</LocList>
</LoopStmnt>
</StmntSeq>
</Branch>
<Branch CovItemId="B40" CovItemPrefix="dataModels.Optimality.java" Implct="true" Intrnl_Id="2613">
<Cond/>
<LocList/>
<StmntSeq Intrnl_Id="2614">
<LocList/>
</StmntSeq>
</Branch>
<Keyword EndOffset="12990" SrcFileId="34" StartOffset="12988"/>
<LocList>
<Loc EndOffset="13110" SrcFileId="34" StartOffset="12988"/>
</LocList>
</CondStmnt>
<CondStmnt CovItemId="S280" CovItemPrefix="dataModels.Optimality.java" Intrnl_Id="2615">
<Branch CovItemId="B43" CovItemPrefix="dataModels.Optimality.java" Implct="false" Intrnl_Id="2616">
<Cond/>
<LocList>
<Loc EndOffset="13152" SrcFileId="34" StartOffset="13143"/>
</LocList>
<StmntSeq Intrnl_Id="2617">
<LocList>
<Loc EndOffset="13152" SrcFileId="34" StartOffset="13143"/>
</LocList>
<BasicStmnt CovItemId="S281" CovItemPrefix="dataModels.Optimality.java" Intrnl_Id="2618">
<LocList>
<Loc EndOffset="13152" SrcFileId="34" StartOffset="13143"/>
</LocList>
</BasicStmnt>
</StmntSeq>
</Branch>
<Branch CovItemId="B44" CovItemPrefix="dataModels.Optimality.java" Implct="true" Intrnl_Id="2619">
<Cond/>
<LocList/>
<StmntSeq Intrnl_Id="2620">
<LocList/>
</StmntSeq>
</Branch>
<Keyword EndOffset="13136" SrcFileId="34" StartOffset="13134"/>
<LocList>
<Loc EndOffset="13152" SrcFileId="34" StartOffset="13134"/>
</LocList>
</CondStmnt>
<BasicStmnt CovItemId="S282" CovItemPrefix="dataModels.Optimality.java" Intrnl_Id="2621">
<LocList>
<Loc EndOffset="13199" SrcFileId="34" StartOffset="13168"/>
</LocList>
</BasicStmnt>
<BasicStmnt CovItemId="S283" CovItemPrefix="dataModels.Optimality.java" Intrnl_Id="2622">
<LocList>
<Loc EndOffset="13242" SrcFileId="34" StartOffset="13207"/>
</LocList>
</BasicStmnt>
<BasicStmnt CovItemId="S284" CovItemPrefix="dataModels.Optimality.java" Intrnl_Id="2623">
<LocList>
<Loc EndOffset="13301" SrcFileId="34" StartOffset="13250"/>
</LocList>
</BasicStmnt>
<BasicStmnt CovItemId="S285" CovItemPrefix="dataModels.Optimality.java" Intrnl_Id="2624">
<LocList>
<Loc EndOffset="13376" SrcFileId="34" StartOffset="13309"/>
</LocList>
</BasicStmnt>
<BasicStmnt CovItemId="S286" CovItemPrefix="dataModels.Optimality.java" Intrnl_Id="2625">
<LocList>
<Loc EndOffset="13448" SrcFileId="34" StartOffset="13392"/>
</LocList>
</BasicStmnt>
<CondStmnt CovItemId="S287" CovItemPrefix="dataModels.Optimality.java" Intrnl_Id="2626">
<Branch CovItemId="B45" CovItemPrefix="dataModels.Optimality.java" Implct="false" Intrnl_Id="2627">
<Cond/>
<LocList>
<Loc EndOffset="13597" SrcFileId="34" StartOffset="13547"/>
</LocList>
<StmntSeq Intrnl_Id="2628">
<LocList>
<Loc EndOffset="13597" SrcFileId="34" StartOffset="13547"/>
</LocList>
<BasicStmnt CovItemId="S288" CovItemPrefix="dataModels.Optimality.java" Intrnl_Id="2629">
<LocList>
<Loc EndOffset="13597" SrcFileId="34" StartOffset="13547"/>
</LocList>
</BasicStmnt>
</StmntSeq>
</Branch>
<Branch CovItemId="B46" CovItemPrefix="dataModels.Optimality.java" Implct="false" Intrnl_Id="2630">
<Cond>
<Loc EndOffset="13609" SrcFileId="34" StartOffset="13605"/>
</Cond>
<LocList>
<Loc EndOffset="13669" SrcFileId="34" StartOffset="13618"/>
</LocList>
<StmntSeq Intrnl_Id="2631">
<LocList>
<Loc EndOffset="13669" SrcFileId="34" StartOffset="13618"/>
</LocList>
<BasicStmnt CovItemId="S289" CovItemPrefix="dataModels.Optimality.java" Intrnl_Id="2632">
<LocList>
<Loc EndOffset="13669" SrcFileId="34" StartOffset="13618"/>
</LocList>
</BasicStmnt>
</StmntSeq>
</Branch>
<Keyword EndOffset="13508" SrcFileId="34" StartOffset="13506"/>
<LocList>
<Loc EndOffset="13669" SrcFileId="34" StartOffset="13506"/>
</LocList>
</CondStmnt>
</StmntSeq>
<Keyword EndOffset="12651" SrcFileId="34" StartOffset="12648"/>
<LocList>
<Loc EndOffset="13685" SrcFileId="34" StartOffset="12648"/>
</LocList>
</LoopStmnt>
</StmntSeq>
<Keyword EndOffset="12585" SrcFileId="34" StartOffset="12582"/>
<LocList>
<Loc EndOffset="13692" SrcFileId="34" StartOffset="12582"/>
</LocList>
</LoopStmnt>
</StmntSeq>
<Keyword EndOffset="12512" SrcFileId="34" StartOffset="12509"/>
<LocList>
<Loc EndOffset="13710" SrcFileId="34" StartOffset="12509"/>
</LocList>
</LoopStmnt>
</StmntSeq>
<Keyword EndOffset="12452" SrcFileId="34" StartOffset="12449"/>
<LocList>
<Loc EndOffset="13715" SrcFileId="34" StartOffset="12449"/>
</LocList>
</LoopStmnt>
<BasicStmnt CovItemId="S290" CovItemPrefix="dataModels.Optimality.java" Intrnl_Id="2633">
<LocList>
<Loc EndOffset="13735" SrcFileId="34" StartOffset="13725"/>
</LocList>
</BasicStmnt>
</StmntSeq>
</HierarchyLvl>
</HierarchyLvl>
<HierarchyLvl HierarchyLvlId="10072" HierarchyLvlTypeId="44" Intrnl_Id="2634" Name="MiscGameData">
<Header>
<Loc EndOffset="133" SrcFileId="35" StartOffset="108"/>
</Header>
<LocList>
<Loc EndOffset="1006" SrcFileId="35" StartOffset="108"/>
</LocList>
<HierarchyLvl HierarchyLvlId="10066" HierarchyLvlTypeId="45" Intrnl_Id="2635" Name="MiscGameData">
<Header>
<Loc EndOffset="248" SrcFileId="35" StartOffset="227"/>
</Header>
<LocList>
<Loc EndOffset="252" SrcFileId="35" StartOffset="227"/>
</LocList>
</HierarchyLvl>
<HierarchyLvl HierarchyLvlId="10067" HierarchyLvlTypeId="45" Intrnl_Id="2636" Name="MiscGameData">
<Header>
<Loc EndOffset="431" SrcFileId="35" StartOffset="385"/>
</Header>
<LocList>
<Loc EndOffset="485" SrcFileId="35" StartOffset="385"/>
</LocList>
<StmntSeq Intrnl_Id="2637">
<LocList>
<Loc EndOffset="458" SrcFileId="35" StartOffset="441"/>
<Loc EndOffset="481" SrcFileId="35" StartOffset="462"/>
</LocList>
<BasicStmnt CovItemId="S1" CovItemPrefix="dataModels.MiscGameData.java" Intrnl_Id="2638">
<LocList>
<Loc EndOffset="458" SrcFileId="35" StartOffset="441"/>
</LocList>
</BasicStmnt>
<BasicStmnt CovItemId="S2" CovItemPrefix="dataModels.MiscGameData.java" Intrnl_Id="2639">
<LocList>
<Loc EndOffset="481" SrcFileId="35" StartOffset="462"/>
</LocList>
</BasicStmnt>
</StmntSeq>
</HierarchyLvl>
<HierarchyLvl HierarchyLvlId="10068" HierarchyLvlTypeId="45" Intrnl_Id="2640" Name="getName">
<Header>
<Loc EndOffset="574" SrcFileId="35" StartOffset="551"/>
</Header>
<LocList>
<Loc EndOffset="596" SrcFileId="35" StartOffset="551"/>
</LocList>
<StmntSeq Intrnl_Id="2641">
<LocList>
<Loc EndOffset="592" SrcFileId="35" StartOffset="580"/>
</LocList>
<BasicStmnt CovItemId="S3" CovItemPrefix="dataModels.MiscGameData.java" Intrnl_Id="2642">
<LocList>
<Loc EndOffset="592" SrcFileId="35" StartOffset="580"/>
</LocList>
</BasicStmnt>
</StmntSeq>
</HierarchyLvl>
<HierarchyLvl HierarchyLvlId="10069" HierarchyLvlTypeId="45" Intrnl_Id="2643" Name="setName">
<Header>
<Loc EndOffset="704" SrcFileId="35" StartOffset="672"/>
</Header>
<LocList>
<Loc EndOffset="731" SrcFileId="35" StartOffset="672"/>
</LocList>
<StmntSeq Intrnl_Id="2644">
<LocList>
<Loc EndOffset="727" SrcFileId="35" StartOffset="710"/>
</LocList>
<BasicStmnt CovItemId="S4" CovItemPrefix="dataModels.MiscGameData.java" Intrnl_Id="2645">
<LocList>
<Loc EndOffset="727" SrcFileId="35" StartOffset="710"/>
</LocList>
</BasicStmnt>
</StmntSeq>
</HierarchyLvl>
<HierarchyLvl HierarchyLvlId="10070" HierarchyLvlTypeId="45" Intrnl_Id="2646" Name="getValue">
<Header>
<Loc EndOffset="831" SrcFileId="35" StartOffset="807"/>
</Header>
<LocList>
<Loc EndOffset="854" SrcFileId="35" StartOffset="807"/>
</LocList>
<StmntSeq Intrnl_Id="2647">
<LocList>
<Loc EndOffset="850" SrcFileId="35" StartOffset="837"/>
</LocList>
<BasicStmnt CovItemId="S5" CovItemPrefix="dataModels.MiscGameData.java" Intrnl_Id="2648">
<LocList>
<Loc EndOffset="850" SrcFileId="35" StartOffset="837"/>
</LocList>
</BasicStmnt>
</StmntSeq>
</HierarchyLvl>
<HierarchyLvl HierarchyLvlId="10071" HierarchyLvlTypeId="45" Intrnl_Id="2649" Name="setValue">
<Header>
<Loc EndOffset="965" SrcFileId="35" StartOffset="931"/>
</Header>
<LocList>
<Loc EndOffset="994" SrcFileId="35" StartOffset="931"/>
</LocList>
<StmntSeq Intrnl_Id="2650">
<LocList>
<Loc EndOffset="990" SrcFileId="35" StartOffset="971"/>
</LocList>
<BasicStmnt CovItemId="S6" CovItemPrefix="dataModels.MiscGameData.java" Intrnl_Id="2651">
<LocList>
<Loc EndOffset="990" SrcFileId="35" StartOffset="971"/>
</LocList>
</BasicStmnt>
</StmntSeq>
</HierarchyLvl>
</HierarchyLvl>
<HierarchyLvl HierarchyLvlId="10089" HierarchyLvlTypeId="44" Intrnl_Id="2652" Name="GameAction">
<Header>
<Loc EndOffset="280" SrcFileId="36" StartOffset="257"/>
</Header>
<LocList>
<Loc EndOffset="2065" SrcFileId="36" StartOffset="257"/>
<Loc EndOffset="3012" SrcFileId="36" StartOffset="3006"/>
</LocList>
<HierarchyLvl HierarchyLvlId="10073" HierarchyLvlTypeId="45" Intrnl_Id="2653" Name="GameAction">
<Header>
<Loc EndOffset="487" SrcFileId="36" StartOffset="468"/>
</Header>
<LocList>
<Loc EndOffset="490" SrcFileId="36" StartOffset="468"/>
</LocList>
</HierarchyLvl>
<HierarchyLvl HierarchyLvlId="10074" HierarchyLvlTypeId="45" Intrnl_Id="2654" Name="GameAction">
<Header>
<Loc EndOffset="642" SrcFileId="36" StartOffset="533"/>
</Header>
<LocList>
<Loc EndOffset="775" SrcFileId="36" StartOffset="533"/>
</LocList>
<StmntSeq Intrnl_Id="2655">
<LocList>
<Loc EndOffset="671" SrcFileId="36" StartOffset="650"/>
<Loc EndOffset="690" SrcFileId="36" StartOffset="675"/>
<Loc EndOffset="711" SrcFileId="36" StartOffset="694"/>
<Loc EndOffset="752" SrcFileId="36" StartOffset="715"/>
<Loc EndOffset="771" SrcFileId="36" StartOffset="756"/>
</LocList>
<BasicStmnt CovItemId="S1" CovItemPrefix="dataModels.GameAction.java" Intrnl_Id="2656">
<LocList>
<Loc EndOffset="671" SrcFileId="36" StartOffset="650"/>
</LocList>
</BasicStmnt>
<BasicStmnt CovItemId="S2" CovItemPrefix="dataModels.GameAction.java" Intrnl_Id="2657">
<LocList>
<Loc EndOffset="690" SrcFileId="36" StartOffset="675"/>
</LocList>
</BasicStmnt>
<BasicStmnt CovItemId="S3" CovItemPrefix="dataModels.GameAction.java" Intrnl_Id="2658">
<LocList>
<Loc EndOffset="711" SrcFileId="36" StartOffset="694"/>
</LocList>
</BasicStmnt>
<BasicStmnt CovItemId="S4" CovItemPrefix="dataModels.GameAction.java" Intrnl_Id="2659">
<LocList>
<Loc EndOffset="752" SrcFileId="36" StartOffset="715"/>
</LocList>
</BasicStmnt>
<BasicStmnt CovItemId="S5" CovItemPrefix="dataModels.GameAction.java" Intrnl_Id="2660">
<LocList>
<Loc EndOffset="771" SrcFileId="36" StartOffset="756"/>
</LocList>
</BasicStmnt>
</StmntSeq>
</HierarchyLvl>
<HierarchyLvl HierarchyLvlId="10075" HierarchyLvlTypeId="45" Intrnl_Id="2661" Name="getBet">
<Header>
<Loc EndOffset="887" SrcFileId="36" StartOffset="868"/>
</Header>
<LocList>
<Loc EndOffset="908" SrcFileId="36" StartOffset="868"/>
</LocList>
<StmntSeq Intrnl_Id="2662">
<LocList>
<Loc EndOffset="904" SrcFileId="36" StartOffset="893"/>
</LocList>
<BasicStmnt CovItemId="S6" CovItemPrefix="dataModels.GameAction.java" Intrnl_Id="2663">
<LocList>
<Loc EndOffset="904" SrcFileId="36" StartOffset="893"/>
</LocList>
</BasicStmnt>
</StmntSeq>
</HierarchyLvl>
<HierarchyLvl HierarchyLvlId="10076" HierarchyLvlTypeId="45" Intrnl_Id="2664" Name="setBet">
<Header>
<Loc EndOffset="1012" SrcFileId="36" StartOffset="985"/>
</Header>
<LocList>
<Loc EndOffset="1037" SrcFileId="36" StartOffset="985"/>
</LocList>
<StmntSeq Intrnl_Id="2665">
<LocList>
<Loc EndOffset="1033" SrcFileId="36" StartOffset="1018"/>
</LocList>
<BasicStmnt CovItemId="S7" CovItemPrefix="dataModels.GameAction.java" Intrnl_Id="2666">
<LocList>
<Loc EndOffset="1033" SrcFileId="36" StartOffset="1018"/>
</LocList>
</BasicStmnt>
</StmntSeq>
</HierarchyLvl>
<HierarchyLvl HierarchyLvlId="10077" HierarchyLvlTypeId="45" Intrnl_Id="2667" Name="getAction">
<Header>
<Loc EndOffset="1116" SrcFileId="36" StartOffset="1086"/>
</Header>
<LocList>
<Loc EndOffset="1140" SrcFileId="36" StartOffset="1086"/>
</LocList>
<StmntSeq Intrnl_Id="2668">
<LocList>
<Loc EndOffset="1136" SrcFileId="36" StartOffset="1122"/>
</LocList>
<BasicStmnt CovItemId="S8" CovItemPrefix="dataModels.GameAction.java" Intrnl_Id="2669">
<LocList>
<Loc EndOffset="1136" SrcFileId="36" StartOffset="1122"/>
</LocList>
</BasicStmnt>
</StmntSeq>
</HierarchyLvl>
<HierarchyLvl HierarchyLvlId="10078" HierarchyLvlTypeId="45" Intrnl_Id="2670" Name="setAction">
<Header>
<Loc EndOffset="1236" SrcFileId="36" StartOffset="1195"/>
</Header>
<LocList>
<Loc EndOffset="1267" SrcFileId="36" StartOffset="1195"/>
</LocList>
<StmntSeq Intrnl_Id="2671">
<LocList>
<Loc EndOffset="1263" SrcFileId="36" StartOffset="1242"/>
</LocList>
<BasicStmnt CovItemId="S9" CovItemPrefix="dataModels.GameAction.java" Intrnl_Id="2672">
<LocList>
<Loc EndOffset="1263" SrcFileId="36" StartOffset="1242"/>
</LocList>
</BasicStmnt>
</StmntSeq>
</HierarchyLvl>
<HierarchyLvl HierarchyLvlId="10079" HierarchyLvlTypeId="45" Intrnl_Id="2673" Name="getPot">
<Header>
<Loc EndOffset="1333" SrcFileId="36" StartOffset="1314"/>
</Header>
<LocList>
<Loc EndOffset="1354" SrcFileId="36" StartOffset="1314"/>
</LocList>
<StmntSeq Intrnl_Id="2674">
<LocList>
<Loc EndOffset="1350" SrcFileId="36" StartOffset="1339"/>
</LocList>
<BasicStmnt CovItemId="S10" CovItemPrefix="dataModels.GameAction.java" Intrnl_Id="2675">
<LocList>
<Loc EndOffset="1350" SrcFileId="36" StartOffset="1339"/>
</LocList>
</BasicStmnt>
</StmntSeq>
</HierarchyLvl>
<HierarchyLvl HierarchyLvlId="10080" HierarchyLvlTypeId="45" Intrnl_Id="2676" Name="setPot">
<Header>
<Loc EndOffset="1430" SrcFileId="36" StartOffset="1403"/>
</Header>
<LocList>
<Loc EndOffset="1455" SrcFileId="36" StartOffset="1403"/>
</LocList>
<StmntSeq Intrnl_Id="2677">
<LocList>
<Loc EndOffset="1451" SrcFileId="36" StartOffset="1436"/>
</LocList>
<BasicStmnt CovItemId="S11" CovItemPrefix="dataModels.GameAction.java" Intrnl_Id="2678">
<LocList>
<Loc EndOffset="1451" SrcFileId="36" StartOffset="1436"/>
</LocList>
</BasicStmnt>
</StmntSeq>
</HierarchyLvl>
<HierarchyLvl HierarchyLvlId="10081" HierarchyLvlTypeId="45" Intrnl_Id="2679" Name="getHand">
<Header>
<Loc EndOffset="1534" SrcFileId="36" StartOffset="1502"/>
</Header>
<LocList>
<Loc EndOffset="1556" SrcFileId="36" StartOffset="1502"/>
</LocList>
<StmntSeq Intrnl_Id="2680">
<LocList>
<Loc EndOffset="1552" SrcFileId="36" StartOffset="1540"/>
</LocList>
<BasicStmnt CovItemId="S12" CovItemPrefix="dataModels.GameAction.java" Intrnl_Id="2681">
<LocList>
<Loc EndOffset="1552" SrcFileId="36" StartOffset="1540"/>
</LocList>
</BasicStmnt>
</StmntSeq>
</HierarchyLvl>
<HierarchyLvl HierarchyLvlId="10082" HierarchyLvlTypeId="45" Intrnl_Id="2682" Name="setHand">
<Header>
<Loc EndOffset="1631" SrcFileId="36" StartOffset="1590"/>
</Header>
<LocList>
<Loc EndOffset="1658" SrcFileId="36" StartOffset="1590"/>
</LocList>
<StmntSeq Intrnl_Id="2683">
<LocList>
<Loc EndOffset="1654" SrcFileId="36" StartOffset="1637"/>
</LocList>
<BasicStmnt CovItemId="S13" CovItemPrefix="dataModels.GameAction.java" Intrnl_Id="2684">
<LocList>
<Loc EndOffset="1654" SrcFileId="36" StartOffset="1637"/>
</LocList>
</BasicStmnt>
</StmntSeq>
</HierarchyLvl>
<HierarchyLvl HierarchyLvlId="10083" HierarchyLvlTypeId="45" Intrnl_Id="2685" Name="getCommunityCards">
<Header>
<Loc EndOffset="1757" SrcFileId="36" StartOffset="1715"/>
</Header>
<LocList>
<Loc EndOffset="1789" SrcFileId="36" StartOffset="1715"/>
</LocList>
<StmntSeq Intrnl_Id="2686">
<LocList>
<Loc EndOffset="1785" SrcFileId="36" StartOffset="1763"/>
</LocList>
<BasicStmnt CovItemId="S14" CovItemPrefix="dataModels.GameAction.java" Intrnl_Id="2687">
<LocList>
<Loc EndOffset="1785" SrcFileId="36" StartOffset="1763"/>
</LocList>
</BasicStmnt>
</StmntSeq>
</HierarchyLvl>
<HierarchyLvl HierarchyLvlId="10084" HierarchyLvlTypeId="45" Intrnl_Id="2688" Name="setCommunityCards">
<Header>
<Loc EndOffset="1922" SrcFileId="36" StartOffset="1861"/>
</Header>
<LocList>
<Loc EndOffset="1969" SrcFileId="36" StartOffset="1861"/>
</LocList>
<StmntSeq Intrnl_Id="2689">
<LocList>
<Loc EndOffset="1965" SrcFileId="36" StartOffset="1928"/>
</LocList>
<BasicStmnt CovItemId="S15" CovItemPrefix="dataModels.GameAction.java" Intrnl_Id="2690">
<LocList>
<Loc EndOffset="1965" SrcFileId="36" StartOffset="1928"/>
</LocList>
</BasicStmnt>
</StmntSeq>
</HierarchyLvl>
<HierarchyLvl HierarchyLvlId="10088" HierarchyLvlTypeId="42" Intrnl_Id="2691" Name="PokerAction">
<Header>
<Loc EndOffset="2088" SrcFileId="36" StartOffset="2065"/>
</Header>
<LocList>
<Loc EndOffset="3006" SrcFileId="36" StartOffset="2065"/>
</LocList>
<HierarchyLvl HierarchyLvlId="10085" HierarchyLvlTypeId="45" Intrnl_Id="2692" Name="PokerAction">
<Header>
<Loc EndOffset="2389" SrcFileId="36" StartOffset="2363"/>
</Header>
<LocList>
<Loc EndOffset="2424" SrcFileId="36" StartOffset="2363"/>
</LocList>
<StmntSeq Intrnl_Id="2693">
<LocList>
<Loc EndOffset="2419" SrcFileId="36" StartOffset="2399"/>
</LocList>
<BasicStmnt CovItemId="S16" CovItemPrefix="dataModels.GameAction.java" Intrnl_Id="2694">
<LocList>
<Loc EndOffset="2419" SrcFileId="36" StartOffset="2399"/>
</LocList>
</BasicStmnt>
</StmntSeq>
</HierarchyLvl>
<HierarchyLvl HierarchyLvlId="10086" HierarchyLvlTypeId="45" Intrnl_Id="2695" Name="getValue">
<Header>
<Loc EndOffset="2548" SrcFileId="36" StartOffset="2524"/>
</Header>
<LocList>
<Loc EndOffset="2582" SrcFileId="36" StartOffset="2524"/>
</LocList>
<StmntSeq Intrnl_Id="2696">
<LocList>
<Loc EndOffset="2574" SrcFileId="36" StartOffset="2561"/>
</LocList>
<BasicStmnt CovItemId="S17" CovItemPrefix="dataModels.GameAction.java" Intrnl_Id="2697">
<LocList>
<Loc EndOffset="2574" SrcFileId="36" StartOffset="2561"/>
</LocList>
</BasicStmnt>
</StmntSeq>
</HierarchyLvl>
<HierarchyLvl HierarchyLvlId="10087" HierarchyLvlTypeId="45" Intrnl_Id="2698" Name="getAction">
<Header>
<Loc EndOffset="2772" SrcFileId="36" StartOffset="2723"/>
</Header>
<LocList>
<Loc EndOffset="3002" SrcFileId="36" StartOffset="2723"/>
</LocList>
<StmntSeq Intrnl_Id="2699">
<LocList>
<Loc EndOffset="2951" SrcFileId="36" StartOffset="2788"/>
<Loc EndOffset="2994" SrcFileId="36" StartOffset="2967"/>
</LocList>
<LoopStmnt CovItemId="S18" CovItemPrefix="dataModels.GameAction.java" Intrnl_Id="2700" MltplExecId="L1-2" MltplExecPrefix="dataModels.GameAction.java" NvrExecId="L1-0" NvrExecPrefix="dataModels.GameAction.java" OnceExecutedId="L1-1" OnceExecutedPrefix="dataModels.GameAction.java" OptBodyExec="true">
<StmntSeq Intrnl_Id="2701">
<LocList>
<Loc EndOffset="2939" SrcFileId="36" StartOffset="2852"/>
</LocList>
<CondStmnt CovItemId="S19" CovItemPrefix="dataModels.GameAction.java" Intrnl_Id="2702">
<Branch CovItemId="B1" CovItemPrefix="dataModels.GameAction.java" Implct="false" Intrnl_Id="2703">
<Cond/>
<LocList>
<Loc EndOffset="2939" SrcFileId="36" StartOffset="2889"/>
</LocList>
<StmntSeq Intrnl_Id="2704">
<LocList>
<Loc EndOffset="2923" SrcFileId="36" StartOffset="2909"/>
</LocList>
<BasicStmnt CovItemId="S20" CovItemPrefix="dataModels.GameAction.java" Intrnl_Id="2705">
<LocList>
<Loc EndOffset="2923" SrcFileId="36" StartOffset="2909"/>
</LocList>
</BasicStmnt>
</StmntSeq>
</Branch>
<Branch CovItemId="B2" CovItemPrefix="dataModels.GameAction.java" Implct="true" Intrnl_Id="2706">
<Cond/>
<LocList/>
<StmntSeq Intrnl_Id="2707">
<LocList/>
</StmntSeq>
</Branch>
<Keyword EndOffset="2854" SrcFileId="36" StartOffset="2852"/>
<LocList>
<Loc EndOffset="2939" SrcFileId="36" StartOffset="2852"/>
</LocList>
</CondStmnt>
</StmntSeq>
<Keyword EndOffset="2791" SrcFileId="36" StartOffset="2788"/>
<LocList>
<Loc EndOffset="2951" SrcFileId="36" StartOffset="2788"/>
</LocList>
</LoopStmnt>
<BasicStmnt CovItemId="S21" CovItemPrefix="dataModels.GameAction.java" Intrnl_Id="2708">
<LocList>
<Loc EndOffset="2994" SrcFileId="36" StartOffset="2967"/>
</LocList>
</BasicStmnt>
</StmntSeq>
</HierarchyLvl>
</HierarchyLvl>
</HierarchyLvl>
<HierarchyLvl HierarchyLvlId="10096" HierarchyLvlTypeId="44" Intrnl_Id="2709" Name="Game">
<Header>
<Loc EndOffset="151" SrcFileId="37" StartOffset="134"/>
</Header>
<LocList>
<Loc EndOffset="1157" SrcFileId="37" StartOffset="134"/>
</LocList>
<HierarchyLvl HierarchyLvlId="10090" HierarchyLvlTypeId="45" Intrnl_Id="2710" Name="Game">
<Header>
<Loc EndOffset="281" SrcFileId="37" StartOffset="268"/>
</Header>
<LocList>
<Loc EndOffset="284" SrcFileId="37" StartOffset="268"/>
</LocList>
</HierarchyLvl>
<HierarchyLvl HierarchyLvlId="10091" HierarchyLvlTypeId="45" Intrnl_Id="2711" Name="Game">
<Header>
<Loc EndOffset="497" SrcFileId="37" StartOffset="436"/>
</Header>
<LocList>
<Loc EndOffset="566" SrcFileId="37" StartOffset="436"/>
</LocList>
<StmntSeq Intrnl_Id="2712">
<LocList>
<Loc EndOffset="537" SrcFileId="37" StartOffset="506"/>
<Loc EndOffset="562" SrcFileId="37" StartOffset="541"/>
</LocList>
<BasicStmnt CovItemId="S1" CovItemPrefix="dataModels.Game.java" Intrnl_Id="2713">
<LocList>
<Loc EndOffset="537" SrcFileId="37" StartOffset="506"/>
</LocList>
</BasicStmnt>
<BasicStmnt CovItemId="S2" CovItemPrefix="dataModels.Game.java" Intrnl_Id="2714">
<LocList>
<Loc EndOffset="562" SrcFileId="37" StartOffset="541"/>
</LocList>
</BasicStmnt>
</StmntSeq>
</HierarchyLvl>
<HierarchyLvl HierarchyLvlId="10092" HierarchyLvlTypeId="45" Intrnl_Id="2715" Name="getGameID">
<Header>
<Loc EndOffset="655" SrcFileId="37" StartOffset="630"/>
</Header>
<LocList>
<Loc EndOffset="679" SrcFileId="37" StartOffset="630"/>
</LocList>
<StmntSeq Intrnl_Id="2716">
<LocList>
<Loc EndOffset="675" SrcFileId="37" StartOffset="661"/>
</LocList>
<BasicStmnt CovItemId="S3" CovItemPrefix="dataModels.Game.java" Intrnl_Id="2717">
<LocList>
<Loc EndOffset="675" SrcFileId="37" StartOffset="661"/>
</LocList>
</BasicStmnt>
</StmntSeq>
</HierarchyLvl>
<HierarchyLvl HierarchyLvlId="10093" HierarchyLvlTypeId="45" Intrnl_Id="2718" Name="setGameID">
<Header>
<Loc EndOffset="785" SrcFileId="37" StartOffset="749"/>
</Header>
<LocList>
<Loc EndOffset="816" SrcFileId="37" StartOffset="749"/>
</LocList>
<StmntSeq Intrnl_Id="2719">
<LocList>
<Loc EndOffset="812" SrcFileId="37" StartOffset="791"/>
</LocList>
<BasicStmnt CovItemId="S4" CovItemPrefix="dataModels.Game.java" Intrnl_Id="2720">
<LocList>
<Loc EndOffset="812" SrcFileId="37" StartOffset="791"/>
</LocList>
</BasicStmnt>
</StmntSeq>
</HierarchyLvl>
<HierarchyLvl HierarchyLvlId="10094" HierarchyLvlTypeId="45" Intrnl_Id="2721" Name="getGameActions">
<Header>
<Loc EndOffset="930" SrcFileId="37" StartOffset="885"/>
</Header>
<LocList>
<Loc EndOffset="959" SrcFileId="37" StartOffset="885"/>
</LocList>
<StmntSeq Intrnl_Id="2722">
<LocList>
<Loc EndOffset="955" SrcFileId="37" StartOffset="936"/>
</LocList>
<BasicStmnt CovItemId="S5" CovItemPrefix="dataModels.Game.java" Intrnl_Id="2723">
<LocList>
<Loc EndOffset="955" SrcFileId="37" StartOffset="936"/>
</LocList>
</BasicStmnt>
</StmntSeq>
</HierarchyLvl>
<HierarchyLvl HierarchyLvlId="10095" HierarchyLvlTypeId="45" Intrnl_Id="2724" Name="setGameActions">
<Header>
<Loc EndOffset="1110" SrcFileId="37" StartOffset="1049"/>
</Header>
<LocList>
<Loc EndOffset="1151" SrcFileId="37" StartOffset="1049"/>
</LocList>
<StmntSeq Intrnl_Id="2725">
<LocList>
<Loc EndOffset="1147" SrcFileId="37" StartOffset="1116"/>
</LocList>
<BasicStmnt CovItemId="S6" CovItemPrefix="dataModels.Game.java" Intrnl_Id="2726">
<LocList>
<Loc EndOffset="1147" SrcFileId="37" StartOffset="1116"/>
</LocList>
</BasicStmnt>
</StmntSeq>
</HierarchyLvl>
</HierarchyLvl>
<HierarchyLvl HierarchyLvlId="10124" HierarchyLvlTypeId="44" Intrnl_Id="2727" Name="Filter">
<Header>
<Loc EndOffset="597" SrcFileId="38" StartOffset="578"/>
</Header>
<LocList>
<Loc EndOffset="5024" SrcFileId="38" StartOffset="578"/>
<Loc EndOffset="6035" SrcFileId="38" StartOffset="5916"/>
<Loc EndOffset="7050" SrcFileId="38" StartOffset="6901"/>
<Loc EndOffset="8124" SrcFileId="38" StartOffset="8118"/>
</LocList>
<HierarchyLvl HierarchyLvlId="10097" HierarchyLvlTypeId="45" Intrnl_Id="2728" Name="Filter">
<Header>
<Loc EndOffset="758" SrcFileId="38" StartOffset="743"/>
</Header>
<LocList>
<Loc EndOffset="893" SrcFileId="38" StartOffset="743"/>
</LocList>
<StmntSeq Intrnl_Id="2729">
<LocList>
<Loc EndOffset="799" SrcFileId="38" StartOffset="767"/>
<Loc EndOffset="817" SrcFileId="38" StartOffset="803"/>
<Loc EndOffset="850" SrcFileId="38" StartOffset="821"/>
<Loc EndOffset="889" SrcFileId="38" StartOffset="854"/>
</LocList>
<BasicStmnt CovItemId="S1" CovItemPrefix="dataModels.Filter.java" Intrnl_Id="2730">
<LocList>
<Loc EndOffset="799" SrcFileId="38" StartOffset="767"/>
</LocList>
</BasicStmnt>
<BasicStmnt CovItemId="S2" CovItemPrefix="dataModels.Filter.java" Intrnl_Id="2731">
<LocList>
<Loc EndOffset="817" SrcFileId="38" StartOffset="803"/>
</LocList>
</BasicStmnt>
<BasicStmnt CovItemId="S3" CovItemPrefix="dataModels.Filter.java" Intrnl_Id="2732">
<LocList>
<Loc EndOffset="850" SrcFileId="38" StartOffset="821"/>
</LocList>
</BasicStmnt>
<BasicStmnt CovItemId="S4" CovItemPrefix="dataModels.Filter.java" Intrnl_Id="2733">
<LocList>
<Loc EndOffset="889" SrcFileId="38" StartOffset="854"/>
</LocList>
</BasicStmnt>
</StmntSeq>
</HierarchyLvl>
<HierarchyLvl HierarchyLvlId="10098" HierarchyLvlTypeId="45" Intrnl_Id="2734" Name="Filter">
<Header>
<Loc EndOffset="994" SrcFileId="38" StartOffset="963"/>
</Header>
<LocList>
<Loc EndOffset="1148" SrcFileId="38" StartOffset="963"/>
</LocList>
<StmntSeq Intrnl_Id="2735">
<LocList>
<Loc EndOffset="1054" SrcFileId="38" StartOffset="1002"/>
<Loc EndOffset="1072" SrcFileId="38" StartOffset="1058"/>
<Loc EndOffset="1105" SrcFileId="38" StartOffset="1076"/>
<Loc EndOffset="1144" SrcFileId="38" StartOffset="1109"/>
</LocList>
<BasicStmnt CovItemId="S5" CovItemPrefix="dataModels.Filter.java" Intrnl_Id="2736">
<LocList>
<Loc EndOffset="1054" SrcFileId="38" StartOffset="1002"/>
</LocList>
</BasicStmnt>
<BasicStmnt CovItemId="S6" CovItemPrefix="dataModels.Filter.java" Intrnl_Id="2737">
<LocList>
<Loc EndOffset="1072" SrcFileId="38" StartOffset="1058"/>
</LocList>
</BasicStmnt>
<BasicStmnt CovItemId="S7" CovItemPrefix="dataModels.Filter.java" Intrnl_Id="2738">
<LocList>
<Loc EndOffset="1105" SrcFileId="38" StartOffset="1076"/>
</LocList>
</BasicStmnt>
<BasicStmnt CovItemId="S8" CovItemPrefix="dataModels.Filter.java" Intrnl_Id="2739">
<LocList>
<Loc EndOffset="1144" SrcFileId="38" StartOffset="1109"/>
</LocList>
</BasicStmnt>
</StmntSeq>
</HierarchyLvl>
<HierarchyLvl HierarchyLvlId="10099" HierarchyLvlTypeId="45" Intrnl_Id="2740" Name="Filter">
<Header>
<Loc EndOffset="1452" SrcFileId="38" StartOffset="1402"/>
</Header>
<LocList>
<Loc EndOffset="1595" SrcFileId="38" StartOffset="1402"/>
</LocList>
<StmntSeq Intrnl_Id="2741">
<LocList>
<Loc EndOffset="1512" SrcFileId="38" StartOffset="1460"/>
<Loc EndOffset="1533" SrcFileId="38" StartOffset="1516"/>
<Loc EndOffset="1552" SrcFileId="38" StartOffset="1537"/>
<Loc EndOffset="1591" SrcFileId="38" StartOffset="1556"/>
</LocList>
<BasicStmnt CovItemId="S9" CovItemPrefix="dataModels.Filter.java" Intrnl_Id="2742">
<LocList>
<Loc EndOffset="1512" SrcFileId="38" StartOffset="1460"/>
</LocList>
</BasicStmnt>
<BasicStmnt CovItemId="S10" CovItemPrefix="dataModels.Filter.java" Intrnl_Id="2743">
<LocList>
<Loc EndOffset="1533" SrcFileId="38" StartOffset="1516"/>
</LocList>
</BasicStmnt>
<BasicStmnt CovItemId="S11" CovItemPrefix="dataModels.Filter.java" Intrnl_Id="2744">
<LocList>
<Loc EndOffset="1552" SrcFileId="38" StartOffset="1537"/>
</LocList>
</BasicStmnt>
<BasicStmnt CovItemId="S12" CovItemPrefix="dataModels.Filter.java" Intrnl_Id="2745">
<LocList>
<Loc EndOffset="1591" SrcFileId="38" StartOffset="1556"/>
</LocList>
</BasicStmnt>
</StmntSeq>
</HierarchyLvl>
<HierarchyLvl HierarchyLvlId="10100" HierarchyLvlTypeId="45" Intrnl_Id="2746" Name="Filter">
<Header>
<Loc EndOffset="1979" SrcFileId="38" StartOffset="1910"/>
</Header>
<LocList>
<Loc EndOffset="2112" SrcFileId="38" StartOffset="1910"/>
</LocList>
<StmntSeq Intrnl_Id="2747">
<LocList>
<Loc EndOffset="2039" SrcFileId="38" StartOffset="1987"/>
<Loc EndOffset="2060" SrcFileId="38" StartOffset="2043"/>
<Loc EndOffset="2079" SrcFileId="38" StartOffset="2064"/>
<Loc EndOffset="2108" SrcFileId="38" StartOffset="2083"/>
</LocList>
<BasicStmnt CovItemId="S13" CovItemPrefix="dataModels.Filter.java" Intrnl_Id="2748">
<LocList>
<Loc EndOffset="2039" SrcFileId="38" StartOffset="1987"/>
</LocList>
</BasicStmnt>
<BasicStmnt CovItemId="S14" CovItemPrefix="dataModels.Filter.java" Intrnl_Id="2749">
<LocList>
<Loc EndOffset="2060" SrcFileId="38" StartOffset="2043"/>
</LocList>
</BasicStmnt>
<BasicStmnt CovItemId="S15" CovItemPrefix="dataModels.Filter.java" Intrnl_Id="2750">
<LocList>
<Loc EndOffset="2079" SrcFileId="38" StartOffset="2064"/>
</LocList>
</BasicStmnt>
<BasicStmnt CovItemId="S16" CovItemPrefix="dataModels.Filter.java" Intrnl_Id="2751">
<LocList>
<Loc EndOffset="2108" SrcFileId="38" StartOffset="2083"/>
</LocList>
</BasicStmnt>
</StmntSeq>
</HierarchyLvl>
<HierarchyLvl HierarchyLvlId="10101" HierarchyLvlTypeId="45" Intrnl_Id="2752" Name="getTimeFrame">
<Header>
<Loc EndOffset="2229" SrcFileId="38" StartOffset="2198"/>
</Header>
<LocList>
<Loc EndOffset="2264" SrcFileId="38" StartOffset="2198"/>
</LocList>
<StmntSeq Intrnl_Id="2753">
<LocList>
<Loc EndOffset="2260" SrcFileId="38" StartOffset="2237"/>
</LocList>
<BasicStmnt CovItemId="S17" CovItemPrefix="dataModels.Filter.java" Intrnl_Id="2754">
<LocList>
<Loc EndOffset="2260" SrcFileId="38" StartOffset="2237"/>
</LocList>
</BasicStmnt>
</StmntSeq>
</HierarchyLvl>
<HierarchyLvl HierarchyLvlId="10102" HierarchyLvlTypeId="45" Intrnl_Id="2755" Name="setTimeFrame">
<Header>
<Loc EndOffset="2415" SrcFileId="38" StartOffset="2370"/>
</Header>
<LocList>
<Loc EndOffset="2455" SrcFileId="38" StartOffset="2370"/>
</LocList>
<StmntSeq Intrnl_Id="2756">
<LocList>
<Loc EndOffset="2451" SrcFileId="38" StartOffset="2423"/>
</LocList>
<BasicStmnt CovItemId="S18" CovItemPrefix="dataModels.Filter.java" Intrnl_Id="2757">
<LocList>
<Loc EndOffset="2451" SrcFileId="38" StartOffset="2423"/>
</LocList>
</BasicStmnt>
</StmntSeq>
</HierarchyLvl>
<HierarchyLvl HierarchyLvlId="10103" HierarchyLvlTypeId="45" Intrnl_Id="2758" Name="setTimeFrame">
<Header>
<Loc EndOffset="2644" SrcFileId="38" StartOffset="2602"/>
</Header>
<LocList>
<Loc EndOffset="2708" SrcFileId="38" StartOffset="2602"/>
</LocList>
<StmntSeq Intrnl_Id="2759">
<LocList>
<Loc EndOffset="2704" SrcFileId="38" StartOffset="2652"/>
</LocList>
<BasicStmnt CovItemId="S19" CovItemPrefix="dataModels.Filter.java" Intrnl_Id="2760">
<LocList>
<Loc EndOffset="2704" SrcFileId="38" StartOffset="2652"/>
</LocList>
</BasicStmnt>
</StmntSeq>
</HierarchyLvl>
<HierarchyLvl HierarchyLvlId="10104" HierarchyLvlTypeId="45" Intrnl_Id="2761" Name="setRankType">
<Header>
<Loc EndOffset="2839" SrcFileId="38" StartOffset="2797"/>
</Header>
<LocList>
<Loc EndOffset="2876" SrcFileId="38" StartOffset="2797"/>
</LocList>
<StmntSeq Intrnl_Id="2762">
<LocList>
<Loc EndOffset="2872" SrcFileId="38" StartOffset="2847"/>
</LocList>
<BasicStmnt CovItemId="S20" CovItemPrefix="dataModels.Filter.java" Intrnl_Id="2763">
<LocList>
<Loc EndOffset="2872" SrcFileId="38" StartOffset="2847"/>
</LocList>
</BasicStmnt>
</StmntSeq>
</HierarchyLvl>
<HierarchyLvl HierarchyLvlId="10105" HierarchyLvlTypeId="45" Intrnl_Id="2764" Name="setRankType">
<Header>
<Loc EndOffset="3088" SrcFileId="38" StartOffset="3048"/>
</Header>
<LocList>
<Loc EndOffset="3147" SrcFileId="38" StartOffset="3048"/>
</LocList>
<StmntSeq Intrnl_Id="2765">
<LocList>
<Loc EndOffset="3143" SrcFileId="38" StartOffset="3096"/>
</LocList>
<BasicStmnt CovItemId="S21" CovItemPrefix="dataModels.Filter.java" Intrnl_Id="2766">
<LocList>
<Loc EndOffset="3143" SrcFileId="38" StartOffset="3096"/>
</LocList>
</BasicStmnt>
</StmntSeq>
</HierarchyLvl>
<HierarchyLvl HierarchyLvlId="10106" HierarchyLvlTypeId="45" Intrnl_Id="2767" Name="getRankType">
<Header>
<Loc EndOffset="3260" SrcFileId="38" StartOffset="3231"/>
</Header>
<LocList>
<Loc EndOffset="3293" SrcFileId="38" StartOffset="3231"/>
</LocList>
<StmntSeq Intrnl_Id="2768">
<LocList>
<Loc EndOffset="3289" SrcFileId="38" StartOffset="3268"/>
</LocList>
<BasicStmnt CovItemId="S22" CovItemPrefix="dataModels.Filter.java" Intrnl_Id="2769">
<LocList>
<Loc EndOffset="3289" SrcFileId="38" StartOffset="3268"/>
</LocList>
</BasicStmnt>
</StmntSeq>
</HierarchyLvl>
<HierarchyLvl HierarchyLvlId="10107" HierarchyLvlTypeId="45" Intrnl_Id="2770" Name="getSkip">
<Header>
<Loc EndOffset="3394" SrcFileId="38" StartOffset="3374"/>
</Header>
<LocList>
<Loc EndOffset="3416" SrcFileId="38" StartOffset="3374"/>
</LocList>
<StmntSeq Intrnl_Id="2771">
<LocList>
<Loc EndOffset="3412" SrcFileId="38" StartOffset="3400"/>
</LocList>
<BasicStmnt CovItemId="S23" CovItemPrefix="dataModels.Filter.java" Intrnl_Id="2772">
<LocList>
<Loc EndOffset="3412" SrcFileId="38" StartOffset="3400"/>
</LocList>
</BasicStmnt>
</StmntSeq>
</HierarchyLvl>
<HierarchyLvl HierarchyLvlId="10108" HierarchyLvlTypeId="45" Intrnl_Id="2773" Name="setSkip">
<Header>
<Loc EndOffset="3526" SrcFileId="38" StartOffset="3497"/>
</Header>
<LocList>
<Loc EndOffset="3553" SrcFileId="38" StartOffset="3497"/>
</LocList>
<StmntSeq Intrnl_Id="2774">
<LocList>
<Loc EndOffset="3549" SrcFileId="38" StartOffset="3532"/>
</LocList>
<BasicStmnt CovItemId="S24" CovItemPrefix="dataModels.Filter.java" Intrnl_Id="2775">
<LocList>
<Loc EndOffset="3549" SrcFileId="38" StartOffset="3532"/>
</LocList>
</BasicStmnt>
</StmntSeq>
</HierarchyLvl>
<HierarchyLvl HierarchyLvlId="10109" HierarchyLvlTypeId="45" Intrnl_Id="2776" Name="getMax">
<Header>
<Loc EndOffset="3658" SrcFileId="38" StartOffset="3639"/>
</Header>
<LocList>
<Loc EndOffset="3679" SrcFileId="38" StartOffset="3639"/>
</LocList>
<StmntSeq Intrnl_Id="2777">
<LocList>
<Loc EndOffset="3675" SrcFileId="38" StartOffset="3664"/>
</LocList>
<BasicStmnt CovItemId="S25" CovItemPrefix="dataModels.Filter.java" Intrnl_Id="2778">
<LocList>
<Loc EndOffset="3675" SrcFileId="38" StartOffset="3664"/>
</LocList>
</BasicStmnt>
</StmntSeq>
</HierarchyLvl>
<HierarchyLvl HierarchyLvlId="10110" HierarchyLvlTypeId="45" Intrnl_Id="2779" Name="setMax">
<Header>
<Loc EndOffset="3792" SrcFileId="38" StartOffset="3765"/>
</Header>
<LocList>
<Loc EndOffset="3817" SrcFileId="38" StartOffset="3765"/>
</LocList>
<StmntSeq Intrnl_Id="2780">
<LocList>
<Loc EndOffset="3813" SrcFileId="38" StartOffset="3798"/>
</LocList>
<BasicStmnt CovItemId="S26" CovItemPrefix="dataModels.Filter.java" Intrnl_Id="2781">
<LocList>
<Loc EndOffset="3813" SrcFileId="38" StartOffset="3798"/>
</LocList>
</BasicStmnt>
</StmntSeq>
</HierarchyLvl>
<HierarchyLvl HierarchyLvlId="10111" HierarchyLvlTypeId="45" Intrnl_Id="2782" Name="getSqlTimeFrameFilter">
<Header>
<Loc EndOffset="4093" SrcFileId="38" StartOffset="4056"/>
</Header>
<LocList>
<Loc EndOffset="4558" SrcFileId="38" StartOffset="4056"/>
</LocList>
<StmntSeq Intrnl_Id="2783">
<LocList>
<Loc EndOffset="4554" SrcFileId="38" StartOffset="4101"/>
</LocList>
<CondStmnt CovItemId="S27" CovItemPrefix="dataModels.Filter.java" Intrnl_Id="2784">
<Branch CovItemId="B1" CovItemPrefix="dataModels.Filter.java" Implct="false" Intrnl_Id="2785">
<Cond>
<Loc EndOffset="4142" SrcFileId="38" StartOffset="4134"/>
</Cond>
<LocList>
<Loc EndOffset="4223" SrcFileId="38" StartOffset="4149"/>
</LocList>
<StmntSeq Intrnl_Id="2786">
<LocList>
<Loc EndOffset="4223" SrcFileId="38" StartOffset="4149"/>
</LocList>
<BasicStmnt CovItemId="S28" CovItemPrefix="dataModels.Filter.java" Intrnl_Id="2787">
<LocList>
<Loc EndOffset="4223" SrcFileId="38" StartOffset="4149"/>
</LocList>
</BasicStmnt>
</StmntSeq>
</Branch>
<Branch CovItemId="B2" CovItemPrefix="dataModels.Filter.java" Implct="false" Intrnl_Id="2788">
<Cond>
<Loc EndOffset="4237" SrcFileId="38" StartOffset="4228"/>
</Cond>
<LocList>
<Loc EndOffset="4319" SrcFileId="38" StartOffset="4244"/>
</LocList>
<StmntSeq Intrnl_Id="2789">
<LocList>
<Loc EndOffset="4319" SrcFileId="38" StartOffset="4244"/>
</LocList>
<BasicStmnt CovItemId="S29" CovItemPrefix="dataModels.Filter.java" Intrnl_Id="2790">
<LocList>
<Loc EndOffset="4319" SrcFileId="38" StartOffset="4244"/>
</LocList>
</BasicStmnt>
</StmntSeq>
</Branch>
<Branch CovItemId="B3" CovItemPrefix="dataModels.Filter.java" Implct="false" Intrnl_Id="2791">
<Cond>
<Loc EndOffset="4334" SrcFileId="38" StartOffset="4324"/>
</Cond>
<LocList>
<Loc EndOffset="4417" SrcFileId="38" StartOffset="4341"/>
</LocList>
<StmntSeq Intrnl_Id="2792">
<LocList>
<Loc EndOffset="4417" SrcFileId="38" StartOffset="4341"/>
</LocList>
<BasicStmnt CovItemId="S30" CovItemPrefix="dataModels.Filter.java" Intrnl_Id="2793">
<LocList>
<Loc EndOffset="4417" SrcFileId="38" StartOffset="4341"/>
</LocList>
</BasicStmnt>
</StmntSeq>
</Branch>
<Branch CovItemId="B4" CovItemPrefix="dataModels.Filter.java" Implct="false" Intrnl_Id="2794">
<Cond>
<Loc EndOffset="4431" SrcFileId="38" StartOffset="4422"/>
</Cond>
<LocList>
<Loc EndOffset="4513" SrcFileId="38" StartOffset="4438"/>
</LocList>
<StmntSeq Intrnl_Id="2795">
<LocList>
<Loc EndOffset="4513" SrcFileId="38" StartOffset="4438"/>
</LocList>
<BasicStmnt CovItemId="S31" CovItemPrefix="dataModels.Filter.java" Intrnl_Id="2796">
<LocList>
<Loc EndOffset="4513" SrcFileId="38" StartOffset="4438"/>
</LocList>
</BasicStmnt>
</StmntSeq>
</Branch>
<Branch CovItemId="B5" CovItemPrefix="dataModels.Filter.java" Implct="false" Intrnl_Id="2797">
<Cond>
<Loc EndOffset="4525" SrcFileId="38" StartOffset="4518"/>
</Cond>
<LocList>
<Loc EndOffset="4542" SrcFileId="38" StartOffset="4532"/>
</LocList>
<StmntSeq Intrnl_Id="2798">
<LocList>
<Loc EndOffset="4542" SrcFileId="38" StartOffset="4532"/>
</LocList>
<BasicStmnt CovItemId="S32" CovItemPrefix="dataModels.Filter.java" Intrnl_Id="2799">
<LocList>
<Loc EndOffset="4542" SrcFileId="38" StartOffset="4532"/>
</LocList>
</BasicStmnt>
</StmntSeq>
</Branch>
<Keyword EndOffset="4107" SrcFileId="38" StartOffset="4101"/>
<LocList>
<Loc EndOffset="4554" SrcFileId="38" StartOffset="4101"/>
</LocList>
</CondStmnt>
</StmntSeq>
</HierarchyLvl>
<HierarchyLvl HierarchyLvlId="10112" HierarchyLvlTypeId="45" Intrnl_Id="2800" Name="getSkipSqlFilter">
<Header>
<Loc EndOffset="4690" SrcFileId="38" StartOffset="4658"/>
</Header>
<LocList>
<Loc EndOffset="4738" SrcFileId="38" StartOffset="4658"/>
</LocList>
<StmntSeq Intrnl_Id="2801">
<LocList>
<Loc EndOffset="4734" SrcFileId="38" StartOffset="4698"/>
</LocList>
<BasicStmnt CovItemId="S33" CovItemPrefix="dataModels.Filter.java" Intrnl_Id="2802">
<LocList>
<Loc EndOffset="4734" SrcFileId="38" StartOffset="4698"/>
</LocList>
</BasicStmnt>
</StmntSeq>
</HierarchyLvl>
<HierarchyLvl HierarchyLvlId="10113" HierarchyLvlTypeId="45" Intrnl_Id="2803" Name="getMaxSqlFilter">
<Header>
<Loc EndOffset="4859" SrcFileId="38" StartOffset="4828"/>
</Header>
<LocList>
<Loc EndOffset="4905" SrcFileId="38" StartOffset="4828"/>
</LocList>
<StmntSeq Intrnl_Id="2804">
<LocList>
<Loc EndOffset="4901" SrcFileId="38" StartOffset="4867"/>
</LocList>
<BasicStmnt CovItemId="S34" CovItemPrefix="dataModels.Filter.java" Intrnl_Id="2805">
<LocList>
<Loc EndOffset="4901" SrcFileId="38" StartOffset="4867"/>
</LocList>
</BasicStmnt>
</StmntSeq>
</HierarchyLvl>
<HierarchyLvl HierarchyLvlId="10117" HierarchyLvlTypeId="42" Intrnl_Id="2806" Name="TimeFrame">
<Header>
<Loc EndOffset="5045" SrcFileId="38" StartOffset="5024"/>
</Header>
<LocList>
<Loc EndOffset="5916" SrcFileId="38" StartOffset="5024"/>
</LocList>
<HierarchyLvl HierarchyLvlId="10114" HierarchyLvlTypeId="45" Intrnl_Id="2807" Name="TimeFrame">
<Header>
<Loc EndOffset="5247" SrcFileId="38" StartOffset="5220"/>
</Header>
<LocList>
<Loc EndOffset="5285" SrcFileId="38" StartOffset="5220"/>
</LocList>
<StmntSeq Intrnl_Id="2808">
<LocList>
<Loc EndOffset="5280" SrcFileId="38" StartOffset="5257"/>
</LocList>
<BasicStmnt CovItemId="S35" CovItemPrefix="dataModels.Filter.java" Intrnl_Id="2809">
<LocList>
<Loc EndOffset="5280" SrcFileId="38" StartOffset="5257"/>
</LocList>
</BasicStmnt>
</StmntSeq>
</HierarchyLvl>
<HierarchyLvl HierarchyLvlId="10115" HierarchyLvlTypeId="45" Intrnl_Id="2810" Name="getValue">
<Header>
<Loc EndOffset="5412" SrcFileId="38" StartOffset="5388"/>
</Header>
<LocList>
<Loc EndOffset="5446" SrcFileId="38" StartOffset="5388"/>
</LocList>
<StmntSeq Intrnl_Id="2811">
<LocList>
<Loc EndOffset="5438" SrcFileId="38" StartOffset="5425"/>
</LocList>
<BasicStmnt CovItemId="S36" CovItemPrefix="dataModels.Filter.java" Intrnl_Id="2812">
<LocList>
<Loc EndOffset="5438" SrcFileId="38" StartOffset="5425"/>
</LocList>
</BasicStmnt>
</StmntSeq>
</HierarchyLvl>
<HierarchyLvl HierarchyLvlId="10116" HierarchyLvlTypeId="45" Intrnl_Id="2813" Name="getTimeFrame">
<Header>
<Loc EndOffset="5669" SrcFileId="38" StartOffset="5609"/>
</Header>
<LocList>
<Loc EndOffset="5908" SrcFileId="38" StartOffset="5609"/>
</LocList>
<StmntSeq Intrnl_Id="2814">
<LocList>
<Loc EndOffset="5863" SrcFileId="38" StartOffset="5685"/>
<Loc EndOffset="5900" SrcFileId="38" StartOffset="5879"/>
</LocList>
<LoopStmnt CovItemId="S37" CovItemPrefix="dataModels.Filter.java" Intrnl_Id="2815" MltplExecId="L1-2" MltplExecPrefix="dataModels.Filter.java" NvrExecId="L1-0" NvrExecPrefix="dataModels.Filter.java" OnceExecutedId="L1-1" OnceExecutedPrefix="dataModels.Filter.java" OptBodyExec="true">
<StmntSeq Intrnl_Id="2816">
<LocList>
<Loc EndOffset="5851" SrcFileId="38" StartOffset="5748"/>
</LocList>
<CondStmnt CovItemId="S38" CovItemPrefix="dataModels.Filter.java" Intrnl_Id="2817">
<Branch CovItemId="B6" CovItemPrefix="dataModels.Filter.java" Implct="false" Intrnl_Id="2818">
<Cond/>
<LocList>
<Loc EndOffset="5851" SrcFileId="38" StartOffset="5798"/>
</LocList>
<StmntSeq Intrnl_Id="2819">
<LocList>
<Loc EndOffset="5835" SrcFileId="38" StartOffset="5818"/>
</LocList>
<BasicStmnt CovItemId="S39" CovItemPrefix="dataModels.Filter.java" Intrnl_Id="2820">
<LocList>
<Loc EndOffset="5835" SrcFileId="38" StartOffset="5818"/>
</LocList>
</BasicStmnt>
</StmntSeq>
</Branch>
<Branch CovItemId="B7" CovItemPrefix="dataModels.Filter.java" Implct="true" Intrnl_Id="2821">
<Cond/>
<LocList/>
<StmntSeq Intrnl_Id="2822">
<LocList/>
</StmntSeq>
</Branch>
<Keyword EndOffset="5750" SrcFileId="38" StartOffset="5748"/>
<LocList>
<Loc EndOffset="5851" SrcFileId="38" StartOffset="5748"/>
</LocList>
</CondStmnt>
</StmntSeq>
<Keyword EndOffset="5688" SrcFileId="38" StartOffset="5685"/>
<LocList>
<Loc EndOffset="5863" SrcFileId="38" StartOffset="5685"/>
</LocList>
</LoopStmnt>
<BasicStmnt CovItemId="S40" CovItemPrefix="dataModels.Filter.java" Intrnl_Id="2823">
<LocList>
<Loc EndOffset="5900" SrcFileId="38" StartOffset="5879"/>
</LocList>
</BasicStmnt>
</StmntSeq>
</HierarchyLvl>
</HierarchyLvl>
<HierarchyLvl HierarchyLvlId="10121" HierarchyLvlTypeId="42" Intrnl_Id="2824" Name="RankType">
<Header>
<Loc EndOffset="6055" SrcFileId="38" StartOffset="6035"/>
</Header>
<LocList>
<Loc EndOffset="6901" SrcFileId="38" StartOffset="6035"/>
</LocList>
<HierarchyLvl HierarchyLvlId="10118" HierarchyLvlTypeId="45" Intrnl_Id="2825" Name="RankType">
<Header>
<Loc EndOffset="6237" SrcFileId="38" StartOffset="6212"/>
</Header>
<LocList>
<Loc EndOffset="6274" SrcFileId="38" StartOffset="6212"/>
</LocList>
<StmntSeq Intrnl_Id="2826">
<LocList>
<Loc EndOffset="6269" SrcFileId="38" StartOffset="6247"/>
</LocList>
<BasicStmnt CovItemId="S41" CovItemPrefix="dataModels.Filter.java" Intrnl_Id="2827">
<LocList>
<Loc EndOffset="6269" SrcFileId="38" StartOffset="6247"/>
</LocList>
</BasicStmnt>
</StmntSeq>
</HierarchyLvl>
<HierarchyLvl HierarchyLvlId="10119" HierarchyLvlTypeId="45" Intrnl_Id="2828" Name="getValue">
<Header>
<Loc EndOffset="6401" SrcFileId="38" StartOffset="6377"/>
</Header>
<LocList>
<Loc EndOffset="6435" SrcFileId="38" StartOffset="6377"/>
</LocList>
<StmntSeq Intrnl_Id="2829">
<LocList>
<Loc EndOffset="6427" SrcFileId="38" StartOffset="6414"/>
</LocList>
<BasicStmnt CovItemId="S42" CovItemPrefix="dataModels.Filter.java" Intrnl_Id="2830">
<LocList>
<Loc EndOffset="6427" SrcFileId="38" StartOffset="6414"/>
</LocList>
</BasicStmnt>
</StmntSeq>
</HierarchyLvl>
<HierarchyLvl HierarchyLvlId="10120" HierarchyLvlTypeId="45" Intrnl_Id="2831" Name="getRankType">
<Header>
<Loc EndOffset="6655" SrcFileId="38" StartOffset="6598"/>
</Header>
<LocList>
<Loc EndOffset="6893" SrcFileId="38" StartOffset="6598"/>
</LocList>
<StmntSeq Intrnl_Id="2832">
<LocList>
<Loc EndOffset="6843" SrcFileId="38" StartOffset="6671"/>
<Loc EndOffset="6885" SrcFileId="38" StartOffset="6859"/>
</LocList>
<LoopStmnt CovItemId="S43" CovItemPrefix="dataModels.Filter.java" Intrnl_Id="2833" MltplExecId="L2-2" MltplExecPrefix="dataModels.Filter.java" NvrExecId="L2-0" NvrExecPrefix="dataModels.Filter.java" OnceExecutedId="L2-1" OnceExecutedPrefix="dataModels.Filter.java" OptBodyExec="true">
<StmntSeq Intrnl_Id="2834">
<LocList>
<Loc EndOffset="6831" SrcFileId="38" StartOffset="6731"/>
</LocList>
<CondStmnt CovItemId="S44" CovItemPrefix="dataModels.Filter.java" Intrnl_Id="2835">
<Branch CovItemId="B8" CovItemPrefix="dataModels.Filter.java" Implct="false" Intrnl_Id="2836">
<Cond/>
<LocList>
<Loc EndOffset="6831" SrcFileId="38" StartOffset="6779"/>
</LocList>
<StmntSeq Intrnl_Id="2837">
<LocList>
<Loc EndOffset="6815" SrcFileId="38" StartOffset="6799"/>
</LocList>
<BasicStmnt CovItemId="S45" CovItemPrefix="dataModels.Filter.java" Intrnl_Id="2838">
<LocList>
<Loc EndOffset="6815" SrcFileId="38" StartOffset="6799"/>
</LocList>
</BasicStmnt>
</StmntSeq>
</Branch>
<Branch CovItemId="B9" CovItemPrefix="dataModels.Filter.java" Implct="true" Intrnl_Id="2839">
<Cond/>
<LocList/>
<StmntSeq Intrnl_Id="2840">
<LocList/>
</StmntSeq>
</Branch>
<Keyword EndOffset="6733" SrcFileId="38" StartOffset="6731"/>
<LocList>
<Loc EndOffset="6831" SrcFileId="38" StartOffset="6731"/>
</LocList>
</CondStmnt>
</StmntSeq>
<Keyword EndOffset="6674" SrcFileId="38" StartOffset="6671"/>
<LocList>
<Loc EndOffset="6843" SrcFileId="38" StartOffset="6671"/>
</LocList>
</LoopStmnt>
<BasicStmnt CovItemId="S46" CovItemPrefix="dataModels.Filter.java" Intrnl_Id="2841">
<LocList>
<Loc EndOffset="6885" SrcFileId="38" StartOffset="6859"/>
</LocList>
</BasicStmnt>
</StmntSeq>
</HierarchyLvl>
</HierarchyLvl>
<HierarchyLvl HierarchyLvlId="10123" HierarchyLvlTypeId="44" Intrnl_Id="2842" Name="FilterDeserializer">
<Header>
<Loc EndOffset="7124" SrcFileId="38" StartOffset="7050"/>
</Header>
<LocList>
<Loc EndOffset="8118" SrcFileId="38" StartOffset="7050"/>
</LocList>
<HierarchyLvl HierarchyLvlId="10122" HierarchyLvlTypeId="45" Intrnl_Id="2843" Name="deserialize">
<Header>
<Loc EndOffset="7383" SrcFileId="38" StartOffset="7246"/>
</Header>
<LocList>
<Loc EndOffset="8114" SrcFileId="38" StartOffset="7246"/>
</LocList>
<StmntSeq Intrnl_Id="2844">
<LocList>
<Loc EndOffset="7445" SrcFileId="38" StartOffset="7392"/>
<Loc EndOffset="7514" SrcFileId="38" StartOffset="7452"/>
<Loc EndOffset="7576" SrcFileId="38" StartOffset="7524"/>
<Loc EndOffset="7636" SrcFileId="38" StartOffset="7586"/>
<Loc EndOffset="7707" SrcFileId="38" StartOffset="7646"/>
<Loc EndOffset="7743" SrcFileId="38" StartOffset="7714"/>
<Loc EndOffset="7839" SrcFileId="38" StartOffset="7753"/>
<Loc EndOffset="7917" SrcFileId="38" StartOffset="7849"/>
<Loc EndOffset="7992" SrcFileId="38" StartOffset="7927"/>
<Loc EndOffset="8085" SrcFileId="38" StartOffset="8002"/>
<Loc EndOffset="8109" SrcFileId="38" StartOffset="8095"/>
</LocList>
<BasicStmnt CovItemId="S47" CovItemPrefix="dataModels.Filter.java" Intrnl_Id="2845">
<LocList>
<Loc EndOffset="7445" SrcFileId="38" StartOffset="7392"/>
</LocList>
</BasicStmnt>
<BasicStmnt CovItemId="S48" CovItemPrefix="dataModels.Filter.java" Intrnl_Id="2846">
<LocList>
<Loc EndOffset="7514" SrcFileId="38" StartOffset="7452"/>
</LocList>
</BasicStmnt>
<BasicStmnt CovItemId="S49" CovItemPrefix="dataModels.Filter.java" Intrnl_Id="2847">
<LocList>
<Loc EndOffset="7576" SrcFileId="38" StartOffset="7524"/>
</LocList>
</BasicStmnt>
<BasicStmnt CovItemId="S50" CovItemPrefix="dataModels.Filter.java" Intrnl_Id="2848">
<LocList>
<Loc EndOffset="7636" SrcFileId="38" StartOffset="7586"/>
</LocList>
</BasicStmnt>
<BasicStmnt CovItemId="S51" CovItemPrefix="dataModels.Filter.java" Intrnl_Id="2849">
<LocList>
<Loc EndOffset="7707" SrcFileId="38" StartOffset="7646"/>
</LocList>
</BasicStmnt>
<BasicStmnt CovItemId="S52" CovItemPrefix="dataModels.Filter.java" Intrnl_Id="2850">
<LocList>
<Loc EndOffset="7743" SrcFileId="38" StartOffset="7714"/>
</LocList>
</BasicStmnt>
<CondStmnt CovItemId="S53" CovItemPrefix="dataModels.Filter.java" Intrnl_Id="2851">
<Branch CovItemId="B10" CovItemPrefix="dataModels.Filter.java" Implct="false" Intrnl_Id="2852">
<Cond/>
<LocList>
<Loc EndOffset="7839" SrcFileId="38" StartOffset="7787"/>
</LocList>
<StmntSeq Intrnl_Id="2853">
<LocList>
<Loc EndOffset="7839" SrcFileId="38" StartOffset="7787"/>
</LocList>
<BasicStmnt CovItemId="S54" CovItemPrefix="dataModels.Filter.java" Intrnl_Id="2854">
<LocList>
<Loc EndOffset="7839" SrcFileId="38" StartOffset="7787"/>
</LocList>
</BasicStmnt>
</StmntSeq>
</Branch>
<Branch CovItemId="B11" CovItemPrefix="dataModels.Filter.java" Implct="true" Intrnl_Id="2855">
<Cond/>
<LocList/>
<StmntSeq Intrnl_Id="2856">
<LocList/>
</StmntSeq>
</Branch>
<Keyword EndOffset="7755" SrcFileId="38" StartOffset="7753"/>
<LocList>
<Loc EndOffset="7839" SrcFileId="38" StartOffset="7753"/>
</LocList>
</CondStmnt>
<CondStmnt CovItemId="S55" CovItemPrefix="dataModels.Filter.java" Intrnl_Id="2857">
<Branch CovItemId="B12" CovItemPrefix="dataModels.Filter.java" Implct="false" Intrnl_Id="2858">
<Cond/>
<LocList>
<Loc EndOffset="7917" SrcFileId="38" StartOffset="7878"/>
</LocList>
<StmntSeq Intrnl_Id="2859">
<LocList>
<Loc EndOffset="7917" SrcFileId="38" StartOffset="7878"/>
</LocList>
<BasicStmnt CovItemId="S56" CovItemPrefix="dataModels.Filter.java" Intrnl_Id="2860">
<LocList>
<Loc EndOffset="7917" SrcFileId="38" StartOffset="7878"/>
</LocList>
</BasicStmnt>
</StmntSeq>
</Branch>
<Branch CovItemId="B13" CovItemPrefix="dataModels.Filter.java" Implct="true" Intrnl_Id="2861">
<Cond/>
<LocList/>
<StmntSeq Intrnl_Id="2862">
<LocList/>
</StmntSeq>
</Branch>
<Keyword EndOffset="7851" SrcFileId="38" StartOffset="7849"/>
<LocList>
<Loc EndOffset="7917" SrcFileId="38" StartOffset="7849"/>
</LocList>
</CondStmnt>
<CondStmnt CovItemId="S57" CovItemPrefix="dataModels.Filter.java" Intrnl_Id="2863">
<Branch CovItemId="B14" CovItemPrefix="dataModels.Filter.java" Implct="false" Intrnl_Id="2864">
<Cond/>
<LocList>
<Loc EndOffset="7992" SrcFileId="38" StartOffset="7955"/>
</LocList>
<StmntSeq Intrnl_Id="2865">
<LocList>
<Loc EndOffset="7992" SrcFileId="38" StartOffset="7955"/>
</LocList>
<BasicStmnt CovItemId="S58" CovItemPrefix="dataModels.Filter.java" Intrnl_Id="2866">
<LocList>
<Loc EndOffset="7992" SrcFileId="38" StartOffset="7955"/>
</LocList>
</BasicStmnt>
</StmntSeq>
</Branch>
<Branch CovItemId="B15" CovItemPrefix="dataModels.Filter.java" Implct="true" Intrnl_Id="2867">
<Cond/>
<LocList/>
<StmntSeq Intrnl_Id="2868">
<LocList/>
</StmntSeq>
</Branch>
<Keyword EndOffset="7929" SrcFileId="38" StartOffset="7927"/>
<LocList>
<Loc EndOffset="7992" SrcFileId="38" StartOffset="7927"/>
</LocList>
</CondStmnt>
<CondStmnt CovItemId="S59" CovItemPrefix="dataModels.Filter.java" Intrnl_Id="2869">
<Branch CovItemId="B16" CovItemPrefix="dataModels.Filter.java" Implct="false" Intrnl_Id="2870">
<Cond/>
<LocList>
<Loc EndOffset="8085" SrcFileId="38" StartOffset="8035"/>
</LocList>
<StmntSeq Intrnl_Id="2871">
<LocList>
<Loc EndOffset="8085" SrcFileId="38" StartOffset="8035"/>
</LocList>
<BasicStmnt CovItemId="S60" CovItemPrefix="dataModels.Filter.java" Intrnl_Id="2872">
<LocList>
<Loc EndOffset="8085" SrcFileId="38" StartOffset="8035"/>
</LocList>
</BasicStmnt>
</StmntSeq>
</Branch>
<Branch CovItemId="B17" CovItemPrefix="dataModels.Filter.java" Implct="true" Intrnl_Id="2873">
<Cond/>
<LocList/>
<StmntSeq Intrnl_Id="2874">
<LocList/>
</StmntSeq>
</Branch>
<Keyword EndOffset="8004" SrcFileId="38" StartOffset="8002"/>
<LocList>
<Loc EndOffset="8085" SrcFileId="38" StartOffset="8002"/>
</LocList>
</CondStmnt>
<BasicStmnt CovItemId="S61" CovItemPrefix="dataModels.Filter.java" Intrnl_Id="2875">
<LocList>
<Loc EndOffset="8109" SrcFileId="38" StartOffset="8095"/>
</LocList>
</BasicStmnt>
</StmntSeq>
</HierarchyLvl>
</HierarchyLvl>
</HierarchyLvl>
<HierarchyLvl HierarchyLvlId="10160" HierarchyLvlTypeId="44" Intrnl_Id="2876" Name="CommunityStatistics">
<Header>
<Loc EndOffset="448" SrcFileId="39" StartOffset="416"/>
</Header>
<LocList>
<Loc EndOffset="16272" SrcFileId="39" StartOffset="416"/>
</LocList>
<HierarchyLvl HierarchyLvlId="10125" HierarchyLvlTypeId="45" Intrnl_Id="2877" Name="CommunityStatistics">
<Header>
<Loc EndOffset="2807" SrcFileId="39" StartOffset="2735"/>
</Header>
<LocList>
<Loc EndOffset="2875" SrcFileId="39" StartOffset="2735"/>
</LocList>
<StmntSeq Intrnl_Id="2878">
<LocList>
<Loc EndOffset="2846" SrcFileId="39" StartOffset="2815"/>
<Loc EndOffset="2871" SrcFileId="39" StartOffset="2850"/>
</LocList>
<BasicStmnt CovItemId="S1" CovItemPrefix="dataModels.CommunityStatistics.java" Intrnl_Id="2879">
<LocList>
<Loc EndOffset="2846" SrcFileId="39" StartOffset="2815"/>
</LocList>
</BasicStmnt>
<BasicStmnt CovItemId="S2" CovItemPrefix="dataModels.CommunityStatistics.java" Intrnl_Id="2880">
<LocList>
<Loc EndOffset="2871" SrcFileId="39" StartOffset="2850"/>
</LocList>
</BasicStmnt>
</StmntSeq>
</HierarchyLvl>
<HierarchyLvl HierarchyLvlId="10126" HierarchyLvlTypeId="45" Intrnl_Id="2881" Name="generateAllStatistics">
<Header>
<Loc EndOffset="3096" SrcFileId="39" StartOffset="3027"/>
</Header>
<LocList>
<Loc EndOffset="4697" SrcFileId="39" StartOffset="3027"/>
</LocList>
<StmntSeq Intrnl_Id="2882">
<LocList>
<Loc EndOffset="3162" SrcFileId="39" StartOffset="3104"/>
<Loc EndOffset="3217" SrcFileId="39" StartOffset="3166"/>
<Loc EndOffset="3276" SrcFileId="39" StartOffset="3221"/>
<Loc EndOffset="3339" SrcFileId="39" StartOffset="3280"/>
<Loc EndOffset="3382" SrcFileId="39" StartOffset="3343"/>
<Loc EndOffset="3435" SrcFileId="39" StartOffset="3386"/>
<Loc EndOffset="3486" SrcFileId="39" StartOffset="3439"/>
<Loc EndOffset="3541" SrcFileId="39" StartOffset="3490"/>
<Loc EndOffset="3600" SrcFileId="39" StartOffset="3545"/>
<Loc EndOffset="3647" SrcFileId="39" StartOffset="3604"/>
<Loc EndOffset="3698" SrcFileId="39" StartOffset="3651"/>
<Loc EndOffset="3747" SrcFileId="39" StartOffset="3702"/>
<Loc EndOffset="3796" SrcFileId="39" StartOffset="3751"/>
<Loc EndOffset="3845" SrcFileId="39" StartOffset="3800"/>
<Loc EndOffset="3898" SrcFileId="39" StartOffset="3849"/>
<Loc EndOffset="3951" SrcFileId="39" StartOffset="3902"/>
<Loc EndOffset="4006" SrcFileId="39" StartOffset="3955"/>
<Loc EndOffset="4054" SrcFileId="39" StartOffset="4010"/>
<Loc EndOffset="4100" SrcFileId="39" StartOffset="4058"/>
<Loc EndOffset="4144" SrcFileId="39" StartOffset="4104"/>
<Loc EndOffset="4192" SrcFileId="39" StartOffset="4148"/>
<Loc EndOffset="4244" SrcFileId="39" StartOffset="4196"/>
<Loc EndOffset="4290" SrcFileId="39" StartOffset="4248"/>
<Loc EndOffset="4334" SrcFileId="39" StartOffset="4294"/>
<Loc EndOffset="4380" SrcFileId="39" StartOffset="4338"/>
<Loc EndOffset="4423" SrcFileId="39" StartOffset="4384"/>
<Loc EndOffset="4468" SrcFileId="39" StartOffset="4427"/>
<Loc EndOffset="4517" SrcFileId="39" StartOffset="4472"/>
<Loc EndOffset="4557" SrcFileId="39" StartOffset="4521"/>
<Loc EndOffset="4592" SrcFileId="39" StartOffset="4561"/>
<Loc EndOffset="4621" SrcFileId="39" StartOffset="4596"/>
<Loc EndOffset="4646" SrcFileId="39" StartOffset="4625"/>
<Loc EndOffset="4693" SrcFileId="39" StartOffset="4650"/>
</LocList>
<BasicStmnt CovItemId="S3" CovItemPrefix="dataModels.CommunityStatistics.java" Intrnl_Id="2883">
<LocList>
<Loc EndOffset="3162" SrcFileId="39" StartOffset="3104"/>
</LocList>
</BasicStmnt>
<BasicStmnt CovItemId="S4" CovItemPrefix="dataModels.CommunityStatistics.java" Intrnl_Id="2884">
<LocList>
<Loc EndOffset="3217" SrcFileId="39" StartOffset="3166"/>
</LocList>
</BasicStmnt>
<BasicStmnt CovItemId="S5" CovItemPrefix="dataModels.CommunityStatistics.java" Intrnl_Id="2885">
<LocList>
<Loc EndOffset="3276" SrcFileId="39" StartOffset="3221"/>
</LocList>
</BasicStmnt>
<BasicStmnt CovItemId="S6" CovItemPrefix="dataModels.CommunityStatistics.java" Intrnl_Id="2886">
<LocList>
<Loc EndOffset="3339" SrcFileId="39" StartOffset="3280"/>
</LocList>
</BasicStmnt>
<BasicStmnt CovItemId="S7" CovItemPrefix="dataModels.CommunityStatistics.java" Intrnl_Id="2887">
<LocList>
<Loc EndOffset="3382" SrcFileId="39" StartOffset="3343"/>
</LocList>
</BasicStmnt>
<BasicStmnt CovItemId="S8" CovItemPrefix="dataModels.CommunityStatistics.java" Intrnl_Id="2888">
<LocList>
<Loc EndOffset="3435" SrcFileId="39" StartOffset="3386"/>
</LocList>
</BasicStmnt>
<BasicStmnt CovItemId="S9" CovItemPrefix="dataModels.CommunityStatistics.java" Intrnl_Id="2889">
<LocList>
<Loc EndOffset="3486" SrcFileId="39" StartOffset="3439"/>
</LocList>
</BasicStmnt>
<BasicStmnt CovItemId="S10" CovItemPrefix="dataModels.CommunityStatistics.java" Intrnl_Id="2890">
<LocList>
<Loc EndOffset="3541" SrcFileId="39" StartOffset="3490"/>
</LocList>
</BasicStmnt>
<BasicStmnt CovItemId="S11" CovItemPrefix="dataModels.CommunityStatistics.java" Intrnl_Id="2891">
<LocList>
<Loc EndOffset="3600" SrcFileId="39" StartOffset="3545"/>
</LocList>
</BasicStmnt>
<BasicStmnt CovItemId="S12" CovItemPrefix="dataModels.CommunityStatistics.java" Intrnl_Id="2892">
<LocList>
<Loc EndOffset="3647" SrcFileId="39" StartOffset="3604"/>
</LocList>
</BasicStmnt>
<BasicStmnt CovItemId="S13" CovItemPrefix="dataModels.CommunityStatistics.java" Intrnl_Id="2893">
<LocList>
<Loc EndOffset="3698" SrcFileId="39" StartOffset="3651"/>
</LocList>
</BasicStmnt>
<BasicStmnt CovItemId="S14" CovItemPrefix="dataModels.CommunityStatistics.java" Intrnl_Id="2894">
<LocList>
<Loc EndOffset="3747" SrcFileId="39" StartOffset="3702"/>
</LocList>
</BasicStmnt>
<BasicStmnt CovItemId="S15" CovItemPrefix="dataModels.CommunityStatistics.java" Intrnl_Id="2895">
<LocList>
<Loc EndOffset="3796" SrcFileId="39" StartOffset="3751"/>
</LocList>
</BasicStmnt>
<BasicStmnt CovItemId="S16" CovItemPrefix="dataModels.CommunityStatistics.java" Intrnl_Id="2896">
<LocList>
<Loc EndOffset="3845" SrcFileId="39" StartOffset="3800"/>
</LocList>
</BasicStmnt>
<BasicStmnt CovItemId="S17" CovItemPrefix="dataModels.CommunityStatistics.java" Intrnl_Id="2897">
<LocList>
<Loc EndOffset="3898" SrcFileId="39" StartOffset="3849"/>
</LocList>
</BasicStmnt>
<BasicStmnt CovItemId="S18" CovItemPrefix="dataModels.CommunityStatistics.java" Intrnl_Id="2898">
<LocList>
<Loc EndOffset="3951" SrcFileId="39" StartOffset="3902"/>
</LocList>
</BasicStmnt>
<BasicStmnt CovItemId="S19" CovItemPrefix="dataModels.CommunityStatistics.java" Intrnl_Id="2899">
<LocList>
<Loc EndOffset="4006" SrcFileId="39" StartOffset="3955"/>
</LocList>
</BasicStmnt>
<BasicStmnt CovItemId="S20" CovItemPrefix="dataModels.CommunityStatistics.java" Intrnl_Id="2900">
<LocList>
<Loc EndOffset="4054" SrcFileId="39" StartOffset="4010"/>
</LocList>
</BasicStmnt>
<BasicStmnt CovItemId="S21" CovItemPrefix="dataModels.CommunityStatistics.java" Intrnl_Id="2901">
<LocList>
<Loc EndOffset="4100" SrcFileId="39" StartOffset="4058"/>
</LocList>
</BasicStmnt>
<BasicStmnt CovItemId="S22" CovItemPrefix="dataModels.CommunityStatistics.java" Intrnl_Id="2902">
<LocList>
<Loc EndOffset="4144" SrcFileId="39" StartOffset="4104"/>
</LocList>
</BasicStmnt>
<BasicStmnt CovItemId="S23" CovItemPrefix="dataModels.CommunityStatistics.java" Intrnl_Id="2903">
<LocList>
<Loc EndOffset="4192" SrcFileId="39" StartOffset="4148"/>
</LocList>
</BasicStmnt>
<BasicStmnt CovItemId="S24" CovItemPrefix="dataModels.CommunityStatistics.java" Intrnl_Id="2904">
<LocList>
<Loc EndOffset="4244" SrcFileId="39" StartOffset="4196"/>
</LocList>
</BasicStmnt>
<BasicStmnt CovItemId="S25" CovItemPrefix="dataModels.CommunityStatistics.java" Intrnl_Id="2905">
<LocList>
<Loc EndOffset="4290" SrcFileId="39" StartOffset="4248"/>
</LocList>
</BasicStmnt>
<BasicStmnt CovItemId="S26" CovItemPrefix="dataModels.CommunityStatistics.java" Intrnl_Id="2906">
<LocList>
<Loc EndOffset="4334" SrcFileId="39" StartOffset="4294"/>
</LocList>
</BasicStmnt>
<BasicStmnt CovItemId="S27" CovItemPrefix="dataModels.CommunityStatistics.java" Intrnl_Id="2907">
<LocList>
<Loc EndOffset="4380" SrcFileId="39" StartOffset="4338"/>
</LocList>
</BasicStmnt>
<BasicStmnt CovItemId="S28" CovItemPrefix="dataModels.CommunityStatistics.java" Intrnl_Id="2908">
<LocList>
<Loc EndOffset="4423" SrcFileId="39" StartOffset="4384"/>
</LocList>
</BasicStmnt>
<BasicStmnt CovItemId="S29" CovItemPrefix="dataModels.CommunityStatistics.java" Intrnl_Id="2909">
<LocList>
<Loc EndOffset="4468" SrcFileId="39" StartOffset="4427"/>
</LocList>
</BasicStmnt>
<BasicStmnt CovItemId="S30" CovItemPrefix="dataModels.CommunityStatistics.java" Intrnl_Id="2910">
<LocList>
<Loc EndOffset="4517" SrcFileId="39" StartOffset="4472"/>
</LocList>
</BasicStmnt>
<BasicStmnt CovItemId="S31" CovItemPrefix="dataModels.CommunityStatistics.java" Intrnl_Id="2911">
<LocList>
<Loc EndOffset="4557" SrcFileId="39" StartOffset="4521"/>
</LocList>
</BasicStmnt>
<BasicStmnt CovItemId="S32" CovItemPrefix="dataModels.CommunityStatistics.java" Intrnl_Id="2912">
<LocList>
<Loc EndOffset="4592" SrcFileId="39" StartOffset="4561"/>
</LocList>
</BasicStmnt>
<BasicStmnt CovItemId="S33" CovItemPrefix="dataModels.CommunityStatistics.java" Intrnl_Id="2913">
<LocList>
<Loc EndOffset="4621" SrcFileId="39" StartOffset="4596"/>
</LocList>
</BasicStmnt>
<BasicStmnt CovItemId="S34" CovItemPrefix="dataModels.CommunityStatistics.java" Intrnl_Id="2914">
<LocList>
<Loc EndOffset="4646" SrcFileId="39" StartOffset="4625"/>
</LocList>
</BasicStmnt>
<BasicStmnt CovItemId="S35" CovItemPrefix="dataModels.CommunityStatistics.java" Intrnl_Id="2915">
<LocList>
<Loc EndOffset="4693" SrcFileId="39" StartOffset="4650"/>
</LocList>
</BasicStmnt>
</StmntSeq>
</HierarchyLvl>
<HierarchyLvl HierarchyLvlId="10127" HierarchyLvlTypeId="45" Intrnl_Id="2916" Name="getTotalDollarsBetOnCalls">
<Header>
<Loc EndOffset="4913" SrcFileId="39" StartOffset="4841"/>
</Header>
<LocList>
<Loc EndOffset="5108" SrcFileId="39" StartOffset="4841"/>
</LocList>
<StmntSeq Intrnl_Id="2917">
<LocList>
<Loc EndOffset="5104" SrcFileId="39" StartOffset="4921"/>
</LocList>
<BasicStmnt CovItemId="S36" CovItemPrefix="dataModels.CommunityStatistics.java" Intrnl_Id="2918">
<LocList>
<Loc EndOffset="5104" SrcFileId="39" StartOffset="4921"/>
</LocList>
</BasicStmnt>
</StmntSeq>
</HierarchyLvl>
<HierarchyLvl HierarchyLvlId="10128" HierarchyLvlTypeId="45" Intrnl_Id="2919" Name="getTotalDollarsBetOnBets">
<Header>
<Loc EndOffset="5329" SrcFileId="39" StartOffset="5258"/>
</Header>
<LocList>
<Loc EndOffset="5523" SrcFileId="39" StartOffset="5258"/>
</LocList>
<StmntSeq Intrnl_Id="2920">
<LocList>
<Loc EndOffset="5519" SrcFileId="39" StartOffset="5337"/>
</LocList>
<BasicStmnt CovItemId="S37" CovItemPrefix="dataModels.CommunityStatistics.java" Intrnl_Id="2921">
<LocList>
<Loc EndOffset="5519" SrcFileId="39" StartOffset="5337"/>
</LocList>
</BasicStmnt>
</StmntSeq>
</HierarchyLvl>
<HierarchyLvl HierarchyLvlId="10129" HierarchyLvlTypeId="45" Intrnl_Id="2922" Name="getTotalDollarsBetOnRaises">
<Header>
<Loc EndOffset="5741" SrcFileId="39" StartOffset="5668"/>
</Header>
<LocList>
<Loc EndOffset="5937" SrcFileId="39" StartOffset="5668"/>
</LocList>
<StmntSeq Intrnl_Id="2923">
<LocList>
<Loc EndOffset="5933" SrcFileId="39" StartOffset="5749"/>
</LocList>
<BasicStmnt CovItemId="S38" CovItemPrefix="dataModels.CommunityStatistics.java" Intrnl_Id="2924">
<LocList>
<Loc EndOffset="5933" SrcFileId="39" StartOffset="5749"/>
</LocList>
</BasicStmnt>
</StmntSeq>
</HierarchyLvl>
<HierarchyLvl HierarchyLvlId="10130" HierarchyLvlTypeId="45" Intrnl_Id="2925" Name="getTotalDollarsBetOnReRaises">
<Header>
<Loc EndOffset="6160" SrcFileId="39" StartOffset="6085"/>
</Header>
<LocList>
<Loc EndOffset="6358" SrcFileId="39" StartOffset="6085"/>
</LocList>
<StmntSeq Intrnl_Id="2926">
<LocList>
<Loc EndOffset="6354" SrcFileId="39" StartOffset="6168"/>
</LocList>
<BasicStmnt CovItemId="S39" CovItemPrefix="dataModels.CommunityStatistics.java" Intrnl_Id="2927">
<LocList>
<Loc EndOffset="6354" SrcFileId="39" StartOffset="6168"/>
</LocList>
</BasicStmnt>
</StmntSeq>
</HierarchyLvl>
<HierarchyLvl HierarchyLvlId="10131" HierarchyLvlTypeId="45" Intrnl_Id="2928" Name="getTotalDollarsBet">
<Header>
<Loc EndOffset="6554" SrcFileId="39" StartOffset="6489"/>
</Header>
<LocList>
<Loc EndOffset="6710" SrcFileId="39" StartOffset="6489"/>
</LocList>
<StmntSeq Intrnl_Id="2929">
<LocList>
<Loc EndOffset="6706" SrcFileId="39" StartOffset="6562"/>
</LocList>
<BasicStmnt CovItemId="S40" CovItemPrefix="dataModels.CommunityStatistics.java" Intrnl_Id="2930">
<LocList>
<Loc EndOffset="6706" SrcFileId="39" StartOffset="6562"/>
</LocList>
</BasicStmnt>
</StmntSeq>
</HierarchyLvl>
<HierarchyLvl HierarchyLvlId="10132" HierarchyLvlTypeId="45" Intrnl_Id="2931" Name="getAvgDollarsBetOnCalls">
<Header>
<Loc EndOffset="6925" SrcFileId="39" StartOffset="6855"/>
</Header>
<LocList>
<Loc EndOffset="7119" SrcFileId="39" StartOffset="6855"/>
</LocList>
<StmntSeq Intrnl_Id="2932">
<LocList>
<Loc EndOffset="7115" SrcFileId="39" StartOffset="6933"/>
</LocList>
<BasicStmnt CovItemId="S41" CovItemPrefix="dataModels.CommunityStatistics.java" Intrnl_Id="2933">
<LocList>
<Loc EndOffset="7115" SrcFileId="39" StartOffset="6933"/>
</LocList>
</BasicStmnt>
</StmntSeq>
</HierarchyLvl>
<HierarchyLvl HierarchyLvlId="10133" HierarchyLvlTypeId="45" Intrnl_Id="2934" Name="getAvgDollarsBetOnBets">
<Header>
<Loc EndOffset="7329" SrcFileId="39" StartOffset="7260"/>
</Header>
<LocList>
<Loc EndOffset="7522" SrcFileId="39" StartOffset="7260"/>
</LocList>
<StmntSeq Intrnl_Id="2935">
<LocList>
<Loc EndOffset="7518" SrcFileId="39" StartOffset="7337"/>
</LocList>
<BasicStmnt CovItemId="S42" CovItemPrefix="dataModels.CommunityStatistics.java" Intrnl_Id="2936">
<LocList>
<Loc EndOffset="7518" SrcFileId="39" StartOffset="7337"/>
</LocList>
</BasicStmnt>
</StmntSeq>
</HierarchyLvl>
<HierarchyLvl HierarchyLvlId="10134" HierarchyLvlTypeId="45" Intrnl_Id="2937" Name="getAvgDollarsBetOnRaises">
<Header>
<Loc EndOffset="7736" SrcFileId="39" StartOffset="7665"/>
</Header>
<LocList>
<Loc EndOffset="7931" SrcFileId="39" StartOffset="7665"/>
</LocList>
<StmntSeq Intrnl_Id="2938">
<LocList>
<Loc EndOffset="7927" SrcFileId="39" StartOffset="7744"/>
</LocList>
<BasicStmnt CovItemId="S43" CovItemPrefix="dataModels.CommunityStatistics.java" Intrnl_Id="2939">
<LocList>
<Loc EndOffset="7927" SrcFileId="39" StartOffset="7744"/>
</LocList>
</BasicStmnt>
</StmntSeq>
</HierarchyLvl>
<HierarchyLvl HierarchyLvlId="10135" HierarchyLvlTypeId="45" Intrnl_Id="2940" Name="getAvgDollarsBetOnReRaises">
<Header>
<Loc EndOffset="8149" SrcFileId="39" StartOffset="8076"/>
</Header>
<LocList>
<Loc EndOffset="8346" SrcFileId="39" StartOffset="8076"/>
</LocList>
<StmntSeq Intrnl_Id="2941">
<LocList>
<Loc EndOffset="8342" SrcFileId="39" StartOffset="8157"/>
</LocList>
<BasicStmnt CovItemId="S44" CovItemPrefix="dataModels.CommunityStatistics.java" Intrnl_Id="2942">
<LocList>
<Loc EndOffset="8342" SrcFileId="39" StartOffset="8157"/>
</LocList>
</BasicStmnt>
</StmntSeq>
</HierarchyLvl>
<HierarchyLvl HierarchyLvlId="10136" HierarchyLvlTypeId="45" Intrnl_Id="2943" Name="getAvgBet">
<Header>
<Loc EndOffset="8535" SrcFileId="39" StartOffset="8479"/>
</Header>
<LocList>
<Loc EndOffset="8717" SrcFileId="39" StartOffset="8479"/>
</LocList>
<StmntSeq Intrnl_Id="2944">
<LocList>
<Loc EndOffset="8713" SrcFileId="39" StartOffset="8543"/>
</LocList>
<BasicStmnt CovItemId="S45" CovItemPrefix="dataModels.CommunityStatistics.java" Intrnl_Id="2945">
<LocList>
<Loc EndOffset="8713" SrcFileId="39" StartOffset="8543"/>
</LocList>
</BasicStmnt>
</StmntSeq>
</HierarchyLvl>
<HierarchyLvl HierarchyLvlId="10137" HierarchyLvlTypeId="45" Intrnl_Id="2946" Name="getTotalNumberOfBets">
<Header>
<Loc EndOffset="8909" SrcFileId="39" StartOffset="8842"/>
</Header>
<LocList>
<Loc EndOffset="8991" SrcFileId="39" StartOffset="8842"/>
</LocList>
<StmntSeq Intrnl_Id="2947">
<LocList>
<Loc EndOffset="8987" SrcFileId="39" StartOffset="8917"/>
</LocList>
<BasicStmnt CovItemId="S46" CovItemPrefix="dataModels.CommunityStatistics.java" Intrnl_Id="2948">
<LocList>
<Loc EndOffset="8987" SrcFileId="39" StartOffset="8917"/>
</LocList>
</BasicStmnt>
</StmntSeq>
</HierarchyLvl>
<HierarchyLvl HierarchyLvlId="10138" HierarchyLvlTypeId="45" Intrnl_Id="2949" Name="getTotalNumberOfChecks">
<Header>
<Loc EndOffset="9187" SrcFileId="39" StartOffset="9118"/>
</Header>
<LocList>
<Loc EndOffset="9271" SrcFileId="39" StartOffset="9118"/>
</LocList>
<StmntSeq Intrnl_Id="2950">
<LocList>
<Loc EndOffset="9267" SrcFileId="39" StartOffset="9195"/>
</LocList>
<BasicStmnt CovItemId="S47" CovItemPrefix="dataModels.CommunityStatistics.java" Intrnl_Id="2951">
<LocList>
<Loc EndOffset="9267" SrcFileId="39" StartOffset="9195"/>
</LocList>
</BasicStmnt>
</StmntSeq>
</HierarchyLvl>
<HierarchyLvl HierarchyLvlId="10139" HierarchyLvlTypeId="45" Intrnl_Id="2952" Name="getTotalNumberOfCalls">
<Header>
<Loc EndOffset="9465" SrcFileId="39" StartOffset="9397"/>
</Header>
<LocList>
<Loc EndOffset="9548" SrcFileId="39" StartOffset="9397"/>
</LocList>
<StmntSeq Intrnl_Id="2953">
<LocList>
<Loc EndOffset="9544" SrcFileId="39" StartOffset="9473"/>
</LocList>
<BasicStmnt CovItemId="S48" CovItemPrefix="dataModels.CommunityStatistics.java" Intrnl_Id="2954">
<LocList>
<Loc EndOffset="9544" SrcFileId="39" StartOffset="9473"/>
</LocList>
</BasicStmnt>
</StmntSeq>
</HierarchyLvl>
<HierarchyLvl HierarchyLvlId="10140" HierarchyLvlTypeId="45" Intrnl_Id="2955" Name="getTotalNumberOfFolds">
<Header>
<Loc EndOffset="9742" SrcFileId="39" StartOffset="9674"/>
</Header>
<LocList>
<Loc EndOffset="9825" SrcFileId="39" StartOffset="9674"/>
</LocList>
<StmntSeq Intrnl_Id="2956">
<LocList>
<Loc EndOffset="9821" SrcFileId="39" StartOffset="9750"/>
</LocList>
<BasicStmnt CovItemId="S49" CovItemPrefix="dataModels.CommunityStatistics.java" Intrnl_Id="2957">
<LocList>
<Loc EndOffset="9821" SrcFileId="39" StartOffset="9750"/>
</LocList>
</BasicStmnt>
</StmntSeq>
</HierarchyLvl>
<HierarchyLvl HierarchyLvlId="10141" HierarchyLvlTypeId="45" Intrnl_Id="2958" Name="getTotalNumberOfRaise">
<Header>
<Loc EndOffset="10020" SrcFileId="39" StartOffset="9952"/>
</Header>
<LocList>
<Loc EndOffset="10104" SrcFileId="39" StartOffset="9952"/>
</LocList>
<StmntSeq Intrnl_Id="2959">
<LocList>
<Loc EndOffset="10100" SrcFileId="39" StartOffset="10028"/>
</LocList>
<BasicStmnt CovItemId="S50" CovItemPrefix="dataModels.CommunityStatistics.java" Intrnl_Id="2960">
<LocList>
<Loc EndOffset="10100" SrcFileId="39" StartOffset="10028"/>
</LocList>
</BasicStmnt>
</StmntSeq>
</HierarchyLvl>
<HierarchyLvl HierarchyLvlId="10142" HierarchyLvlTypeId="45" Intrnl_Id="2961" Name="getTotalNumberOfReRaise">
<Header>
<Loc EndOffset="10303" SrcFileId="39" StartOffset="10233"/>
</Header>
<LocList>
<Loc EndOffset="10389" SrcFileId="39" StartOffset="10233"/>
</LocList>
<StmntSeq Intrnl_Id="2962">
<LocList>
<Loc EndOffset="10385" SrcFileId="39" StartOffset="10311"/>
</LocList>
<BasicStmnt CovItemId="S51" CovItemPrefix="dataModels.CommunityStatistics.java" Intrnl_Id="2963">
<LocList>
<Loc EndOffset="10385" SrcFileId="39" StartOffset="10311"/>
</LocList>
</BasicStmnt>
</StmntSeq>
</HierarchyLvl>
<HierarchyLvl HierarchyLvlId="10143" HierarchyLvlTypeId="45" Intrnl_Id="2964" Name="getTotalNumberOfPotsWon">
<Header>
<Loc EndOffset="10583" SrcFileId="39" StartOffset="10513"/>
</Header>
<LocList>
<Loc EndOffset="10665" SrcFileId="39" StartOffset="10513"/>
</LocList>
<StmntSeq Intrnl_Id="2965">
<LocList>
<Loc EndOffset="10661" SrcFileId="39" StartOffset="10591"/>
</LocList>
<BasicStmnt CovItemId="S52" CovItemPrefix="dataModels.CommunityStatistics.java" Intrnl_Id="2966">
<LocList>
<Loc EndOffset="10661" SrcFileId="39" StartOffset="10591"/>
</LocList>
</BasicStmnt>
</StmntSeq>
</HierarchyLvl>
<HierarchyLvl HierarchyLvlId="10144" HierarchyLvlTypeId="45" Intrnl_Id="2967" Name="getTotalNumberOfPotsLoss">
<Header>
<Loc EndOffset="10861" SrcFileId="39" StartOffset="10790"/>
</Header>
<LocList>
<Loc EndOffset="10944" SrcFileId="39" StartOffset="10790"/>
</LocList>
<StmntSeq Intrnl_Id="2968">
<LocList>
<Loc EndOffset="10940" SrcFileId="39" StartOffset="10869"/>
</LocList>
<BasicStmnt CovItemId="S53" CovItemPrefix="dataModels.CommunityStatistics.java" Intrnl_Id="2969">
<LocList>
<Loc EndOffset="10940" SrcFileId="39" StartOffset="10869"/>
</LocList>
</BasicStmnt>
</StmntSeq>
</HierarchyLvl>
<HierarchyLvl HierarchyLvlId="10145" HierarchyLvlTypeId="45" Intrnl_Id="2970" Name="getAvgDollarsPotOnChecks">
<Header>
<Loc EndOffset="11142" SrcFileId="39" StartOffset="11071"/>
</Header>
<LocList>
<Loc EndOffset="11337" SrcFileId="39" StartOffset="11071"/>
</LocList>
<StmntSeq Intrnl_Id="2971">
<LocList>
<Loc EndOffset="11333" SrcFileId="39" StartOffset="11150"/>
</LocList>
<BasicStmnt CovItemId="S54" CovItemPrefix="dataModels.CommunityStatistics.java" Intrnl_Id="2972">
<LocList>
<Loc EndOffset="11333" SrcFileId="39" StartOffset="11150"/>
</LocList>
</BasicStmnt>
</StmntSeq>
</HierarchyLvl>
<HierarchyLvl HierarchyLvlId="10146" HierarchyLvlTypeId="45" Intrnl_Id="2973" Name="getAvgDollarsPotOnCalls">
<Header>
<Loc EndOffset="11534" SrcFileId="39" StartOffset="11464"/>
</Header>
<LocList>
<Loc EndOffset="11728" SrcFileId="39" StartOffset="11464"/>
</LocList>
<StmntSeq Intrnl_Id="2974">
<LocList>
<Loc EndOffset="11724" SrcFileId="39" StartOffset="11542"/>
</LocList>
<BasicStmnt CovItemId="S55" CovItemPrefix="dataModels.CommunityStatistics.java" Intrnl_Id="2975">
<LocList>
<Loc EndOffset="11724" SrcFileId="39" StartOffset="11542"/>
</LocList>
</BasicStmnt>
</StmntSeq>
</HierarchyLvl>
<HierarchyLvl HierarchyLvlId="10147" HierarchyLvlTypeId="45" Intrnl_Id="2976" Name="getAvgDollarsPotOnBets">
<Header>
<Loc EndOffset="11923" SrcFileId="39" StartOffset="11854"/>
</Header>
<LocList>
<Loc EndOffset="12116" SrcFileId="39" StartOffset="11854"/>
</LocList>
<StmntSeq Intrnl_Id="2977">
<LocList>
<Loc EndOffset="12112" SrcFileId="39" StartOffset="11931"/>
</LocList>
<BasicStmnt CovItemId="S56" CovItemPrefix="dataModels.CommunityStatistics.java" Intrnl_Id="2978">
<LocList>
<Loc EndOffset="12112" SrcFileId="39" StartOffset="11931"/>
</LocList>
</BasicStmnt>
</StmntSeq>
</HierarchyLvl>
<HierarchyLvl HierarchyLvlId="10148" HierarchyLvlTypeId="45" Intrnl_Id="2979" Name="getAvgDollarsPotOnRaises">
<Header>
<Loc EndOffset="12315" SrcFileId="39" StartOffset="12244"/>
</Header>
<LocList>
<Loc EndOffset="12510" SrcFileId="39" StartOffset="12244"/>
</LocList>
<StmntSeq Intrnl_Id="2980">
<LocList>
<Loc EndOffset="12506" SrcFileId="39" StartOffset="12323"/>
</LocList>
<BasicStmnt CovItemId="S57" CovItemPrefix="dataModels.CommunityStatistics.java" Intrnl_Id="2981">
<LocList>
<Loc EndOffset="12506" SrcFileId="39" StartOffset="12323"/>
</LocList>
</BasicStmnt>
</StmntSeq>
</HierarchyLvl>
<HierarchyLvl HierarchyLvlId="10149" HierarchyLvlTypeId="45" Intrnl_Id="2982" Name="getAvgDollarsPotOnReRaises">
<Header>
<Loc EndOffset="12713" SrcFileId="39" StartOffset="12640"/>
</Header>
<LocList>
<Loc EndOffset="12910" SrcFileId="39" StartOffset="12640"/>
</LocList>
<StmntSeq Intrnl_Id="2983">
<LocList>
<Loc EndOffset="12906" SrcFileId="39" StartOffset="12721"/>
</LocList>
<BasicStmnt CovItemId="S58" CovItemPrefix="dataModels.CommunityStatistics.java" Intrnl_Id="2984">
<LocList>
<Loc EndOffset="12906" SrcFileId="39" StartOffset="12721"/>
</LocList>
</BasicStmnt>
</StmntSeq>
</HierarchyLvl>
<HierarchyLvl HierarchyLvlId="10150" HierarchyLvlTypeId="45" Intrnl_Id="2985" Name="getAvgDollarsPotOnFolds">
<Header>
<Loc EndOffset="13107" SrcFileId="39" StartOffset="13037"/>
</Header>
<LocList>
<Loc EndOffset="13301" SrcFileId="39" StartOffset="13037"/>
</LocList>
<StmntSeq Intrnl_Id="2986">
<LocList>
<Loc EndOffset="13297" SrcFileId="39" StartOffset="13115"/>
</LocList>
<BasicStmnt CovItemId="S59" CovItemPrefix="dataModels.CommunityStatistics.java" Intrnl_Id="2987">
<LocList>
<Loc EndOffset="13297" SrcFileId="39" StartOffset="13115"/>
</LocList>
</BasicStmnt>
</StmntSeq>
</HierarchyLvl>
<HierarchyLvl HierarchyLvlId="10151" HierarchyLvlTypeId="45" Intrnl_Id="2988" Name="getAvgDollarsPotOnWins">
<Header>
<Loc EndOffset="13482" SrcFileId="39" StartOffset="13413"/>
</Header>
<LocList>
<Loc EndOffset="13675" SrcFileId="39" StartOffset="13413"/>
</LocList>
<StmntSeq Intrnl_Id="2989">
<LocList>
<Loc EndOffset="13671" SrcFileId="39" StartOffset="13490"/>
</LocList>
<BasicStmnt CovItemId="S60" CovItemPrefix="dataModels.CommunityStatistics.java" Intrnl_Id="2990">
<LocList>
<Loc EndOffset="13671" SrcFileId="39" StartOffset="13490"/>
</LocList>
</BasicStmnt>
</StmntSeq>
</HierarchyLvl>
<HierarchyLvl HierarchyLvlId="10152" HierarchyLvlTypeId="45" Intrnl_Id="2991" Name="getAvgDollarsPotOnLoses">
<Header>
<Loc EndOffset="13872" SrcFileId="39" StartOffset="13802"/>
</Header>
<LocList>
<Loc EndOffset="14066" SrcFileId="39" StartOffset="13802"/>
</LocList>
<StmntSeq Intrnl_Id="2992">
<LocList>
<Loc EndOffset="14062" SrcFileId="39" StartOffset="13880"/>
</LocList>
<BasicStmnt CovItemId="S61" CovItemPrefix="dataModels.CommunityStatistics.java" Intrnl_Id="2993">
<LocList>
<Loc EndOffset="14062" SrcFileId="39" StartOffset="13880"/>
</LocList>
</BasicStmnt>
</StmntSeq>
</HierarchyLvl>
<HierarchyLvl HierarchyLvlId="10153" HierarchyLvlTypeId="45" Intrnl_Id="2994" Name="getTotalDollarsWon">
<Header>
<Loc EndOffset="14261" SrcFileId="39" StartOffset="14196"/>
</Header>
<LocList>
<Loc EndOffset="14454" SrcFileId="39" StartOffset="14196"/>
</LocList>
<StmntSeq Intrnl_Id="2995">
<LocList>
<Loc EndOffset="14450" SrcFileId="39" StartOffset="14269"/>
</LocList>
<BasicStmnt CovItemId="S62" CovItemPrefix="dataModels.CommunityStatistics.java" Intrnl_Id="2996">
<LocList>
<Loc EndOffset="14450" SrcFileId="39" StartOffset="14269"/>
</LocList>
</BasicStmnt>
</StmntSeq>
</HierarchyLvl>
<HierarchyLvl HierarchyLvlId="10154" HierarchyLvlTypeId="45" Intrnl_Id="2997" Name="getTotalDollarsLoss">
<Header>
<Loc EndOffset="14653" SrcFileId="39" StartOffset="14587"/>
</Header>
<LocList>
<Loc EndOffset="14847" SrcFileId="39" StartOffset="14587"/>
</LocList>
<StmntSeq Intrnl_Id="2998">
<LocList>
<Loc EndOffset="14843" SrcFileId="39" StartOffset="14661"/>
</LocList>
<BasicStmnt CovItemId="S63" CovItemPrefix="dataModels.CommunityStatistics.java" Intrnl_Id="2999">
<LocList>
<Loc EndOffset="14843" SrcFileId="39" StartOffset="14661"/>
</LocList>
</BasicStmnt>
</StmntSeq>
</HierarchyLvl>
<HierarchyLvl HierarchyLvlId="10155" HierarchyLvlTypeId="45" Intrnl_Id="3000" Name="getTotalDollarsFolded">
<Header>
<Loc EndOffset="15050" SrcFileId="39" StartOffset="14982"/>
</Header>
<LocList>
<Loc EndOffset="15244" SrcFileId="39" StartOffset="14982"/>
</LocList>
<StmntSeq Intrnl_Id="3001">
<LocList>
<Loc EndOffset="15240" SrcFileId="39" StartOffset="15058"/>
</LocList>
<BasicStmnt CovItemId="S64" CovItemPrefix="dataModels.CommunityStatistics.java" Intrnl_Id="3002">
<LocList>
<Loc EndOffset="15240" SrcFileId="39" StartOffset="15058"/>
</LocList>
</BasicStmnt>
</StmntSeq>
</HierarchyLvl>
<HierarchyLvl HierarchyLvlId="10156" HierarchyLvlTypeId="45" Intrnl_Id="3003" Name="getMoneyGenerate">
<Header>
<Loc EndOffset="15443" SrcFileId="39" StartOffset="15380"/>
</Header>
<LocList>
<Loc EndOffset="15506" SrcFileId="39" StartOffset="15380"/>
</LocList>
<StmntSeq Intrnl_Id="3004">
<LocList>
<Loc EndOffset="15502" SrcFileId="39" StartOffset="15451"/>
</LocList>
<BasicStmnt CovItemId="S65" CovItemPrefix="dataModels.CommunityStatistics.java" Intrnl_Id="3005">
<LocList>
<Loc EndOffset="15502" SrcFileId="39" StartOffset="15451"/>
</LocList>
</BasicStmnt>
</StmntSeq>
</HierarchyLvl>
<HierarchyLvl HierarchyLvlId="10157" HierarchyLvlTypeId="45" Intrnl_Id="3006" Name="getTotalNumberOfPots">
<Header>
<Loc EndOffset="15579" SrcFileId="39" StartOffset="15512"/>
</Header>
<LocList>
<Loc EndOffset="15694" SrcFileId="39" StartOffset="15512"/>
</LocList>
<StmntSeq Intrnl_Id="3007">
<LocList>
<Loc EndOffset="15690" SrcFileId="39" StartOffset="15587"/>
</LocList>
<BasicStmnt CovItemId="S66" CovItemPrefix="dataModels.CommunityStatistics.java" Intrnl_Id="3008">
<LocList>
<Loc EndOffset="15690" SrcFileId="39" StartOffset="15587"/>
</LocList>
</BasicStmnt>
</StmntSeq>
</HierarchyLvl>
<HierarchyLvl HierarchyLvlId="10158" HierarchyLvlTypeId="45" Intrnl_Id="3009" Name="getGamesPlayed">
<Header>
<Loc EndOffset="15888" SrcFileId="39" StartOffset="15827"/>
</Header>
<LocList>
<Loc EndOffset="15948" SrcFileId="39" StartOffset="15827"/>
</LocList>
<StmntSeq Intrnl_Id="3010">
<LocList>
<Loc EndOffset="15944" SrcFileId="39" StartOffset="15896"/>
</LocList>
<BasicStmnt CovItemId="S67" CovItemPrefix="dataModels.CommunityStatistics.java" Intrnl_Id="3011">
<LocList>
<Loc EndOffset="15944" SrcFileId="39" StartOffset="15896"/>
</LocList>
</BasicStmnt>
</StmntSeq>
</HierarchyLvl>
<HierarchyLvl HierarchyLvlId="10159" HierarchyLvlTypeId="45" Intrnl_Id="3012" Name="getNetMoney">
<Header>
<Loc EndOffset="16138" SrcFileId="39" StartOffset="16080"/>
</Header>
<LocList>
<Loc EndOffset="16264" SrcFileId="39" StartOffset="16080"/>
</LocList>
<StmntSeq Intrnl_Id="3013">
<LocList>
<Loc EndOffset="16260" SrcFileId="39" StartOffset="16146"/>
</LocList>
<BasicStmnt CovItemId="S68" CovItemPrefix="dataModels.CommunityStatistics.java" Intrnl_Id="3014">
<LocList>
<Loc EndOffset="16260" SrcFileId="39" StartOffset="16146"/>
</LocList>
</BasicStmnt>
</StmntSeq>
</HierarchyLvl>
</HierarchyLvl>
<HierarchyLvl HierarchyLvlId="10182" HierarchyLvlTypeId="44" Intrnl_Id="3015" Name="Card">
<Header>
<Loc EndOffset="253" SrcFileId="40" StartOffset="236"/>
</Header>
<LocList>
<Loc EndOffset="3933" SrcFileId="40" StartOffset="236"/>
<Loc EndOffset="5082" SrcFileId="40" StartOffset="4984"/>
<Loc EndOffset="6016" SrcFileId="40" StartOffset="6010"/>
</LocList>
<HierarchyLvl HierarchyLvlId="10161" HierarchyLvlTypeId="45" Intrnl_Id="3016" Name="Card">
<Header>
<Loc EndOffset="461" SrcFileId="40" StartOffset="424"/>
</Header>
<LocList>
<Loc EndOffset="515" SrcFileId="40" StartOffset="424"/>
</LocList>
<StmntSeq Intrnl_Id="3017">
<LocList>
<Loc EndOffset="486" SrcFileId="40" StartOffset="469"/>
<Loc EndOffset="511" SrcFileId="40" StartOffset="490"/>
</LocList>
<BasicStmnt CovItemId="S1" CovItemPrefix="dataModels.Card.java" Intrnl_Id="3018">
<LocList>
<Loc EndOffset="486" SrcFileId="40" StartOffset="469"/>
</LocList>
</BasicStmnt>
<BasicStmnt CovItemId="S2" CovItemPrefix="dataModels.Card.java" Intrnl_Id="3019">
<LocList>
<Loc EndOffset="511" SrcFileId="40" StartOffset="490"/>
</LocList>
</BasicStmnt>
</StmntSeq>
</HierarchyLvl>
<HierarchyLvl HierarchyLvlId="10162" HierarchyLvlTypeId="45" Intrnl_Id="3020" Name="Card">
<Header>
<Loc EndOffset="777" SrcFileId="40" StartOffset="753"/>
</Header>
<LocList>
<Loc EndOffset="1008" SrcFileId="40" StartOffset="753"/>
</LocList>
<StmntSeq Intrnl_Id="3021">
<LocList>
<Loc EndOffset="909" SrcFileId="40" StartOffset="785"/>
<Loc EndOffset="953" SrcFileId="40" StartOffset="917"/>
<Loc EndOffset="999" SrcFileId="40" StartOffset="957"/>
</LocList>
<CondStmnt CovItemId="S3" CovItemPrefix="dataModels.Card.java" Intrnl_Id="3022">
<Branch CovItemId="B1" CovItemPrefix="dataModels.Card.java" Implct="false" Intrnl_Id="3023">
<Cond/>
<LocList>
<Loc EndOffset="909" SrcFileId="40" StartOffset="827"/>
</LocList>
<StmntSeq Intrnl_Id="3024">
<LocList>
<Loc EndOffset="858" SrcFileId="40" StartOffset="833"/>
<Loc EndOffset="892" SrcFileId="40" StartOffset="863"/>
<Loc EndOffset="904" SrcFileId="40" StartOffset="897"/>
</LocList>
<BasicStmnt CovItemId="S4" CovItemPrefix="dataModels.Card.java" Intrnl_Id="3025">
<LocList>
<Loc EndOffset="858" SrcFileId="40" StartOffset="833"/>
</LocList>
</BasicStmnt>
<BasicStmnt CovItemId="S5" CovItemPrefix="dataModels.Card.java" Intrnl_Id="3026">
<LocList>
<Loc EndOffset="892" SrcFileId="40" StartOffset="863"/>
</LocList>
</BasicStmnt>
<BasicStmnt CovItemId="S6" CovItemPrefix="dataModels.Card.java" Intrnl_Id="3027">
<LocList>
<Loc EndOffset="904" SrcFileId="40" StartOffset="897"/>
</LocList>
</BasicStmnt>
</StmntSeq>
</Branch>
<Branch CovItemId="B2" CovItemPrefix="dataModels.Card.java" Implct="true" Intrnl_Id="3028">
<Cond/>
<LocList/>
<StmntSeq Intrnl_Id="3029">
<LocList/>
</StmntSeq>
</Branch>
<Keyword EndOffset="787" SrcFileId="40" StartOffset="785"/>
<LocList>
<Loc EndOffset="909" SrcFileId="40" StartOffset="785"/>
</LocList>
</CondStmnt>
<BasicStmnt CovItemId="S7" CovItemPrefix="dataModels.Card.java" Intrnl_Id="3030">
<LocList>
<Loc EndOffset="953" SrcFileId="40" StartOffset="917"/>
</LocList>
</BasicStmnt>
<BasicStmnt CovItemId="S8" CovItemPrefix="dataModels.Card.java" Intrnl_Id="3031">
<LocList>
<Loc EndOffset="999" SrcFileId="40" StartOffset="957"/>
</LocList>
</BasicStmnt>
</StmntSeq>
</HierarchyLvl>
<HierarchyLvl HierarchyLvlId="10163" HierarchyLvlTypeId="45" Intrnl_Id="3032" Name="getSuit">
<Header>
<Loc EndOffset="1106" SrcFileId="40" StartOffset="1085"/>
</Header>
<LocList>
<Loc EndOffset="1128" SrcFileId="40" StartOffset="1085"/>
</LocList>
<StmntSeq Intrnl_Id="3033">
<LocList>
<Loc EndOffset="1124" SrcFileId="40" StartOffset="1112"/>
</LocList>
<BasicStmnt CovItemId="S9" CovItemPrefix="dataModels.Card.java" Intrnl_Id="3034">
<LocList>
<Loc EndOffset="1124" SrcFileId="40" StartOffset="1112"/>
</LocList>
</BasicStmnt>
</StmntSeq>
</HierarchyLvl>
<HierarchyLvl HierarchyLvlId="10164" HierarchyLvlTypeId="45" Intrnl_Id="3035" Name="setSuit">
<Header>
<Loc EndOffset="1230" SrcFileId="40" StartOffset="1200"/>
</Header>
<LocList>
<Loc EndOffset="1257" SrcFileId="40" StartOffset="1200"/>
</LocList>
<StmntSeq Intrnl_Id="3036">
<LocList>
<Loc EndOffset="1253" SrcFileId="40" StartOffset="1236"/>
</LocList>
<BasicStmnt CovItemId="S10" CovItemPrefix="dataModels.Card.java" Intrnl_Id="3037">
<LocList>
<Loc EndOffset="1253" SrcFileId="40" StartOffset="1236"/>
</LocList>
</BasicStmnt>
</StmntSeq>
</HierarchyLvl>
<HierarchyLvl HierarchyLvlId="10165" HierarchyLvlTypeId="45" Intrnl_Id="3038" Name="getNumber">
<Header>
<Loc EndOffset="1354" SrcFileId="40" StartOffset="1329"/>
</Header>
<LocList>
<Loc EndOffset="1378" SrcFileId="40" StartOffset="1329"/>
</LocList>
<StmntSeq Intrnl_Id="3039">
<LocList>
<Loc EndOffset="1374" SrcFileId="40" StartOffset="1360"/>
</LocList>
<BasicStmnt CovItemId="S11" CovItemPrefix="dataModels.Card.java" Intrnl_Id="3040">
<LocList>
<Loc EndOffset="1374" SrcFileId="40" StartOffset="1360"/>
</LocList>
</BasicStmnt>
</StmntSeq>
</HierarchyLvl>
<HierarchyLvl HierarchyLvlId="10166" HierarchyLvlTypeId="45" Intrnl_Id="3041" Name="setNumber">
<Header>
<Loc EndOffset="1492" SrcFileId="40" StartOffset="1456"/>
</Header>
<LocList>
<Loc EndOffset="1523" SrcFileId="40" StartOffset="1456"/>
</LocList>
<StmntSeq Intrnl_Id="3042">
<LocList>
<Loc EndOffset="1519" SrcFileId="40" StartOffset="1498"/>
</LocList>
<BasicStmnt CovItemId="S12" CovItemPrefix="dataModels.Card.java" Intrnl_Id="3043">
<LocList>
<Loc EndOffset="1519" SrcFileId="40" StartOffset="1498"/>
</LocList>
</BasicStmnt>
</StmntSeq>
</HierarchyLvl>
<HierarchyLvl HierarchyLvlId="10167" HierarchyLvlTypeId="45" Intrnl_Id="3044" Name="getCardsAsString">
<Header>
<Loc EndOffset="1820" SrcFileId="40" StartOffset="1760"/>
</Header>
<LocList>
<Loc EndOffset="2151" SrcFileId="40" StartOffset="1760"/>
</LocList>
<StmntSeq Intrnl_Id="3045">
<LocList>
<Loc EndOffset="1872" SrcFileId="40" StartOffset="1828"/>
<Loc EndOffset="1974" SrcFileId="40" StartOffset="1880"/>
<Loc EndOffset="2021" SrcFileId="40" StartOffset="1982"/>
<Loc EndOffset="2121" SrcFileId="40" StartOffset="2029"/>
<Loc EndOffset="2147" SrcFileId="40" StartOffset="2129"/>
</LocList>
<BasicStmnt CovItemId="S13" CovItemPrefix="dataModels.Card.java" Intrnl_Id="3046">
<LocList>
<Loc EndOffset="1872" SrcFileId="40" StartOffset="1828"/>
</LocList>
</BasicStmnt>
<LoopStmnt CovItemId="S14" CovItemPrefix="dataModels.Card.java" Intrnl_Id="3047" MltplExecId="L1-2" MltplExecPrefix="dataModels.Card.java" NvrExecId="L1-0" NvrExecPrefix="dataModels.Card.java" OnceExecutedId="L1-1" OnceExecutedPrefix="dataModels.Card.java" OptBodyExec="true">
<StmntSeq Intrnl_Id="3048">
<LocList>
<Loc EndOffset="1944" SrcFileId="40" StartOffset="1912"/>
<Loc EndOffset="1969" SrcFileId="40" StartOffset="1949"/>
</LocList>
<BasicStmnt CovItemId="S15" CovItemPrefix="dataModels.Card.java" Intrnl_Id="3049">
<LocList>
<Loc EndOffset="1944" SrcFileId="40" StartOffset="1912"/>
</LocList>
</BasicStmnt>
<BasicStmnt CovItemId="S16" CovItemPrefix="dataModels.Card.java" Intrnl_Id="3050">
<LocList>
<Loc EndOffset="1969" SrcFileId="40" StartOffset="1949"/>
</LocList>
</BasicStmnt>
</StmntSeq>
<Keyword EndOffset="1883" SrcFileId="40" StartOffset="1880"/>
<LocList>
<Loc EndOffset="1974" SrcFileId="40" StartOffset="1880"/>
</LocList>
</LoopStmnt>
<BasicStmnt CovItemId="S17" CovItemPrefix="dataModels.Card.java" Intrnl_Id="3051">
<LocList>
<Loc EndOffset="2021" SrcFileId="40" StartOffset="1982"/>
</LocList>
</BasicStmnt>
<CondStmnt CovItemId="S18" CovItemPrefix="dataModels.Card.java" Intrnl_Id="3052">
<Branch CovItemId="B3" CovItemPrefix="dataModels.Card.java" Implct="false" Intrnl_Id="3053">
<Cond/>
<LocList>
<Loc EndOffset="2121" SrcFileId="40" StartOffset="2061"/>
</LocList>
<StmntSeq Intrnl_Id="3054">
<LocList>
<Loc EndOffset="2121" SrcFileId="40" StartOffset="2061"/>
</LocList>
<BasicStmnt CovItemId="S19" CovItemPrefix="dataModels.Card.java" Intrnl_Id="3055">
<LocList>
<Loc EndOffset="2121" SrcFileId="40" StartOffset="2061"/>
</LocList>
</BasicStmnt>
</StmntSeq>
</Branch>
<Branch CovItemId="B4" CovItemPrefix="dataModels.Card.java" Implct="true" Intrnl_Id="3056">
<Cond/>
<LocList/>
<StmntSeq Intrnl_Id="3057">
<LocList/>
</StmntSeq>
</Branch>
<Keyword EndOffset="2031" SrcFileId="40" StartOffset="2029"/>
<LocList>
<Loc EndOffset="2121" SrcFileId="40" StartOffset="2029"/>
</LocList>
</CondStmnt>
<BasicStmnt CovItemId="S20" CovItemPrefix="dataModels.Card.java" Intrnl_Id="3058">
<LocList>
<Loc EndOffset="2147" SrcFileId="40" StartOffset="2129"/>
</LocList>
</BasicStmnt>
</StmntSeq>
</HierarchyLvl>
<HierarchyLvl HierarchyLvlId="10168" HierarchyLvlTypeId="45" Intrnl_Id="3059" Name="generateCards">
<Header>
<Loc EndOffset="2426" SrcFileId="40" StartOffset="2369"/>
</Header>
<LocList>
<Loc EndOffset="2683" SrcFileId="40" StartOffset="2369"/>
</LocList>
<StmntSeq Intrnl_Id="3060">
<LocList>
<Loc EndOffset="2483" SrcFileId="40" StartOffset="2434"/>
<Loc EndOffset="2525" SrcFileId="40" StartOffset="2487"/>
<Loc EndOffset="2650" SrcFileId="40" StartOffset="2531"/>
<Loc EndOffset="2675" SrcFileId="40" StartOffset="2659"/>
</LocList>
<BasicStmnt CovItemId="S21" CovItemPrefix="dataModels.Card.java" Intrnl_Id="3061">
<LocList>
<Loc EndOffset="2483" SrcFileId="40" StartOffset="2434"/>
</LocList>
</BasicStmnt>
<BasicStmnt CovItemId="S22" CovItemPrefix="dataModels.Card.java" Intrnl_Id="3062">
<LocList>
<Loc EndOffset="2525" SrcFileId="40" StartOffset="2487"/>
</LocList>
</BasicStmnt>
<CondStmnt CovItemId="S23" CovItemPrefix="dataModels.Card.java" Intrnl_Id="3063">
<Branch CovItemId="B5" CovItemPrefix="dataModels.Card.java" Implct="false" Intrnl_Id="3064">
<Cond/>
<LocList>
<Loc EndOffset="2650" SrcFileId="40" StartOffset="2575"/>
</LocList>
<StmntSeq Intrnl_Id="3065">
<LocList>
<Loc EndOffset="2650" SrcFileId="40" StartOffset="2575"/>
</LocList>
<LoopStmnt CovItemId="S24" CovItemPrefix="dataModels.Card.java" Intrnl_Id="3066" MltplExecId="L2-2" MltplExecPrefix="dataModels.Card.java" NvrExecId="L2-0" NvrExecPrefix="dataModels.Card.java" OnceExecutedId="L2-1" OnceExecutedPrefix="dataModels.Card.java" OptBodyExec="true">
<StmntSeq Intrnl_Id="3067">
<LocList>
<Loc EndOffset="2644" SrcFileId="40" StartOffset="2615"/>
</LocList>
<BasicStmnt CovItemId="S25" CovItemPrefix="dataModels.Card.java" Intrnl_Id="3068">
<LocList>
<Loc EndOffset="2644" SrcFileId="40" StartOffset="2615"/>
</LocList>
</BasicStmnt>
</StmntSeq>
<Keyword EndOffset="2578" SrcFileId="40" StartOffset="2575"/>
<LocList>
<Loc EndOffset="2650" SrcFileId="40" StartOffset="2575"/>
</LocList>
</LoopStmnt>
</StmntSeq>
</Branch>
<Branch CovItemId="B6" CovItemPrefix="dataModels.Card.java" Implct="true" Intrnl_Id="3069">
<Cond/>
<LocList/>
<StmntSeq Intrnl_Id="3070">
<LocList/>
</StmntSeq>
</Branch>
<Keyword EndOffset="2533" SrcFileId="40" StartOffset="2531"/>
<LocList>
<Loc EndOffset="2650" SrcFileId="40" StartOffset="2531"/>
</LocList>
</CondStmnt>
<BasicStmnt CovItemId="S26" CovItemPrefix="dataModels.Card.java" Intrnl_Id="3071">
<LocList>
<Loc EndOffset="2675" SrcFileId="40" StartOffset="2659"/>
</LocList>
</BasicStmnt>
</StmntSeq>
</HierarchyLvl>
<HierarchyLvl HierarchyLvlId="10169" HierarchyLvlTypeId="45" Intrnl_Id="3072" Name="validCardString">
<Header>
<Loc EndOffset="2891" SrcFileId="40" StartOffset="2840"/>
</Header>
<LocList>
<Loc EndOffset="3116" SrcFileId="40" StartOffset="2840"/>
</LocList>
<StmntSeq Intrnl_Id="3073">
<LocList>
<Loc EndOffset="2952" SrcFileId="40" StartOffset="2899"/>
<Loc EndOffset="2998" SrcFileId="40" StartOffset="2960"/>
<Loc EndOffset="3088" SrcFileId="40" StartOffset="3004"/>
<Loc EndOffset="3108" SrcFileId="40" StartOffset="3096"/>
</LocList>
<CondStmnt CovItemId="S27" CovItemPrefix="dataModels.Card.java" Intrnl_Id="3074">
<Branch CovItemId="B7" CovItemPrefix="dataModels.Card.java" Implct="false" Intrnl_Id="3075">
<Cond/>
<LocList>
<Loc EndOffset="2952" SrcFileId="40" StartOffset="2939"/>
</LocList>
<StmntSeq Intrnl_Id="3076">
<LocList>
<Loc EndOffset="2952" SrcFileId="40" StartOffset="2939"/>
</LocList>
<BasicStmnt CovItemId="S28" CovItemPrefix="dataModels.Card.java" Intrnl_Id="3077">
<LocList>
<Loc EndOffset="2952" SrcFileId="40" StartOffset="2939"/>
</LocList>
</BasicStmnt>
</StmntSeq>
</Branch>
<Branch CovItemId="B8" CovItemPrefix="dataModels.Card.java" Implct="true" Intrnl_Id="3078">
<Cond/>
<LocList/>
<StmntSeq Intrnl_Id="3079">
<LocList/>
</StmntSeq>
</Branch>
<Keyword EndOffset="2901" SrcFileId="40" StartOffset="2899"/>
<LocList>
<Loc EndOffset="2952" SrcFileId="40" StartOffset="2899"/>
</LocList>
</CondStmnt>
<BasicStmnt CovItemId="S29" CovItemPrefix="dataModels.Card.java" Intrnl_Id="3080">
<LocList>
<Loc EndOffset="2998" SrcFileId="40" StartOffset="2960"/>
</LocList>
</BasicStmnt>
<LoopStmnt CovItemId="S30" CovItemPrefix="dataModels.Card.java" Intrnl_Id="3081" MltplExecId="L3-2" MltplExecPrefix="dataModels.Card.java" NvrExecId="L3-0" NvrExecPrefix="dataModels.Card.java" OnceExecutedId="L3-1" OnceExecutedPrefix="dataModels.Card.java" OptBodyExec="true">
<StmntSeq Intrnl_Id="3082">
<LocList>
<Loc EndOffset="3083" SrcFileId="40" StartOffset="3042"/>
</LocList>
<CondStmnt CovItemId="S31" CovItemPrefix="dataModels.Card.java" Intrnl_Id="3083">
<Branch CovItemId="B9" CovItemPrefix="dataModels.Card.java" Implct="false" Intrnl_Id="3084">
<Cond/>
<LocList>
<Loc EndOffset="3083" SrcFileId="40" StartOffset="3070"/>
</LocList>
<StmntSeq Intrnl_Id="3085">
<LocList>
<Loc EndOffset="3083" SrcFileId="40" StartOffset="3070"/>
</LocList>
<BasicStmnt CovItemId="S32" CovItemPrefix="dataModels.Card.java" Intrnl_Id="3086">
<LocList>
<Loc EndOffset="3083" SrcFileId="40" StartOffset="3070"/>
</LocList>
</BasicStmnt>
</StmntSeq>
</Branch>
<Branch CovItemId="B10" CovItemPrefix="dataModels.Card.java" Implct="true" Intrnl_Id="3087">
<Cond/>
<LocList/>
<StmntSeq Intrnl_Id="3088">
<LocList/>
</StmntSeq>
</Branch>
<Keyword EndOffset="3044" SrcFileId="40" StartOffset="3042"/>
<LocList>
<Loc EndOffset="3083" SrcFileId="40" StartOffset="3042"/>
</LocList>
</CondStmnt>
</StmntSeq>
<Keyword EndOffset="3007" SrcFileId="40" StartOffset="3004"/>
<LocList>
<Loc EndOffset="3088" SrcFileId="40" StartOffset="3004"/>
</LocList>
</LoopStmnt>
<BasicStmnt CovItemId="S33" CovItemPrefix="dataModels.Card.java" Intrnl_Id="3089">
<LocList>
<Loc EndOffset="3108" SrcFileId="40" StartOffset="3096"/>
</LocList>
</BasicStmnt>
</StmntSeq>
</HierarchyLvl>
<HierarchyLvl HierarchyLvlId="10170" HierarchyLvlTypeId="45" Intrnl_Id="3090" Name="isValidCard">
<Header>
<Loc EndOffset="3334" SrcFileId="40" StartOffset="3288"/>
</Header>
<LocList>
<Loc EndOffset="3630" SrcFileId="40" StartOffset="3288"/>
</LocList>
<StmntSeq Intrnl_Id="3091">
<LocList>
<Loc EndOffset="3408" SrcFileId="40" StartOffset="3342"/>
<Loc EndOffset="3457" SrcFileId="40" StartOffset="3416"/>
<Loc EndOffset="3510" SrcFileId="40" StartOffset="3461"/>
<Loc EndOffset="3598" SrcFileId="40" StartOffset="3518"/>
<Loc EndOffset="3618" SrcFileId="40" StartOffset="3606"/>
</LocList>
<CondStmnt CovItemId="S34" CovItemPrefix="dataModels.Card.java" Intrnl_Id="3092">
<Branch CovItemId="B11" CovItemPrefix="dataModels.Card.java" Implct="false" Intrnl_Id="3093">
<Cond/>
<LocList>
<Loc EndOffset="3408" SrcFileId="40" StartOffset="3384"/>
</LocList>
<StmntSeq Intrnl_Id="3094">
<LocList>
<Loc EndOffset="3403" SrcFileId="40" StartOffset="3390"/>
</LocList>
<BasicStmnt CovItemId="S35" CovItemPrefix="dataModels.Card.java" Intrnl_Id="3095">
<LocList>
<Loc EndOffset="3403" SrcFileId="40" StartOffset="3390"/>
</LocList>
</BasicStmnt>
</StmntSeq>
</Branch>
<Branch CovItemId="B12" CovItemPrefix="dataModels.Card.java" Implct="true" Intrnl_Id="3096">
<Cond/>
<LocList/>
<StmntSeq Intrnl_Id="3097">
<LocList/>
</StmntSeq>
</Branch>
<Keyword EndOffset="3344" SrcFileId="40" StartOffset="3342"/>
<LocList>
<Loc EndOffset="3408" SrcFileId="40" StartOffset="3342"/>
</LocList>
</CondStmnt>
<BasicStmnt CovItemId="S36" CovItemPrefix="dataModels.Card.java" Intrnl_Id="3098">
<LocList>
<Loc EndOffset="3457" SrcFileId="40" StartOffset="3416"/>
</LocList>
</BasicStmnt>
<BasicStmnt CovItemId="S37" CovItemPrefix="dataModels.Card.java" Intrnl_Id="3099">
<LocList>
<Loc EndOffset="3510" SrcFileId="40" StartOffset="3461"/>
</LocList>
</BasicStmnt>
<CondStmnt CovItemId="S38" CovItemPrefix="dataModels.Card.java" Intrnl_Id="3100">
<Branch CovItemId="B13" CovItemPrefix="dataModels.Card.java" Implct="false" Intrnl_Id="3101">
<Cond/>
<LocList>
<Loc EndOffset="3598" SrcFileId="40" StartOffset="3574"/>
</LocList>
<StmntSeq Intrnl_Id="3102">
<LocList>
<Loc EndOffset="3593" SrcFileId="40" StartOffset="3580"/>
</LocList>
<BasicStmnt CovItemId="S39" CovItemPrefix="dataModels.Card.java" Intrnl_Id="3103">
<LocList>
<Loc EndOffset="3593" SrcFileId="40" StartOffset="3580"/>
</LocList>
</BasicStmnt>
</StmntSeq>
</Branch>
<Branch CovItemId="B14" CovItemPrefix="dataModels.Card.java" Implct="true" Intrnl_Id="3104">
<Cond/>
<LocList/>
<StmntSeq Intrnl_Id="3105">
<LocList/>
</StmntSeq>
</Branch>
<Keyword EndOffset="3520" SrcFileId="40" StartOffset="3518"/>
<LocList>
<Loc EndOffset="3598" SrcFileId="40" StartOffset="3518"/>
</LocList>
</CondStmnt>
<BasicStmnt CovItemId="S40" CovItemPrefix="dataModels.Card.java" Intrnl_Id="3106">
<LocList>
<Loc EndOffset="3618" SrcFileId="40" StartOffset="3606"/>
</LocList>
</BasicStmnt>
</StmntSeq>
</HierarchyLvl>
<HierarchyLvl HierarchyLvlId="10171" HierarchyLvlTypeId="45" Intrnl_Id="3107" Name="toString">
<Header>
<Loc EndOffset="3671" SrcFileId="40" StartOffset="3635"/>
</Header>
<LocList>
<Loc EndOffset="3833" SrcFileId="40" StartOffset="3635"/>
</LocList>
<StmntSeq Intrnl_Id="3108">
<LocList>
<Loc EndOffset="3721" SrcFileId="40" StartOffset="3677"/>
<Loc EndOffset="3757" SrcFileId="40" StartOffset="3725"/>
<Loc EndOffset="3795" SrcFileId="40" StartOffset="3761"/>
<Loc EndOffset="3829" SrcFileId="40" StartOffset="3803"/>
</LocList>
<BasicStmnt CovItemId="S41" CovItemPrefix="dataModels.Card.java" Intrnl_Id="3109">
<LocList>
<Loc EndOffset="3721" SrcFileId="40" StartOffset="3677"/>
</LocList>
</BasicStmnt>
<BasicStmnt CovItemId="S42" CovItemPrefix="dataModels.Card.java" Intrnl_Id="3110">
<LocList>
<Loc EndOffset="3757" SrcFileId="40" StartOffset="3725"/>
</LocList>
</BasicStmnt>
<BasicStmnt CovItemId="S43" CovItemPrefix="dataModels.Card.java" Intrnl_Id="3111">
<LocList>
<Loc EndOffset="3795" SrcFileId="40" StartOffset="3761"/>
</LocList>
</BasicStmnt>
<BasicStmnt CovItemId="S44" CovItemPrefix="dataModels.Card.java" Intrnl_Id="3112">
<LocList>
<Loc EndOffset="3829" SrcFileId="40" StartOffset="3803"/>
</LocList>
</BasicStmnt>
</StmntSeq>
</HierarchyLvl>
<HierarchyLvl HierarchyLvlId="10176" HierarchyLvlTypeId="42" Intrnl_Id="3113" Name="Number">
<Header>
<Loc EndOffset="3951" SrcFileId="40" StartOffset="3933"/>
</Header>
<LocList>
<Loc EndOffset="4984" SrcFileId="40" StartOffset="3933"/>
</LocList>
<StmntSeq Intrnl_Id="3114">
<LocList>
<Loc EndOffset="4156" SrcFileId="40" StartOffset="4126"/>
</LocList>
<BasicStmnt CovItemId="S45" CovItemPrefix="dataModels.Card.java" Intrnl_Id="3115">
<LocList>
<Loc EndOffset="4156" SrcFileId="40" StartOffset="4126"/>
</LocList>
</BasicStmnt>
</StmntSeq>
<HierarchyLvl HierarchyLvlId="10172" HierarchyLvlTypeId="45" Intrnl_Id="3116" Name="Number">
<Header>
<Loc EndOffset="4236" SrcFileId="40" StartOffset="4219"/>
</Header>
<LocList>
<Loc EndOffset="4269" SrcFileId="40" StartOffset="4219"/>
</LocList>
<StmntSeq Intrnl_Id="3117">
<LocList>
<Loc EndOffset="4264" SrcFileId="40" StartOffset="4246"/>
</LocList>
<BasicStmnt CovItemId="S46" CovItemPrefix="dataModels.Card.java" Intrnl_Id="3118">
<LocList>
<Loc EndOffset="4264" SrcFileId="40" StartOffset="4246"/>
</LocList>
</BasicStmnt>
</StmntSeq>
</HierarchyLvl>
<HierarchyLvl HierarchyLvlId="10173" HierarchyLvlTypeId="45" Intrnl_Id="3119" Name="getValue">
<Header>
<Loc EndOffset="4390" SrcFileId="40" StartOffset="4368"/>
</Header>
<LocList>
<Loc EndOffset="4424" SrcFileId="40" StartOffset="4368"/>
</LocList>
<StmntSeq Intrnl_Id="3120">
<LocList>
<Loc EndOffset="4416" SrcFileId="40" StartOffset="4403"/>
</LocList>
<BasicStmnt CovItemId="S47" CovItemPrefix="dataModels.Card.java" Intrnl_Id="3121">
<LocList>
<Loc EndOffset="4416" SrcFileId="40" StartOffset="4403"/>
</LocList>
</BasicStmnt>
</StmntSeq>
</HierarchyLvl>
<HierarchyLvl HierarchyLvlId="10174" HierarchyLvlTypeId="45" Intrnl_Id="3122" Name="getStringValue">
<Header>
<Loc EndOffset="4468" SrcFileId="40" StartOffset="4438"/>
</Header>
<LocList>
<Loc EndOffset="4541" SrcFileId="40" StartOffset="4438"/>
</LocList>
<StmntSeq Intrnl_Id="3123">
<LocList>
<Loc EndOffset="4533" SrcFileId="40" StartOffset="4481"/>
</LocList>
<BasicStmnt CovItemId="S48" CovItemPrefix="dataModels.Card.java" Intrnl_Id="3124">
<LocList>
<Loc EndOffset="4533" SrcFileId="40" StartOffset="4481"/>
</LocList>
</BasicStmnt>
</StmntSeq>
</HierarchyLvl>
<HierarchyLvl HierarchyLvlId="10175" HierarchyLvlTypeId="45" Intrnl_Id="3125" Name="getNumber">
<Header>
<Loc EndOffset="4775" SrcFileId="40" StartOffset="4729"/>
</Header>
<LocList>
<Loc EndOffset="4980" SrcFileId="40" StartOffset="4729"/>
</LocList>
<StmntSeq Intrnl_Id="3126">
<LocList>
<Loc EndOffset="4934" SrcFileId="40" StartOffset="4791"/>
<Loc EndOffset="4972" SrcFileId="40" StartOffset="4950"/>
</LocList>
<LoopStmnt CovItemId="S49" CovItemPrefix="dataModels.Card.java" Intrnl_Id="3127" MltplExecId="L4-2" MltplExecPrefix="dataModels.Card.java" NvrExecId="L4-0" NvrExecPrefix="dataModels.Card.java" OnceExecutedId="L4-1" OnceExecutedPrefix="dataModels.Card.java" OptBodyExec="true">
<StmntSeq Intrnl_Id="3128">
<LocList>
<Loc EndOffset="4922" SrcFileId="40" StartOffset="4842"/>
</LocList>
<CondStmnt CovItemId="S50" CovItemPrefix="dataModels.Card.java" Intrnl_Id="3129">
<Branch CovItemId="B15" CovItemPrefix="dataModels.Card.java" Implct="false" Intrnl_Id="3130">
<Cond/>
<LocList>
<Loc EndOffset="4922" SrcFileId="40" StartOffset="4875"/>
</LocList>
<StmntSeq Intrnl_Id="3131">
<LocList>
<Loc EndOffset="4906" SrcFileId="40" StartOffset="4895"/>
</LocList>
<BasicStmnt CovItemId="S51" CovItemPrefix="dataModels.Card.java" Intrnl_Id="3132">
<LocList>
<Loc EndOffset="4906" SrcFileId="40" StartOffset="4895"/>
</LocList>
</BasicStmnt>
</StmntSeq>
</Branch>
<Branch CovItemId="B16" CovItemPrefix="dataModels.Card.java" Implct="true" Intrnl_Id="3133">
<Cond/>
<LocList/>
<StmntSeq Intrnl_Id="3134">
<LocList/>
</StmntSeq>
</Branch>
<Keyword EndOffset="4844" SrcFileId="40" StartOffset="4842"/>
<LocList>
<Loc EndOffset="4922" SrcFileId="40" StartOffset="4842"/>
</LocList>
</CondStmnt>
</StmntSeq>
<Keyword EndOffset="4794" SrcFileId="40" StartOffset="4791"/>
<LocList>
<Loc EndOffset="4934" SrcFileId="40" StartOffset="4791"/>
</LocList>
</LoopStmnt>
<BasicStmnt CovItemId="S52" CovItemPrefix="dataModels.Card.java" Intrnl_Id="3135">
<LocList>
<Loc EndOffset="4972" SrcFileId="40" StartOffset="4950"/>
</LocList>
</BasicStmnt>
</StmntSeq>
</HierarchyLvl>
</HierarchyLvl>
<HierarchyLvl HierarchyLvlId="10181" HierarchyLvlTypeId="42" Intrnl_Id="3136" Name="Suit">
<Header>
<Loc EndOffset="5098" SrcFileId="40" StartOffset="5082"/>
</Header>
<LocList>
<Loc EndOffset="6010" SrcFileId="40" StartOffset="5082"/>
</LocList>
<StmntSeq Intrnl_Id="3137">
<LocList>
<Loc EndOffset="5210" SrcFileId="40" StartOffset="5180"/>
</LocList>
<BasicStmnt CovItemId="S53" CovItemPrefix="dataModels.Card.java" Intrnl_Id="3138">
<LocList>
<Loc EndOffset="5210" SrcFileId="40" StartOffset="5180"/>
</LocList>
</BasicStmnt>
</StmntSeq>
<HierarchyLvl HierarchyLvlId="10177" HierarchyLvlTypeId="45" Intrnl_Id="3139" Name="Suit">
<Header>
<Loc EndOffset="5296" SrcFileId="40" StartOffset="5281"/>
</Header>
<LocList>
<Loc EndOffset="5329" SrcFileId="40" StartOffset="5281"/>
</LocList>
<StmntSeq Intrnl_Id="3140">
<LocList>
<Loc EndOffset="5324" SrcFileId="40" StartOffset="5306"/>
</LocList>
<BasicStmnt CovItemId="S54" CovItemPrefix="dataModels.Card.java" Intrnl_Id="3141">
<LocList>
<Loc EndOffset="5324" SrcFileId="40" StartOffset="5306"/>
</LocList>
</BasicStmnt>
</StmntSeq>
</HierarchyLvl>
<HierarchyLvl HierarchyLvlId="10178" HierarchyLvlTypeId="45" Intrnl_Id="3142" Name="getValue">
<Header>
<Loc EndOffset="5447" SrcFileId="40" StartOffset="5425"/>
</Header>
<LocList>
<Loc EndOffset="5481" SrcFileId="40" StartOffset="5425"/>
</LocList>
<StmntSeq Intrnl_Id="3143">
<LocList>
<Loc EndOffset="5473" SrcFileId="40" StartOffset="5460"/>
</LocList>
<BasicStmnt CovItemId="S55" CovItemPrefix="dataModels.Card.java" Intrnl_Id="3144">
<LocList>
<Loc EndOffset="5473" SrcFileId="40" StartOffset="5460"/>
</LocList>
</BasicStmnt>
</StmntSeq>
</HierarchyLvl>
<HierarchyLvl HierarchyLvlId="10179" HierarchyLvlTypeId="45" Intrnl_Id="3145" Name="getStringValue">
<Header>
<Loc EndOffset="5525" SrcFileId="40" StartOffset="5495"/>
</Header>
<LocList>
<Loc EndOffset="5598" SrcFileId="40" StartOffset="5495"/>
</LocList>
<StmntSeq Intrnl_Id="3146">
<LocList>
<Loc EndOffset="5590" SrcFileId="40" StartOffset="5538"/>
</LocList>
<BasicStmnt CovItemId="S56" CovItemPrefix="dataModels.Card.java" Intrnl_Id="3147">
<LocList>
<Loc EndOffset="5590" SrcFileId="40" StartOffset="5538"/>
</LocList>
</BasicStmnt>
</StmntSeq>
</HierarchyLvl>
<HierarchyLvl HierarchyLvlId="10180" HierarchyLvlTypeId="45" Intrnl_Id="3148" Name="getSuit">
<Header>
<Loc EndOffset="5800" SrcFileId="40" StartOffset="5758"/>
</Header>
<LocList>
<Loc EndOffset="6002" SrcFileId="40" StartOffset="5758"/>
</LocList>
<StmntSeq Intrnl_Id="3149">
<LocList>
<Loc EndOffset="5958" SrcFileId="40" StartOffset="5816"/>
<Loc EndOffset="5994" SrcFileId="40" StartOffset="5974"/>
</LocList>
<LoopStmnt CovItemId="S57" CovItemPrefix="dataModels.Card.java" Intrnl_Id="3150" MltplExecId="L5-2" MltplExecPrefix="dataModels.Card.java" NvrExecId="L5-0" NvrExecPrefix="dataModels.Card.java" OnceExecutedId="L5-1" OnceExecutedPrefix="dataModels.Card.java" OptBodyExec="true">
<StmntSeq Intrnl_Id="3151">
<LocList>
<Loc EndOffset="5946" SrcFileId="40" StartOffset="5864"/>
</LocList>
<CondStmnt CovItemId="S58" CovItemPrefix="dataModels.Card.java" Intrnl_Id="3152">
<Branch CovItemId="B17" CovItemPrefix="dataModels.Card.java" Implct="false" Intrnl_Id="3153">
<Cond/>
<LocList>
<Loc EndOffset="5946" SrcFileId="40" StartOffset="5898"/>
</LocList>
<StmntSeq Intrnl_Id="3154">
<LocList>
<Loc EndOffset="5930" SrcFileId="40" StartOffset="5918"/>
</LocList>
<BasicStmnt CovItemId="S59" CovItemPrefix="dataModels.Card.java" Intrnl_Id="3155">
<LocList>
<Loc EndOffset="5930" SrcFileId="40" StartOffset="5918"/>
</LocList>
</BasicStmnt>
</StmntSeq>
</Branch>
<Branch CovItemId="B18" CovItemPrefix="dataModels.Card.java" Implct="true" Intrnl_Id="3156">
<Cond/>
<LocList/>
<StmntSeq Intrnl_Id="3157">
<LocList/>
</StmntSeq>
</Branch>
<Keyword EndOffset="5866" SrcFileId="40" StartOffset="5864"/>
<LocList>
<Loc EndOffset="5946" SrcFileId="40" StartOffset="5864"/>
</LocList>
</CondStmnt>
</StmntSeq>
<Keyword EndOffset="5819" SrcFileId="40" StartOffset="5816"/>
<LocList>
<Loc EndOffset="5958" SrcFileId="40" StartOffset="5816"/>
</LocList>
</LoopStmnt>
<BasicStmnt CovItemId="S60" CovItemPrefix="dataModels.Card.java" Intrnl_Id="3158">
<LocList>
<Loc EndOffset="5994" SrcFileId="40" StartOffset="5974"/>
</LocList>
</BasicStmnt>
</StmntSeq>
</HierarchyLvl>
</HierarchyLvl>
</HierarchyLvl>
<HierarchyLvl HierarchyLvlId="10202" HierarchyLvlTypeId="44" Intrnl_Id="3159" Name="Account">
<Header>
<Loc EndOffset="152" SrcFileId="41" StartOffset="132"/>
</Header>
<LocList>
<Loc EndOffset="7039" SrcFileId="41" StartOffset="132"/>
</LocList>
<HierarchyLvl HierarchyLvlId="10183" HierarchyLvlTypeId="45" Intrnl_Id="3160" Name="Account">
<Header>
<Loc EndOffset="511" SrcFileId="41" StartOffset="495"/>
</Header>
<LocList>
<Loc EndOffset="553" SrcFileId="41" StartOffset="495"/>
</LocList>
<StmntSeq Intrnl_Id="3161">
<LocList>
<Loc EndOffset="549" SrcFileId="41" StartOffset="519"/>
</LocList>
<BasicStmnt CovItemId="S1" CovItemPrefix="dataModels.Account.java" Intrnl_Id="3162">
<LocList>
<Loc EndOffset="549" SrcFileId="41" StartOffset="519"/>
</LocList>
</BasicStmnt>
</StmntSeq>
</HierarchyLvl>
<HierarchyLvl HierarchyLvlId="10184" HierarchyLvlTypeId="45" Intrnl_Id="3163" Name="Account">
<Header>
<Loc EndOffset="762" SrcFileId="41" StartOffset="685"/>
</Header>
<LocList>
<Loc EndOffset="1066" SrcFileId="41" StartOffset="685"/>
</LocList>
<StmntSeq Intrnl_Id="3164">
<LocList>
<Loc EndOffset="795" SrcFileId="41" StartOffset="770"/>
<Loc EndOffset="997" SrcFileId="41" StartOffset="801"/>
<Loc EndOffset="1028" SrcFileId="41" StartOffset="1003"/>
<Loc EndOffset="1062" SrcFileId="41" StartOffset="1032"/>
</LocList>
<BasicStmnt CovItemId="S2" CovItemPrefix="dataModels.Account.java" Intrnl_Id="3165">
<LocList>
<Loc EndOffset="795" SrcFileId="41" StartOffset="770"/>
</LocList>
</BasicStmnt>
<CondStmnt CovItemId="S3" CovItemPrefix="dataModels.Account.java" Intrnl_Id="3166">
<Branch CovItemId="B1" CovItemPrefix="dataModels.Account.java" Implct="false" Intrnl_Id="3167">
<Cond/>
<LocList>
<Loc EndOffset="910" SrcFileId="41" StartOffset="828"/>
</LocList>
<StmntSeq Intrnl_Id="3168">
<LocList>
<Loc EndOffset="867" SrcFileId="41" StartOffset="834"/>
<Loc EndOffset="905" SrcFileId="41" StartOffset="872"/>
</LocList>
<BasicStmnt CovItemId="S4" CovItemPrefix="dataModels.Account.java" Intrnl_Id="3169">
<LocList>
<Loc EndOffset="867" SrcFileId="41" StartOffset="834"/>
</LocList>
</BasicStmnt>
<BasicStmnt CovItemId="S5" CovItemPrefix="dataModels.Account.java" Intrnl_Id="3170">
<LocList>
<Loc EndOffset="905" SrcFileId="41" StartOffset="872"/>
</LocList>
</BasicStmnt>
</StmntSeq>
</Branch>
<Branch CovItemId="B2" CovItemPrefix="dataModels.Account.java" Implct="false" Intrnl_Id="3171">
<Cond>
<Loc EndOffset="918" SrcFileId="41" StartOffset="914"/>
</Cond>
<LocList>
<Loc EndOffset="997" SrcFileId="41" StartOffset="922"/>
</LocList>
<StmntSeq Intrnl_Id="3172">
<LocList>
<Loc EndOffset="953" SrcFileId="41" StartOffset="928"/>
<Loc EndOffset="992" SrcFileId="41" StartOffset="958"/>
</LocList>
<BasicStmnt CovItemId="S6" CovItemPrefix="dataModels.Account.java" Intrnl_Id="3173">
<LocList>
<Loc EndOffset="953" SrcFileId="41" StartOffset="928"/>
</LocList>
</BasicStmnt>
<BasicStmnt CovItemId="S7" CovItemPrefix="dataModels.Account.java" Intrnl_Id="3174">
<LocList>
<Loc EndOffset="992" SrcFileId="41" StartOffset="958"/>
</LocList>
</BasicStmnt>
</StmntSeq>
</Branch>
<Keyword EndOffset="803" SrcFileId="41" StartOffset="801"/>
<LocList>
<Loc EndOffset="997" SrcFileId="41" StartOffset="801"/>
</LocList>
</CondStmnt>
<BasicStmnt CovItemId="S8" CovItemPrefix="dataModels.Account.java" Intrnl_Id="3175">
<LocList>
<Loc EndOffset="1028" SrcFileId="41" StartOffset="1003"/>
</LocList>
</BasicStmnt>
<BasicStmnt CovItemId="S9" CovItemPrefix="dataModels.Account.java" Intrnl_Id="3176">
<LocList>
<Loc EndOffset="1062" SrcFileId="41" StartOffset="1032"/>
</LocList>
</BasicStmnt>
</StmntSeq>
</HierarchyLvl>
<HierarchyLvl HierarchyLvlId="10185" HierarchyLvlTypeId="45" Intrnl_Id="3177" Name="Account">
<Header>
<Loc EndOffset="1349" SrcFileId="41" StartOffset="1254"/>
</Header>
<LocList>
<Loc EndOffset="1667" SrcFileId="41" StartOffset="1254"/>
</LocList>
<StmntSeq Intrnl_Id="3178">
<LocList>
<Loc EndOffset="1382" SrcFileId="41" StartOffset="1357"/>
<Loc EndOffset="1423" SrcFileId="41" StartOffset="1386"/>
<Loc EndOffset="1457" SrcFileId="41" StartOffset="1427"/>
<Loc EndOffset="1659" SrcFileId="41" StartOffset="1463"/>
</LocList>
<BasicStmnt CovItemId="S10" CovItemPrefix="dataModels.Account.java" Intrnl_Id="3179">
<LocList>
<Loc EndOffset="1382" SrcFileId="41" StartOffset="1357"/>
</LocList>
</BasicStmnt>
<BasicStmnt CovItemId="S11" CovItemPrefix="dataModels.Account.java" Intrnl_Id="3180">
<LocList>
<Loc EndOffset="1423" SrcFileId="41" StartOffset="1386"/>
</LocList>
</BasicStmnt>
<BasicStmnt CovItemId="S12" CovItemPrefix="dataModels.Account.java" Intrnl_Id="3181">
<LocList>
<Loc EndOffset="1457" SrcFileId="41" StartOffset="1427"/>
</LocList>
</BasicStmnt>
<CondStmnt CovItemId="S13" CovItemPrefix="dataModels.Account.java" Intrnl_Id="3182">
<Branch CovItemId="B3" CovItemPrefix="dataModels.Account.java" Implct="false" Intrnl_Id="3183">
<Cond/>
<LocList>
<Loc EndOffset="1572" SrcFileId="41" StartOffset="1490"/>
</LocList>
<StmntSeq Intrnl_Id="3184">
<LocList>
<Loc EndOffset="1529" SrcFileId="41" StartOffset="1496"/>
<Loc EndOffset="1567" SrcFileId="41" StartOffset="1534"/>
</LocList>
<BasicStmnt CovItemId="S14" CovItemPrefix="dataModels.Account.java" Intrnl_Id="3185">
<LocList>
<Loc EndOffset="1529" SrcFileId="41" StartOffset="1496"/>
</LocList>
</BasicStmnt>
<BasicStmnt CovItemId="S15" CovItemPrefix="dataModels.Account.java" Intrnl_Id="3186">
<LocList>
<Loc EndOffset="1567" SrcFileId="41" StartOffset="1534"/>
</LocList>
</BasicStmnt>
</StmntSeq>
</Branch>
<Branch CovItemId="B4" CovItemPrefix="dataModels.Account.java" Implct="false" Intrnl_Id="3187">
<Cond>
<Loc EndOffset="1580" SrcFileId="41" StartOffset="1576"/>
</Cond>
<LocList>
<Loc EndOffset="1659" SrcFileId="41" StartOffset="1584"/>
</LocList>
<StmntSeq Intrnl_Id="3188">
<LocList>
<Loc EndOffset="1615" SrcFileId="41" StartOffset="1590"/>
<Loc EndOffset="1654" SrcFileId="41" StartOffset="1620"/>
</LocList>
<BasicStmnt CovItemId="S16" CovItemPrefix="dataModels.Account.java" Intrnl_Id="3189">
<LocList>
<Loc EndOffset="1615" SrcFileId="41" StartOffset="1590"/>
</LocList>
</BasicStmnt>
<BasicStmnt CovItemId="S17" CovItemPrefix="dataModels.Account.java" Intrnl_Id="3190">
<LocList>
<Loc EndOffset="1654" SrcFileId="41" StartOffset="1620"/>
</LocList>
</BasicStmnt>
</StmntSeq>
</Branch>
<Keyword EndOffset="1465" SrcFileId="41" StartOffset="1463"/>
<LocList>
<Loc EndOffset="1659" SrcFileId="41" StartOffset="1463"/>
</LocList>
</CondStmnt>
</StmntSeq>
</HierarchyLvl>
<HierarchyLvl HierarchyLvlId="10186" HierarchyLvlTypeId="45" Intrnl_Id="3191" Name="Account">
<Header>
<Loc EndOffset="1965" SrcFileId="41" StartOffset="1855"/>
</Header>
<LocList>
<Loc EndOffset="2314" SrcFileId="41" StartOffset="1855"/>
</LocList>
<StmntSeq Intrnl_Id="3192">
<LocList>
<Loc EndOffset="2000" SrcFileId="41" StartOffset="1973"/>
<Loc EndOffset="2029" SrcFileId="41" StartOffset="2004"/>
<Loc EndOffset="2070" SrcFileId="41" StartOffset="2033"/>
<Loc EndOffset="2104" SrcFileId="41" StartOffset="2074"/>
<Loc EndOffset="2306" SrcFileId="41" StartOffset="2110"/>
</LocList>
<BasicStmnt CovItemId="S18" CovItemPrefix="dataModels.Account.java" Intrnl_Id="3193">
<LocList>
<Loc EndOffset="2000" SrcFileId="41" StartOffset="1973"/>
</LocList>
</BasicStmnt>
<BasicStmnt CovItemId="S19" CovItemPrefix="dataModels.Account.java" Intrnl_Id="3194">
<LocList>
<Loc EndOffset="2029" SrcFileId="41" StartOffset="2004"/>
</LocList>
</BasicStmnt>
<BasicStmnt CovItemId="S20" CovItemPrefix="dataModels.Account.java" Intrnl_Id="3195">
<LocList>
<Loc EndOffset="2070" SrcFileId="41" StartOffset="2033"/>
</LocList>
</BasicStmnt>
<BasicStmnt CovItemId="S21" CovItemPrefix="dataModels.Account.java" Intrnl_Id="3196">
<LocList>
<Loc EndOffset="2104" SrcFileId="41" StartOffset="2074"/>
</LocList>
</BasicStmnt>
<CondStmnt CovItemId="S22" CovItemPrefix="dataModels.Account.java" Intrnl_Id="3197">
<Branch CovItemId="B5" CovItemPrefix="dataModels.Account.java" Implct="false" Intrnl_Id="3198">
<Cond/>
<LocList>
<Loc EndOffset="2219" SrcFileId="41" StartOffset="2137"/>
</LocList>
<StmntSeq Intrnl_Id="3199">
<LocList>
<Loc EndOffset="2176" SrcFileId="41" StartOffset="2143"/>
<Loc EndOffset="2214" SrcFileId="41" StartOffset="2181"/>
</LocList>
<BasicStmnt CovItemId="S23" CovItemPrefix="dataModels.Account.java" Intrnl_Id="3200">
<LocList>
<Loc EndOffset="2176" SrcFileId="41" StartOffset="2143"/>
</LocList>
</BasicStmnt>
<BasicStmnt CovItemId="S24" CovItemPrefix="dataModels.Account.java" Intrnl_Id="3201">
<LocList>
<Loc EndOffset="2214" SrcFileId="41" StartOffset="2181"/>
</LocList>
</BasicStmnt>
</StmntSeq>
</Branch>
<Branch CovItemId="B6" CovItemPrefix="dataModels.Account.java" Implct="false" Intrnl_Id="3202">
<Cond>
<Loc EndOffset="2227" SrcFileId="41" StartOffset="2223"/>
</Cond>
<LocList>
<Loc EndOffset="2306" SrcFileId="41" StartOffset="2231"/>
</LocList>
<StmntSeq Intrnl_Id="3203">
<LocList>
<Loc EndOffset="2262" SrcFileId="41" StartOffset="2237"/>
<Loc EndOffset="2301" SrcFileId="41" StartOffset="2267"/>
</LocList>
<BasicStmnt CovItemId="S25" CovItemPrefix="dataModels.Account.java" Intrnl_Id="3204">
<LocList>
<Loc EndOffset="2262" SrcFileId="41" StartOffset="2237"/>
</LocList>
</BasicStmnt>
<BasicStmnt CovItemId="S26" CovItemPrefix="dataModels.Account.java" Intrnl_Id="3205">
<LocList>
<Loc EndOffset="2301" SrcFileId="41" StartOffset="2267"/>
</LocList>
</BasicStmnt>
</StmntSeq>
</Branch>
<Keyword EndOffset="2112" SrcFileId="41" StartOffset="2110"/>
<LocList>
<Loc EndOffset="2306" SrcFileId="41" StartOffset="2110"/>
</LocList>
</CondStmnt>
</StmntSeq>
</HierarchyLvl>
<HierarchyLvl HierarchyLvlId="10187" HierarchyLvlTypeId="45" Intrnl_Id="3206" Name="getAccountID">
<Header>
<Loc EndOffset="2412" SrcFileId="41" StartOffset="2387"/>
</Header>
<LocList>
<Loc EndOffset="2439" SrcFileId="41" StartOffset="2387"/>
</LocList>
<StmntSeq Intrnl_Id="3207">
<LocList>
<Loc EndOffset="2435" SrcFileId="41" StartOffset="2418"/>
</LocList>
<BasicStmnt CovItemId="S27" CovItemPrefix="dataModels.Account.java" Intrnl_Id="3208">
<LocList>
<Loc EndOffset="2435" SrcFileId="41" StartOffset="2418"/>
</LocList>
</BasicStmnt>
</StmntSeq>
</HierarchyLvl>
<HierarchyLvl HierarchyLvlId="10188" HierarchyLvlTypeId="45" Intrnl_Id="3209" Name="setAccountID">
<Header>
<Loc EndOffset="2568" SrcFileId="41" StartOffset="2529"/>
</Header>
<LocList>
<Loc EndOffset="2605" SrcFileId="41" StartOffset="2529"/>
</LocList>
<StmntSeq Intrnl_Id="3210">
<LocList>
<Loc EndOffset="2601" SrcFileId="41" StartOffset="2574"/>
</LocList>
<BasicStmnt CovItemId="S28" CovItemPrefix="dataModels.Account.java" Intrnl_Id="3211">
<LocList>
<Loc EndOffset="2601" SrcFileId="41" StartOffset="2574"/>
</LocList>
</BasicStmnt>
</StmntSeq>
</HierarchyLvl>
<HierarchyLvl HierarchyLvlId="10189" HierarchyLvlTypeId="45" Intrnl_Id="3212" Name="Account">
<Header>
<Loc EndOffset="2723" SrcFileId="41" StartOffset="2692"/>
</Header>
<LocList>
<Loc EndOffset="2760" SrcFileId="41" StartOffset="2692"/>
</LocList>
<StmntSeq Intrnl_Id="3213">
<LocList>
<Loc EndOffset="2756" SrcFileId="41" StartOffset="2731"/>
</LocList>
<BasicStmnt CovItemId="S29" CovItemPrefix="dataModels.Account.java" Intrnl_Id="3214">
<LocList>
<Loc EndOffset="2756" SrcFileId="41" StartOffset="2731"/>
</LocList>
</BasicStmnt>
</StmntSeq>
</HierarchyLvl>
<HierarchyLvl HierarchyLvlId="10190" HierarchyLvlTypeId="45" Intrnl_Id="3215" Name="getUsername">
<Header>
<Loc EndOffset="2867" SrcFileId="41" StartOffset="2840"/>
</Header>
<LocList>
<Loc EndOffset="2893" SrcFileId="41" StartOffset="2840"/>
</LocList>
<StmntSeq Intrnl_Id="3216">
<LocList>
<Loc EndOffset="2889" SrcFileId="41" StartOffset="2873"/>
</LocList>
<BasicStmnt CovItemId="S30" CovItemPrefix="dataModels.Account.java" Intrnl_Id="3217">
<LocList>
<Loc EndOffset="2889" SrcFileId="41" StartOffset="2873"/>
</LocList>
</BasicStmnt>
</StmntSeq>
</HierarchyLvl>
<HierarchyLvl HierarchyLvlId="10191" HierarchyLvlTypeId="45" Intrnl_Id="3218" Name="setUsername">
<Header>
<Loc EndOffset="3033" SrcFileId="41" StartOffset="2993"/>
</Header>
<LocList>
<Loc EndOffset="3068" SrcFileId="41" StartOffset="2993"/>
</LocList>
<StmntSeq Intrnl_Id="3219">
<LocList>
<Loc EndOffset="3064" SrcFileId="41" StartOffset="3039"/>
</LocList>
<BasicStmnt CovItemId="S31" CovItemPrefix="dataModels.Account.java" Intrnl_Id="3220">
<LocList>
<Loc EndOffset="3064" SrcFileId="41" StartOffset="3039"/>
</LocList>
</BasicStmnt>
</StmntSeq>
</HierarchyLvl>
<HierarchyLvl HierarchyLvlId="10192" HierarchyLvlTypeId="45" Intrnl_Id="3221" Name="getPassword">
<Header>
<Loc EndOffset="3197" SrcFileId="41" StartOffset="3170"/>
</Header>
<LocList>
<Loc EndOffset="3223" SrcFileId="41" StartOffset="3170"/>
</LocList>
<StmntSeq Intrnl_Id="3222">
<LocList>
<Loc EndOffset="3219" SrcFileId="41" StartOffset="3203"/>
</LocList>
<BasicStmnt CovItemId="S32" CovItemPrefix="dataModels.Account.java" Intrnl_Id="3223">
<LocList>
<Loc EndOffset="3219" SrcFileId="41" StartOffset="3203"/>
</LocList>
</BasicStmnt>
</StmntSeq>
</HierarchyLvl>
<HierarchyLvl HierarchyLvlId="10193" HierarchyLvlTypeId="45" Intrnl_Id="3224" Name="getEncyptedPassword">
<Header>
<Loc EndOffset="3342" SrcFileId="41" StartOffset="3307"/>
</Header>
<LocList>
<Loc EndOffset="3560" SrcFileId="41" StartOffset="3307"/>
</LocList>
<StmntSeq Intrnl_Id="3225">
<LocList>
<Loc EndOffset="3519" SrcFileId="41" StartOffset="3348"/>
<Loc EndOffset="3554" SrcFileId="41" StartOffset="3525"/>
</LocList>
<CondStmnt CovItemId="S33" CovItemPrefix="dataModels.Account.java" Intrnl_Id="3226">
<Branch CovItemId="B7" CovItemPrefix="dataModels.Account.java" Implct="false" Intrnl_Id="3227">
<Cond/>
<LocList>
<Loc EndOffset="3401" SrcFileId="41" StartOffset="3377"/>
</LocList>
<StmntSeq Intrnl_Id="3228">
<LocList>
<Loc EndOffset="3401" SrcFileId="41" StartOffset="3377"/>
</LocList>
<BasicStmnt CovItemId="S34" CovItemPrefix="dataModels.Account.java" Intrnl_Id="3229">
<LocList>
<Loc EndOffset="3401" SrcFileId="41" StartOffset="3377"/>
</LocList>
</BasicStmnt>
</StmntSeq>
</Branch>
<Branch CovItemId="B8" CovItemPrefix="dataModels.Account.java" Implct="false" Intrnl_Id="3230">
<Cond>
<Loc EndOffset="3409" SrcFileId="41" StartOffset="3405"/>
</Cond>
<LocList>
<Loc EndOffset="3519" SrcFileId="41" StartOffset="3414"/>
</LocList>
<StmntSeq Intrnl_Id="3231">
<LocList>
<Loc EndOffset="3453" SrcFileId="41" StartOffset="3420"/>
<Loc EndOffset="3514" SrcFileId="41" StartOffset="3458"/>
</LocList>
<BasicStmnt CovItemId="S35" CovItemPrefix="dataModels.Account.java" Intrnl_Id="3232">
<LocList>
<Loc EndOffset="3453" SrcFileId="41" StartOffset="3420"/>
</LocList>
</BasicStmnt>
<BasicStmnt CovItemId="S36" CovItemPrefix="dataModels.Account.java" Intrnl_Id="3233">
<LocList>
<Loc EndOffset="3514" SrcFileId="41" StartOffset="3458"/>
</LocList>
</BasicStmnt>
</StmntSeq>
</Branch>
<Keyword EndOffset="3350" SrcFileId="41" StartOffset="3348"/>
<LocList>
<Loc EndOffset="3519" SrcFileId="41" StartOffset="3348"/>
</LocList>
</CondStmnt>
<BasicStmnt CovItemId="S37" CovItemPrefix="dataModels.Account.java" Intrnl_Id="3234">
<LocList>
<Loc EndOffset="3554" SrcFileId="41" StartOffset="3525"/>
</LocList>
</BasicStmnt>
</StmntSeq>
</HierarchyLvl>
<HierarchyLvl HierarchyLvlId="10194" HierarchyLvlTypeId="45" Intrnl_Id="3235" Name="setPassword">
<Header>
<Loc EndOffset="3731" SrcFileId="41" StartOffset="3662"/>
</Header>
<LocList>
<Loc EndOffset="3937" SrcFileId="41" StartOffset="3662"/>
</LocList>
<StmntSeq Intrnl_Id="3236">
<LocList>
<Loc EndOffset="3933" SrcFileId="41" StartOffset="3737"/>
</LocList>
<CondStmnt CovItemId="S38" CovItemPrefix="dataModels.Account.java" Intrnl_Id="3237">
<Branch CovItemId="B9" CovItemPrefix="dataModels.Account.java" Implct="false" Intrnl_Id="3238">
<Cond/>
<LocList>
<Loc EndOffset="3846" SrcFileId="41" StartOffset="3764"/>
</LocList>
<StmntSeq Intrnl_Id="3239">
<LocList>
<Loc EndOffset="3803" SrcFileId="41" StartOffset="3770"/>
<Loc EndOffset="3841" SrcFileId="41" StartOffset="3808"/>
</LocList>
<BasicStmnt CovItemId="S39" CovItemPrefix="dataModels.Account.java" Intrnl_Id="3240">
<LocList>
<Loc EndOffset="3803" SrcFileId="41" StartOffset="3770"/>
</LocList>
</BasicStmnt>
<BasicStmnt CovItemId="S40" CovItemPrefix="dataModels.Account.java" Intrnl_Id="3241">
<LocList>
<Loc EndOffset="3841" SrcFileId="41" StartOffset="3808"/>
</LocList>
</BasicStmnt>
</StmntSeq>
</Branch>
<Branch CovItemId="B10" CovItemPrefix="dataModels.Account.java" Implct="false" Intrnl_Id="3242">
<Cond>
<Loc EndOffset="3854" SrcFileId="41" StartOffset="3850"/>
</Cond>
<LocList>
<Loc EndOffset="3933" SrcFileId="41" StartOffset="3858"/>
</LocList>
<StmntSeq Intrnl_Id="3243">
<LocList>
<Loc EndOffset="3889" SrcFileId="41" StartOffset="3864"/>
<Loc EndOffset="3928" SrcFileId="41" StartOffset="3894"/>
</LocList>
<BasicStmnt CovItemId="S41" CovItemPrefix="dataModels.Account.java" Intrnl_Id="3244">
<LocList>
<Loc EndOffset="3889" SrcFileId="41" StartOffset="3864"/>
</LocList>
</BasicStmnt>
<BasicStmnt CovItemId="S42" CovItemPrefix="dataModels.Account.java" Intrnl_Id="3245">
<LocList>
<Loc EndOffset="3928" SrcFileId="41" StartOffset="3894"/>
</LocList>
</BasicStmnt>
</StmntSeq>
</Branch>
<Keyword EndOffset="3739" SrcFileId="41" StartOffset="3737"/>
<LocList>
<Loc EndOffset="3933" SrcFileId="41" StartOffset="3737"/>
</LocList>
</CondStmnt>
</StmntSeq>
</HierarchyLvl>
<HierarchyLvl HierarchyLvlId="10195" HierarchyLvlTypeId="45" Intrnl_Id="3246" Name="getAuthenticationToken">
<Header>
<Loc EndOffset="4072" SrcFileId="41" StartOffset="4034"/>
</Header>
<LocList>
<Loc EndOffset="4109" SrcFileId="41" StartOffset="4034"/>
</LocList>
<StmntSeq Intrnl_Id="3247">
<LocList>
<Loc EndOffset="4105" SrcFileId="41" StartOffset="4078"/>
</LocList>
<BasicStmnt CovItemId="S43" CovItemPrefix="dataModels.Account.java" Intrnl_Id="3248">
<LocList>
<Loc EndOffset="4105" SrcFileId="41" StartOffset="4078"/>
</LocList>
</BasicStmnt>
</StmntSeq>
</HierarchyLvl>
<HierarchyLvl HierarchyLvlId="10196" HierarchyLvlTypeId="45" Intrnl_Id="3249" Name="setAuthenticationToken">
<Header>
<Loc EndOffset="4270" SrcFileId="41" StartOffset="4208"/>
</Header>
<LocList>
<Loc EndOffset="4327" SrcFileId="41" StartOffset="4208"/>
</LocList>
<StmntSeq Intrnl_Id="3250">
<LocList>
<Loc EndOffset="4323" SrcFileId="41" StartOffset="4276"/>
</LocList>
<BasicStmnt CovItemId="S44" CovItemPrefix="dataModels.Account.java" Intrnl_Id="3251">
<LocList>
<Loc EndOffset="4323" SrcFileId="41" StartOffset="4276"/>
</LocList>
</BasicStmnt>
</StmntSeq>
</HierarchyLvl>
<HierarchyLvl HierarchyLvlId="10197" HierarchyLvlTypeId="45" Intrnl_Id="3252" Name="exactCompare">
<Header>
<Loc EndOffset="4600" SrcFileId="41" StartOffset="4558"/>
</Header>
<LocList>
<Loc EndOffset="5197" SrcFileId="41" StartOffset="4558"/>
</LocList>
<StmntSeq Intrnl_Id="3253">
<LocList>
<Loc EndOffset="4640" SrcFileId="41" StartOffset="4608"/>
<Loc EndOffset="5174" SrcFileId="41" StartOffset="4646"/>
<Loc EndOffset="5193" SrcFileId="41" StartOffset="5180"/>
</LocList>
<CondStmnt CovItemId="S45" CovItemPrefix="dataModels.Account.java" Intrnl_Id="3254">
<Branch CovItemId="B11" CovItemPrefix="dataModels.Account.java" Implct="false" Intrnl_Id="3255">
<Cond/>
<LocList>
<Loc EndOffset="4640" SrcFileId="41" StartOffset="4627"/>
</LocList>
<StmntSeq Intrnl_Id="3256">
<LocList>
<Loc EndOffset="4640" SrcFileId="41" StartOffset="4627"/>
</LocList>
<BasicStmnt CovItemId="S46" CovItemPrefix="dataModels.Account.java" Intrnl_Id="3257">
<LocList>
<Loc EndOffset="4640" SrcFileId="41" StartOffset="4627"/>
</LocList>
</BasicStmnt>
</StmntSeq>
</Branch>
<Branch CovItemId="B12" CovItemPrefix="dataModels.Account.java" Implct="true" Intrnl_Id="3258">
<Cond/>
<LocList/>
<StmntSeq Intrnl_Id="3259">
<LocList/>
</StmntSeq>
</Branch>
<Keyword EndOffset="4610" SrcFileId="41" StartOffset="4608"/>
<LocList>
<Loc EndOffset="4640" SrcFileId="41" StartOffset="4608"/>
</LocList>
</CondStmnt>
<CondStmnt CovItemId="S47" CovItemPrefix="dataModels.Account.java" Intrnl_Id="3260">
<Branch CovItemId="B13" CovItemPrefix="dataModels.Account.java" Implct="false" Intrnl_Id="3261">
<Cond/>
<LocList>
<Loc EndOffset="5174" SrcFileId="41" StartOffset="4677"/>
</LocList>
<StmntSeq Intrnl_Id="3262">
<LocList>
<Loc EndOffset="4723" SrcFileId="41" StartOffset="4683"/>
<Loc EndOffset="4780" SrcFileId="41" StartOffset="4730"/>
<Loc EndOffset="4845" SrcFileId="41" StartOffset="4787"/>
<Loc EndOffset="4914" SrcFileId="41" StartOffset="4852"/>
<Loc EndOffset="4984" SrcFileId="41" StartOffset="4921"/>
<Loc EndOffset="5070" SrcFileId="41" StartOffset="4991"/>
<Loc EndOffset="5150" SrcFileId="41" StartOffset="5077"/>
<Loc EndOffset="5169" SrcFileId="41" StartOffset="5157"/>
</LocList>
<BasicStmnt CovItemId="S48" CovItemPrefix="dataModels.Account.java" Intrnl_Id="3263">
<LocList>
<Loc EndOffset="4723" SrcFileId="41" StartOffset="4683"/>
</LocList>
</BasicStmnt>
<BasicStmnt CovItemId="S49" CovItemPrefix="dataModels.Account.java" Intrnl_Id="3264">
<LocList>
<Loc EndOffset="4780" SrcFileId="41" StartOffset="4730"/>
</LocList>
</BasicStmnt>
<BasicStmnt CovItemId="S50" CovItemPrefix="dataModels.Account.java" Intrnl_Id="3265">
<LocList>
<Loc EndOffset="4845" SrcFileId="41" StartOffset="4787"/>
</LocList>
</BasicStmnt>
<BasicStmnt CovItemId="S51" CovItemPrefix="dataModels.Account.java" Intrnl_Id="3266">
<LocList>
<Loc EndOffset="4914" SrcFileId="41" StartOffset="4852"/>
</LocList>
</BasicStmnt>
<CondStmnt CovItemId="S52" CovItemPrefix="dataModels.Account.java" Intrnl_Id="3267">
<Branch CovItemId="B15" CovItemPrefix="dataModels.Account.java" Implct="false" Intrnl_Id="3268">
<Cond/>
<LocList>
<Loc EndOffset="4984" SrcFileId="41" StartOffset="4971"/>
</LocList>
<StmntSeq Intrnl_Id="3269">
<LocList>
<Loc EndOffset="4984" SrcFileId="41" StartOffset="4971"/>
</LocList>
<BasicStmnt CovItemId="S53" CovItemPrefix="dataModels.Account.java" Intrnl_Id="3270">
<LocList>
<Loc EndOffset="4984" SrcFileId="41" StartOffset="4971"/>
</LocList>
</BasicStmnt>
</StmntSeq>
</Branch>
<Branch CovItemId="B16" CovItemPrefix="dataModels.Account.java" Implct="true" Intrnl_Id="3271">
<Cond/>
<LocList/>
<StmntSeq Intrnl_Id="3272">
<LocList/>
</StmntSeq>
</Branch>
<Keyword EndOffset="4923" SrcFileId="41" StartOffset="4921"/>
<LocList>
<Loc EndOffset="4984" SrcFileId="41" StartOffset="4921"/>
</LocList>
</CondStmnt>
<CondStmnt CovItemId="S54" CovItemPrefix="dataModels.Account.java" Intrnl_Id="3273">
<Branch CovItemId="B17" CovItemPrefix="dataModels.Account.java" Implct="false" Intrnl_Id="3274">
<Cond/>
<LocList>
<Loc EndOffset="5070" SrcFileId="41" StartOffset="5057"/>
</LocList>
<StmntSeq Intrnl_Id="3275">
<LocList>
<Loc EndOffset="5070" SrcFileId="41" StartOffset="5057"/>
</LocList>
<BasicStmnt CovItemId="S55" CovItemPrefix="dataModels.Account.java" Intrnl_Id="3276">
<LocList>
<Loc EndOffset="5070" SrcFileId="41" StartOffset="5057"/>
</LocList>
</BasicStmnt>
</StmntSeq>
</Branch>
<Branch CovItemId="B18" CovItemPrefix="dataModels.Account.java" Implct="true" Intrnl_Id="3277">
<Cond/>
<LocList/>
<StmntSeq Intrnl_Id="3278">
<LocList/>
</StmntSeq>
</Branch>
<Keyword EndOffset="4993" SrcFileId="41" StartOffset="4991"/>
<LocList>
<Loc EndOffset="5070" SrcFileId="41" StartOffset="4991"/>
</LocList>
</CondStmnt>
<CondStmnt CovItemId="S56" CovItemPrefix="dataModels.Account.java" Intrnl_Id="3279">
<Branch CovItemId="B19" CovItemPrefix="dataModels.Account.java" Implct="false" Intrnl_Id="3280">
<Cond/>
<LocList>
<Loc EndOffset="5150" SrcFileId="41" StartOffset="5137"/>
</LocList>
<StmntSeq Intrnl_Id="3281">
<LocList>
<Loc EndOffset="5150" SrcFileId="41" StartOffset="5137"/>
</LocList>
<BasicStmnt CovItemId="S57" CovItemPrefix="dataModels.Account.java" Intrnl_Id="3282">
<LocList>
<Loc EndOffset="5150" SrcFileId="41" StartOffset="5137"/>
</LocList>
</BasicStmnt>
</StmntSeq>
</Branch>
<Branch CovItemId="B20" CovItemPrefix="dataModels.Account.java" Implct="true" Intrnl_Id="3283">
<Cond/>
<LocList/>
<StmntSeq Intrnl_Id="3284">
<LocList/>
</StmntSeq>
</Branch>
<Keyword EndOffset="5079" SrcFileId="41" StartOffset="5077"/>
<LocList>
<Loc EndOffset="5150" SrcFileId="41" StartOffset="5077"/>
</LocList>
</CondStmnt>
<BasicStmnt CovItemId="S58" CovItemPrefix="dataModels.Account.java" Intrnl_Id="3285">
<LocList>
<Loc EndOffset="5169" SrcFileId="41" StartOffset="5157"/>
</LocList>
</BasicStmnt>
</StmntSeq>
</Branch>
<Branch CovItemId="B14" CovItemPrefix="dataModels.Account.java" Implct="true" Intrnl_Id="3286">
<Cond/>
<LocList/>
<StmntSeq Intrnl_Id="3287">
<LocList/>
</StmntSeq>
</Branch>
<Keyword EndOffset="4648" SrcFileId="41" StartOffset="4646"/>
<LocList>
<Loc EndOffset="5174" SrcFileId="41" StartOffset="4646"/>
</LocList>
</CondStmnt>
<BasicStmnt CovItemId="S59" CovItemPrefix="dataModels.Account.java" Intrnl_Id="3288">
<LocList>
<Loc EndOffset="5193" SrcFileId="41" StartOffset="5180"/>
</LocList>
</BasicStmnt>
</StmntSeq>
</HierarchyLvl>
<HierarchyLvl HierarchyLvlId="10198" HierarchyLvlTypeId="45" Intrnl_Id="3289" Name="compareLogin">
<Header>
<Loc EndOffset="5460" SrcFileId="41" StartOffset="5411"/>
</Header>
<LocList>
<Loc EndOffset="5798" SrcFileId="41" StartOffset="5411"/>
</LocList>
<StmntSeq Intrnl_Id="3290">
<LocList>
<Loc EndOffset="5506" SrcFileId="41" StartOffset="5468"/>
<Loc EndOffset="5562" SrcFileId="41" StartOffset="5512"/>
<Loc EndOffset="5624" SrcFileId="41" StartOffset="5566"/>
<Loc EndOffset="5692" SrcFileId="41" StartOffset="5630"/>
<Loc EndOffset="5776" SrcFileId="41" StartOffset="5698"/>
<Loc EndOffset="5794" SrcFileId="41" StartOffset="5782"/>
</LocList>
<CondStmnt CovItemId="S60" CovItemPrefix="dataModels.Account.java" Intrnl_Id="3291">
<Branch CovItemId="B21" CovItemPrefix="dataModels.Account.java" Implct="false" Intrnl_Id="3292">
<Cond/>
<LocList>
<Loc EndOffset="5506" SrcFileId="41" StartOffset="5493"/>
</LocList>
<StmntSeq Intrnl_Id="3293">
<LocList>
<Loc EndOffset="5506" SrcFileId="41" StartOffset="5493"/>
</LocList>
<BasicStmnt CovItemId="S61" CovItemPrefix="dataModels.Account.java" Intrnl_Id="3294">
<LocList>
<Loc EndOffset="5506" SrcFileId="41" StartOffset="5493"/>
</LocList>
</BasicStmnt>
</StmntSeq>
</Branch>
<Branch CovItemId="B22" CovItemPrefix="dataModels.Account.java" Implct="true" Intrnl_Id="3295">
<Cond/>
<LocList/>
<StmntSeq Intrnl_Id="3296">
<LocList/>
</StmntSeq>
</Branch>
<Keyword EndOffset="5470" SrcFileId="41" StartOffset="5468"/>
<LocList>
<Loc EndOffset="5506" SrcFileId="41" StartOffset="5468"/>
</LocList>
</CondStmnt>
<BasicStmnt CovItemId="S62" CovItemPrefix="dataModels.Account.java" Intrnl_Id="3297">
<LocList>
<Loc EndOffset="5562" SrcFileId="41" StartOffset="5512"/>
</LocList>
</BasicStmnt>
<BasicStmnt CovItemId="S63" CovItemPrefix="dataModels.Account.java" Intrnl_Id="3298">
<LocList>
<Loc EndOffset="5624" SrcFileId="41" StartOffset="5566"/>
</LocList>
</BasicStmnt>
<CondStmnt CovItemId="S64" CovItemPrefix="dataModels.Account.java" Intrnl_Id="3299">
<Branch CovItemId="B23" CovItemPrefix="dataModels.Account.java" Implct="false" Intrnl_Id="3300">
<Cond/>
<LocList>
<Loc EndOffset="5692" SrcFileId="41" StartOffset="5679"/>
</LocList>
<StmntSeq Intrnl_Id="3301">
<LocList>
<Loc EndOffset="5692" SrcFileId="41" StartOffset="5679"/>
</LocList>
<BasicStmnt CovItemId="S65" CovItemPrefix="dataModels.Account.java" Intrnl_Id="3302">
<LocList>
<Loc EndOffset="5692" SrcFileId="41" StartOffset="5679"/>
</LocList>
</BasicStmnt>
</StmntSeq>
</Branch>
<Branch CovItemId="B24" CovItemPrefix="dataModels.Account.java" Implct="true" Intrnl_Id="3303">
<Cond/>
<LocList/>
<StmntSeq Intrnl_Id="3304">
<LocList/>
</StmntSeq>
</Branch>
<Keyword EndOffset="5632" SrcFileId="41" StartOffset="5630"/>
<LocList>
<Loc EndOffset="5692" SrcFileId="41" StartOffset="5630"/>
</LocList>
</CondStmnt>
<CondStmnt CovItemId="S66" CovItemPrefix="dataModels.Account.java" Intrnl_Id="3305">
<Branch CovItemId="B25" CovItemPrefix="dataModels.Account.java" Implct="false" Intrnl_Id="3306">
<Cond/>
<LocList>
<Loc EndOffset="5776" SrcFileId="41" StartOffset="5763"/>
</LocList>
<StmntSeq Intrnl_Id="3307">
<LocList>
<Loc EndOffset="5776" SrcFileId="41" StartOffset="5763"/>
</LocList>
<BasicStmnt CovItemId="S67" CovItemPrefix="dataModels.Account.java" Intrnl_Id="3308">
<LocList>
<Loc EndOffset="5776" SrcFileId="41" StartOffset="5763"/>
</LocList>
</BasicStmnt>
</StmntSeq>
</Branch>
<Branch CovItemId="B26" CovItemPrefix="dataModels.Account.java" Implct="true" Intrnl_Id="3309">
<Cond/>
<LocList/>
<StmntSeq Intrnl_Id="3310">
<LocList/>
</StmntSeq>
</Branch>
<Keyword EndOffset="5700" SrcFileId="41" StartOffset="5698"/>
<LocList>
<Loc EndOffset="5776" SrcFileId="41" StartOffset="5698"/>
</LocList>
</CondStmnt>
<BasicStmnt CovItemId="S68" CovItemPrefix="dataModels.Account.java" Intrnl_Id="3311">
<LocList>
<Loc EndOffset="5794" SrcFileId="41" StartOffset="5782"/>
</LocList>
</BasicStmnt>
</StmntSeq>
</HierarchyLvl>
<HierarchyLvl HierarchyLvlId="10199" HierarchyLvlTypeId="45" Intrnl_Id="3312" Name="compareAuthenticated">
<Header>
<Loc EndOffset="6068" SrcFileId="41" StartOffset="6011"/>
</Header>
<LocList>
<Loc EndOffset="6408" SrcFileId="41" StartOffset="6011"/>
</LocList>
<StmntSeq Intrnl_Id="3313">
<LocList>
<Loc EndOffset="6116" SrcFileId="41" StartOffset="6078"/>
<Loc EndOffset="6174" SrcFileId="41" StartOffset="6124"/>
<Loc EndOffset="6240" SrcFileId="41" StartOffset="6178"/>
<Loc EndOffset="6308" SrcFileId="41" StartOffset="6246"/>
<Loc EndOffset="6386" SrcFileId="41" StartOffset="6314"/>
<Loc EndOffset="6404" SrcFileId="41" StartOffset="6392"/>
</LocList>
<CondStmnt CovItemId="S69" CovItemPrefix="dataModels.Account.java" Intrnl_Id="3314">
<Branch CovItemId="B27" CovItemPrefix="dataModels.Account.java" Implct="false" Intrnl_Id="3315">
<Cond/>
<LocList>
<Loc EndOffset="6116" SrcFileId="41" StartOffset="6103"/>
</LocList>
<StmntSeq Intrnl_Id="3316">
<LocList>
<Loc EndOffset="6116" SrcFileId="41" StartOffset="6103"/>
</LocList>
<BasicStmnt CovItemId="S70" CovItemPrefix="dataModels.Account.java" Intrnl_Id="3317">
<LocList>
<Loc EndOffset="6116" SrcFileId="41" StartOffset="6103"/>
</LocList>
</BasicStmnt>
</StmntSeq>
</Branch>
<Branch CovItemId="B28" CovItemPrefix="dataModels.Account.java" Implct="true" Intrnl_Id="3318">
<Cond/>
<LocList/>
<StmntSeq Intrnl_Id="3319">
<LocList/>
</StmntSeq>
</Branch>
<Keyword EndOffset="6080" SrcFileId="41" StartOffset="6078"/>
<LocList>
<Loc EndOffset="6116" SrcFileId="41" StartOffset="6078"/>
</LocList>
</CondStmnt>
<BasicStmnt CovItemId="S71" CovItemPrefix="dataModels.Account.java" Intrnl_Id="3320">
<LocList>
<Loc EndOffset="6174" SrcFileId="41" StartOffset="6124"/>
</LocList>
</BasicStmnt>
<BasicStmnt CovItemId="S72" CovItemPrefix="dataModels.Account.java" Intrnl_Id="3321">
<LocList>
<Loc EndOffset="6240" SrcFileId="41" StartOffset="6178"/>
</LocList>
</BasicStmnt>
<CondStmnt CovItemId="S73" CovItemPrefix="dataModels.Account.java" Intrnl_Id="3322">
<Branch CovItemId="B29" CovItemPrefix="dataModels.Account.java" Implct="false" Intrnl_Id="3323">
<Cond/>
<LocList>
<Loc EndOffset="6308" SrcFileId="41" StartOffset="6295"/>
</LocList>
<StmntSeq Intrnl_Id="3324">
<LocList>
<Loc EndOffset="6308" SrcFileId="41" StartOffset="6295"/>
</LocList>
<BasicStmnt CovItemId="S74" CovItemPrefix="dataModels.Account.java" Intrnl_Id="3325">
<LocList>
<Loc EndOffset="6308" SrcFileId="41" StartOffset="6295"/>
</LocList>
</BasicStmnt>
</StmntSeq>
</Branch>
<Branch CovItemId="B30" CovItemPrefix="dataModels.Account.java" Implct="true" Intrnl_Id="3326">
<Cond/>
<LocList/>
<StmntSeq Intrnl_Id="3327">
<LocList/>
</StmntSeq>
</Branch>
<Keyword EndOffset="6248" SrcFileId="41" StartOffset="6246"/>
<LocList>
<Loc EndOffset="6308" SrcFileId="41" StartOffset="6246"/>
</LocList>
</CondStmnt>
<CondStmnt CovItemId="S75" CovItemPrefix="dataModels.Account.java" Intrnl_Id="3328">
<Branch CovItemId="B31" CovItemPrefix="dataModels.Account.java" Implct="false" Intrnl_Id="3329">
<Cond/>
<LocList>
<Loc EndOffset="6386" SrcFileId="41" StartOffset="6373"/>
</LocList>
<StmntSeq Intrnl_Id="3330">
<LocList>
<Loc EndOffset="6386" SrcFileId="41" StartOffset="6373"/>
</LocList>
<BasicStmnt CovItemId="S76" CovItemPrefix="dataModels.Account.java" Intrnl_Id="3331">
<LocList>
<Loc EndOffset="6386" SrcFileId="41" StartOffset="6373"/>
</LocList>
</BasicStmnt>
</StmntSeq>
</Branch>
<Branch CovItemId="B32" CovItemPrefix="dataModels.Account.java" Implct="true" Intrnl_Id="3332">
<Cond/>
<LocList/>
<StmntSeq Intrnl_Id="3333">
<LocList/>
</StmntSeq>
</Branch>
<Keyword EndOffset="6316" SrcFileId="41" StartOffset="6314"/>
<LocList>
<Loc EndOffset="6386" SrcFileId="41" StartOffset="6314"/>
</LocList>
</CondStmnt>
<BasicStmnt CovItemId="S77" CovItemPrefix="dataModels.Account.java" Intrnl_Id="3334">
<LocList>
<Loc EndOffset="6404" SrcFileId="41" StartOffset="6392"/>
</LocList>
</BasicStmnt>
</StmntSeq>
</HierarchyLvl>
<HierarchyLvl HierarchyLvlId="10200" HierarchyLvlTypeId="45" Intrnl_Id="3335" Name="isEqualString">
<Header>
<Loc EndOffset="6580" SrcFileId="41" StartOffset="6522"/>
</Header>
<LocList>
<Loc EndOffset="6717" SrcFileId="41" StartOffset="6522"/>
</LocList>
<StmntSeq Intrnl_Id="3336">
<LocList>
<Loc EndOffset="6695" SrcFileId="41" StartOffset="6588"/>
<Loc EndOffset="6713" SrcFileId="41" StartOffset="6701"/>
</LocList>
<CondStmnt CovItemId="S78" CovItemPrefix="dataModels.Account.java" Intrnl_Id="3337">
<Branch CovItemId="B33" CovItemPrefix="dataModels.Account.java" Implct="false" Intrnl_Id="3338">
<Cond/>
<LocList>
<Loc EndOffset="6642" SrcFileId="41" StartOffset="6629"/>
</LocList>
<StmntSeq Intrnl_Id="3339">
<LocList>
<Loc EndOffset="6642" SrcFileId="41" StartOffset="6629"/>
</LocList>
<BasicStmnt CovItemId="S79" CovItemPrefix="dataModels.Account.java" Intrnl_Id="3340">
<LocList>
<Loc EndOffset="6642" SrcFileId="41" StartOffset="6629"/>
</LocList>
</BasicStmnt>
</StmntSeq>
</Branch>
<Branch CovItemId="B34" CovItemPrefix="dataModels.Account.java" Implct="false" Intrnl_Id="3341">
<Cond>
<Loc EndOffset="6650" SrcFileId="41" StartOffset="6646"/>
</Cond>
<LocList>
<Loc EndOffset="6695" SrcFileId="41" StartOffset="6651"/>
</LocList>
<StmntSeq Intrnl_Id="3342">
<LocList>
<Loc EndOffset="6695" SrcFileId="41" StartOffset="6651"/>
</LocList>
<CondStmnt CovItemId="S80" CovItemPrefix="dataModels.Account.java" Intrnl_Id="3343">
<Branch CovItemId="B35" CovItemPrefix="dataModels.Account.java" Implct="false" Intrnl_Id="3344">
<Cond/>
<LocList>
<Loc EndOffset="6695" SrcFileId="41" StartOffset="6682"/>
</LocList>
<StmntSeq Intrnl_Id="3345">
<LocList>
<Loc EndOffset="6695" SrcFileId="41" StartOffset="6682"/>
</LocList>
<BasicStmnt CovItemId="S81" CovItemPrefix="dataModels.Account.java" Intrnl_Id="3346">
<LocList>
<Loc EndOffset="6695" SrcFileId="41" StartOffset="6682"/>
</LocList>
</BasicStmnt>
</StmntSeq>
</Branch>
<Branch CovItemId="B36" CovItemPrefix="dataModels.Account.java" Implct="true" Intrnl_Id="3347">
<Cond/>
<LocList/>
<StmntSeq Intrnl_Id="3348">
<LocList/>
</StmntSeq>
</Branch>
<Keyword EndOffset="6653" SrcFileId="41" StartOffset="6651"/>
<LocList>
<Loc EndOffset="6695" SrcFileId="41" StartOffset="6651"/>
</LocList>
</CondStmnt>
</StmntSeq>
</Branch>
<Keyword EndOffset="6590" SrcFileId="41" StartOffset="6588"/>
<LocList>
<Loc EndOffset="6695" SrcFileId="41" StartOffset="6588"/>
</LocList>
</CondStmnt>
<BasicStmnt CovItemId="S82" CovItemPrefix="dataModels.Account.java" Intrnl_Id="3349">
<LocList>
<Loc EndOffset="6713" SrcFileId="41" StartOffset="6701"/>
</LocList>
</BasicStmnt>
</StmntSeq>
</HierarchyLvl>
<HierarchyLvl HierarchyLvlId="10201" HierarchyLvlTypeId="45" Intrnl_Id="3350" Name="isEqualUsername">
<Header>
<Loc EndOffset="6897" SrcFileId="41" StartOffset="6837"/>
</Header>
<LocList>
<Loc EndOffset="7034" SrcFileId="41" StartOffset="6837"/>
</LocList>
<StmntSeq Intrnl_Id="3351">
<LocList>
<Loc EndOffset="7012" SrcFileId="41" StartOffset="6905"/>
<Loc EndOffset="7030" SrcFileId="41" StartOffset="7018"/>
</LocList>
<CondStmnt CovItemId="S83" CovItemPrefix="dataModels.Account.java" Intrnl_Id="3352">
<Branch CovItemId="B37" CovItemPrefix="dataModels.Account.java" Implct="false" Intrnl_Id="3353">
<Cond/>
<LocList>
<Loc EndOffset="6959" SrcFileId="41" StartOffset="6946"/>
</LocList>
<StmntSeq Intrnl_Id="3354">
<LocList>
<Loc EndOffset="6959" SrcFileId="41" StartOffset="6946"/>
</LocList>
<BasicStmnt CovItemId="S84" CovItemPrefix="dataModels.Account.java" Intrnl_Id="3355">
<LocList>
<Loc EndOffset="6959" SrcFileId="41" StartOffset="6946"/>
</LocList>
</BasicStmnt>
</StmntSeq>
</Branch>
<Branch CovItemId="B38" CovItemPrefix="dataModels.Account.java" Implct="false" Intrnl_Id="3356">
<Cond>
<Loc EndOffset="6967" SrcFileId="41" StartOffset="6963"/>
</Cond>
<LocList>
<Loc EndOffset="7012" SrcFileId="41" StartOffset="6968"/>
</LocList>
<StmntSeq Intrnl_Id="3357">
<LocList>
<Loc EndOffset="7012" SrcFileId="41" StartOffset="6968"/>
</LocList>
<CondStmnt CovItemId="S85" CovItemPrefix="dataModels.Account.java" Intrnl_Id="3358">
<Branch CovItemId="B39" CovItemPrefix="dataModels.Account.java" Implct="false" Intrnl_Id="3359">
<Cond/>
<LocList>
<Loc EndOffset="7012" SrcFileId="41" StartOffset="6999"/>
</LocList>
<StmntSeq Intrnl_Id="3360">
<LocList>
<Loc EndOffset="7012" SrcFileId="41" StartOffset="6999"/>
</LocList>
<BasicStmnt CovItemId="S86" CovItemPrefix="dataModels.Account.java" Intrnl_Id="3361">
<LocList>
<Loc EndOffset="7012" SrcFileId="41" StartOffset="6999"/>
</LocList>
</BasicStmnt>
</StmntSeq>
</Branch>
<Branch CovItemId="B40" CovItemPrefix="dataModels.Account.java" Implct="true" Intrnl_Id="3362">
<Cond/>
<LocList/>
<StmntSeq Intrnl_Id="3363">
<LocList/>
</StmntSeq>
</Branch>
<Keyword EndOffset="6970" SrcFileId="41" StartOffset="6968"/>
<LocList>
<Loc EndOffset="7012" SrcFileId="41" StartOffset="6968"/>
</LocList>
</CondStmnt>
</StmntSeq>
</Branch>
<Keyword EndOffset="6907" SrcFileId="41" StartOffset="6905"/>
<LocList>
<Loc EndOffset="7012" SrcFileId="41" StartOffset="6905"/>
</LocList>
</CondStmnt>
<BasicStmnt CovItemId="S87" CovItemPrefix="dataModels.Account.java" Intrnl_Id="3364">
<LocList>
<Loc EndOffset="7030" SrcFileId="41" StartOffset="7018"/>
</LocList>
</BasicStmnt>
</StmntSeq>
</HierarchyLvl>
</HierarchyLvl>
</HierarchyLvl>
</HierarchyLvl>
</MASTRoot>
</TestSessionContainer>
