<?xml version="1.0" encoding="UTF-8"?><TestSessionContainer xmlns="http://www.codecover.org/xml/testsession-container" Date="1365734429294" TestSessionContainerId="16ffe415-f175-4971-b46b-d6584a9d601c" version="1.0">
<SrcFileList>
<SrcFile Content="package util;&#13;&#10;&#13;&#10;import java.util.Enumeration;&#13;&#10;import java.util.Hashtable;&#13;&#10;&#13;&#10;import javax.servlet.ServletContext;&#13;&#10;&#13;&#10;/**&#13;&#10; * Provides access to a set of context parameters set within web.xml&#13;&#10; * &#13;&#10; * The object loads the context parameters based on the first ConfigHttpServlet&#13;&#10; * that is loaded.&#13;&#10; * &#13;&#10; * @author dddurand&#13;&#10; *&#13;&#10; */&#13;&#10;public class ServletConfiguration {&#13;&#10;&#13;&#10;&#9;/*&#13;&#10;&#9; * Parameter Names&#13;&#10;&#9; */&#13;&#10;&#9;private static final String PARAM_DATABASE_NAME = &quot;database&quot;;&#13;&#10;&#9;private static final String PARAM_DEBUG = &quot;debug&quot;;&#13;&#10;&#9;&#13;&#10;&#9;/*&#13;&#10;&#9; * Set Primitive Values&#13;&#10;&#9; */&#13;&#10;&#9;private static final String TRUE_VALUE = &quot;true&quot;;&#13;&#10;&#9;//private static final String FALSE_VALUE = &quot;false&quot;;&#13;&#10;&#9;&#13;&#10;&#9;/*&#13;&#10;&#9; * Location Specific Values&#13;&#10;&#9; */&#13;&#10;&#9;private static final String LOCATION_HOME = &quot;home&quot;;&#13;&#10;&#9;private static final String LOCATION_UNI = &quot;uni&quot;;&#13;&#10;&#9;&#13;&#10;&#9;/*&#13;&#10;&#9; * Static table that contains loaded context parameter values&#13;&#10;&#9; */&#13;&#10;&#9;private static Hashtable&lt;String, Object&gt; paramTable = null;&#13;&#10;&#9;&#13;&#10;&#9;&#13;&#10;&#9;/**&#13;&#10;&#9; * Attempts to load the context. If the context is already loaded,&#13;&#10;&#9; * it is simply ignored. Note: This method is not thread safe on purpose,&#13;&#10;&#9; * and is handled within loadContextParameters.&#13;&#10;&#9; */&#13;&#10;&#9;public static void loadContext(ServletContext context)&#13;&#10;&#9;{&#13;&#10;&#9;&#9;if(paramTable == null)&#13;&#10;&#9;&#9;{&#13;&#10;&#9;&#9;&#9;loadContextParameters(context);&#13;&#10;&#9;&#9;}&#13;&#10;&#9;}&#13;&#10;&#9;&#13;&#10;&#9;/**&#13;&#10;&#9; * A sync. method that loads the context parameters into the parameters table.&#13;&#10;&#9; * A check is done to ensure thread safeness.(Returns on case when table already completed).&#13;&#10;&#9; * &#13;&#10;&#9; * Loads all context parameters for the given context into the table.&#13;&#10;&#9; */&#13;&#10;&#9;private static synchronized void loadContextParameters(ServletContext context) {&#13;&#10;&#9;&#9;&#13;&#10;&#9;&#9;//We are rechecking this to ensure no threading issues. We do this to&#13;&#10;&#9;&#9;//make loadContext function much faster(not limited to single call) once the singleton has been loaded, while&#13;&#10;&#9;&#9;//ensuring that threading is not an issue.&#13;&#10;&#9;&#9;if(paramTable != null) return;&#13;&#10;&#9;&#9;paramTable = new Hashtable&lt;String, Object&gt;();&#13;&#10;&#9;&#9;&#13;&#10;&#9;&#9;&#13;&#10;&#9;&#9;Enumeration&lt;String&gt; paramNames = context.getInitParameterNames();&#13;&#10;&#9;&#9;&#13;&#10;&#9;&#9;while(paramNames.hasMoreElements())&#13;&#10;&#9;&#9;{&#13;&#10;&#9;&#9;&#9;String parameter = paramNames.nextElement();&#13;&#10;&#9;&#9;&#9;String value = context.getInitParameter(parameter);&#13;&#10;&#9;&#9;&#9;&#13;&#10;&#9;&#9;&#9;processParameter(parameter, value);&#13;&#10;&#13;&#10;&#9;&#9;}&#9;&#13;&#10;&#9;}&#13;&#10;&#9;&#13;&#10;&#9;/**&#13;&#10;&#9; * Processes each parameter based on its parameter name.&#13;&#10;&#9; * &#13;&#10;&#9; * @param param Parameter Name&#13;&#10;&#9; * @param value Parameter Value&#13;&#10;&#9; */&#13;&#10;&#9;private static void processParameter(String param, String value)&#13;&#10;&#9;{&#13;&#10;&#9;&#9;if(param.equals(PARAM_DATABASE_NAME))&#13;&#10;&#9;&#9;&#9;processDatabaseName(param, value);&#13;&#10;&#9;&#9;else if(param.equals(PARAM_DEBUG))&#13;&#10;&#9;&#9;&#9;processDebug(param, value);&#13;&#10;&#9;}&#13;&#10;&#9;&#13;&#10;&#9;/**&#13;&#10;&#9; * Processes a location parameter and loads the appropriate value into the&#13;&#10;&#9; * table, based on the string value provided.&#13;&#10;&#9; * &#13;&#10;&#9; * If no valid location is provided, a default of home is loaded.&#13;&#10;&#9; * @param param Parameter Name&#13;&#10;&#9; * @param value Parameter String Value&#13;&#10;&#9; */&#13;&#10;&#9;private static void processDatabaseName(String param, String value)&#13;&#10;&#9;{&#13;&#10;&#9;&#9;if(value.equals(LOCATION_UNI))&#13;&#10;&#9;&#9;&#9;paramTable.put(param, Database.UNIVERSITY);&#13;&#10;&#9;&#9;else if(value.equals(LOCATION_HOME))&#13;&#10;&#9;&#9;&#9;paramTable.put(param, Database.HOME);&#13;&#10;&#9;&#9;else//Redundant, but for readability&#13;&#10;&#9;&#9;&#9;paramTable.put(param, Database.HOME);&#13;&#10;&#9;}&#13;&#10;&#9;&#13;&#10;&#9;/**&#13;&#10;&#9; * Process debug parameter and loads its value into the table.&#13;&#10;&#9; * &#13;&#10;&#9; * Assumed false, if doesn't exactly match true value.&#13;&#10;&#9; * &#13;&#10;&#9; * @param param Parameter Name&#13;&#10;&#9; * @param value Parameter String Value&#13;&#10;&#9; */&#13;&#10;&#9;private static void processDebug(String param, String value)&#13;&#10;&#9;{&#13;&#10;&#9;&#9;if(value.equals(TRUE_VALUE))&#13;&#10;&#9;&#9;&#9;paramTable.put(param, new Boolean(true));&#13;&#10;&#9;&#9;else&#13;&#10;&#9;&#9;&#9;paramTable.put(param, new Boolean(false));&#13;&#10;&#9;}&#13;&#10;&#9;&#13;&#10;&#9;/**&#13;&#10;&#9; * Location Enum&#13;&#10;&#9; * @author dddurand&#13;&#10;&#9; *&#13;&#10;&#9; */&#13;&#10;&#9;public enum Database {&#13;&#10;&#9;&#9;HOME, UNIVERSITY&#13;&#10;&#9;}&#13;&#10;&#9;&#13;&#10;&#9;/*&#13;&#10;&#9; *  --------Parameter Getters-------------&#13;&#10;&#9; */&#13;&#10;&#9;&#13;&#10;&#9;/**&#13;&#10;&#9; * Retrieves the location parameter.&#13;&#10;&#9; * @return Location Value&#13;&#10;&#9; */&#13;&#10;&#9;public static Database getDatabase()&#13;&#10;&#9;{&#13;&#10;&#9;&#9;return (Database) paramTable.get(PARAM_DATABASE_NAME);&#13;&#10;&#9;}&#13;&#10;&#9;&#13;&#10;&#9;/**&#13;&#10;&#9; * Retrieves whether the servlet is set as debug.&#13;&#10;&#9; * @return Location Value&#13;&#10;&#9; */&#13;&#10;&#9;public static boolean isDebug()&#13;&#10;&#9;{&#13;&#10;&#9;&#9;return (Boolean) paramTable.get(PARAM_DEBUG);&#13;&#10;&#9;}&#13;&#10;&#9;&#13;&#10;&#9;/**&#13;&#10;&#9; * For Testing&#13;&#10;&#9; */&#13;&#10;&#9;public static synchronized void reset()&#13;&#10;&#9;{&#13;&#10;&#9;&#9;paramTable = null;&#13;&#10;&#9;}&#13;&#10;&#9;&#13;&#10;}&#13;&#10;" Filename="ServletConfiguration.java" Intrnl_Id="1"/>
<SrcFile Content="package util;&#13;&#10;&#13;&#10;import java.sql.SQLException;&#13;&#10;import java.util.ArrayList;&#13;&#10;import java.util.TimerTask;&#13;&#10;&#13;&#10;import javax.servlet.ServletContext;&#13;&#10;&#13;&#10;import dataModels.Account;&#13;&#10;import dataModels.Filter;&#13;&#10;import dataModels.PersonalStatistics;&#13;&#10;import database.DatabaseInterface.DatabaseInterfaceException;&#13;&#10;import database.DatabaseOverride;&#13;&#10;&#13;&#10;/**&#13;&#10; * The cron process that updates the ranking caches.&#13;&#10; * &#13;&#10; * @author dddurand&#13;&#10; *&#13;&#10; */&#13;&#10;public class RankCacheCron extends TimerTask {&#13;&#10;&#13;&#10;&#9;private ServletContext context;&#13;&#10;&#9;private boolean isTest;&#13;&#10;&#9;&#13;&#10;&#9;public RankCacheCron(ServletContext context, boolean isTest)&#13;&#10;&#9;{&#13;&#10;&#9;&#9;this.context = context;&#13;&#10;&#9;&#9;this.isTest = isTest;&#13;&#10;&#9;}&#13;&#10;&#9;&#13;&#10;&#9;/** &#13;&#10;&#9; * For each account with an expired cache, we update their rank cache.&#13;&#10;&#9; * &#13;&#10;&#9; */&#13;&#10;&#9;&#9;@Override&#13;&#10;&#9;&#9;public void run() {&#13;&#10;&#9;&#9;&#9;&#13;&#10;&#9;&#9;&#9;context.log(&quot;Ranking Cache Cron Started...&quot;);&#13;&#10;&#9;&#9;&#9;&#9;&#9;&#13;&#10;&#9;&#9;&#9;DatabaseOverride dbInterface;&#13;&#10;&#9;&#9;&#9;try {&#13;&#10;&#9;&#9;&#9;&#9;dbInterface = new DatabaseOverride(!isTest);&#13;&#10;&#9;&#9;&#9;&#9;ArrayList&lt;Account&gt; accounts = dbInterface.getAllAccounts();&#13;&#10;&#9;&#9;&#9;&#9;&#13;&#10;&#9;&#9;&#9;&#9;for(Account account : accounts)&#13;&#10;&#9;&#9;&#9;&#9;{&#13;&#10;&#9;&#9;&#9;&#9;&#9;if(!dbInterface.isRankCacheCurrent(account))&#13;&#10;&#9;&#9;&#9;&#9;&#9;{&#13;&#10;&#9;&#9;&#9;&#9;&#9;&#9;Filter filter = new Filter();&#13;&#10;&#9;&#9;&#9;&#9;&#9;&#9;PersonalStatistics stats = new PersonalStatistics(account, dbInterface, filter);&#13;&#10;&#9;&#9;&#9;&#9;&#9;&#9;stats.updateRankings();&#13;&#10;&#9;&#9;&#9;&#9;&#9;}&#13;&#10;&#9;&#9;&#9;&#9;}&#13;&#10;&#9;&#9;&#9;&#9;&#13;&#10;&#9;&#9;&#9;&#9;dbInterface.close();&#13;&#10;&#9;&#9;&#9;&#9;&#13;&#10;&#9;&#9;&#9;&#9;&#13;&#10;&#9;&#9;&#9;} catch (DatabaseInterfaceException e) {&#13;&#10;&#9;&#9;&#9;&#9;context.log(&quot;Cron Failed Due to Database Failure...&quot;);&#13;&#10;&#9;&#9;&#9;} catch (SQLException e) {&#13;&#10;&#9;&#9;&#9;&#9;context.log(&quot;Cron Failed Due to Database Failure...&quot;);&#13;&#10;&#9;&#9;&#9;} catch (ClassNotFoundException e) {&#13;&#10;&#9;&#9;&#9;&#9;context.log(&quot;Cron Failed Due to Database Failure...&quot;);&#13;&#10;&#9;&#9;&#9;}&#13;&#10;&#9;&#9;&#9;&#13;&#10;&#9;&#9;&#9;context.log(&quot;Ranking Cache Cron Complete...&quot;);&#13;&#10;&#9;&#9;&#9;&#13;&#10;&#9;&#9;}&#13;&#10;&#9;&#9;&#13;&#10;&#13;&#10;}&#13;&#10;" Filename="RankCacheCron.java" Intrnl_Id="2"/>
<SrcFile Content="package util;&#13;&#10;&#13;&#10;&#13;&#10;import java.io.File;&#13;&#10;import java.io.FileInputStream;&#13;&#10;import java.io.FileNotFoundException;&#13;&#10;import java.io.IOException;&#13;&#10;import java.io.InputStream;&#13;&#10;import java.util.ArrayList;&#13;&#10;import java.util.HashMap;&#13;&#10;&#13;&#10;import dataModels.Card;&#13;&#10;import dataModels.Card.Number;&#13;&#10;import dataModels.Card.Suit;&#13;&#10;&#13;&#10;/**&#13;&#10; * This class provides an efficient means to determine poker hands rankings,&#13;&#10; * and types.&#13;&#10; * &#13;&#10; * The class uses a lookup table derived from:&#13;&#10; * This code forms the basis of the &quot;Two Plus Two 7-Card Evaluator&quot; developed by the 2+2&#13;&#10;   crowd and packaged into reference form by Ray Wotton.&#13;&#10; *  &#13;&#10; * Adapted from:&#13;&#10; * http://www.codingthewheel.com/archives/poker-hand-evaluator-roundup/#2p2&#13;&#10; * http://pokerai.org/pf3/viewtopic.php?f=3&amp;t=4388&#13;&#10; * https://gist.github.com/eluctari/832122&#13;&#10; *   &#13;&#10; * @SRS 3.2.2.8&#13;&#10; * @author dddurand&#13;&#10; *&#13;&#10; */&#13;&#10;public class PokerHandRanker {&#13;&#10;&#9;&#13;&#10;&#9;//private static final String[] HANDRANKS = {&quot;BAD!!&quot;,&quot;High Card&quot;,&quot;Pair&quot;,&quot;Two Pair&quot;,&quot;Three of a Kind&quot;,&quot;Straight&quot;,&quot;Flush&quot;,&quot;Full House&quot;,&quot;Four of a Kind&quot;,&quot;Straight Flush&quot;};&#13;&#10;&#9;private static final int TABLE_SIZE = 32487834;&#13;&#10;&#9;private static final int INT_SIZE = 4;&#13;&#10;&#9;private static final int[] HR = new int[TABLE_SIZE];&#13;&#10;&#9;&#13;&#10;&#9;private static final HashMap&lt;Suit, Integer&gt; suits = new HashMap&lt;Suit, Integer&gt;();&#13;&#10;&#9;private static final HashMap&lt;Number, Integer&gt; numbers = new HashMap&lt;Number, Integer&gt;();&#13;&#10;&#9;&#13;&#10;&#9;/**&#13;&#10;&#9; * Load table into memory when class is initially created&#13;&#10;&#9; * Everything is read only, so we don't worry about sync. issues.&#13;&#10;&#9; * &#13;&#10;&#9; * Adapted from:&#13;&#10;&#9; * https://gist.github.com/eluctari/832122&#13;&#10;&#9; * &#13;&#10;&#9; */&#13;&#10;&#9;static {&#13;&#10;        int tableSize = TABLE_SIZE * INT_SIZE;&#13;&#10;        byte[] b = new byte[tableSize];&#13;&#10;        InputStream input = null;&#13;&#10;        try {&#13;&#10;        &#9;ClassLoader classLoader = Thread.currentThread().getContextClassLoader();&#13;&#10;        &#9;input = classLoader.getResourceAsStream(&quot;../tables/HandRanks.dat&quot;);&#13;&#10;        &#9;&#13;&#10;        &#9;//For testing&#13;&#10;        &#9;if(input == null)&#13;&#10;        &#9;{&#9;&#13;&#10;        &#9;&#9;input = new FileInputStream(new File(&quot;./tables/HandRanks.dat&quot;));&#13;&#10;        &#9;}&#13;&#10;        &#9;&#13;&#10;        &#9;input.read(b, 0, tableSize);&#13;&#10;        } catch (FileNotFoundException e) {&#13;&#10;           e.printStackTrace();&#13;&#10;        } catch (IOException e) {&#13;&#10;        &#9;e.printStackTrace();&#13;&#10;        } finally {&#13;&#10;            try {&#13;&#10;            &#9;input.close();&#13;&#10;            } catch (IOException e) {&#13;&#10;            &#9;e.printStackTrace();&#13;&#10;            }&#13;&#10;            &#13;&#10;            for (int i = 0; i &lt; TABLE_SIZE; i++) {&#13;&#10;                HR[i] = littleEndianByteArrayToInt(b, i * 4);&#13;&#10;            }&#13;&#10;            &#13;&#10;            initCardConversion();&#13;&#10;        }&#13;&#10;    }&#13;&#10;&#9;&#13;&#10;&#9;private static void initCardConversion()&#13;&#10;&#9;{&#13;&#10;&#9;&#9;suits.put(Suit.CLUBS,new Integer(0));&#13;&#10;&#9;&#9;suits.put(Suit.DIAMONDS,new Integer(1));&#13;&#10;&#9;&#9;suits.put(Suit.HEARTS,new Integer(2));&#13;&#10;&#9;&#9;suits.put(Suit.SPADES,new Integer(3));&#13;&#10;&#9;&#9;&#13;&#10;&#9;&#9;numbers.put(Number.TWO,new Integer(0));&#13;&#10;&#9;&#9;numbers.put(Number.THREE,new Integer(1));&#13;&#10;&#9;&#9;numbers.put(Number.FOUR,new Integer(2));&#13;&#10;&#9;&#9;numbers.put(Number.FIVE,new Integer(3));&#13;&#10;&#9;&#9;numbers.put(Number.SIX,new Integer(4));&#13;&#10;&#9;&#9;numbers.put(Number.SEVEN,new Integer(5));&#13;&#10;&#9;&#9;numbers.put(Number.EIGHT,new Integer(6));&#13;&#10;&#9;&#9;numbers.put(Number.NINE,new Integer(7));&#13;&#10;&#9;&#9;numbers.put(Number.TEN,new Integer(8));&#13;&#10;&#9;&#9;numbers.put(Number.JACK,new Integer(9));&#13;&#10;&#9;&#9;numbers.put(Number.QUEEN,new Integer(10));&#13;&#10;&#9;&#9;numbers.put(Number.KING,new Integer(11));&#13;&#10;&#9;&#9;numbers.put(Number.ACE,new Integer(12));&#13;&#10;&#9;&#9;&#13;&#10;&#9;}&#13;&#10;&#9;&#13;&#10;&#9;/**&#13;&#10;     * Converts a little-endian byte array to a Java (big-endian) integer.&#13;&#10;     * We need this because the HandRanks.dat file was generated using&#13;&#10;     * a little-endian C program and we want to maintain compatibility.&#13;&#10;     * &#13;&#10;     * Cited:&#13;&#10;     * https://gist.github.com/eluctari/832122&#13;&#10;     * &#13;&#10;     * @param b&#13;&#10;     * @param offset&#13;&#10;     * @return&#13;&#10;     */&#13;&#10;    private static final int littleEndianByteArrayToInt(byte[] b, int offset) {&#13;&#10;        return (b[offset + 3] &lt;&lt; 24) + ((b[offset + 2] &amp; 0xFF) &lt;&lt; 16)&#13;&#10;                + ((b[offset + 1] &amp; 0xFF) &lt;&lt; 8) + (b[offset] &amp; 0xFF);&#13;&#10;    }&#13;&#10;&#9;&#13;&#10;    /**&#13;&#10;     * An adapted algorithm for determining a cards ranking &amp; type.&#13;&#10;     * &#13;&#10;     * Adapted from:&#13;&#10;     * http://pokerai.org/pf3/viewtopic.php?f=3&amp;t=4388&#13;&#10;     * &#13;&#10;     * @param pCards&#13;&#10;     * @return&#13;&#10;     */&#13;&#10;&#9;public static int lookupHand(int[] pCards)&#13;&#10;&#9;{&#13;&#10;&#9;   int numCards = pCards.length;&#13;&#10;&#9;   int position = 0;&#13;&#10;&#9;   int initialOffset = 53;&#13;&#10;&#9;   &#13;&#10;&#9;   for(int i = 0; i &lt; numCards; ++i)&#13;&#10;&#9;      {&#13;&#10;&#9;&#9;   initialOffset = HR[initialOffset + pCards[position++]];&#13;&#10;&#9;      }&#13;&#10;&#9;   &#13;&#10;&#9;   // Extra lookup pre-river&#13;&#10;&#9;   if(numCards &lt; 7)&#13;&#10;&#9;   {&#13;&#10;&#9;&#9;   initialOffset= HR[initialOffset];&#13;&#10;&#9;   }&#13;&#10;&#9;      &#13;&#10;&#9;   return initialOffset;&#13;&#10;&#9;}&#13;&#10;&#9;&#13;&#10;&#9;/**&#13;&#10;&#9; * Converts a given card into its int equivilent in the lookup table&#13;&#10;&#9; * &#13;&#10;&#9; * @param card Card to be converted&#13;&#10;&#9; * @return Card's int representation&#13;&#10;&#9; */&#13;&#10;&#9;public static int convertCard(Card card)&#13;&#10;&#9;{&#13;&#10;&#9;&#9;return numbers.get(card.getNumber()) * 4 + suits.get(card.getSuit()) + 1;&#13;&#10;&#9;}&#13;&#10;&#9;&#13;&#10;&#9;/**&#13;&#10;&#9; * Converts a given list of cards into and int array of equivilent cards in the lookup table&#13;&#10;&#9; * &#13;&#10;&#9; * @param card Card to be converted&#13;&#10;&#9; * @return Card's int representation&#13;&#10;&#9; */&#13;&#10;&#9;public static int[] convertHand(ArrayList&lt;Card&gt; cards)&#13;&#10;&#9;{&#13;&#10;&#9;&#9;int cardSize = cards.size();&#13;&#10;&#9;&#9;int cardsArray[] = new int[cardSize];&#13;&#10;&#9;&#9;&#13;&#10;&#9;&#9;for(int i = 0; i &lt; cardSize; i++)&#13;&#10;&#9;&#9;{&#13;&#10;&#9;&#9;&#9;cardsArray[i] = convertCard(cards.get(i));&#13;&#10;&#9;&#9;}&#13;&#10;&#9;&#9;&#13;&#10;&#9;&#9;return cardsArray;&#13;&#10;&#9;}&#13;&#10;&#13;&#10;}&#13;&#10;" Filename="PokerHandRanker.java" Intrnl_Id="3"/>
<SrcFile Content="package util;&#13;&#10;&#13;&#10;import java.io.UnsupportedEncodingException;&#13;&#10;import java.security.MessageDigest;&#13;&#10;import java.security.NoSuchAlgorithmException;&#13;&#10;&#13;&#10;/**&#13;&#10; * Util class for dealing with the encryption, and comparision of encrypted passwords,&#13;&#10; * and plaintext passwords. It also contains functions for converting strings to and from byte arrays.&#13;&#10; * &#13;&#10; * @author dddurand&#13;&#10; *&#13;&#10; */&#13;&#10;public class PasswordUtil {&#13;&#10;&#13;&#10;&#9;private static final String ENCODING = &quot;UTF-8&quot;;&#13;&#10;&#9;private static final String ALGORITHM = &quot;SHA-512&quot;;&#13;&#10;&#9;private static final String SIMPLE_SALT = &quot;O1E jtl|a0%0|+#$cT}?H+-nS2zxy;2+an/Z`s|nCS-*-f_`U/V}Xo+OB``p$i+_&quot;;&#13;&#10;&#9;&#13;&#10;&#9;public PasswordUtil() { }&#13;&#10;&#9;&#13;&#10;&#9;/**&#13;&#10;&#9; * One way encrypts a plaintext password.&#13;&#10;&#9; * The result is returned as a string.&#13;&#10;&#9; * &#13;&#10;&#9; * @param password Plaintext password.&#13;&#10;&#9; * @return Encrypted password as a string.&#13;&#10;&#9; */&#13;&#10;&#9;public String encrypt(String password) {&#13;&#10;&#9;&#9;String encryptedPassword = null;&#13;&#10;&#9;&#9;byte[] saltedPasswordBytes;&#13;&#10;&#9;&#9;MessageDigest digest;&#13;&#10;&#13;&#10;&#9;&#9;try{&#13;&#10;&#9;&#9;&#9;String saltedPassword = SIMPLE_SALT + password;&#13;&#10;&#9;&#9;&#9;saltedPasswordBytes = getBytesFromString(saltedPassword);&#13;&#10;&#9;&#9;&#9;digest = MessageDigest.getInstance(ALGORITHM);&#13;&#10;&#9;&#9;&#9;digest.reset();&#13;&#10;&#9;&#9;&#9;digest.update(saltedPasswordBytes);&#13;&#10;&#13;&#10;&#9;&#9;&#9;byte[] message = digest.digest();&#13;&#10;&#13;&#10;&#9;&#9;&#9;encryptedPassword = getStringFromBytes(message);&#13;&#10;&#9;&#9;} catch (NoSuchAlgorithmException e) {} &#13;&#10;&#13;&#10;&#9;&#9;return encryptedPassword; &#13;&#10;&#9;}&#13;&#10;&#9;&#13;&#10;&#9;/**&#13;&#10;&#9; * Compares a plaintext password, and an encrypted password.&#13;&#10;&#9; * &#13;&#10;&#9; * @param plainPassword Plain text password&#13;&#10;&#9; * @param encryptedPassword encrypted passwrd&#13;&#10;&#9; * @return true on match, false otherwise&#13;&#10;&#9; */&#13;&#10;&#9;public boolean compare(String plainPassword, String encryptedPassword)&#13;&#10;&#9;{&#13;&#10;&#9;&#9;&#13;&#10;&#9;&#9;String newEncryptedPassword = this.encrypt(plainPassword);&#13;&#10;&#9;&#9;&#13;&#10;&#9;&#9;if(encryptedPassword.equals(newEncryptedPassword))&#13;&#10;&#9;&#9;&#9;return true;&#13;&#10;&#9;&#9;else&#13;&#10;&#9;&#9;&#9;return false;&#13;&#10;&#9;}&#13;&#10;&#9;&#13;&#10;&#9;/**&#13;&#10;&#9; * Converts a set of bytes into a string representation of the password.&#13;&#10;&#9; * &#13;&#10;&#9; * @param passwordBytes Array of bytes presenting the password.&#13;&#10;&#9; * @return The string equivalent password.&#13;&#10;&#9; */&#13;&#10;&#9;public String getStringFromBytes(byte[] passwordBytes)&#13;&#10;&#9;{&#13;&#10;&#9;&#9;try {&#13;&#10;&#9;&#9;&#9;return new String(passwordBytes, ENCODING);&#13;&#10;&#9;&#9;} catch (UnsupportedEncodingException e) {}&#13;&#10;&#9;&#9;&#13;&#10;&#9;&#9;return new String(passwordBytes);&#13;&#10;&#9;}&#13;&#10;&#9;&#13;&#10;&#9;/**&#13;&#10;&#9; * Converts a provided string password, and returns the equivalent byte array.&#13;&#10;&#9; * &#13;&#10;&#9; * @param password Password as a string.&#13;&#10;&#9; * @return Byte array equivalent of the provided string.&#13;&#10;&#9; */&#13;&#10;&#9;public byte[] getBytesFromString(String password)&#13;&#10;&#9;{&#13;&#10;&#9;&#9;try {&#13;&#10;&#9;&#9;&#9;return password.getBytes(ENCODING);&#13;&#10;&#9;&#9;} catch (UnsupportedEncodingException e) {}&#13;&#10;&#9;&#9;&#13;&#10;&#9;&#9;return password.getBytes();&#13;&#10;&#9;}&#13;&#10;&#9;&#13;&#10;}&#13;&#10;" Filename="PasswordUtil.java" Intrnl_Id="4"/>
<SrcFile Content="package util;&#13;&#10;&#13;&#10;public class Codes {&#13;&#10;&#13;&#10;&#9;public static final int SUCCESS = 200;&#13;&#10;&#13;&#10;&#9;public static final int INVALID_LOGIN = 300;&#13;&#10;&#9;public static final int DUPLICATE_USERNAME = 301;&#13;&#10;&#9;public static final int INVALID_USERNAME = 302;&#13;&#10;&#9;public static final int INVALID_PASSWORD = 303;&#13;&#10;&#9;public static final int NO_ACCOUNT = 304;&#13;&#10;&#9;&#13;&#10;&#9;public static final int INVALID_AUTH = 305;&#13;&#10;&#9;public static final int NOT_AUTHED = 306;&#13;&#10;&#9;&#13;&#10;&#9;public static final int INVALID_DATA = 400;&#13;&#10;&#9;&#13;&#10;&#9;public static final int UNKNOWN = 500;&#13;&#10;&#9;public static final int DATABASE = 501;&#13;&#10;&#9;&#13;&#10;}&#13;&#10;" Filename="Codes.java" Intrnl_Id="5"/>
<SrcFile Content="package servlets;&#13;&#10;&#13;&#10;import java.io.IOException;&#13;&#10;import javax.servlet.ServletException;&#13;&#10;import javax.servlet.annotation.WebServlet;&#13;&#10;import javax.servlet.http.HttpServlet;&#13;&#10;import javax.servlet.http.HttpServletRequest;&#13;&#10;import javax.servlet.http.HttpServletResponse;&#13;&#10;&#13;&#10;import services.SecureService;&#13;&#10;import services.ServiceFactory;&#13;&#10;&#13;&#10;import com.google.gson.Gson;&#13;&#10;&#13;&#10;import database.DatabaseInterface;&#13;&#10;import database.ResponseObject;&#13;&#10;import database.DatabaseInterface.DatabaseInterfaceException;&#13;&#10;&#13;&#10;/**&#13;&#10; * Servlet implementation class UploadServlet&#13;&#10; * &#13;&#10; * @SRS 3.2.2.3 -&gt; 3.2.2.6&#13;&#10; * &#13;&#10; */&#13;&#10;@WebServlet(&quot;/UploadServlet&quot;)&#13;&#10;public class UploadServlet extends ConfigHttpServlet {&#13;&#10;&#9;private static final long serialVersionUID = 1L;&#13;&#10;       &#13;&#10;    /**&#13;&#10;     * @see HttpServlet#HttpServlet()&#13;&#10;     */&#13;&#10;    public UploadServlet() {&#13;&#10;        super();&#13;&#10;        // TODO Auto-generated constructor stub&#13;&#10;    }&#13;&#10;&#13;&#10;&#9;/**&#13;&#10;&#9; * @see HttpServlet#doPost(HttpServletRequest request, HttpServletResponse response)&#13;&#10;&#9; */&#13;&#10;&#9;protected void doPost(HttpServletRequest request, HttpServletResponse response) throws ServletException, IOException {&#13;&#10;&#9;&#9;&#13;&#10;&#9;&#9;String message;&#13;&#10;&#9;&#9;ServiceFactory factory = new ServiceFactory();&#13;&#10;&#9;&#9;&#13;&#10;&#9;&#9;try {&#13;&#10;&#9;&#9;&#9;DatabaseInterface dbInterface = new DatabaseInterface();&#13;&#10;&#9;&#9;&#9;String data = this.getPostData(request);&#13;&#10;&#9;&#9;&#9;SecureService service = factory.getService(this, dbInterface);&#13;&#10;&#9;&#9;&#9;message = service.authSecuredProcess(data);&#13;&#10;&#9;&#9;&#9;service.close();&#13;&#10;&#9;&#9;} catch (DatabaseInterfaceException e) {&#13;&#10;&#9;&#9;&#9;Gson gson = new Gson();&#13;&#10;&#9;&#9;&#9;ResponseObject responseMsg = new ResponseObject(false, e.getMessage(), e.getCode());&#13;&#10;&#9;&#9;&#9;message = gson.toJson(responseMsg, ResponseObject.class);&#13;&#10;&#9;&#9;}&#13;&#10;&#9;&#9;&#13;&#10;&#9;&#9;this.outputMessage(response, message);&#9;&#13;&#10;&#9;&#9;&#13;&#10;&#9;}&#13;&#10;&#13;&#10;}&#13;&#10;" Filename="UploadServlet.java" Intrnl_Id="6"/>
<SrcFile Content="package servlets;&#13;&#10;&#13;&#10;import java.io.IOException;&#13;&#10;import javax.servlet.ServletException;&#13;&#10;import javax.servlet.annotation.WebServlet;&#13;&#10;import javax.servlet.http.HttpServlet;&#13;&#10;import javax.servlet.http.HttpServletRequest;&#13;&#10;import javax.servlet.http.HttpServletResponse;&#13;&#10;&#13;&#10;import services.SecureService;&#13;&#10;import services.ServiceFactory;&#13;&#10;&#13;&#10;import com.google.gson.Gson;&#13;&#10;&#13;&#10;import database.DatabaseInterface;&#13;&#10;import database.ResponseObject;&#13;&#10;import database.DatabaseInterface.DatabaseInterfaceException;&#13;&#10;&#13;&#10;/**&#13;&#10; * Servlet implementation class TestServlet&#13;&#10; */&#13;&#10;@WebServlet(&quot;/TestServlet&quot;)&#13;&#10;public class TestServlet extends ConfigHttpServlet {&#13;&#10;&#9;private static final long serialVersionUID = 1L;&#13;&#10;       &#13;&#10;    /**&#13;&#10;     * @see HttpServlet#HttpServlet()&#13;&#10;     */&#13;&#10;    public TestServlet() {&#13;&#10;        super();&#13;&#10;        // TODO Auto-generated constructor stub&#13;&#10;    }&#13;&#10;&#13;&#10;&#9;/**&#13;&#10;&#9; * @see HttpServlet#doGet(HttpServletRequest request, HttpServletResponse response)&#13;&#10;&#9; */&#13;&#10;&#9;protected void doGet(HttpServletRequest request, HttpServletResponse response) throws ServletException, IOException {&#13;&#10;&#9;&#9;// TODO Auto-generated method stub&#13;&#10;&#9;}&#13;&#10;&#13;&#10;&#9;/**&#13;&#10;&#9; * @see HttpServlet#doPost(HttpServletRequest request, HttpServletResponse response)&#13;&#10;&#9; */&#13;&#10;&#9;protected void doPost(HttpServletRequest request, HttpServletResponse response) throws ServletException, IOException {&#13;&#10;&#9;&#9;String message;&#13;&#10;&#9;&#9;ServiceFactory factory = new ServiceFactory();&#13;&#10;&#9;&#9;&#13;&#10;&#9;&#9;try {&#13;&#10;&#9;&#9;&#9;DatabaseInterface dbInterface = new DatabaseInterface();&#13;&#10;&#9;&#9;&#9;String data = this.getPostData(request);&#13;&#10;&#9;&#9;&#9;SecureService service = factory.getService(this, dbInterface);&#13;&#10;&#9;&#9;&#9;message = service.authSecuredProcess(data);&#13;&#10;&#9;&#9;&#9;service.close();&#13;&#10;&#9;&#9;} catch (DatabaseInterfaceException e) {&#13;&#10;&#9;&#9;&#9;Gson gson = new Gson();&#13;&#10;&#9;&#9;&#9;ResponseObject responseMsg = new ResponseObject(false, e.getMessage(), e.getCode());&#13;&#10;&#9;&#9;&#9;message = gson.toJson(responseMsg, ResponseObject.class);&#13;&#10;&#9;&#9;}&#13;&#10;&#9;&#9;&#13;&#10;&#9;&#9;this.outputMessage(response, message);&#9;&#13;&#10;&#9;}&#13;&#10;&#13;&#10;}&#13;&#10;" Filename="TestServlet.java" Intrnl_Id="7"/>
<SrcFile Content="package servlets;&#13;&#10;&#13;&#10;import java.io.IOException;&#13;&#10;&#13;&#10;import javax.servlet.ServletException;&#13;&#10;import javax.servlet.annotation.WebServlet;&#13;&#10;import javax.servlet.http.HttpServlet;&#13;&#10;import javax.servlet.http.HttpServletRequest;&#13;&#10;import javax.servlet.http.HttpServletResponse;&#13;&#10;&#13;&#10;import services.SecureService;&#13;&#10;import services.ServiceFactory;&#13;&#10;&#13;&#10;import com.google.gson.Gson;&#13;&#10;&#13;&#10;import database.DatabaseInterface.DatabaseInterfaceException;&#13;&#10;import database.DatabaseInterface;&#13;&#10;import database.ResponseObject;&#13;&#10;&#13;&#10;/**&#13;&#10; * Servlet implementation class RegisterServlet&#13;&#10; * &#13;&#10; * This Servlet takes in a username and password, and generates&#13;&#10; * a new account. If the username already exists, or cannot be created&#13;&#10; * an error is returned.&#13;&#10; * &#13;&#10; * Input: {&quot;username&quot;:&quot;asdf&quot;,&quot;password&quot;:&quot;asdf&quot;}&#13;&#10; * Output: {&quot;Success&quot;:&quot;TRUE&quot;,&quot;Message&quot;:&quot;TRUE&quot;,&quot;AuthenticationToken&quot;:&quot;019f27e2-61b5-4046-a9c7-ecbb3c10295f&quot;}&#13;&#10; * &#13;&#10; * @SRS 3.2.2.2&#13;&#10; * &#13;&#10; */&#13;&#10;@WebServlet(&quot;/RegisterServlet&quot;)&#13;&#10;public class RegisterServlet extends ConfigHttpServlet {&#13;&#10;&#9;private static final long serialVersionUID = 1L;&#13;&#10;       &#13;&#10;    /**&#13;&#10;     * @see HttpServlet#HttpServlet()&#13;&#10;     */&#13;&#10;    public RegisterServlet() {&#13;&#10;        super();&#13;&#10;        // TODO Auto-generated constructor stub&#13;&#10;    }&#13;&#10;&#13;&#10;&#9;/**&#13;&#10;&#9; * @see HttpServlet#doPost(HttpServletRequest request, HttpServletResponse response)&#13;&#10;&#9; */&#13;&#10;&#9;protected void doPost(HttpServletRequest request, HttpServletResponse response) throws ServletException, IOException {&#13;&#10;&#9;&#9;String message;&#13;&#10;&#9;&#9;ServiceFactory factory = new ServiceFactory();&#13;&#10;&#9;&#9;&#13;&#10;&#9;&#9;try {&#13;&#10;&#9;&#9;&#9;DatabaseInterface dbInterface = new DatabaseInterface();&#13;&#10;&#9;&#9;&#9;String data = this.getPostData(request);&#13;&#10;&#9;&#9;&#9;SecureService service = factory.getService(this, dbInterface);&#13;&#10;&#9;&#9;&#9;message = service.unsecuredProcess(data);&#13;&#10;&#9;&#9;&#9;service.close();&#13;&#10;&#9;&#9;} catch (DatabaseInterfaceException e) {&#13;&#10;&#9;&#9;&#9;Gson gson = new Gson();&#13;&#10;&#9;&#9;&#9;ResponseObject responseMsg = new ResponseObject(false, e.getMessage(), e.getCode());&#13;&#10;&#9;&#9;&#9;message = gson.toJson(responseMsg, ResponseObject.class);&#13;&#10;&#9;&#9;}&#13;&#10;&#9;&#9;&#13;&#10;&#9;&#9;this.outputMessage(response, message);&#13;&#10;&#9;}&#13;&#10;&#13;&#10;}&#13;&#10;" Filename="RegisterServlet.java" Intrnl_Id="8"/>
<SrcFile Content="package servlets;&#13;&#10;&#13;&#10;import java.io.IOException;&#13;&#10;import javax.servlet.ServletException;&#13;&#10;import javax.servlet.annotation.WebServlet;&#13;&#10;import javax.servlet.http.HttpServlet;&#13;&#10;import javax.servlet.http.HttpServletRequest;&#13;&#10;import javax.servlet.http.HttpServletResponse;&#13;&#10;&#13;&#10;import services.SecureService;&#13;&#10;import services.ServiceFactory;&#13;&#10;&#13;&#10;import com.google.gson.Gson;&#13;&#10;&#13;&#10;import database.DatabaseInterface;&#13;&#10;import database.ResponseObject;&#13;&#10;import database.DatabaseInterface.DatabaseInterfaceException;&#13;&#10;&#13;&#10;/**&#13;&#10; * This servlet returns a ranked list of users based on a provided ranking type, skip, max, and timeframe.&#13;&#10; * &#13;&#10; * @SRS 3.2.2.4&#13;&#10; * &#13;&#10; */&#13;&#10;@WebServlet(&quot;/RankingStatisticsServlet&quot;)&#13;&#10;public class RankingStatisticsServlet extends ConfigHttpServlet {&#13;&#10;&#9;private static final long serialVersionUID = 1L;&#13;&#10;       &#13;&#10;    /**&#13;&#10;     * @see HttpServlet#HttpServlet()&#13;&#10;     */&#13;&#10;    public RankingStatisticsServlet() {&#13;&#10;        super();&#13;&#10;        // TODO Auto-generated constructor stub&#13;&#10;    }&#13;&#10;&#13;&#10;&#9;/**&#13;&#10;&#9; * @see HttpServlet#doPost(HttpServletRequest request, HttpServletResponse response)&#13;&#10;&#9; */&#13;&#10;&#9;protected void doPost(HttpServletRequest request, HttpServletResponse response) throws ServletException, IOException {&#13;&#10;&#9;&#9;String message;&#13;&#10;&#9;&#9;ServiceFactory factory = new ServiceFactory();&#13;&#10;&#9;&#9;&#13;&#10;&#9;&#9;try {&#13;&#10;&#9;&#9;&#9;DatabaseInterface dbInterface = new DatabaseInterface();&#13;&#10;&#9;&#9;&#9;String data = this.getPostData(request);&#13;&#10;&#9;&#9;&#9;SecureService service = factory.getService(this, dbInterface);&#13;&#10;&#9;&#9;&#9;message = service.authSecuredProcess(data);&#13;&#10;&#9;&#9;&#9;service.close();&#13;&#10;&#9;&#9;} catch (DatabaseInterfaceException e) {&#13;&#10;&#9;&#9;&#9;Gson gson = new Gson();&#13;&#10;&#9;&#9;&#9;ResponseObject responseMsg = new ResponseObject(false, e.getMessage(), e.getCode());&#13;&#10;&#9;&#9;&#9;message = gson.toJson(responseMsg, ResponseObject.class);&#13;&#10;&#9;&#9;}&#13;&#10;&#9;&#9;&#13;&#10;&#9;&#9;this.outputMessage(response, message);&#9;&#13;&#10;&#9;}&#13;&#10;&#13;&#10;}&#13;&#10;" Filename="RankingStatisticsServlet.java" Intrnl_Id="9"/>
<SrcFile Content="package servlets;&#13;&#10;&#13;&#10;import java.io.IOException;&#13;&#10;import javax.servlet.ServletException;&#13;&#10;import javax.servlet.annotation.WebServlet;&#13;&#10;import javax.servlet.http.HttpServlet;&#13;&#10;import javax.servlet.http.HttpServletRequest;&#13;&#10;import javax.servlet.http.HttpServletResponse;&#13;&#10;&#13;&#10;import services.SecureService;&#13;&#10;import services.ServiceFactory;&#13;&#10;&#13;&#10;import com.google.gson.Gson;&#13;&#10;&#13;&#10;import database.DatabaseInterface;&#13;&#10;import database.ResponseObject;&#13;&#10;import database.DatabaseInterface.DatabaseInterfaceException;&#13;&#10;&#13;&#10;/**&#13;&#10; * This servlet provided an auth'd user with a set of personal statistics based&#13;&#10; * on the game data they have uplaoded.&#13;&#10; * &#13;&#10; * @SRS 3.2.2.6&#13;&#10; * &#13;&#10; */&#13;&#10;@WebServlet(&quot;/PersonalStatisticsServlet&quot;)&#13;&#10;public class PersonalStatisticsServlet extends ConfigHttpServlet {&#13;&#10;&#9;private static final long serialVersionUID = 1L;&#13;&#10;       &#13;&#10;    /**&#13;&#10;     * @see HttpServlet#HttpServlet()&#13;&#10;     */&#13;&#10;    public PersonalStatisticsServlet() {&#13;&#10;        super();&#13;&#10;        // TODO Auto-generated constructor stub&#13;&#10;    }&#13;&#10;&#13;&#10;&#9;/**&#13;&#10;&#9; * @see HttpServlet#doPost(HttpServletRequest request, HttpServletResponse response)&#13;&#10;&#9; */&#13;&#10;&#9;protected void doPost(HttpServletRequest request, HttpServletResponse response) throws ServletException, IOException {&#13;&#10;&#9;&#9;String message;&#13;&#10;&#9;&#9;ServiceFactory factory = new ServiceFactory();&#13;&#10;&#9;&#9;&#13;&#10;&#9;&#9;try {&#13;&#10;&#9;&#9;&#9;DatabaseInterface dbInterface = new DatabaseInterface();&#13;&#10;&#9;&#9;&#9;String data = this.getPostData(request);&#13;&#10;&#9;&#9;&#9;SecureService service = factory.getService(this, dbInterface);&#13;&#10;&#9;&#9;&#9;message = service.authSecuredProcess(data);&#13;&#10;&#9;&#9;&#9;service.close();&#13;&#10;&#9;&#9;} catch (DatabaseInterfaceException e) {&#13;&#10;&#9;&#9;&#9;Gson gson = new Gson();&#13;&#10;&#9;&#9;&#9;ResponseObject responseMsg = new ResponseObject(false, e.getMessage(), e.getCode());&#13;&#10;&#9;&#9;&#9;message = gson.toJson(responseMsg, ResponseObject.class);&#13;&#10;&#9;&#9;}&#13;&#10;&#9;&#9;&#13;&#10;&#9;&#9;this.outputMessage(response, message);&#9;&#13;&#10;&#9;}&#13;&#10;&#13;&#10;}&#13;&#10;" Filename="PersonalStatisticsServlet.java" Intrnl_Id="10"/>
<SrcFile Content="package servlets;&#13;&#10;&#13;&#10;import java.io.IOException;&#13;&#10;&#13;&#10;import javax.servlet.ServletException;&#13;&#10;import javax.servlet.annotation.WebServlet;&#13;&#10;import javax.servlet.http.HttpServlet;&#13;&#10;import javax.servlet.http.HttpServletRequest;&#13;&#10;import javax.servlet.http.HttpServletResponse;&#13;&#10;&#13;&#10;import services.SecureService;&#13;&#10;import services.ServiceFactory;&#13;&#10;&#13;&#10;import com.google.gson.Gson;&#13;&#10;&#13;&#10;import database.DatabaseInterface.DatabaseInterfaceException;&#13;&#10;import database.DatabaseInterface;&#13;&#10;import database.ResponseObject;&#13;&#10;&#13;&#10;/**&#13;&#10; * Servlet implementation class LogoutServlet&#13;&#10; * &#13;&#10; * The Servlet takes in a valid username, and auth token,&#13;&#10; * and invalidates the authentication token. This effectively&#13;&#10; * logs out the user. An error occurs if the username/auth token is invalid.&#13;&#10; * &#13;&#10; * @SRS 3.2.2.7.1&#13;&#10; * &#13;&#10; */&#13;&#10;@WebServlet(&quot;/LogoutServlet&quot;)&#13;&#10;public class LogoutServlet extends ConfigHttpServlet {&#13;&#10;&#9;private static final long serialVersionUID = 1L;&#13;&#10;       &#13;&#10;    /**&#13;&#10;     * @see HttpServlet#HttpServlet()&#13;&#10;     */&#13;&#10;    public LogoutServlet() {&#13;&#10;        super();&#13;&#10;        // TODO Auto-generated constructor stub&#13;&#10;    }&#13;&#10;&#13;&#10;&#9;/**&#13;&#10;&#9; * @see HttpServlet#doPost(HttpServletRequest request, HttpServletResponse response)&#13;&#10;&#9; */&#13;&#10;&#9;protected void doPost(HttpServletRequest request, HttpServletResponse response) throws ServletException, IOException {&#13;&#10;&#13;&#10;&#9;&#9;String message;&#13;&#10;&#9;&#9;ServiceFactory factory = new ServiceFactory();&#13;&#10;&#9;&#9;&#13;&#10;&#9;&#9;try {&#13;&#10;&#9;&#9;&#9;DatabaseInterface dbInterface = new DatabaseInterface();&#13;&#10;&#9;&#9;&#9;String data = this.getPostData(request);&#13;&#10;&#9;&#9;&#9;SecureService service = factory.getService(this, dbInterface);&#13;&#10;&#9;&#9;&#9;message = service.authSecuredProcess(data);&#13;&#10;&#9;&#9;&#9;service.close();&#13;&#10;&#9;&#9;} catch (DatabaseInterfaceException e) {&#13;&#10;&#9;&#9;&#9;Gson gson = new Gson();&#13;&#10;&#9;&#9;&#9;ResponseObject responseMsg = new ResponseObject(false, e.getMessage(), e.getCode());&#13;&#10;&#9;&#9;&#9;message = gson.toJson(responseMsg, ResponseObject.class);&#13;&#10;&#9;&#9;}&#13;&#10;&#9;&#9;&#13;&#10;&#9;&#9;this.outputMessage(response, message);&#9;&#13;&#10;&#9;}&#13;&#10;&#13;&#10;}&#13;&#10;" Filename="LogoutServlet.java" Intrnl_Id="11"/>
<SrcFile Content="package servlets;&#13;&#10;&#13;&#10;import java.io.IOException;&#13;&#10;import java.io.Writer;&#13;&#10;&#13;&#10;import javax.servlet.ServletException;&#13;&#10;import javax.servlet.annotation.WebServlet;&#13;&#10;import javax.servlet.http.HttpServlet;&#13;&#10;import javax.servlet.http.HttpServletRequest;&#13;&#10;import javax.servlet.http.HttpServletResponse;&#13;&#10;&#13;&#10;import services.AuthenticationService;&#13;&#10;import services.SecureService;&#13;&#10;import services.ServiceFactory;&#13;&#10;&#13;&#10;import com.google.gson.Gson;&#13;&#10;&#13;&#10;import database.DatabaseInterface.DatabaseInterfaceException;&#13;&#10;import database.DatabaseInterface;&#13;&#10;import database.ResponseObject;&#13;&#10;&#13;&#10;/**&#13;&#10; * Servlet implementation class RegisterServlet&#13;&#10; * &#13;&#10; * This Servlet takes in a username and password, and generates&#13;&#10; * an authentication token. If an invalid username/password pair is given&#13;&#10; * and error is returned.&#13;&#10; * &#13;&#10; * Input: {&quot;username&quot;:&quot;asdf&quot;,&quot;password&quot;:&quot;asdf&quot;}&#13;&#10; * Output: {&quot;Success&quot;:&quot;TRUE&quot;,&quot;Message&quot;:&quot;TRUE&quot;,&quot;AuthenticationToken&quot;:&quot;019f27e2-61b5-4046-a9c7-ecbb3c10295f&quot;}&#13;&#10; * &#13;&#10; * @SRS 3.2.2.1&#13;&#10; * &#13;&#10; */&#13;&#10;//@WebServlet(&quot;/LoginServlet&quot;)&#13;&#10;@WebServlet(&quot;/&quot;)&#13;&#10;public class LoginServlet extends ConfigHttpServlet {&#13;&#10;&#9;private static final long serialVersionUID = 1L;&#13;&#10;       &#13;&#10;    /**&#13;&#10;     * @see HttpServlet#HttpServlet()&#13;&#10;     */&#13;&#10;    public LoginServlet() {&#13;&#10;        super();&#13;&#10;        // TODO Auto-generated constructor stub&#13;&#10;    }&#13;&#10;&#13;&#10;&#9;/**&#13;&#10;&#9; * @see HttpServlet#doGet(HttpServletRequest request, HttpServletResponse response)&#13;&#10;&#9; * &#13;&#10;&#9; * For Testing Purposes Only&#13;&#10;&#9; * &#13;&#10;&#9; */&#13;&#10;&#9;protected void doGet(HttpServletRequest request, HttpServletResponse response) throws ServletException, IOException {&#13;&#10;&#9;&#9;AuthenticationService authService = new AuthenticationService();&#13;&#10;&#9;&#9;String message = authService.testDatabaseConnection();&#13;&#10;&#9;&#9;&#13;&#10;&#9;&#9;response.setContentType(&quot;text/html&quot;);&#13;&#10;&#9;&#9;&#13;&#10;&#9;&#9;Writer writer = response.getWriter();&#13;&#10;&#9;&#9;writer.write(&quot;&lt;html&gt;&quot;);&#13;&#10;&#9;&#9;writer.write(message);&#13;&#10;&#9;&#9;writer.write(&quot;&lt;/html&gt;&quot;);&#13;&#10;&#9;&#9;&#13;&#10;&#9;&#9;&#13;&#10;&#9;}&#13;&#10;&#13;&#10;&#9;/**&#13;&#10;&#9; * @see HttpServlet#doPost(HttpServletRequest request, HttpServletResponse response)&#13;&#10;&#9; */&#13;&#10;&#9;protected void doPost(HttpServletRequest request, HttpServletResponse response) throws ServletException, IOException {&#13;&#10;&#9;&#9;String message;&#13;&#10;&#9;&#9;ServiceFactory factory = new ServiceFactory();&#13;&#10;&#9;&#9;&#13;&#10;&#9;&#9;try {&#13;&#10;&#9;&#9;&#9;DatabaseInterface dbInterface = new DatabaseInterface();&#13;&#10;&#9;&#9;&#9;String data = this.getPostData(request);&#13;&#10;&#9;&#9;&#9;SecureService service = factory.getService(this, dbInterface);&#13;&#10;&#9;&#9;&#9;message = service.loginSecuredProcess(data);&#13;&#10;&#9;&#9;&#9;service.close();&#13;&#10;&#9;&#9;} catch (DatabaseInterfaceException e) {&#13;&#10;&#9;&#9;&#9;Gson gson = new Gson();&#13;&#10;&#9;&#9;&#9;ResponseObject responseMsg = new ResponseObject(false, e.getMessage(), e.getCode());&#13;&#10;&#9;&#9;&#9;message = gson.toJson(responseMsg, ResponseObject.class);&#13;&#10;&#9;&#9;}&#13;&#10;&#9;&#9;&#13;&#10;&#9;&#9;this.outputMessage(response, message);&#13;&#10;&#9;}&#13;&#10;&#13;&#10;}&#13;&#10;" Filename="LoginServlet.java" Intrnl_Id="12"/>
<SrcFile Content="package servlets;&#13;&#10;&#13;&#10;import java.util.Calendar;&#13;&#10;import java.util.Date;&#13;&#10;import java.util.GregorianCalendar;&#13;&#10;import java.util.Timer;&#13;&#10;&#13;&#10;import javax.servlet.ServletConfig;&#13;&#10;import javax.servlet.ServletException;&#13;&#10;import javax.servlet.annotation.WebServlet;&#13;&#10;&#13;&#10;import util.RankCacheCron;&#13;&#10;&#13;&#10;/**&#13;&#10; * Servlet for starting cron jobs.&#13;&#10; * &#13;&#10; * @SRS 3.2.2.4&#13;&#10; * @author dddurand&#13;&#10; *&#13;&#10; */&#13;&#10;@WebServlet(&quot;/cron&quot;)&#13;&#10;public class CronServlet extends ConfigHttpServlet {&#13;&#10;&#13;&#10;&#9;private static final long serialVersionUID = -7672762555376487388L;&#13;&#10;&#9;&#13;&#10;&#9;private boolean isScheduled = false;&#13;&#10;&#9;&#13;&#10;&#9;/**&#13;&#10;&#9; * Run once per day&#13;&#10;&#9; */&#13;&#10;&#9;final long dayInMili = 86400000;&#13;&#10;&#9;&#13;&#10;&#9;/**&#13;&#10;&#9; * Timer for controlling rank cron jobs&#13;&#10;&#9; */&#13;&#10;&#9;private final Timer rankCronTimer = new Timer();&#13;&#10;&#9;&#13;&#10;&#9;@Override&#13;&#10;&#9;public void init(ServletConfig config) throws ServletException {&#13;&#10;&#9;&#9;super.init(config);&#13;&#10;&#9;&#9;RankCacheCron rankCron = new RankCacheCron(this.getServletContext(), false);&#13;&#10;&#9;&#9;rankCronTimer.schedule(rankCron, this.getTonightAtMidnight(), dayInMili);&#13;&#10;&#9;&#9;isScheduled = true;&#13;&#10;&#9;}&#13;&#10;&#9;&#13;&#10;&#9;public boolean isScheduled()&#13;&#10;&#9;{&#13;&#10;&#9;&#9;return isScheduled;&#13;&#10;&#9;}&#13;&#10;&#9;&#13;&#10;&#9;/**&#13;&#10;&#9; * Returns a date object for 5 minutes after midnight&#13;&#10;&#9; * &#13;&#10;&#9; * @return&#13;&#10;&#9; */&#13;&#10;&#9;private Date getTonightAtMidnight()&#13;&#10;&#9;{&#13;&#10;&#9;&#9;Calendar calender = new GregorianCalendar();&#9;&#13;&#10;&#9;&#9;calender.add(Calendar.DAY_OF_MONTH, 1);&#13;&#10;&#9;&#9;&#13;&#10;&#9;&#9;calender.set(Calendar.HOUR_OF_DAY, 0);&#13;&#10;&#9;&#9;calender.set(Calendar.MINUTE, 5);&#13;&#10;&#9;&#9;calender.set(Calendar.SECOND, 0);&#13;&#10;&#9;&#9;calender.set(Calendar.MILLISECOND, 0);&#13;&#10;&#9;&#9;return calender.getTime();&#13;&#10;&#9;}&#13;&#10;&#9;&#13;&#10;}&#13;&#10;" Filename="CronServlet.java" Intrnl_Id="13"/>
<SrcFile Content="package servlets;&#13;&#10;&#13;&#10;import java.io.BufferedReader;&#13;&#10;import java.io.IOException;&#13;&#10;import java.io.Writer;&#13;&#10;&#13;&#10;import javax.servlet.ServletException;&#13;&#10;import javax.servlet.http.HttpServlet;&#13;&#10;import javax.servlet.http.HttpServletRequest;&#13;&#10;import javax.servlet.http.HttpServletResponse;&#13;&#10;&#13;&#10;import util.ServletConfiguration;&#13;&#10;&#13;&#10;/**&#13;&#10; * An extension to httpServlet that makes the object load its context&#13;&#10; * into ServletConfiguration in order to load the context parameters.&#13;&#10; * &#13;&#10; * @SRS 3.2.2.1-&gt;3.2.2.8&#13;&#10; * @author dddurand&#13;&#10; *&#13;&#10; */&#13;&#10;public class ConfigHttpServlet extends HttpServlet {&#13;&#10;&#13;&#10;&#9;private static final long serialVersionUID = -1581925191750562160L;&#13;&#10;&#13;&#10;&#9;@Override&#13;&#10;&#9;/**&#13;&#10;&#9; * On creation, attempt to load context into ServletConfiguration&#13;&#10;&#9; */&#13;&#10;&#9;public void init() throws ServletException&#13;&#10;     {&#13;&#10;&#9;&#9; super.init();&#13;&#10;&#9;&#9; ServletConfiguration.loadContext(this.getServletContext());&#13;&#10;     }&#13;&#10;&#9;&#13;&#10;&#9;/**&#13;&#10;&#9; * Retrieves the data provided in a post request.&#13;&#10;&#9; * This function should only be called for getPost requests.&#13;&#10;&#9; * &#13;&#10;&#9; * @param request getPost Request&#13;&#10;&#9; * @return Data provided in a Post HttpServletRequest.&#13;&#10;&#9; * &#13;&#10;&#9; * @throws ServletException&#13;&#10;&#9; * @throws IOException&#13;&#10;&#9; */&#13;&#10;&#9;protected String getPostData(HttpServletRequest request) &#13;&#10;&#9;&#9;&#9;&#9;&#9;&#9;&#9;&#9;&#9;&#9;throws ServletException, IOException &#13;&#10;&#9;{&#13;&#10;&#13;&#10;&#9;&#9;BufferedReader reader = request.getReader();&#13;&#10;&#9;&#9;&#13;&#10;&#9;&#9;StringBuilder builder = new StringBuilder();&#13;&#10;&#9;&#9;char[] charBuffer = new char[500];&#13;&#10;&#9;&#9;while(true)&#13;&#10;&#9;&#9;{&#13;&#10;&#9;&#9;&#9;int charsRead = reader.read(charBuffer);&#13;&#10;&#9;&#9;&#9;if(charsRead &lt; 0) break;&#13;&#10;&#9;&#9;&#9;builder.append(charBuffer, 0, charsRead);&#13;&#10;&#9;&#9;&#9;&#13;&#10;&#9;&#9;}&#13;&#10;&#9;&#9;&#13;&#10;&#9;&#9;return builder.toString();&#13;&#10;&#9;}&#13;&#10;&#9;&#13;&#10;&#9;protected void outputMessage(HttpServletResponse response, String message) throws IOException&#13;&#10;&#9;{&#13;&#10;&#9;&#9;&#13;&#10;&#9;&#9;Writer writer = response.getWriter();&#13;&#10;&#9;&#9;response.setContentType(&quot;text/html&quot;);&#13;&#10;&#9;&#9;writer.write(message);&#13;&#10;&#9;}&#13;&#10;&#9;&#13;&#10;}&#13;&#10;" Filename="ConfigHttpServlet.java" Intrnl_Id="14"/>
<SrcFile Content="package servlets;&#13;&#10;&#13;&#10;import java.io.IOException;&#13;&#10;&#13;&#10;import javax.servlet.ServletException;&#13;&#10;import javax.servlet.annotation.WebServlet;&#13;&#10;import javax.servlet.http.HttpServlet;&#13;&#10;import javax.servlet.http.HttpServletRequest;&#13;&#10;import javax.servlet.http.HttpServletResponse;&#13;&#10;&#13;&#10;import services.SecureService;&#13;&#10;import services.ServiceFactory;&#13;&#10;&#13;&#10;import com.google.gson.Gson;&#13;&#10;&#13;&#10;import database.DatabaseInterface;&#13;&#10;import database.DatabaseInterface.DatabaseInterfaceException;&#13;&#10;import database.ResponseObject;&#13;&#10;&#13;&#10;/**&#13;&#10; * This servlet provided an auth'd user with a set of personal statistics based&#13;&#10; * on the game data they have uplaoded.&#13;&#10; * &#13;&#10; * @SRS 3.2.2.5&#13;&#10; */&#13;&#10;@WebServlet(&quot;/CommunityStatisticsServlet&quot;)&#13;&#10;public class CommunityStatisticsServlet extends ConfigHttpServlet {&#13;&#10;&#9;private static final long serialVersionUID = 1L;&#13;&#10;       &#13;&#10;    /**&#13;&#10;     * @see HttpServlet#HttpServlet()&#13;&#10;     */&#13;&#10;    public CommunityStatisticsServlet() {&#13;&#10;        super();&#13;&#10;        // TODO Auto-generated constructor stub&#13;&#10;    }&#13;&#10;&#13;&#10;&#9;/**&#13;&#10;&#9; * @see HttpServlet#doPost(HttpServletRequest request, HttpServletResponse response)&#13;&#10;&#9; */&#13;&#10;&#9;protected void doPost(HttpServletRequest request, HttpServletResponse response) throws ServletException, IOException {&#13;&#10;&#9;&#9;String message;&#13;&#10;&#9;&#9;ServiceFactory factory = new ServiceFactory();&#13;&#10;&#9;&#9;&#13;&#10;&#9;&#9;try {&#13;&#10;&#9;&#9;&#9;DatabaseInterface dbInterface = new DatabaseInterface();&#13;&#10;&#9;&#9;&#9;String data = this.getPostData(request);&#13;&#10;&#9;&#9;&#9;SecureService service = factory.getService(this, dbInterface);&#13;&#10;&#9;&#9;&#9;message = service.authSecuredProcess(data);&#13;&#10;&#9;&#9;} catch (DatabaseInterfaceException e) {&#13;&#10;&#9;&#9;&#9;Gson gson = new Gson();&#13;&#10;&#9;&#9;&#9;ResponseObject responseMsg = new ResponseObject(false, e.getMessage(), e.getCode());&#13;&#10;&#9;&#9;&#9;message = gson.toJson(responseMsg, ResponseObject.class);&#13;&#10;&#9;&#9;}&#13;&#10;&#9;&#9;&#13;&#10;&#9;&#9;this.outputMessage(response, message);&#9;&#13;&#10;&#9;}&#13;&#10;&#13;&#10;}&#13;&#10;" Filename="CommunityStatisticsServlet.java" Intrnl_Id="15"/>
<SrcFile Content="package services;&#13;&#10;&#13;&#10;import java.util.ArrayList;&#13;&#10;&#13;&#10;import util.Codes;&#13;&#10;&#13;&#10;import com.google.gson.Gson;&#13;&#10;&#13;&#10;import dataModels.Account;&#13;&#10;import dataModels.Filter;&#13;&#10;import dataModels.Game;&#13;&#10;import dataModels.MiscGameData;&#13;&#10;import dataModels.Optimality;&#13;&#10;import dataModels.PersonalStatistics;&#13;&#10;import dataModels.UploadData;&#13;&#10;import database.DatabaseInterface;&#13;&#10;import database.DatabaseInterface.DatabaseInterfaceException;&#13;&#10;import database.ResponseObject;&#13;&#10;&#13;&#10;&#13;&#10;/**&#13;&#10; * This delegate deals with processing and storing the provided game data into the database.&#13;&#10; * &#13;&#10; * @SRS 3.2.2.3-&gt;3.2.2.6&#13;&#10; * @author dddurand&#13;&#10; *&#13;&#10; */&#13;&#10;public class UploadDelegate extends ServiceDelegate{&#13;&#10;&#9;&#13;&#10;&#9;private Optimality optimality;&#13;&#10;&#9;&#13;&#10;&#9;/**&#13;&#10;&#9; * General Constructor&#13;&#10;&#9; * @param gson&#13;&#10;&#9; * @param dbInterface&#13;&#10;&#9; */&#13;&#10;&#9;public UploadDelegate(Gson gson, DatabaseInterface dbInterface) {&#13;&#10;&#9;&#9;super(gson, dbInterface);&#13;&#10;&#9;&#9;optimality = new Optimality();&#13;&#10;&#9;}&#13;&#10;&#13;&#10;&#9;/**&#13;&#10;&#9; * Process that facilitates the actual processing and storing of the data.&#13;&#10;&#9; * &#13;&#10;&#9; */&#13;&#10;&#9;@Override&#13;&#10;&#9;public String applyAuthProcess(Account account, String postData)&#13;&#10;&#9;&#9;&#9;throws DatabaseInterfaceException {&#13;&#10;&#13;&#10;&#9;&#9;UploadData data = this.gson.fromJson(postData, UploadData.class);&#13;&#10;&#9;&#9;boolean success = false;&#13;&#10;&#13;&#10;&#13;&#10;&#9;&#9;ArrayList&lt;Game&gt; games = data.getGames();&#13;&#10;&#9;&#9;ArrayList&lt;String&gt; gameUploadResults = uploadGameData(account, games);&#13;&#10;&#13;&#10;&#13;&#10;&#9;&#9;ArrayList&lt;MiscGameData&gt; miscDatas = data.getMiscDatas();&#13;&#10;&#9;&#9;ArrayList&lt;Integer&gt; miscUploadResults = uploadMiscData(account, miscDatas);&#13;&#10;&#13;&#10;&#9;&#9;this.updateRankings(account);&#13;&#10;&#9;&#9;&#13;&#10;&#9;&#9;if(gameUploadResults.size() &gt; 0 || miscUploadResults.size() &gt; 0)&#13;&#10;&#9;&#9;&#9;success = true;&#13;&#10;&#9;&#9;&#13;&#10;&#9;&#9;ResponseObject obj = new ResponseObject(success, &quot;Upload Results&quot;, Codes.SUCCESS);&#13;&#10;&#9;&#9;obj.setUploadGameSuccess(gameUploadResults);&#13;&#10;&#9;&#9;obj.setUploadMiscSuccess(miscUploadResults);&#13;&#10;&#13;&#10;&#9;&#9;return gson.toJson(obj, ResponseObject.class);&#13;&#10;&#13;&#10;&#9;}&#13;&#10;&#13;&#10;&#9;/**&#13;&#10;&#9; * Handles the processing and storing of the misc data&#13;&#10;&#9; * &#13;&#10;&#9; * @param account The account to upload the misc data for.&#13;&#10;&#9; * @param miscDatas The data to be processed and stored.&#13;&#10;&#9; * @return The position of the misc data that was successfully uploaded.&#13;&#10;&#9; * @throws DatabaseInterfaceException&#13;&#10;&#9; */&#13;&#10;&#9;private ArrayList&lt;Integer&gt; uploadMiscData(Account account, ArrayList&lt;MiscGameData&gt; miscDatas) throws DatabaseInterfaceException&#13;&#10;&#9;{&#13;&#10;&#9;&#9;ArrayList&lt;Integer&gt; miscUploadResults = new ArrayList&lt;Integer&gt;();&#13;&#10;&#13;&#10;&#9;&#9;for(int position = 0; position &lt; miscDatas.size(); position++)&#13;&#10;&#9;&#9;{&#13;&#10;&#9;&#9;&#9;MiscGameData miscData = miscDatas.get(position);&#13;&#10;&#13;&#10;&#9;&#9;&#9;try{&#13;&#10;&#9;&#9;&#9;&#9;dbInterface.saveMiscData(account, miscData);&#13;&#10;&#9;&#9;&#9;&#9;miscUploadResults.add(position);&#13;&#10;&#9;&#9;&#9;} &#13;&#10;&#9;&#9;&#9;catch(DatabaseInterfaceException e) { }&#13;&#10;&#13;&#10;&#9;&#9;}&#13;&#10;&#13;&#10;&#9;&#9;return miscUploadResults;&#13;&#10;&#9;}&#13;&#10;&#9;&#13;&#10;&#9;/**&#13;&#10;&#9; * Facilitates the processing and storing of the game data.&#13;&#10;&#9; * This function also triggers an update to the ranking for the current user.&#13;&#10;&#9; * &#13;&#10;&#9; * @param account The account to tie game data to.&#13;&#10;&#9; * @param games The game data to be stored.&#13;&#10;&#9; * @return List of game id's that were successfully updated.&#13;&#10;&#9; * @throws DatabaseInterfaceException&#13;&#10;&#9; */&#13;&#10;&#9;private ArrayList&lt;String&gt; uploadGameData(Account account, ArrayList&lt;Game&gt; games) throws DatabaseInterfaceException&#13;&#10;&#9;{&#13;&#10;&#9;&#9;ArrayList&lt;String&gt; gameUploadResults = new ArrayList&lt;String&gt;();&#13;&#10;&#13;&#10;&#9;&#9;for(int position = 0; position &lt; games.size(); position++)&#13;&#10;&#9;&#9;{&#13;&#10;&#9;&#9;&#9;Game game = games.get(position);&#13;&#10;&#13;&#10;&#9;&#9;&#9;try{&#13;&#10;&#9;&#9;&#9;&#9;dbInterface.saveGame(account, game);&#13;&#10;&#9;&#9;&#9;&#9;gameUploadResults.add(game.getGameID());&#13;&#10;&#9;&#9;&#9;&#9;&#13;&#10;&#9;&#9;&#9;&#9;double opRating = optimality.getOptimalRatingForGame(game);&#13;&#10;&#9;&#9;&#9;&#9;dbInterface.setGameOptimalityForUser(account, game, opRating);&#13;&#10;&#9;&#9;&#9;} &#13;&#10;&#9;&#9;&#9;catch(DatabaseInterfaceException e) { }&#13;&#10;&#9;&#9;}&#13;&#10;&#9;&#9;&#13;&#10;&#9;&#9;&#13;&#10;&#13;&#10;&#9;&#9;return gameUploadResults;&#13;&#10;&#9;}&#13;&#10;&#9;&#13;&#10;&#9;/**&#13;&#10;&#9; * A function that causes all the ranking information to be updated for the current used.&#13;&#10;&#9; * This function is only called after new data has been processed, in order to be more efficient. (or during cron)&#13;&#10;&#9; * &#13;&#10;&#9; * @param account&#13;&#10;&#9; * @throws DatabaseInterfaceException&#13;&#10;&#9; */&#13;&#10;&#9;private void updateRankings(Account account) throws DatabaseInterfaceException&#13;&#10;&#9;{&#13;&#10;&#9;&#9;&#9;Filter filter = new Filter();&#13;&#10;&#9;&#9;&#9;PersonalStatistics stats = new PersonalStatistics(account, dbInterface, filter);&#13;&#10;&#9;&#9;&#9;stats.updateRankings();&#13;&#10;&#9;&#9;&#13;&#10;&#9;}&#13;&#10;&#13;&#10;}" Filename="UploadDelegate.java" Intrnl_Id="16"/>
<SrcFile Content="package services;&#13;&#10;&#13;&#10;import com.google.gson.Gson;&#13;&#10;&#13;&#10;import dataModels.Account;&#13;&#10;import database.DatabaseInterface;&#13;&#10;import database.DatabaseInterface.DatabaseInterfaceException;&#13;&#10;&#13;&#10;&#13;&#10;/**&#13;&#10; * This delegate deals with processing and storing the provided game data into the database.&#13;&#10; * &#13;&#10; * @author dddurand&#13;&#10; *&#13;&#10; */&#13;&#10;public class TestDelegate extends ServiceDelegate{&#13;&#10;&#13;&#10;&#9;/**&#13;&#10;&#9; * General Constructor&#13;&#10;&#9; * @param gson&#13;&#10;&#9; * @param dbInterface&#13;&#10;&#9; */&#13;&#10;&#9;public TestDelegate(Gson gson, DatabaseInterface dbInterface) {&#13;&#10;&#9;&#9;super(gson, dbInterface);&#13;&#10;&#9;}&#13;&#10;&#13;&#10;&#9;@Override&#13;&#10;&#9;public String applyAuthProcess(Account postAccount, String postData)&#13;&#10;&#9;&#9;&#9;throws DatabaseInterfaceException {&#13;&#10;&#9;&#9;&#13;&#10;&#9;&#9;return &quot; &quot;;&#13;&#10;&#9;}&#13;&#10;&#13;&#10;&#13;&#10;&#13;&#10;}" Filename="TestDelegate.java" Intrnl_Id="17"/>
<SrcFile Content="package services;&#13;&#10;&#13;&#10;import com.google.gson.Gson;&#13;&#10;import com.google.gson.GsonBuilder;&#13;&#10;&#13;&#10;import dataModels.Filter;&#13;&#10;import dataModels.UploadData;&#13;&#10;import database.DatabaseInterface;&#13;&#10;import database.ResponseObject;&#13;&#10;import database.DatabaseInterface.DatabaseInterfaceException;&#13;&#10;&#13;&#10;import servlets.CommunityStatisticsServlet;&#13;&#10;import servlets.ConfigHttpServlet;&#13;&#10;import servlets.LoginServlet;&#13;&#10;import servlets.LogoutServlet;&#13;&#10;import servlets.PersonalStatisticsServlet;&#13;&#10;import servlets.RankingStatisticsServlet;&#13;&#10;import servlets.RegisterServlet;&#13;&#10;import servlets.TestServlet;&#13;&#10;import servlets.UploadServlet;&#13;&#10;&#13;&#10;/**&#13;&#10; * A class that acts as a factory of SecureService objects. The factory builds&#13;&#10; * the service object absed on the servlet that has been provided to the factory.&#13;&#10; * &#13;&#10; * @SRS 3.2.2.1-&gt;3.2.2.8&#13;&#10; * @author dddurand&#13;&#10; *&#13;&#10; */&#13;&#10;public class ServiceFactory {&#13;&#10;&#13;&#10;&#9;/**&#13;&#10;&#9; * Generic Constructor&#13;&#10;&#9; */&#13;&#10;&#9;public ServiceFactory() { }&#13;&#10;&#9;&#13;&#10;&#9;/**&#13;&#10;&#9; * The various supported servlets that will generate&#13;&#10;&#9; * a specialized SecureService&#13;&#10;&#9; * &#13;&#10;&#9; * @author dddurand&#13;&#10;&#9; *&#13;&#10;&#9; */&#13;&#10;&#9;public enum ServletType&#13;&#10;&#9;{&#13;&#10;&#9;&#9;LOGIN, LOGOUT, REGISTER, UPLOAD, PERSONAL, RANKING, COMMUNITY, UNKNOWN,TEST&#13;&#10;&#9;}&#13;&#10;&#9;&#13;&#10;&#9;/**&#13;&#10;&#9; * Builds and retrieves the correct SecureService for a specific Servlet.&#13;&#10;&#9; * &#13;&#10;&#9; * @param servlet The servlet the service if for.&#13;&#10;&#9; * @return The specifically built SecureService.&#13;&#10;&#9; * @throws DatabaseInterfaceException&#13;&#10;&#9; */&#13;&#10;&#9;public SecureService getService(ConfigHttpServlet servlet, DatabaseInterface dbInterface) throws DatabaseInterfaceException&#13;&#10;&#9;{&#13;&#10;&#9;&#9;ServletType servletType = getServletType(servlet);&#13;&#10;&#9;&#9;Gson gson = generateGSON(servletType);&#13;&#10;&#9;&#9;&#13;&#10;&#9;&#9;ServiceDelegate delegate = generateServiceDelegate(servletType,gson, dbInterface);&#13;&#10;&#9;&#9;&#13;&#10;&#9;&#9;return new SecureService(delegate, gson, dbInterface);&#13;&#10;&#9;}&#13;&#10;&#9;&#13;&#10;&#9;&#13;&#10;&#9;/**&#13;&#10;&#9; * Generates the appropriate delegate object, based on which Servlet the service is for.&#13;&#10;&#9; * &#13;&#10;&#9; * @param servletType The type of servlet the delegate is for.&#13;&#10;&#9; * @param gson The gson object to be used in the delegate.&#13;&#10;&#9; * @param dbInterface The database interface to be used in the delegate.&#13;&#10;&#9; * @return&#13;&#10;&#9; */&#13;&#10;&#9;private ServiceDelegate generateServiceDelegate(ServletType servletType, Gson gson, DatabaseInterface dbInterface)&#13;&#10;&#9;{&#13;&#10;&#13;&#10;&#9;&#9;switch(servletType)&#13;&#10;&#9;&#9;{&#9;&#13;&#10;&#9;&#9;case LOGIN:&#13;&#10;&#9;&#9;&#9;return new LoginDelegate(gson, dbInterface);&#13;&#10;&#9;&#9;case LOGOUT:&#13;&#10;&#9;&#9;&#9;return new LogoutDelegate(gson, dbInterface);&#13;&#10;&#9;&#9;case REGISTER:&#13;&#10;&#9;&#9;&#9;return new RegisterDelegate(gson, dbInterface);&#13;&#10;&#9;&#9;case UPLOAD:&#13;&#10;&#9;&#9;&#9;return new UploadDelegate(gson, dbInterface);&#13;&#10;&#9;&#9;case PERSONAL:&#13;&#10;&#9;&#9;&#9;return new PersonalStatisticsDelegate(gson, dbInterface);&#13;&#10;&#9;&#9;case RANKING:&#13;&#10;&#9;&#9;&#9;return new RankingStatisticsDelegate(gson, dbInterface);&#13;&#10;&#9;&#9;case COMMUNITY:&#13;&#10;&#9;&#9;&#9;return new CommunityStatisticsDelegate(gson, dbInterface);&#13;&#10;&#9;&#9;case TEST:&#13;&#10;&#9;&#9;&#9;return new TestDelegate(gson, dbInterface);&#13;&#10;&#9;&#9;default:&#13;&#10;&#9;&#9;&#9;return new ServiceDelegate(gson, dbInterface);&#13;&#10;&#9;&#9;}&#13;&#10;&#9;}&#13;&#10;&#9;&#13;&#10;&#9;/**&#13;&#10;&#9; * Builds the gson object, that will be used by the service.&#13;&#10;&#9; * Custom additions are added to the gson object as needed&#13;&#10;&#9; * by the specific servlet types.&#13;&#10;&#9; * &#13;&#10;&#9; * @param servletType The type of servlet the gson will be used in.&#13;&#10;&#9; * @return The built gson object.&#13;&#10;&#9; */&#13;&#10;&#9;private Gson generateGSON(ServletType servletType)&#13;&#10;&#9;{&#13;&#10;&#9;&#9;GsonBuilder gsonBuilder = new GsonBuilder();&#13;&#10;&#9;&#9;&#13;&#10;&#9;&#9;switch(servletType)&#13;&#10;&#9;&#9;{&#9;&#13;&#10;&#9;&#9;case LOGIN:&#13;&#10;&#9;&#9;case LOGOUT:&#13;&#10;&#9;&#9;case REGISTER:&#13;&#10;&#9;&#9;&#9;gsonBuilder.registerTypeAdapter(ResponseObject.class, new ResponseObject.ResponseSerializer());&#13;&#10;&#9;&#9;&#9;break;&#13;&#10;&#9;&#9;&#13;&#10;&#9;&#9;case COMMUNITY:&#13;&#10;&#9;&#9;case RANKING:&#13;&#10;&#9;&#9;case PERSONAL:&#13;&#10;&#9;&#9;case UPLOAD:&#13;&#10;&#9;&#9;case TEST:&#13;&#10;&#9;&#9;&#9;gsonBuilder.registerTypeAdapter(ResponseObject.class, new ResponseObject.ResponseSerializer());&#13;&#10;&#9;&#9;&#9;gsonBuilder.registerTypeAdapter(UploadData.class, new UploadData.UploadDataDeserializer());&#13;&#10;&#9;&#9;&#9;gsonBuilder.registerTypeAdapter(Filter.class, new Filter.FilterDeserializer());&#13;&#10;&#9;&#9;default:&#13;&#10;&#9;&#9;&#9;break;&#13;&#10;&#9;&#9;}&#13;&#10;&#9;&#9;&#13;&#10;&#9;&#9;return gsonBuilder.create();&#13;&#10;&#9;}&#13;&#10;&#9;&#13;&#10;&#9;/**&#13;&#10;&#9; * Determines what type of servlet has been provided&#13;&#10;&#9; * to the factory.&#13;&#10;&#9; * &#13;&#10;&#9; */&#13;&#10;&#9;private ServletType getServletType(ConfigHttpServlet servlet)&#13;&#10;&#9;{&#13;&#10;&#9;&#9;if(servlet instanceof LoginServlet)&#13;&#10;&#9;&#9;&#9;return ServletType.LOGIN;&#13;&#10;&#9;&#9;else if(servlet instanceof LogoutServlet)&#13;&#10;&#9;&#9;&#9;return ServletType.LOGOUT;&#13;&#10;&#9;&#9;else if(servlet instanceof RegisterServlet)&#13;&#10;&#9;&#9;&#9;return ServletType.REGISTER;&#13;&#10;&#9;&#9;else if(servlet instanceof UploadServlet)&#13;&#10;&#9;&#9;&#9;return ServletType.UPLOAD;&#13;&#10;&#9;&#9;else if(servlet instanceof TestServlet)&#13;&#10;&#9;&#9;&#9;return ServletType.TEST;&#13;&#10;&#9;&#9;else if(servlet instanceof PersonalStatisticsServlet)&#13;&#10;&#9;&#9;&#9;return ServletType.PERSONAL;&#13;&#10;&#9;&#9;else if(servlet instanceof RankingStatisticsServlet)&#13;&#10;&#9;&#9;&#9;return ServletType.RANKING;&#13;&#10;&#9;&#9;else if (servlet instanceof CommunityStatisticsServlet)&#13;&#10;&#9;&#9;&#9;return ServletType.COMMUNITY;&#13;&#10;&#9;&#9;else&#13;&#10;&#9;&#9;&#9;return ServletType.UNKNOWN;&#13;&#10;&#9;}&#13;&#10;}&#13;&#10;" Filename="ServiceFactory.java" Intrnl_Id="18"/>
<SrcFile Content="package services;&#13;&#10;&#13;&#10;import com.google.gson.Gson;&#13;&#10;&#13;&#10;import dataModels.Account;&#13;&#10;import database.DatabaseInterface;&#13;&#10;import database.DatabaseInterface.DatabaseInterfaceException;&#13;&#10;&#13;&#10;/**&#13;&#10; * The framework for a service delegate.&#13;&#10; * This object can be instantiated, but all its methods simply&#13;&#10; * return &quot;Not Implemented&quot;. &#13;&#10; * &#13;&#10; * This object is mean't to be extended, and then added into the ServiceFactory.&#13;&#10; * These delegate objects act as the backbone of a service, and provide their main&#13;&#10; * functionality. Any custom additions needed by GSON objects should be added in the factory.&#13;&#10; * &#13;&#10; * @SRS 3.2.2.1 -&gt; 3.2.2.8&#13;&#10; * @author dddurand&#13;&#10; *&#13;&#10; */&#13;&#10;public class ServiceDelegate {&#13;&#10;&#13;&#10;&#9;protected Gson gson;&#13;&#10;&#9;protected DatabaseInterface dbInterface; &#13;&#10;&#9;&#13;&#10;&#9;/**&#13;&#10;&#9; * General constructor&#13;&#10;&#9; * &#13;&#10;&#9; * @param gson Gson object used by the serviceDelegate&#13;&#10;&#9; * @param dbInterface DatabaseInterface used by the delegate&#13;&#10;&#9; */&#13;&#10;&#9;public ServiceDelegate(Gson gson, DatabaseInterface dbInterface)&#13;&#10;&#9;{&#13;&#10;&#9;&#9;this.gson = gson;&#13;&#10;&#9;&#9;this.dbInterface = dbInterface;&#13;&#10;&#9;}&#13;&#10;&#9;&#13;&#10;&#9;/**&#13;&#10;&#9; * Setter for the Gson Object&#13;&#10;&#9; * &#13;&#10;&#9; * @param gson&#13;&#10;&#9; */&#13;&#10;&#9;public void setGson(Gson gson)&#13;&#10;&#9;{&#13;&#10;&#9;&#9;this.gson = gson;&#13;&#10;&#9;}&#13;&#10;&#9;&#13;&#10;&#9;/**&#13;&#10;&#9; * Setter for the Database interface&#13;&#10;&#9; * &#13;&#10;&#9; * @param dbInterface&#13;&#10;&#9; */&#13;&#10;&#9;public void setDatabaseInterface(DatabaseInterface dbInterface)&#13;&#10;&#9;{&#13;&#10;&#9;&#9;this.dbInterface = dbInterface;&#13;&#10;&#9;}&#13;&#10;&#9;&#13;&#10;&#9;/**&#13;&#10;&#9; * This function is called by a SecureService when it has determined the connection&#13;&#10;&#9; * has a valid username and auth token.&#13;&#10;&#9; * &#13;&#10;&#9; * @param postAccount Authenticated account provided at login&#13;&#10;&#9; * @param postData Data provided to the web service&#13;&#10;&#9; * @return JSON Result&#13;&#10;&#9; * @throws DatabaseInterfaceException&#13;&#10;&#9; */&#13;&#10;&#9;public String applyAuthProcess(Account postAccount, String postData) throws DatabaseInterfaceException&#13;&#10;&#9;{&#13;&#10;&#9;&#9;return &quot;Not Implemented.&quot;;&#13;&#10;&#9;}&#13;&#10;&#9;&#13;&#10;&#9;/**&#13;&#10;&#9; * This function is called by a SecureService when it has determined the connection&#13;&#10;&#9; * has a valid username and password.&#13;&#10;&#9; * &#13;&#10;&#9; * @param postAccount Validated login account&#13;&#10;&#9; * @param postData Data provided to the web service&#13;&#10;&#9; * @return JSON Result&#13;&#10;&#9; * @throws DatabaseInterfaceException&#13;&#10;&#9; */&#13;&#10;&#9;public String applyLoginProcess(Account account, String postData) throws DatabaseInterfaceException&#13;&#10;&#9;{&#13;&#10;&#9;&#9;return &quot;Not Implemented.&quot;;&#13;&#10;&#9;}&#13;&#10;&#9;&#13;&#10;&#9;/**&#13;&#10;&#9; * This function is called by a SecureService without any checks.&#13;&#10;&#9; * @param postAccount Authenticated account provided at login&#13;&#10;&#9; * @param postData Data provided to the web service&#13;&#10;&#9; * @return JSON Result&#13;&#10;&#9; * @throws DatabaseInterfaceException&#13;&#10;&#9; */&#13;&#10;&#9;public String unsecureProcess(Account account, String postData) throws DatabaseInterfaceException&#13;&#10;&#9;{&#13;&#10;&#9;&#9;return &quot;Not Implemented.&quot;;&#13;&#10;&#9;}&#13;&#10;&#9;&#13;&#10;&#9;/**&#13;&#10;&#9; * Should be called after the service's work has been completed.&#13;&#10;&#9; * No calls should be made on this object after this has been called.&#13;&#10;&#9; * &#13;&#10;&#9; */&#13;&#10;&#9;public void close()&#13;&#10;&#9;{&#13;&#10;&#9;&#9;this.dbInterface.close();&#13;&#10;&#9;}&#13;&#10;}&#13;&#10;" Filename="ServiceDelegate.java" Intrnl_Id="19"/>
<SrcFile Content="package services;&#13;&#10;&#13;&#10;import util.Codes;&#13;&#10;&#13;&#10;import com.google.gson.Gson;&#13;&#10;import com.google.gson.JsonParseException;&#13;&#10;import com.google.gson.JsonSyntaxException;&#13;&#10;&#13;&#10;import dataModels.Account;&#13;&#10;import database.DatabaseInterface;&#13;&#10;import database.ResponseObject;&#13;&#10;import database.DatabaseInterface.DatabaseInterfaceException;&#13;&#10;&#13;&#10;/**&#13;&#10; * The main logic for authentication to the web service. Other than the logic for&#13;&#10; * authentication, the work done by the service is determined by the the delegate&#13;&#10; * provided at creation.&#13;&#10; * &#13;&#10; * @SRS 3.2.2.1, 3.2.2.2, 3.2.2.7&#13;&#10; * @author dddurand&#13;&#10; *&#13;&#10; */&#13;&#10;public class SecureService {&#13;&#10;&#13;&#10;&#9;private ServiceDelegate service;&#13;&#10;&#9;&#13;&#10;&#9;private Gson gson;&#13;&#10;&#9;private DatabaseInterface dbInterface;&#13;&#10;&#9;&#13;&#10;&#9;/**&#13;&#10;&#9; * General Constructor&#13;&#10;&#9; * &#13;&#10;&#9; * @param delegate The workhorse of the function, providing the main functionality.&#13;&#10;&#9; * @param gson The object to serialize/deserialize JSON&#13;&#10;&#9; * @param dbInterface The main interface to the database&#13;&#10;&#9; */&#13;&#10;&#9;public SecureService(ServiceDelegate delegate, Gson gson, DatabaseInterface dbInterface)&#13;&#10;&#9;{&#13;&#10;&#9;&#9;this.service = delegate;&#13;&#10;&#9;&#9;this.gson = gson;&#13;&#10;&#9;&#9;this.dbInterface = dbInterface;&#13;&#10;&#9;}&#13;&#10;&#9;&#13;&#10;&#9;/**&#13;&#10;&#9; * Getter for the GSON object&#13;&#10;&#9; * &#13;&#10;&#9; * @return&#13;&#10;&#9; */&#13;&#10;&#9;protected Gson getGson()&#13;&#10;&#9;{&#13;&#10;&#9;&#9;return this.gson;&#13;&#10;&#9;}&#13;&#10;&#9;&#13;&#10;&#9;/**&#13;&#10;&#9; * Getter for the databaseInterface&#13;&#10;&#9; * @return&#13;&#10;&#9; */&#13;&#10;&#9;protected DatabaseInterface getdbInterface()&#13;&#10;&#9;{&#13;&#10;&#9;&#9;return this.dbInterface;&#13;&#10;&#9;}&#13;&#10;&#9;&#13;&#10;&#9;/**&#13;&#10;&#9; * Given request data containing JSON with a valid account username and auth token,&#13;&#10;&#9; * this function will call the delegates auth function. This will be overwritten&#13;&#10;&#9; * in delegate to provide the desired functionality, that should only occur when a &#13;&#10;&#9; * valid username and auth token is valid.&#13;&#10;&#9; * &#13;&#10;&#9; * On Failure the user will be informed.&#13;&#10;&#9; * Ex Failure: {&quot;Success&quot;:&quot;FALSE&quot;,&quot;Message&quot;:&quot;Invalid Username \u0026 Authentication Token&quot;}&#13;&#10;&#9; * &#13;&#10;&#9; * @param requestData&#13;&#10;&#9; * @return JSON data&#13;&#10;&#9; */&#13;&#10;&#9;public final String authSecuredProcess(String postData)&#13;&#10;&#9;{&#13;&#10;&#9;&#9;&#9;try&#13;&#10;&#9;&#9;&#9;{&#13;&#10;&#9;&#9;&#9;&#9;//Pull the account information out of the json&#13;&#10;&#9;&#9;&#9;&#9;Account account = gson.fromJson(postData, Account.class);&#13;&#10;&#9;&#9;&#9;&#9;&#13;&#10;&#9;&#9;&#9;&#9;//empty username&#13;&#10;&#9;&#9;&#9;&#9;if(account == null || account.getUsername()==null || account.getUsername().isEmpty())&#13;&#10;&#9;&#9;&#9;&#9;{&#13;&#10;&#9;&#9;&#9;&#9;&#9;return generateError(&quot;Invalid username&quot;, Codes.INVALID_USERNAME);&#13;&#10;&#9;&#9;&#9;&#9;}&#13;&#10;&#9;&#9;&#9;&#9;&#13;&#10;&#9;&#9;&#9;&#9;//empty auth token&#13;&#10;&#9;&#9;&#9;&#9;if(account.getAuthenticationToken()==null || account.getAuthenticationToken().isEmpty())&#13;&#10;&#9;&#9;&#9;&#9;{&#13;&#10;&#9;&#9;&#9;&#9;&#9;return generateError(&quot;Invalid auth token&quot;, Codes.INVALID_AUTH);&#13;&#10;&#9;&#9;&#9;&#9;}&#13;&#10;&#9;&#9;&#9;&#9;&#13;&#10;&#9;&#9;&#9;&#9;&#13;&#10;&#9;&#9;&#9;&#9;//Get the account with the same username&#13;&#10;&#9;&#9;&#9;&#9;Account accountFromDB = dbInterface.getAccount(account.getUsername());&#13;&#10;&#9;&#9;&#9;&#9;&#13;&#10;&#9;&#9;&#9;&#9;//No account was found for given username&#13;&#10;&#9;&#9;&#9;&#9;if(accountFromDB == null)&#13;&#10;&#9;&#9;&#9;&#9;{&#13;&#10;&#9;&#9;&#9;&#9;&#9;return generateUsernameNotFoundError();&#13;&#10;&#9;&#9;&#9;&#9;} &#13;&#10;&#9;&#9;&#9;&#9;//Valid account&#13;&#10;&#9;&#9;&#9;&#9;else&#13;&#10;&#9;&#9;&#9;&#9;{&#9;&#13;&#10;&#9;&#9;&#9;&#9;&#9;&#13;&#10;&#9;&#9;&#9;&#9;&#9;//Account login valid&#13;&#10;&#9;&#9;&#9;&#9;&#9;if(accountFromDB.compareAuthenticated(account))&#13;&#10;&#9;&#9;&#9;&#9;&#9;{&#13;&#10;&#9;&#9;&#9;&#9;&#9;&#9;return service.applyAuthProcess(accountFromDB, postData);&#13;&#10;&#9;&#9;&#9;&#9;&#9;}&#13;&#10;&#9;&#9;&#9;&#9;&#9;//Invalid username/password combo&#13;&#10;&#9;&#9;&#9;&#9;&#9;else&#13;&#10;&#9;&#9;&#9;&#9;&#9;{&#13;&#10;&#9;&#9;&#9;&#9;&#9;&#9;return generateInvalidAuthError();&#13;&#10;&#9;&#9;&#9;&#9;&#9;}&#13;&#10;&#9;&#9;&#9;&#9;}&#13;&#10;&#9;&#9;&#9;&#9;&#13;&#10;&#9;&#9;&#9;&#9;&#13;&#10;&#9;&#9;&#9;} catch (DatabaseInterfaceException e) {&#13;&#10;&#9;&#9;&#9;&#9;return generateError(e.getMessage(), e.getCode());&#13;&#10;&#9;&#9;&#9;}&#13;&#10;&#9;&#9;&#9;catch (JsonSyntaxException e)&#13;&#10;&#9;&#9;&#9;{&#13;&#10;&#9;&#9;&#9;&#9;return generateInvalidDataError();&#13;&#10;&#9;&#9;&#9;}&#13;&#10;&#9;&#9;&#9;catch (JsonParseException e)&#13;&#10;&#9;&#9;&#9;{&#13;&#10;&#9;&#9;&#9;&#9;return generateInvalidDataError();&#13;&#10;&#9;&#9;&#9;}&#13;&#10;&#9;}&#13;&#10;&#9;&#13;&#10;&#9;/**&#13;&#10;&#9; * Given request data containing JSON with a valid account username and password,&#13;&#10;&#9; * this function will call the delegates login function. This will be overwritten&#13;&#10;&#9; * in delegate to provide the desired functionality, that should only occur when a &#13;&#10;&#9; * valid username and password is valid.&#13;&#10;&#9; * &#13;&#10;&#9; * On Failure the user will be informed.&#13;&#10;&#9; * Ex Failure: {&quot;Success&quot;:&quot;FALSE&quot;,&quot;Message&quot;:&quot;Invalid Username \u0026 Authentication Token&quot;}&#13;&#10;&#9; * &#13;&#10;&#9; * @param requestData&#13;&#10;&#9; * @return JSON data&#13;&#10;&#9; */&#13;&#10;&#9;public final String loginSecuredProcess(String postData)&#13;&#10;&#9;{&#13;&#10;&#9;&#9;try&#13;&#10;&#9;&#9;{&#13;&#10;&#9;&#9;&#9;//Load account from post data&#13;&#10;&#9;&#9;&#9;Account account = gson.fromJson(postData, Account.class);&#13;&#10;&#9;&#9;&#9;&#13;&#10;&#9;&#9;&#9;&#13;&#10;&#9;&#9;&#9;&#13;&#10;&#9;&#9;&#9;//empty username&#13;&#10;&#9;&#9;&#9;if(account == null || account.getUsername()==null || account.getUsername().isEmpty())&#13;&#10;&#9;&#9;&#9;{&#13;&#10;&#9;&#9;&#9;&#9;return generateError(&quot;Invalid username&quot;, Codes.INVALID_USERNAME);&#13;&#10;&#9;&#9;&#9;}&#13;&#10;&#9;&#9;&#9;&#13;&#10;&#9;&#9;&#9;//empty password&#13;&#10;&#9;&#9;&#9;if(account.getPassword()==null || account.getPassword().isEmpty())&#13;&#10;&#9;&#9;&#9;{&#13;&#10;&#9;&#9;&#9;&#9;return generateError(&quot;Invalid password&quot;, Codes.INVALID_PASSWORD);&#13;&#10;&#9;&#9;&#9;}&#13;&#10;&#9;&#9;&#9;&#13;&#10;&#9;&#9;&#9;//get account from database&#13;&#10;&#9;&#9;&#9;Account accountFromDB = dbInterface.getAccount(account.getUsername());&#13;&#10;&#9;&#9;&#9;&#13;&#10;&#9;&#9;&#9;//No Valid Account&#13;&#10;&#9;&#9;&#9;if(accountFromDB == null)&#13;&#10;&#9;&#9;&#9;{&#13;&#10;&#9;&#9;&#9;&#9;ResponseObject response = new ResponseObject(false, &quot;User Not Found&quot;, Codes.NO_ACCOUNT);&#13;&#10;&#9;&#9;&#9;&#9;return gson.toJson(response, ResponseObject.class);&#13;&#10;&#9;&#9;&#9;} &#13;&#10;&#9;&#9;&#9;//Valid account&#13;&#10;&#9;&#9;&#9;else&#13;&#10;&#9;&#9;&#9;{&#13;&#10;&#9;&#9;&#9;&#9;//Account login valid&#13;&#10;&#9;&#9;&#9;&#9;if(accountFromDB.compareLogin(account))&#13;&#10;&#9;&#9;&#9;&#9;{&#13;&#10;&#9;&#9;&#9;&#9;&#9;return this.service.applyLoginProcess(accountFromDB, postData);&#13;&#10;&#9;&#9;&#9;&#9;}&#13;&#10;&#9;&#9;&#9;&#9;//Invalid username/password combo&#13;&#10;&#9;&#9;&#9;&#9;else&#13;&#10;&#9;&#9;&#9;&#9;{&#13;&#10;&#9;&#9;&#9;&#9;&#9;return generateInvalidLoginError();&#13;&#10;&#9;&#9;&#9;&#9;}&#13;&#10;&#9;&#9;&#9;}&#13;&#10;&#9;&#9;&#9;&#13;&#10;&#9;&#9;&#9;&#13;&#10;&#9;&#9;} catch (DatabaseInterfaceException e) {&#13;&#10;&#9;&#9;&#9;return generateError(e.getMessage(), e.getCode());&#13;&#10;&#9;&#9;}&#13;&#10;&#9;&#9;catch (JsonSyntaxException e)&#13;&#10;&#9;&#9;{&#13;&#10;&#9;&#9;&#9;return generateInvalidDataError();&#13;&#10;&#9;&#9;}&#13;&#10;&#9;&#9;catch (JsonParseException e)&#13;&#10;&#9;&#9;{&#13;&#10;&#9;&#9;&#9;return generateInvalidDataError();&#13;&#10;&#9;&#9;}&#13;&#10;&#9;}&#13;&#10;&#9;&#13;&#10;&#9;/**&#13;&#10;&#9; * Does not explicitly checks for any auth verification.&#13;&#10;&#9; * The call is simply passed on to the delegate, once the account&#13;&#10;&#9; * provided is determined.&#13;&#10;&#9; * &#13;&#10;&#9; * @param postData Data passed to the web service.&#13;&#10;&#9; * @return&#13;&#10;&#9; */&#13;&#10;&#9;public final String unsecuredProcess(String postData)&#13;&#10;&#9;{&#13;&#10;&#9;&#9;try&#13;&#10;&#9;&#9;{&#13;&#10;&#9;&#9;&#9;//Load account from post data&#13;&#10;&#9;&#9;&#9;Account account = gson.fromJson(postData, Account.class);&#13;&#10;&#9;&#9;&#9;&#13;&#10;&#9;&#9;&#9;//if(account == null) return generateError(&quot;Invalid Account Data&quot;, Codes.INVALID_USERNAME);&#13;&#10;&#9;&#9;&#9;&#13;&#10;&#9;&#9;&#9;&#13;&#10;&#9;&#9;&#9;return this.service.unsecureProcess(account, postData);&#13;&#10;&#9;&#9;&#9;&#13;&#10;&#9;&#9;} catch (DatabaseInterfaceException e) {&#13;&#10;&#9;&#9;&#9;return generateError(e.getMessage(), e.getCode());&#13;&#10;&#9;&#9;}&#13;&#10;&#9;&#9;catch (JsonSyntaxException e)&#13;&#10;&#9;&#9;{&#13;&#10;&#9;&#9;&#9;return generateInvalidDataError();&#13;&#10;&#9;&#9;}&#13;&#10;&#9;&#9;catch (JsonParseException e)&#13;&#10;&#9;&#9;{&#13;&#10;&#9;&#9;&#9;return generateInvalidDataError();&#13;&#10;&#9;&#9;}&#13;&#10;&#9;}&#13;&#10;&#9;&#13;&#10;&#9;/**&#13;&#10;&#9; * Returns the error for the case when a username has no matching account&#13;&#10;&#9; * @return&#13;&#10;&#9; */&#13;&#10;&#9;private String generateUsernameNotFoundError()&#13;&#10;&#9;{&#13;&#10;&#9;&#9;return generateError(&quot;The provided username is not registered.&quot;, Codes.NO_ACCOUNT);&#13;&#10;&#9;}&#13;&#10;&#9;&#13;&#10;&#9;/**&#13;&#10;&#9; * Returns the error when a username/password pair is invalid.&#13;&#10;&#9; * @return&#13;&#10;&#9; */&#13;&#10;&#9;private String generateInvalidLoginError()&#13;&#10;&#9;{&#13;&#10;&#9;&#9;return generateError(&quot;Invalid Login.&quot;, Codes.INVALID_LOGIN);&#13;&#10;&#9;}&#13;&#10;&#9;&#13;&#10;&#9;/**&#13;&#10;&#9; * Returns the error used when an username/auth is invalid.&#13;&#10;&#9; * @return&#13;&#10;&#9; */&#13;&#10;&#9;private String generateInvalidAuthError()&#13;&#10;&#9;{&#13;&#10;&#9;&#9;return generateError(&quot;The provided authtoken and username is invalid.&quot;, Codes.NOT_AUTHED);&#13;&#10;&#9;}&#13;&#10;&#9;&#13;&#10;&#9;/**&#13;&#10;&#9; * Returns the error used when the data provided is invalid.&#13;&#10;&#9; * @return&#13;&#10;&#9; */&#13;&#10;&#9;protected String generateInvalidDataError()&#13;&#10;&#9;{&#13;&#10;&#9;&#9;return generateError(&quot;Invalid post data.&quot;, Codes.INVALID_DATA);&#13;&#10;&#9;}&#13;&#10;&#9;&#13;&#10;&#9;/**&#13;&#10;&#9; * Returns and error&#13;&#10;&#9; * &#13;&#10;&#9; * @param message&#13;&#10;&#9; * @return&#13;&#10;&#9; */&#13;&#10;&#9;protected String generateError(String message, int code)&#13;&#10;&#9;{&#13;&#10;&#9;&#9;ResponseObject response = new ResponseObject(false, message, code);&#13;&#10;&#9;&#9;return gson.toJson(response, ResponseObject.class);&#13;&#10;&#9;}&#13;&#10;&#9;&#13;&#10;&#9;/**&#13;&#10;&#9; * Clean up method for the service.&#13;&#10;&#9; * All actions made on this object after calling this method is undefined.&#13;&#10;&#9; * &#13;&#10;&#9; */&#13;&#10;&#9;public void close()&#13;&#10;&#9;{&#13;&#10;&#9;&#9;this.service.close();&#13;&#10;&#9;}&#13;&#10;&#9;&#13;&#10;}&#13;&#10;" Filename="SecureService.java" Intrnl_Id="20"/>
<SrcFile Content="package services;&#13;&#10;&#13;&#10;import util.Codes;&#13;&#10;&#13;&#10;import com.google.gson.Gson;&#13;&#10;&#13;&#10;import dataModels.Account;&#13;&#10;import database.DatabaseInterface;&#13;&#10;import database.DatabaseInterface.DatabaseInterfaceException;&#13;&#10;import database.ResponseObject;&#13;&#10;&#13;&#10;/**&#13;&#10; * The ServiceDelegate extension that deals with the process of creating new accounts.&#13;&#10; * &#13;&#10; * @author dddurand&#13;&#10; *&#13;&#10; * @SRS 3.2.2.2&#13;&#10; *&#13;&#10; */&#13;&#10;public class RegisterDelegate extends ServiceDelegate{&#13;&#10;&#13;&#10;&#9;/**&#13;&#10;&#9; * General Constructor&#13;&#10;&#9; * &#13;&#10;&#9; * @param gson The gson object to be used to convert from / to JSON strings.&#13;&#10;&#9; * @param dbInterface The interface to the external database.&#13;&#10;&#9; */&#13;&#10;&#9;public RegisterDelegate(Gson gson, DatabaseInterface dbInterface) {&#13;&#10;&#9;&#9;super(gson, dbInterface);&#13;&#10;&#9;}&#13;&#10;&#13;&#10;&#9;/**&#13;&#10;&#9; * The process used to generate a new account for the webservice&#13;&#10;&#9; */&#13;&#10;&#9;@Override&#13;&#10;&#9;public String unsecureProcess(Account account, String postData)&#13;&#10;&#9;&#9;&#9;throws DatabaseInterfaceException {&#13;&#10;&#9;&#9;&#9;&#13;&#10;&#9;&#9;&#9;if(account.getUsername() == null || account.getUsername().isEmpty())&#13;&#10;&#9;&#9;&#9;{&#13;&#10;&#9;&#9;&#9;&#9;ResponseObject response = new ResponseObject(false, &quot;Invalid Username Provided&quot;, Codes.INVALID_USERNAME);&#13;&#10;&#9;&#9;&#9;&#9;return gson.toJson(response, ResponseObject.class);&#13;&#10;&#9;&#9;&#9;}&#13;&#10;&#9;&#9;&#9;&#13;&#10;&#9;&#9;&#9;if(account.getPassword() == null || account.getPassword().isEmpty())&#13;&#10;&#9;&#9;&#9;{&#13;&#10;&#9;&#9;&#9;&#9;ResponseObject response = new ResponseObject(false, &quot;Invalid Password Provided&quot;, Codes.INVALID_PASSWORD);&#13;&#10;&#9;&#9;&#9;&#9;return gson.toJson(response, ResponseObject.class);&#13;&#10;&#9;&#9;&#9;}&#13;&#10;&#9;&#9;&#9;&#13;&#10;&#9;&#9;&#9;if(dbInterface.isDuplicateUsername(account.getUsername()))&#13;&#10;&#9;&#9;&#9;{&#13;&#10;&#9;&#9;&#9;&#9;ResponseObject response = new ResponseObject(false, &quot;Username already in use.&quot;, Codes.DUPLICATE_USERNAME);&#13;&#10;&#9;&#9;&#9;&#9;return gson.toJson(response, ResponseObject.class);&#13;&#10;&#9;&#9;&#9;}&#13;&#10;&#9;&#9;&#9;&#13;&#10;&#9;&#9;&#9;dbInterface.addAccount(account);&#13;&#10;&#9;&#9;&#9;ResponseObject response = new ResponseObject(true, ResponseObject.SUCCESS, Codes.SUCCESS);&#13;&#10;&#9;&#9;&#9;return gson.toJson(response, ResponseObject.class);&#13;&#10;&#9;&#9;&#13;&#10;&#9;}&#13;&#10;&#13;&#10;}&#13;&#10;" Filename="RegisterDelegate.java" Intrnl_Id="21"/>
<SrcFile Content="package services;&#13;&#10;&#13;&#10;import java.util.ArrayList;&#13;&#10;&#13;&#10;import util.Codes;&#13;&#10;&#13;&#10;import com.google.gson.Gson;&#13;&#10;&#13;&#10;import dataModels.Account;&#13;&#10;import dataModels.Filter;&#13;&#10;import dataModels.PersonalStatistics;&#13;&#10;import dataModels.RankingStatistics;&#13;&#10;import dataModels.RankingStatistics.RankedDataRow;&#13;&#10;import database.DatabaseInterface;&#13;&#10;import database.DatabaseInterface.DatabaseInterfaceException;&#13;&#10;import database.ResponseObject;&#13;&#10;&#13;&#10;/**&#13;&#10; * This delegate ranking the creation of the ranking statistics from the&#13;&#10; * data contained in the database.&#13;&#10; * &#13;&#10; * @SRS 3.2.2.4&#13;&#10; * &#13;&#10; * @author dddurand&#13;&#10; *&#13;&#10; */&#13;&#10;public class RankingStatisticsDelegate extends ServiceDelegate{&#13;&#10;&#13;&#10;&#9;public RankingStatisticsDelegate(Gson gson, DatabaseInterface dbInterface) {&#13;&#10;&#9;&#9;super(gson, dbInterface);&#13;&#10;&#9;&#9;// TODO Auto-generated constructor stub&#13;&#10;&#9;}&#13;&#10;&#9;&#13;&#10;&#9;/**&#13;&#10;&#9; * Processes data in the database, and returns an ordered list of users&#13;&#10;&#9; * based on a ranking value.&#13;&#10;&#9; * &#13;&#10;&#9; * &#13;&#10;&#9; */&#13;&#10;&#9;@Override&#13;&#10;&#9;public String applyAuthProcess(Account postAccount, String postData)&#13;&#10;&#9;&#9;&#9;throws DatabaseInterfaceException {&#13;&#10;&#13;&#10;&#9;&#9;Filter filter = gson.fromJson(postData, Filter.class);&#13;&#10;&#9;&#9;&#13;&#10;&#9;&#9;ArrayList&lt;RankedDataRow&gt; rankData = dbInterface.getRankedUsers(filter);&#13;&#10;&#13;&#10;&#9;&#9;PersonalStatistics personalStats = new PersonalStatistics(postAccount, dbInterface, filter);&#13;&#10;&#9;&#9;RankedDataRow myRankData = personalStats.getMyRating();&#13;&#10;&#9;&#9;&#13;&#10;&#9;&#9;RankingStatistics statistics = new RankingStatistics(rankData, myRankData);&#13;&#10;&#9;&#9;&#13;&#10;&#9;&#9;ResponseObject responseObject = new ResponseObject(true, &quot;Ranking Results&quot;, Codes.SUCCESS);&#13;&#10;&#9;&#9;responseObject.setRankingStatistics(statistics);&#13;&#10;&#9;&#9;&#13;&#10;&#9;&#9;String result = gson.toJson(responseObject);&#13;&#10;&#9;&#9;&#13;&#10;&#9;&#9;return result;&#13;&#10;&#13;&#10;&#9;}&#13;&#10;&#13;&#10;&#13;&#10;}&#13;&#10;" Filename="RankingStatisticsDelegate.java" Intrnl_Id="22"/>
<SrcFile Content="package services;&#13;&#10;&#13;&#10;import util.Codes;&#13;&#10;&#13;&#10;import com.google.gson.Gson;&#13;&#10;&#13;&#10;import dataModels.Account;&#13;&#10;import dataModels.Filter;&#13;&#10;import dataModels.PersonalStatistics;&#13;&#10;import database.DatabaseInterface;&#13;&#10;import database.DatabaseInterface.DatabaseInterfaceException;&#13;&#10;import database.ResponseObject;&#13;&#10;&#13;&#10;/**&#13;&#10; * This delegate facilitates the creation of the personal statistics from the&#13;&#10; * data contained in the database.&#13;&#10; * &#13;&#10; * @SRS 3.2.2.6&#13;&#10; * @author dddurand&#13;&#10; *&#13;&#10; */&#13;&#10;public class PersonalStatisticsDelegate extends ServiceDelegate {&#13;&#10;&#13;&#10;&#9;public PersonalStatisticsDelegate(Gson gson, DatabaseInterface dbInterface) {&#13;&#10;&#9;&#9;super(gson, dbInterface);&#13;&#10;&#9;&#9;// TODO Auto-generated constructor stub&#13;&#10;&#9;}&#13;&#10;&#13;&#10;&#9;/**&#13;&#10;&#9; * Processes data in the database into a series of person statistics&#13;&#10;&#9; * &#13;&#10;&#9; */&#13;&#10;&#9;@Override&#13;&#10;&#9;public String applyAuthProcess(Account postAccount, String postData)&#13;&#10;&#9;&#9;&#9;throws DatabaseInterfaceException {&#13;&#10;&#13;&#10;&#9;&#9;Filter filter = gson.fromJson(postData, Filter.class);&#13;&#10;&#9;&#9;&#13;&#10;&#9;&#9;PersonalStatistics stat = new PersonalStatistics(postAccount, dbInterface, filter);&#13;&#10;&#9;&#9;stat.generateAllStatistics();&#13;&#10;&#13;&#10;&#9;&#9;ResponseObject response = new ResponseObject(true, &quot;SUCCESS&quot;, Codes.SUCCESS);&#13;&#10;&#9;&#9;response.setPersonalStatistics(stat);&#13;&#10;&#13;&#10;&#9;&#9;return gson.toJson(response, ResponseObject.class);&#13;&#10;&#13;&#10;&#9;}&#13;&#10;}&#13;&#10;" Filename="PersonalStatisticsDelegate.java" Intrnl_Id="23"/>
<SrcFile Content="package services;&#13;&#10;&#13;&#10;import util.Codes;&#13;&#10;&#13;&#10;import com.google.gson.Gson;&#13;&#10;&#13;&#10;import dataModels.Account;&#13;&#10;import database.DatabaseInterface;&#13;&#10;import database.DatabaseInterface.DatabaseInterfaceException;&#13;&#10;import database.ResponseObject;&#13;&#10;&#13;&#10;&#13;&#10;/**&#13;&#10; * The ServiceDelegate extension that deals with the process of logging out a user,&#13;&#10; * through the invalidation/removal of the current authentication token for the account.&#13;&#10; * &#13;&#10; * @SRS 3.2.2.7.1&#13;&#10; * &#13;&#10; * @author dddurand&#13;&#10; *&#13;&#10; */&#13;&#10;public class LogoutDelegate extends ServiceDelegate{&#13;&#10;&#13;&#10;&#9;/**&#13;&#10;&#9; * General Constructor&#13;&#10;&#9; * @param gson&#13;&#10;&#9; * @param dbInterface&#13;&#10;&#9; */&#13;&#10;&#9;public LogoutDelegate(Gson gson, DatabaseInterface dbInterface) {&#13;&#10;&#9;&#9;super(gson, dbInterface);&#13;&#10;&#9;}&#13;&#10;&#13;&#10;&#9;/**&#13;&#10;&#9; * The process that invalidates the current account's auth token.&#13;&#10;&#9; */&#13;&#10;&#9; @Override&#13;&#10;&#9;public String applyAuthProcess(Account postAccount, String postData)&#13;&#10;&#9;&#9;&#9;throws DatabaseInterfaceException {&#13;&#10;&#9;&#9; dbInterface.invalidateAuth(postAccount.getUsername());&#13;&#10;&#9;&#9;&#9;ResponseObject response = new ResponseObject(true, ResponseObject.SUCCESS, Codes.SUCCESS);&#13;&#10;&#9;&#9;&#9;return gson.toJson(response, ResponseObject.class);&#13;&#10;&#9;}&#13;&#10;&#13;&#10;}" Filename="LogoutDelegate.java" Intrnl_Id="24"/>
<SrcFile Content="package services;&#13;&#10;&#13;&#10;import java.util.UUID;&#13;&#10;&#13;&#10;import util.Codes;&#13;&#10;&#13;&#10;import com.google.gson.Gson;&#13;&#10;&#13;&#10;import dataModels.Account;&#13;&#10;import database.DatabaseInterface;&#13;&#10;import database.ResponseObject;&#13;&#10;import database.DatabaseInterface.DatabaseInterfaceException;&#13;&#10;&#13;&#10;/**&#13;&#10; * The ServiceDelegate extension that deals with the process of loggin in users,&#13;&#10; * through the generation of new authentication tokens.&#13;&#10; * &#13;&#10; * @author dddurand&#13;&#10; *&#13;&#10; * @SRS 3.2.2.1&#13;&#10; *&#13;&#10; */&#13;&#10;public class LoginDelegate extends ServiceDelegate{&#13;&#10;&#13;&#10;&#9;/**&#13;&#10;&#9; * General Constructor&#13;&#10;&#9; * &#13;&#10;&#9; * @param gson&#13;&#10;&#9; * @param dbInterface&#13;&#10;&#9; */&#13;&#10;&#9;public LoginDelegate(Gson gson, DatabaseInterface dbInterface) {&#13;&#10;&#9;&#9;super(gson, dbInterface);&#13;&#10;&#9;}&#13;&#10;&#13;&#10;&#9;/**&#13;&#10;&#9; * Starts the process of logging in the provided account.&#13;&#10;&#9; */&#13;&#10;&#9;@Override&#13;&#10;&#9;public String applyLoginProcess(Account account, String postData)&#13;&#10;&#9;&#9;&#9;throws DatabaseInterfaceException {&#13;&#10;&#9;&#9;&#13;&#10;&#9;&#9;String authToken = generateAuthenticationToken(account);&#13;&#10;&#9;&#9;&#13;&#10;&#9;&#9;ResponseObject response = new ResponseObject(true, ResponseObject.SUCCESS, Codes.SUCCESS);&#13;&#10;&#9;&#9;response.setAuthenticationToken(authToken);&#13;&#10;&#9;&#9;return gson.toJson(response, ResponseObject.class);&#13;&#10;&#9;}&#13;&#10;&#9;&#13;&#10;&#9;/**&#13;&#10;&#9; * Generates a unique authentication token for a given account, and stores it to the database.&#13;&#10;&#9; * &#13;&#10;&#9; * @param account Account to tie the new authToken to.&#13;&#10;&#9; * @return The AuthToken Generated&#13;&#10;&#9; * @throws DatabaseInterfaceException&#13;&#10;&#9; */&#13;&#10;&#9;private String generateAuthenticationToken(Account account) throws DatabaseInterfaceException&#13;&#10;&#9;{&#13;&#10;&#9;&#9;String authToken = UUID.randomUUID().toString();&#13;&#10;&#9;&#9;&#13;&#10;&#9;&#9;dbInterface.setAuth(account.getUsername(), authToken);&#13;&#10;&#9;&#9;&#13;&#10;&#9;&#9;return authToken;&#13;&#10;&#9;}&#13;&#10;&#9;&#13;&#10;}&#13;&#10;" Filename="LoginDelegate.java" Intrnl_Id="25"/>
<SrcFile Content="package services;&#13;&#10;&#13;&#10;import util.Codes;&#13;&#10;&#13;&#10;import com.google.gson.Gson;&#13;&#10;&#13;&#10;import dataModels.Account;&#13;&#10;import dataModels.CommunityStatistics;&#13;&#10;import dataModels.Filter;&#13;&#10;import database.DatabaseInterface;&#13;&#10;import database.DatabaseInterface.DatabaseInterfaceException;&#13;&#10;import database.ResponseObject;&#13;&#10;&#13;&#10;/**&#13;&#10; * This delegate facilitates the creation of the community statistics from the&#13;&#10; * data contained in the database.&#13;&#10; * &#13;&#10; * @SRS 3.2.2.5&#13;&#10; * @author dddurand&#13;&#10; *&#13;&#10; */&#13;&#10;public class CommunityStatisticsDelegate extends ServiceDelegate {&#13;&#10;&#13;&#10;&#9;public CommunityStatisticsDelegate(Gson gson, DatabaseInterface dbInterface) {&#13;&#10;&#9;&#9;super(gson, dbInterface);&#13;&#10;&#9;&#9;// TODO Auto-generated constructor stub&#13;&#10;&#9;}&#13;&#10;&#13;&#10;&#9;/**&#13;&#10;&#9; * Processes data in the database into a series of person statistics&#13;&#10;&#9; * &#13;&#10;&#9; */&#13;&#10;&#9;@Override&#13;&#10;&#9;public String applyAuthProcess(Account postAccount, String postData)&#13;&#10;&#9;&#9;&#9;throws DatabaseInterfaceException {&#13;&#10;&#13;&#10;&#9;&#9;Filter filter = gson.fromJson(postData, Filter.class);&#13;&#10;&#9;&#9;&#13;&#10;&#9;&#9;CommunityStatistics stat = new CommunityStatistics(dbInterface, filter);&#13;&#10;&#9;&#9;stat.generateAllStatistics();&#13;&#10;&#13;&#10;&#9;&#9;ResponseObject response = new ResponseObject(true, &quot;SUCCESS&quot;, Codes.SUCCESS);&#13;&#10;&#9;&#9;response.setCommunityStatistics(stat);&#13;&#10;&#13;&#10;&#9;&#9;return gson.toJson(response, ResponseObject.class);&#13;&#10;&#13;&#10;&#9;}&#13;&#10;}&#13;&#10;" Filename="CommunityStatisticsDelegate.java" Intrnl_Id="26"/>
<SrcFile Content="package services;&#13;&#10;&#13;&#10;import javax.servlet.ServletException;&#13;&#10;&#13;&#10;import com.google.gson.Gson;&#13;&#10;import com.google.gson.GsonBuilder;&#13;&#10;&#13;&#10;import database.DatabaseInterface;&#13;&#10;import database.DatabaseInterface.DatabaseInterfaceException;&#13;&#10;import database.DatabaseTest;&#13;&#10;import database.ResponseObject;&#13;&#10;&#13;&#10;/**&#13;&#10; * The OLD service that deals with the authentication for the webservice,&#13;&#10; * including registration, login, and logout.&#13;&#10; * &#13;&#10; * The service also generates the auth tokens for account.&#13;&#10; * &#13;&#10; * THIS OBJECT IS NO LONGER IN USE, OTHER THAN FOR THE DATABASE TEST&#13;&#10; * THAT IS TRIGGERED BY A GET TO THE LOGIN SERVLET&#13;&#10; * &#13;&#10; * @author dddurand&#13;&#10; *&#13;&#10; */&#13;&#10;public class AuthenticationService {&#13;&#10;&#13;&#10;&#9;private DatabaseInterface dbInterface;&#13;&#10;&#9;@SuppressWarnings(&quot;unused&quot;)&#13;&#10;&#9;private Gson gson;&#13;&#10;&#9;&#13;&#10;&#9;/**&#13;&#10;&#9; * General constructor&#13;&#10;&#9; * &#13;&#10;&#9; * @throws ServletException&#13;&#10;&#9; */&#13;&#10;&#9;public AuthenticationService() throws ServletException&#13;&#10;&#9;{ &#13;&#10;&#9;&#9;try {&#13;&#10;&#9;&#9;&#9;//Generate GSON builder with additional custom add-ons needed for custom serialization&#13;&#10;&#9;&#9;&#9;GsonBuilder gsonBuilder = new GsonBuilder();&#13;&#10;&#9;&#9;&#9;gsonBuilder.registerTypeAdapter(ResponseObject.class, new ResponseObject.ResponseSerializer());&#13;&#10;&#9;&#9;&#9;gson = gsonBuilder.create();&#13;&#10;&#9;&#9;&#9;&#13;&#10;&#9;&#9;&#9;dbInterface = new DatabaseInterface();&#13;&#10;&#9;&#9;} catch (DatabaseInterfaceException e) {&#13;&#10;&#9;&#9;&#9;//@TODO Generate Error JSON of some kind&#13;&#10;&#9;&#9;&#9;throw new ServletException(e);&#13;&#10;&#9;&#9;}&#13;&#10;&#9;}&#13;&#10;&#9;&#13;&#10;&#9;&#13;&#10;&#9;public String testDatabaseConnection()&#13;&#10;&#9;{&#13;&#10;&#9;&#9;String result = DatabaseTest.Test();&#13;&#10;&#9;&#9;dbInterface.close();&#13;&#10;&#9;&#9;return result;&#13;&#10;&#9;&#9;&#13;&#10;&#9;}&#13;&#10;&#13;&#10;&#9;&#13;&#10;}&#13;&#10;" Filename="AuthenticationService.java" Intrnl_Id="27"/>
<SrcFile Content="package database;&#13;&#10;&#13;&#10;import java.lang.reflect.Type;&#13;&#10;import java.util.ArrayList;&#13;&#10;&#13;&#10;import com.google.gson.JsonArray;&#13;&#10;import com.google.gson.JsonElement;&#13;&#10;import com.google.gson.JsonObject;&#13;&#10;import com.google.gson.JsonPrimitive;&#13;&#10;import com.google.gson.JsonSerializationContext;&#13;&#10;import com.google.gson.JsonSerializer;&#13;&#10;&#13;&#10;import dataModels.CommunityStatistics;&#13;&#10;import dataModels.PersonalStatistics;&#13;&#10;import dataModels.RankingStatistics;&#13;&#10;&#13;&#10;/**&#13;&#10; * The object used to generate the JSON response from a webservice call.&#13;&#10; * &#13;&#10; * @SRS 3.2.2.1 -&gt; 3.2.2.8&#13;&#10; * @author dddurand&#13;&#10; *&#13;&#10; */&#13;&#10;public class ResponseObject {&#13;&#10;&#13;&#10;&#9;public final static String SUCCESS = &quot;TRUE&quot;;&#13;&#10;&#9;public final static String FAILURE = &quot;FALSE&quot;;&#13;&#10;&#9;&#13;&#10;&#9;private boolean success;&#13;&#10;&#9;private String message;&#13;&#10;&#9;private int code;&#13;&#10;&#9;private ArrayList&lt;String&gt; uploadGameSuccess;&#13;&#10;&#9;private ArrayList&lt;Integer&gt; uploadMiscSuccess;&#13;&#10;&#9;private PersonalStatistics personalStatistics;&#13;&#10;&#9;private RankingStatistics rankingStatistics;&#13;&#10;&#9;private CommunityStatistics communityStatistics;&#13;&#10;&#9;&#13;&#10;&#9;private String authenticationToken;&#13;&#10;&#9;&#13;&#10;&#9;/**&#13;&#10;&#9; * Generic Constructor&#13;&#10;&#9; * For GSON&#13;&#10;&#9; */&#13;&#10;&#9;public ResponseObject() { }&#13;&#10;&#9;&#13;&#10;&#9;/**&#13;&#10;&#9; * Standard Constructor&#13;&#10;&#9; * &#13;&#10;&#9; * @param success Represents if the operation was successful or not.&#13;&#10;&#9; * @param message A message detailing errors, or general messages.&#13;&#10;&#9; */&#13;&#10;&#9;public ResponseObject(boolean success, String message, int code)&#13;&#10;&#9;{&#13;&#10;&#9;&#9;this.success = success;&#13;&#10;&#9;&#9;this.message = message;&#13;&#10;&#9;&#9;this.code = code;&#13;&#10;&#9;}&#13;&#10;&#9;&#13;&#10;&#9;&#13;&#10;&#9;&#13;&#10;&#9;/**&#13;&#10;&#9; * Getter for response code&#13;&#10;&#9; * @return&#13;&#10;&#9; */&#13;&#10;&#9;public int getCode() {&#13;&#10;&#9;&#9;return code;&#13;&#10;&#9;}&#13;&#10;&#13;&#10;&#9;/**&#13;&#10;&#9; * Setter for response code&#13;&#10;&#9; * @return&#13;&#10;&#9; */&#13;&#10;&#9;public void setCode(int code) {&#13;&#10;&#9;&#9;this.code = code;&#13;&#10;&#9;}&#13;&#10;&#13;&#10;&#9;/**&#13;&#10;&#9; * Community stats getter&#13;&#10;&#9; * @return&#13;&#10;&#9; */&#13;&#10;&#9;public CommunityStatistics getCommunityStatistics() {&#13;&#10;&#9;&#9;return communityStatistics;&#13;&#10;&#9;}&#13;&#10;&#13;&#10;&#9;/**&#13;&#10;&#9; * Community stats setter&#13;&#10;&#9; * &#13;&#10;&#9; * @param communityStatistics&#13;&#10;&#9; */&#13;&#10;&#9;public void setCommunityStatistics(CommunityStatistics communityStatistics) {&#13;&#10;&#9;&#9;this.communityStatistics = communityStatistics;&#13;&#10;&#9;}&#13;&#10;&#13;&#10;&#9;/**&#13;&#10;&#9; * Ranking Stats Getter&#13;&#10;&#9; * &#13;&#10;&#9; * @return&#13;&#10;&#9; */&#13;&#10;&#9;public RankingStatistics getRankingStatistics() {&#13;&#10;&#9;&#9;return rankingStatistics;&#13;&#10;&#9;}&#13;&#10;&#13;&#10;&#9;/**&#13;&#10;&#9; * Ranking Statistics Setter&#13;&#10;&#9; * &#13;&#10;&#9; * @param rankingStatistics&#13;&#10;&#9; */&#13;&#10;&#9;public void setRankingStatistics(RankingStatistics rankingStatistics) {&#13;&#10;&#9;&#9;this.rankingStatistics = rankingStatistics;&#13;&#10;&#9;}&#13;&#10;&#13;&#10;&#9;/**&#13;&#10;&#9; * Getter for uploadGameSuccess&#13;&#10;&#9; * @return&#13;&#10;&#9; */&#13;&#10;&#9;public ArrayList&lt;String&gt; getUploadGameSuccess() {&#13;&#10;&#9;&#9;return uploadGameSuccess;&#13;&#10;&#9;}&#13;&#10;&#13;&#10;&#9;/**&#13;&#10;&#9; * Setter for uploadGameSuccess&#13;&#10;&#9; * @return&#13;&#10;&#9; */&#13;&#10;&#9;public void setUploadGameSuccess(ArrayList&lt;String&gt; uploadGameSuccess) {&#13;&#10;&#9;&#9;this.uploadGameSuccess = uploadGameSuccess;&#13;&#10;&#9;}&#13;&#10;&#13;&#10;&#9;/**&#13;&#10;&#9; * Getter for uploadMiscSuccess&#13;&#10;&#9; * @return&#13;&#10;&#9; */&#13;&#10;&#9;public ArrayList&lt;Integer&gt; getUploadMiscSuccess() {&#13;&#10;&#9;&#9;return uploadMiscSuccess;&#13;&#10;&#9;}&#13;&#10;&#13;&#10;&#9;/**&#13;&#10;&#9; * Setter for uploadMiscSuccess&#13;&#10;&#9; * @return&#13;&#10;&#9; */&#13;&#10;&#9;public void setUploadMiscSuccess(ArrayList&lt;Integer&gt; miscUploadResults) {&#13;&#10;&#9;&#9;this.uploadMiscSuccess = miscUploadResults;&#13;&#10;&#9;}&#13;&#10;&#13;&#10;&#9;/**'&#13;&#10;&#9; * Returns success parameter&#13;&#10;&#9; * @return&#13;&#10;&#9; */&#13;&#10;&#9;public boolean isSuccess() {&#13;&#10;&#9;&#9;return success;&#13;&#10;&#9;}&#13;&#10;&#13;&#10;&#9;/**&#13;&#10;&#9; * Sets success parameter&#13;&#10;&#9; * @param success&#13;&#10;&#9; */&#13;&#10;&#9;public void setSuccess(boolean success) {&#13;&#10;&#9;&#9;this.success = success;&#13;&#10;&#9;}&#13;&#10;&#13;&#10;&#9;/**&#13;&#10;&#9; * Returns message parameter&#13;&#10;&#9; * &#13;&#10;&#9; * @return&#13;&#10;&#9; */&#13;&#10;&#9;public String getMessage() {&#13;&#10;&#9;&#9;return message;&#13;&#10;&#9;}&#13;&#10;&#13;&#10;&#9;/**&#13;&#10;&#9; * Sets message parameter&#13;&#10;&#9; * &#13;&#10;&#9; * @param message&#13;&#10;&#9; */&#13;&#10;&#9;public void setMessage(String message) {&#13;&#10;&#9;&#9;this.message = message;&#13;&#10;&#9;}&#13;&#10;&#13;&#10;&#9;/**&#13;&#10;&#9; * Get Auth token parameter&#13;&#10;&#9; * &#13;&#10;&#9; * @return&#13;&#10;&#9; */&#13;&#10;&#9;public String getAuthenticationToken() {&#13;&#10;&#9;&#9;return authenticationToken;&#13;&#10;&#9;}&#13;&#10;&#13;&#10;&#9;/**&#13;&#10;&#9; * Set auth parameter&#13;&#10;&#9; * &#13;&#10;&#9; * @param authenticationToken&#13;&#10;&#9; */&#13;&#10;&#9;public void setAuthenticationToken(String authenticationToken) {&#13;&#10;&#9;&#9;this.authenticationToken = authenticationToken;&#13;&#10;&#9;}&#13;&#10;&#9;&#13;&#10;&#9;/**&#13;&#10;&#9; * Getter for personal stats&#13;&#10;&#9; * &#13;&#10;&#9; * @return&#13;&#10;&#9; */&#13;&#10;&#9;public PersonalStatistics getPersonalStatistics() {&#13;&#10;&#9;&#9;return personalStatistics;&#13;&#10;&#9;}&#13;&#10;&#13;&#10;&#9;/**&#13;&#10;&#9; * Setter for personal stats&#13;&#10;&#9; * &#13;&#10;&#9; * @return&#13;&#10;&#9; */&#13;&#10;&#9;public void setPersonalStatistics(PersonalStatistics personalStatistics) {&#13;&#10;&#9;&#9;this.personalStatistics = personalStatistics;&#13;&#10;&#9;}&#13;&#10;&#13;&#10;&#9;/**&#13;&#10;&#9; * GSON Serializer for the ResponseObject&#13;&#10;&#9; * @author dddurand&#13;&#10;&#9; *&#13;&#10;&#9; */&#13;&#10;&#9;public static class ResponseSerializer implements JsonSerializer&lt;ResponseObject&gt; {&#13;&#10;&#13;&#10;&#9;&#9;/**&#13;&#10;&#9;&#9; * Takes a response object and seralizes it into a JsonElement&#13;&#10;&#9;&#9; */&#13;&#10;&#9;&#9;@Override&#13;&#10;&#9;&#9;public JsonElement serialize(ResponseObject response, Type type,&#13;&#10;&#9;&#9;&#9;&#9;JsonSerializationContext context) &#13;&#10;&#9;&#9;{&#13;&#10;&#9;&#9;&#9;JsonObject jsonObject = new JsonObject();&#13;&#10;&#9;&#9;&#9;String message = response.getMessage();&#13;&#10;&#9;&#9;&#9;String authenticationToken = response.getAuthenticationToken();&#13;&#10;&#9;&#9;&#9;ArrayList&lt;String&gt; gameResults = response.getUploadGameSuccess();&#13;&#10;&#9;&#9;&#9;ArrayList&lt;Integer&gt; miscResults = response.getUploadMiscSuccess();&#13;&#10;&#9;&#9;&#9;PersonalStatistics personalStatistics = response.getPersonalStatistics();&#13;&#10;&#9;&#9;&#9;RankingStatistics rankingStatistics = response.getRankingStatistics();&#13;&#10;&#9;&#9;&#9;CommunityStatistics communityStatistics = response.getCommunityStatistics();&#13;&#10;&#9;&#9;&#9;&#13;&#10;&#9;&#9;&#9;jsonObject.add(&quot;Code&quot;, new JsonPrimitive(response.getCode()));&#13;&#10;&#9;&#9;&#9;&#13;&#10;&#9;&#9;&#9;if(response.isSuccess())&#13;&#10;&#9;&#9;&#9;&#9;jsonObject.add(&quot;Success&quot;, new JsonPrimitive(SUCCESS));&#13;&#10;&#9;&#9;&#9;else&#13;&#10;&#9;&#9;&#9;&#9;jsonObject.add(&quot;Success&quot;, new JsonPrimitive(FAILURE));&#13;&#10;&#9;&#9;&#9;&#13;&#10;&#9;&#9;&#9;if(message!=null &amp;&amp; !message.isEmpty())&#13;&#10;&#9;&#9;&#9;&#9;jsonObject.add(&quot;Message&quot;, new JsonPrimitive(message));&#13;&#10;&#9;&#9;&#9;&#13;&#10;&#9;&#9;&#9;if(authenticationToken!=null &amp;&amp; !authenticationToken.isEmpty())&#13;&#10;&#9;&#9;&#9;&#9;jsonObject.add(&quot;AuthenticationToken&quot;, new JsonPrimitive(authenticationToken));&#13;&#10;&#9;&#9;&#9;&#13;&#10;&#9;&#9;&#9;if(gameResults!= null &amp;&amp; !gameResults.isEmpty())&#13;&#10;&#9;&#9;&#9;{&#13;&#10;&#9;&#9;&#9;&#9;JsonArray results = new JsonArray();&#13;&#10;&#9;&#9;&#9;&#9;for(String gameID : gameResults)&#13;&#10;&#9;&#9;&#9;&#9;&#9;results.add(new JsonPrimitive(gameID));&#13;&#10;&#9;&#9;&#9;&#9;&#13;&#10;&#9;&#9;&#9;&#9;jsonObject.add(&quot;game_success_uploads&quot;, results);&#13;&#10;&#9;&#9;&#9;&#9;&#9;&#13;&#10;&#9;&#9;&#9;}&#13;&#10;&#9;&#9;&#9;&#13;&#10;&#9;&#9;&#9;if(miscResults!= null &amp;&amp; !miscResults.isEmpty())&#13;&#10;&#9;&#9;&#9;{&#13;&#10;&#9;&#9;&#9;&#9;JsonArray results = new JsonArray();&#13;&#10;&#9;&#9;&#9;&#9;for(Integer position : miscResults)&#13;&#10;&#9;&#9;&#9;&#9;&#9;results.add(new JsonPrimitive(position));&#13;&#10;&#9;&#9;&#9;&#9;&#13;&#10;&#9;&#9;&#9;&#9;jsonObject.add(&quot;misc_success_uploads&quot;, results);&#13;&#10;&#9;&#9;&#9;}&#13;&#10;&#9;&#9;&#9;&#13;&#10;&#9;&#9;&#9;if(personalStatistics != null)&#13;&#10;&#9;&#9;&#9;{&#13;&#10;&#9;&#9;&#9;&#9;JsonElement element = context.serialize(personalStatistics);&#13;&#10;&#9;&#9;&#9;&#9;jsonObject.add(&quot;personal_statistics&quot;, element);&#13;&#10;&#9;&#9;&#9;}&#13;&#10;&#9;&#9;&#9;&#13;&#10;&#9;&#9;&#9;if(rankingStatistics != null)&#13;&#10;&#9;&#9;&#9;{&#13;&#10;&#9;&#9;&#9;&#9;JsonElement rankedDataElement = context.serialize(rankingStatistics.getRankedData());&#13;&#10;&#9;&#9;&#9;&#9;JsonElement myRankedDataElement = context.serialize(rankingStatistics.getMyRankData());&#13;&#10;&#9;&#9;&#9;&#9;jsonObject.add(&quot;ranked_statistics&quot;, rankedDataElement);&#13;&#10;&#9;&#9;&#9;&#9;jsonObject.add(&quot;my_ranked_statistics&quot;, myRankedDataElement);&#13;&#10;&#9;&#9;&#9;}&#13;&#10;&#9;&#9;&#9;&#13;&#10;&#9;&#9;&#9;if(communityStatistics != null)&#13;&#10;&#9;&#9;&#9;{&#13;&#10;&#9;&#9;&#9;&#9;JsonElement commDataElement = context.serialize(communityStatistics);&#13;&#10;&#9;&#9;&#9;&#9;jsonObject.add(&quot;community_statistics&quot;, commDataElement);&#13;&#10;&#9;&#9;&#9;}&#13;&#10;&#9;&#9;&#9;&#13;&#10;&#9;&#9;&#9;&#13;&#10;&#9;&#9;&#9;return jsonObject;&#13;&#10;&#9;&#9;}&#13;&#10;&#9;&#9;&#13;&#10;&#9;}&#13;&#10;&#9;&#13;&#10;}&#13;&#10;" Filename="ResponseObject.java" Intrnl_Id="28"/>
<SrcFile Content="package database;&#13;&#10;&#13;&#10;import java.sql.CallableStatement;&#13;&#10;import java.sql.Connection;&#13;&#10;import java.sql.ResultSet;&#13;&#10;import java.sql.SQLException;&#13;&#10;&#13;&#10;import javax.naming.Context;&#13;&#10;import javax.naming.InitialContext;&#13;&#10;import javax.naming.NamingException;&#13;&#10;import javax.sql.DataSource;&#13;&#10;&#13;&#10;import util.PasswordUtil;&#13;&#10;import util.ServletConfiguration;&#13;&#10;import util.ServletConfiguration.Database;&#13;&#10;&#13;&#10;import com.google.gson.Gson;&#13;&#10;&#13;&#10;import dataModels.Account;&#13;&#10;&#13;&#10;/**&#13;&#10; * Garbage Test File&#13;&#10; * @author dddurand&#13;&#10; *&#13;&#10; */&#13;&#10;public class DatabaseTest {&#13;&#10;&#13;&#10;&#9;public static String Test()&#13;&#10;&#9;{&#13;&#10;&#9;&#9;String message = &quot;&quot;;&#13;&#10;&#9;&#9;try &#13;&#10;        {&#13;&#10;            // Get DataSource&#13;&#10;            Context initContext  = new InitialContext();&#13;&#10;            &#13;&#10;            message+= &quot;Lookup Starting...&lt;br/&gt;&quot;;&#13;&#10;            Context envContext  = (Context)initContext.lookup(&quot;java:/comp/env&quot;);&#13;&#10;            message+= &quot;Success&lt;br/&gt;&lt;br/&gt;&quot;;&#13;&#10;            &#13;&#10;            message+= &quot;Getting Datasource...&lt;br/&gt;&quot;;&#13;&#10;            DataSource dataSource;&#13;&#10;            &#13;&#10;            if(ServletConfiguration.getDatabase() == Database.UNIVERSITY)&#13;&#10;            &#9;dataSource = (DataSource)envContext.lookup(&quot;jdbc/DatabaseUofA&quot;);&#13;&#10;            &#13;&#10;            else if(ServletConfiguration.getDatabase() == Database.HOME)&#13;&#10;            &#9;dataSource = (DataSource)envContext.lookup(&quot;jdbc/DatabaseHome&quot;);&#13;&#10;            &#13;&#10;            else&#13;&#10;            &#9;throw new SQLException(&quot;Invalid Location&quot;);&#13;&#10;            &#9;&#13;&#10;            message+= &quot;Success&lt;br/&gt;&lt;br/&gt;&quot;;&#13;&#10;            &#13;&#10;            message+= &quot;Getting Connection...&lt;br/&gt;&quot;;&#13;&#10;            Connection connection = dataSource.getConnection();&#13;&#10;            message+= &quot;Success&lt;br/&gt;&lt;br/&gt;&quot;;&#13;&#10;            &#13;&#10;            String timezone = String.valueOf(connection.isValid(5));&#13;&#10;            message+= &quot;Valid Connection: &lt;br/&gt;&quot; + timezone+&quot;&lt;br/&gt;&lt;br/&gt;&quot;;&#13;&#10;            &#13;&#10;            //Random random = new Random();&#13;&#10;            &#13;&#10;//            String insertSQL = &quot;INSERT INTO user_table (username, password) VALUES (?,?);&quot;;&#13;&#10;//            CallableStatement insertStatement = connection.prepareCall(insertSQL);&#13;&#10;//            insertStatement.setString(1, &quot;TestUser&quot;+random.nextLong());&#13;&#10;//            insertStatement.setString(2, &quot;Password&quot;+random.nextLong());&#13;&#10;//            insertStatement.execute();&#13;&#10;            &#13;&#10;            String sql = &quot;select * from user_table&quot;;&#13;&#10;            CallableStatement statement = connection.prepareCall(sql);&#13;&#10;            ResultSet set = statement.executeQuery();&#13;&#10;            &#13;&#10;            message+= &quot;&lt;b&gt;DATABASE&lt;/b&gt;&lt;br/&gt;&quot;;&#13;&#10;            message+= &quot;User Table: &lt;/br&gt;&quot;;&#13;&#10;            &#13;&#10;            while(set.next())&#13;&#10;            {&#13;&#10;            &#9;String user = set.getString(&quot;username&quot;);&#13;&#10;            &#9;String pass = set.getString(&quot;password&quot;);&#13;&#10;            &#9;String auth = set.getString(&quot;auth_token&quot;);&#13;&#10;            &#9;message+= &quot;&lt;b&gt;User:&lt;/b&gt; &quot; + user + &quot;&amp;nbsp;&amp;nbsp;&amp;nbsp;&amp;nbsp;&amp;nbsp;&lt;b&gt;Password:&lt;/b&gt; &quot;+ pass + &quot;&amp;nbsp;&amp;nbsp;&amp;nbsp;&amp;nbsp;&amp;nbsp;&lt;b&gt;Auth:&lt;/b&gt; &quot;+ auth +&quot;&lt;/br&gt;&quot;;&#13;&#10;            &#9;&#13;&#10;            }&#13;&#10;            message+=&quot;&lt;br/&gt;&quot;;&#13;&#10;            &#13;&#10;            connection.close();&#13;&#10;            &#13;&#10;            message+= &quot;&lt;b&gt;Parameters:&lt;b&gt; &lt;br/&gt;&quot;;&#13;&#10;            &#13;&#10;            Database location = ServletConfiguration.getDatabase();&#13;&#10;            message+= &quot;Location: &quot;;&#13;&#10;            if(location == ServletConfiguration.Database.UNIVERSITY)&#13;&#10;            &#9;message+=&quot;UNI&lt;br/&gt;&lt;br/&gt;&quot;;&#13;&#10;            else&#13;&#10;            &#9;message+=&quot;HOME&lt;br/&gt;&lt;br/&gt;&quot;;&#13;&#10;            &#13;&#10;            message+= &quot;Debug: &quot; + ServletConfiguration.isDebug()+&quot;&lt;br/&gt;&lt;br/&gt;&quot;;&#13;&#10;            &#13;&#10;           String pass = &quot;bob's_your_uncle&quot;;&#13;&#10;            message+= &quot;Password Plain: &quot; + pass + &quot;&lt;br/&gt;&quot;;&#13;&#10;            PasswordUtil passUtil = new PasswordUtil();&#13;&#10;            &#13;&#10;            message+= &quot;Password Encyp: &quot; + passUtil.encrypt(pass) + &quot;&lt;br/&gt;&quot;;&#13;&#10;&#13;&#10;            message+= &quot;Password MATCH: &quot; + passUtil.compare(pass, passUtil.encrypt(pass)) + &quot;&lt;br/&gt;&quot;;&#13;&#10;            message+= &quot;Password BAD: &quot; + passUtil.compare(pass, passUtil.encrypt(pass+&quot; &quot;)) + &quot;&lt;br/&gt;&quot;;&#13;&#10;            message+= &quot;Password BAD: &quot; + passUtil.compare(pass, &quot;asdfasdfasdfasdf&quot;) + &quot;&lt;br/&gt;&lt;br/&gt;&quot;;&#13;&#10;&#13;&#10;            &#13;&#10;            Account account = new Account(&quot;bob&quot;, &quot;is&quot;, &quot;coolio.&quot;, false);&#13;&#10;            Gson gson = new Gson();&#13;&#10;            String json = gson.toJson(account, Account.class);&#13;&#10;            message+= json + &quot;&lt;br/&gt;&lt;br/&gt;&quot;;&#13;&#10;            &#13;&#10;           Account account2 = gson.fromJson(json, Account.class);&#13;&#10;           &#13;&#10;           message+= &quot;Equal JSON Conversion: &quot; + account2.exactCompare(account);&#13;&#10;           &#13;&#10;            &#13;&#10;        } &#13;&#10;         catch (NamingException e) &#13;&#10;         {&#13;&#10;        &#9; message += e.getMessage();&#13;&#10;        } catch (SQLException e) {&#13;&#10;&#13;&#10;        &#9; message += e.getMessage();&#13;&#10;&#9;&#9;}&#13;&#10;&#9;&#9;return message;&#13;&#10;&#9;&#9;&#13;&#10;&#9;}&#13;&#10;&#9;&#13;&#10;}&#13;&#10;" Filename="DatabaseTest.java" Intrnl_Id="29"/>
<SrcFile Content="package database;&#13;&#10;&#13;&#10;import java.sql.CallableStatement;&#13;&#10;import java.sql.Connection;&#13;&#10;import java.sql.ResultSet;&#13;&#10;import java.sql.SQLException;&#13;&#10;import java.sql.Types;&#13;&#10;import java.util.ArrayList;&#13;&#10;&#13;&#10;import javax.naming.Context;&#13;&#10;import javax.naming.InitialContext;&#13;&#10;import javax.naming.NamingException;&#13;&#10;import javax.sql.DataSource;&#13;&#10;&#13;&#10;import util.Codes;&#13;&#10;import util.PasswordUtil;&#13;&#10;import util.ServletConfiguration;&#13;&#10;import util.ServletConfiguration.Database;&#13;&#10;import dataModels.Account;&#13;&#10;import dataModels.Card;&#13;&#10;import dataModels.Filter;&#13;&#10;import dataModels.Game;&#13;&#10;import dataModels.GameAction;&#13;&#10;import dataModels.Filter.RankType;&#13;&#10;import dataModels.GameAction.PokerAction;&#13;&#10;import dataModels.RankingStatistics.RankedDataRow;&#13;&#10;import dataModels.MiscGameData;&#13;&#10;&#13;&#10;&#13;&#10;/**&#13;&#10; * The main interface to the external database.&#13;&#10; * Each connection retrieves a unique connection to the database.&#13;&#10; * &#13;&#10; * &#13;&#10; * @SRS 3.2.2.1 -&gt; 3.2.2.8&#13;&#10; * @author dddurand&#13;&#10; *&#13;&#10; */&#13;&#10;public class DatabaseInterface {&#13;&#10;&#13;&#10;&#9;private final String USER_TABLE = &quot;user_table&quot;;&#13;&#10;&#9;&#13;&#10;&#9;private final String GAME_ACTION_TABLE = &quot;game_actions JOIN games ON game_actions.gameID = games.id &quot;;&#13;&#10;&#9;&#13;&#10;&#13;&#10;&#9;&#13;&#10;&#9;protected Connection dbConnection;&#13;&#10;&#9;protected PasswordUtil passUtil;&#13;&#10;&#9;&#13;&#10;&#9;&#13;&#10;&#9;&#13;&#10;&#9;public DatabaseInterface(boolean ignore){}&#13;&#10;&#9;&#13;&#10;&#9;/**&#13;&#10;&#9; * General constructor&#13;&#10;&#9; * &#13;&#10;&#9; * @throws DatabaseInterfaceException&#13;&#10;&#9; */&#13;&#10;&#9;public DatabaseInterface() throws DatabaseInterfaceException&#13;&#10;&#9;{&#13;&#10;&#9;&#9;try{&#13;&#10;&#9;&#9;&#9;DataSource dataSource = this.getDataSource();&#13;&#10;&#9;&#9;&#9;dbConnection = dataSource.getConnection();&#13;&#10;&#9;&#9;&#9;passUtil = new PasswordUtil();&#13;&#10;&#9;&#9;} &#13;&#10;&#9;&#9;catch (NamingException e)&#13;&#10;&#9;&#9;{&#13;&#10;&#9;&#9;&#9;throw new DatabaseInterfaceException(e);&#13;&#10;&#9;&#9;} catch (SQLException e) {&#13;&#10;&#9;&#9;&#9;throw new DatabaseInterfaceException(&quot;Error retrieving connection to database&quot;, e, Codes.DATABASE);&#13;&#10;&#9;&#9;}&#13;&#10;&#9;}&#13;&#10;&#9;&#13;&#10;&#9;/**&#13;&#10;&#9; * Retrieves an account based on a given username.&#13;&#10;&#9; * &#13;&#10;&#9; * @param username Identifying username&#13;&#10;&#9; * @return Account if found, otherwise null&#13;&#10;&#9; * @throws DatabaseInterfaceException&#13;&#10;&#9; */&#13;&#10;&#9;public Account getAccount(String username) throws DatabaseInterfaceException&#13;&#10;&#9;{&#13;&#10;&#9;&#9;final String getAccountSQL = &quot;SELECT * FROM &quot;+ USER_TABLE+&#13;&#10;&#9;&#9;&#9;&#9;&#9;&#9;&#9;&#9;&#9; &quot; WHERE username = ? &quot;;&#13;&#10;&#9;&#9;&#13;&#10;&#9;&#9;CallableStatement prepStat = null;&#13;&#10;&#9;&#9;try {&#13;&#10;&#9;&#9;&#9;prepStat = dbConnection.prepareCall(getAccountSQL);&#13;&#10;&#9;&#9;&#9;&#13;&#10;&#9;&#9;&#9;prepStat.setString(1, username);&#13;&#10;&#9;&#9;&#9;&#13;&#10;&#9;&#9;&#9;ResultSet resultSet = prepStat.executeQuery();&#13;&#10;&#9;&#9;&#9;&#13;&#10;&#9;&#9;&#9;if(resultSet.next())&#13;&#10;            {&#13;&#10;&#9;&#9;&#9;&#9;int id = resultSet.getInt(&quot;id&quot;);&#13;&#10;            &#9;String user = resultSet.getString(&quot;username&quot;);&#13;&#10;            &#9;byte[] pass = resultSet.getBytes(&quot;password&quot;);&#9;&#13;&#10;            &#9;String authToken = resultSet.getString(&quot;auth_token&quot;);&#9;&#13;&#10;            &#9;&#13;&#10;            &#9;String password = passUtil.getStringFromBytes(pass);&#13;&#10;            &#9;&#13;&#10;            &#9;prepStat.close();&#13;&#10;            &#9;return new Account(id, user, password, authToken, true);&#13;&#10;            }&#13;&#10;&#9;&#9;&#9;&#13;&#10;&#9;&#9;&#9;prepStat.close();&#13;&#10;&#9;&#9;&#9;return null;&#13;&#10;&#9;&#9;&#9;&#13;&#10;&#9;&#9;&#9;&#13;&#10;&#9;&#9;} catch (SQLException e) {&#13;&#10;&#9;&#9;&#9;throw new DatabaseInterfaceException(&quot;Error Retrieving Account From Database&quot;, e, Codes.DATABASE);&#13;&#10;&#9;&#9;}&#13;&#10;&#9;&#9;&#13;&#10;&#9;}&#13;&#10;&#9;&#13;&#10;&#9;/**&#13;&#10;&#9; * Retrieves all accounts&#13;&#10;&#9; * &#13;&#10;&#9; * @return Account if found, otherwise null&#13;&#10;&#9; * @throws DatabaseInterfaceException&#13;&#10;&#9; */&#13;&#10;&#9;public ArrayList&lt;Account&gt; getAllAccounts() throws DatabaseInterfaceException&#13;&#10;&#9;{&#13;&#10;&#9;&#9;final String getAccountSQL = &quot;SELECT * FROM &quot;+ USER_TABLE;&#13;&#10;&#9;&#9;ArrayList&lt;Account&gt; accounts = new ArrayList&lt;Account&gt;();&#13;&#10;&#9;&#9;&#13;&#10;&#9;&#9;CallableStatement prepStat = null;&#13;&#10;&#9;&#9;try {&#13;&#10;&#9;&#9;&#9;prepStat = dbConnection.prepareCall(getAccountSQL);&#13;&#10;&#9;&#9;&#9;&#13;&#10;&#9;&#9;&#9;ResultSet resultSet = prepStat.executeQuery();&#13;&#10;&#9;&#9;&#9;&#13;&#10;&#9;&#9;&#9;while(resultSet.next())&#13;&#10;            {&#13;&#10;&#9;&#9;&#9;&#9;int id = resultSet.getInt(&quot;id&quot;);&#13;&#10;            &#9;String user = resultSet.getString(&quot;username&quot;);&#13;&#10;            &#9;byte[] pass = resultSet.getBytes(&quot;password&quot;);&#9;&#13;&#10;            &#9;String authToken = resultSet.getString(&quot;auth_token&quot;);&#9;&#13;&#10;            &#9;&#13;&#10;            &#9;String password = passUtil.getStringFromBytes(pass);&#13;&#10;            &#9;&#13;&#10;            &#9;accounts.add(new Account(id, user, password, authToken, true));&#13;&#10;            }&#13;&#10;&#9;&#9;&#9;&#13;&#10;&#9;&#9;&#9;prepStat.close();&#13;&#10;&#9;&#9;&#9;return accounts;&#13;&#10;&#9;&#9;&#9;&#13;&#10;&#9;&#9;&#9;&#13;&#10;&#9;&#9;} catch (SQLException e) {&#13;&#10;&#9;&#9;&#9;throw new DatabaseInterfaceException(&quot;Error Retrieving Accounts From Database&quot;, e, Codes.DATABASE);&#13;&#10;&#9;&#9;}&#13;&#10;&#9;&#9;&#13;&#10;&#9;}&#13;&#10;&#9;&#13;&#10;&#9;/**&#13;&#10;&#9; * Removes an account's Authentication token from the database.&#13;&#10;&#9; * &#13;&#10;&#9; * @param username Account's Username&#13;&#10;&#9; * @throws DatabaseInterfaceException&#13;&#10;&#9; */&#13;&#10;&#9;public void invalidateAuth(String username) throws DatabaseInterfaceException&#13;&#10;&#9;{&#13;&#10;&#9;&#9;final String setAuthSQL = &quot;UPDATE &quot; + USER_TABLE+&#13;&#10;&#9;&#9;&#9;&#9; &#9;&#9;&#9;&#9;&#9; &quot; SET auth_token = ?&quot; +&#9;&#13;&#10;&#9;&#9;&#9;&#9;&#9;&#9;&#9;&#9;&#9; &quot; WHERE username = ? &quot;;&#13;&#10;&#9;&#9;&#13;&#10;&#9;&#9;try {&#13;&#10;&#9;&#9;&#9;CallableStatement prepStat = dbConnection.prepareCall(setAuthSQL);&#13;&#10;&#9;&#9;&#9;&#13;&#10;&#9;&#9;&#9;prepStat.setNull(1, Types.NULL);&#13;&#10;&#9;&#9;&#9;prepStat.setString(2, username);&#13;&#10;&#9;&#9;&#9;&#13;&#10;&#9;&#9;&#9;prepStat.execute();&#13;&#10;&#9;&#9;&#9;&#13;&#10;&#9;&#9;&#9;prepStat.close();&#13;&#10;&#9;&#9;} catch (SQLException e) {&#13;&#10;&#9;&#9;&#9;throw new DatabaseInterfaceException(&quot;Error Storing Auth Token&quot;, e, Codes.DATABASE);&#13;&#10;&#9;&#9;}&#13;&#10;&#13;&#10;&#9;}&#13;&#10;&#9;&#13;&#10;&#9;/**&#13;&#10;&#9; * Sets the auth token for a given account.&#13;&#10;&#9; * &#13;&#10;&#9; * @param username&#13;&#10;&#9; * @param authToken&#13;&#10;&#9; * @throws DatabaseInterfaceException&#13;&#10;&#9; */&#13;&#10;&#9;public void setAuth(String username, String authToken) throws DatabaseInterfaceException&#13;&#10;&#9;{&#13;&#10;&#9;&#9;final String setAuthSQL = &quot;UPDATE &quot; + USER_TABLE+&#13;&#10;&#9;&#9;&#9;&#9; &#9;&#9;&#9;&#9;&#9; &quot; SET auth_token = ?&quot; +&#9;&#13;&#10;&#9;&#9;&#9;&#9;&#9;&#9;&#9;&#9;&#9; &quot; WHERE username = ? &quot;;&#13;&#10;&#9;&#9;&#13;&#10;&#9;&#9;try {&#13;&#10;&#9;&#9;&#9;CallableStatement prepStat = dbConnection.prepareCall(setAuthSQL);&#13;&#10;&#9;&#9;&#9;&#13;&#10;&#9;&#9;&#9;prepStat.setString(1, authToken);&#13;&#10;&#9;&#9;&#9;prepStat.setString(2, username);&#13;&#10;&#9;&#9;&#9;&#13;&#10;&#9;&#9;&#9;prepStat.execute();&#13;&#10;&#9;&#9;&#9;&#13;&#10;&#9;&#9;&#9;prepStat.close();&#13;&#10;&#9;&#9;} catch (SQLException e) {&#13;&#10;&#9;&#9;&#9;throw new DatabaseInterfaceException(&quot;Error Storing Auth Token&quot;, e, Codes.DATABASE);&#13;&#10;&#9;&#9;}&#13;&#10;&#13;&#10;&#9;}&#13;&#10;&#9;&#13;&#10;&#9;/**&#13;&#10;&#9; * Adds a new account to the database&#13;&#10;&#9; * &#13;&#10;&#9; * @param account&#13;&#10;&#9; * @return&#13;&#10;&#9; * @throws DatabaseInterfaceException&#13;&#10;&#9; */&#13;&#10;&#9;public boolean addAccount(Account account) throws DatabaseInterfaceException&#13;&#10;&#9;{&#13;&#10;&#9;&#9;String insertAccountSQL = &quot;INSERT INTO user_table (username, password) VALUES (?,?);&quot;;&#13;&#10;&#13;&#10;&#9;&#9;try {&#13;&#10;&#9;&#9;&#9;CallableStatement prepStat = dbConnection.prepareCall(insertAccountSQL);&#13;&#10;&#13;&#10;&#9;&#9;&#9;prepStat.setString(1, account.getUsername());&#13;&#10;&#9;&#9;&#9;byte[] password = passUtil.getBytesFromString(account.getEncyptedPassword());&#13;&#10;&#9;&#9;&#9;prepStat.setBytes(2, password);&#13;&#10;&#13;&#10;&#9;&#9;&#9;prepStat.execute();&#13;&#10;&#9;&#9;&#9;prepStat.close();&#13;&#10;&#9;&#9;} catch (SQLException e) {&#13;&#10;&#9;&#9;&#9;throw new DatabaseInterfaceException(&quot;Unable to create account.&quot;, e, Codes.DATABASE);&#13;&#10;&#9;&#9;}&#13;&#10;&#13;&#10;&#9;&#9;return false;&#13;&#10;&#13;&#10;&#9;}&#13;&#10;&#9;&#13;&#10;&#9;/**&#13;&#10;&#9; * Checks if a username is already in use by another account&#13;&#10;&#9; * &#13;&#10;&#9; * @param username&#13;&#10;&#9; * @return&#13;&#10;&#9; * @throws DatabaseInterfaceException&#13;&#10;&#9; */&#13;&#10;&#9;public boolean isDuplicateUsername(String username) throws DatabaseInterfaceException&#13;&#10;&#9;{&#13;&#10;&#9;&#9;Account account = this.getAccount(username);&#13;&#10;&#9;&#9;&#13;&#10;&#9;&#9;if(account == null) return false;&#13;&#10;&#9;&#9;return true;&#13;&#10;&#9;&#9;&#13;&#10;&#9;}&#13;&#10;&#13;&#10;&#9;&#13;&#10;&#9;&#13;&#10;&#9;&#13;&#10;&#9;/**&#13;&#10;&#9; * Retrieves the DataSource from tomcat. The DataSource contains the database&#13;&#10;&#9; * connection details that are stored in context.ini for the project.&#13;&#10;&#9; * &#13;&#10;&#9; * @return&#13;&#10;&#9; * @throws NamingException&#13;&#10;&#9; * @throws DatabaseInterfaceException&#13;&#10;&#9; */&#13;&#10;&#9;protected DataSource getDataSource() throws NamingException, DatabaseInterfaceException&#13;&#10;&#9;{&#13;&#10;&#9;&#9;DataSource dataSource;&#13;&#10;&#9;&#9;Context initContext  = new InitialContext();&#13;&#10;        &#13;&#10;        Context envContext  = (Context)initContext.lookup(&quot;java:/comp/env&quot;);&#13;&#10;&#9;&#9;&#13;&#10;        //University Database&#13;&#10;&#9;&#9;if(ServletConfiguration.getDatabase() == Database.UNIVERSITY)&#13;&#10;        &#9;dataSource = (DataSource)envContext.lookup(&quot;jdbc/DatabaseUofA&quot;);&#13;&#10;        &#13;&#10;&#9;&#9;//Local Dev Database&#13;&#10;        else if(ServletConfiguration.getDatabase() == Database.HOME)&#13;&#10;        &#9;dataSource = (DataSource)envContext.lookup(&quot;jdbc/DatabaseHome&quot;);&#13;&#10;        &#13;&#10;        else&#13;&#10;        &#9;throw new DatabaseInterfaceException(&quot;Invalid Database Provided&quot;,Codes.DATABASE);&#13;&#10;&#9;&#9;&#13;&#10;&#9;&#9;return dataSource;&#13;&#10;&#9;}&#13;&#10;&#13;&#10;&#9;/**&#13;&#10;&#9; * Saves the given game object into the database, for the provided account.&#13;&#10;&#9; * &#13;&#10;&#9; * @param account Account to tie game data to.&#13;&#10;&#9; * @param game Game data to be saved&#13;&#10;&#9; * @return&#13;&#10;&#9; * @throws DatabaseInterfaceException&#13;&#10;&#9; */&#13;&#10;&#9;public int saveGame(Account account, Game game) throws DatabaseInterfaceException&#13;&#10;&#9;{&#13;&#10;&#9;&#9;//if game id -1 = failed&#13;&#10;&#9;&#9;int gameID = this.saveGameGetID(account, game);&#13;&#10;&#9;&#9;&#13;&#10;&#9;&#9;if(gameID == -1)&#13;&#10;&#9;&#9;&#9;throw new DatabaseInterfaceException(&quot;Unable to store game&quot;, Codes.DATABASE);&#13;&#10;&#9;&#9;&#13;&#10;&#9;&#9;ArrayList&lt;GameAction&gt; actions = game.getGameActions();&#13;&#10;&#9;&#9;&#13;&#10;&#9;&#9;for(int i = 0; i &lt; actions.size(); i++)&#13;&#10;&#9;&#9;{&#13;&#10;&#9;&#9;&#9;GameAction action = actions.get(i);&#13;&#10;&#9;&#9;&#9;this.saveGameAction(account, gameID, i, action);&#13;&#10;&#9;&#9;}&#13;&#10;&#9;&#9;&#13;&#10;&#9;&#9;return gameID;&#13;&#10;&#9;}&#13;&#10;&#9;&#13;&#10;&#9;/**&#13;&#10;&#9; * Checks if a game action already exists&#13;&#10;&#9; * &#13;&#10;&#9; * @param gameID Game id to tie action to&#13;&#10;&#9; * @param accountID The account to tie the action to&#13;&#10;&#9; * @param position The order in which the action occured.&#13;&#10;&#9; * @return True if exists, false otherwise&#13;&#10;&#9; * @throws DatabaseInterfaceException&#13;&#10;&#9; */&#13;&#10;&#9;private boolean actionExists(int gameID, int accountID, int position) throws DatabaseInterfaceException&#13;&#10;&#9;{&#13;&#10;&#9;&#9;final String getActionCount = &quot;SELECT count(*) FROM game_actions WHERE accountID = ? AND gameID = ? AND position = ?&quot;;&#13;&#10;&#9;&#9;&#13;&#10;&#9;&#9;try {&#13;&#10;&#9;&#9;&#9;CallableStatement prepStat = dbConnection.prepareCall(getActionCount);&#13;&#10;&#9;&#9;&#9;&#13;&#10;&#9;&#9;&#9;prepStat.setInt(1, accountID);&#13;&#10;&#9;&#9;&#9;prepStat.setInt(2, gameID);&#13;&#10;&#9;&#9;&#9;prepStat.setInt(3, position);&#13;&#10;&#9;&#9;&#9;&#13;&#10;&#9;&#9;&#9;ResultSet set = prepStat.executeQuery();&#13;&#10;&#9;&#9;&#9;&#13;&#10;&#9;&#9;&#9;if(set.next())&#13;&#10;&#9;&#9;&#9;{&#13;&#10;&#9;&#9;&#9;&#9;if(set.getInt(1) &gt; 0)&#13;&#10;&#9;&#9;&#9;&#9;{&#13;&#10;&#9;&#9;&#9;&#9;&#9;prepStat.close();&#13;&#10;&#9;&#9;&#9;&#9;&#9;return true;&#13;&#10;&#9;&#9;&#9;&#9;}&#13;&#10;&#9;&#9;&#9;&#9;else&#13;&#10;&#9;&#9;&#9;&#9;{&#13;&#10;&#9;&#9;&#9;&#9;&#9;prepStat.close();&#13;&#10;&#9;&#9;&#9;&#9;&#9;return false;&#13;&#10;&#9;&#9;&#9;&#9;}&#13;&#10;&#9;&#9;&#9;}&#13;&#10;&#9;&#9;&#9;&#13;&#10;&#9;&#9;&#9;prepStat.close();&#13;&#10;&#9;&#9;&#9;return false;&#13;&#10;&#9;&#9;&#9;&#13;&#10;&#9;&#9;&#9;&#13;&#10;&#9;&#9;} catch (SQLException e) {&#13;&#10;&#9;&#9;&#9;throw new DatabaseInterfaceException(&quot;Error Storing Game Action&quot;, e, Codes.DATABASE);&#13;&#10;&#9;&#9;}&#13;&#10;&#9;&#9;&#13;&#10;&#9;}&#13;&#10;&#9;&#13;&#10;&#9;/**&#13;&#10;&#9; * Checks if a game action already exists&#13;&#10;&#9; * &#13;&#10;&#9; * @param gameID Game id to tie action to&#13;&#10;&#9; * @param accountID The account to tie the action to&#13;&#10;&#9; * @param position The order in which the action occured.&#13;&#10;&#9; * @return True if exists, false otherwise&#13;&#10;&#9; * @throws DatabaseInterfaceException&#13;&#10;&#9; */&#13;&#10;&#9;private boolean optimalityExists(int gameID, int accountID) throws DatabaseInterfaceException&#13;&#10;&#9;{&#13;&#10;&#9;&#9;final String getActionCount = &quot;SELECT count(*) FROM game_optimality WHERE account_id = ? AND game_id = ?&quot;;&#13;&#10;&#9;&#9;&#13;&#10;&#9;&#9;try {&#13;&#10;&#9;&#9;&#9;CallableStatement prepStat = dbConnection.prepareCall(getActionCount);&#13;&#10;&#9;&#9;&#9;&#13;&#10;&#9;&#9;&#9;prepStat.setInt(1, accountID);&#13;&#10;&#9;&#9;&#9;prepStat.setInt(2, gameID);&#13;&#10;&#9;&#9;&#9;&#13;&#10;&#9;&#9;&#9;ResultSet set = prepStat.executeQuery();&#13;&#10;&#9;&#9;&#9;&#13;&#10;&#9;&#9;&#9;if(set.next())&#13;&#10;&#9;&#9;&#9;{&#13;&#10;&#9;&#9;&#9;&#9;if(set.getInt(1) &gt; 0)&#13;&#10;&#9;&#9;&#9;&#9;{&#13;&#10;&#9;&#9;&#9;&#9;&#9;prepStat.close();&#13;&#10;&#9;&#9;&#9;&#9;&#9;return true;&#13;&#10;&#9;&#9;&#9;&#9;}&#13;&#10;&#9;&#9;&#9;&#9;else&#13;&#10;&#9;&#9;&#9;&#9;{&#13;&#10;&#9;&#9;&#9;&#9;&#9;prepStat.close();&#13;&#10;&#9;&#9;&#9;&#9;&#9;return false;&#13;&#10;&#9;&#9;&#9;&#9;}&#13;&#10;&#9;&#9;&#9;}&#13;&#10;&#9;&#9;&#9;&#13;&#10;&#9;&#9;&#9;prepStat.close();&#13;&#10;&#9;&#9;&#9;return false;&#13;&#10;&#9;&#9;&#9;&#13;&#10;&#9;&#9;&#9;&#13;&#10;&#9;&#9;} catch (SQLException e) {&#13;&#10;&#9;&#9;&#9;throw new DatabaseInterfaceException(&quot;Error Storing Game Action&quot;, e, Codes.DATABASE);&#13;&#10;&#9;&#9;}&#13;&#10;&#9;&#9;&#13;&#10;&#9;}&#13;&#10;&#9;&#13;&#10;&#9;/**&#13;&#10;&#9; * Saves a given game action to a certian game, at a given position, for a given account.&#13;&#10;&#9; * &#13;&#10;&#9; * @param gameID Game id to tie action to&#13;&#10;&#9; * @param accountID The account to tie the action to&#13;&#10;&#9; * @param position The order in which the action occured.&#13;&#10;&#9; *&#13;&#10;&#9; * @throws DatabaseInterfaceException&#13;&#10;&#9; */&#13;&#10;&#9;private void saveGameAction(Account account, int gameID, int position, GameAction action) throws DatabaseInterfaceException&#13;&#10;&#9;{&#13;&#10;&#9;&#9;int accountID = account.getAccountID();&#13;&#10;&#9;&#9;&#13;&#10;&#9;&#9;if(actionExists(gameID, accountID, position)) return;&#13;&#10;&#9;&#9;&#13;&#10;&#9;&#9;PokerAction actionType = action.getAction();&#13;&#10;&#9;&#9;String actionTypeAsString = actionType.getValue();&#13;&#10;&#9;&#9;&#13;&#10;&#9;&#9;ArrayList&lt;Card&gt; hand = action.getHand();&#13;&#10;&#9;&#9;String handAsString = Card.getCardsAsString(hand);&#13;&#10;&#9;&#9;&#13;&#10;&#9;&#9;ArrayList&lt;Card&gt; comm = action.getCommunityCards();&#13;&#10;&#9;&#9;String commAsString = Card.getCardsAsString(comm);&#13;&#10;&#9;&#9;&#13;&#10;&#9;&#9;int pot = action.getPot();&#13;&#10;&#9;&#9;int bet = action.getBet();&#13;&#10;&#9;&#9;&#13;&#10;&#9;&#9;String insertActionSQL = &quot;INSERT INTO game_actions (accountID, gameID, type, position, hand, communityCards, pot, bet)&quot; +&#13;&#10;&#9;&#9;&#9;&#9;&#9;&#9;&#9;&#9;&#9;&quot; VALUES (?, ?, ?, ?, ?, ?, ?, ?);&quot;;&#13;&#10;&#9;&#9;&#13;&#10;&#9;&#9;try {&#13;&#10;&#9;&#9;&#9;CallableStatement prepStat = dbConnection.prepareCall(insertActionSQL);&#13;&#10;&#9;&#9;&#9;&#13;&#10;&#9;&#9;&#9;prepStat.setInt(1, accountID);&#13;&#10;&#9;&#9;&#9;prepStat.setInt(2, gameID);&#13;&#10;&#9;&#9;&#9;prepStat.setString(3, actionTypeAsString);&#13;&#10;&#9;&#9;&#9;prepStat.setInt(4, position);&#13;&#10;&#9;&#9;&#9;prepStat.setString(5, handAsString);&#13;&#10;&#9;&#9;&#9;prepStat.setString(6, commAsString);&#13;&#10;&#9;&#9;&#9;prepStat.setInt(7, pot);&#13;&#10;&#9;&#9;&#9;prepStat.setInt(8, bet);&#13;&#10;&#9;&#9;&#9;&#13;&#10;&#9;&#9;&#9;prepStat.execute();&#13;&#10;&#9;&#9;&#9;&#13;&#10;&#9;&#9;&#9;prepStat.close();&#13;&#10;&#9;&#9;} catch (SQLException e) {&#13;&#10;&#9;&#9;&#9;throw new DatabaseInterfaceException(&quot;Error Storing Game Action&quot;, e,Codes.DATABASE);&#13;&#10;&#9;&#9;}&#13;&#10;&#9;&#9;&#13;&#10;&#9;}&#13;&#10;&#9;&#13;&#10;&#9;/**&#13;&#10;&#9; * Saves a given piece of misc data to an account.&#13;&#10;&#9; * &#13;&#10;&#9; * @param account Account to tie the misc data to.&#13;&#10;&#9; * @param misc The data to be saved.&#13;&#10;&#9; * @throws DatabaseInterfaceException&#13;&#10;&#9; */&#13;&#10;&#9;public void saveMiscData(Account account, MiscGameData misc) throws DatabaseInterfaceException&#13;&#10;&#9;{&#13;&#10;&#9;&#9;int accountID = account.getAccountID();&#13;&#10;&#9;&#9;String name = misc.getName();&#13;&#10;&#9;&#9;String value = misc.getValue();&#13;&#10;&#9;&#9;&#13;&#10;&#9;&#9;String insertMiscSQL = &quot;INSERT INTO misc_data (accountID, name, value, date_uploaded)&quot; +&#13;&#10;&#9;&#9;&#9;&#9;&quot; VALUES (?, ?, ?, CURRENT_DATE());&quot;;&#13;&#10;&#9;&#9;&#13;&#10;&#9;&#9;try {&#13;&#10;&#9;&#9;&#9;CallableStatement prepStat = dbConnection.prepareCall(insertMiscSQL);&#13;&#10;&#9;&#9;&#9;&#13;&#10;&#9;&#9;&#9;prepStat.setInt(1, accountID);&#13;&#10;&#9;&#9;&#9;prepStat.setString(2, name);&#13;&#10;&#9;&#9;&#9;prepStat.setString(3, value);&#13;&#10;&#9;&#9;&#9;&#13;&#10;&#9;&#9;&#9;prepStat.execute();&#13;&#10;&#9;&#9;&#9;&#13;&#10;&#9;&#9;&#9;prepStat.close();&#13;&#10;&#9;&#9;} catch (SQLException e) {&#13;&#10;&#9;&#9;&#9;throw new DatabaseInterfaceException(&quot;Error Storing Misc Data&quot;, e, Codes.DATABASE);&#13;&#10;&#9;&#9;}&#13;&#10;&#9;&#9;&#13;&#10;&#9;}&#13;&#10;&#9;&#13;&#10;&#9;/**&#13;&#10;&#9; * Retrieves a game's specific database ID if it already exists.&#13;&#10;&#9; * &#13;&#10;&#9; * @param game Game to get ID for.&#13;&#10;&#9; * @return # &gt; 0 if successful, -1 on failure.&#13;&#10;&#9; * &#13;&#10;&#9; * @throws DatabaseInterfaceException&#13;&#10;&#9; */&#13;&#10;&#9;private int getGameDatabaseID(Game game) throws DatabaseInterfaceException&#13;&#10;&#9;{&#13;&#10;&#9;&#9;int result = -1;&#13;&#10;&#9;&#9;if(game == null) return result;&#13;&#10;&#9;&#9;&#13;&#10;&#9;&#9;&#13;&#10;&#9;&#9;final String getGameIdSQL = &quot;SELECT id FROM &quot;+ &quot;games&quot; +&#13;&#10;&#9;&#9;&#9;&#9; &quot; WHERE gameUUID = ?&quot;;&#13;&#10;&#9;&#9;&#13;&#10;&#9;&#9;try{&#13;&#10;&#9;&#9;&#9;CallableStatement prepStat = dbConnection.prepareCall(getGameIdSQL);&#13;&#10;&#9;&#9;&#9;prepStat.setString(1, game.getGameID());&#13;&#10;&#9;&#9;&#9;&#13;&#10;&#9;&#9;&#9;ResultSet set = prepStat.executeQuery();&#13;&#10;&#9;&#9;&#9;&#13;&#10;&#9;&#9;&#9;if(set.next())&#13;&#10;&#9;&#9;&#9;&#9;result = set.getInt(1);&#13;&#10;&#9;&#9;&#9;else&#13;&#10;&#9;&#9;&#9;&#9;result = -1;&#13;&#10;&#9;&#9;&#9;&#13;&#10;&#9;&#9;&#9;prepStat.close();&#13;&#10;&#9;&#9;&#9;return result;&#13;&#10;&#9;&#9;&#9;} catch (SQLException e) {&#13;&#10;&#9;&#9;&#9;&#9;throw new DatabaseInterfaceException(&quot;Error retrieving game ID&quot;, e, Codes.DATABASE);&#13;&#10;&#9;&#9;&#9;}&#13;&#10;&#9;}&#13;&#10;&#9;&#13;&#10;&#9;/**&#13;&#10;&#9; * Saves a given game, for a given account, and returns the database id generated.&#13;&#10;&#9; * &#13;&#10;&#9; * If the game is already saved, then no additional game is created.&#13;&#10;&#9; * &#13;&#10;&#9; * @param account Account to tie game to.&#13;&#10;&#9; * @param game The game to be saved.&#13;&#10;&#9; * @return&#13;&#10;&#9; * @throws DatabaseInterfaceException&#13;&#10;&#9; */&#13;&#10;&#9;private int saveGameGetID(Account account, Game game) throws DatabaseInterfaceException&#13;&#10;&#9;{&#13;&#10;&#9;&#9;if(game == null) return -1;&#13;&#10;&#9;&#9;&#13;&#10;&#9;&#9;String insertGameSQL = &quot;INSERT INTO games (gameUUID, date_uploaded) VALUES (?,CURRENT_DATE()) ON DUPLICATE KEY UPDATE gameUUID=?;&quot;;&#13;&#10;&#9;&#9;String UUID = game.getGameID();&#13;&#10;&#9;&#9;&#13;&#10;&#9;&#9;try{&#13;&#10;&#9;&#9;CallableStatement prepStat = dbConnection.prepareCall(insertGameSQL);&#13;&#10;&#9;&#9;prepStat.setString(1, UUID);&#13;&#10;&#9;&#9;prepStat.setString(2, UUID);&#13;&#10;&#9;&#9;&#13;&#10;&#9;&#9;prepStat.execute();&#13;&#10;&#9;&#9;&#13;&#10;&#9;&#9;ResultSet set =  prepStat.getGeneratedKeys();&#13;&#10;&#9;&#9;&#13;&#10;&#9;&#9;int id = -1;&#13;&#10;&#9;&#9;if(set.next())&#13;&#10;&#9;&#9;&#9;id = set.getInt(1);&#13;&#10;&#9;&#9;//For the case when the game is already created&#13;&#10;&#9;&#9;else&#13;&#10;&#9;&#9;&#9;id = getGameDatabaseID(game);&#13;&#10;&#9;&#9;&#13;&#10;&#9;&#9;prepStat.close();&#13;&#10;&#9;&#9;return id;&#13;&#10;&#9;&#9;&#13;&#10;&#9;&#9;} catch (SQLException e) {&#13;&#10;&#9;&#9;&#9;throw new DatabaseInterfaceException(&quot;Error storing game ID&quot;, e, Codes.DATABASE);&#13;&#10;&#9;&#9;}&#13;&#10;&#9;&#9;&#13;&#10;&#9;}&#13;&#10;&#9;&#13;&#10;&#9;/**&#13;&#10;&#9; * Build the string SQL ranking query based on the provided user_rank_column, of either net_money or optimality,&#13;&#10;&#9; * and the timeframe parameters in the filter.&#13;&#10;&#9; * &#13;&#10;&#9; * @param user_rank_column&#13;&#10;&#9; * @param filter&#13;&#10;&#9; * @return&#13;&#10;&#9; */&#13;&#10;&#9;private String getRankingQuery(String user_rank_column, Filter filter)&#13;&#10;&#9;{&#13;&#10;&#9;&#9;String gameCount = &quot; select count(Distinct gameID) from game_actions where accountID = &quot;;&#13;&#10;&#9;&#9;String columnName = user_rank_column+&quot;_&quot;+filter.getTimeFrame().getValue();&#13;&#10;&#9;&#9;String rank;&#13;&#10;&#9;&#9;&#13;&#10;&#9;&#9;//rank based on delta money, then if tied - number of more games&#13;&#10;&#9;&#9;rank = &quot; ( SELECT COUNT(Distinct u2.id) FROM &quot; + USER_TABLE + &quot; u2 LEFT JOIN game_actions ON u2.id = game_actions.accountID&quot; +&#13;&#10;&#9;&#9;&#9;&#9;//More delta money&#13;&#10;&#9;&#9;&#9;&#9;//No games played, if u2 was registered first he is above&#13;&#10;&#9;&#9;&#9;&#9;&quot; WHERE ( (&quot;+gameCount+&quot;u1.id) = 0 and (&quot;+gameCount+&quot;u2.id) = 0 and (u1.id &gt; u2.id) ) &quot; +&#13;&#10;&#9;&#9;&#9;&#9;//U2 has games, while u1 doesn't - therefore hes above&#13;&#10;&#9;&#9;&#9;&#9;&quot; or ( (&quot;+gameCount+&quot;u1.id) = 0 and (&quot;+gameCount+&quot;u2.id) &gt; 0) &quot; +&#13;&#10;&#9;&#9;&#9;&#9;//Otherwise both have games. So we vote based on columns&#13;&#10;&#9;&#9;&#9;&#9;&quot; or (( (&quot;+gameCount+&quot;u1.id) &gt; 0 and (&quot;+gameCount+&quot;u2.id) &gt; 0) and &quot; +&#13;&#10;&#9;&#9;&#9;&#9;&#9;&#9;&quot; (u2.&quot;+columnName+&quot; &gt; u1.&quot;+columnName+&quot;) &quot; +&#13;&#10;&#9;&#9;&#9;&#9;&#9;&#9;//columns equal - if u2 has more games he's above&#13;&#10;&#9;&#9;&#9;&#9;&#9;&#9;&quot;or ((u2.&quot;+columnName+&quot; = u1.&quot;+columnName+&quot;) and (&quot;+gameCount+&quot;u1.id) &lt; (&quot;+gameCount+&quot;u2.id))&quot; +&#13;&#10;&#9;&#9;&#9;&#9;&#9;&#9;//otherwise if u2 is an older player&#13;&#10;&#9;&#9;&#9;&#9;&#9;&#9;&quot;or ((u2.&quot;+columnName+&quot; = u1.&quot;+columnName+&quot;) and (&quot;+gameCount+&quot;u1.id) = (&quot;+gameCount+&quot;u2.id) and u1.id &gt; u2.id))&quot; +&#13;&#10;&#9;&#9;&#9;&#9;&#9;&#9;&quot;) + 1&quot;;&#13;&#10;&#13;&#10;&#9;&#9;&#13;&#10;&#9;&#9;return rank;&#13;&#10;&#9;}&#13;&#10;&#9;&#13;&#10;&#9;/**&#13;&#10;&#9; * Generates a ranked list of users based on the provided filter.&#13;&#10;&#9; * The filter contains the number of elements to skip, the max elements to return, the ranking type to use,&#13;&#10;&#9; * and the timeframe to be used.&#13;&#10;&#9; * &#13;&#10;&#9; * @param filter The filter provides the limiting parameters for the query.&#13;&#10;&#9; * @return The list of RankedDataRow representing the ranked users list.&#13;&#10;&#9; * @throws DatabaseInterfaceException&#13;&#10;&#9; */&#13;&#10;&#9;public ArrayList&lt;RankedDataRow&gt; getRankedUsers(Filter filter) throws DatabaseInterfaceException&#13;&#10;&#9;{&#13;&#10;&#9;&#9;ArrayList&lt;RankedDataRow&gt; rankedData = new ArrayList&lt;RankedDataRow&gt;();&#13;&#10;&#9;&#9;&#13;&#10;&#9;&#9;String order = getRankingQuery(filter.getRankType().getValue(), filter);&#13;&#10;&#9;&#9;String columnName = filter.getRankType().getValue()+&quot;_&quot;+filter.getTimeFrame().getValue();&#13;&#10;&#9;&#9;&#13;&#10;&#9;&#9;&#13;&#10;&#9;&#9;String rankSql = &quot;SELECT u1.username, u1.&quot;+columnName+ &quot; FROM &quot;+ USER_TABLE+&#13;&#10;&#9;&#9;&#9;&#9;&#9;&#9;  &quot; u1 ORDER BY &quot; + order + &#13;&#10;&#9;&#9;&#9;&#9;&#9;&#9;  &quot; &quot;+filter.getMaxSqlFilter() + filter.getSkipSqlFilter();&#13;&#10;&#9;&#9;&#13;&#10;&#9;&#9;try&#13;&#10;&#9;&#9;{&#13;&#10;&#9;&#9;&#9;CallableStatement prepStat = dbConnection.prepareCall(rankSql);&#13;&#10;&#9;&#9;&#9;&#13;&#10;&#9;&#9;&#9;&#13;&#10;&#9;&#9;&#9;ResultSet set = prepStat.executeQuery();&#13;&#10;&#9;&#9;&#9;&#9;&#13;&#10;&#9;&#9;&#9;int position = filter.getSkip() + 1;&#13;&#10;&#9;&#9;&#9;while(set.next())&#13;&#10;&#9;&#9;&#9;{&#13;&#10;&#9;&#9;&#9;&#9;String username = set.getString(&quot;username&quot;);&#13;&#10;&#9;&#9;&#9;&#9;double value = set.getDouble(columnName);&#13;&#10;&#9;&#9;&#9;&#9;&#13;&#10;&#9;&#9;&#9;&#9;RankedDataRow temp = new RankedDataRow(position, username, value);&#13;&#10;&#9;&#9;&#9;&#9;&#13;&#10;&#9;&#9;&#9;&#9;rankedData.add(temp);&#13;&#10;&#9;&#9;&#9;&#9;&#13;&#10;&#9;&#9;&#9;&#9;position++;&#13;&#10;&#9;&#9;&#9;}&#13;&#10;&#9;&#9;&#9;&#13;&#10;&#9;&#9;&#9;prepStat.close();&#13;&#10;&#13;&#10;&#9;&#9;&#9;} catch (SQLException e) {&#13;&#10;&#9;&#9;&#9;&#9;throw new DatabaseInterfaceException(&quot;Error building rank statistics&quot;, e, Codes.DATABASE);&#13;&#10;&#9;&#9;&#9;}&#13;&#10;&#9;&#9;&#13;&#10;&#9;&#9;return rankedData;&#13;&#10;&#9;}&#13;&#10;&#9;&#13;&#10;&#9;&#13;&#10;&#9;&#13;&#10;&#9;/**&#13;&#10;&#9; * Retrieves the ranking of a user based their NetMoney&#13;&#10;&#9; * &#13;&#10;&#9; * @param account The account to get the ranking for.&#13;&#10;&#9; * @param filter The filter object that contains the limiting parameters for the query.&#13;&#10;&#9; * @return&#13;&#10;&#9; * @throws DatabaseInterfaceException&#13;&#10;&#9; */&#13;&#10;&#9;public int getUserNetMoneyRanking(Account account, Filter filter) throws DatabaseInterfaceException&#13;&#10;&#9;{&#13;&#10;&#13;&#10;&#9;&#9;String rank = getRankingQuery(RankType.NET_MONEY.getValue(), filter);&#13;&#10;&#9;&#9;String sql = &quot;SELECT (&quot;+rank+&quot;) FROM &quot; + USER_TABLE + &quot; u1 WHERE id=&quot;+account.getAccountID()+&quot;;&quot;;&#13;&#10;&#9;&#9;try&#13;&#10;&#9;&#9;{&#13;&#10;&#9;&#9;&#9;CallableStatement prepStat = dbConnection.prepareCall(sql);&#13;&#10;&#9;&#9;&#9;&#13;&#10;&#9;&#9;&#9;ResultSet set = prepStat.executeQuery();&#13;&#10;&#9;&#9;&#9;&#13;&#10;&#9;&#9;&#9;if(set.next())&#13;&#10;&#9;&#9;&#9;&#9;{&#13;&#10;&#9;&#9;&#9;&#9;int value = set.getInt(1);&#13;&#10;&#9;&#9;&#9;&#9;prepStat.close();&#13;&#10;&#9;&#9;&#9;&#9;return value;&#13;&#10;&#9;&#9;&#9;&#9;}&#13;&#10;&#9;&#9;&#9;&#9;&#13;&#10;&#9;&#9;&#9;else&#13;&#10;&#9;&#9;&#9;&#9;{&#13;&#10;&#9;&#9;&#9;&#9;prepStat.close();&#13;&#10;&#9;&#9;&#9;&#9;throw new DatabaseInterfaceException(&quot;Error retrieving User Money ranking&quot;, Codes.DATABASE);&#13;&#10;&#9;&#9;&#9;&#9;}&#13;&#10;&#9;&#9;&#9;&#9;&#13;&#10;&#13;&#10;&#9;&#9;&#9;} catch (SQLException e) {&#13;&#10;&#9;&#9;&#9;&#9;throw new DatabaseInterfaceException(&quot;Error retrieving User Money ranking&quot;, e, Codes.DATABASE);&#13;&#10;&#9;&#9;&#9;}&#13;&#10;&#9;&#9;&#13;&#10;&#9;}&#13;&#10;&#9;&#13;&#10;&#9;&#13;&#10;&#9;&#13;&#10;&#9;/**&#13;&#10;&#9; * Retrieves the ranking of a user based their optimality of gameplay&#13;&#10;&#9; * &#13;&#10;&#9; * @param account The account to get the ranking for.&#13;&#10;&#9; * @return&#13;&#10;&#9; * @throws DatabaseInterfaceException&#13;&#10;&#9; */&#13;&#10;&#9;public int getUserOptimalityRanking(Account account, Filter filter) throws DatabaseInterfaceException&#13;&#10;&#9;{&#13;&#10;&#9;&#9;String rank = getRankingQuery(RankType.OPTIMALITY.getValue(), filter);&#13;&#10;&#9;&#9;String sql = &quot;SELECT (&quot;+rank+&quot;) FROM &quot; + USER_TABLE + &quot; u1 WHERE id=&quot;+account.getAccountID()+&quot;;&quot;;&#13;&#10;&#9;&#9;try&#13;&#10;&#9;&#9;{&#13;&#10;&#9;&#9;&#9;CallableStatement prepStat = dbConnection.prepareCall(sql);&#13;&#10;&#13;&#10;&#9;&#9;&#9;ResultSet set = prepStat.executeQuery();&#13;&#10;&#9;&#9;&#9;&#13;&#10;&#9;&#9;&#9;if(set.next())&#13;&#10;&#9;&#9;&#9;&#9;{&#13;&#10;&#9;&#9;&#9;&#9;int value = set.getInt(1);&#13;&#10;&#9;&#9;&#9;&#9;prepStat.close();&#13;&#10;&#9;&#9;&#9;&#9;return value;&#13;&#10;&#9;&#9;&#9;&#9;}&#13;&#10;&#9;&#9;&#9;&#9;&#13;&#10;&#9;&#9;&#9;else&#13;&#10;&#9;&#9;&#9;&#9;{&#13;&#10;&#9;&#9;&#9;&#9;prepStat.close();&#13;&#10;&#9;&#9;&#9;&#9;throw new DatabaseInterfaceException(&quot;Error retrieving User optimality ranking&quot;, Codes.DATABASE);&#13;&#10;&#9;&#9;&#9;&#9;}&#13;&#10;&#9;&#9;&#9;&#9;&#13;&#10;&#13;&#10;&#9;&#9;&#9;} catch (SQLException e) {&#13;&#10;&#9;&#9;&#9;&#9;throw new DatabaseInterfaceException(&quot;Error retrieving User optimality ranking&quot;, e, Codes.DATABASE);&#13;&#10;&#9;&#9;&#9;}&#13;&#10;&#9;&#9;&#13;&#10;&#9;}&#13;&#10;&#9;&#13;&#10;&#9;/**&#13;&#10;&#9; * Updates the user's net money. This storage is used to allow for more efficient ranking,&#13;&#10;&#9; * since we don't need to determine the rank for all players, each time a call is made.&#13;&#10;&#9; * &#13;&#10;&#9; * @param account The account to update the delta money for.&#13;&#10;&#9; * @param NetMoney The amount of delta money.&#13;&#10;&#9; * @throws DatabaseInterfaceException&#13;&#10;&#9; */&#13;&#10;&#9;public void updateUsersNetMoney(Account account, int netMoney, Filter filter) throws DatabaseInterfaceException&#13;&#10;&#9;{&#13;&#10;&#9;&#9;String columnName = &quot;net_money_&quot;+filter.getTimeFrame().getValue();&#13;&#10;&#9;&#9;final String updateNetMoneySQL = &quot;UPDATE &quot; + USER_TABLE+&#13;&#10;&#9;&#9;&#9;&#9; &quot; SET &quot;+columnName+&quot; = ?&quot; +&#9;&#13;&#10;&#9;&#9;&#9;&#9; &quot; WHERE id = ?;&quot;;&#13;&#10;&#9;&#9;&#13;&#10;&#9;&#9;try&#13;&#10;&#9;&#9;{&#13;&#10;&#9;&#9;&#9;CallableStatement prepStat = dbConnection.prepareCall(updateNetMoneySQL);&#13;&#10;&#9;&#9;&#9;&#13;&#10;&#9;&#9;&#9;prepStat.setInt(2, account.getAccountID());&#13;&#10;&#9;&#9;&#9;prepStat.setInt(1, netMoney);&#13;&#10;&#9;&#9;&#9;&#13;&#10;&#9;&#9;&#9;prepStat.execute();&#13;&#10;&#9;&#9;&#9;prepStat.close();&#13;&#10;&#9;&#9;&#9;&#13;&#10;&#9;&#9;&#9;} catch (SQLException e) {&#13;&#10;&#9;&#9;&#9;&#9;throw new DatabaseInterfaceException(&quot;Error retrieving SUM statistic&quot;, e, Codes.DATABASE);&#13;&#10;&#9;&#9;&#9;}&#13;&#10;&#9;&#9;&#13;&#10;&#9;}&#13;&#10;&#9;&#13;&#10;&#9;public void updateRankCacheDate(Account account) throws DatabaseInterfaceException&#13;&#10;&#9;{&#13;&#10;&#9;&#9;&#9;final String setAuthSQL = &quot;UPDATE &quot; + USER_TABLE+&#13;&#10;&#9;&#9;&#9;&#9;&#9; &#9;&#9;&#9;&#9;&#9; &quot; SET rank_cache_data = CURDATE()&quot; +&#9;&#13;&#10;&#9;&#9;&#9;&#9;&#9;&#9;&#9;&#9;&#9;&#9; &quot; WHERE username = ?&quot;;&#13;&#10;&#9;&#9;&#9;&#13;&#10;&#9;&#9;&#9;try {&#13;&#10;&#9;&#9;&#9;&#9;CallableStatement prepStat = dbConnection.prepareCall(setAuthSQL);&#13;&#10;&#9;&#9;&#9;&#9;&#13;&#10;&#9;&#9;&#9;&#9;prepStat.setString(1, account.getUsername());&#13;&#10;&#9;&#9;&#9;&#9;&#13;&#10;&#9;&#9;&#9;&#9;prepStat.execute();&#13;&#10;&#9;&#9;&#9;&#9;&#13;&#10;&#9;&#9;&#9;&#9;prepStat.close();&#13;&#10;&#9;&#9;&#9;} catch (SQLException e) {&#13;&#10;&#9;&#9;&#9;&#9;throw new DatabaseInterfaceException(&quot;Error Storing Auth Token&quot;, e,  Codes.DATABASE);&#13;&#10;&#9;&#9;&#9;}&#13;&#10;&#13;&#10;&#9;}&#13;&#10;&#9;&#13;&#10;&#9;public boolean isRankCacheCurrent(Account account) throws DatabaseInterfaceException&#13;&#10;&#9;{&#13;&#10;&#9;&#9;&#9;boolean isCurrent = false;&#13;&#10;&#9;&#9;&#9;final String setAuthSQL = &quot;SELECT count(id) FROM &quot; + USER_TABLE+&#13;&#10;&#9;&#9;&#9;&#9;&#9; &#9;&#9;&#9;&#9;&#9; &quot; where rank_cache_data = CURDATE()&quot; +&#9;&#13;&#10;&#9;&#9;&#9;&#9;&#9;&#9;&#9;&#9;&#9;&#9; &quot; and username = ?&quot;;&#13;&#10;&#9;&#9;&#9;&#13;&#10;&#9;&#9;&#9;try {&#13;&#10;&#9;&#9;&#9;&#9;CallableStatement prepStat = dbConnection.prepareCall(setAuthSQL);&#13;&#10;&#9;&#9;&#9;&#9;&#13;&#10;&#9;&#9;&#9;&#9;prepStat.setString(1, account.getUsername());&#13;&#10;&#9;&#9;&#9;&#9;&#13;&#10;&#9;&#9;&#9;&#9;ResultSet result = prepStat.executeQuery();&#13;&#10;&#9;&#9;&#9;&#9;&#13;&#10;&#9;&#9;&#9;&#9;if(result.next())&#13;&#10;&#9;&#9;&#9;&#9;{&#13;&#10;&#9;&#9;&#9;&#9;&#9;isCurrent = result.getBoolean(1);&#13;&#10;&#9;&#9;&#9;&#9;}&#13;&#10;&#9;&#9;&#9;&#9;&#13;&#10;&#9;&#9;&#9;&#9;prepStat.close();&#13;&#10;&#9;&#13;&#10;&#9;&#9;&#9;} catch (SQLException e) {&#13;&#10;&#9;&#9;&#9;&#9;throw new DatabaseInterfaceException(&quot;Error Storing Auth Token&quot;, e,  Codes.DATABASE);&#13;&#10;&#9;&#9;&#9;}&#13;&#10;&#9;&#9;&#9;&#13;&#10;&#9;&#9;&#9;return isCurrent;&#13;&#10;&#13;&#10;&#9;}&#13;&#10;&#9;&#13;&#10;&#9;/**&#13;&#10;&#9; * Updates the optimality value. This storage is used to allow for more efficient ranking,&#13;&#10;&#9; * since we don't need to determine the rank for all players, each time a call is made.&#13;&#10;&#9; * &#13;&#10;&#9; * @param account The account to update the delta money for.&#13;&#10;&#9; * @param optimality The determined optimality number.&#13;&#10;&#9; * @throws DatabaseInterfaceException&#13;&#10;&#9; */&#13;&#10;&#9;public void updateUsersOptimality(Account account, double optimality, Filter filter) throws DatabaseInterfaceException&#13;&#10;&#9;{&#13;&#10;&#9;&#9;String columnName = &quot;optimality_&quot;+filter.getTimeFrame().getValue();&#13;&#10;&#9;&#9;final String updateNetMoneySQL = &quot;UPDATE &quot; + USER_TABLE+&#13;&#10;&#9;&#9;&#9;&#9; &quot; SET &quot;+columnName+&quot; = ?&quot; +&#9;&#13;&#10;&#9;&#9;&#9;&#9; &quot; WHERE id = ?;&quot;;&#13;&#10;&#9;&#9;&#13;&#10;&#9;&#9;try&#13;&#10;&#9;&#9;{&#13;&#10;&#9;&#9;&#9;CallableStatement prepStat = dbConnection.prepareCall(updateNetMoneySQL);&#13;&#10;&#9;&#9;&#9;&#13;&#10;&#9;&#9;&#9;prepStat.setInt(2, account.getAccountID());&#13;&#10;&#9;&#9;&#9;prepStat.setDouble(1, optimality);&#13;&#10;&#9;&#9;&#9;&#13;&#10;&#9;&#9;&#9;prepStat.execute();&#13;&#10;&#9;&#9;&#9;prepStat.close();&#13;&#10;&#9;&#9;&#9;&#13;&#10;&#9;&#9;&#9;} catch (SQLException e) {&#13;&#10;&#9;&#9;&#9;&#9;throw new DatabaseInterfaceException(&quot;Error retrieving SUM statistic&quot;, e,  Codes.DATABASE);&#13;&#10;&#9;&#9;&#9;}&#13;&#10;&#9;&#9;&#13;&#10;&#9;}&#13;&#10;&#9;&#13;&#10;&#9;/**&#13;&#10;&#9; * Retrieves a specific parameter from the misc data. In this case this parameter&#13;&#10;&#9; * is the amount of money that a user has generated.&#13;&#10;&#9; * &#13;&#10;&#9; * @param account The account to retrieve money for.&#13;&#10;&#9; * @return The amount of money generated by the given account.&#13;&#10;&#9; * @throws DatabaseInterfaceException&#13;&#10;&#9; */&#13;&#10;&#9;public int getMoneyGenerated(Account account, Filter filter) throws DatabaseInterfaceException&#13;&#10;&#9;{&#13;&#10;&#9;&#9;String accountFiltering = &quot;&quot;;&#13;&#10;&#9;&#9;&#13;&#10;&#9;&#9;if(account!=null)&#13;&#10;&#9;&#9;&#9;accountFiltering = &quot; and accountID = &quot; + account.getAccountID();&#13;&#10;&#9;&#9;&#13;&#10;&#9;&#9;String sql = &quot;SELECT sum(value) from misc_data WHERE TRUE &quot;+accountFiltering+&quot; and name = ? &quot;+ filter.getSqlTimeFrameFilter() +&quot;;&quot;;&#13;&#10;&#9;&#13;&#10;&#9;try&#13;&#10;&#9;{&#13;&#10;&#9;&#9;CallableStatement prepStat = dbConnection.prepareCall(sql);&#13;&#10;&#9;&#9;&#13;&#10;&#9;&#9;prepStat.setString(1, &quot;MoneyGenerated&quot;);&#13;&#10;&#9;&#9;&#13;&#10;&#9;&#9;ResultSet set = prepStat.executeQuery();&#13;&#10;&#9;&#9;int count = 0;&#13;&#10;&#9;&#9;&#13;&#10;&#9;&#9;if(set.next())&#13;&#10;&#9;&#9;{&#13;&#10;&#9;&#9;&#9;count = set.getInt(1);&#13;&#10;&#9;&#9;}&#13;&#10;&#9;&#9;&#13;&#10;&#9;&#9;prepStat.close();&#13;&#10;&#9;&#9;return count;&#13;&#10;&#9;&#9;&#13;&#10;&#9;&#9;} catch (SQLException e) {&#13;&#10;&#9;&#9;&#9;throw new DatabaseInterfaceException(&quot;Error retrieving SUM statistic&quot;, e,  Codes.DATABASE);&#13;&#10;&#9;&#9;}&#13;&#10;&#9;}&#13;&#10;&#13;&#10;&#9;/**&#13;&#10;&#9; * Determines the number of games a provided user has played.&#13;&#10;&#9; * &#13;&#10;&#9; * @param account The account to get the number of games played for.&#13;&#10;&#9; * @return&#13;&#10;&#9; * @throws DatabaseInterfaceException&#13;&#10;&#9; */&#13;&#10;&#9;public int getGamesPlayed(Account account, Filter filter) throws DatabaseInterfaceException&#13;&#10;&#9;{&#13;&#10;&#9;&#9;String accountFiltering = &quot;&quot;;&#13;&#10;&#9;&#9;&#13;&#10;&#9;&#9;if(account!=null)&#13;&#10;&#9;&#9;&#9;accountFiltering = &quot; and accountID = &quot; + account.getAccountID();&#13;&#10;&#9;&#9;&#13;&#10;&#9;&#9;String sql = &quot;SELECT count(DISTINCT gameID) from &quot; + GAME_ACTION_TABLE +&#13;&#10;&#9;&#9;&#9;&#9; &quot; WHERE TRUE &quot;+accountFiltering+&quot; &quot;+filter.getSqlTimeFrameFilter()+&quot; ;&quot;;&#13;&#10;&#9;&#13;&#10;&#9;try&#13;&#10;&#9;{&#13;&#10;&#9;&#9;CallableStatement prepStat = dbConnection.prepareCall(sql);&#13;&#10;&#9;&#9;&#13;&#10;&#9;&#9;ResultSet set = prepStat.executeQuery();&#13;&#10;&#9;&#9;int count = 0;&#13;&#10;&#9;&#9;&#13;&#10;&#9;&#9;if(set.next())&#13;&#10;&#9;&#9;{&#13;&#10;&#9;&#9;&#9;count = set.getInt(1);&#13;&#10;&#9;&#9;}&#13;&#10;&#9;&#9;&#13;&#10;&#9;&#9;prepStat.close();&#13;&#10;&#9;&#9;return count;&#13;&#10;&#9;&#9;&#13;&#10;&#9;&#9;} catch (SQLException e) {&#13;&#10;&#9;&#9;&#9;throw new DatabaseInterfaceException(&quot;Error retrieving SUM statistic&quot;, e,  Codes.DATABASE);&#13;&#10;&#9;&#9;}&#13;&#10;&#9;}&#13;&#10;&#9;&#13;&#10;&#9;/**&#13;&#10;&#9; * A generalized function that determines how many poker actions a user has made.&#13;&#10;&#9; * &#13;&#10;&#9; * @param action The action to be counted.&#13;&#10;&#9; * @param account The account to count the action for.&#13;&#10;&#9; * @return The number of a specific poker action an given account has made.&#13;&#10;&#9; * @throws DatabaseInterfaceException&#13;&#10;&#9; */&#13;&#10;&#9;public int getGameActionsCount(PokerAction action, Account account, Filter filter) throws DatabaseInterfaceException&#13;&#10;&#9;{&#13;&#10;&#9;&#9;String accountFiltering = &quot;&quot;;&#13;&#10;&#9;&#9;&#13;&#10;&#9;&#9;if(account!=null)&#13;&#10;&#9;&#9;&#9;accountFiltering = &quot;and accountID = &quot; + account.getAccountID();&#13;&#10;&#9;&#9;&#13;&#10;&#9;&#9;String sql = &quot;SELECT count(*) from &quot; + GAME_ACTION_TABLE +&#13;&#10;&#9;&#9;&#9;&#9;&#9; &quot; WHERE TRUE &quot;+accountFiltering+&quot; AND type = ? &quot;+filter.getSqlTimeFrameFilter()+&quot; ;&quot;;&#13;&#10;&#9;&#9;&#13;&#10;&#9;&#9;try&#13;&#10;&#9;&#9;{&#13;&#10;&#9;&#9;&#9;CallableStatement prepStat = dbConnection.prepareCall(sql);&#13;&#10;&#9;&#9;&#9;&#13;&#10;&#9;&#9;&#9;prepStat.setString(1, action.getValue());&#13;&#10;&#9;&#9;&#9;&#13;&#10;&#9;&#9;&#9;ResultSet set = prepStat.executeQuery();&#13;&#10;&#9;&#9;&#9;int count = 0;&#13;&#10;&#9;&#9;&#9;&#13;&#10;&#9;&#9;&#9;if(set.next())&#13;&#10;&#9;&#9;&#9;{&#13;&#10;&#9;&#9;&#9;&#9;count = set.getInt(1);&#13;&#10;&#9;&#9;&#9;}&#13;&#10;&#9;&#9;&#9;&#13;&#10;&#9;&#9;&#9;prepStat.close();&#13;&#10;&#9;&#9;&#9;return count;&#13;&#10;&#9;&#9;&#9;&#13;&#10;&#9;&#9;&#9;} catch (SQLException e) {&#13;&#10;&#9;&#9;&#9;&#9;throw new DatabaseInterfaceException(&quot;Error retrieving SUM statistic&quot;, e,  Codes.DATABASE);&#13;&#10;&#9;&#9;&#9;}&#13;&#10;&#9;&#9;&#13;&#10;&#9;}&#13;&#10;&#9;&#13;&#10;&#9;/**&#13;&#10;&#9; * A generalized function that either sums, or averages a numerable column in the game_action table of the database.&#13;&#10;&#9; * There is a filtering poker action that limits what values are determined. If null is provided for the PokerAction,&#13;&#10;&#9; * all actions are considered. There is also a parameter that allows zero values to be ignored.&#13;&#10;&#9; * &#13;&#10;&#9; * @param account The account to be considered.&#13;&#10;&#9; * @param op The operation to be considered.&#13;&#10;&#9; * @param column The column to run the operation on.&#13;&#10;&#9; * @param action A filtering action.&#13;&#10;&#9; * @param ignoreZeroValues Wheither to ignore zero values or not.&#13;&#10;&#9; * @return The result of the operation.&#13;&#10;&#9; * @throws DatabaseInterfaceException&#13;&#10;&#9; */&#13;&#10;&#9;public int getGameActionsTypedNum(Account account, NumerableActionOperation op,&#13;&#10;&#9;&#9;&#9;&#9;&#9;&#9;&#9;&#9;&#9;NumerableActionColumn column, PokerAction action, boolean ignoreZeroValues, Filter filter) throws DatabaseInterfaceException&#13;&#10;&#9;{&#13;&#10;&#9;&#9;String typeLimit = &quot;&quot;;&#13;&#10;&#9;&#9;String ignoreZero = &quot;&quot;;&#13;&#10;&#9;&#9;String accountFiltering = &quot;&quot;;&#13;&#10;&#9;&#9;&#13;&#10;&#9;&#9;if(action != null)&#13;&#10;&#9;&#9;&#9;typeLimit = &quot; and type = '&quot;+ action.getValue()+&quot;' &quot;;&#13;&#10;&#9;&#9;&#13;&#10;&#9;&#9;if(account !=null)&#13;&#10;&#9;&#9;&#9;accountFiltering = &quot; and accountID = &quot;+account.getAccountID()+&quot; &quot;;&#13;&#10;&#9;&#9;&#13;&#10;&#9;&#9;if(ignoreZeroValues)&#13;&#10;&#9;&#9;&#9;ignoreZero = &quot; and &quot; + column.getValue() + &quot;&lt;&gt; 0&quot;;&#13;&#10;&#9;&#9;&#13;&#10;&#9;&#9;&#13;&#10;&#9;&#9;&#13;&#10;&#9;&#9;String sql = &quot;SELECT &quot;+op.getValue()+&quot;(&quot;+column.getValue()+&quot;) from &quot; + GAME_ACTION_TABLE +&#13;&#10;&#9;&#9;&#9;&#9;&#9; &quot; WHERE TRUE &quot;+typeLimit+&quot; &quot;+accountFiltering+&quot; &quot;+ignoreZero+&quot; &quot;+filter.getSqlTimeFrameFilter()+&quot; ;&quot;;&#13;&#10;&#9;&#9;&#13;&#10;&#9;&#9;try&#13;&#10;&#9;&#9;{&#13;&#10;&#9;&#9;&#9;CallableStatement prepStat = dbConnection.prepareCall(sql);&#13;&#10;&#9;&#9;&#9;&#13;&#10;&#9;&#9;&#9;ResultSet set = prepStat.executeQuery();&#13;&#10;&#9;&#9;&#9;int count = 0;&#13;&#10;&#9;&#9;&#9;&#13;&#10;&#9;&#9;&#9;if(set.next())&#13;&#10;&#9;&#9;&#9;{&#13;&#10;&#9;&#9;&#9;&#9;count = set.getInt(1);&#13;&#10;&#9;&#9;&#9;}&#13;&#10;&#9;&#9;&#9;&#13;&#10;&#9;&#9;&#9;prepStat.close();&#13;&#10;&#9;&#9;&#9;return count;&#13;&#10;&#9;&#9;&#9;&#13;&#10;&#9;&#9;&#9;} catch (SQLException e) {&#13;&#10;&#9;&#9;&#9;&#9;throw new DatabaseInterfaceException(&quot;Error retrieving SUM statistic&quot;, e,  Codes.DATABASE);&#13;&#10;&#9;&#9;&#9;}&#13;&#10;&#9;}&#13;&#10;&#9;&#13;&#10;&#9;/**&#13;&#10;&#9; * Adds a entry to the game optimality for the game. This includes a optimality rating for that game.&#13;&#10;&#9; * &#13;&#10;&#9; * &#13;&#10;&#9; * @param account&#13;&#10;&#9; * @return&#13;&#10;&#9; * @throws DatabaseInterfaceException&#13;&#10;&#9; */&#13;&#10;&#9;public boolean setGameOptimalityForUser(Account account, Game game, double optimality) throws DatabaseInterfaceException&#13;&#10;&#9;{&#13;&#10;&#9;&#9;int gameId = getGameDatabaseID(game);&#13;&#10;&#9;&#9;&#13;&#10;&#9;&#9;if(this.optimalityExists(gameId, account.getAccountID())) return true;&#13;&#10;&#9;&#9;&#13;&#10;&#9;&#9;String insertAccountSQL = &quot;INSERT INTO game_optimality (game_id, account_id, optimality) VALUES (?,?,?);&quot;;&#13;&#10;&#9;&#9;&#13;&#10;&#9;&#9;try {&#13;&#10;&#9;&#9;&#9;CallableStatement prepStat = dbConnection.prepareCall(insertAccountSQL);&#13;&#10;&#13;&#10;&#9;&#9;&#9;prepStat.setInt(1, gameId);&#13;&#10;&#9;&#9;&#9;prepStat.setInt(2, account.getAccountID());&#13;&#10;&#9;&#9;&#9;prepStat.setDouble(3, optimality);&#13;&#10;&#13;&#10;&#9;&#9;&#9;prepStat.execute();&#13;&#10;&#9;&#9;&#9;prepStat.close();&#13;&#10;&#9;&#9;} catch (SQLException e) {&#13;&#10;&#9;&#9;&#9;throw new DatabaseInterfaceException(&quot;Unable to store optimality value for game.&quot;, e,  Codes.DATABASE);&#13;&#10;&#9;&#9;}&#13;&#10;&#13;&#10;&#9;&#9;return false;&#13;&#10;&#13;&#10;&#9;}&#13;&#10;&#9;&#13;&#10;&#9;/**&#13;&#10;&#9; * Retrieves an optimality rating for the user, based on a given timeframe in the filter&#13;&#10;&#9; * &#13;&#10;&#9; * @param account&#13;&#10;&#9; * @return&#13;&#10;&#9; * @throws DatabaseInterfaceException&#13;&#10;&#9; */&#13;&#10;&#9;public double getUserOptimality(Account account, Filter filter) throws DatabaseInterfaceException&#13;&#10;&#9;{&#13;&#10;&#9;&#9;&#13;&#10;&#9;&#9;String sql = &quot;SELECT avg(optimality) FROM game_optimality JOIN games ON game_optimality.game_id = games.id WHERE account_id = ? &quot;+filter.getSqlTimeFrameFilter()+&quot; ;&quot;;&#13;&#10;&#9;&#9;&#13;&#10;&#9;&#9;try {&#13;&#10;&#9;&#9;&#9;CallableStatement prepStat = dbConnection.prepareCall(sql);&#13;&#10;&#13;&#10;&#9;&#9;&#9;prepStat.setInt(1, account.getAccountID());&#13;&#10;&#13;&#10;&#9;&#9;&#9;ResultSet set = prepStat.executeQuery();&#13;&#10;&#9;&#9;&#9;double count = 0;&#13;&#10;&#9;&#9;&#9;&#13;&#10;&#9;&#9;&#9;if(set.next())&#13;&#10;&#9;&#9;&#9;{&#13;&#10;&#9;&#9;&#9;&#9;count = set.getDouble(1);&#13;&#10;&#9;&#9;&#9;}&#13;&#10;&#9;&#9;&#9;&#13;&#10;&#9;&#9;&#9;prepStat.close();&#13;&#10;&#9;&#9;&#9;return count;&#13;&#10;&#9;&#9;&#9;&#13;&#10;&#9;&#9;} catch (SQLException e) {&#13;&#10;&#9;&#9;&#9;throw new DatabaseInterfaceException(&quot;Unable to retrieve optimality value for user.&quot;, e,  Codes.DATABASE);&#13;&#10;&#9;&#9;}&#13;&#10;&#13;&#10;&#9;}&#13;&#10;&#9;&#13;&#10;&#9;public void close()&#13;&#10;&#9;{&#13;&#10;&#9;&#9;try {&#13;&#10;&#9;&#9;&#9;this.dbConnection.close();&#13;&#10;&#9;&#9;} catch (SQLException e) { }&#13;&#10;&#9;}&#13;&#10;&#9;&#13;&#10;&#9;/**&#13;&#10;&#9; * Centralizes all Exceptions caused by DatabaseInterface.&#13;&#10;&#9; * &#13;&#10;&#9; * @author dddurand&#13;&#10;&#9; *&#13;&#10;&#9; */&#13;&#10;&#9;public static class DatabaseInterfaceException extends Exception&#13;&#10;&#9;{&#13;&#10;&#9;&#9;/**&#13;&#10;&#9;&#9; * &#13;&#10;&#9;&#9; */&#13;&#10;&#9;&#9;private static final long serialVersionUID = -3785824197570821055L;&#13;&#10;&#9;&#9;private int code = Codes.DATABASE;&#13;&#10;&#9;&#9;&#13;&#10;&#9;&#9;/**&#13;&#10;&#9;&#9; * Empty Exception&#13;&#10;&#9;&#9; */&#13;&#10;&#9;&#9;public DatabaseInterfaceException()&#13;&#10;&#9;&#9;{&#13;&#10;&#9;&#9;&#9;super();&#13;&#10;&#9;&#9;}&#13;&#10;&#9;&#9;&#13;&#10;&#9;&#9;/**&#13;&#10;&#9;&#9; * New exception with a specific message&#13;&#10;&#9;&#9; * @param message&#13;&#10;&#9;&#9; */&#13;&#10;&#9;&#9;public DatabaseInterfaceException(String message, int code)&#13;&#10;&#9;&#9;{&#13;&#10;&#9;&#9;&#9;super(message);&#13;&#10;&#9;&#9;&#9;this.code = code;&#13;&#10;&#9;&#9;}&#13;&#10;&#9;&#9;&#13;&#10;&#9;&#9;/**&#13;&#10;&#9;&#9; * Generate an exception based on one that already exists, along with&#13;&#10;&#9;&#9; * an additional message.&#13;&#10;&#9;&#9; * &#13;&#10;&#9;&#9; * @param message&#13;&#10;&#9;&#9; * @param e An existing exception.&#13;&#10;&#9;&#9; */&#13;&#10;&#9;&#9;public DatabaseInterfaceException(String message, Exception e, int code)&#13;&#10;&#9;&#9;{&#13;&#10;&#9;&#9;&#9;super(message, e);&#13;&#10;&#9;&#9;}&#13;&#10;&#9;&#9;&#13;&#10;&#9;&#9;/**&#13;&#10;&#9;&#9; * Create a new exception from one that already exists.&#13;&#10;&#9;&#9; * &#13;&#10;&#9;&#9; * @param e An existing exception.&#13;&#10;&#9;&#9; */&#13;&#10;&#9;&#9;public DatabaseInterfaceException(Exception e)&#13;&#10;&#9;&#9;{&#13;&#10;&#9;&#9;&#9;super(e);&#13;&#10;&#9;&#9;}&#13;&#10;&#9;&#9;&#13;&#10;&#9;&#9;/**&#13;&#10;&#9;&#9; * Returns code number&#13;&#10;&#9;&#9; * @return&#13;&#10;&#9;&#9; */&#13;&#10;&#9;&#9;public int getCode()&#13;&#10;&#9;&#9;{&#13;&#10;&#9;&#9;&#9;return this.code;&#13;&#10;&#9;&#9;}&#13;&#10;&#9;}&#13;&#10;&#9;&#13;&#10;&#9;/**&#13;&#10;&#9; * All the possible numberable operations for querying&#13;&#10;&#9; * &#13;&#10;&#9; * @author dddurand&#13;&#10;&#9; *&#13;&#10;&#9; */&#13;&#10;&#9;public enum NumerableActionOperation&#13;&#10;&#9;{&#13;&#10;&#9;&#9;SUM(&quot;SUM&quot;), AVG(&quot;AVG&quot;);&#13;&#10;&#9;&#9;&#13;&#10;&#9;&#9;private String value;&#13;&#10;&#9;&#9;&#13;&#10;&#9;&#9;NumerableActionOperation(String value)&#13;&#10;&#9;&#9;{&#13;&#10;&#9;&#9;&#9;this.value = value;&#13;&#10;&#9;&#9;}&#13;&#10;&#9;&#9;&#13;&#10;&#9;&#9;public String getValue()&#13;&#10;&#9;&#9;{&#13;&#10;&#9;&#9;&#9;return this.value;&#13;&#10;&#9;&#9;}&#13;&#10;&#9;&#9;&#13;&#10;&#9;}&#13;&#10;&#9;&#13;&#10;&#9;/**&#13;&#10;&#9; * All possible columns that NumerableActionsOperations&#13;&#10;&#9; * can act upon.&#13;&#10;&#9; * &#13;&#10;&#9; * @author dddurand&#13;&#10;&#9; *&#13;&#10;&#9; */&#13;&#10;&#9;public enum NumerableActionColumn&#13;&#10;&#9;{&#13;&#10;&#9;&#9;POT(&quot;pot&quot;), BET(&quot;bet&quot;);&#13;&#10;&#9;&#9;&#13;&#10;&#9;&#9;private String value;&#13;&#10;&#9;&#9;&#13;&#10;&#9;&#9;NumerableActionColumn(String value)&#13;&#10;&#9;&#9;{&#13;&#10;&#9;&#9;&#9;this.value = value;&#13;&#10;&#9;&#9;}&#13;&#10;&#9;&#9;&#13;&#10;&#9;&#9;public String getValue()&#13;&#10;&#9;&#9;{&#13;&#10;&#9;&#9;&#9;return this.value;&#13;&#10;&#9;&#9;}&#13;&#10;&#9;&#9;&#13;&#10;&#9;}&#13;&#10;&#9;&#13;&#10;}&#13;&#10;" Filename="DatabaseInterface.java" Intrnl_Id="30"/>
<SrcFile Content="package dataModels;&#13;&#10;&#13;&#10;import java.lang.reflect.Type;&#13;&#10;import java.util.ArrayList;&#13;&#10;&#13;&#10;import com.google.gson.JsonArray;&#13;&#10;import com.google.gson.JsonDeserializationContext;&#13;&#10;import com.google.gson.JsonDeserializer;&#13;&#10;import com.google.gson.JsonElement;&#13;&#10;import com.google.gson.JsonObject;&#13;&#10;import com.google.gson.JsonParseException;&#13;&#10;&#13;&#10;import dataModels.GameAction.PokerAction;&#13;&#10;&#13;&#10;/**&#13;&#10; * Acts as the data representation for the game &amp; misc data uploaded to the web service.&#13;&#10; * This class also contains the code to convert the JSON provided to the webservice, into&#13;&#10; * the UploadData model.&#13;&#10; * &#13;&#10; * @SRS 3.2.2.3 -&gt; 3.2.2.6&#13;&#10; * @author dddurand&#13;&#10; *&#13;&#10; */&#13;&#10;public class UploadData {&#13;&#10;&#13;&#10;&#9;private ArrayList&lt;Game&gt; games;&#13;&#10;&#9;private ArrayList&lt;MiscGameData&gt; miscDatas;&#13;&#10;&#13;&#10;&#9;/**&#13;&#10;&#9; * General Constructor&#13;&#10;&#9; */&#13;&#10;&#9;public UploadData() {}&#13;&#10;&#13;&#10;&#9;/**&#13;&#10;&#9; * General Constructor&#13;&#10;&#9; * &#13;&#10;&#9; * @param games The games data to be uploaded&#13;&#10;&#9; * @param otherdata The misc data to be uploaded&#13;&#10;&#9; */&#13;&#10;&#9;public UploadData(ArrayList&lt;Game&gt; games, ArrayList&lt;MiscGameData&gt; otherdata)&#13;&#10;&#9;{&#13;&#10;&#9;&#9;this.games = games;&#13;&#10;&#9;&#9;this.miscDatas = otherdata;&#13;&#10;&#9;}&#13;&#10;&#13;&#10;&#9;&#13;&#10;&#9;/**&#13;&#10;&#9; * Games Getter&#13;&#10;&#9; * &#13;&#10;&#9; * @return&#13;&#10;&#9; */&#13;&#10;&#9;public ArrayList&lt;Game&gt; getGames() {&#13;&#10;&#9;&#9;return games;&#13;&#10;&#9;}&#13;&#10;&#13;&#10;&#9;/**&#13;&#10;&#9; * Games Setter&#13;&#10;&#9; * &#13;&#10;&#9; * @param games&#13;&#10;&#9; */&#13;&#10;&#9;public void setGames(ArrayList&lt;Game&gt; games) {&#13;&#10;&#9;&#9;this.games = games;&#13;&#10;&#9;}&#13;&#10;&#13;&#10;&#9;/**&#13;&#10;&#9; * Misc Datas Getter&#13;&#10;&#9; * &#13;&#10;&#9; * @return&#13;&#10;&#9; */&#13;&#10;&#9;public ArrayList&lt;MiscGameData&gt; getMiscDatas() {&#13;&#10;&#9;&#9;return miscDatas;&#13;&#10;&#9;}&#13;&#10;&#9;&#13;&#10;&#9;/**&#13;&#10;&#9; * MiscDatas Setter&#13;&#10;&#9; * &#13;&#10;&#9; * @param miscDatas&#13;&#10;&#9; */&#13;&#10;&#9;public void setMiscDatas(ArrayList&lt;MiscGameData&gt; miscDatas) {&#13;&#10;&#9;&#9;this.miscDatas = miscDatas;&#13;&#10;&#9;}&#13;&#10;&#13;&#10;&#9;/**&#13;&#10;&#9; * Custom Deserializer that takes the provided json,&#13;&#10;&#9; * and converts it into a UploadData object.&#13;&#10;&#9; * &#13;&#10;&#9; * @author dddurand&#13;&#10;&#9; *&#13;&#10;&#9; */&#13;&#10;&#9;public static class UploadDataDeserializer implements JsonDeserializer&lt;UploadData&gt; {&#13;&#10;&#13;&#10;&#9;&#9;/**&#13;&#10;&#9;&#9; * Generates a game from the json data&#13;&#10;&#9;&#9; * &#13;&#10;&#9;&#9; * @param gameObject&#13;&#10;&#9;&#9; * @return&#13;&#10;&#9;&#9; */&#13;&#10;&#9;&#9;private Game createGame(JsonObject gameObject)&#13;&#10;&#9;&#9;{&#13;&#10;&#9;&#9;&#9;JsonElement element = gameObject.get(&quot;gameID&quot;);&#13;&#10;&#9;&#9;&#9;String game_id = &quot;&quot;;&#13;&#10;&#9;&#9;&#9;&#13;&#10;&#9;&#9;&#9;if(element == null || element.getAsString().isEmpty())&#13;&#10;&#9;&#9;&#9;{&#13;&#10;&#9;&#9;&#9;&#9;throw new JsonParseException(&quot;Invalid Game ID&quot;);&#13;&#10;&#9;&#9;&#9;}&#13;&#10;&#13;&#10;&#9;&#9;&#9;game_id = element.getAsString();&#13;&#10;&#9;&#9;&#9;&#13;&#10;&#9;&#9;&#9;JsonElement actionEl = gameObject.get(&quot;gameActions&quot;);&#13;&#10;&#9;&#9;&#9;if(actionEl == null) throw new JsonParseException(&quot;Invalid GameActions&quot;);&#13;&#10;&#9;&#9;&#9;JsonArray actions = actionEl.getAsJsonArray();&#13;&#10;&#9;&#9;&#9;&#13;&#10;&#9;&#9;&#9;ArrayList&lt;GameAction&gt; actionList = createGameActionList(actions);&#13;&#10;&#13;&#10;&#9;&#9;&#9;Game game = new Game(actionList, game_id);&#13;&#10;&#13;&#10;&#9;&#9;&#9;return game;&#13;&#10;&#9;&#9;}&#13;&#10;&#13;&#10;&#9;&#9;/**&#13;&#10;&#9;&#9; * Generates a game action collection from the json data&#13;&#10;&#9;&#9; * &#13;&#10;&#9;&#9; * @param actions&#13;&#10;&#9;&#9; * @return&#13;&#10;&#9;&#9; */&#13;&#10;&#9;&#9;private ArrayList&lt;GameAction&gt; createGameActionList(JsonArray actions)&#13;&#10;&#9;&#9;{&#13;&#10;&#9;&#9;&#9;int actionsCount = actions.size();&#13;&#10;&#9;&#9;&#9;ArrayList&lt;GameAction&gt; actionList = new ArrayList&lt;GameAction&gt;();&#13;&#10;&#13;&#10;&#9;&#9;&#9;for(int j = 0; j &lt; actionsCount; j++)&#13;&#10;&#9;&#9;&#9;{&#13;&#10;&#9;&#9;&#9;&#9;JsonObject actionObject =  actions.get(j).getAsJsonObject();&#13;&#10;&#13;&#10;&#9;&#9;&#9;&#9;GameAction action =  createGameAction(actionObject);&#13;&#10;&#13;&#10;&#9;&#9;&#9;&#9;actionList.add(action);&#13;&#10;&#9;&#9;&#9;}&#13;&#10;&#13;&#10;&#9;&#9;&#9;return actionList;&#13;&#10;&#9;&#9;}&#13;&#10;&#13;&#10;&#9;&#9;/**&#13;&#10;&#9;&#9; * Generates a game action from the json data&#13;&#10;&#9;&#9; * &#13;&#10;&#9;&#9; * @param actionObject&#13;&#10;&#9;&#9; * @return&#13;&#10;&#9;&#9; */&#13;&#10;&#9;&#9;private GameAction createGameAction(JsonObject actionObject)&#13;&#10;&#9;&#9;{&#13;&#10;&#9;&#9;&#9;String actionString = actionObject.get(&quot;action&quot;).getAsString();&#13;&#10;&#13;&#10;&#9;&#9;&#9;PokerAction pokerAction = PokerAction.getAction(actionString);&#13;&#10;&#13;&#10;&#9;&#9;&#9;if(pokerAction == PokerAction.UNKNOWN)&#13;&#10;&#9;&#9;&#9;&#9;throw new JsonParseException(&quot;Invalid game action&quot;);&#13;&#10;&#13;&#10;&#9;&#9;&#9;JsonElement potEl = actionObject.get(&quot;pot&quot;);&#13;&#10;&#9;&#9;&#9;if(potEl == null) throw new JsonParseException(&quot;Invalid Pot&quot;);&#13;&#10;&#9;&#9;&#9;int pot = potEl.getAsInt();&#13;&#10;&#9;&#9;&#9;&#13;&#10;&#9;&#9;&#9;JsonElement botEl = actionObject.get(&quot;bet&quot;);&#13;&#10;&#9;&#9;&#9;if(botEl == null) throw new JsonParseException(&quot;Invalid Bet&quot;);&#13;&#10;&#9;&#9;&#9;int bet = botEl.getAsInt();&#13;&#10;&#9;&#9;&#9;&#13;&#10;&#9;&#9;&#9;JsonElement handEl = actionObject.get(&quot;hand&quot;);&#13;&#10;&#9;&#9;&#9;if(handEl == null) throw new JsonParseException(&quot;Invalid Hand&quot;);&#13;&#10;&#9;&#9;&#9;String hand = handEl.getAsString();&#13;&#10;&#9;&#9;&#9;&#13;&#10;&#9;&#9;&#9;JsonElement commEl = actionObject.get(&quot;communityCards&quot;);&#13;&#10;&#9;&#9;&#9;if(commEl == null) throw new JsonParseException(&quot;Invalid Comm&quot;);&#13;&#10;&#9;&#9;&#9;String comm = commEl.getAsString();&#13;&#10;&#13;&#10;&#9;&#9;&#9;&#13;&#10;&#9;&#9;&#9;&#13;&#10;&#9;&#9;&#9;if(hand != null &amp;&amp; hand.length() != 5 &amp;&amp; !Card.validCardString(hand))&#13;&#10;&#9;&#9;&#9;&#9;throw new JsonParseException(&quot;Invalid Hand&quot;);&#13;&#10;&#9;&#9;&#9;if(comm != null &amp;&amp; !comm.isEmpty() &amp;&amp; !Card.validCardString(comm))&#13;&#10;&#9;&#9;&#9;&#9;throw new JsonParseException(&quot;Invalid Community Card Data&quot;);&#13;&#10;&#13;&#10;&#9;&#9;&#9;ArrayList&lt;Card&gt; handList = Card.generateCards(hand);&#13;&#10;&#9;&#9;&#9;ArrayList&lt;Card&gt; commList = Card.generateCards(comm);&#13;&#10;&#13;&#10;&#9;&#9;&#9;GameAction action = new GameAction(pokerAction, pot, bet, handList, commList);&#13;&#10;&#13;&#10;&#9;&#9;&#9;return action;&#13;&#10;&#9;&#9;}&#13;&#10;&#13;&#10;&#9;&#9;/**&#13;&#10;&#9;&#9; * Generates a list of game objects from the json data&#13;&#10;&#9;&#9; * &#13;&#10;&#9;&#9; * @param games&#13;&#10;&#9;&#9; * @return&#13;&#10;&#9;&#9; */&#13;&#10;&#9;&#9;private ArrayList&lt;Game&gt; generateGameList(JsonArray games)&#13;&#10;&#9;&#9;{&#13;&#10;&#9;&#9;&#9;int gamesCount = games.size();&#13;&#10;&#9;&#9;&#9;ArrayList&lt;Game&gt; gameList = new ArrayList&lt;Game&gt;();&#13;&#10;&#13;&#10;&#9;&#9;&#9;for(int i = 0; i &lt; gamesCount; i++)&#13;&#10;&#9;&#9;&#9;{&#13;&#10;&#9;&#9;&#9;&#9;try{&#13;&#10;&#9;&#9;&#9;&#9;&#9;JsonObject gameObject =  games.get(i).getAsJsonObject();&#9;&#13;&#10;&#9;&#9;&#9;&#9;&#9;Game game = createGame(gameObject);&#13;&#10;&#9;&#9;&#9;&#9;&#9;gameList.add(game);&#13;&#10;&#9;&#9;&#9;&#9;}&#13;&#10;&#9;&#9;&#9;&#9;catch (JsonParseException e)&#13;&#10;&#9;&#9;&#9;&#9;{}&#13;&#10;&#9;&#9;&#9;}&#13;&#10;&#13;&#10;&#9;&#9;&#9;return gameList;&#13;&#10;&#9;&#9;}&#13;&#10;&#13;&#10;&#9;&#9;/**&#13;&#10;&#9;&#9; * Generates a collection of MiscGameData objects from the provided json&#13;&#10;&#9;&#9; * &#13;&#10;&#9;&#9; * @param miscDatas&#13;&#10;&#9;&#9; * @return&#13;&#10;&#9;&#9; */&#13;&#10;&#9;&#9;private ArrayList&lt;MiscGameData&gt; createMiscList(JsonArray miscDatas)&#13;&#10;&#9;&#9;{&#13;&#10;&#9;&#9;&#9;int miscCount = miscDatas.size();&#13;&#10;&#9;&#9;&#9;ArrayList&lt;MiscGameData&gt; miscList = new ArrayList&lt;MiscGameData&gt;();&#13;&#10;&#13;&#10;&#9;&#9;&#9;for(int i = 0; i &lt; miscCount; i++)&#13;&#10;&#9;&#9;&#9;{&#13;&#10;&#9;&#9;&#9;&#9;try{&#13;&#10;&#9;&#9;&#9;&#9;&#9;JsonObject miscObj = miscDatas.get(i).getAsJsonObject();&#13;&#10;&#13;&#10;&#9;&#9;&#9;&#9;&#9;JsonElement nameEl = miscObj.get(&quot;name&quot;);&#13;&#10;&#9;&#9;&#9;&#9;&#9;if(nameEl == null) throw new JsonParseException(&quot;&quot;);&#13;&#10;&#9;&#9;&#9;&#9;&#9;String name = nameEl.getAsString();&#13;&#10;&#9;&#9;&#9;&#9;&#9;&#13;&#10;&#9;&#9;&#9;&#9;&#9;JsonElement miscEl = miscObj.get(&quot;value&quot;);&#13;&#10;&#9;&#9;&#9;&#9;&#9;if(miscEl == null) throw new JsonParseException(&quot;&quot;);&#13;&#10;&#9;&#9;&#9;&#9;&#9;String value = miscEl.getAsString();&#13;&#10;&#13;&#10;&#13;&#10;&#9;&#9;&#9;&#9;&#9;MiscGameData miscData = new MiscGameData(name, value);&#13;&#10;&#9;&#9;&#9;&#9;&#9;miscList.add(miscData);&#13;&#10;&#9;&#9;&#9;&#9;}&#13;&#10;&#9;&#9;&#9;&#9;catch (JsonParseException e)&#13;&#10;&#9;&#9;&#9;&#9;{}&#13;&#10;&#9;&#9;&#9;}&#13;&#10;&#13;&#10;&#9;&#9;&#9;return miscList;&#13;&#10;&#9;&#9;}&#13;&#10;&#13;&#10;&#9;&#9;/**&#13;&#10;&#9;&#9; * The custom serializer that converts the provided json,&#13;&#10;&#9;&#9; * into a UploadData object.&#13;&#10;&#9;&#9; * &#13;&#10;&#9;&#9; */&#13;&#10;&#9;&#9;@Override&#13;&#10;&#9;&#9;public UploadData deserialize(JsonElement element, Type type,&#13;&#10;&#9;&#9;&#9;&#9;JsonDeserializationContext context) throws JsonParseException {&#13;&#10;&#13;&#10;&#9;&#9;&#9;JsonObject uploadDataObj = element.getAsJsonObject();&#13;&#10;&#13;&#10;&#9;&#9;&#9;JsonArray games = uploadDataObj.get(&quot;games&quot;).getAsJsonArray();&#13;&#10;&#13;&#10;&#9;&#9;&#9;JsonArray miscDatas = uploadDataObj.get(&quot;miscDatas&quot;).getAsJsonArray();&#13;&#10;&#13;&#10;&#9;&#9;&#9;ArrayList&lt;Game&gt; gameList = generateGameList(games);&#13;&#10;&#9;&#9;&#9;ArrayList&lt;MiscGameData&gt; miscList = createMiscList(miscDatas);&#13;&#10;&#13;&#10;&#9;&#9;&#9;UploadData uploadData = new UploadData(gameList, miscList);&#13;&#10;&#13;&#10;&#9;&#9;&#9;return uploadData;&#13;&#10;&#9;&#9;}&#13;&#10;&#9;}&#13;&#10;&#13;&#10;}&#13;&#10;" Filename="UploadData.java" Intrnl_Id="31"/>
<SrcFile Content="package dataModels;&#13;&#10;&#13;&#10;import java.util.ArrayList;&#13;&#10;&#13;&#10;/**&#13;&#10; * @SRS 3.2.2.4&#13;&#10; * &#13;&#10; * @author dddurand&#13;&#10; *&#13;&#10; */&#13;&#10;public class RankingStatistics {&#13;&#10;&#9;&#9;&#13;&#10;&#9;&#9;private ArrayList&lt;RankedDataRow&gt; rankedData;&#13;&#10;&#9;&#9;private RankedDataRow myRankData;&#13;&#10;&#13;&#10;&#9;&#9;/**&#13;&#10;&#9;&#9; * General Constructor&#13;&#10;&#9;&#9; */&#13;&#10;&#9;&#9;public RankingStatistics() { }&#13;&#10;&#9;&#9;&#9;&#13;&#10;&#9;&#9;/**&#13;&#10;&#9;&#9; * General Constructor&#13;&#10;&#9;&#9; */&#13;&#10;&#9;&#9;public RankingStatistics(ArrayList&lt;RankedDataRow&gt; ranked_data, RankedDataRow myRankData)&#13;&#10;&#9;&#9;{&#13;&#10;&#9;&#9;&#9;this.rankedData = ranked_data;&#13;&#10;&#9;&#9;&#9;this.myRankData = myRankData;&#13;&#10;&#9;&#9;}&#13;&#10;&#9;&#9;&#13;&#10;&#9;&#9;&#13;&#10;&#9;&#9;/**&#13;&#10;&#9;&#9; * A standalone Rank Data. In our case it will be used for the calling user.&#13;&#10;&#9;&#9; */&#13;&#10;&#9;&#9;public RankedDataRow getMyRankData() {&#13;&#10;&#9;&#9;&#9;return myRankData;&#13;&#10;&#9;&#9;}&#13;&#10;&#13;&#10;&#9;&#9;/**&#13;&#10;&#9;&#9; * Updates the Rank Data for the current user.&#13;&#10;&#9;&#9; * &#13;&#10;&#9;&#9; * @param myPosition&#13;&#10;&#9;&#9; */&#13;&#10;&#9;&#9;public void setMyRankData(RankedDataRow myRankData) {&#13;&#10;&#9;&#9;&#9;this.myRankData = myRankData;&#13;&#10;&#9;&#9;}&#13;&#10;&#13;&#10;&#9;&#9;/**&#13;&#10;&#9;&#9; * Returns the Ranked List of Users&#13;&#10;&#9;&#9; * &#13;&#10;&#9;&#9; * @return&#13;&#10;&#9;&#9; */&#13;&#10;&#9;&#9;public ArrayList&lt;RankedDataRow&gt; getRankedData() {&#13;&#10;&#9;&#9;&#9;return rankedData;&#13;&#10;&#9;&#9;}&#13;&#10;&#13;&#10;&#9;&#9;/**&#13;&#10;&#9;&#9; * Data Class representing a username, their rank position, and their rank value&#13;&#10;&#9;&#9; * &#13;&#10;&#9;&#9; * @author dddurand&#13;&#10;&#9;&#9; *&#13;&#10;&#9;&#9; */&#13;&#10;&#9;&#9;public static class RankedDataRow&#13;&#10;&#9;&#9;{&#13;&#10;&#9;&#9;&#9;@SuppressWarnings(&quot;unused&quot;)&#13;&#10;&#9;&#9;&#9;private int position;&#13;&#10;&#9;&#9;&#9;@SuppressWarnings(&quot;unused&quot;)&#13;&#10;&#9;&#9;&#9;private String username;&#13;&#10;&#9;&#9;&#9;@SuppressWarnings(&quot;unused&quot;)&#13;&#10;&#9;&#9;&#9;private double rankValue;&#13;&#10;&#9;&#9;&#9;&#13;&#10;&#9;&#9;&#9;/**&#13;&#10;&#9;&#9;&#9; * General Constructor&#13;&#10;&#9;&#9;&#9; */&#13;&#10;&#9;&#9;&#9;public RankedDataRow() {}&#13;&#10;&#9;&#9;&#9;&#13;&#10;&#9;&#9;&#9;/**&#13;&#10;&#9;&#9;&#9; * General Constructor&#13;&#10;&#9;&#9;&#9; * &#13;&#10;&#9;&#9;&#9; * @param position The position of the RankedDataRow&#13;&#10;&#9;&#9;&#9; * @param username The username of the account&#13;&#10;&#9;&#9;&#9; * @param rankValue The value of the rank type for the current account&#13;&#10;&#9;&#9;&#9; */&#13;&#10;&#9;&#9;&#9;public RankedDataRow(int position, String username, double rankValue)&#13;&#10;&#9;&#9;&#9;{&#13;&#10;&#9;&#9;&#9;&#9;this.position = position;&#13;&#10;&#9;&#9;&#9;&#9;this.username = username;&#13;&#10;&#9;&#9;&#9;&#9;this.rankValue = rankValue;&#13;&#10;&#9;&#9;&#9;}&#13;&#10;&#9;&#9;&#9;&#13;&#10;&#9;&#9;}&#13;&#10;&#13;&#10;}&#13;&#10;" Filename="RankingStatistics.java" Intrnl_Id="32"/>
<SrcFile Content="package dataModels;&#13;&#10;&#13;&#10;import dataModels.Filter.TimeFrame;&#13;&#10;import dataModels.GameAction.PokerAction;&#13;&#10;import dataModels.RankingStatistics.RankedDataRow;&#13;&#10;import database.DatabaseInterface;&#13;&#10;import database.DatabaseInterface.DatabaseInterfaceException;&#13;&#10;import database.DatabaseInterface.NumerableActionColumn;&#13;&#10;import database.DatabaseInterface.NumerableActionOperation;&#13;&#10;&#13;&#10;/**&#13;&#10; * A data model that holds and facilitates the generation of the personal statistics.&#13;&#10; * &#13;&#10; * @SRS 3.2.2.6&#13;&#10; * @author dddurand&#13;&#10; *&#13;&#10; */&#13;&#10;&#13;&#10;public class PersonalStatistics {&#13;&#10;&#13;&#10;&#9;private transient DatabaseInterface dbInterface;&#13;&#10;&#9;private transient Account account;&#13;&#10;&#9;private transient Filter filter;&#13;&#10;&#9;&#13;&#10;&#9;/**&#13;&#10;&#9; * Used in JSON Output&#13;&#10;&#9; */&#13;&#10;&#9;@SuppressWarnings(&quot;unused&quot;)&#13;&#10;&#9;private int totalDollarsBetOnCalls;&#13;&#10;&#9;@SuppressWarnings(&quot;unused&quot;)&#13;&#10;&#9;private int totalDollarsBetOnBets;&#13;&#10;&#9;@SuppressWarnings(&quot;unused&quot;)&#13;&#10;&#9;private int totalDollarsBetOnRaises;&#13;&#10;&#9;@SuppressWarnings(&quot;unused&quot;)&#13;&#10;&#9;private int totalDollarsBetOnReRaises;&#13;&#10;&#9;@SuppressWarnings(&quot;unused&quot;)&#13;&#10;&#9;private int totalDollarsBet;&#13;&#10;&#9;@SuppressWarnings(&quot;unused&quot;)&#13;&#10;&#9;private int avgDollarsBetOnCalls;&#13;&#10;&#9;@SuppressWarnings(&quot;unused&quot;)&#13;&#10;&#9;private int avgDollarsBetOnBets;&#13;&#10;&#9;@SuppressWarnings(&quot;unused&quot;)&#13;&#10;&#9;private int avgDollarsBetOnRaises;&#13;&#10;&#9;@SuppressWarnings(&quot;unused&quot;)&#13;&#10;&#9;private int avgDollarsBetOnReRaises;&#13;&#10;&#9;@SuppressWarnings(&quot;unused&quot;)&#13;&#10;&#9;private int totalNumberOfBets;&#13;&#10;&#9;@SuppressWarnings(&quot;unused&quot;)&#13;&#10;&#9;private int totalNumberOfChecks;&#13;&#10;&#9;@SuppressWarnings(&quot;unused&quot;)&#13;&#10;&#9;private int totalNumberOfCalls;&#13;&#10;&#9;@SuppressWarnings(&quot;unused&quot;)&#13;&#10;&#9;private int totalNumberOfFolds;&#13;&#10;&#9;@SuppressWarnings(&quot;unused&quot;)&#13;&#10;&#9;private int totalNumberOfRaise;&#13;&#10;&#9;@SuppressWarnings(&quot;unused&quot;)&#13;&#10;&#9;private int totalNumberOfReRaise;&#13;&#10;&#9;@SuppressWarnings(&quot;unused&quot;)&#13;&#10;&#9;private int totalNumberOfPotsWon;&#13;&#10;&#9;@SuppressWarnings(&quot;unused&quot;)&#13;&#10;&#9;private int totalNumberOfPotsLoss;&#13;&#10;&#9;@SuppressWarnings(&quot;unused&quot;)&#13;&#10;&#9;private int totalNumberOfPots;&#13;&#10;&#9;@SuppressWarnings(&quot;unused&quot;)&#13;&#10;&#9;private int avgPotOnChecks;&#13;&#10;&#9;@SuppressWarnings(&quot;unused&quot;)&#13;&#10;&#9;private int avgPotOnCalls;&#13;&#10;&#9;@SuppressWarnings(&quot;unused&quot;)&#13;&#10;&#9;private int avgPotOnBets;&#13;&#10;&#9;@SuppressWarnings(&quot;unused&quot;)&#13;&#10;&#9;private int avgPotOnRaises;&#13;&#10;&#9;@SuppressWarnings(&quot;unused&quot;)&#13;&#10;&#9;private int avgPotOnReRaises;&#13;&#10;&#9;@SuppressWarnings(&quot;unused&quot;)&#13;&#10;&#9;private int avgPotOnFolds;&#13;&#10;&#9;@SuppressWarnings(&quot;unused&quot;)&#13;&#10;&#9;private int avgPotOnWins;&#13;&#10;&#9;@SuppressWarnings(&quot;unused&quot;)&#13;&#10;&#9;private int avgPotOnLoses;&#13;&#10;&#9;@SuppressWarnings(&quot;unused&quot;)&#13;&#10;&#9;private int totalDollarsWon;&#13;&#10;&#9;@SuppressWarnings(&quot;unused&quot;)&#13;&#10;&#9;private int totalDollarsLoss;&#13;&#10;&#9;@SuppressWarnings(&quot;unused&quot;)&#13;&#10;&#9;private int totalDollarsFolded;&#13;&#10;&#9;@SuppressWarnings(&quot;unused&quot;)&#13;&#10;&#9;private double winPercentage;&#13;&#10;&#9;@SuppressWarnings(&quot;unused&quot;)&#13;&#10;&#9;private int moneyGenerated;&#13;&#10;&#9;@SuppressWarnings(&quot;unused&quot;)&#13;&#10;&#9;private int gamesPlayed;&#13;&#10;&#9;@SuppressWarnings(&quot;unused&quot;)&#13;&#10;&#9;private int netMoney;&#13;&#10;&#9;@SuppressWarnings(&quot;unused&quot;)&#13;&#10;&#9;private int avgBet;&#13;&#10;&#9;@SuppressWarnings(&quot;unused&quot;)&#13;&#10;&#9;private int netMoneyRanking;&#13;&#10;&#9;@SuppressWarnings(&quot;unused&quot;)&#13;&#10;&#9;private int optimalityRanking;&#13;&#10;&#9;@SuppressWarnings(&quot;unused&quot;)&#13;&#10;&#9;private double optimality;&#13;&#10;&#9;&#13;&#10;&#9;/**&#13;&#10;&#9; * General Constructor&#13;&#10;&#9; * @param account&#13;&#10;&#9; * @param dbInterface&#13;&#10;&#9; */&#13;&#10;&#9;public PersonalStatistics(Account account, DatabaseInterface dbInterface, Filter filter)&#13;&#10;&#9;{&#13;&#10;&#9;&#9;this.dbInterface = dbInterface;&#13;&#10;&#9;&#9;this.account = account;&#13;&#10;&#9;&#9;this.filter = filter;&#13;&#10;&#9;}&#13;&#10;&#9;&#13;&#10;&#9;/**&#13;&#10;&#9; * This method triggers the object to generate all statistics for the provided account.&#13;&#10;&#9; * &#13;&#10;&#9; * &#13;&#10;&#9; * @throws DatabaseInterfaceException&#13;&#10;&#9; */&#13;&#10;&#9;public void generateAllStatistics() throws DatabaseInterfaceException&#13;&#10;&#9;{&#13;&#10;&#9;&#9;totalDollarsBetOnCalls = this.getTotalDollarsBetOnCalls();&#13;&#10;&#9;&#9;totalDollarsBetOnBets = getTotalDollarsBetOnBets();&#13;&#10;&#9;&#9;totalDollarsBetOnRaises = getTotalDollarsBetOnRaises();&#13;&#10;&#9;&#9;totalDollarsBetOnReRaises = getTotalDollarsBetOnReRaises();&#13;&#10;&#9;&#9;totalDollarsBet = getTotalDollarsBet();&#13;&#10;&#9;&#9;avgDollarsBetOnCalls = getAvgDollarsBetOnCalls();&#13;&#10;&#9;&#9;avgDollarsBetOnBets = getAvgDollarsBetOnBets();&#13;&#10;&#9;&#9;avgDollarsBetOnRaises = getAvgDollarsBetOnRaises();&#13;&#10;&#9;&#9;avgDollarsBetOnReRaises = getAvgDollarsBetOnReRaises();&#13;&#10;&#9;&#9;totalNumberOfBets = getTotalNumberOfBets();&#13;&#10;&#9;&#9;totalNumberOfChecks = getTotalNumberOfChecks();&#13;&#10;&#9;&#9;totalNumberOfCalls = getTotalNumberOfCalls();&#13;&#10;&#9;&#9;totalNumberOfFolds = getTotalNumberOfFolds();&#13;&#10;&#9;&#9;totalNumberOfRaise = getTotalNumberOfRaise();&#13;&#10;&#9;&#9;totalNumberOfReRaise = getTotalNumberOfReRaise();&#13;&#10;&#9;&#9;totalNumberOfPotsWon = getTotalNumberOfPotsWon();&#13;&#10;&#9;&#9;totalNumberOfPotsLoss = getTotalNumberOfPotsLoss();&#13;&#10;&#9;&#9;avgPotOnChecks = getAvgDollarsPotOnChecks();&#13;&#10;&#9;&#9;avgPotOnCalls = getAvgDollarsPotOnCalls();&#13;&#10;&#9;&#9;avgPotOnBets = getAvgDollarsPotOnBets();&#13;&#10;&#9;&#9;avgPotOnRaises = getAvgDollarsPotOnRaises();&#13;&#10;&#9;&#9;avgPotOnReRaises = getAvgDollarsPotOnReRaises();&#13;&#10;&#9;&#9;avgPotOnFolds = getAvgDollarsPotOnFolds();&#13;&#10;&#9;&#9;avgPotOnWins = getAvgDollarsPotOnWins();&#13;&#10;&#9;&#9;avgPotOnLoses = getAvgDollarsPotOnLoses();&#13;&#10;&#9;&#9;totalDollarsWon = getTotalDollarsWon();&#13;&#10;&#9;&#9;totalDollarsLoss = getTotalDollarsLoss();&#13;&#10;&#9;&#9;totalDollarsFolded = getTotalDollarsFolded();&#13;&#10;&#9;&#9;winPercentage = getWinPercentage();&#13;&#10;&#9;&#9;moneyGenerated = getMoneyGenerate();&#13;&#10;&#9;&#9;gamesPlayed = getGamesPlayed();&#13;&#10;&#9;&#9;netMoney = getNetMoney();&#13;&#10;&#9;&#9;netMoneyRanking = getNetMoneyRank();&#13;&#10;&#9;&#9;avgBet = getAvgBet();&#13;&#10;&#9;&#9;totalNumberOfPots = getTotalNumberOfPots();&#13;&#10;&#9;&#9;optimalityRanking = getOptimalityRanking();&#13;&#10;&#9;&#9;optimality = getOptimality();&#13;&#10;&#9;}&#13;&#10;&#9;&#13;&#10;&#9;public RankedDataRow getMyRating() throws DatabaseInterfaceException&#13;&#10;&#9;{&#13;&#10;&#9;&#9;RankedDataRow dataRow;&#13;&#10;&#9;&#9;&#13;&#10;&#9;&#9;if(filter.getRankType() == Filter.RankType.NET_MONEY)&#13;&#10;&#9;&#9;{&#13;&#10;&#9;&#9;&#9;int netMoney = this.getNetMoney();&#13;&#10;&#9;&#9;&#9;int netMoneyRank = this.getNetMoneyRank();&#13;&#10;&#9;&#9;&#9;dataRow = new RankedDataRow(netMoneyRank, account.getUsername(), netMoney);&#13;&#10;&#9;&#9;}&#13;&#10;&#9;&#9;else&#13;&#10;&#9;&#9;{&#13;&#10;&#9;&#9;&#9;double optimality = this.getOptimality();&#13;&#10;&#9;&#9;&#9;int optimalityRating = this.getOptimalityRanking();&#13;&#10;&#9;&#9;&#9;dataRow = new RankedDataRow(optimalityRating, account.getUsername(), optimality);&#13;&#10;&#9;&#9;}&#13;&#10;&#9;&#9;&#13;&#10;&#9;&#9;return dataRow;&#9;&#13;&#10;&#9;}&#13;&#10;&#9;&#13;&#10;&#9;public double getOptimality() throws DatabaseInterfaceException&#13;&#10;&#9;{&#13;&#10;&#9;&#9;return dbInterface.getUserOptimality(account, filter);&#13;&#10;&#9;}&#13;&#10;&#9;&#13;&#10;&#9;public int getOptimalityRanking() throws DatabaseInterfaceException&#13;&#10;&#9;{&#13;&#10;&#9;&#9;return dbInterface.getUserOptimalityRanking(account, filter);&#13;&#10;&#9;}&#13;&#10;&#9;&#13;&#10;&#9;/**&#13;&#10;&#9; * Retrieves the ranking of the user based on the delta money&#13;&#10;&#9; * &#13;&#10;&#9; * @return&#13;&#10;&#9; * @throws DatabaseInterfaceException&#13;&#10;&#9; */&#13;&#10;&#9;public int getNetMoneyRank() throws DatabaseInterfaceException&#13;&#10;&#9;{&#13;&#10;&#9;&#9;return dbInterface.getUserNetMoneyRanking(account, filter);&#13;&#10;&#9;}&#13;&#10;&#9;&#13;&#10;&#9;/**&#13;&#10;&#9; * Gets the total amount of money bet during calls&#13;&#10;&#9; * &#13;&#10;&#9; * @return&#13;&#10;&#9; * @throws DatabaseInterfaceException&#13;&#10;&#9; */&#13;&#10;&#9;public int getTotalDollarsBetOnCalls() throws DatabaseInterfaceException&#13;&#10;&#9;{&#13;&#10;&#9;&#9;return dbInterface.getGameActionsTypedNum(account, &#13;&#10;&#9;&#9;&#9;&#9;&#9;&#9;&#9;&#9;&#9;&#9;&#9;&#9;&#9;NumerableActionOperation.SUM, &#13;&#10;&#9;&#9;&#9;&#9;&#9;&#9;&#9;&#9;&#9;&#9;&#9;&#9;&#9;NumerableActionColumn.BET, &#13;&#10;&#9;&#9;&#9;&#9;&#9;&#9;&#9;&#9;&#9;&#9;&#9;&#9;&#9;PokerAction.CALL, false, filter);&#13;&#10;&#9;}&#13;&#10;&#9;&#13;&#10;&#9;/**&#13;&#10;&#9; * Gets the total amount of money bet during initial bet&#13;&#10;&#9; * &#13;&#10;&#9; * @return&#13;&#10;&#9; * @throws DatabaseInterfaceException&#13;&#10;&#9; */&#13;&#10;&#9;public int getTotalDollarsBetOnBets() throws DatabaseInterfaceException&#13;&#10;&#9;{&#13;&#10;&#9;&#9;return dbInterface.getGameActionsTypedNum(account, &#13;&#10;&#9;&#9;&#9;&#9;&#9;&#9;&#9;&#9;&#9;&#9;&#9;&#9;&#9;NumerableActionOperation.SUM, &#13;&#10;&#9;&#9;&#9;&#9;&#9;&#9;&#9;&#9;&#9;&#9;&#9;&#9;&#9;NumerableActionColumn.BET, &#13;&#10;&#9;&#9;&#9;&#9;&#9;&#9;&#9;&#9;&#9;&#9;&#9;&#9;&#9;PokerAction.BET, false, filter);&#13;&#10;&#9;}&#13;&#10;&#9;&#13;&#10;&#9;/**&#13;&#10;&#9; * Gets the total amount of money bet during raises&#13;&#10;&#9; * &#13;&#10;&#9; * @return&#13;&#10;&#9; * @throws DatabaseInterfaceException&#13;&#10;&#9; */&#13;&#10;&#9;public int getTotalDollarsBetOnRaises() throws DatabaseInterfaceException&#13;&#10;&#9;{&#13;&#10;&#9;&#9;return dbInterface.getGameActionsTypedNum(account, &#13;&#10;&#9;&#9;&#9;&#9;&#9;&#9;&#9;&#9;&#9;&#9;&#9;&#9;&#9;NumerableActionOperation.SUM, &#13;&#10;&#9;&#9;&#9;&#9;&#9;&#9;&#9;&#9;&#9;&#9;&#9;&#9;&#9;NumerableActionColumn.BET, &#13;&#10;&#9;&#9;&#9;&#9;&#9;&#9;&#9;&#9;&#9;&#9;&#9;&#9;&#9;PokerAction.RAISE, false, filter);&#13;&#10;&#9;}&#13;&#10;&#9;&#13;&#10;&#9;/**&#13;&#10;&#9; * Gets the total amount of money bet through reraises&#13;&#10;&#9; * &#13;&#10;&#9; * @return&#13;&#10;&#9; * @throws DatabaseInterfaceException&#13;&#10;&#9; */&#13;&#10;&#9;public int getTotalDollarsBetOnReRaises() throws DatabaseInterfaceException&#13;&#10;&#9;{&#13;&#10;&#9;&#9;return dbInterface.getGameActionsTypedNum(account, &#13;&#10;&#9;&#9;&#9;&#9;&#9;&#9;&#9;&#9;&#9;&#9;&#9;&#9;&#9;NumerableActionOperation.SUM, &#13;&#10;&#9;&#9;&#9;&#9;&#9;&#9;&#9;&#9;&#9;&#9;&#9;&#9;&#9;NumerableActionColumn.BET, &#13;&#10;&#9;&#9;&#9;&#9;&#9;&#9;&#9;&#9;&#9;&#9;&#9;&#9;&#9;PokerAction.RERAISE, false, filter);&#13;&#10;&#9;}&#13;&#10;&#9;&#13;&#10;&#9;/**&#13;&#10;&#9; * Gets the total amount of money bet&#13;&#10;&#9; * &#13;&#10;&#9; * @return&#13;&#10;&#9; * @throws DatabaseInterfaceException&#13;&#10;&#9; */&#13;&#10;&#9;public int getTotalDollarsBet() throws DatabaseInterfaceException&#13;&#10;&#9;{&#13;&#10;&#9;&#9;return dbInterface.getGameActionsTypedNum(account, &#13;&#10;&#9;&#9;&#9;&#9;NumerableActionOperation.SUM, &#13;&#10;&#9;&#9;&#9;&#9;NumerableActionColumn.BET, &#13;&#10;&#9;&#9;&#9;&#9;null, false, filter);&#13;&#10;&#9;}&#13;&#10;&#9;&#13;&#10;&#9;/**&#13;&#10;&#9; * Gets the total amount of money bet through calls&#13;&#10;&#9; * &#13;&#10;&#9; * @return&#13;&#10;&#9; * @throws DatabaseInterfaceException&#13;&#10;&#9; */&#13;&#10;&#9;public int getAvgDollarsBetOnCalls() throws DatabaseInterfaceException&#13;&#10;&#9;{&#13;&#10;&#9;&#9;return dbInterface.getGameActionsTypedNum(account, &#13;&#10;&#9;&#9;&#9;&#9;&#9;&#9;&#9;&#9;&#9;&#9;&#9;&#9;&#9;NumerableActionOperation.AVG, &#13;&#10;&#9;&#9;&#9;&#9;&#9;&#9;&#9;&#9;&#9;&#9;&#9;&#9;&#9;NumerableActionColumn.BET, &#13;&#10;&#9;&#9;&#9;&#9;&#9;&#9;&#9;&#9;&#9;&#9;&#9;&#9;&#9;PokerAction.CALL, true, filter);&#13;&#10;&#9;}&#13;&#10;&#9;&#13;&#10;&#9;/**&#13;&#10;&#9; * Gets the avg amount of money bet on each bet&#13;&#10;&#9; * &#13;&#10;&#9; * @return&#13;&#10;&#9; * @throws DatabaseInterfaceException&#13;&#10;&#9; */&#13;&#10;&#9;public int getAvgDollarsBetOnBets() throws DatabaseInterfaceException&#13;&#10;&#9;{&#13;&#10;&#9;&#9;return dbInterface.getGameActionsTypedNum(account, &#13;&#10;&#9;&#9;&#9;&#9;&#9;&#9;&#9;&#9;&#9;&#9;&#9;&#9;&#9;NumerableActionOperation.AVG, &#13;&#10;&#9;&#9;&#9;&#9;&#9;&#9;&#9;&#9;&#9;&#9;&#9;&#9;&#9;NumerableActionColumn.BET, &#13;&#10;&#9;&#9;&#9;&#9;&#9;&#9;&#9;&#9;&#9;&#9;&#9;&#9;&#9;PokerAction.BET, true, filter);&#13;&#10;&#9;}&#13;&#10;&#9;&#13;&#10;&#9;/**&#13;&#10;&#9; * Gets the avg amount of money bet on each raise&#13;&#10;&#9; * &#13;&#10;&#9; * @return&#13;&#10;&#9; * @throws DatabaseInterfaceException&#13;&#10;&#9; */&#13;&#10;&#9;public int getAvgDollarsBetOnRaises() throws DatabaseInterfaceException&#13;&#10;&#9;{&#13;&#10;&#9;&#9;return dbInterface.getGameActionsTypedNum(account, &#13;&#10;&#9;&#9;&#9;&#9;&#9;&#9;&#9;&#9;&#9;&#9;&#9;&#9;&#9;NumerableActionOperation.AVG, &#13;&#10;&#9;&#9;&#9;&#9;&#9;&#9;&#9;&#9;&#9;&#9;&#9;&#9;&#9;NumerableActionColumn.BET, &#13;&#10;&#9;&#9;&#9;&#9;&#9;&#9;&#9;&#9;&#9;&#9;&#9;&#9;&#9;PokerAction.RAISE, true, filter);&#13;&#10;&#9;}&#13;&#10;&#9;&#13;&#10;&#9;/**&#13;&#10;&#9; * Gets the avg amount of money bet on each reraise&#13;&#10;&#9; * &#13;&#10;&#9; * @return&#13;&#10;&#9; * @throws DatabaseInterfaceException&#13;&#10;&#9; */&#13;&#10;&#9;public int getAvgDollarsBetOnReRaises() throws DatabaseInterfaceException&#13;&#10;&#9;{&#13;&#10;&#9;&#9;return dbInterface.getGameActionsTypedNum(account, &#13;&#10;&#9;&#9;&#9;&#9;&#9;&#9;&#9;&#9;&#9;&#9;&#9;&#9;&#9;NumerableActionOperation.AVG, &#13;&#10;&#9;&#9;&#9;&#9;&#9;&#9;&#9;&#9;&#9;&#9;&#9;&#9;&#9;NumerableActionColumn.BET, &#13;&#10;&#9;&#9;&#9;&#9;&#9;&#9;&#9;&#9;&#9;&#9;&#9;&#9;&#9;PokerAction.RERAISE, true, filter);&#13;&#10;&#9;}&#13;&#10;&#9;&#13;&#10;&#9;/**&#13;&#10;&#9; * Gets the avg amount of money per bet&#13;&#10;&#9; * &#13;&#10;&#9; * @return&#13;&#10;&#9; * @throws DatabaseInterfaceException&#13;&#10;&#9; */&#13;&#10;&#9;public int getAvgBet() throws DatabaseInterfaceException&#13;&#10;&#9;{&#13;&#10;&#9;&#9;return dbInterface.getGameActionsTypedNum(account, &#13;&#10;&#9;&#9;&#9;&#9;&#9;&#9;&#9;&#9;&#9;&#9;&#9;&#9;&#9;NumerableActionOperation.AVG, &#13;&#10;&#9;&#9;&#9;&#9;&#9;&#9;&#9;&#9;&#9;&#9;&#9;&#9;&#9;NumerableActionColumn.BET, &#13;&#10;&#9;&#9;&#9;&#9;&#9;&#9;&#9;&#9;&#9;&#9;&#9;&#9;&#9;null, true, filter);&#13;&#10;&#9;}&#13;&#10;&#9;&#13;&#10;&#9;/**&#13;&#10;&#9; * Gets the number of bets made&#13;&#10;&#9; * &#13;&#10;&#9; * @return&#13;&#10;&#9; * @throws DatabaseInterfaceException&#13;&#10;&#9; */&#13;&#10;&#9;public int getTotalNumberOfBets() throws DatabaseInterfaceException&#13;&#10;&#9;{&#13;&#10;&#9;&#9;return dbInterface.getGameActionsCount(PokerAction.BET, account, filter);&#13;&#10;&#9;}&#13;&#10;&#9;&#13;&#10;&#9;/**&#13;&#10;&#9; * Gets the number of checks made&#13;&#10;&#9; * &#13;&#10;&#9; * @return&#13;&#10;&#9; * @throws DatabaseInterfaceException&#13;&#10;&#9; */&#13;&#10;&#9;public int getTotalNumberOfChecks() throws DatabaseInterfaceException&#13;&#10;&#9;{&#13;&#10;&#9;&#9;return dbInterface.getGameActionsCount(PokerAction.CHECK, account, filter);&#13;&#10;&#9;}&#13;&#10;&#9;&#13;&#10;&#9;/**&#13;&#10;&#9; * Gets the number of calls made&#13;&#10;&#9; * &#13;&#10;&#9; * @return&#13;&#10;&#9; * @throws DatabaseInterfaceException&#13;&#10;&#9; */&#13;&#10;&#9;public int getTotalNumberOfCalls() throws DatabaseInterfaceException&#13;&#10;&#9;{&#13;&#10;&#9;&#9;return dbInterface.getGameActionsCount(PokerAction.CALL, account, filter);&#13;&#10;&#9;}&#13;&#10;&#9;&#13;&#10;&#9;/**&#13;&#10;&#9; * Gets the number of folds made&#13;&#10;&#9; * &#13;&#10;&#9; * @return&#13;&#10;&#9; * @throws DatabaseInterfaceException&#13;&#10;&#9; */&#13;&#10;&#9;public int getTotalNumberOfFolds() throws DatabaseInterfaceException&#13;&#10;&#9;{&#13;&#10;&#9;&#9;return dbInterface.getGameActionsCount(PokerAction.FOLD, account, filter);&#13;&#10;&#9;}&#13;&#10;&#9;&#13;&#10;&#9;/**&#13;&#10;&#9; * Gets the number of raises made&#13;&#10;&#9; * &#13;&#10;&#9; * @return&#13;&#10;&#9; * @throws DatabaseInterfaceException&#13;&#10;&#9; */&#13;&#10;&#9;public int getTotalNumberOfRaise() throws DatabaseInterfaceException&#13;&#10;&#9;{&#13;&#10;&#9;&#9;return dbInterface.getGameActionsCount(PokerAction.RAISE, account, filter);&#13;&#10;&#9;}&#13;&#10;&#9;&#13;&#10;&#9;/**&#13;&#10;&#9; * Gets the number of reraises made&#13;&#10;&#9; * &#13;&#10;&#9; * @return&#13;&#10;&#9; * @throws DatabaseInterfaceException&#13;&#10;&#9; */&#13;&#10;&#9;public int getTotalNumberOfReRaise() throws DatabaseInterfaceException&#13;&#10;&#9;{&#13;&#10;&#9;&#9;return dbInterface.getGameActionsCount(PokerAction.RERAISE, account, filter);&#13;&#10;&#9;}&#13;&#10;&#9;&#13;&#10;&#9;/**&#13;&#10;&#9; * Gets the number of pots won&#13;&#10;&#9; * &#13;&#10;&#9; * @return&#13;&#10;&#9; * @throws DatabaseInterfaceException&#13;&#10;&#9; */&#13;&#10;&#9;public int getTotalNumberOfPotsWon() throws DatabaseInterfaceException&#13;&#10;&#9;{&#13;&#10;&#9;&#9;return dbInterface.getGameActionsCount(PokerAction.WIN, account, filter);&#13;&#10;&#9;}&#13;&#10;&#9;&#13;&#10;&#9;/**&#13;&#10;&#9; * Gets the number of pots lost&#13;&#10;&#9; * &#13;&#10;&#9; * @return&#13;&#10;&#9; * @throws DatabaseInterfaceException&#13;&#10;&#9; */&#13;&#10;&#9;public int getTotalNumberOfPotsLoss() throws DatabaseInterfaceException&#13;&#10;&#9;{&#13;&#10;&#9;&#9;return dbInterface.getGameActionsCount(PokerAction.LOSS, account, filter);&#13;&#10;&#9;}&#13;&#10;&#9;&#13;&#10;&#9;/**&#13;&#10;&#9; * Gets the avg pot size on check&#13;&#10;&#9; * &#13;&#10;&#9; * @return&#13;&#10;&#9; * @throws DatabaseInterfaceException&#13;&#10;&#9; */&#13;&#10;&#9;public int getAvgDollarsPotOnChecks() throws DatabaseInterfaceException&#13;&#10;&#9;{&#13;&#10;&#9;&#9;return dbInterface.getGameActionsTypedNum(account, &#13;&#10;&#9;&#9;&#9;&#9;&#9;&#9;&#9;&#9;&#9;&#9;&#9;&#9;&#9;NumerableActionOperation.AVG, &#13;&#10;&#9;&#9;&#9;&#9;&#9;&#9;&#9;&#9;&#9;&#9;&#9;&#9;&#9;NumerableActionColumn.POT, &#13;&#10;&#9;&#9;&#9;&#9;&#9;&#9;&#9;&#9;&#9;&#9;&#9;&#9;&#9;PokerAction.CHECK, true, filter);&#13;&#10;&#9;}&#13;&#10;&#9;&#13;&#10;&#9;/**&#13;&#10;&#9; * Gets the avg pot size on calls&#13;&#10;&#9; * &#13;&#10;&#9; * @return&#13;&#10;&#9; * @throws DatabaseInterfaceException&#13;&#10;&#9; */&#13;&#10;&#9;public int getAvgDollarsPotOnCalls() throws DatabaseInterfaceException&#13;&#10;&#9;{&#13;&#10;&#9;&#9;return dbInterface.getGameActionsTypedNum(account, &#13;&#10;&#9;&#9;&#9;&#9;&#9;&#9;&#9;&#9;&#9;&#9;&#9;&#9;&#9;NumerableActionOperation.AVG, &#13;&#10;&#9;&#9;&#9;&#9;&#9;&#9;&#9;&#9;&#9;&#9;&#9;&#9;&#9;NumerableActionColumn.POT, &#13;&#10;&#9;&#9;&#9;&#9;&#9;&#9;&#9;&#9;&#9;&#9;&#9;&#9;&#9;PokerAction.CALL, true, filter);&#13;&#10;&#9;}&#13;&#10;&#9;&#13;&#10;&#9;/**&#13;&#10;&#9; * Gets the avg pot size on bets&#13;&#10;&#9; * &#13;&#10;&#9; * @return&#13;&#10;&#9; * @throws DatabaseInterfaceException&#13;&#10;&#9; */&#13;&#10;&#9;public int getAvgDollarsPotOnBets() throws DatabaseInterfaceException&#13;&#10;&#9;{&#13;&#10;&#9;&#9;return dbInterface.getGameActionsTypedNum(account, &#13;&#10;&#9;&#9;&#9;&#9;&#9;&#9;&#9;&#9;&#9;&#9;&#9;&#9;&#9;NumerableActionOperation.AVG, &#13;&#10;&#9;&#9;&#9;&#9;&#9;&#9;&#9;&#9;&#9;&#9;&#9;&#9;&#9;NumerableActionColumn.POT, &#13;&#10;&#9;&#9;&#9;&#9;&#9;&#9;&#9;&#9;&#9;&#9;&#9;&#9;&#9;PokerAction.BET, true, filter);&#13;&#10;&#9;}&#13;&#10;&#9;&#13;&#10;&#9;/**&#13;&#10;&#9; * Gets the avg pot size on raises&#13;&#10;&#9; * &#13;&#10;&#9; * @return&#13;&#10;&#9; * @throws DatabaseInterfaceException&#13;&#10;&#9; */&#13;&#10;&#9;public int getAvgDollarsPotOnRaises() throws DatabaseInterfaceException&#13;&#10;&#9;{&#13;&#10;&#9;&#9;return dbInterface.getGameActionsTypedNum(account, &#13;&#10;&#9;&#9;&#9;&#9;&#9;&#9;&#9;&#9;&#9;&#9;&#9;&#9;&#9;NumerableActionOperation.AVG, &#13;&#10;&#9;&#9;&#9;&#9;&#9;&#9;&#9;&#9;&#9;&#9;&#9;&#9;&#9;NumerableActionColumn.POT, &#13;&#10;&#9;&#9;&#9;&#9;&#9;&#9;&#9;&#9;&#9;&#9;&#9;&#9;&#9;PokerAction.RAISE, true, filter);&#13;&#10;&#9;}&#13;&#10;&#9;&#13;&#10;&#9;/**&#13;&#10;&#9; * Gets the avg pot size on reraises&#13;&#10;&#9; * &#13;&#10;&#9; * @return&#13;&#10;&#9; * @throws DatabaseInterfaceException&#13;&#10;&#9; */&#13;&#10;&#9;public int getAvgDollarsPotOnReRaises() throws DatabaseInterfaceException&#13;&#10;&#9;{&#13;&#10;&#9;&#9;return dbInterface.getGameActionsTypedNum(account, &#13;&#10;&#9;&#9;&#9;&#9;&#9;&#9;&#9;&#9;&#9;&#9;&#9;&#9;&#9;NumerableActionOperation.AVG, &#13;&#10;&#9;&#9;&#9;&#9;&#9;&#9;&#9;&#9;&#9;&#9;&#9;&#9;&#9;NumerableActionColumn.POT, &#13;&#10;&#9;&#9;&#9;&#9;&#9;&#9;&#9;&#9;&#9;&#9;&#9;&#9;&#9;PokerAction.RERAISE, true, filter);&#13;&#10;&#9;}&#13;&#10;&#9;&#13;&#10;&#9;/**&#13;&#10;&#9; * Gets the avg pot size on folds&#13;&#10;&#9; * &#13;&#10;&#9; * @return&#13;&#10;&#9; * @throws DatabaseInterfaceException&#13;&#10;&#9; */&#13;&#10;&#9;public int getAvgDollarsPotOnFolds() throws DatabaseInterfaceException&#13;&#10;&#9;{&#13;&#10;&#9;&#9;return dbInterface.getGameActionsTypedNum(account, &#13;&#10;&#9;&#9;&#9;&#9;&#9;&#9;&#9;&#9;&#9;&#9;&#9;&#9;&#9;NumerableActionOperation.AVG, &#13;&#10;&#9;&#9;&#9;&#9;&#9;&#9;&#9;&#9;&#9;&#9;&#9;&#9;&#9;NumerableActionColumn.POT, &#13;&#10;&#9;&#9;&#9;&#9;&#9;&#9;&#9;&#9;&#9;&#9;&#9;&#9;&#9;PokerAction.FOLD, true, filter);&#13;&#10;&#9;}&#13;&#10;&#9;&#13;&#10;&#9;/**&#13;&#10;&#9; * Gets the avg pot size on wins&#13;&#10;&#9; * &#13;&#10;&#9; * @return&#13;&#10;&#9; * @throws DatabaseInterfaceException&#13;&#10;&#9; */&#13;&#10;&#9;public int getAvgDollarsPotOnWins() throws DatabaseInterfaceException&#13;&#10;&#9;{&#13;&#10;&#9;&#9;return dbInterface.getGameActionsTypedNum(account, &#13;&#10;&#9;&#9;&#9;&#9;&#9;&#9;&#9;&#9;&#9;&#9;&#9;&#9;&#9;NumerableActionOperation.AVG, &#13;&#10;&#9;&#9;&#9;&#9;&#9;&#9;&#9;&#9;&#9;&#9;&#9;&#9;&#9;NumerableActionColumn.POT, &#13;&#10;&#9;&#9;&#9;&#9;&#9;&#9;&#9;&#9;&#9;&#9;&#9;&#9;&#9;PokerAction.WIN, true, filter);&#13;&#10;&#9;}&#13;&#10;&#9;&#13;&#10;&#9;/**&#13;&#10;&#9; * Gets the avg pot size on loses&#13;&#10;&#9; * &#13;&#10;&#9; * @return&#13;&#10;&#9; * @throws DatabaseInterfaceException&#13;&#10;&#9; */&#13;&#10;&#9;public int getAvgDollarsPotOnLoses() throws DatabaseInterfaceException&#13;&#10;&#9;{&#13;&#10;&#9;&#9;return dbInterface.getGameActionsTypedNum(account, &#13;&#10;&#9;&#9;&#9;&#9;&#9;&#9;&#9;&#9;&#9;&#9;&#9;&#9;&#9;NumerableActionOperation.AVG, &#13;&#10;&#9;&#9;&#9;&#9;&#9;&#9;&#9;&#9;&#9;&#9;&#9;&#9;&#9;NumerableActionColumn.POT, &#13;&#10;&#9;&#9;&#9;&#9;&#9;&#9;&#9;&#9;&#9;&#9;&#9;&#9;&#9;PokerAction.LOSS, true, filter);&#13;&#10;&#9;}&#13;&#10;&#9;&#13;&#10;&#9;/**&#13;&#10;&#9; * Gets the total amount of money won&#13;&#10;&#9; * &#13;&#10;&#9; * @return&#13;&#10;&#9; * @throws DatabaseInterfaceException&#13;&#10;&#9; */&#13;&#10;&#9;public int getTotalDollarsWon() throws DatabaseInterfaceException&#13;&#10;&#9;{&#13;&#10;&#9;&#9;return dbInterface.getGameActionsTypedNum(account, &#13;&#10;&#9;&#9;&#9;&#9;&#9;&#9;&#9;&#9;&#9;&#9;&#9;&#9;&#9;NumerableActionOperation.SUM, &#13;&#10;&#9;&#9;&#9;&#9;&#9;&#9;&#9;&#9;&#9;&#9;&#9;&#9;&#9;NumerableActionColumn.POT, &#13;&#10;&#9;&#9;&#9;&#9;&#9;&#9;&#9;&#9;&#9;&#9;&#9;&#9;&#9;PokerAction.WIN, true, filter);&#13;&#10;&#9;}&#13;&#10;&#9;&#13;&#10;&#9;/**&#13;&#10;&#9; * Gets the total amount of money losses&#13;&#10;&#9; * &#13;&#10;&#9; * @return&#13;&#10;&#9; * @throws DatabaseInterfaceException&#13;&#10;&#9; */&#13;&#10;&#9;public int getTotalDollarsLoss() throws DatabaseInterfaceException&#13;&#10;&#9;{&#13;&#10;&#9;&#9;return dbInterface.getGameActionsTypedNum(account, &#13;&#10;&#9;&#9;&#9;&#9;&#9;&#9;&#9;&#9;&#9;&#9;&#9;&#9;&#9;NumerableActionOperation.SUM, &#13;&#10;&#9;&#9;&#9;&#9;&#9;&#9;&#9;&#9;&#9;&#9;&#9;&#9;&#9;NumerableActionColumn.POT, &#13;&#10;&#9;&#9;&#9;&#9;&#9;&#9;&#9;&#9;&#9;&#9;&#9;&#9;&#9;PokerAction.LOSS, true, filter);&#13;&#10;&#9;}&#13;&#10;&#9;&#13;&#10;&#9;/**&#13;&#10;&#9; * Gets the total amount of pots played in&#13;&#10;&#9; * &#13;&#10;&#9; * @return&#13;&#10;&#9; * @throws DatabaseInterfaceException&#13;&#10;&#9; */&#13;&#10;&#9;public int getTotalDollarsFolded() throws DatabaseInterfaceException&#13;&#10;&#9;{&#13;&#10;&#9;&#9;return dbInterface.getGameActionsTypedNum(account, &#13;&#10;&#9;&#9;&#9;&#9;&#9;&#9;&#9;&#9;&#9;&#9;&#9;&#9;&#9;NumerableActionOperation.SUM, &#13;&#10;&#9;&#9;&#9;&#9;&#9;&#9;&#9;&#9;&#9;&#9;&#9;&#9;&#9;NumerableActionColumn.POT, &#13;&#10;&#9;&#9;&#9;&#9;&#9;&#9;&#9;&#9;&#9;&#9;&#9;&#9;&#9;PokerAction.FOLD, true, filter);&#13;&#10;&#9;}&#13;&#10;&#9;&#13;&#10;&#9;/**&#13;&#10;&#9; * Gets the winning pot percentage&#13;&#10;&#9; * &#13;&#10;&#9; * @return&#13;&#10;&#9; * @throws DatabaseInterfaceException&#13;&#10;&#9; */&#13;&#10;&#9;public double getWinPercentage() throws DatabaseInterfaceException&#13;&#10;&#9;{&#13;&#10;&#9;&#9;double denom = (double) getTotalNumberOfPots();&#13;&#10;&#9;&#9;double num = (double) this.getTotalNumberOfPotsWon();&#13;&#10;&#9;&#9;&#13;&#10;&#9;&#9; if(denom == 0)&#13;&#10;&#9;&#9;&#9;return 0;&#13;&#10;&#9;&#9;else&#13;&#10;&#9;&#9;&#9;return (num/denom) * 100;&#13;&#10;&#13;&#10;&#9;&#9;&#13;&#10;&#9;}&#13;&#10;&#9;&#13;&#10;&#9;/**&#13;&#10;&#9; * Gets the total amount of money generated&#13;&#10;&#9; * &#13;&#10;&#9; * @return&#13;&#10;&#9; * @throws DatabaseInterfaceException&#13;&#10;&#9; */&#13;&#10;&#9;public int getMoneyGenerate() throws DatabaseInterfaceException&#13;&#10;&#9;{&#13;&#10;&#9;&#9;return dbInterface.getMoneyGenerated(account, filter);&#13;&#10;&#9;}&#13;&#10;&#9;&#13;&#10;&#9;public int getTotalNumberOfPots() throws DatabaseInterfaceException&#13;&#10;&#9;{&#13;&#10;&#9;&#9;return (this.getTotalNumberOfFolds() + this.getTotalNumberOfPotsLoss()+this.getTotalNumberOfPotsWon());&#13;&#10;&#9;}&#13;&#10;&#9;&#13;&#10;&#9;/**&#13;&#10;&#9; * Gets the total number of games played&#13;&#10;&#9; * &#13;&#10;&#9; * @return&#13;&#10;&#9; * @throws DatabaseInterfaceException&#13;&#10;&#9; */&#13;&#10;&#9;public int getGamesPlayed() throws DatabaseInterfaceException&#13;&#10;&#9;{&#13;&#10;&#9;&#9;return dbInterface.getGamesPlayed(account, filter);&#13;&#10;&#9;}&#13;&#10;&#9;&#13;&#10;&#9;/**&#13;&#10;&#9; * Gets the total delta money generated by the user&#13;&#10;&#9; * &#13;&#10;&#9; * @return&#13;&#10;&#9; * @throws DatabaseInterfaceException&#13;&#10;&#9; */&#13;&#10;&#9;public int getNetMoney() throws DatabaseInterfaceException&#13;&#10;&#9;{&#13;&#10;&#9;&#9;return this.getTotalDollarsWon() - this.getTotalDollarsFolded() - this.getTotalDollarsLoss() - getMoneyGenerate();&#13;&#10;&#9;}&#13;&#10;&#9;&#13;&#10;&#9;/**&#13;&#10;&#9; * A function that causes all the ranking information to be updated for the current used.&#13;&#10;&#9; * This function is only called after new data has been processed, in order to be more efficient.&#13;&#10;&#9; * &#13;&#10;&#9; * @param account&#13;&#10;&#9; * @throws DatabaseInterfaceException&#13;&#10;&#9; */&#13;&#10;&#9;public void updateRankings() throws DatabaseInterfaceException&#13;&#10;&#9;{&#13;&#10;&#9;&#9;this.updateNetMoneyRankings();&#13;&#10;&#9;&#9;this.updateOptimalityRankings();&#13;&#10;&#9;&#9;dbInterface.updateRankCacheDate(account);&#13;&#10;&#9;}&#13;&#10;&#9;&#13;&#10;&#9;private void updateNetMoneyRankings() throws DatabaseInterfaceException&#13;&#10;&#9;{&#13;&#10;&#9;&#9;Filter original = this.filter;&#13;&#10;&#9;&#9;for (TimeFrame timeFrame : TimeFrame.values()) {&#13;&#10;&#9;&#9;&#9;filter = new Filter(timeFrame.getValue());&#13;&#10;&#9;&#9;&#9;int netMoney = this.getNetMoney();&#13;&#10;&#9;&#9;&#9;&#13;&#10;&#9;&#9;&#9;dbInterface.updateUsersNetMoney(account, netMoney, filter);&#13;&#10;&#9;&#9;}&#13;&#10;&#9;&#9;&#13;&#10;&#9;&#9;this.filter = original;&#13;&#10;&#9;}&#13;&#10;&#9;&#13;&#10;&#9;private void updateOptimalityRankings() throws DatabaseInterfaceException&#13;&#10;&#9;{&#13;&#10;&#9;&#9;Filter original = this.filter;&#13;&#10;&#9;&#9;for (TimeFrame timeFrame : TimeFrame.values()) {&#13;&#10;&#9;&#9;&#9;filter = new Filter(timeFrame.getValue());&#13;&#10;&#9;&#9;&#9;double optimality = this.getOptimality();&#13;&#10;&#9;&#9;&#9;&#13;&#10;&#9;&#9;&#9;dbInterface.updateUsersOptimality(account, optimality, filter);&#13;&#10;&#9;&#9;}&#13;&#10;&#9;&#9;&#13;&#10;&#9;&#9;this.filter = original;&#13;&#10;&#9;}&#13;&#10;&#13;&#10;&#9;&#13;&#10;}&#13;&#10;" Filename="PersonalStatistics.java" Intrnl_Id="33"/>
<SrcFile Content="package dataModels;&#13;&#10;&#13;&#10;import java.util.ArrayList;&#13;&#10;import java.util.Hashtable;&#13;&#10;&#13;&#10;import util.PokerHandRanker;&#13;&#10;import dataModels.GameAction.PokerAction;&#13;&#10;&#13;&#10;/**&#13;&#10; * @SRS 3.2.2.8&#13;&#10; * &#13;&#10; * @author dddurand&#13;&#10; *&#13;&#10; */&#13;&#10;public class Optimality {&#13;&#10;&#13;&#10;&#9;&#13;&#10;&#9;public static final double POSTIVE_ACTION_VALUE = 1;&#13;&#10;&#9;public static final double NEGATIVE_ACTION_VALUE = 0;&#13;&#10;&#9;&#13;&#10;&#9;/**&#13;&#10;&#9; * In the case of two cards (pre-flop), we will use precalculated EV's.&#13;&#10;&#9; * These values are based on:&#13;&#10;&#9; * &#13;&#10;&#9; * The statistics are based on 115,591,080 pair of pocket cards dealt at the real money tables. &#13;&#10;&#9; * The unit for EV is average profit in big bets.&#13;&#10;&#9; * &#13;&#10;&#9; * Because they are based on big bets, they might be more optimistic for our cases,&#13;&#10;&#9; * but they will work.&#13;&#10;&#9; * &#13;&#10;&#9; * http://www.tightpoker.com/poker_hands.html&#13;&#10;&#9; * &#13;&#10;&#9; */&#13;&#10;&#9;private static final Hashtable&lt;String, Double&gt; dealtHandEVs = new Hashtable&lt;String, Double&gt;();&#13;&#10;&#9;&#13;&#10;&#9;static&#13;&#10;&#9;{&#13;&#10;&#9;&#9;dealtHandEVs.put(&quot;AA&quot;, 2.32 );&#13;&#10;    &#9;dealtHandEVs.put(&quot;KK&quot;, 1.67 );&#13;&#10;    &#9;dealtHandEVs.put(&quot;QQ&quot;, 1.22 );&#13;&#10;    &#9;dealtHandEVs.put(&quot;JJ&quot;, 0.86 );&#13;&#10;    &#9;dealtHandEVs.put(&quot;AK s&quot;, 0.78 );&#13;&#10;    &#9;dealtHandEVs.put(&quot;AQ s&quot;, 0.59 );&#13;&#10;    &#9;dealtHandEVs.put(&quot;TT&quot;, 0.58 );&#13;&#10;    &#9;dealtHandEVs.put(&quot;AK&quot;, 0.51 );&#13;&#10;    &#9;dealtHandEVs.put(&quot;AJ s&quot;, 0.44 );&#13;&#10;    &#9;dealtHandEVs.put(&quot;KQ s&quot;, 0.39 );&#13;&#10;    &#9;dealtHandEVs.put(&quot;99&quot;, 0.38 );&#13;&#10;    &#9;dealtHandEVs.put(&quot;AT s&quot;, 0.32 );&#13;&#10;    &#9;dealtHandEVs.put(&quot;AQ&quot;, 0.31 );&#13;&#10;    &#9;dealtHandEVs.put(&quot;KJ s&quot;, 0.29 );&#13;&#10;    &#9;dealtHandEVs.put(&quot;88&quot;, 0.25 );&#13;&#10;    &#9;dealtHandEVs.put(&quot;QJ s&quot;, 0.23 );&#13;&#10;    &#9;dealtHandEVs.put(&quot;KT s&quot;, 0.20 );&#13;&#10;    &#9;dealtHandEVs.put(&quot;A9 s&quot;, 0.19 );&#13;&#10;    &#9;dealtHandEVs.put(&quot;AJ&quot;, 0.19 );&#13;&#10;    &#9;dealtHandEVs.put(&quot;QT s&quot;, 0.17 );&#13;&#10;    &#9;dealtHandEVs.put(&quot;KQ&quot;, 0.16 );&#13;&#10;    &#9;dealtHandEVs.put(&quot;77&quot;, 0.16 );&#13;&#10;    &#9;dealtHandEVs.put(&quot;JT s&quot;, 0.15 );&#13;&#10;    &#9;dealtHandEVs.put(&quot;A8 s&quot;, 0.10 );&#13;&#10;    &#9;dealtHandEVs.put(&quot;K9 s&quot;, 0.09 );&#13;&#10;    &#9;dealtHandEVs.put(&quot;AT&quot;, 0.08 );&#13;&#10;    &#9;dealtHandEVs.put(&quot;A5 s&quot;, 0.08 );&#13;&#10;    &#9;dealtHandEVs.put(&quot;A7s&quot;, 0.08 );&#13;&#10;    &#9;dealtHandEVs.put(&quot;KJ&quot;, 0.08 );&#13;&#10;    &#9;dealtHandEVs.put(&quot;66&quot;, 0.07 );&#13;&#10;    &#9;dealtHandEVs.put(&quot;T9 s&quot;, 0.05 );&#13;&#10;    &#9;dealtHandEVs.put(&quot;A4 s&quot;, 0.05 );&#13;&#10;    &#9;dealtHandEVs.put(&quot;Q9 s&quot;, 0.05 );&#13;&#10;    &#9;dealtHandEVs.put(&quot;J9 s&quot;, 0.04 );&#13;&#10;    &#9;dealtHandEVs.put(&quot;QJ&quot;, 0.03 );&#13;&#10;    &#9;dealtHandEVs.put(&quot;A6 s&quot;, 0.03 );&#13;&#10;    &#9;dealtHandEVs.put(&quot;55&quot;, 0.02 );&#13;&#10;    &#9;dealtHandEVs.put(&quot;A3 s&quot;, 0.02 );&#13;&#10;    &#9;dealtHandEVs.put(&quot;K8 s&quot;, 0.01 );&#13;&#10;    &#9;dealtHandEVs.put(&quot;KT&quot;, 0.01 );&#13;&#10;    &#9;dealtHandEVs.put(&quot;98 s&quot;, 0.00 );&#13;&#10;    &#9;dealtHandEVs.put(&quot;T8 s&quot;, -0.00 );&#13;&#10;    &#9;dealtHandEVs.put(&quot;K7 s&quot;, -0.00 );&#13;&#10;    &#9;dealtHandEVs.put(&quot;A2 s&quot;, 0.00 );&#13;&#10;    &#9;dealtHandEVs.put(&quot;87 s&quot;, -0.02 );&#13;&#10;    &#9;dealtHandEVs.put(&quot;QT&quot;, -0.02 );&#13;&#10;    &#9;dealtHandEVs.put(&quot;Q8 s&quot;, -0.02 );&#13;&#10;    &#9;dealtHandEVs.put(&quot;44&quot;, -0.03 );&#13;&#10;    &#9;dealtHandEVs.put(&quot;A9&quot;, -0.03 );&#13;&#10;    &#9;dealtHandEVs.put(&quot;J8 s&quot;, -0.03 );&#13;&#10;    &#9;dealtHandEVs.put(&quot;76 s&quot;, -0.03 );&#13;&#10;    &#9;dealtHandEVs.put(&quot;JT&quot;, -0.03 );&#13;&#10;    &#9;dealtHandEVs.put(&quot;97 s&quot;, -0.04 );&#13;&#10;    &#9;dealtHandEVs.put(&quot;K6 s&quot;, -0.04 );&#13;&#10;    &#9;dealtHandEVs.put(&quot;K5 s&quot;, -0.05 );&#13;&#10;    &#9;dealtHandEVs.put(&quot;K4 s&quot;, -0.05 );&#13;&#10;    &#9;dealtHandEVs.put(&quot;T7 s&quot;, -0.05 );&#13;&#10;    &#9;dealtHandEVs.put(&quot;Q7 s&quot;, -0.06 );&#13;&#10;    &#9;dealtHandEVs.put(&quot;K9&quot;, -0.07 );&#13;&#10;    &#9;dealtHandEVs.put(&quot;65 s&quot;, -0.07 );&#13;&#10;    &#9;dealtHandEVs.put(&quot;T9&quot;, -0.07 );&#13;&#10;    &#9;dealtHandEVs.put(&quot;86 s&quot;, -0.07 );&#13;&#10;    &#9;dealtHandEVs.put(&quot;A8&quot;, -0.07 );&#13;&#10;    &#9;dealtHandEVs.put(&quot;J7 s&quot;, -0.07 );&#13;&#10;    &#9;dealtHandEVs.put(&quot;33&quot;, -0.07 );&#13;&#10;    &#9;dealtHandEVs.put(&quot;54 s&quot;, -0.08 );&#13;&#10;    &#9;dealtHandEVs.put(&quot;Q6 s&quot;, -0.08 );&#13;&#10;    &#9;dealtHandEVs.put(&quot;K3 s&quot;, -0.08 );&#13;&#10;    &#9;dealtHandEVs.put(&quot;Q9&quot;, -0.08 );&#13;&#10;    &#9;dealtHandEVs.put(&quot;75 s&quot;, -0.09 );&#13;&#10;    &#9;dealtHandEVs.put(&quot;22&quot;, -0.09 );&#13;&#10;    &#9;dealtHandEVs.put(&quot;J9&quot;, -0.09 );&#13;&#10;    &#9;dealtHandEVs.put(&quot;64 s&quot;, -0.09 );&#13;&#10;    &#9;dealtHandEVs.put(&quot;Q5 s&quot;, -0.09 );&#13;&#10;    &#9;dealtHandEVs.put(&quot;K2 s&quot;, -0.09 );&#13;&#10;    &#9;dealtHandEVs.put(&quot;96 s&quot;, -0.09 );&#13;&#10;    &#9;dealtHandEVs.put(&quot;Q3 s&quot;, -0.10 );&#13;&#10;    &#9;dealtHandEVs.put(&quot;J8&quot;, -0.10 );&#13;&#10;    &#9;dealtHandEVs.put(&quot;98&quot;, -0.10 );&#13;&#10;    &#9;dealtHandEVs.put(&quot;T8&quot;, -0.10 );&#13;&#10;    &#9;dealtHandEVs.put(&quot;97&quot;, -0.10 );&#13;&#10;    &#9;dealtHandEVs.put(&quot;A7&quot;, -0.10 );&#13;&#10;    &#9;dealtHandEVs.put(&quot;T7&quot;, -0.10 );&#13;&#10;    &#9;dealtHandEVs.put(&quot;Q4 s&quot;, -0.10 );&#13;&#10;    &#9;dealtHandEVs.put(&quot;Q8&quot;, -0.11 );&#13;&#10;    &#9;dealtHandEVs.put(&quot;J5 s&quot;, -0.11 );&#13;&#10;    &#9;dealtHandEVs.put(&quot;T6&quot;, -0.11 );&#13;&#10;    &#9;dealtHandEVs.put(&quot;75&quot;, -0.11 );&#13;&#10;    &#9;dealtHandEVs.put(&quot;J4 s&quot;, -0.11 );&#13;&#10;    &#9;dealtHandEVs.put(&quot;74 s&quot;, -0.11 );&#13;&#10;    &#9;dealtHandEVs.put(&quot;K8&quot;, -0.11 );&#13;&#10;    &#9;dealtHandEVs.put(&quot;86&quot;, -0.11 );&#13;&#10;    &#9;dealtHandEVs.put(&quot;53 s&quot;, -0.11 );&#13;&#10;    &#9;dealtHandEVs.put(&quot;K7&quot;, -0.11 );&#13;&#10;    &#9;dealtHandEVs.put(&quot;63 s&quot;, -0.11 );&#13;&#10;    &#9;dealtHandEVs.put(&quot;J6 s&quot;, -0.11 );&#13;&#10;    &#9;dealtHandEVs.put(&quot;85&quot;, -0.11 );&#13;&#10;    &#9;dealtHandEVs.put(&quot;T6 s&quot;, -0.11 );&#13;&#10;    &#9;dealtHandEVs.put(&quot;76&quot;, -0.11 );&#13;&#10;    &#9;dealtHandEVs.put(&quot;A6&quot;, -0.12 );&#13;&#10;    &#9;dealtHandEVs.put(&quot;T2&quot;, -0.12 );&#13;&#10;    &#9;dealtHandEVs.put(&quot;95 s&quot;, -0.12 );&#13;&#10;    &#9;dealtHandEVs.put(&quot;84&quot;, -0.12 );&#13;&#10;    &#9;dealtHandEVs.put(&quot;62&quot;, -0.12 );&#13;&#10;    &#9;dealtHandEVs.put(&quot;T5 s&quot;, -0.12 );&#13;&#10;    &#9;dealtHandEVs.put(&quot;95&quot;, -0.12 );&#13;&#10;    &#9;dealtHandEVs.put(&quot;A5&quot;, -0.12 );&#13;&#10;    &#9;dealtHandEVs.put(&quot;Q7&quot;, -0.12 );&#13;&#10;    &#9;dealtHandEVs.put(&quot;T5&quot;, -0.12 );&#13;&#10;    &#9;dealtHandEVs.put(&quot;87&quot;, -0.12 );&#13;&#10;    &#9;dealtHandEVs.put(&quot;83&quot;, -0.12 );&#13;&#10;    &#9;dealtHandEVs.put(&quot;65&quot;, -0.12 );&#13;&#10;    &#9;dealtHandEVs.put(&quot;Q2 s&quot;, -0.12 );&#13;&#10;    &#9;dealtHandEVs.put(&quot;94&quot;, -0.12 );&#13;&#10;    &#9;dealtHandEVs.put(&quot;74&quot;, -0.12 );&#13;&#10;    &#9;dealtHandEVs.put(&quot;54&quot;, -0.12 );&#13;&#10;    &#9;dealtHandEVs.put(&quot;A4&quot;, -0.12 );&#13;&#10;    &#9;dealtHandEVs.put(&quot;T4&quot;, -0.12 );&#13;&#10;    &#9;dealtHandEVs.put(&quot;82&quot;, -0.12 );&#13;&#10;    &#9;dealtHandEVs.put(&quot;64&quot;, -0.12 );&#13;&#10;    &#9;dealtHandEVs.put(&quot;42&quot;, -0.12 );&#13;&#10;    &#9;dealtHandEVs.put(&quot;J7&quot;, -0.12 );&#13;&#10;    &#9;dealtHandEVs.put(&quot;93&quot;, -0.12 );&#13;&#10;    &#9;dealtHandEVs.put(&quot;85 s&quot;, -0.12 );&#13;&#10;    &#9;dealtHandEVs.put(&quot;73&quot;, -0.12 );&#13;&#10;    &#9;dealtHandEVs.put(&quot;53&quot;, -0.12 );&#13;&#10;    &#9;dealtHandEVs.put(&quot;T3&quot;, -0.12 );&#13;&#10;    &#9;dealtHandEVs.put(&quot;63&quot;, -0.12 );&#13;&#10;    &#9;dealtHandEVs.put(&quot;K6&quot;, -0.12 );&#13;&#10;    &#9;dealtHandEVs.put(&quot;J6&quot;, -0.12 );&#13;&#10;    &#9;dealtHandEVs.put(&quot;96&quot;, -0.12 );&#13;&#10;    &#9;dealtHandEVs.put(&quot;92&quot;, -0.12 );&#13;&#10;    &#9;dealtHandEVs.put(&quot;72&quot;, -0.12 );&#13;&#10;    &#9;dealtHandEVs.put(&quot;52&quot;, -0.12 );&#13;&#10;    &#9;dealtHandEVs.put(&quot;Q4&quot;, -0.13 );&#13;&#10;    &#9;dealtHandEVs.put(&quot;K5&quot;, -0.13 );&#13;&#10;    &#9;dealtHandEVs.put(&quot;J5&quot;, -0.13 );&#13;&#10;    &#9;dealtHandEVs.put(&quot;43 s&quot;, -0.13 );&#13;&#10;    &#9;dealtHandEVs.put(&quot;Q3&quot;, -0.13 );&#13;&#10;    &#9;dealtHandEVs.put(&quot;43&quot;, -0.13 );&#13;&#10;    &#9;dealtHandEVs.put(&quot;K4&quot;, -0.13 );&#13;&#10;    &#9;dealtHandEVs.put(&quot;J4&quot;, -0.13 );&#13;&#10;    &#9;dealtHandEVs.put(&quot;T4 s&quot;, -0.13 );&#13;&#10;    &#9;dealtHandEVs.put(&quot;Q6&quot;, -0.13 );&#13;&#10;    &#9;dealtHandEVs.put(&quot;Q2&quot;, -0.13 );&#13;&#10;    &#9;dealtHandEVs.put(&quot;J3 s&quot;, -0.13 );&#13;&#10;    &#9;dealtHandEVs.put(&quot;J3&quot;, -0.13 );&#13;&#10;    &#9;dealtHandEVs.put(&quot;T3 s&quot;, -0.13 );&#13;&#10;    &#9;dealtHandEVs.put(&quot;A3&quot;, -0.13 );&#13;&#10;    &#9;dealtHandEVs.put(&quot;Q5&quot;, -0.13 );&#13;&#10;    &#9;dealtHandEVs.put(&quot;J2&quot;, -0.13 );&#13;&#10;    &#9;dealtHandEVs.put(&quot;84 s&quot;, -0.13 );&#13;&#10;    &#9;dealtHandEVs.put(&quot;82 s&quot;, -0.14 );&#13;&#10;    &#9;dealtHandEVs.put(&quot;42 s&quot;, -0.14 );&#13;&#10;    &#9;dealtHandEVs.put(&quot;93 s&quot;, -0.14 );&#13;&#10;    &#9;dealtHandEVs.put(&quot;73 s&quot;, -0.14 );&#13;&#10;    &#9;dealtHandEVs.put(&quot;K3&quot;, -0.14 );&#13;&#10;    &#9;dealtHandEVs.put(&quot;J2 s&quot;, -0.14 );&#13;&#10;    &#9;dealtHandEVs.put(&quot;92 s&quot;, -0.14 );&#13;&#10;    &#9;dealtHandEVs.put(&quot;52 s&quot;, -0.14 );&#13;&#10;    &#9;dealtHandEVs.put(&quot;K2&quot;, -0.14 );&#13;&#10;    &#9;dealtHandEVs.put(&quot;T2 s&quot;, -0.14 );&#13;&#10;    &#9;dealtHandEVs.put(&quot;62 s&quot;, -0.14 );&#13;&#10;    &#9;dealtHandEVs.put(&quot;32&quot;, -0.14 );&#13;&#10;    &#9;dealtHandEVs.put(&quot;A2&quot;, -0.15 );&#13;&#10;    &#9;dealtHandEVs.put(&quot;83 s&quot;, -0.15 );&#13;&#10;    &#9;dealtHandEVs.put(&quot;94 s&quot;, -0.15 );&#13;&#10;    &#9;dealtHandEVs.put(&quot;72 s&quot;, -0.15 );&#13;&#10;    &#9;dealtHandEVs.put(&quot;32 s&quot;, -0.15 );&#13;&#10;&#9;}&#13;&#10;&#9;&#13;&#10;&#9;/**&#13;&#10;&#9; * Calculates the optimality rating for a given game&#13;&#10;&#9; * &#13;&#10;&#9; * @param game&#13;&#10;&#9; * @return&#13;&#10;&#9; */&#13;&#10;&#9;public double getOptimalRatingForGame(Game game)&#13;&#10;&#9;{&#13;&#10;&#9;&#9;ArrayList&lt;Double&gt; opValues = new ArrayList&lt;Double&gt;();&#13;&#10;&#9;&#9;&#13;&#10;&#9;&#9;ArrayList&lt;GameAction&gt; actions = game.getGameActions();&#13;&#10;&#9;&#9;&#13;&#10;&#9;&#9;for(GameAction gameAction : actions)&#13;&#10;&#9;&#9;{&#13;&#10;&#9;&#9;&#9;PokerAction action = gameAction.getAction();&#13;&#10;&#9;&#9;&#9;&#13;&#10;&#9;&#9;&#9;/*&#13;&#10;&#9;&#9;&#9; * In the case of checks, wins, loses, etc&#13;&#10;&#9;&#9;&#9; * where actions are not dependent on a change in&#13;&#10;&#9;&#9;&#9; * pot value, we are not going to model the interaction.&#13;&#10;&#9;&#9;&#9; * &#13;&#10;&#9;&#9;&#9; * Because we explicitly wanted or model to look at only&#13;&#10;&#9;&#9;&#9; * the knowledge the player has at the time. Other actions&#13;&#10;&#9;&#9;&#9; * will not judge additional risk(ex: check), or actions such as fold &#13;&#10;&#9;&#9;&#9; * are not not tracked, since we tracked all risky actions&#13;&#10;&#9;&#9;&#9; * previous to this action. In essence we are assuming most&#13;&#10;&#9;&#9;&#9; * players have a general idea when to fold, and this is a much&#13;&#10;&#9;&#9;&#9; * less important measure than the other actions.&#13;&#10;&#9;&#9;&#9; */&#13;&#10;&#9;&#9;&#9;if(action != PokerAction.BET &amp;&amp; &#13;&#10;&#9;&#9;&#9;   action != PokerAction.CALL &amp;&amp; &#13;&#10;&#9;&#9;&#9;   action != PokerAction.RAISE &amp;&amp; &#13;&#10;&#9;&#9;&#9;   action != PokerAction.RERAISE)&#13;&#10;&#9;&#9;&#9;&#9;continue;&#13;&#10;&#9;&#9;&#9;&#13;&#10;&#9;&#9;&#9;ArrayList&lt;Card&gt; commCards = gameAction.getCommunityCards();&#13;&#10;&#9;&#9;&#9;ArrayList&lt;Card&gt; handCards = gameAction.getHand();&#13;&#10;&#9;&#9;&#9;&#13;&#10;&#9;&#9;&#9;int pot = gameAction.getPot();&#13;&#10;&#9;&#9;&#9;int bet = gameAction.getBet();&#13;&#10;&#9;&#9;&#9;&#13;&#10;&#9;&#9;&#9;if(this.isPositiveEV(pot, bet, handCards, commCards))&#13;&#10;&#9;&#9;&#9;&#9;opValues.add(new Double(1));&#13;&#10;&#9;&#9;&#9;else&#13;&#10;&#9;&#9;&#9;&#9;opValues.add(new Double(0));&#13;&#10;&#9;&#9;&#9;&#13;&#10;&#9;&#9;}&#13;&#10;&#9;&#9;&#13;&#10;&#9;&#9;double sum = 0;&#13;&#10;&#9;&#9;int count = 0;&#13;&#10;&#9;&#9;for(double opValue : opValues)&#13;&#10;&#9;&#9;{&#13;&#10;&#9;&#9;&#9;sum += opValue;&#13;&#10;&#9;&#9;&#9;count++;&#13;&#10;&#9;&#9;}&#13;&#10;&#9;&#9;&#13;&#10;&#9;&#9;if(count == 0) return 0;&#13;&#10;&#9;&#9;&#13;&#10;&#9;&#9;return (sum / count) * 100;&#13;&#10;&#9;&#9;&#13;&#10;&#9;}&#13;&#10;&#9;&#13;&#10;&#9;/**&#13;&#10;&#9; * Rating for the case of two cards only - no community cards&#13;&#10;&#9; * &#13;&#10;&#9; * @param hand&#13;&#10;&#9; * @return&#13;&#10;&#9; */&#13;&#10;&#9;public double preFlopOptimalityRating(ArrayList&lt;Card&gt; hand)&#13;&#10;&#9;{&#13;&#10;&#9;&#9;double EV = this.getPreFlopEV(hand);&#13;&#10;&#9;&#9;&#13;&#10;&#9;&#9;if(EV &gt; 0)&#13;&#10;&#9;&#9;&#9;return POSTIVE_ACTION_VALUE;&#13;&#10;&#9;&#9;&#13;&#10;&#9;&#9;&#13;&#10;&#9;&#9;return NEGATIVE_ACTION_VALUE;&#13;&#10;&#9;&#9;&#13;&#10;&#9;}&#13;&#10;&#9;&#13;&#10;&#9;/**&#13;&#10;&#9; * Rating for the case of two cards only - no community cards&#13;&#10;&#9; * &#13;&#10;&#9; * @param hand&#13;&#10;&#9; * @return&#13;&#10;&#9; */&#13;&#10;&#9;public double getPreFlopEV(ArrayList&lt;Card&gt; hand)&#13;&#10;&#9;{&#13;&#10;&#9;&#9;if(hand == null || hand.size() != 2)&#13;&#10;&#9;&#9;{&#13;&#10;&#9;&#9;&#9;return Double.NEGATIVE_INFINITY;&#13;&#10;&#9;&#9;}&#13;&#10;&#9;&#9;&#13;&#10;&#9;&#9;String suitExt = &quot;&quot;;&#13;&#10;&#9;&#9;Card card1 = hand.get(0);&#13;&#10;&#9;&#9;Card card2 = hand.get(1);&#13;&#10;&#9;&#9;String card1String = card1.getNumber().getStringValue();&#13;&#10;&#9;&#9;String card2String = card2.getNumber().getStringValue();&#13;&#10;&#9;&#9;&#13;&#10;&#9;&#9;&#13;&#10;&#9;&#9;if(card1.getSuit() == card2.getSuit())&#13;&#10;&#9;&#9;&#9;suitExt = &quot; s&quot;;&#13;&#10;&#9;&#9;&#13;&#10;&#9;&#9;String handID = card1String+card2String+suitExt;&#13;&#10;&#9;&#9;Double value = dealtHandEVs.get(handID);&#13;&#10;&#9;&#9;&#13;&#10;&#9;&#9;if(value == null)&#13;&#10;&#9;&#9;&#9;{&#13;&#10;&#9;&#9;&#9;handID = card2String+card1String+suitExt;&#13;&#10;&#9;&#9;&#9;value = dealtHandEVs.get(handID);&#13;&#10;&#9;&#9;&#9;}&#13;&#10;&#9;&#9;&#13;&#10;&#9;&#9;if(value == null) return Double.NEGATIVE_INFINITY;&#13;&#10;&#9;&#9;&#13;&#10;&#9;&#9;return value;&#13;&#10;&#9;&#9;&#13;&#10;&#9;}&#13;&#10;&#9;&#13;&#10;&#9;/**&#13;&#10;&#9; * Gets the average EV for when the next card is added to the community.&#13;&#10;&#9; * &#13;&#10;&#9; * @param pot&#13;&#10;&#9; * @param bet&#13;&#10;&#9; * @param comm&#13;&#10;&#9; * @param hand&#13;&#10;&#9; * @return&#13;&#10;&#9; */&#13;&#10;&#9;public static double getNextCardFutureRankings(int pot, int bet, int comm[], int hand[])&#13;&#10;&#9;{&#13;&#10;&#9;&#9;int commLength = comm.length;&#13;&#10;&#9;&#9;int totalCards = commLength + hand.length;&#13;&#10;&#9;&#9;double ev = 0;&#13;&#10;&#9;&#9;&#13;&#10;&#9;&#9;double leftOverCards = 52-totalCards;&#13;&#10;&#9;&#9;&#9;&#9;//card 1&#13;&#10;&#9;&#9;&#9;&#9;//each suit&#13;&#10;&#9;&#9;&#9;&#9;for(int c1S = 0; c1S &lt; 4; c1S++)&#13;&#10;&#9;&#9;&#9;&#9;{&#13;&#10;&#9;&#9;&#9;&#9;&#9;//each number&#13;&#10;&#9;&#9;&#9;&#9;&#9;for(int c1N = 0; c1N &lt; 13;c1N++)&#13;&#10;&#9;&#9;&#9;&#9;&#9;{&#13;&#10;&#9;&#9;&#9;&#9;&#9;&#9;int card1 = c1N * 4 + c1S + 1;&#13;&#10;&#9;&#9;&#9;&#9;&#9;&#9;&#13;&#10;&#9;&#9;&#9;&#9;&#9;&#9;boolean skip = false;&#13;&#10;&#13;&#10;&#9;&#9;&#9;&#9;&#9;&#9;for(int commCard : comm)&#13;&#10;&#9;&#9;&#9;&#9;&#9;&#9;&#9;if(commCard == card1)&#13;&#10;&#9;&#9;&#9;&#9;&#9;&#9;&#9;&#9;{skip = true;break;}&#13;&#10;&#9;&#9;&#9;&#9;&#9;&#9;if(!skip)&#13;&#10;&#9;&#9;&#9;&#9;&#9;&#9;for(int handCard : hand)&#13;&#10;&#9;&#9;&#9;&#9;&#9;&#9;&#9;if(handCard == card1)&#13;&#10;&#9;&#9;&#9;&#9;&#9;&#9;&#9;&#9;{skip = true;break;}&#13;&#10;&#9;&#9;&#9;&#9;&#9;&#9;&#13;&#10;&#9;&#9;&#9;&#9;&#9;&#9;if(skip) continue;&#13;&#10;&#9;&#9;&#9;&#9;&#9;&#9;&#13;&#10;&#9;&#9;&#9;&#9;&#9;&#9;&#13;&#10;&#9;&#9;&#9;&#9;&#9;&#9;&#13;&#10;&#9;&#9;&#9;&#9;&#9;&#9;int[] newComm = new int[commLength+1];&#13;&#10;&#9;&#9;&#9;&#9;&#9;&#9;&#13;&#10;&#9;&#9;&#9;&#9;&#9;&#9;for(int i = 0; i &lt; commLength; i++)&#13;&#10;&#9;&#9;&#9;&#9;&#9;&#9;&#9;newComm[i] = comm[i];&#13;&#10;&#13;&#10;&#9;&#9;&#9;&#9;&#9;&#9;newComm[commLength] = card1;&#13;&#10;&#9;&#9;&#9;&#9;&#9;&#9;&#9;&#9;&#13;&#10;&#9;&#9;&#9;&#9;&#9;&#9;&#9;ev+= (1/(leftOverCards))*getHandEV(pot, bet, newComm, hand);&#13;&#10;&#9;&#9;&#9;&#9;&#9;}&#13;&#10;&#9;&#9;&#9;&#9;&#9;&#13;&#10;&#9;&#9;&#9;&#9;}&#13;&#10;&#9;&#9;&#9;&#9;&#13;&#10;&#9;&#9;&#9;&#9;return ev;&#13;&#10;&#9;}&#13;&#10;&#9;&#13;&#10;&#9;/**&#13;&#10;&#9; * Checks if the EV is positive&#13;&#10;&#9; * &#13;&#10;&#9; * @param pot&#13;&#10;&#9; * @param bet&#13;&#10;&#9; * @param handCards&#13;&#10;&#9; * @param commCards&#13;&#10;&#9; * @return&#13;&#10;&#9; */&#13;&#10;&#9;public boolean isPositiveEV(int pot, int bet, ArrayList&lt;Card&gt; handCards, ArrayList&lt;Card&gt; commCards)&#13;&#10;&#9;{&#13;&#10;&#9;&#9;&#13;&#10;&#9;&#9;double ev = getTotalEv(pot, bet, handCards, commCards);&#13;&#10;&#9;&#9;&#13;&#10;&#9;&#9;if(ev &gt; 0)&#13;&#10;&#9;&#9;&#9;return true;&#13;&#10;&#9;&#9;else &#13;&#10;&#9;&#9;&#9;return false;&#13;&#10;&#9;&#9;&#13;&#10;&#9;}&#13;&#10;&#9;&#13;&#10;&#9;/**&#13;&#10;&#9; * Gets the total EV for a given hand and context&#13;&#10;&#9; * &#13;&#10;&#9; * @param pot&#13;&#10;&#9; * @param bet&#13;&#10;&#9; * @param handCards&#13;&#10;&#9; * @param commCards&#13;&#10;&#9; * @return&#13;&#10;&#9; */&#13;&#10;&#9;public double getTotalEv(int pot, int bet, ArrayList&lt;Card&gt; handCards, ArrayList&lt;Card&gt; commCards)&#13;&#10;&#9;{&#13;&#10;&#9;&#9;&#13;&#10;&#9;&#9;int hand[] = PokerHandRanker.convertHand(handCards);&#13;&#10;&#9;&#9;int comm[] = PokerHandRanker.convertHand(commCards);&#13;&#10;&#9;&#9;&#13;&#10;&#9;&#9;int totalCards = commCards.size() + handCards.size();&#13;&#10;&#13;&#10;&#9;&#9;/*&#13;&#10;&#9;&#9; * Pre-Flop&#13;&#10;&#9;&#9; */&#13;&#10;&#9;&#9;if(totalCards == 2)&#13;&#10;&#9;&#9;&#9;return preFlopOptimalityRating(handCards);&#13;&#10;&#9;&#9;&#13;&#10;&#9;&#9;/*&#13;&#10;&#9;&#9; * Post Flop or Post Turn&#13;&#10;&#9;&#9; *&#13;&#10;&#9;&#9; * deal with 2 + 3 Looking at 4th (flop)&#13;&#10;&#9;&#9; * or deal with 2 + 4 Looking at 5th&#13;&#10;&#9;&#9; */&#13;&#10;&#9;&#9;if(totalCards==5 || totalCards==6)&#13;&#10;&#9;&#9;{&#13;&#10;&#9;&#9;&#9;return getNextCardFutureRankings(pot, bet, comm, hand);&#13;&#10;&#9;&#9;}&#13;&#10;&#9;&#9;&#13;&#10;&#9;&#9;/*&#13;&#10;&#9;&#9; * Post River&#13;&#10;&#9;&#9; */&#13;&#10;&#9;&#9;//deal with 7 Looking at Everything.&#13;&#10;&#9;&#9;if(totalCards==7)&#13;&#10;&#9;&#9;&#9;return getHandEV(pot, bet, comm, hand);&#13;&#10;&#9;&#9;&#13;&#10;&#9;&#9;&#13;&#10;&#9;&#9;return 0;&#13;&#10;&#9;&#9;&#13;&#10;&#9;}&#13;&#10;&#9;&#13;&#10;&#9;/**&#13;&#10;&#9; * Gets the EV for a particular hand&#13;&#10;&#9; * &#13;&#10;&#9; * @param pot&#13;&#10;&#9; * @param bet&#13;&#10;&#9; * @param comm&#13;&#10;&#9; * @param hand&#13;&#10;&#9; * @return&#13;&#10;&#9; */&#13;&#10;&#9;private static double getHandEV(int pot, int bet, int comm[], int hand[])&#13;&#10;&#9;{&#13;&#10;&#9;&#9;double ev = 0;&#13;&#10;&#9;&#9;int cardCount = comm.length + hand.length;&#13;&#10;&#9;&#9;int[] myHand = new int[cardCount];&#13;&#10;&#9;&#9;&#13;&#10;&#9;&#9;double leftOverCards = 52-cardCount;&#13;&#10;&#9;&#9;&#13;&#10;&#9;&#9;System.arraycopy(comm, 0, myHand, 0, comm.length);&#13;&#10;&#9;&#9;System.arraycopy(hand, 0, myHand, comm.length, hand.length);&#13;&#10;&#9;&#9;&#13;&#10;&#9;&#9;int myHandRating = PokerHandRanker.lookupHand(myHand);&#13;&#10;&#9;&#9;&#13;&#10;&#9;&#9;//card 1&#13;&#10;&#9;&#9;//each suit&#13;&#10;&#9;&#9;for(int c1S = 0; c1S &lt; 4; c1S++)&#13;&#10;&#9;&#9;{&#13;&#10;&#9;&#9;&#9;//each number&#13;&#10;&#9;&#9;&#9;for(int c1N = 0; c1N&lt;13;c1N++)&#13;&#10;&#9;&#9;&#9;{&#13;&#10;&#9;&#9;&#9;&#9;//card 2&#13;&#10;&#9;&#9;&#9;&#9;//each suit&#13;&#10;&#9;&#9;&#9;&#9;for(int c2S = 0; c2S &lt; 4; c2S++)&#13;&#10;&#9;&#9;&#9;&#9;{&#13;&#10;&#9;&#9;&#9;&#9;&#9;//each number&#13;&#10;&#9;&#9;&#9;&#9;&#9;for(int c2N = 0; c2N&lt;13;c2N++)&#13;&#10;&#9;&#9;&#9;&#9;&#9;{&#13;&#10;&#9;&#9;&#9;&#9;&#9;&#9;int card1 = c1N * 4 + c1S + 1;&#13;&#10;&#9;&#9;&#9;&#9;&#9;&#9;int card2 = c2N * 4 + c2S + 1;&#13;&#10;&#9;&#9;&#9;&#9;&#9;&#9;&#13;&#10;&#9;&#9;&#9;&#9;&#9;&#9;boolean skip = false;&#13;&#10;&#9;&#9;&#9;&#9;&#9;&#9;if(card1==card2)&#13;&#10;&#9;&#9;&#9;&#9;&#9;&#9;&#9;skip=true;&#13;&#10;&#9;&#9;&#9;&#9;&#9;&#9;&#13;&#10;&#9;&#9;&#9;&#9;&#9;&#9;if(!skip)&#13;&#10;&#9;&#9;&#9;&#9;&#9;&#9;for(int commCard : comm)&#13;&#10;&#9;&#9;&#9;&#9;&#9;&#9;&#9;if(commCard == card1 || commCard == card2)&#13;&#10;&#9;&#9;&#9;&#9;&#9;&#9;&#9;&#9;{skip = true;break;}&#13;&#10;&#9;&#9;&#9;&#9;&#9;&#9;if(!skip)&#13;&#10;&#9;&#9;&#9;&#9;&#9;&#9;for(int handCard : hand)&#13;&#10;&#9;&#9;&#9;&#9;&#9;&#9;&#9;if(handCard == card1 || handCard == card2)&#13;&#10;&#9;&#9;&#9;&#9;&#9;&#9;&#9;&#9;{skip = true;break;}&#13;&#10;&#9;&#9;&#9;&#9;&#9;&#9;&#13;&#10;&#9;&#9;&#9;&#9;&#9;&#9;&#13;&#10;&#9;&#9;&#9;&#9;&#9;&#9;if(skip) continue;&#13;&#10;&#9;&#9;&#9;&#9;&#9;&#9;&#13;&#10;&#9;&#9;&#9;&#9;&#9;&#9;int[] newHand = {card1, card2};&#13;&#10;&#9;&#9;&#9;&#9;&#9;&#9;int[] oppHand = new int[cardCount];&#13;&#10;&#9;&#9;&#9;&#9;&#9;&#9;System.arraycopy(comm, 0, oppHand, 0, comm.length);&#13;&#10;&#9;&#9;&#9;&#9;&#9;&#9;System.arraycopy(newHand, 0, oppHand, comm.length, newHand.length);&#13;&#10;&#9;&#9;&#9;&#9;&#9;&#9;&#13;&#10;&#9;&#9;&#9;&#9;&#9;&#9;int oppHandRating = PokerHandRanker.lookupHand(oppHand);&#13;&#10;&#9;&#9;&#9;&#9;&#9;&#9;&#13;&#10;&#9;&#9;&#9;&#9;&#9;&#9;//System.out.println(l++);&#13;&#10;&#9;&#9;&#9;&#9;&#9;&#9;&#13;&#10;&#9;&#9;&#9;&#9;&#9;&#9;if(myHandRating &gt; oppHandRating)&#13;&#10;&#9;&#9;&#9;&#9;&#9;&#9;&#9;ev+= (1/leftOverCards)*(1/(leftOverCards-1))* pot;&#13;&#10;&#9;&#9;&#9;&#9;&#9;&#9;else&#13;&#10;&#9;&#9;&#9;&#9;&#9;&#9;&#9;ev+= (1/leftOverCards)*(1/(leftOverCards-1))* -bet;&#13;&#10;&#9;&#9;&#9;&#9;&#9;&#9;&#13;&#10;&#9;&#9;&#9;&#9;&#9;}&#13;&#10;&#9;&#9;&#9;&#9;}&#13;&#10;&#9;&#9;&#9;&#9;&#13;&#10;&#9;&#9;&#9;&#9;&#13;&#10;&#9;&#9;&#9;}&#13;&#10;&#9;&#9;}&#13;&#10;&#9;&#9;&#9;&#13;&#10;&#9;&#9;&#9;return ev;&#13;&#10;&#9;}&#13;&#10;&#9;&#13;&#10;&#9;&#13;&#10;&#9;&#13;&#10;}&#13;&#10;" Filename="Optimality.java" Intrnl_Id="34"/>
<SrcFile Content="package dataModels;&#13;&#10;&#13;&#10;/**&#13;&#10; * A Data representation for Misc Game Data&#13;&#10; * &#13;&#10; * @author dddurand&#13;&#10; *&#13;&#10; * @SRS 3.2.2.3 -&gt; 3.2.2.6&#13;&#10; */&#13;&#10;public class MiscGameData {&#13;&#10;&#13;&#10;&#9;private String name;&#13;&#10;&#9;private String value;&#13;&#10;&#9;&#13;&#10;&#9;/**&#13;&#10;&#9; * General Constructor&#13;&#10;&#9; */&#13;&#10;&#9;public MiscGameData() { }&#13;&#10;&#9;&#13;&#10;&#9;/**&#13;&#10;&#9; * General Constructor&#13;&#10;&#9; * &#13;&#10;&#9; * @param name Name for misc game data&#13;&#10;&#9; * @param value Value for misc game data&#13;&#10;&#9; */&#13;&#10;&#9;public MiscGameData(String name, String value) &#13;&#10;&#9;{ &#13;&#10;&#9;&#9;this.name = name;&#13;&#10;&#9;&#9;this.value = value;&#13;&#10;&#9;}&#13;&#10;&#13;&#10;&#9;/**&#13;&#10;&#9; * Returns the name of data&#13;&#10;&#9; * &#13;&#10;&#9; * @return&#13;&#10;&#9; */&#13;&#10;&#9;public String getName() {&#13;&#10;&#9;&#9;return name;&#13;&#10;&#9;}&#13;&#10;&#13;&#10;&#9;/**&#13;&#10;&#9; * Sets the name of the misc data&#13;&#10;&#9; * &#13;&#10;&#9; * @param name&#13;&#10;&#9; */&#13;&#10;&#9;public void setName(String name) {&#13;&#10;&#9;&#9;this.name = name;&#13;&#10;&#9;}&#13;&#10;&#13;&#10;&#9;/**&#13;&#10;&#9; * Returns the value of the misc data&#13;&#10;&#9; * &#13;&#10;&#9; * @return&#13;&#10;&#9; */&#13;&#10;&#9;public String getValue() {&#13;&#10;&#9;&#9;return value;&#13;&#10;&#9;}&#13;&#10;&#13;&#10;&#9;/**&#13;&#10;&#9; * Sets the name of the misc data&#13;&#10;&#9; * &#13;&#10;&#9; * @param value&#13;&#10;&#9; */&#13;&#10;&#9;public void setValue(String value) {&#13;&#10;&#9;&#9;this.value = value;&#13;&#10;&#9;}&#13;&#10;&#9;&#13;&#10;&#9;&#13;&#10;&#9;&#13;&#10;}&#13;&#10;" Filename="MiscGameData.java" Intrnl_Id="35"/>
<SrcFile Content="package dataModels;&#13;&#10;&#13;&#10;import java.util.ArrayList;&#13;&#10;&#13;&#10;/**&#13;&#10; * The Action that a user makes in a game.&#13;&#10; * The current knowledge of the player is also present for that action,&#13;&#10; * including pot, hand, and community cards.&#13;&#10; * &#13;&#10; * @SRS 3.2.2.3 -&gt; 3.2.2.6&#13;&#10; * @author dddurand&#13;&#10; *&#13;&#10; */&#13;&#10;public class GameAction {&#13;&#10;&#13;&#10;&#9;private PokerAction action;&#13;&#10;&#9;private int pot;&#13;&#10;&#9;private int bet;&#13;&#10;&#9;private ArrayList&lt;Card&gt; hand;&#13;&#10;&#9;private ArrayList&lt;Card&gt; communityCards;&#13;&#10;&#13;&#10;&#9;/**&#13;&#10;&#9; * General Constructor&#13;&#10;&#9; */&#13;&#10;&#9;public GameAction() {}&#13;&#10;&#9;&#13;&#10;&#9;/**&#13;&#10;&#9; * General Constructor&#13;&#10;&#9; */&#13;&#10;&#9;public GameAction(PokerAction action, int pot, int bet, ArrayList&lt;Card&gt; hand, ArrayList&lt;Card&gt; communityCards)&#13;&#10;&#9;{&#13;&#10;&#9;&#9;this.action = action;&#13;&#10;&#9;&#9;this.pot = pot;&#13;&#10;&#9;&#9;this.hand = hand;&#13;&#10;&#9;&#9;this.communityCards = communityCards;&#13;&#10;&#9;&#9;this.bet = bet;&#13;&#10;&#9;}&#13;&#10;&#9;&#13;&#10;&#9;&#13;&#10;&#9;&#13;&#10;&#9;/**&#13;&#10;&#9; * Returns the size of bet for the given action&#13;&#10;&#9; * &#13;&#10;&#9; * @return&#13;&#10;&#9; */&#13;&#10;&#9;public int getBet() {&#13;&#10;&#9;&#9;return bet;&#13;&#10;&#9;}&#13;&#10;&#13;&#10;&#9;/**&#13;&#10;&#9; * Set the bet for the given action&#13;&#10;&#9; * &#13;&#10;&#9; * @param bet&#13;&#10;&#9; */&#13;&#10;&#9;public void setBet(int bet) {&#13;&#10;&#9;&#9;this.bet = bet;&#13;&#10;&#9;}&#13;&#10;&#13;&#10;&#9;/**&#13;&#10;&#9; * action Getter&#13;&#10;&#9; * @return&#13;&#10;&#9; */&#13;&#10;&#9;public PokerAction getAction() {&#13;&#10;&#9;&#9;return action;&#13;&#10;&#9;}&#13;&#10;&#13;&#10;&#9;/**&#13;&#10;&#9; * action Setter&#13;&#10;&#9; * @param action&#13;&#10;&#9; */&#13;&#10;&#9;public void setAction(PokerAction action) {&#13;&#10;&#9;&#9;this.action = action;&#13;&#10;&#9;}&#13;&#10;&#13;&#10;&#9;/**&#13;&#10;&#9; * Pot getter &#13;&#10;&#9; * @return&#13;&#10;&#9; */&#13;&#10;&#9;public int getPot() {&#13;&#10;&#9;&#9;return pot;&#13;&#10;&#9;}&#13;&#10;&#13;&#10;&#9;/**&#13;&#10;&#9; * Pot Setter&#13;&#10;&#9; * @param pot&#13;&#10;&#9; */&#13;&#10;&#9;public void setPot(int pot) {&#13;&#10;&#9;&#9;this.pot = pot;&#13;&#10;&#9;}&#13;&#10;&#13;&#10;&#9;/**&#13;&#10;&#9; * Hand Getter&#13;&#10;&#9; * @return&#13;&#10;&#9; */&#13;&#10;&#9;public ArrayList&lt;Card&gt; getHand() {&#13;&#10;&#9;&#9;return hand;&#13;&#10;&#9;}&#13;&#10;&#13;&#10;&#9;/**&#13;&#10;&#9; * Hand Setter&#13;&#10;&#9; */&#13;&#10;&#9;public void setHand(ArrayList&lt;Card&gt; hand) {&#13;&#10;&#9;&#9;this.hand = hand;&#13;&#10;&#9;}&#13;&#10;&#13;&#10;&#9;/**&#13;&#10;&#9; * Community Card Getter&#13;&#10;&#9; * @return&#13;&#10;&#9; */&#13;&#10;&#9;public ArrayList&lt;Card&gt; getCommunityCards() {&#13;&#10;&#9;&#9;return communityCards;&#13;&#10;&#9;}&#13;&#10;&#9;&#13;&#10;&#9;/**&#13;&#10;&#9; * Community Card Setter&#13;&#10;&#9; * @param communityCards&#13;&#10;&#9; */&#13;&#10;&#9;public void setCommunityCards(ArrayList&lt;Card&gt; communityCards) {&#13;&#10;&#9;&#9;this.communityCards = communityCards;&#13;&#10;&#9;}&#13;&#10;&#13;&#10;&#13;&#10;&#13;&#10;&#9;/**&#13;&#10;&#9; * Various actions possible in a poker &#13;&#10;&#9; * &#13;&#10;&#9; * @author dddurand&#13;&#10;&#9; *&#13;&#10;&#9; */&#13;&#10;&#9;public enum PokerAction&#13;&#10;&#9;{&#13;&#10;&#9;&#9;BET(&quot;BET&quot;), CHECK(&quot;CHECK&quot;), CALL(&quot;CALL&quot;), FOLD(&quot;FOLD&quot;), RAISE(&quot;RAISE&quot;), RERAISE(&quot;RERAISE&quot;),&#13;&#10;&#9;&#9;WIN(&quot;WIN&quot;), LOSS(&quot;LOSS&quot;), END(&quot;END&quot;), START(&quot;START&quot;),&#13;&#10;&#9;&#9;UNKNOWN(&quot;U&quot;);&#13;&#10;&#9;&#9;&#13;&#10;&#9;&#9;private String value;&#13;&#10;&#9;&#9;&#13;&#10;&#9;&#9;/**&#13;&#10;&#9;&#9; * General Enum Constructor&#13;&#10;&#9;&#9; * @param action&#13;&#10;&#9;&#9; */&#13;&#10;&#9;&#9;PokerAction(String action)&#13;&#10;&#9;&#9;{&#13;&#10;&#9;&#9;&#9;this.value = action;&#13;&#10;&#9;&#9;}&#13;&#10;&#9;&#9;&#13;&#10;&#9;&#9;/**&#13;&#10;&#9;&#9; * Retrieves the string representation of the enum&#13;&#10;&#9;&#9; * &#13;&#10;&#9;&#9; * @return&#13;&#10;&#9;&#9; */&#13;&#10;&#9;    public String getValue() {&#13;&#10;&#9;        return value;&#13;&#10;&#9;    }&#13;&#10;&#9;    &#13;&#10;&#9;    /**&#13;&#10;&#9;     * Returns the PokerAction for a given string value&#13;&#10;&#9;     * &#13;&#10;&#9;     * @param value&#13;&#10;&#9;     * @return&#13;&#10;&#9;     */&#13;&#10;&#9;    public static PokerAction getAction(String value)&#13;&#10;&#9;    {&#13;&#10;&#9;    &#9;for (PokerAction action : PokerAction.values()) {&#13;&#10;&#9;            if (action.getValue().equals(value)) {&#13;&#10;&#9;                return action;&#13;&#10;&#9;            }&#13;&#10;&#9;        }&#13;&#10;&#9;    &#9;&#13;&#10;&#9;    &#9;return PokerAction.UNKNOWN;&#13;&#10;&#9;    }&#13;&#10;&#9;}&#13;&#10;&#9;&#13;&#10;}&#13;&#10;" Filename="GameAction.java" Intrnl_Id="36"/>
<SrcFile Content="package dataModels;&#13;&#10;&#13;&#10;import java.util.ArrayList;&#13;&#10;&#13;&#10;&#13;&#10;/**&#13;&#10; * Data model for a set of game data&#13;&#10; * @SRS 3.2.2.3 -&gt; 3.2.2.6&#13;&#10; * @author dddurand&#13;&#10; *&#13;&#10; */&#13;&#10;public class Game {&#13;&#10;&#13;&#10;&#9;private String gameID;&#13;&#10;&#9;private ArrayList&lt;GameAction&gt; gameActions;&#13;&#10;&#9;&#13;&#10;&#9;/**&#13;&#10;&#9; * General Constructor&#13;&#10;&#9; */&#13;&#10;&#9;public Game() {}&#13;&#10;&#9;&#13;&#10;&#9;/**&#13;&#10;&#9; * General Constructor&#13;&#10;&#9; * &#13;&#10;&#9; * @param gameActions List of actions in the game for the user&#13;&#10;&#9; * @param gameID The ID of the game&#13;&#10;&#9; */&#13;&#10;&#9;public Game(ArrayList&lt;GameAction&gt; gameActions, String gameID) &#13;&#10;&#9;{&#13;&#10;&#9;&#9;this.gameActions = gameActions;&#13;&#10;&#9;&#9;this.gameID = gameID;&#13;&#10;&#9;}&#13;&#10;&#13;&#10;&#9;/**&#13;&#10;&#9; * Getter for the game id&#13;&#10;&#9; * &#13;&#10;&#9; * @return&#13;&#10;&#9; */&#13;&#10;&#9;public String getGameID() {&#13;&#10;&#9;&#9;return gameID;&#13;&#10;&#9;}&#13;&#10;&#13;&#10;&#9;/**&#13;&#10;&#9; * Setter for the game id&#13;&#10;&#9; * &#13;&#10;&#9; * @param gameID&#13;&#10;&#9; */&#13;&#10;&#9;public void setGameID(String gameID) {&#13;&#10;&#9;&#9;this.gameID = gameID;&#13;&#10;&#9;}&#13;&#10;&#13;&#10;&#9;/**&#13;&#10;&#9; * Getter for game action collection&#13;&#10;&#9; * @return&#13;&#10;&#9; */&#13;&#10;&#9;public ArrayList&lt;GameAction&gt; getGameActions() {&#13;&#10;&#9;&#9;return gameActions;&#13;&#10;&#9;}&#13;&#10;&#13;&#10;&#9;/**&#13;&#10;&#9; * Setter for the game action collection&#13;&#10;&#9; * &#13;&#10;&#9; * @param gameActions&#13;&#10;&#9; */&#13;&#10;&#9;public void setGameActions(ArrayList&lt;GameAction&gt; gameActions) {&#13;&#10;&#9;&#9;this.gameActions = gameActions;&#13;&#10;&#9;}&#13;&#10;&#9;&#13;&#10;}&#13;&#10;" Filename="Game.java" Intrnl_Id="37"/>
<SrcFile Content="package dataModels;&#13;&#10;&#13;&#10;import java.lang.reflect.Type;&#13;&#10;&#13;&#10;import com.google.gson.JsonDeserializationContext;&#13;&#10;import com.google.gson.JsonDeserializer;&#13;&#10;import com.google.gson.JsonElement;&#13;&#10;import com.google.gson.JsonObject;&#13;&#10;import com.google.gson.JsonParseException;&#13;&#10;&#13;&#10;/**&#13;&#10; * This class generates the SQL Code needed in WHERE clauses for filtering statistics. &#13;&#10; * &#13;&#10; * It can accept DAY, WEEK, MONTH, YEAR for &quot;timeframe&quot;, with all other inputs being considered all. &#13;&#10; * Detects skip, max parameters, and rank type (for rank statistics).&#13;&#10; * &#13;&#10; * @SRS 3.2.2.3 -&gt; 3.2.2.6&#13;&#10; * @author dddurand&#13;&#10; *&#13;&#10; */&#13;&#10;public class Filter {&#13;&#10;&#13;&#10;&#9;private TimeFrame time_frame;&#13;&#10;&#9;private int skip;&#13;&#10;&#9;private int max;&#13;&#10;&#9;private RankType rankType;&#13;&#10;&#13;&#10;&#9;/**&#13;&#10;&#9; * General Constructor&#13;&#10;&#9; */&#13;&#10;&#9;public Filter() &#13;&#10;&#9;{&#13;&#10;&#9;&#9;this.time_frame = TimeFrame.ALL;&#13;&#10;&#9;&#9;this.skip = 0;&#13;&#10;&#9;&#9;this.max = Integer.MAX_VALUE;&#13;&#10;&#9;&#9;this.rankType = RankType.NET_MONEY;&#13;&#10;&#9;}&#13;&#10;&#13;&#10;&#9;/**&#13;&#10;&#9; * General Constructor&#13;&#10;&#9; * &#13;&#10;&#9; * @param timeFrame&#13;&#10;&#9; */&#13;&#10;&#9;public Filter(String timeFrame)&#13;&#10;&#9;{&#13;&#10;&#9;&#9;this.time_frame = TimeFrame.getTimeFrame(timeFrame);&#13;&#10;&#9;&#9;this.skip = 0;&#13;&#10;&#9;&#9;this.max = Integer.MAX_VALUE;&#13;&#10;&#9;&#9;this.rankType = RankType.NET_MONEY;&#13;&#10;&#9;}&#13;&#10;&#9;&#13;&#10;&#9;/**&#13;&#10;&#9; * General Constructor&#13;&#10;&#9; * &#13;&#10;&#9; * @param timeFrame DAY, WEEK, MONTH, YEAR, otherwise defaults to ALL&#13;&#10;&#9; * @param skip The number of positions to be skipped before starting return&#13;&#10;&#9; * @param max The max number of positions to return.&#13;&#10;&#9; */&#13;&#10;&#9;public Filter(String timeFrame, int skip, int max)&#13;&#10;&#9;{&#13;&#10;&#9;&#9;this.time_frame = TimeFrame.getTimeFrame(timeFrame);&#13;&#10;&#9;&#9;this.skip = skip;&#13;&#10;&#9;&#9;this.max = max;&#13;&#10;&#9;&#9;this.rankType = RankType.NET_MONEY;&#13;&#10;&#9;}&#13;&#10;&#9;&#13;&#10;&#9;/**&#13;&#10;&#9; * General Constructor&#13;&#10;&#9; * &#13;&#10;&#9; * @param timeFrame DAY, WEEK, MONTH, YEAR, otherwise defaults to ALL&#13;&#10;&#9; * @param skip The number of positions to be skipped before starting return&#13;&#10;&#9; * @param max The max number of positions to return.&#13;&#10;&#9; * @param rankType The rank type to be used to order data.&#13;&#10;&#9; */&#13;&#10;&#9;public Filter(String timeFrame, int skip, int max, RankType rankType)&#13;&#10;&#9;{&#13;&#10;&#9;&#9;this.time_frame = TimeFrame.getTimeFrame(timeFrame);&#13;&#10;&#9;&#9;this.skip = skip;&#13;&#10;&#9;&#9;this.max = max;&#13;&#10;&#9;&#9;this.rankType = rankType;&#13;&#10;&#9;}&#13;&#10;&#9;&#13;&#10;&#9;/**&#13;&#10;&#9; * Returns the TimeFrame of the current filter&#13;&#10;&#9; * &#13;&#10;&#9; * @return&#13;&#10;&#9; */&#13;&#10;&#9;public TimeFrame getTimeFrame()&#13;&#10;&#9;{&#13;&#10;&#9;&#9;return this.time_frame;&#13;&#10;&#9;}&#13;&#10;&#9;&#13;&#10;&#9;/**&#13;&#10;&#9; * Updates the current TimeFrame&#13;&#10;&#9; * &#13;&#10;&#9; * @param timeFrame The new timeframe object&#13;&#10;&#9; */&#13;&#10;&#9;public void setTimeFrame(TimeFrame timeFrame)&#13;&#10;&#9;{&#13;&#10;&#9;&#9;this.time_frame = timeFrame;&#13;&#10;&#9;}&#13;&#10;&#9;&#13;&#10;&#9;/**&#13;&#10;&#9; * Updates the current TimeFrame based on string&#13;&#10;&#9; * &#13;&#10;&#9; * DAY,WEEK,MONTH,YEAR or defaults to ALL&#13;&#10;&#9; * &#13;&#10;&#9; * @param timeFrame&#13;&#10;&#9; */&#13;&#10;&#9;public void setTimeFrame(String timeFrame)&#13;&#10;&#9;{&#13;&#10;&#9;&#9;this.time_frame = TimeFrame.getTimeFrame(timeFrame);&#13;&#10;&#9;}&#13;&#10;&#9;&#13;&#10;&#9;/**&#13;&#10;&#9; * Updates the type of rank of the filter&#13;&#10;&#9; * &#13;&#10;&#9; * @param rankType&#13;&#10;&#9; */&#13;&#10;&#9;public void setRankType(RankType rankType)&#13;&#10;&#9;{&#13;&#10;&#9;&#9;this.rankType = rankType;&#13;&#10;&#9;}&#13;&#10;&#9;&#13;&#10;&#9;/**&#13;&#10;&#9; * Updates the current type of rank based on the string&#13;&#10;&#9; * &#13;&#10;&#9; * net_money or optimality (defaults to net_money otherwise)&#13;&#10;&#9; * &#13;&#10;&#9; * @param rankType&#13;&#10;&#9; */&#13;&#10;&#9;public void setRankType(String rankType)&#13;&#10;&#9;{&#13;&#10;&#9;&#9;this.rankType = RankType.getRankType(rankType);&#13;&#10;&#9;}&#13;&#10;&#9;&#13;&#10;&#9;/**&#13;&#10;&#9; * Gets the Rank type for the current object&#13;&#10;&#9; * &#13;&#10;&#9; * @return&#13;&#10;&#9; */&#13;&#10;&#9;public RankType getRankType()&#13;&#10;&#9;{&#13;&#10;&#9;&#9;return this.rankType;&#13;&#10;&#9;}&#13;&#10;&#9;&#13;&#10;&#9;/**&#13;&#10;&#9; * Returns the number of elements to skip&#13;&#10;&#9; * &#13;&#10;&#9; * @return&#13;&#10;&#9; */&#13;&#10;&#9;public int getSkip() {&#13;&#10;&#9;&#9;return skip;&#13;&#10;&#9;}&#13;&#10;&#13;&#10;&#9;/**&#13;&#10;&#9; * Sets the number of elements to skip&#13;&#10;&#9; * &#13;&#10;&#9; * @param skip&#13;&#10;&#9; */&#13;&#10;&#9;public void setSkip(int skip) {&#13;&#10;&#9;&#9;this.skip = skip;&#13;&#10;&#9;}&#13;&#10;&#13;&#10;&#9;/**&#13;&#10;&#9; * Returns the max number of elements to return&#13;&#10;&#9; * &#13;&#10;&#9; * @return&#13;&#10;&#9; */&#13;&#10;&#9;public int getMax() {&#13;&#10;&#9;&#9;return max;&#13;&#10;&#9;}&#13;&#10;&#13;&#10;&#9;/**&#13;&#10;&#9; * Sets the max number of elements to return&#13;&#10;&#9; * &#13;&#10;&#9; * @param max&#13;&#10;&#9; */&#13;&#10;&#9;public void setMax(int max) {&#13;&#10;&#9;&#9;this.max = max;&#13;&#10;&#9;}&#13;&#10;&#13;&#10;&#9;/**&#13;&#10;&#9; * Generates a fragement of SQL that should be placed in the WHERE clause.&#13;&#10;&#9; * It will cause the data to be filtered based on a column called date_uploaded,&#13;&#10;&#9; * and the timeframe parameter provided at creation. &#13;&#10;&#9; * &#13;&#10;&#9; */&#13;&#10;&#9;public String getSqlTimeFrameFilter()&#13;&#10;&#9;{&#13;&#10;&#9;&#9;switch(this.time_frame)&#13;&#10;&#9;&#9;{&#13;&#10;&#9;&#9;&#9;case DAY:&#13;&#10;&#9;&#9;&#9;&#9;return &quot; and date_uploaded &gt;= DATE_ADD(CURRENT_DATE(), INTERVAL -1 DAY) &quot;;&#13;&#10;&#9;&#9;&#9;case WEEK:&#13;&#10;&#9;&#9;&#9;&#9;return &quot; and date_uploaded &gt;= DATE_ADD(CURRENT_DATE(), INTERVAL -1 WEEK) &quot;;&#13;&#10;&#9;&#9;&#9;case MONTH:&#13;&#10;&#9;&#9;&#9;&#9;return &quot; and date_uploaded &gt;= DATE_ADD(CURRENT_DATE(), INTERVAL -1 MONTH) &quot;;&#13;&#10;&#9;&#9;&#9;case YEAR:&#13;&#10;&#9;&#9;&#9;&#9;return &quot; and date_uploaded &gt;= DATE_ADD(CURRENT_DATE(), INTERVAL -1 YEAR) &quot;;&#13;&#10;&#9;&#9;&#9;default:&#13;&#10;&#9;&#9;&#9;&#9;return &quot;&quot;;&#13;&#10;&#9;&#9;&#9;&#9;&#9;&#13;&#10;&#9;&#9;}&#13;&#10;&#9;}&#13;&#10;&#9;&#13;&#10;&#9;/**&#13;&#10;&#9; * Returns the Sql filter for the number of elements to skip&#13;&#10;&#9; * &#13;&#10;&#9; * @return&#13;&#10;&#9; */&#13;&#10;&#9;public String getSkipSqlFilter()&#13;&#10;&#9;{&#13;&#10;&#9;&#9;return &quot; OFFSET &quot; + this.skip + &quot; &quot;;&#13;&#10;&#9;}&#13;&#10;&#9;&#13;&#10;&#9;/**&#13;&#10;&#9; * Returns the sql for the max number of elements.&#13;&#10;&#9; * &#13;&#10;&#9; * @return&#13;&#10;&#9; */&#13;&#10;&#9;public String getMaxSqlFilter()&#13;&#10;&#9;{&#13;&#10;&#9;&#9;return &quot; LIMIT &quot; + this.max + &quot; &quot;;&#13;&#10;&#9;}&#13;&#10;&#9;&#13;&#10;&#9;/**&#13;&#10;&#9; * TimeFrame enum of all possible timeframes the object supports.&#13;&#10;&#9; * &#13;&#10;&#9; * @author dddurand&#13;&#10;&#9; *&#13;&#10;&#9; */&#13;&#10;&#9;public enum TimeFrame&#13;&#10;&#9;{&#13;&#10;&#9;&#9;DAY(&quot;DAY&quot;), WEEK(&quot;WEEK&quot;), MONTH(&quot;MONTH&quot;), YEAR(&quot;YEAR&quot;), ALL(&quot;ALL&quot;);&#13;&#10;&#9;&#9;&#13;&#10;&#9;&#9;private String value;&#13;&#10;&#9;&#9;&#13;&#10;&#9;&#9;/**&#13;&#10;&#9;&#9; * General Enum Constructor&#13;&#10;&#9;&#9; * @param suit&#13;&#10;&#9;&#9; */&#13;&#10;&#9;&#9;TimeFrame(String timeFrame)&#13;&#10;&#9;&#9;{&#13;&#10;&#9;&#9;&#9;this.value = timeFrame;&#13;&#10;&#9;&#9;}&#13;&#10;&#9;&#9;&#13;&#10;&#9;&#9;/**&#13;&#10;&#9;&#9; * Returns the string representation of the TimeFrame&#13;&#10;&#9;&#9; * &#13;&#10;&#9;&#9; * @return&#13;&#10;&#9;&#9; */&#13;&#10;&#9;    public String getValue() {&#13;&#10;&#9;        return value;&#13;&#10;&#9;    }&#13;&#10;&#9;    &#13;&#10;&#9;    /**&#13;&#10;&#9;     * Returns the TimeFrame for a given string. If invalid, returns ALL.&#13;&#10;&#9;     * &#13;&#10;&#9;     * @param character&#13;&#10;&#9;     * @return&#13;&#10;&#9;     */&#13;&#10;&#9;    public static TimeFrame getTimeFrame(String timeFrameString)&#13;&#10;&#9;    {&#13;&#10;&#9;    &#9;for (TimeFrame timeFrame : TimeFrame.values()) {&#13;&#10;&#9;            if (timeFrame.getValue().equals(timeFrameString)) {&#13;&#10;&#9;                return timeFrame;&#13;&#10;&#9;            }&#13;&#10;&#9;        }&#13;&#10;&#9;    &#9;&#13;&#10;&#9;    &#9;return TimeFrame.ALL;&#13;&#10;&#9;    }&#13;&#10;&#9;&#9;&#13;&#10;&#9;}&#13;&#10;&#9;&#13;&#10;&#9;/**&#13;&#10;&#9; * TimeFrame enum of all possible timeframes the object supports.&#13;&#10;&#9; * &#13;&#10;&#9; * @author dddurand&#13;&#10;&#9; *&#13;&#10;&#9; */&#13;&#10;&#9;public enum RankType&#13;&#10;&#9;{&#13;&#10;&#9;&#9;NET_MONEY(&quot;net_money&quot;), OPTIMALITY(&quot;optimality&quot;);&#13;&#10;&#9;&#9;&#13;&#10;&#9;&#9;private String value;&#13;&#10;&#9;&#9;&#13;&#10;&#9;&#9;/**&#13;&#10;&#9;&#9; * General Enum Constructor&#13;&#10;&#9;&#9; * @param suit&#13;&#10;&#9;&#9; */&#13;&#10;&#9;&#9;RankType(String netMoney)&#13;&#10;&#9;&#9;{&#13;&#10;&#9;&#9;&#9;this.value = netMoney;&#13;&#10;&#9;&#9;}&#13;&#10;&#9;&#9;&#13;&#10;&#9;&#9;/**&#13;&#10;&#9;&#9; * Returns the string representation of the TimeFrame&#13;&#10;&#9;&#9; * &#13;&#10;&#9;&#9; * @return&#13;&#10;&#9;&#9; */&#13;&#10;&#9;    public String getValue() {&#13;&#10;&#9;        return value;&#13;&#10;&#9;    }&#13;&#10;&#9;    &#13;&#10;&#9;    /**&#13;&#10;&#9;     * Returns the TimeFrame for a given string. If invalid, returns ALL.&#13;&#10;&#9;     * &#13;&#10;&#9;     * @param character&#13;&#10;&#9;     * @return&#13;&#10;&#9;     */&#13;&#10;&#9;    public static RankType getRankType(String rankTypeString)&#13;&#10;&#9;    {&#13;&#10;&#9;    &#9;for (RankType rankType : RankType.values()) {&#13;&#10;&#9;            if (rankType.getValue().equals(rankTypeString)) {&#13;&#10;&#9;                return rankType;&#13;&#10;&#9;            }&#13;&#10;&#9;        }&#13;&#10;&#9;    &#9;&#13;&#10;&#9;    &#9;return RankType.NET_MONEY;&#13;&#10;&#9;    }&#13;&#10;&#9;&#9;&#13;&#10;&#9;}&#13;&#10;&#9;&#13;&#10;&#9;/**&#13;&#10;&#9; * Custom Deserializer that takes the provided json,&#13;&#10;&#9; * and converts it into a Filter object.&#13;&#10;&#9; * &#13;&#10;&#9; * @author dddurand&#13;&#10;&#9; *&#13;&#10;&#9; */&#13;&#10;&#9;public static class FilterDeserializer implements JsonDeserializer&lt;Filter&gt; {&#13;&#10;&#13;&#10;&#9;&#9;/**&#13;&#10;&#9;&#9; * The custom serializer that converts the provided json,&#13;&#10;&#9;&#9; * into a UploadData object.&#13;&#10;&#9;&#9; * &#13;&#10;&#9;&#9; */&#13;&#10;&#9;&#9;@Override&#13;&#10;&#9;&#9;public Filter deserialize(JsonElement element, Type type,&#13;&#10;&#9;&#9;&#9;&#9;JsonDeserializationContext context) throws JsonParseException {&#13;&#10;&#13;&#10;&#9;&#9;&#9;JsonObject uploadDataObj = element.getAsJsonObject();&#13;&#10;&#13;&#10;&#9;&#9;&#9;JsonElement timeFrameElement = uploadDataObj.get(&quot;timeframe&quot;);&#13;&#10;&#9;&#9;&#9;&#13;&#10;&#9;&#9;&#9;JsonElement skipElement = uploadDataObj.get(&quot;skip&quot;);&#13;&#10;&#9;&#9;&#9;&#13;&#10;&#9;&#9;&#9;JsonElement maxElement = uploadDataObj.get(&quot;max&quot;);&#13;&#10;&#9;&#9;&#9;&#13;&#10;&#9;&#9;&#9;JsonElement rankTypeElement = uploadDataObj.get(&quot;rank_type&quot;);&#13;&#10;&#13;&#10;&#9;&#9;&#9;Filter filter = new Filter();&#13;&#10;&#9;&#9;&#9;&#13;&#10;&#9;&#9;&#9;if(timeFrameElement != null)&#13;&#10;&#9;&#9;&#9;&#9;filter.setTimeFrame(timeFrameElement.getAsString());&#13;&#10;&#9;&#9;&#9;&#13;&#10;&#9;&#9;&#9;if(skipElement != null)&#13;&#10;&#9;&#9;&#9;&#9;filter.setSkip(skipElement.getAsInt());&#13;&#10;&#9;&#9;&#9;&#13;&#10;&#9;&#9;&#9;if(filter.getSkip() &lt; 0) throw new JsonParseException(&quot;Invalid Skip&quot;);&#13;&#10;&#9;&#9;&#9;&#13;&#10;&#9;&#9;&#9;if(maxElement != null)&#13;&#10;&#9;&#9;&#9;&#9;filter.setMax(maxElement.getAsInt());&#13;&#10;&#9;&#9;&#9;&#13;&#10;&#9;&#9;&#9;if(filter.getMax() &lt; 0) throw new JsonParseException(&quot;Invalid Max&quot;);&#13;&#10;&#9;&#9;&#9;&#13;&#10;&#9;&#9;&#9;if(rankTypeElement != null)&#13;&#10;&#9;&#9;&#9;&#9;filter.setRankType(rankTypeElement.getAsString());&#13;&#10;&#9;&#9;&#9;&#13;&#10;&#9;&#9;&#9;return filter;&#13;&#10;&#9;&#9;}&#13;&#10;&#9;}&#13;&#10;&#9;&#13;&#10;}&#13;&#10;" Filename="Filter.java" Intrnl_Id="38"/>
<SrcFile Content="package dataModels;&#13;&#10;&#13;&#10;import dataModels.GameAction.PokerAction;&#13;&#10;import database.DatabaseInterface;&#13;&#10;import database.DatabaseInterface.DatabaseInterfaceException;&#13;&#10;import database.DatabaseInterface.NumerableActionColumn;&#13;&#10;import database.DatabaseInterface.NumerableActionOperation;&#13;&#10;&#13;&#10;/**&#13;&#10; * A data model that holds and facilitates the generation of the community statistics.&#13;&#10; * &#13;&#10; * @SRS 3.2.2.5&#13;&#10; * @author dddurand&#13;&#10; *&#13;&#10; */&#13;&#10;&#13;&#10;public class CommunityStatistics {&#13;&#10;&#13;&#10;&#9;private transient DatabaseInterface dbInterface;&#13;&#10;&#9;private transient Filter filter;&#13;&#10;&#9;&#13;&#10;&#9;/**&#13;&#10;&#9; * Used in JSON Output&#13;&#10;&#9; */&#13;&#10;&#9;@SuppressWarnings(&quot;unused&quot;)&#13;&#10;&#9;private int totalDollarsBetOnCalls;&#13;&#10;&#9;@SuppressWarnings(&quot;unused&quot;)&#13;&#10;&#9;private int totalDollarsBetOnBets;&#13;&#10;&#9;@SuppressWarnings(&quot;unused&quot;)&#13;&#10;&#9;private int totalDollarsBetOnRaises;&#13;&#10;&#9;@SuppressWarnings(&quot;unused&quot;)&#13;&#10;&#9;private int totalDollarsBetOnReRaises;&#13;&#10;&#9;@SuppressWarnings(&quot;unused&quot;)&#13;&#10;&#9;private int totalDollarsBet;&#13;&#10;&#9;@SuppressWarnings(&quot;unused&quot;)&#13;&#10;&#9;private int avgDollarsBetOnCalls;&#13;&#10;&#9;@SuppressWarnings(&quot;unused&quot;)&#13;&#10;&#9;private int avgDollarsBetOnBets;&#13;&#10;&#9;@SuppressWarnings(&quot;unused&quot;)&#13;&#10;&#9;private int avgDollarsBetOnRaises;&#13;&#10;&#9;@SuppressWarnings(&quot;unused&quot;)&#13;&#10;&#9;private int avgDollarsBetOnReRaises;&#13;&#10;&#9;@SuppressWarnings(&quot;unused&quot;)&#13;&#10;&#9;private int totalNumberOfBets;&#13;&#10;&#9;@SuppressWarnings(&quot;unused&quot;)&#13;&#10;&#9;private int totalNumberOfChecks;&#13;&#10;&#9;@SuppressWarnings(&quot;unused&quot;)&#13;&#10;&#9;private int totalNumberOfCalls;&#13;&#10;&#9;@SuppressWarnings(&quot;unused&quot;)&#13;&#10;&#9;private int totalNumberOfFolds;&#13;&#10;&#9;@SuppressWarnings(&quot;unused&quot;)&#13;&#10;&#9;private int totalNumberOfRaise;&#13;&#10;&#9;@SuppressWarnings(&quot;unused&quot;)&#13;&#10;&#9;private int totalNumberOfReRaise;&#13;&#10;&#9;@SuppressWarnings(&quot;unused&quot;)&#13;&#10;&#9;private int totalNumberOfPotsWon;&#13;&#10;&#9;@SuppressWarnings(&quot;unused&quot;)&#13;&#10;&#9;private int totalNumberOfPotsLoss;&#13;&#10;&#9;@SuppressWarnings(&quot;unused&quot;)&#13;&#10;&#9;private int totalNumberOfPots;&#13;&#10;&#9;@SuppressWarnings(&quot;unused&quot;)&#13;&#10;&#9;private int avgPotOnChecks;&#13;&#10;&#9;@SuppressWarnings(&quot;unused&quot;)&#13;&#10;&#9;private int avgPotOnCalls;&#13;&#10;&#9;@SuppressWarnings(&quot;unused&quot;)&#13;&#10;&#9;private int avgPotOnBets;&#13;&#10;&#9;@SuppressWarnings(&quot;unused&quot;)&#13;&#10;&#9;private int avgPotOnRaises;&#13;&#10;&#9;@SuppressWarnings(&quot;unused&quot;)&#13;&#10;&#9;private int avgPotOnReRaises;&#13;&#10;&#9;@SuppressWarnings(&quot;unused&quot;)&#13;&#10;&#9;private int avgPotOnFolds;&#13;&#10;&#9;@SuppressWarnings(&quot;unused&quot;)&#13;&#10;&#9;private int avgPotOnWins;&#13;&#10;&#9;@SuppressWarnings(&quot;unused&quot;)&#13;&#10;&#9;private int avgPotOnLoses;&#13;&#10;&#9;@SuppressWarnings(&quot;unused&quot;)&#13;&#10;&#9;private int totalDollarsWon;&#13;&#10;&#9;@SuppressWarnings(&quot;unused&quot;)&#13;&#10;&#9;private int totalDollarsLoss;&#13;&#10;&#9;@SuppressWarnings(&quot;unused&quot;)&#13;&#10;&#9;private int totalDollarsFolded;&#13;&#10;&#9;@SuppressWarnings(&quot;unused&quot;)&#13;&#10;&#9;private int moneyGenerated;&#13;&#10;&#9;@SuppressWarnings(&quot;unused&quot;)&#13;&#10;&#9;private int gamesPlayed;&#13;&#10;&#9;@SuppressWarnings(&quot;unused&quot;)&#13;&#10;&#9;private int netMoney;&#13;&#10;&#9;@SuppressWarnings(&quot;unused&quot;)&#13;&#10;&#9;private int avgBet;&#13;&#10;&#9;&#13;&#10;&#9;/**&#13;&#10;&#9; * General Constructor&#13;&#10;&#9; * @param account&#13;&#10;&#9; * @param dbInterface&#13;&#10;&#9; */&#13;&#10;&#9;public CommunityStatistics(DatabaseInterface dbInterface, Filter filter)&#13;&#10;&#9;{&#13;&#10;&#9;&#9;this.dbInterface = dbInterface;&#13;&#10;&#9;&#9;this.filter = filter;&#13;&#10;&#9;}&#13;&#10;&#9;&#13;&#10;&#9;/**&#13;&#10;&#9; * This method triggers the object to generate all statistics for the community&#13;&#10;&#9; * &#13;&#10;&#9; * &#13;&#10;&#9; * @throws DatabaseInterfaceException&#13;&#10;&#9; */&#13;&#10;&#9;public void generateAllStatistics() throws DatabaseInterfaceException&#13;&#10;&#9;{&#13;&#10;&#9;&#9;totalDollarsBetOnCalls = this.getTotalDollarsBetOnCalls();&#13;&#10;&#9;&#9;totalDollarsBetOnBets = getTotalDollarsBetOnBets();&#13;&#10;&#9;&#9;totalDollarsBetOnRaises = getTotalDollarsBetOnRaises();&#13;&#10;&#9;&#9;totalDollarsBetOnReRaises = getTotalDollarsBetOnReRaises();&#13;&#10;&#9;&#9;totalDollarsBet = getTotalDollarsBet();&#13;&#10;&#9;&#9;avgDollarsBetOnCalls = getAvgDollarsBetOnCalls();&#13;&#10;&#9;&#9;avgDollarsBetOnBets = getAvgDollarsBetOnBets();&#13;&#10;&#9;&#9;avgDollarsBetOnRaises = getAvgDollarsBetOnRaises();&#13;&#10;&#9;&#9;avgDollarsBetOnReRaises = getAvgDollarsBetOnReRaises();&#13;&#10;&#9;&#9;totalNumberOfBets = getTotalNumberOfBets();&#13;&#10;&#9;&#9;totalNumberOfChecks = getTotalNumberOfChecks();&#13;&#10;&#9;&#9;totalNumberOfCalls = getTotalNumberOfCalls();&#13;&#10;&#9;&#9;totalNumberOfFolds = getTotalNumberOfFolds();&#13;&#10;&#9;&#9;totalNumberOfRaise = getTotalNumberOfRaise();&#13;&#10;&#9;&#9;totalNumberOfReRaise = getTotalNumberOfReRaise();&#13;&#10;&#9;&#9;totalNumberOfPotsWon = getTotalNumberOfPotsWon();&#13;&#10;&#9;&#9;totalNumberOfPotsLoss = getTotalNumberOfPotsLoss();&#13;&#10;&#9;&#9;avgPotOnChecks = getAvgDollarsPotOnChecks();&#13;&#10;&#9;&#9;avgPotOnCalls = getAvgDollarsPotOnCalls();&#13;&#10;&#9;&#9;avgPotOnBets = getAvgDollarsPotOnBets();&#13;&#10;&#9;&#9;avgPotOnRaises = getAvgDollarsPotOnRaises();&#13;&#10;&#9;&#9;avgPotOnReRaises = getAvgDollarsPotOnReRaises();&#13;&#10;&#9;&#9;avgPotOnFolds = getAvgDollarsPotOnFolds();&#13;&#10;&#9;&#9;avgPotOnWins = getAvgDollarsPotOnWins();&#13;&#10;&#9;&#9;avgPotOnLoses = getAvgDollarsPotOnLoses();&#13;&#10;&#9;&#9;totalDollarsWon = getTotalDollarsWon();&#13;&#10;&#9;&#9;totalDollarsLoss = getTotalDollarsLoss();&#13;&#10;&#9;&#9;totalDollarsFolded = getTotalDollarsFolded();&#13;&#10;&#9;&#9;moneyGenerated = getMoneyGenerate();&#13;&#10;&#9;&#9;gamesPlayed = getGamesPlayed();&#13;&#10;&#9;&#9;netMoney = getNetMoney();&#13;&#10;&#9;&#9;avgBet = getAvgBet();&#13;&#10;&#9;&#9;totalNumberOfPots = getTotalNumberOfPots();&#13;&#10;&#9;}&#13;&#10;&#9;&#13;&#10;&#9;/**&#13;&#10;&#9; * Gets the total amount of money bet during calls for all users&#13;&#10;&#9; * &#13;&#10;&#9; * @return&#13;&#10;&#9; * @throws DatabaseInterfaceException&#13;&#10;&#9; */&#13;&#10;&#9;public int getTotalDollarsBetOnCalls() throws DatabaseInterfaceException&#13;&#10;&#9;{&#13;&#10;&#9;&#9;return dbInterface.getGameActionsTypedNum(null, &#13;&#10;&#9;&#9;&#9;&#9;&#9;&#9;&#9;&#9;&#9;&#9;&#9;&#9;&#9;NumerableActionOperation.SUM, &#13;&#10;&#9;&#9;&#9;&#9;&#9;&#9;&#9;&#9;&#9;&#9;&#9;&#9;&#9;NumerableActionColumn.BET, &#13;&#10;&#9;&#9;&#9;&#9;&#9;&#9;&#9;&#9;&#9;&#9;&#9;&#9;&#9;PokerAction.CALL, false, filter);&#13;&#10;&#9;}&#13;&#10;&#9;&#13;&#10;&#9;/**&#13;&#10;&#9; * Gets the total amount of money bet during initial bet for all users&#13;&#10;&#9; * &#13;&#10;&#9; * @return&#13;&#10;&#9; * @throws DatabaseInterfaceException&#13;&#10;&#9; */&#13;&#10;&#9;public int getTotalDollarsBetOnBets() throws DatabaseInterfaceException&#13;&#10;&#9;{&#13;&#10;&#9;&#9;return dbInterface.getGameActionsTypedNum(null, &#13;&#10;&#9;&#9;&#9;&#9;&#9;&#9;&#9;&#9;&#9;&#9;&#9;&#9;&#9;NumerableActionOperation.SUM, &#13;&#10;&#9;&#9;&#9;&#9;&#9;&#9;&#9;&#9;&#9;&#9;&#9;&#9;&#9;NumerableActionColumn.BET, &#13;&#10;&#9;&#9;&#9;&#9;&#9;&#9;&#9;&#9;&#9;&#9;&#9;&#9;&#9;PokerAction.BET, false, filter);&#13;&#10;&#9;}&#13;&#10;&#9;&#13;&#10;&#9;/**&#13;&#10;&#9; * Gets the total amount of money bet during raises for all users&#13;&#10;&#9; * &#13;&#10;&#9; * @return&#13;&#10;&#9; * @throws DatabaseInterfaceException&#13;&#10;&#9; */&#13;&#10;&#9;public int getTotalDollarsBetOnRaises() throws DatabaseInterfaceException&#13;&#10;&#9;{&#13;&#10;&#9;&#9;return dbInterface.getGameActionsTypedNum(null, &#13;&#10;&#9;&#9;&#9;&#9;&#9;&#9;&#9;&#9;&#9;&#9;&#9;&#9;&#9;NumerableActionOperation.SUM, &#13;&#10;&#9;&#9;&#9;&#9;&#9;&#9;&#9;&#9;&#9;&#9;&#9;&#9;&#9;NumerableActionColumn.BET, &#13;&#10;&#9;&#9;&#9;&#9;&#9;&#9;&#9;&#9;&#9;&#9;&#9;&#9;&#9;PokerAction.RAISE, false, filter);&#13;&#10;&#9;}&#13;&#10;&#9;&#13;&#10;&#9;/**&#13;&#10;&#9; * Gets the total amount of money bet through reraises for all users&#13;&#10;&#9; * &#13;&#10;&#9; * @return&#13;&#10;&#9; * @throws DatabaseInterfaceException&#13;&#10;&#9; */&#13;&#10;&#9;public int getTotalDollarsBetOnReRaises() throws DatabaseInterfaceException&#13;&#10;&#9;{&#13;&#10;&#9;&#9;return dbInterface.getGameActionsTypedNum(null, &#13;&#10;&#9;&#9;&#9;&#9;&#9;&#9;&#9;&#9;&#9;&#9;&#9;&#9;&#9;NumerableActionOperation.SUM, &#13;&#10;&#9;&#9;&#9;&#9;&#9;&#9;&#9;&#9;&#9;&#9;&#9;&#9;&#9;NumerableActionColumn.BET, &#13;&#10;&#9;&#9;&#9;&#9;&#9;&#9;&#9;&#9;&#9;&#9;&#9;&#9;&#9;PokerAction.RERAISE, false, filter);&#13;&#10;&#9;}&#13;&#10;&#9;&#13;&#10;&#9;/**&#13;&#10;&#9; * Gets the total amount of money bet for all users&#13;&#10;&#9; * &#13;&#10;&#9; * @return&#13;&#10;&#9; * @throws DatabaseInterfaceException&#13;&#10;&#9; */&#13;&#10;&#9;public int getTotalDollarsBet() throws DatabaseInterfaceException&#13;&#10;&#9;{&#13;&#10;&#9;&#9;return dbInterface.getGameActionsTypedNum(null, &#13;&#10;&#9;&#9;&#9;&#9;NumerableActionOperation.SUM, &#13;&#10;&#9;&#9;&#9;&#9;NumerableActionColumn.BET, &#13;&#10;&#9;&#9;&#9;&#9;null, false, filter);&#13;&#10;&#9;}&#13;&#10;&#9;&#13;&#10;&#9;/**&#13;&#10;&#9; * Gets the total amount of money bet through calls for all users&#13;&#10;&#9; * &#13;&#10;&#9; * @return&#13;&#10;&#9; * @throws DatabaseInterfaceException&#13;&#10;&#9; */&#13;&#10;&#9;public int getAvgDollarsBetOnCalls() throws DatabaseInterfaceException&#13;&#10;&#9;{&#13;&#10;&#9;&#9;return dbInterface.getGameActionsTypedNum(null, &#13;&#10;&#9;&#9;&#9;&#9;&#9;&#9;&#9;&#9;&#9;&#9;&#9;&#9;&#9;NumerableActionOperation.AVG, &#13;&#10;&#9;&#9;&#9;&#9;&#9;&#9;&#9;&#9;&#9;&#9;&#9;&#9;&#9;NumerableActionColumn.BET, &#13;&#10;&#9;&#9;&#9;&#9;&#9;&#9;&#9;&#9;&#9;&#9;&#9;&#9;&#9;PokerAction.CALL, true, filter);&#13;&#10;&#9;}&#13;&#10;&#9;&#13;&#10;&#9;/**&#13;&#10;&#9; * Gets the avg amount of money bet on each bet for all users&#13;&#10;&#9; * &#13;&#10;&#9; * @return&#13;&#10;&#9; * @throws DatabaseInterfaceException&#13;&#10;&#9; */&#13;&#10;&#9;public int getAvgDollarsBetOnBets() throws DatabaseInterfaceException&#13;&#10;&#9;{&#13;&#10;&#9;&#9;return dbInterface.getGameActionsTypedNum(null, &#13;&#10;&#9;&#9;&#9;&#9;&#9;&#9;&#9;&#9;&#9;&#9;&#9;&#9;&#9;NumerableActionOperation.AVG, &#13;&#10;&#9;&#9;&#9;&#9;&#9;&#9;&#9;&#9;&#9;&#9;&#9;&#9;&#9;NumerableActionColumn.BET, &#13;&#10;&#9;&#9;&#9;&#9;&#9;&#9;&#9;&#9;&#9;&#9;&#9;&#9;&#9;PokerAction.BET, true, filter);&#13;&#10;&#9;}&#13;&#10;&#9;&#13;&#10;&#9;/**&#13;&#10;&#9; * Gets the avg amount of money bet on each raise for all users&#13;&#10;&#9; * &#13;&#10;&#9; * @return&#13;&#10;&#9; * @throws DatabaseInterfaceException&#13;&#10;&#9; */&#13;&#10;&#9;public int getAvgDollarsBetOnRaises() throws DatabaseInterfaceException&#13;&#10;&#9;{&#13;&#10;&#9;&#9;return dbInterface.getGameActionsTypedNum(null, &#13;&#10;&#9;&#9;&#9;&#9;&#9;&#9;&#9;&#9;&#9;&#9;&#9;&#9;&#9;NumerableActionOperation.AVG, &#13;&#10;&#9;&#9;&#9;&#9;&#9;&#9;&#9;&#9;&#9;&#9;&#9;&#9;&#9;NumerableActionColumn.BET, &#13;&#10;&#9;&#9;&#9;&#9;&#9;&#9;&#9;&#9;&#9;&#9;&#9;&#9;&#9;PokerAction.RAISE, true, filter);&#13;&#10;&#9;}&#13;&#10;&#9;&#13;&#10;&#9;/**&#13;&#10;&#9; * Gets the avg amount of money bet on each reraise for all users&#13;&#10;&#9; * &#13;&#10;&#9; * @return&#13;&#10;&#9; * @throws DatabaseInterfaceException&#13;&#10;&#9; */&#13;&#10;&#9;public int getAvgDollarsBetOnReRaises() throws DatabaseInterfaceException&#13;&#10;&#9;{&#13;&#10;&#9;&#9;return dbInterface.getGameActionsTypedNum(null, &#13;&#10;&#9;&#9;&#9;&#9;&#9;&#9;&#9;&#9;&#9;&#9;&#9;&#9;&#9;NumerableActionOperation.AVG, &#13;&#10;&#9;&#9;&#9;&#9;&#9;&#9;&#9;&#9;&#9;&#9;&#9;&#9;&#9;NumerableActionColumn.BET, &#13;&#10;&#9;&#9;&#9;&#9;&#9;&#9;&#9;&#9;&#9;&#9;&#9;&#9;&#9;PokerAction.RERAISE, true, filter);&#13;&#10;&#9;}&#13;&#10;&#9;&#13;&#10;&#9;/**&#13;&#10;&#9; * Gets the avg amount of money per bet for all users&#13;&#10;&#9; * &#13;&#10;&#9; * @return&#13;&#10;&#9; * @throws DatabaseInterfaceException&#13;&#10;&#9; */&#13;&#10;&#9;public int getAvgBet() throws DatabaseInterfaceException&#13;&#10;&#9;{&#13;&#10;&#9;&#9;return dbInterface.getGameActionsTypedNum(null, &#13;&#10;&#9;&#9;&#9;&#9;&#9;&#9;&#9;&#9;&#9;&#9;&#9;&#9;&#9;NumerableActionOperation.AVG, &#13;&#10;&#9;&#9;&#9;&#9;&#9;&#9;&#9;&#9;&#9;&#9;&#9;&#9;&#9;NumerableActionColumn.BET, &#13;&#10;&#9;&#9;&#9;&#9;&#9;&#9;&#9;&#9;&#9;&#9;&#9;&#9;&#9;null, true, filter);&#13;&#10;&#9;}&#13;&#10;&#9;&#13;&#10;&#9;/**&#13;&#10;&#9; * Gets the number of bets made for all users&#13;&#10;&#9; * &#13;&#10;&#9; * @return&#13;&#10;&#9; * @throws DatabaseInterfaceException&#13;&#10;&#9; */&#13;&#10;&#9;public int getTotalNumberOfBets() throws DatabaseInterfaceException&#13;&#10;&#9;{&#13;&#10;&#9;&#9;return dbInterface.getGameActionsCount(PokerAction.BET, null, filter);&#13;&#10;&#9;}&#13;&#10;&#9;&#13;&#10;&#9;/**&#13;&#10;&#9; * Gets the number of checks made for all users&#13;&#10;&#9; * &#13;&#10;&#9; * @return&#13;&#10;&#9; * @throws DatabaseInterfaceException&#13;&#10;&#9; */&#13;&#10;&#9;public int getTotalNumberOfChecks() throws DatabaseInterfaceException&#13;&#10;&#9;{&#13;&#10;&#9;&#9;return dbInterface.getGameActionsCount(PokerAction.CHECK, null, filter);&#13;&#10;&#9;}&#13;&#10;&#9;&#13;&#10;&#9;/**&#13;&#10;&#9; * Gets the number of calls made for all users&#13;&#10;&#9; * &#13;&#10;&#9; * @return&#13;&#10;&#9; * @throws DatabaseInterfaceException&#13;&#10;&#9; */&#13;&#10;&#9;public int getTotalNumberOfCalls() throws DatabaseInterfaceException&#13;&#10;&#9;{&#13;&#10;&#9;&#9;return dbInterface.getGameActionsCount(PokerAction.CALL, null, filter);&#13;&#10;&#9;}&#13;&#10;&#9;&#13;&#10;&#9;/**&#13;&#10;&#9; * Gets the number of folds made for all users&#13;&#10;&#9; * &#13;&#10;&#9; * @return&#13;&#10;&#9; * @throws DatabaseInterfaceException&#13;&#10;&#9; */&#13;&#10;&#9;public int getTotalNumberOfFolds() throws DatabaseInterfaceException&#13;&#10;&#9;{&#13;&#10;&#9;&#9;return dbInterface.getGameActionsCount(PokerAction.FOLD, null, filter);&#13;&#10;&#9;}&#13;&#10;&#9;&#13;&#10;&#9;/**&#13;&#10;&#9; * Gets the number of raises made for all users&#13;&#10;&#9; * &#13;&#10;&#9; * @return&#13;&#10;&#9; * @throws DatabaseInterfaceException&#13;&#10;&#9; */&#13;&#10;&#9;public int getTotalNumberOfRaise() throws DatabaseInterfaceException&#13;&#10;&#9;{&#13;&#10;&#9;&#9;return dbInterface.getGameActionsCount(PokerAction.RAISE, null, filter);&#13;&#10;&#9;}&#13;&#10;&#9;&#13;&#10;&#9;/**&#13;&#10;&#9; * Gets the number of reraises made for all users&#13;&#10;&#9; * &#13;&#10;&#9; * @return&#13;&#10;&#9; * @throws DatabaseInterfaceException&#13;&#10;&#9; */&#13;&#10;&#9;public int getTotalNumberOfReRaise() throws DatabaseInterfaceException&#13;&#10;&#9;{&#13;&#10;&#9;&#9;return dbInterface.getGameActionsCount(PokerAction.RERAISE, null, filter);&#13;&#10;&#9;}&#13;&#10;&#9;&#13;&#10;&#9;/**&#13;&#10;&#9; * Gets the number of pots won for all users&#13;&#10;&#9; * &#13;&#10;&#9; * @return&#13;&#10;&#9; * @throws DatabaseInterfaceException&#13;&#10;&#9; */&#13;&#10;&#9;public int getTotalNumberOfPotsWon() throws DatabaseInterfaceException&#13;&#10;&#9;{&#13;&#10;&#9;&#9;return dbInterface.getGameActionsCount(PokerAction.WIN, null, filter);&#13;&#10;&#9;}&#13;&#10;&#9;&#13;&#10;&#9;/**&#13;&#10;&#9; * Gets the number of pots lost for all users&#13;&#10;&#9; * &#13;&#10;&#9; * @return&#13;&#10;&#9; * @throws DatabaseInterfaceException&#13;&#10;&#9; */&#13;&#10;&#9;public int getTotalNumberOfPotsLoss() throws DatabaseInterfaceException&#13;&#10;&#9;{&#13;&#10;&#9;&#9;return dbInterface.getGameActionsCount(PokerAction.LOSS, null, filter);&#13;&#10;&#9;}&#13;&#10;&#9;&#13;&#10;&#9;/**&#13;&#10;&#9; * Gets the avg pot size on check for all users&#13;&#10;&#9; * &#13;&#10;&#9; * @return&#13;&#10;&#9; * @throws DatabaseInterfaceException&#13;&#10;&#9; */&#13;&#10;&#9;public int getAvgDollarsPotOnChecks() throws DatabaseInterfaceException&#13;&#10;&#9;{&#13;&#10;&#9;&#9;return dbInterface.getGameActionsTypedNum(null, &#13;&#10;&#9;&#9;&#9;&#9;&#9;&#9;&#9;&#9;&#9;&#9;&#9;&#9;&#9;NumerableActionOperation.AVG, &#13;&#10;&#9;&#9;&#9;&#9;&#9;&#9;&#9;&#9;&#9;&#9;&#9;&#9;&#9;NumerableActionColumn.POT, &#13;&#10;&#9;&#9;&#9;&#9;&#9;&#9;&#9;&#9;&#9;&#9;&#9;&#9;&#9;PokerAction.CHECK, true, filter);&#13;&#10;&#9;}&#13;&#10;&#9;&#13;&#10;&#9;/**&#13;&#10;&#9; * Gets the avg pot size on calls for all users&#13;&#10;&#9; * &#13;&#10;&#9; * @return&#13;&#10;&#9; * @throws DatabaseInterfaceException&#13;&#10;&#9; */&#13;&#10;&#9;public int getAvgDollarsPotOnCalls() throws DatabaseInterfaceException&#13;&#10;&#9;{&#13;&#10;&#9;&#9;return dbInterface.getGameActionsTypedNum(null, &#13;&#10;&#9;&#9;&#9;&#9;&#9;&#9;&#9;&#9;&#9;&#9;&#9;&#9;&#9;NumerableActionOperation.AVG, &#13;&#10;&#9;&#9;&#9;&#9;&#9;&#9;&#9;&#9;&#9;&#9;&#9;&#9;&#9;NumerableActionColumn.POT, &#13;&#10;&#9;&#9;&#9;&#9;&#9;&#9;&#9;&#9;&#9;&#9;&#9;&#9;&#9;PokerAction.CALL, true, filter);&#13;&#10;&#9;}&#13;&#10;&#9;&#13;&#10;&#9;/**&#13;&#10;&#9; * Gets the avg pot size on bets for all users&#13;&#10;&#9; * &#13;&#10;&#9; * @return&#13;&#10;&#9; * @throws DatabaseInterfaceException&#13;&#10;&#9; */&#13;&#10;&#9;public int getAvgDollarsPotOnBets() throws DatabaseInterfaceException&#13;&#10;&#9;{&#13;&#10;&#9;&#9;return dbInterface.getGameActionsTypedNum(null, &#13;&#10;&#9;&#9;&#9;&#9;&#9;&#9;&#9;&#9;&#9;&#9;&#9;&#9;&#9;NumerableActionOperation.AVG, &#13;&#10;&#9;&#9;&#9;&#9;&#9;&#9;&#9;&#9;&#9;&#9;&#9;&#9;&#9;NumerableActionColumn.POT, &#13;&#10;&#9;&#9;&#9;&#9;&#9;&#9;&#9;&#9;&#9;&#9;&#9;&#9;&#9;PokerAction.BET, true, filter);&#13;&#10;&#9;}&#13;&#10;&#9;&#13;&#10;&#9;/**&#13;&#10;&#9; * Gets the avg pot size on raises for all users&#13;&#10;&#9; * &#13;&#10;&#9; * @return&#13;&#10;&#9; * @throws DatabaseInterfaceException&#13;&#10;&#9; */&#13;&#10;&#9;public int getAvgDollarsPotOnRaises() throws DatabaseInterfaceException&#13;&#10;&#9;{&#13;&#10;&#9;&#9;return dbInterface.getGameActionsTypedNum(null, &#13;&#10;&#9;&#9;&#9;&#9;&#9;&#9;&#9;&#9;&#9;&#9;&#9;&#9;&#9;NumerableActionOperation.AVG, &#13;&#10;&#9;&#9;&#9;&#9;&#9;&#9;&#9;&#9;&#9;&#9;&#9;&#9;&#9;NumerableActionColumn.POT, &#13;&#10;&#9;&#9;&#9;&#9;&#9;&#9;&#9;&#9;&#9;&#9;&#9;&#9;&#9;PokerAction.RAISE, true, filter);&#13;&#10;&#9;}&#13;&#10;&#9;&#13;&#10;&#9;/**&#13;&#10;&#9; * Gets the avg pot size on reraises for all users&#13;&#10;&#9; * &#13;&#10;&#9; * @return&#13;&#10;&#9; * @throws DatabaseInterfaceException&#13;&#10;&#9; */&#13;&#10;&#9;public int getAvgDollarsPotOnReRaises() throws DatabaseInterfaceException&#13;&#10;&#9;{&#13;&#10;&#9;&#9;return dbInterface.getGameActionsTypedNum(null, &#13;&#10;&#9;&#9;&#9;&#9;&#9;&#9;&#9;&#9;&#9;&#9;&#9;&#9;&#9;NumerableActionOperation.AVG, &#13;&#10;&#9;&#9;&#9;&#9;&#9;&#9;&#9;&#9;&#9;&#9;&#9;&#9;&#9;NumerableActionColumn.POT, &#13;&#10;&#9;&#9;&#9;&#9;&#9;&#9;&#9;&#9;&#9;&#9;&#9;&#9;&#9;PokerAction.RERAISE, true, filter);&#13;&#10;&#9;}&#13;&#10;&#9;&#13;&#10;&#9;/**&#13;&#10;&#9; * Gets the avg pot size on folds for all users&#13;&#10;&#9; * &#13;&#10;&#9; * @return&#13;&#10;&#9; * @throws DatabaseInterfaceException&#13;&#10;&#9; */&#13;&#10;&#9;public int getAvgDollarsPotOnFolds() throws DatabaseInterfaceException&#13;&#10;&#9;{&#13;&#10;&#9;&#9;return dbInterface.getGameActionsTypedNum(null, &#13;&#10;&#9;&#9;&#9;&#9;&#9;&#9;&#9;&#9;&#9;&#9;&#9;&#9;&#9;NumerableActionOperation.AVG, &#13;&#10;&#9;&#9;&#9;&#9;&#9;&#9;&#9;&#9;&#9;&#9;&#9;&#9;&#9;NumerableActionColumn.POT, &#13;&#10;&#9;&#9;&#9;&#9;&#9;&#9;&#9;&#9;&#9;&#9;&#9;&#9;&#9;PokerAction.FOLD, true, filter);&#13;&#10;&#9;}&#13;&#10;&#9;&#13;&#10;&#9;/**&#13;&#10;&#9; * Gets the avg pot size on wins&#13;&#10;&#9; * &#13;&#10;&#9; * @return&#13;&#10;&#9; * @throws DatabaseInterfaceException&#13;&#10;&#9; */&#13;&#10;&#9;public int getAvgDollarsPotOnWins() throws DatabaseInterfaceException&#13;&#10;&#9;{&#13;&#10;&#9;&#9;return dbInterface.getGameActionsTypedNum(null, &#13;&#10;&#9;&#9;&#9;&#9;&#9;&#9;&#9;&#9;&#9;&#9;&#9;&#9;&#9;NumerableActionOperation.AVG, &#13;&#10;&#9;&#9;&#9;&#9;&#9;&#9;&#9;&#9;&#9;&#9;&#9;&#9;&#9;NumerableActionColumn.POT, &#13;&#10;&#9;&#9;&#9;&#9;&#9;&#9;&#9;&#9;&#9;&#9;&#9;&#9;&#9;PokerAction.WIN, true, filter);&#13;&#10;&#9;}&#13;&#10;&#9;&#13;&#10;&#9;/**&#13;&#10;&#9; * Gets the avg pot size on loses for all users&#13;&#10;&#9; * &#13;&#10;&#9; * @return&#13;&#10;&#9; * @throws DatabaseInterfaceException&#13;&#10;&#9; */&#13;&#10;&#9;public int getAvgDollarsPotOnLoses() throws DatabaseInterfaceException&#13;&#10;&#9;{&#13;&#10;&#9;&#9;return dbInterface.getGameActionsTypedNum(null, &#13;&#10;&#9;&#9;&#9;&#9;&#9;&#9;&#9;&#9;&#9;&#9;&#9;&#9;&#9;NumerableActionOperation.AVG, &#13;&#10;&#9;&#9;&#9;&#9;&#9;&#9;&#9;&#9;&#9;&#9;&#9;&#9;&#9;NumerableActionColumn.POT, &#13;&#10;&#9;&#9;&#9;&#9;&#9;&#9;&#9;&#9;&#9;&#9;&#9;&#9;&#9;PokerAction.LOSS, true, filter);&#13;&#10;&#9;}&#13;&#10;&#9;&#13;&#10;&#9;/**&#13;&#10;&#9; * Gets the total amount of money won by all users&#13;&#10;&#9; * &#13;&#10;&#9; * @return&#13;&#10;&#9; * @throws DatabaseInterfaceException&#13;&#10;&#9; */&#13;&#10;&#9;public int getTotalDollarsWon() throws DatabaseInterfaceException&#13;&#10;&#9;{&#13;&#10;&#9;&#9;return dbInterface.getGameActionsTypedNum(null, &#13;&#10;&#9;&#9;&#9;&#9;&#9;&#9;&#9;&#9;&#9;&#9;&#9;&#9;&#9;NumerableActionOperation.SUM, &#13;&#10;&#9;&#9;&#9;&#9;&#9;&#9;&#9;&#9;&#9;&#9;&#9;&#9;&#9;NumerableActionColumn.POT, &#13;&#10;&#9;&#9;&#9;&#9;&#9;&#9;&#9;&#9;&#9;&#9;&#9;&#9;&#9;PokerAction.WIN, true, filter);&#13;&#10;&#9;}&#13;&#10;&#9;&#13;&#10;&#9;/**&#13;&#10;&#9; * Gets the total amount of money losses by all users&#13;&#10;&#9; * &#13;&#10;&#9; * @return&#13;&#10;&#9; * @throws DatabaseInterfaceException&#13;&#10;&#9; */&#13;&#10;&#9;public int getTotalDollarsLoss() throws DatabaseInterfaceException&#13;&#10;&#9;{&#13;&#10;&#9;&#9;return dbInterface.getGameActionsTypedNum(null, &#13;&#10;&#9;&#9;&#9;&#9;&#9;&#9;&#9;&#9;&#9;&#9;&#9;&#9;&#9;NumerableActionOperation.SUM, &#13;&#10;&#9;&#9;&#9;&#9;&#9;&#9;&#9;&#9;&#9;&#9;&#9;&#9;&#9;NumerableActionColumn.POT, &#13;&#10;&#9;&#9;&#9;&#9;&#9;&#9;&#9;&#9;&#9;&#9;&#9;&#9;&#9;PokerAction.LOSS, true, filter);&#13;&#10;&#9;}&#13;&#10;&#9;&#13;&#10;&#9;/**&#13;&#10;&#9; * Gets the total amount of pots played in by all users&#13;&#10;&#9; * &#13;&#10;&#9; * @return&#13;&#10;&#9; * @throws DatabaseInterfaceException&#13;&#10;&#9; */&#13;&#10;&#9;public int getTotalDollarsFolded() throws DatabaseInterfaceException&#13;&#10;&#9;{&#13;&#10;&#9;&#9;return dbInterface.getGameActionsTypedNum(null, &#13;&#10;&#9;&#9;&#9;&#9;&#9;&#9;&#9;&#9;&#9;&#9;&#9;&#9;&#9;NumerableActionOperation.SUM, &#13;&#10;&#9;&#9;&#9;&#9;&#9;&#9;&#9;&#9;&#9;&#9;&#9;&#9;&#9;NumerableActionColumn.POT, &#13;&#10;&#9;&#9;&#9;&#9;&#9;&#9;&#9;&#9;&#9;&#9;&#9;&#9;&#9;PokerAction.FOLD, true, filter);&#13;&#10;&#9;}&#13;&#10;&#9;&#13;&#10;&#9;/**&#13;&#10;&#9; * Gets the total amount of money generated by all users&#13;&#10;&#9; * &#13;&#10;&#9; * @return&#13;&#10;&#9; * @throws DatabaseInterfaceException&#13;&#10;&#9; */&#13;&#10;&#9;public int getMoneyGenerate() throws DatabaseInterfaceException&#13;&#10;&#9;{&#13;&#10;&#9;&#9;return dbInterface.getMoneyGenerated(null, filter);&#13;&#10;&#9;}&#13;&#10;&#9;&#13;&#10;&#9;public int getTotalNumberOfPots() throws DatabaseInterfaceException&#13;&#10;&#9;{&#13;&#10;&#9;&#9;return (this.getTotalNumberOfFolds() + this.getTotalNumberOfPotsLoss()+this.getTotalNumberOfPotsWon());&#13;&#10;&#9;}&#13;&#10;&#9;&#13;&#10;&#9;/**&#13;&#10;&#9; * Gets the total number of games played by all users&#13;&#10;&#9; * &#13;&#10;&#9; * @return&#13;&#10;&#9; * @throws DatabaseInterfaceException&#13;&#10;&#9; */&#13;&#10;&#9;public int getGamesPlayed() throws DatabaseInterfaceException&#13;&#10;&#9;{&#13;&#10;&#9;&#9;return dbInterface.getGamesPlayed(null, filter);&#13;&#10;&#9;}&#13;&#10;&#9;&#13;&#10;&#9;/**&#13;&#10;&#9; * Gets the total delta money generated by all users&#13;&#10;&#9; * &#13;&#10;&#9; * @return&#13;&#10;&#9; * @throws DatabaseInterfaceException&#13;&#10;&#9; */&#13;&#10;&#9;public int getNetMoney() throws DatabaseInterfaceException&#13;&#10;&#9;{&#13;&#10;&#9;&#9;return this.getTotalDollarsWon() - this.getTotalDollarsFolded() - this.getTotalDollarsLoss() - getMoneyGenerate();&#13;&#10;&#9;}&#13;&#10;&#13;&#10;&#9;&#13;&#10;}&#13;&#10;" Filename="CommunityStatistics.java" Intrnl_Id="39"/>
<SrcFile Content="package dataModels;&#13;&#10;&#13;&#10;import java.util.ArrayList;&#13;&#10;&#13;&#10;/**&#13;&#10; * Representation for a game card.&#13;&#10; * This class also contains a variety of utility function for dealing&#13;&#10; * with card hands &amp; collections.&#13;&#10; * &#13;&#10; * @SRS 3.2.2.3 -&gt; 3.2.2.6&#13;&#10; * @author dddurand&#13;&#10; *&#13;&#10; */&#13;&#10;public class Card {&#13;&#10;&#13;&#10;&#9;private Suit suit;&#13;&#10;&#9;private Number number;&#13;&#10;&#9;&#13;&#10;&#9;/**&#13;&#10;&#9; * General Constructor&#13;&#10;&#9; * &#13;&#10;&#9; * @param suit Suit of the card&#13;&#10;&#9; * @param number Number of the card&#13;&#10;&#9; */&#13;&#10;&#9;public Card(Suit suit, Number number)&#13;&#10;&#9;{&#13;&#10;&#9;&#9;this.suit = suit;&#13;&#10;&#9;&#9;this.number = number;&#13;&#10;&#9;}&#13;&#10;&#9;&#13;&#10;&#9;/**&#13;&#10;&#9; * Constructor based on a string representation of the card.&#13;&#10;&#9; * &#13;&#10;&#9; * H# 2-9, HT, HJ, HQ, HK, HA&#13;&#10;&#9; * D# 2-9, HT, DJ, DQ, DK, DA&#13;&#10;&#9; * C# 2-9, HT, CJ, CQ, CK, CA&#13;&#10;&#9; * S# 2-9, HT, SJ, SQ, SK, SA&#13;&#10;&#9; * &#13;&#10;&#9; * @param card&#13;&#10;&#9; */&#13;&#10;&#9;public Card(String card)&#13;&#10;&#9;{&#13;&#10;&#9;&#9;if(card == null || !isValidCard(card))&#13;&#10;&#9;&#9;{&#13;&#10;&#9;&#9;&#9;this.suit = Suit.UNKNOWN;&#13;&#10;&#9;&#9;&#9;this.number = Number.UNKNOWN;&#13;&#10;&#9;&#9;&#9;return;&#13;&#10;&#9;&#9;}&#13;&#10;&#9;&#9;&#13;&#10;&#9;&#9;suit = Suit.getSuit(card.charAt(0));&#13;&#10;&#9;&#9;number = Number.getNumber(card.charAt(1));&#13;&#10;&#9;&#9;&#9;&#13;&#10;&#9;}&#13;&#10;&#9;&#13;&#10;&#9;&#13;&#10;&#9;/**&#13;&#10;&#9; * Retrieves the suit for the given card&#13;&#10;&#9; * @return&#13;&#10;&#9; */&#13;&#10;&#9;public Suit getSuit() {&#13;&#10;&#9;&#9;return suit;&#13;&#10;&#9;}&#13;&#10;&#13;&#10;&#9;/**&#13;&#10;&#9; * Sets the suit for the given card&#13;&#10;&#9; * @param suit&#13;&#10;&#9; */&#13;&#10;&#9;public void setSuit(Suit suit) {&#13;&#10;&#9;&#9;this.suit = suit;&#13;&#10;&#9;}&#13;&#10;&#13;&#10;&#9;/**&#13;&#10;&#9; * Gets the number for the current card&#13;&#10;&#9; * @return&#13;&#10;&#9; */&#13;&#10;&#9;public Number getNumber() {&#13;&#10;&#9;&#9;return number;&#13;&#10;&#9;}&#13;&#10;&#13;&#10;&#9;/**&#13;&#10;&#9; * Sets the number for the current card&#13;&#10;&#9; * @param number&#13;&#10;&#9; */&#13;&#10;&#9;public void setNumber(Number number) {&#13;&#10;&#9;&#9;this.number = number;&#13;&#10;&#9;}&#13;&#10;&#9;&#13;&#10;&#9;/**&#13;&#10;&#9; * Converts a collection of Card objects into&#13;&#10;&#9; * a string representation delimited by ; between each card&#13;&#10;&#9; * &#13;&#10;&#9; * @param cards Collection of card objects&#13;&#10;&#9; * @return String representation of the card collection&#13;&#10;&#9; */&#13;&#10;&#9;public static String getCardsAsString(ArrayList&lt;Card&gt; cards)&#13;&#10;&#9;{&#13;&#10;&#9;&#9;StringBuilder builder = new StringBuilder();&#13;&#10;&#9;&#9;&#13;&#10;&#9;&#9;for(Card card : cards)&#13;&#10;&#9;&#9;{&#13;&#10;&#9;&#9;&#9;builder.append(card.toString());&#13;&#10;&#9;&#9;&#9;builder.append(&quot;;&quot;);&#13;&#10;&#9;&#9;}&#13;&#10;&#9;&#9;&#13;&#10;&#9;&#9;String cardResult = builder.toString();&#13;&#10;&#9;&#9;&#13;&#10;&#9;&#9;if(cardResult.length() &gt; 0)&#13;&#10;&#9;&#9;&#9;cardResult = cardResult.substring(0, cardResult.length()-1);&#13;&#10;&#9;&#9;&#13;&#10;&#9;&#9;return cardResult;&#13;&#10;&#9;}&#13;&#10;&#9;&#13;&#10;&#9;/**&#13;&#10;&#9; * Generates a collection of cards based on a ; delimited card representation.&#13;&#10;&#9; * H2:D7&#13;&#10;&#9; * &#13;&#10;&#9; * @param cards A string representation of a collection of cards&#13;&#10;&#9; * @return A collection of cards&#13;&#10;&#9; */&#13;&#10;&#9;public static ArrayList&lt;Card&gt; generateCards(String cards)&#13;&#10;&#9;{&#13;&#10;&#9;&#9;ArrayList&lt;Card&gt; cardList = new ArrayList&lt;Card&gt;();&#13;&#10;&#9;&#9;String[] cardArray = cards.split(&quot;;&quot;);&#13;&#10;&#13;&#10;&#9;&#9;if(cards != null &amp;&amp; cards.length() &gt; 1)&#13;&#10;&#9;&#9;&#9;for(String card : cardArray)&#13;&#10;&#9;&#9;&#9;{&#13;&#10;&#9;&#9;&#9;&#9;cardList.add(new Card(card));&#13;&#10;&#9;&#9;&#9;}&#13;&#10;&#9;&#9;&#9;&#13;&#10;&#9;&#9;return cardList;&#13;&#10;&#9;&#9;&#13;&#10;&#9;}&#13;&#10;&#9;&#13;&#10;&#9;/**&#13;&#10;&#9; * Determines if the provided string is a valid string representation of&#13;&#10;&#9; * a collection of cards&#13;&#10;&#9; * &#13;&#10;&#9; * @param cards&#13;&#10;&#9; * @return&#13;&#10;&#9; */&#13;&#10;&#9;public static boolean validCardString(String cards)&#13;&#10;&#9;{&#13;&#10;&#9;&#9;if(cards == null || cards.length() &lt; 2) return false;&#13;&#10;&#9;&#9;&#13;&#10;&#9;&#9;String[] cardArray = cards.split(&quot;;&quot;);&#13;&#10;&#13;&#10;&#9;&#9;for(String card : cardArray)&#13;&#10;&#9;&#9;{&#13;&#10;&#9;&#9;&#9;if(!isValidCard(card))&#13;&#10;&#9;&#9;&#9;&#9;return false;&#13;&#10;&#9;&#9;}&#13;&#10;&#9;&#9;&#13;&#10;&#9;&#9;return true;&#13;&#10;&#9;&#9;&#13;&#10;&#9;}&#13;&#10;&#9;&#13;&#10;&#9;/**&#13;&#10;&#9; * Determines if the given string is a valid representation of a card&#13;&#10;&#9; * @param card A string&#13;&#10;&#9; * @return true if represents a card, false otherwise&#13;&#10;&#9; */&#13;&#10;&#9;public static boolean isValidCard(String card)&#13;&#10;&#9;{&#13;&#10;&#9;&#9;if(card == null || card.length() != 2)&#13;&#10;&#9;&#9;{&#13;&#10;&#9;&#9;&#9;return false;&#13;&#10;&#9;&#9;}&#13;&#10;&#9;&#9;&#13;&#10;&#9;&#9;Suit suit = Suit.getSuit(card.charAt(0));&#13;&#10;&#9;&#9;Number number = Number.getNumber(card.charAt(1));&#13;&#10;&#9;&#9;&#13;&#10;&#9;&#9;if(suit == Suit.UNKNOWN || number == Number.UNKNOWN)&#13;&#10;&#9;&#9;{&#13;&#10;&#9;&#9;&#9;return false;&#13;&#10;&#9;&#9;}&#13;&#10;&#9;&#9;&#13;&#10;&#9;&#9;return true;&#13;&#10;&#9;&#9;&#13;&#10;&#9;&#9;&#13;&#10;&#9;}&#13;&#10;&#13;&#10;&#9;@Override&#13;&#10;&#9;public String toString() {&#13;&#10;&#9;&#9;StringBuilder builder = new StringBuilder();&#13;&#10;&#9;&#9;builder.append(suit.getValue());&#13;&#10;&#9;&#9;builder.append(number.getValue());&#13;&#10;&#9;&#9;&#13;&#10;&#9;&#9;return builder.toString();&#13;&#10;&#9;}&#13;&#10;&#9;&#13;&#10;&#9;/**&#13;&#10;&#9; * Enum representing all possible numbers for a card&#13;&#10;&#9; * @author dddurand&#13;&#10;&#9; *&#13;&#10;&#9; */&#13;&#10;&#9;public enum Number&#13;&#10;&#9;{&#13;&#10;&#9;&#9;TWO('2'), THREE('3'), FOUR('4'), FIVE('5'), SIX('6'), SEVEN('7'), EIGHT('8'), NINE('9'), TEN('T'),&#13;&#10;&#9;&#9;JACK('J'), QUEEN('Q'), KING('K'), ACE('A'), UNKNOWN('U');&#13;&#10;&#9;&#9;&#13;&#10;&#9;&#9;private Character value = 'U';&#13;&#10;&#9;&#9;&#13;&#10;&#9;&#9;/**&#13;&#10;&#9;&#9; * Enum constructor&#13;&#10;&#9;&#9; * @param suit&#13;&#10;&#9;&#9; */&#13;&#10;&#9;&#9;Number(char suit)&#13;&#10;&#9;&#9;{&#13;&#10;&#9;&#9;&#9;this.value = suit;&#13;&#10;&#9;&#9;}&#13;&#10;&#9;&#9;&#13;&#10;&#9;&#9;/**&#13;&#10;&#9;&#9; * Returns char representation of the card number&#13;&#10;&#9;&#9; * &#13;&#10;&#9;&#9; * @return&#13;&#10;&#9;&#9; */&#13;&#10;&#9;    public char getValue() {&#13;&#10;&#9;        return value;&#13;&#10;&#9;    }&#13;&#10;&#9;    &#13;&#10;&#9;    public String getStringValue() {&#13;&#10;&#9;        return new StringBuilder().append(value).toString();&#13;&#10;&#9;    }&#13;&#10;&#9;    &#13;&#10;&#9;    /**&#13;&#10;&#9;     * Retrieves the enum Number for a given char&#13;&#10;&#9;     * Unknown is returned for an invalid char&#13;&#10;&#9;     * &#13;&#10;&#9;     * @param character&#13;&#10;&#9;     * @return&#13;&#10;&#9;     */&#13;&#10;&#9;    public static Number getNumber(char character)&#13;&#10;&#9;    {&#13;&#10;&#9;    &#9;for (Number num : Number.values()) {&#13;&#10;&#9;            if (num.getValue() == character) {&#13;&#10;&#9;                return num;&#13;&#10;&#9;            }&#13;&#10;&#9;        }&#13;&#10;&#9;    &#9;&#13;&#10;&#9;    &#9;return Number.UNKNOWN;&#13;&#10;&#9;    }&#13;&#10;&#9;}&#13;&#10;&#9;&#13;&#10;&#9;/**&#13;&#10;&#9; * Enum representing all possible suits for a card&#13;&#10;&#9; * @author dddurand&#13;&#10;&#9; *&#13;&#10;&#9; */&#13;&#10;&#9;public enum Suit&#13;&#10;&#9;{&#13;&#10;&#9;&#9;HEARTS('H'), DIAMONDS('D'), CLUBS('C'), SPADES('S'), UNKNOWN('U');&#13;&#10;&#9;&#9;&#13;&#10;&#9;&#9;private Character value = 'U';&#13;&#10;&#9;&#9;&#13;&#10;&#9;&#9;/**&#13;&#10;&#9;&#9; * General Enum Constructor&#13;&#10;&#9;&#9; * @param suit&#13;&#10;&#9;&#9; */&#13;&#10;&#9;&#9;Suit(char suit)&#13;&#10;&#9;&#9;{&#13;&#10;&#9;&#9;&#9;this.value = suit;&#13;&#10;&#9;&#9;}&#13;&#10;&#9;&#9;&#13;&#10;&#9;&#9;/**&#13;&#10;&#9;&#9; * Returns the char representation of the suit&#13;&#10;&#9;&#9; * &#13;&#10;&#9;&#9; * @return&#13;&#10;&#9;&#9; */&#13;&#10;&#9;    public char getValue() {&#13;&#10;&#9;        return value;&#13;&#10;&#9;    }&#13;&#10;&#9;    &#13;&#10;&#9;    public String getStringValue() {&#13;&#10;&#9;        return new StringBuilder().append(value).toString();&#13;&#10;&#9;    }&#13;&#10;&#9;    &#13;&#10;&#9;    /**&#13;&#10;&#9;     * Returns the suit for a given char. If invalid, returns unknown.&#13;&#10;&#9;     * &#13;&#10;&#9;     * @param character&#13;&#10;&#9;     * @return&#13;&#10;&#9;     */&#13;&#10;&#9;    public static Suit getSuit(char character)&#13;&#10;&#9;    {&#13;&#10;&#9;    &#9;for (Suit suit : Suit.values()) {&#13;&#10;&#9;            if (suit.getValue() == character) {&#13;&#10;&#9;                return suit;&#13;&#10;&#9;            }&#13;&#10;&#9;        }&#13;&#10;&#9;    &#9;&#13;&#10;&#9;    &#9;return Suit.UNKNOWN;&#13;&#10;&#9;    }&#13;&#10;&#9;&#9;&#13;&#10;&#9;}&#13;&#10;&#9;&#13;&#10;}&#13;&#10;" Filename="Card.java" Intrnl_Id="40"/>
<SrcFile Content="package dataModels;&#13;&#10;&#13;&#10;import util.PasswordUtil;&#13;&#10;&#13;&#10;/**&#13;&#10; * Data model for a user account.&#13;&#10; * &#13;&#10; * @SRS 3.2.2.1 -&gt; 3.2.2.8&#13;&#10; * @author dddurand&#13;&#10; *&#13;&#10; */&#13;&#10;public class Account {&#13;&#10;&#13;&#10;&#9;private String username;&#13;&#10;&#9;private String password;&#13;&#10;&#9;private String authenticationToken;&#13;&#10;&#13;&#10;&#9;private transient int accountID;&#13;&#10;&#9;private transient String ecryptedPassword;&#13;&#10;&#9;private transient boolean hasEncryptedPassword;&#13;&#10;&#9;private transient PasswordUtil passUtil;&#13;&#10;&#13;&#10;&#13;&#10;&#9;/**&#13;&#10;&#9; * Generic Empty Constructor&#13;&#10;&#9; * Required by GSON&#13;&#10;&#9; */&#13;&#10;&#9;public Account()&#13;&#10;&#9;{&#13;&#10;&#9;&#9;passUtil = new PasswordUtil();&#13;&#10;&#9;}&#13;&#10;&#13;&#10;&#9;/**&#13;&#10;&#9; * Generic Constructor&#13;&#10;&#9; * @param username Username of the account&#13;&#10;&#9; * @param password Password of the account&#13;&#10;&#9; */&#13;&#10;&#9;public Account(String username, String password, boolean isEncryptedPassword)&#13;&#10;&#9;{&#13;&#10;&#9;&#9;this.username = username;&#13;&#10;&#13;&#10;&#9;&#9;if(isEncryptedPassword)&#13;&#10;&#9;&#9;{&#13;&#10;&#9;&#9;&#9;this.ecryptedPassword = password;&#13;&#10;&#9;&#9;&#9;this.hasEncryptedPassword = true;&#13;&#10;&#9;&#9;}&#13;&#10;&#9;&#9;else&#13;&#10;&#9;&#9;{&#13;&#10;&#9;&#9;&#9;this.password = password;&#13;&#10;&#9;&#9;&#9;this.hasEncryptedPassword = false;&#13;&#10;&#9;&#9;}&#13;&#10;&#13;&#10;&#9;&#9;this.password = password;&#13;&#10;&#9;&#9;passUtil = new PasswordUtil();&#13;&#10;&#9;}&#13;&#10;&#13;&#10;&#9;/**&#13;&#10;&#9; * Generic Constructor&#13;&#10;&#9; * @param username Username of the account&#13;&#10;&#9; * @param password Password of the account&#13;&#10;&#9; * @param authToken Current AuthToken for the account&#13;&#10;&#9; */&#13;&#10;&#9;public Account(String username, String password, String authToken, boolean isEncryptedPassword)&#13;&#10;&#9;{&#13;&#10;&#9;&#9;this.username = username;&#13;&#10;&#9;&#9;this.authenticationToken = authToken;&#13;&#10;&#9;&#9;passUtil = new PasswordUtil();&#13;&#10;&#13;&#10;&#9;&#9;if(isEncryptedPassword)&#13;&#10;&#9;&#9;{&#13;&#10;&#9;&#9;&#9;this.ecryptedPassword = password;&#13;&#10;&#9;&#9;&#9;this.hasEncryptedPassword = true;&#13;&#10;&#9;&#9;}&#13;&#10;&#9;&#9;else&#13;&#10;&#9;&#9;{&#13;&#10;&#9;&#9;&#9;this.password = password;&#13;&#10;&#9;&#9;&#9;this.hasEncryptedPassword = false;&#13;&#10;&#9;&#9;}&#13;&#10;&#13;&#10;&#13;&#10;&#9;}&#13;&#10;&#13;&#10;&#9;/**&#13;&#10;&#9; * Generic Constructor&#13;&#10;&#9; * @param username Username of the account&#13;&#10;&#9; * @param password Password of the account&#13;&#10;&#9; * @param authToken Current AuthToken for the account&#13;&#10;&#9; */&#13;&#10;&#9;public Account(int accountID, String username, String password, String authToken, boolean isEncryptedPassword)&#13;&#10;&#9;{&#13;&#10;&#9;&#9;this.accountID = accountID;&#13;&#10;&#9;&#9;this.username = username;&#13;&#10;&#9;&#9;this.authenticationToken = authToken;&#13;&#10;&#9;&#9;passUtil = new PasswordUtil();&#13;&#10;&#13;&#10;&#9;&#9;if(isEncryptedPassword)&#13;&#10;&#9;&#9;{&#13;&#10;&#9;&#9;&#9;this.ecryptedPassword = password;&#13;&#10;&#9;&#9;&#9;this.hasEncryptedPassword = true;&#13;&#10;&#9;&#9;}&#13;&#10;&#9;&#9;else&#13;&#10;&#9;&#9;{&#13;&#10;&#9;&#9;&#9;this.password = password;&#13;&#10;&#9;&#9;&#9;this.hasEncryptedPassword = false;&#13;&#10;&#9;&#9;}&#13;&#10;&#13;&#10;&#13;&#10;&#9;}&#13;&#10;&#13;&#10;&#9;/**&#13;&#10;&#9; * Retrieves the user's account ID&#13;&#10;&#9; * &#13;&#10;&#9; * @return&#13;&#10;&#9; */&#13;&#10;&#9;public int getAccountID() {&#13;&#10;&#9;&#9;return accountID;&#13;&#10;&#9;}&#13;&#10;&#13;&#10;&#9;/**&#13;&#10;&#9; * Updates the accounts current account ID&#13;&#10;&#9; * &#13;&#10;&#9; * @param accountID&#13;&#10;&#9; */&#13;&#10;&#9;public void setAccountID(int accountID) {&#13;&#10;&#9;&#9;this.accountID = accountID;&#13;&#10;&#9;}&#13;&#10;&#13;&#10;&#9;/**&#13;&#10;&#9; * Generic Constructor&#13;&#10;&#9; * @param username Username of the account&#13;&#10;&#9; */&#13;&#10;&#9;public Account(String username)&#13;&#10;&#9;{&#13;&#10;&#9;&#9;this.username = username;&#13;&#10;&#9;}&#13;&#10;&#13;&#10;&#13;&#10;&#9;/**&#13;&#10;&#9; * Retrieves username of the account&#13;&#10;&#9; * @return Username&#13;&#10;&#9; */&#13;&#10;&#9;public String getUsername() {&#13;&#10;&#9;&#9;return username;&#13;&#10;&#9;}&#13;&#10;&#13;&#10;&#9;/**&#13;&#10;&#9; * Set the username for the account&#13;&#10;&#9; * @param username Username of the account&#13;&#10;&#9; */&#13;&#10;&#9;public void setUsername(String username) {&#13;&#10;&#9;&#9;this.username = username;&#13;&#10;&#9;}&#13;&#10;&#13;&#10;&#9;/**&#13;&#10;&#9; * Retrieves the password for the account&#13;&#10;&#9; * @return The password of the account&#13;&#10;&#9; */&#13;&#10;&#9;public String getPassword() {&#13;&#10;&#9;&#9;return password;&#13;&#10;&#9;}&#13;&#10;&#13;&#10;&#9;/**&#13;&#10;&#9; * Get encrypted version of current password.&#13;&#10;&#9; * &#13;&#10;&#9; * @return&#13;&#10;&#9; */&#13;&#10;&#9;public String getEncyptedPassword() {&#13;&#10;&#9;&#9;if(hasEncryptedPassword)&#13;&#10;&#9;&#9;&#9;return ecryptedPassword;&#13;&#10;&#9;&#9;else &#13;&#10;&#9;&#9;{&#13;&#10;&#9;&#9;&#9;this.hasEncryptedPassword = true;&#13;&#10;&#9;&#9;&#9;this.ecryptedPassword = passUtil.encrypt(this.password);&#13;&#10;&#9;&#9;}&#13;&#10;&#13;&#10;&#9;&#9;return this.ecryptedPassword;&#13;&#10;&#13;&#10;&#9;}&#13;&#10;&#13;&#10;&#9;/**&#13;&#10;&#9; * Sets the password for the account&#13;&#10;&#9; * @param password Password for the account&#13;&#10;&#9; */&#13;&#10;&#9;public void setPassword(String password, boolean isEncryptedPassword) {&#13;&#10;&#9;&#9;if(isEncryptedPassword)&#13;&#10;&#9;&#9;{&#13;&#10;&#9;&#9;&#9;this.ecryptedPassword = password;&#13;&#10;&#9;&#9;&#9;this.hasEncryptedPassword = true;&#13;&#10;&#9;&#9;}&#13;&#10;&#9;&#9;else&#13;&#10;&#9;&#9;{&#13;&#10;&#9;&#9;&#9;this.password = password;&#13;&#10;&#9;&#9;&#9;this.hasEncryptedPassword = false;&#13;&#10;&#9;&#9;}&#13;&#10;&#9;}&#13;&#10;&#13;&#10;&#9;/**&#13;&#10;&#9; * Retrieves AuthToken for the account&#13;&#10;&#9; * @return AuthToken for the account&#13;&#10;&#9; */&#13;&#10;&#9;public String getAuthenticationToken() {&#13;&#10;&#9;&#9;return authenticationToken;&#13;&#10;&#9;}&#13;&#10;&#13;&#10;&#9;/**&#13;&#10;&#9; * Sets the authenticationToken for the account&#13;&#10;&#9; * @param authenticationToken&#13;&#10;&#9; */&#13;&#10;&#9;public void setAuthenticationToken(String authenticationToken) {&#13;&#10;&#9;&#9;this.authenticationToken = authenticationToken;&#13;&#10;&#9;}&#13;&#10;&#13;&#10;&#9;/**&#13;&#10;&#9; * Object must be an account object,&#13;&#10;&#9; * Password, Username, and AuthToken must all match exactly for two Accounts.&#13;&#10;&#9; * &#13;&#10;&#9; * @param object Account object to compare&#13;&#10;&#9; * @return true on match, false otherwise&#13;&#10;&#9; */&#13;&#10;&#9;public boolean exactCompare(Object object)&#13;&#10;&#9;{&#13;&#10;&#9;&#9;if(object == null) return false;&#13;&#10;&#13;&#10;&#9;&#9;if (object instanceof Account) {&#13;&#10;&#9;&#9;&#9;Account accountOther = (Account) object;&#13;&#10;&#13;&#10;&#9;&#9;&#9;String otherUsername = accountOther.getUsername();&#13;&#10;&#13;&#10;&#9;&#9;&#9;String otherPassword = accountOther.getEncyptedPassword();&#13;&#10;&#13;&#10;&#9;&#9;&#9;String otherAuthToken = accountOther.getAuthenticationToken();&#13;&#10;&#13;&#10;&#9;&#9;&#9;if(!isEqualUsername(username,otherUsername))&#13;&#10;&#9;&#9;&#9;&#9;return false;&#13;&#10;&#13;&#10;&#9;&#9;&#9;if(!isEqualString(this.getEncyptedPassword(),otherPassword))&#13;&#10;&#9;&#9;&#9;&#9;return false;&#13;&#10;&#13;&#10;&#9;&#9;&#9;if(!isEqualString(authenticationToken,otherAuthToken))&#13;&#10;&#9;&#9;&#9;&#9;return false;&#13;&#10;&#13;&#10;&#9;&#9;&#9;return true;&#13;&#10;&#9;&#9;}&#13;&#10;&#13;&#10;&#9;&#9;return false;&#13;&#10;&#9;}&#13;&#10;&#13;&#10;&#13;&#10;&#9;/**&#13;&#10;&#9; * Determines if the provided account object has the same username&#13;&#10;&#9; * and password.&#13;&#10;&#9; * &#13;&#10;&#9; * @param otherAccount Account to be compared against.&#13;&#10;&#9; * @return True on match, false otherwise&#13;&#10;&#9; */&#13;&#10;&#9;public boolean compareLogin(Account otherAccount)&#13;&#10;&#9;{&#13;&#10;&#9;&#9;if(otherAccount == null) return false;&#13;&#10;&#13;&#10;&#9;&#9;String otherUsername = otherAccount.getUsername();&#13;&#10;&#9;&#9;String otherPassword = otherAccount.getEncyptedPassword();&#13;&#10;&#13;&#10;&#9;&#9;if(!isEqualUsername(username,otherUsername))&#13;&#10;&#9;&#9;&#9;return false;&#13;&#10;&#13;&#10;&#9;&#9;if(!isEqualString(this.getEncyptedPassword(),otherPassword))&#13;&#10;&#9;&#9;&#9;return false;&#13;&#10;&#13;&#10;&#9;&#9;return true;&#13;&#10;&#9;}&#13;&#10;&#13;&#10;&#9;/**&#13;&#10;&#9; * Determines if the provided account has the same username, and&#13;&#10;&#9; * authentication token.&#13;&#10;&#9; * &#13;&#10;&#9; * @param otherAccount Account to compare against&#13;&#10;&#9; * @return True on match, false otherwise&#13;&#10;&#9; */&#13;&#10;&#9;public boolean compareAuthenticated(Account otherAccount)&#13;&#10;&#9;{&#9;&#9;&#13;&#10;&#9;&#9;if(otherAccount == null) return false;&#13;&#10;&#9;&#9;&#13;&#10;&#9;&#9;String otherUsername = otherAccount.getUsername();&#13;&#10;&#9;&#9;String otherAuthToken = otherAccount.getAuthenticationToken();&#13;&#10;&#13;&#10;&#9;&#9;if(!isEqualUsername(username,otherUsername))&#13;&#10;&#9;&#9;&#9;return false;&#13;&#10;&#13;&#10;&#9;&#9;if(!isEqualString(authenticationToken,otherAuthToken))&#13;&#10;&#9;&#9;&#9;return false;&#13;&#10;&#13;&#10;&#9;&#9;return true;&#13;&#10;&#9;}&#13;&#10;&#13;&#10;&#9;/**&#13;&#10;&#9; * Determines if two string are equal&#13;&#10;&#9; * &#13;&#10;&#9; * @param value1&#13;&#10;&#9; * @param value2&#13;&#10;&#9; * @return&#13;&#10;&#9; */&#13;&#10;&#9;public boolean isEqualString(String value1, String value2)&#13;&#10;&#9;{&#13;&#10;&#9;&#9;if(value1 == null &amp;&amp; value2 != null)&#13;&#10;&#9;&#9;&#9;return false;&#13;&#10;&#9;&#9;else if(!value1.equals(value2))&#13;&#10;&#9;&#9;&#9;return false;&#13;&#10;&#13;&#10;&#9;&#9;return true;&#13;&#10;&#9;}&#13;&#10;&#13;&#10;&#9;/**&#13;&#10;&#9; * Determines if two usernames are the same&#13;&#10;&#9; * &#13;&#10;&#9; * @param value1&#13;&#10;&#9; * @param value2&#13;&#10;&#9; * @return&#13;&#10;&#9; */&#13;&#10;&#9;public boolean isEqualUsername(String value1, String value2)&#13;&#10;&#9;{&#13;&#10;&#9;&#9;if(value1 == null || value2 == null)&#13;&#10;&#9;&#9;&#9;return false;&#13;&#10;&#9;&#9;else if(!value1.equals(value2))&#13;&#10;&#9;&#9;&#9;return false;&#13;&#10;&#13;&#10;&#9;&#9;return true;&#13;&#10;&#9;}&#13;&#10;&#13;&#10;}&#13;&#10;" Filename="Account.java" Intrnl_Id="41"/>
</SrcFileList>
<CritList>
<CritListEntry Name="org.codecover.model.utils.criteria.BranchCoverage" PluginName="org.codecover"/>
<CritListEntry Name="org.codecover.model.utils.criteria.StatementCoverage" PluginName="org.codecover"/>
</CritList>
<BoolOpList/>
<HierarchyLvlTypeList>
<HierarchyLvlType EnglishName="enumeration" IntrnlName="enum" Intrnl_Id="42"/>
<HierarchyLvlType EnglishName="package" IntrnlName="package" Intrnl_Id="43"/>
<HierarchyLvlType EnglishName="class" IntrnlName="class" Intrnl_Id="44"/>
<HierarchyLvlType EnglishName="method" IntrnlName="method" Intrnl_Id="45"/>
<HierarchyLvlType EnglishName="default package" IntrnlName="default package" Intrnl_Id="46"/>
</HierarchyLvlTypeList>
<MASTRoot>
<HierarchyLvl HierarchyLvlId="23954" HierarchyLvlTypeId="46" Intrnl_Id="47" Name="default package">
<Header/>
<LocList/>
<HierarchyLvl HierarchyLvlId="23949" HierarchyLvlTypeId="43" Intrnl_Id="48" Name="util">
<Header/>
<LocList/>
<HierarchyLvl HierarchyLvlId="23558" HierarchyLvlTypeId="44" Intrnl_Id="49" Name="ServletConfiguration">
<Header>
<Loc EndOffset="368" SrcFileId="1" StartOffset="335"/>
</Header>
<LocList>
<Loc EndOffset="3740" SrcFileId="1" StartOffset="335"/>
<Loc EndOffset="4328" SrcFileId="1" StartOffset="3786"/>
</LocList>
<StmntSeq Intrnl_Id="50">
<LocList>
<Loc EndOffset="468" SrcFileId="1" StartOffset="407"/>
<Loc EndOffset="521" SrcFileId="1" StartOffset="471"/>
<Loc EndOffset="612" SrcFileId="1" StartOffset="564"/>
<Loc EndOffset="765" SrcFileId="1" StartOffset="714"/>
<Loc EndOffset="817" SrcFileId="1" StartOffset="768"/>
<Loc EndOffset="957" SrcFileId="1" StartOffset="898"/>
</LocList>
<BasicStmnt CovItemId="S1" CovItemPrefix="util.ServletConfiguration.java" Intrnl_Id="51">
<LocList>
<Loc EndOffset="468" SrcFileId="1" StartOffset="407"/>
</LocList>
</BasicStmnt>
<BasicStmnt CovItemId="S2" CovItemPrefix="util.ServletConfiguration.java" Intrnl_Id="52">
<LocList>
<Loc EndOffset="521" SrcFileId="1" StartOffset="471"/>
</LocList>
</BasicStmnt>
<BasicStmnt CovItemId="S3" CovItemPrefix="util.ServletConfiguration.java" Intrnl_Id="53">
<LocList>
<Loc EndOffset="612" SrcFileId="1" StartOffset="564"/>
</LocList>
</BasicStmnt>
<BasicStmnt CovItemId="S4" CovItemPrefix="util.ServletConfiguration.java" Intrnl_Id="54">
<LocList>
<Loc EndOffset="765" SrcFileId="1" StartOffset="714"/>
</LocList>
</BasicStmnt>
<BasicStmnt CovItemId="S5" CovItemPrefix="util.ServletConfiguration.java" Intrnl_Id="55">
<LocList>
<Loc EndOffset="817" SrcFileId="1" StartOffset="768"/>
</LocList>
</BasicStmnt>
<BasicStmnt CovItemId="S6" CovItemPrefix="util.ServletConfiguration.java" Intrnl_Id="56">
<LocList>
<Loc EndOffset="957" SrcFileId="1" StartOffset="898"/>
</LocList>
</BasicStmnt>
</StmntSeq>
<HierarchyLvl HierarchyLvlId="23549" HierarchyLvlTypeId="45" Intrnl_Id="57" Name="loadContext">
<Header>
<Loc EndOffset="1227" SrcFileId="1" StartOffset="1173"/>
</Header>
<LocList>
<Loc EndOffset="1307" SrcFileId="1" StartOffset="1173"/>
</LocList>
<StmntSeq Intrnl_Id="58">
<LocList>
<Loc EndOffset="1303" SrcFileId="1" StartOffset="1235"/>
</LocList>
<CondStmnt CovItemId="S7" CovItemPrefix="util.ServletConfiguration.java" Intrnl_Id="59">
<Branch CovItemId="B1" CovItemPrefix="util.ServletConfiguration.java" Implct="false" Intrnl_Id="60">
<Cond/>
<LocList>
<Loc EndOffset="1303" SrcFileId="1" StartOffset="1261"/>
</LocList>
<StmntSeq Intrnl_Id="61">
<LocList>
<Loc EndOffset="1298" SrcFileId="1" StartOffset="1267"/>
</LocList>
<BasicStmnt CovItemId="S8" CovItemPrefix="util.ServletConfiguration.java" Intrnl_Id="62">
<LocList>
<Loc EndOffset="1298" SrcFileId="1" StartOffset="1267"/>
</LocList>
</BasicStmnt>
</StmntSeq>
</Branch>
<Branch CovItemId="B2" CovItemPrefix="util.ServletConfiguration.java" Implct="true" Intrnl_Id="63">
<Cond/>
<LocList/>
<StmntSeq Intrnl_Id="64">
<LocList/>
</StmntSeq>
</Branch>
<Keyword EndOffset="1237" SrcFileId="1" StartOffset="1235"/>
<LocList>
<Loc EndOffset="1303" SrcFileId="1" StartOffset="1235"/>
</LocList>
</CondStmnt>
</StmntSeq>
</HierarchyLvl>
<HierarchyLvl HierarchyLvlId="23550" HierarchyLvlTypeId="45" Intrnl_Id="65" Name="loadContextParameters">
<Header>
<Loc EndOffset="1657" SrcFileId="1" StartOffset="1579"/>
</Header>
<LocList>
<Loc EndOffset="2265" SrcFileId="1" StartOffset="1579"/>
</LocList>
<StmntSeq Intrnl_Id="66">
<LocList>
<Loc EndOffset="1929" SrcFileId="1" StartOffset="1899"/>
<Loc EndOffset="1978" SrcFileId="1" StartOffset="1933"/>
<Loc EndOffset="2055" SrcFileId="1" StartOffset="1990"/>
<Loc EndOffset="2260" SrcFileId="1" StartOffset="2063"/>
</LocList>
<CondStmnt CovItemId="S9" CovItemPrefix="util.ServletConfiguration.java" Intrnl_Id="67">
<Branch CovItemId="B3" CovItemPrefix="util.ServletConfiguration.java" Implct="false" Intrnl_Id="68">
<Cond/>
<LocList>
<Loc EndOffset="1929" SrcFileId="1" StartOffset="1922"/>
</LocList>
<StmntSeq Intrnl_Id="69">
<LocList>
<Loc EndOffset="1929" SrcFileId="1" StartOffset="1922"/>
</LocList>
<BasicStmnt CovItemId="S10" CovItemPrefix="util.ServletConfiguration.java" Intrnl_Id="70">
<LocList>
<Loc EndOffset="1929" SrcFileId="1" StartOffset="1922"/>
</LocList>
</BasicStmnt>
</StmntSeq>
</Branch>
<Branch CovItemId="B4" CovItemPrefix="util.ServletConfiguration.java" Implct="true" Intrnl_Id="71">
<Cond/>
<LocList/>
<StmntSeq Intrnl_Id="72">
<LocList/>
</StmntSeq>
</Branch>
<Keyword EndOffset="1901" SrcFileId="1" StartOffset="1899"/>
<LocList>
<Loc EndOffset="1929" SrcFileId="1" StartOffset="1899"/>
</LocList>
</CondStmnt>
<BasicStmnt CovItemId="S11" CovItemPrefix="util.ServletConfiguration.java" Intrnl_Id="73">
<LocList>
<Loc EndOffset="1978" SrcFileId="1" StartOffset="1933"/>
</LocList>
</BasicStmnt>
<BasicStmnt CovItemId="S12" CovItemPrefix="util.ServletConfiguration.java" Intrnl_Id="74">
<LocList>
<Loc EndOffset="2055" SrcFileId="1" StartOffset="1990"/>
</LocList>
</BasicStmnt>
<LoopStmnt CovItemId="S13" CovItemPrefix="util.ServletConfiguration.java" Intrnl_Id="75" MltplExecId="L1-2" MltplExecPrefix="util.ServletConfiguration.java" NvrExecId="L1-0" NvrExecPrefix="util.ServletConfiguration.java" OnceExecutedId="L1-1" OnceExecutedPrefix="util.ServletConfiguration.java" OptBodyExec="true">
<StmntSeq Intrnl_Id="76">
<LocList>
<Loc EndOffset="2152" SrcFileId="1" StartOffset="2108"/>
<Loc EndOffset="2208" SrcFileId="1" StartOffset="2157"/>
<Loc EndOffset="2253" SrcFileId="1" StartOffset="2218"/>
</LocList>
<BasicStmnt CovItemId="S14" CovItemPrefix="util.ServletConfiguration.java" Intrnl_Id="77">
<LocList>
<Loc EndOffset="2152" SrcFileId="1" StartOffset="2108"/>
</LocList>
</BasicStmnt>
<BasicStmnt CovItemId="S15" CovItemPrefix="util.ServletConfiguration.java" Intrnl_Id="78">
<LocList>
<Loc EndOffset="2208" SrcFileId="1" StartOffset="2157"/>
</LocList>
</BasicStmnt>
<BasicStmnt CovItemId="S16" CovItemPrefix="util.ServletConfiguration.java" Intrnl_Id="79">
<LocList>
<Loc EndOffset="2253" SrcFileId="1" StartOffset="2218"/>
</LocList>
</BasicStmnt>
</StmntSeq>
<Keyword EndOffset="2068" SrcFileId="1" StartOffset="2063"/>
<LocList>
<Loc EndOffset="2260" SrcFileId="1" StartOffset="2063"/>
</LocList>
</LoopStmnt>
</StmntSeq>
</HierarchyLvl>
<HierarchyLvl HierarchyLvlId="23551" HierarchyLvlTypeId="45" Intrnl_Id="80" Name="processParameter">
<Header>
<Loc EndOffset="2479" SrcFileId="1" StartOffset="2415"/>
</Header>
<LocList>
<Loc EndOffset="2637" SrcFileId="1" StartOffset="2415"/>
</LocList>
<StmntSeq Intrnl_Id="81">
<LocList>
<Loc EndOffset="2633" SrcFileId="1" StartOffset="2487"/>
</LocList>
<CondStmnt CovItemId="S17" CovItemPrefix="util.ServletConfiguration.java" Intrnl_Id="82">
<Branch CovItemId="B5" CovItemPrefix="util.ServletConfiguration.java" Implct="false" Intrnl_Id="83">
<Cond/>
<LocList>
<Loc EndOffset="2563" SrcFileId="1" StartOffset="2529"/>
</LocList>
<StmntSeq Intrnl_Id="84">
<LocList>
<Loc EndOffset="2563" SrcFileId="1" StartOffset="2529"/>
</LocList>
<BasicStmnt CovItemId="S18" CovItemPrefix="util.ServletConfiguration.java" Intrnl_Id="85">
<LocList>
<Loc EndOffset="2563" SrcFileId="1" StartOffset="2529"/>
</LocList>
</BasicStmnt>
</StmntSeq>
</Branch>
<Branch CovItemId="B6" CovItemPrefix="util.ServletConfiguration.java" Implct="false" Intrnl_Id="86">
<Cond>
<Loc EndOffset="2571" SrcFileId="1" StartOffset="2567"/>
</Cond>
<LocList>
<Loc EndOffset="2633" SrcFileId="1" StartOffset="2572"/>
</LocList>
<StmntSeq Intrnl_Id="87">
<LocList>
<Loc EndOffset="2633" SrcFileId="1" StartOffset="2572"/>
</LocList>
<CondStmnt CovItemId="S19" CovItemPrefix="util.ServletConfiguration.java" Intrnl_Id="88">
<Branch CovItemId="B7" CovItemPrefix="util.ServletConfiguration.java" Implct="false" Intrnl_Id="89">
<Cond/>
<LocList>
<Loc EndOffset="2633" SrcFileId="1" StartOffset="2606"/>
</LocList>
<StmntSeq Intrnl_Id="90">
<LocList>
<Loc EndOffset="2633" SrcFileId="1" StartOffset="2606"/>
</LocList>
<BasicStmnt CovItemId="S20" CovItemPrefix="util.ServletConfiguration.java" Intrnl_Id="91">
<LocList>
<Loc EndOffset="2633" SrcFileId="1" StartOffset="2606"/>
</LocList>
</BasicStmnt>
</StmntSeq>
</Branch>
<Branch CovItemId="B8" CovItemPrefix="util.ServletConfiguration.java" Implct="true" Intrnl_Id="92">
<Cond/>
<LocList/>
<StmntSeq Intrnl_Id="93">
<LocList/>
</StmntSeq>
</Branch>
<Keyword EndOffset="2574" SrcFileId="1" StartOffset="2572"/>
<LocList>
<Loc EndOffset="2633" SrcFileId="1" StartOffset="2572"/>
</LocList>
</CondStmnt>
</StmntSeq>
</Branch>
<Keyword EndOffset="2489" SrcFileId="1" StartOffset="2487"/>
<LocList>
<Loc EndOffset="2633" SrcFileId="1" StartOffset="2487"/>
</LocList>
</CondStmnt>
</StmntSeq>
</HierarchyLvl>
<HierarchyLvl HierarchyLvlId="23552" HierarchyLvlTypeId="45" Intrnl_Id="94" Name="processDatabaseName">
<Header>
<Loc EndOffset="2995" SrcFileId="1" StartOffset="2928"/>
</Header>
<LocList>
<Loc EndOffset="3249" SrcFileId="1" StartOffset="2928"/>
</LocList>
<StmntSeq Intrnl_Id="95">
<LocList>
<Loc EndOffset="3245" SrcFileId="1" StartOffset="3003"/>
</LocList>
<CondStmnt CovItemId="S21" CovItemPrefix="util.ServletConfiguration.java" Intrnl_Id="96">
<Branch CovItemId="B9" CovItemPrefix="util.ServletConfiguration.java" Implct="false" Intrnl_Id="97">
<Cond/>
<LocList>
<Loc EndOffset="3081" SrcFileId="1" StartOffset="3038"/>
</LocList>
<StmntSeq Intrnl_Id="98">
<LocList>
<Loc EndOffset="3081" SrcFileId="1" StartOffset="3038"/>
</LocList>
<BasicStmnt CovItemId="S22" CovItemPrefix="util.ServletConfiguration.java" Intrnl_Id="99">
<LocList>
<Loc EndOffset="3081" SrcFileId="1" StartOffset="3038"/>
</LocList>
</BasicStmnt>
</StmntSeq>
</Branch>
<Branch CovItemId="B10" CovItemPrefix="util.ServletConfiguration.java" Implct="false" Intrnl_Id="100">
<Cond>
<Loc EndOffset="3089" SrcFileId="1" StartOffset="3085"/>
</Cond>
<LocList>
<Loc EndOffset="3245" SrcFileId="1" StartOffset="3090"/>
</LocList>
<StmntSeq Intrnl_Id="101">
<LocList>
<Loc EndOffset="3245" SrcFileId="1" StartOffset="3090"/>
</LocList>
<CondStmnt CovItemId="S23" CovItemPrefix="util.ServletConfiguration.java" Intrnl_Id="102">
<Branch CovItemId="B11" CovItemPrefix="util.ServletConfiguration.java" Implct="false" Intrnl_Id="103">
<Cond/>
<LocList>
<Loc EndOffset="3163" SrcFileId="1" StartOffset="3126"/>
</LocList>
<StmntSeq Intrnl_Id="104">
<LocList>
<Loc EndOffset="3163" SrcFileId="1" StartOffset="3126"/>
</LocList>
<BasicStmnt CovItemId="S24" CovItemPrefix="util.ServletConfiguration.java" Intrnl_Id="105">
<LocList>
<Loc EndOffset="3163" SrcFileId="1" StartOffset="3126"/>
</LocList>
</BasicStmnt>
</StmntSeq>
</Branch>
<Branch CovItemId="B12" CovItemPrefix="util.ServletConfiguration.java" Implct="false" Intrnl_Id="106">
<Cond>
<Loc EndOffset="3171" SrcFileId="1" StartOffset="3167"/>
</Cond>
<LocList>
<Loc EndOffset="3245" SrcFileId="1" StartOffset="3208"/>
</LocList>
<StmntSeq Intrnl_Id="107">
<LocList>
<Loc EndOffset="3245" SrcFileId="1" StartOffset="3208"/>
</LocList>
<BasicStmnt CovItemId="S25" CovItemPrefix="util.ServletConfiguration.java" Intrnl_Id="108">
<LocList>
<Loc EndOffset="3245" SrcFileId="1" StartOffset="3208"/>
</LocList>
</BasicStmnt>
</StmntSeq>
</Branch>
<Keyword EndOffset="3092" SrcFileId="1" StartOffset="3090"/>
<LocList>
<Loc EndOffset="3245" SrcFileId="1" StartOffset="3090"/>
</LocList>
</CondStmnt>
</StmntSeq>
</Branch>
<Keyword EndOffset="3005" SrcFileId="1" StartOffset="3003"/>
<LocList>
<Loc EndOffset="3245" SrcFileId="1" StartOffset="3003"/>
</LocList>
</CondStmnt>
</StmntSeq>
</HierarchyLvl>
<HierarchyLvl HierarchyLvlId="23553" HierarchyLvlTypeId="45" Intrnl_Id="109" Name="processDebug">
<Header>
<Loc EndOffset="3535" SrcFileId="1" StartOffset="3475"/>
</Header>
<LocList>
<Loc EndOffset="3676" SrcFileId="1" StartOffset="3475"/>
</LocList>
<StmntSeq Intrnl_Id="110">
<LocList>
<Loc EndOffset="3672" SrcFileId="1" StartOffset="3543"/>
</LocList>
<CondStmnt CovItemId="S26" CovItemPrefix="util.ServletConfiguration.java" Intrnl_Id="111">
<Branch CovItemId="B13" CovItemPrefix="util.ServletConfiguration.java" Implct="false" Intrnl_Id="112">
<Cond/>
<LocList>
<Loc EndOffset="3617" SrcFileId="1" StartOffset="3576"/>
</LocList>
<StmntSeq Intrnl_Id="113">
<LocList>
<Loc EndOffset="3617" SrcFileId="1" StartOffset="3576"/>
</LocList>
<BasicStmnt CovItemId="S27" CovItemPrefix="util.ServletConfiguration.java" Intrnl_Id="114">
<LocList>
<Loc EndOffset="3617" SrcFileId="1" StartOffset="3576"/>
</LocList>
</BasicStmnt>
</StmntSeq>
</Branch>
<Branch CovItemId="B14" CovItemPrefix="util.ServletConfiguration.java" Implct="false" Intrnl_Id="115">
<Cond>
<Loc EndOffset="3625" SrcFileId="1" StartOffset="3621"/>
</Cond>
<LocList>
<Loc EndOffset="3672" SrcFileId="1" StartOffset="3630"/>
</LocList>
<StmntSeq Intrnl_Id="116">
<LocList>
<Loc EndOffset="3672" SrcFileId="1" StartOffset="3630"/>
</LocList>
<BasicStmnt CovItemId="S28" CovItemPrefix="util.ServletConfiguration.java" Intrnl_Id="117">
<LocList>
<Loc EndOffset="3672" SrcFileId="1" StartOffset="3630"/>
</LocList>
</BasicStmnt>
</StmntSeq>
</Branch>
<Keyword EndOffset="3545" SrcFileId="1" StartOffset="3543"/>
<LocList>
<Loc EndOffset="3672" SrcFileId="1" StartOffset="3543"/>
</LocList>
</CondStmnt>
</StmntSeq>
</HierarchyLvl>
<HierarchyLvl HierarchyLvlId="23554" HierarchyLvlTypeId="42" Intrnl_Id="118" Name="Database">
<Header>
<Loc EndOffset="3760" SrcFileId="1" StartOffset="3740"/>
</Header>
<LocList>
<Loc EndOffset="3786" SrcFileId="1" StartOffset="3740"/>
</LocList>
</HierarchyLvl>
<HierarchyLvl HierarchyLvlId="23555" HierarchyLvlTypeId="45" Intrnl_Id="119" Name="getDatabase">
<Header>
<Loc EndOffset="3966" SrcFileId="1" StartOffset="3930"/>
</Header>
<LocList>
<Loc EndOffset="4032" SrcFileId="1" StartOffset="3930"/>
</LocList>
<StmntSeq Intrnl_Id="120">
<LocList>
<Loc EndOffset="4028" SrcFileId="1" StartOffset="3974"/>
</LocList>
<BasicStmnt CovItemId="S29" CovItemPrefix="util.ServletConfiguration.java" Intrnl_Id="121">
<LocList>
<Loc EndOffset="4028" SrcFileId="1" StartOffset="3974"/>
</LocList>
</BasicStmnt>
</StmntSeq>
</HierarchyLvl>
<HierarchyLvl HierarchyLvlId="23556" HierarchyLvlTypeId="45" Intrnl_Id="122" Name="isDebug">
<Header>
<Loc EndOffset="4161" SrcFileId="1" StartOffset="4130"/>
</Header>
<LocList>
<Loc EndOffset="4218" SrcFileId="1" StartOffset="4130"/>
</LocList>
<StmntSeq Intrnl_Id="123">
<LocList>
<Loc EndOffset="4214" SrcFileId="1" StartOffset="4169"/>
</LocList>
<BasicStmnt CovItemId="S30" CovItemPrefix="util.ServletConfiguration.java" Intrnl_Id="124">
<LocList>
<Loc EndOffset="4214" SrcFileId="1" StartOffset="4169"/>
</LocList>
</BasicStmnt>
</StmntSeq>
</HierarchyLvl>
<HierarchyLvl HierarchyLvlId="23557" HierarchyLvlTypeId="45" Intrnl_Id="125" Name="reset">
<Header>
<Loc EndOffset="4292" SrcFileId="1" StartOffset="4253"/>
</Header>
<LocList>
<Loc EndOffset="4322" SrcFileId="1" StartOffset="4253"/>
</LocList>
<StmntSeq Intrnl_Id="126">
<LocList>
<Loc EndOffset="4318" SrcFileId="1" StartOffset="4300"/>
</LocList>
<BasicStmnt CovItemId="S31" CovItemPrefix="util.ServletConfiguration.java" Intrnl_Id="127">
<LocList>
<Loc EndOffset="4318" SrcFileId="1" StartOffset="4300"/>
</LocList>
</BasicStmnt>
</StmntSeq>
</HierarchyLvl>
</HierarchyLvl>
<HierarchyLvl HierarchyLvlId="23561" HierarchyLvlTypeId="44" Intrnl_Id="128" Name="RankCacheCron">
<Header>
<Loc EndOffset="480" SrcFileId="2" StartOffset="436"/>
</Header>
<LocList>
<Loc EndOffset="1724" SrcFileId="2" StartOffset="436"/>
</LocList>
<HierarchyLvl HierarchyLvlId="23559" HierarchyLvlTypeId="45" Intrnl_Id="129" Name="RankCacheCron">
<Header>
<Loc EndOffset="610" SrcFileId="2" StartOffset="550"/>
</Header>
<LocList>
<Loc EndOffset="670" SrcFileId="2" StartOffset="550"/>
</LocList>
<StmntSeq Intrnl_Id="130">
<LocList>
<Loc EndOffset="641" SrcFileId="2" StartOffset="618"/>
<Loc EndOffset="666" SrcFileId="2" StartOffset="645"/>
</LocList>
<BasicStmnt CovItemId="S1" CovItemPrefix="util.RankCacheCron.java" Intrnl_Id="131">
<LocList>
<Loc EndOffset="641" SrcFileId="2" StartOffset="618"/>
</LocList>
</BasicStmnt>
<BasicStmnt CovItemId="S2" CovItemPrefix="util.RankCacheCron.java" Intrnl_Id="132">
<LocList>
<Loc EndOffset="666" SrcFileId="2" StartOffset="645"/>
</LocList>
</BasicStmnt>
</StmntSeq>
</HierarchyLvl>
<HierarchyLvl HierarchyLvlId="23560" HierarchyLvlTypeId="45" Intrnl_Id="133" Name="run">
<Header>
<Loc EndOffset="799" SrcFileId="2" StartOffset="769"/>
</Header>
<LocList>
<Loc EndOffset="1715" SrcFileId="2" StartOffset="769"/>
</LocList>
<StmntSeq Intrnl_Id="134">
<LocList>
<Loc EndOffset="856" SrcFileId="2" StartOffset="811"/>
<Loc EndOffset="957" SrcFileId="2" StartOffset="913"/>
<Loc EndOffset="1022" SrcFileId="2" StartOffset="963"/>
<Loc EndOffset="1302" SrcFileId="2" StartOffset="1034"/>
<Loc EndOffset="1334" SrcFileId="2" StartOffset="1314"/>
<Loc EndOffset="1649" SrcFileId="2" StartOffset="902"/>
<Loc EndOffset="1705" SrcFileId="2" StartOffset="1659"/>
</LocList>
<BasicStmnt CovItemId="S3" CovItemPrefix="util.RankCacheCron.java" Intrnl_Id="135">
<LocList>
<Loc EndOffset="856" SrcFileId="2" StartOffset="811"/>
</LocList>
</BasicStmnt>
<BasicStmnt CovItemId="S5" CovItemPrefix="util.RankCacheCron.java" Intrnl_Id="136">
<LocList>
<Loc EndOffset="957" SrcFileId="2" StartOffset="913"/>
</LocList>
</BasicStmnt>
<BasicStmnt CovItemId="S6" CovItemPrefix="util.RankCacheCron.java" Intrnl_Id="137">
<LocList>
<Loc EndOffset="1022" SrcFileId="2" StartOffset="963"/>
</LocList>
</BasicStmnt>
<LoopStmnt CovItemId="S7" CovItemPrefix="util.RankCacheCron.java" Intrnl_Id="138" MltplExecId="L1-2" MltplExecPrefix="util.RankCacheCron.java" NvrExecId="L1-0" NvrExecPrefix="util.RankCacheCron.java" OnceExecutedId="L1-1" OnceExecutedPrefix="util.RankCacheCron.java" OptBodyExec="true">
<StmntSeq Intrnl_Id="139">
<LocList>
<Loc EndOffset="1295" SrcFileId="2" StartOffset="1079"/>
</LocList>
<CondStmnt CovItemId="S8" CovItemPrefix="util.RankCacheCron.java" Intrnl_Id="140">
<Branch CovItemId="B2" CovItemPrefix="util.RankCacheCron.java" Implct="false" Intrnl_Id="141">
<Cond/>
<LocList>
<Loc EndOffset="1295" SrcFileId="2" StartOffset="1130"/>
</LocList>
<StmntSeq Intrnl_Id="142">
<LocList>
<Loc EndOffset="1168" SrcFileId="2" StartOffset="1139"/>
<Loc EndOffset="1256" SrcFileId="2" StartOffset="1176"/>
<Loc EndOffset="1287" SrcFileId="2" StartOffset="1264"/>
</LocList>
<BasicStmnt CovItemId="S9" CovItemPrefix="util.RankCacheCron.java" Intrnl_Id="143">
<LocList>
<Loc EndOffset="1168" SrcFileId="2" StartOffset="1139"/>
</LocList>
</BasicStmnt>
<BasicStmnt CovItemId="S10" CovItemPrefix="util.RankCacheCron.java" Intrnl_Id="144">
<LocList>
<Loc EndOffset="1256" SrcFileId="2" StartOffset="1176"/>
</LocList>
</BasicStmnt>
<BasicStmnt CovItemId="S11" CovItemPrefix="util.RankCacheCron.java" Intrnl_Id="145">
<LocList>
<Loc EndOffset="1287" SrcFileId="2" StartOffset="1264"/>
</LocList>
</BasicStmnt>
</StmntSeq>
</Branch>
<Branch CovItemId="B3" CovItemPrefix="util.RankCacheCron.java" Implct="true" Intrnl_Id="146">
<Cond/>
<LocList/>
<StmntSeq Intrnl_Id="147">
<LocList/>
</StmntSeq>
</Branch>
<Keyword EndOffset="1081" SrcFileId="2" StartOffset="1079"/>
<LocList>
<Loc EndOffset="1295" SrcFileId="2" StartOffset="1079"/>
</LocList>
</CondStmnt>
</StmntSeq>
<Keyword EndOffset="1037" SrcFileId="2" StartOffset="1034"/>
<LocList>
<Loc EndOffset="1302" SrcFileId="2" StartOffset="1034"/>
</LocList>
</LoopStmnt>
<BasicStmnt CovItemId="S12" CovItemPrefix="util.RankCacheCron.java" Intrnl_Id="148">
<LocList>
<Loc EndOffset="1334" SrcFileId="2" StartOffset="1314"/>
</LocList>
</BasicStmnt>
<CondStmnt CovItemId="S4" CovItemPrefix="util.RankCacheCron.java" Intrnl_Id="149">
<Branch CovItemId="B1" CovItemPrefix="util.RankCacheCron.java" Implct="true" Intrnl_Id="150">
<Cond/>
<LocList/>
<StmntSeq Intrnl_Id="151">
<LocList/>
</StmntSeq>
</Branch>
<Branch CovItemId="B4" CovItemPrefix="util.RankCacheCron.java" Implct="false" Intrnl_Id="152">
<Cond>
<Loc EndOffset="1389" SrcFileId="2" StartOffset="1353"/>
</Cond>
<LocList>
<Loc EndOffset="1457" SrcFileId="2" StartOffset="1390"/>
</LocList>
<StmntSeq Intrnl_Id="153">
<LocList>
<Loc EndOffset="1451" SrcFileId="2" StartOffset="1397"/>
</LocList>
<BasicStmnt CovItemId="S13" CovItemPrefix="util.RankCacheCron.java" Intrnl_Id="154">
<LocList>
<Loc EndOffset="1451" SrcFileId="2" StartOffset="1397"/>
</LocList>
</BasicStmnt>
</StmntSeq>
</Branch>
<Branch CovItemId="B5" CovItemPrefix="util.RankCacheCron.java" Implct="false" Intrnl_Id="155">
<Cond>
<Loc EndOffset="1480" SrcFileId="2" StartOffset="1458"/>
</Cond>
<LocList>
<Loc EndOffset="1548" SrcFileId="2" StartOffset="1481"/>
</LocList>
<StmntSeq Intrnl_Id="156">
<LocList>
<Loc EndOffset="1542" SrcFileId="2" StartOffset="1488"/>
</LocList>
<BasicStmnt CovItemId="S14" CovItemPrefix="util.RankCacheCron.java" Intrnl_Id="157">
<LocList>
<Loc EndOffset="1542" SrcFileId="2" StartOffset="1488"/>
</LocList>
</BasicStmnt>
</StmntSeq>
</Branch>
<Branch CovItemId="B6" CovItemPrefix="util.RankCacheCron.java" Implct="false" Intrnl_Id="158">
<Cond>
<Loc EndOffset="1581" SrcFileId="2" StartOffset="1549"/>
</Cond>
<LocList>
<Loc EndOffset="1649" SrcFileId="2" StartOffset="1582"/>
</LocList>
<StmntSeq Intrnl_Id="159">
<LocList>
<Loc EndOffset="1643" SrcFileId="2" StartOffset="1589"/>
</LocList>
<BasicStmnt CovItemId="S15" CovItemPrefix="util.RankCacheCron.java" Intrnl_Id="160">
<LocList>
<Loc EndOffset="1643" SrcFileId="2" StartOffset="1589"/>
</LocList>
</BasicStmnt>
</StmntSeq>
</Branch>
<Keyword EndOffset="905" SrcFileId="2" StartOffset="902"/>
<LocList>
<Loc EndOffset="1649" SrcFileId="2" StartOffset="902"/>
</LocList>
</CondStmnt>
<BasicStmnt CovItemId="S16" CovItemPrefix="util.RankCacheCron.java" Intrnl_Id="161">
<LocList>
<Loc EndOffset="1705" SrcFileId="2" StartOffset="1659"/>
</LocList>
</BasicStmnt>
</StmntSeq>
</HierarchyLvl>
</HierarchyLvl>
<HierarchyLvl HierarchyLvlId="23567" HierarchyLvlTypeId="44" Intrnl_Id="162" Name="PokerHandRanker">
<Header>
<Loc EndOffset="896" SrcFileId="3" StartOffset="868"/>
</Header>
<LocList>
<Loc EndOffset="5461" SrcFileId="3" StartOffset="868"/>
</LocList>
<StmntSeq Intrnl_Id="163">
<LocList>
<Loc EndOffset="1122" SrcFileId="3" StartOffset="1075"/>
<Loc EndOffset="1163" SrcFileId="3" StartOffset="1125"/>
<Loc EndOffset="1218" SrcFileId="3" StartOffset="1166"/>
<Loc EndOffset="1305" SrcFileId="3" StartOffset="1224"/>
<Loc EndOffset="1395" SrcFileId="3" StartOffset="1308"/>
<Loc EndOffset="1673" SrcFileId="3" StartOffset="1635"/>
<Loc EndOffset="1714" SrcFileId="3" StartOffset="1683"/>
<Loc EndOffset="1749" SrcFileId="3" StartOffset="1724"/>
<Loc EndOffset="1848" SrcFileId="3" StartOffset="1775"/>
<Loc EndOffset="1926" SrcFileId="3" StartOffset="1859"/>
<Loc EndOffset="2090" SrcFileId="3" StartOffset="1972"/>
<Loc EndOffset="2140" SrcFileId="3" StartOffset="2112"/>
<Loc EndOffset="2295" SrcFileId="3" StartOffset="1759"/>
<Loc EndOffset="2353" SrcFileId="3" StartOffset="2339"/>
<Loc EndOffset="2442" SrcFileId="3" StartOffset="2319"/>
<Loc EndOffset="2586" SrcFileId="3" StartOffset="2470"/>
<Loc EndOffset="2635" SrcFileId="3" StartOffset="2614"/>
</LocList>
<BasicStmnt CovItemId="S1" CovItemPrefix="util.PokerHandRanker.java" Intrnl_Id="164">
<LocList>
<Loc EndOffset="1122" SrcFileId="3" StartOffset="1075"/>
</LocList>
</BasicStmnt>
<BasicStmnt CovItemId="S2" CovItemPrefix="util.PokerHandRanker.java" Intrnl_Id="165">
<LocList>
<Loc EndOffset="1163" SrcFileId="3" StartOffset="1125"/>
</LocList>
</BasicStmnt>
<BasicStmnt CovItemId="S3" CovItemPrefix="util.PokerHandRanker.java" Intrnl_Id="166">
<LocList>
<Loc EndOffset="1218" SrcFileId="3" StartOffset="1166"/>
</LocList>
</BasicStmnt>
<BasicStmnt CovItemId="S4" CovItemPrefix="util.PokerHandRanker.java" Intrnl_Id="167">
<LocList>
<Loc EndOffset="1305" SrcFileId="3" StartOffset="1224"/>
</LocList>
</BasicStmnt>
<BasicStmnt CovItemId="S5" CovItemPrefix="util.PokerHandRanker.java" Intrnl_Id="168">
<LocList>
<Loc EndOffset="1395" SrcFileId="3" StartOffset="1308"/>
</LocList>
</BasicStmnt>
<BasicStmnt CovItemId="S6" CovItemPrefix="util.PokerHandRanker.java" Intrnl_Id="169">
<LocList>
<Loc EndOffset="1673" SrcFileId="3" StartOffset="1635"/>
</LocList>
</BasicStmnt>
<BasicStmnt CovItemId="S7" CovItemPrefix="util.PokerHandRanker.java" Intrnl_Id="170">
<LocList>
<Loc EndOffset="1714" SrcFileId="3" StartOffset="1683"/>
</LocList>
</BasicStmnt>
<BasicStmnt CovItemId="S8" CovItemPrefix="util.PokerHandRanker.java" Intrnl_Id="171">
<LocList>
<Loc EndOffset="1749" SrcFileId="3" StartOffset="1724"/>
</LocList>
</BasicStmnt>
<BasicStmnt CovItemId="S10" CovItemPrefix="util.PokerHandRanker.java" Intrnl_Id="172">
<LocList>
<Loc EndOffset="1848" SrcFileId="3" StartOffset="1775"/>
</LocList>
</BasicStmnt>
<BasicStmnt CovItemId="S11" CovItemPrefix="util.PokerHandRanker.java" Intrnl_Id="173">
<LocList>
<Loc EndOffset="1926" SrcFileId="3" StartOffset="1859"/>
</LocList>
</BasicStmnt>
<CondStmnt CovItemId="S12" CovItemPrefix="util.PokerHandRanker.java" Intrnl_Id="174">
<Branch CovItemId="B2" CovItemPrefix="util.PokerHandRanker.java" Implct="false" Intrnl_Id="175">
<Cond/>
<LocList>
<Loc EndOffset="2090" SrcFileId="3" StartOffset="2000"/>
</LocList>
<StmntSeq Intrnl_Id="176">
<LocList>
<Loc EndOffset="2078" SrcFileId="3" StartOffset="2014"/>
</LocList>
<BasicStmnt CovItemId="S13" CovItemPrefix="util.PokerHandRanker.java" Intrnl_Id="177">
<LocList>
<Loc EndOffset="2078" SrcFileId="3" StartOffset="2014"/>
</LocList>
</BasicStmnt>
</StmntSeq>
</Branch>
<Branch CovItemId="B3" CovItemPrefix="util.PokerHandRanker.java" Implct="true" Intrnl_Id="178">
<Cond/>
<LocList/>
<StmntSeq Intrnl_Id="179">
<LocList/>
</StmntSeq>
</Branch>
<Keyword EndOffset="1974" SrcFileId="3" StartOffset="1972"/>
<LocList>
<Loc EndOffset="2090" SrcFileId="3" StartOffset="1972"/>
</LocList>
</CondStmnt>
<BasicStmnt CovItemId="S14" CovItemPrefix="util.PokerHandRanker.java" Intrnl_Id="180">
<LocList>
<Loc EndOffset="2140" SrcFileId="3" StartOffset="2112"/>
</LocList>
</BasicStmnt>
<CondStmnt CovItemId="S9" CovItemPrefix="util.PokerHandRanker.java" Intrnl_Id="181">
<Branch CovItemId="B1" CovItemPrefix="util.PokerHandRanker.java" Implct="true" Intrnl_Id="182">
<Cond/>
<LocList/>
<StmntSeq Intrnl_Id="183">
<LocList/>
</StmntSeq>
</Branch>
<Branch CovItemId="B4" CovItemPrefix="util.PokerHandRanker.java" Implct="false" Intrnl_Id="184">
<Cond>
<Loc EndOffset="2183" SrcFileId="3" StartOffset="2152"/>
</Cond>
<LocList>
<Loc EndOffset="2229" SrcFileId="3" StartOffset="2184"/>
</LocList>
<StmntSeq Intrnl_Id="185">
<LocList>
<Loc EndOffset="2218" SrcFileId="3" StartOffset="2198"/>
</LocList>
<BasicStmnt CovItemId="S15" CovItemPrefix="util.PokerHandRanker.java" Intrnl_Id="186">
<LocList>
<Loc EndOffset="2218" SrcFileId="3" StartOffset="2198"/>
</LocList>
</BasicStmnt>
</StmntSeq>
</Branch>
<Branch CovItemId="B5" CovItemPrefix="util.PokerHandRanker.java" Implct="false" Intrnl_Id="187">
<Cond>
<Loc EndOffset="2251" SrcFileId="3" StartOffset="2230"/>
</Cond>
<LocList>
<Loc EndOffset="2295" SrcFileId="3" StartOffset="2252"/>
</LocList>
<StmntSeq Intrnl_Id="188">
<LocList>
<Loc EndOffset="2284" SrcFileId="3" StartOffset="2264"/>
</LocList>
<BasicStmnt CovItemId="S16" CovItemPrefix="util.PokerHandRanker.java" Intrnl_Id="189">
<LocList>
<Loc EndOffset="2284" SrcFileId="3" StartOffset="2264"/>
</LocList>
</BasicStmnt>
</StmntSeq>
</Branch>
<Keyword EndOffset="1762" SrcFileId="3" StartOffset="1759"/>
<LocList>
<Loc EndOffset="2295" SrcFileId="3" StartOffset="1759"/>
</LocList>
</CondStmnt>
<BasicStmnt CovItemId="S18" CovItemPrefix="util.PokerHandRanker.java" Intrnl_Id="190">
<LocList>
<Loc EndOffset="2353" SrcFileId="3" StartOffset="2339"/>
</LocList>
</BasicStmnt>
<CondStmnt CovItemId="S17" CovItemPrefix="util.PokerHandRanker.java" Intrnl_Id="191">
<Branch CovItemId="B6" CovItemPrefix="util.PokerHandRanker.java" Implct="true" Intrnl_Id="192">
<Cond/>
<LocList/>
<StmntSeq Intrnl_Id="193">
<LocList/>
</StmntSeq>
</Branch>
<Branch CovItemId="B7" CovItemPrefix="util.PokerHandRanker.java" Implct="false" Intrnl_Id="194">
<Cond>
<Loc EndOffset="2390" SrcFileId="3" StartOffset="2369"/>
</Cond>
<LocList>
<Loc EndOffset="2442" SrcFileId="3" StartOffset="2391"/>
</LocList>
<StmntSeq Intrnl_Id="195">
<LocList>
<Loc EndOffset="2427" SrcFileId="3" StartOffset="2407"/>
</LocList>
<BasicStmnt CovItemId="S19" CovItemPrefix="util.PokerHandRanker.java" Intrnl_Id="196">
<LocList>
<Loc EndOffset="2427" SrcFileId="3" StartOffset="2407"/>
</LocList>
</BasicStmnt>
</StmntSeq>
</Branch>
<Keyword EndOffset="2322" SrcFileId="3" StartOffset="2319"/>
<LocList>
<Loc EndOffset="2442" SrcFileId="3" StartOffset="2319"/>
</LocList>
</CondStmnt>
<LoopStmnt CovItemId="S20" CovItemPrefix="util.PokerHandRanker.java" Intrnl_Id="197" MltplExecId="L1-2" MltplExecPrefix="util.PokerHandRanker.java" NvrExecId="L1-0" NvrExecPrefix="util.PokerHandRanker.java" OnceExecutedId="L1-1" OnceExecutedPrefix="util.PokerHandRanker.java" OptBodyExec="true">
<StmntSeq Intrnl_Id="198">
<LocList>
<Loc EndOffset="2571" SrcFileId="3" StartOffset="2526"/>
</LocList>
<BasicStmnt CovItemId="S21" CovItemPrefix="util.PokerHandRanker.java" Intrnl_Id="199">
<LocList>
<Loc EndOffset="2571" SrcFileId="3" StartOffset="2526"/>
</LocList>
</BasicStmnt>
</StmntSeq>
<Keyword EndOffset="2473" SrcFileId="3" StartOffset="2470"/>
<LocList>
<Loc EndOffset="2586" SrcFileId="3" StartOffset="2470"/>
</LocList>
</LoopStmnt>
<BasicStmnt CovItemId="S22" CovItemPrefix="util.PokerHandRanker.java" Intrnl_Id="200">
<LocList>
<Loc EndOffset="2635" SrcFileId="3" StartOffset="2614"/>
</LocList>
</BasicStmnt>
</StmntSeq>
<HierarchyLvl HierarchyLvlId="23562" HierarchyLvlTypeId="45" Intrnl_Id="201" Name="initCardConversion">
<Header>
<Loc EndOffset="2699" SrcFileId="3" StartOffset="2659"/>
</Header>
<LocList>
<Loc EndOffset="3459" SrcFileId="3" StartOffset="2659"/>
</LocList>
<StmntSeq Intrnl_Id="202">
<LocList>
<Loc EndOffset="2744" SrcFileId="3" StartOffset="2707"/>
<Loc EndOffset="2788" SrcFileId="3" StartOffset="2748"/>
<Loc EndOffset="2830" SrcFileId="3" StartOffset="2792"/>
<Loc EndOffset="2872" SrcFileId="3" StartOffset="2834"/>
<Loc EndOffset="2919" SrcFileId="3" StartOffset="2880"/>
<Loc EndOffset="2964" SrcFileId="3" StartOffset="2923"/>
<Loc EndOffset="3008" SrcFileId="3" StartOffset="2968"/>
<Loc EndOffset="3052" SrcFileId="3" StartOffset="3012"/>
<Loc EndOffset="3095" SrcFileId="3" StartOffset="3056"/>
<Loc EndOffset="3140" SrcFileId="3" StartOffset="3099"/>
<Loc EndOffset="3185" SrcFileId="3" StartOffset="3144"/>
<Loc EndOffset="3229" SrcFileId="3" StartOffset="3189"/>
<Loc EndOffset="3272" SrcFileId="3" StartOffset="3233"/>
<Loc EndOffset="3316" SrcFileId="3" StartOffset="3276"/>
<Loc EndOffset="3362" SrcFileId="3" StartOffset="3320"/>
<Loc EndOffset="3407" SrcFileId="3" StartOffset="3366"/>
<Loc EndOffset="3451" SrcFileId="3" StartOffset="3411"/>
</LocList>
<BasicStmnt CovItemId="S23" CovItemPrefix="util.PokerHandRanker.java" Intrnl_Id="203">
<LocList>
<Loc EndOffset="2744" SrcFileId="3" StartOffset="2707"/>
</LocList>
</BasicStmnt>
<BasicStmnt CovItemId="S24" CovItemPrefix="util.PokerHandRanker.java" Intrnl_Id="204">
<LocList>
<Loc EndOffset="2788" SrcFileId="3" StartOffset="2748"/>
</LocList>
</BasicStmnt>
<BasicStmnt CovItemId="S25" CovItemPrefix="util.PokerHandRanker.java" Intrnl_Id="205">
<LocList>
<Loc EndOffset="2830" SrcFileId="3" StartOffset="2792"/>
</LocList>
</BasicStmnt>
<BasicStmnt CovItemId="S26" CovItemPrefix="util.PokerHandRanker.java" Intrnl_Id="206">
<LocList>
<Loc EndOffset="2872" SrcFileId="3" StartOffset="2834"/>
</LocList>
</BasicStmnt>
<BasicStmnt CovItemId="S27" CovItemPrefix="util.PokerHandRanker.java" Intrnl_Id="207">
<LocList>
<Loc EndOffset="2919" SrcFileId="3" StartOffset="2880"/>
</LocList>
</BasicStmnt>
<BasicStmnt CovItemId="S28" CovItemPrefix="util.PokerHandRanker.java" Intrnl_Id="208">
<LocList>
<Loc EndOffset="2964" SrcFileId="3" StartOffset="2923"/>
</LocList>
</BasicStmnt>
<BasicStmnt CovItemId="S29" CovItemPrefix="util.PokerHandRanker.java" Intrnl_Id="209">
<LocList>
<Loc EndOffset="3008" SrcFileId="3" StartOffset="2968"/>
</LocList>
</BasicStmnt>
<BasicStmnt CovItemId="S30" CovItemPrefix="util.PokerHandRanker.java" Intrnl_Id="210">
<LocList>
<Loc EndOffset="3052" SrcFileId="3" StartOffset="3012"/>
</LocList>
</BasicStmnt>
<BasicStmnt CovItemId="S31" CovItemPrefix="util.PokerHandRanker.java" Intrnl_Id="211">
<LocList>
<Loc EndOffset="3095" SrcFileId="3" StartOffset="3056"/>
</LocList>
</BasicStmnt>
<BasicStmnt CovItemId="S32" CovItemPrefix="util.PokerHandRanker.java" Intrnl_Id="212">
<LocList>
<Loc EndOffset="3140" SrcFileId="3" StartOffset="3099"/>
</LocList>
</BasicStmnt>
<BasicStmnt CovItemId="S33" CovItemPrefix="util.PokerHandRanker.java" Intrnl_Id="213">
<LocList>
<Loc EndOffset="3185" SrcFileId="3" StartOffset="3144"/>
</LocList>
</BasicStmnt>
<BasicStmnt CovItemId="S34" CovItemPrefix="util.PokerHandRanker.java" Intrnl_Id="214">
<LocList>
<Loc EndOffset="3229" SrcFileId="3" StartOffset="3189"/>
</LocList>
</BasicStmnt>
<BasicStmnt CovItemId="S35" CovItemPrefix="util.PokerHandRanker.java" Intrnl_Id="215">
<LocList>
<Loc EndOffset="3272" SrcFileId="3" StartOffset="3233"/>
</LocList>
</BasicStmnt>
<BasicStmnt CovItemId="S36" CovItemPrefix="util.PokerHandRanker.java" Intrnl_Id="216">
<LocList>
<Loc EndOffset="3316" SrcFileId="3" StartOffset="3276"/>
</LocList>
</BasicStmnt>
<BasicStmnt CovItemId="S37" CovItemPrefix="util.PokerHandRanker.java" Intrnl_Id="217">
<LocList>
<Loc EndOffset="3362" SrcFileId="3" StartOffset="3320"/>
</LocList>
</BasicStmnt>
<BasicStmnt CovItemId="S38" CovItemPrefix="util.PokerHandRanker.java" Intrnl_Id="218">
<LocList>
<Loc EndOffset="3407" SrcFileId="3" StartOffset="3366"/>
</LocList>
</BasicStmnt>
<BasicStmnt CovItemId="S39" CovItemPrefix="util.PokerHandRanker.java" Intrnl_Id="219">
<LocList>
<Loc EndOffset="3451" SrcFileId="3" StartOffset="3411"/>
</LocList>
</BasicStmnt>
</StmntSeq>
</HierarchyLvl>
<HierarchyLvl HierarchyLvlId="23563" HierarchyLvlTypeId="45" Intrnl_Id="220" Name="littleEndianByteArrayToInt">
<Header>
<Loc EndOffset="3913" SrcFileId="3" StartOffset="3840"/>
</Header>
<LocList>
<Loc EndOffset="4064" SrcFileId="3" StartOffset="3840"/>
</LocList>
<StmntSeq Intrnl_Id="221">
<LocList>
<Loc EndOffset="4057" SrcFileId="3" StartOffset="3925"/>
</LocList>
<BasicStmnt CovItemId="S40" CovItemPrefix="util.PokerHandRanker.java" Intrnl_Id="222">
<LocList>
<Loc EndOffset="4057" SrcFileId="3" StartOffset="3925"/>
</LocList>
</BasicStmnt>
</StmntSeq>
</HierarchyLvl>
<HierarchyLvl HierarchyLvlId="23564" HierarchyLvlTypeId="45" Intrnl_Id="223" Name="lookupHand">
<Header>
<Loc EndOffset="4333" SrcFileId="3" StartOffset="4291"/>
</Header>
<LocList>
<Loc EndOffset="4704" SrcFileId="3" StartOffset="4291"/>
</LocList>
<StmntSeq Intrnl_Id="224">
<LocList>
<Loc EndOffset="4372" SrcFileId="3" StartOffset="4343"/>
<Loc EndOffset="4395" SrcFileId="3" StartOffset="4378"/>
<Loc EndOffset="4424" SrcFileId="3" StartOffset="4401"/>
<Loc EndOffset="4551" SrcFileId="3" StartOffset="4436"/>
<Loc EndOffset="4664" SrcFileId="3" StartOffset="4594"/>
<Loc EndOffset="4700" SrcFileId="3" StartOffset="4679"/>
</LocList>
<BasicStmnt CovItemId="S41" CovItemPrefix="util.PokerHandRanker.java" Intrnl_Id="225">
<LocList>
<Loc EndOffset="4372" SrcFileId="3" StartOffset="4343"/>
</LocList>
</BasicStmnt>
<BasicStmnt CovItemId="S42" CovItemPrefix="util.PokerHandRanker.java" Intrnl_Id="226">
<LocList>
<Loc EndOffset="4395" SrcFileId="3" StartOffset="4378"/>
</LocList>
</BasicStmnt>
<BasicStmnt CovItemId="S43" CovItemPrefix="util.PokerHandRanker.java" Intrnl_Id="227">
<LocList>
<Loc EndOffset="4424" SrcFileId="3" StartOffset="4401"/>
</LocList>
</BasicStmnt>
<LoopStmnt CovItemId="S44" CovItemPrefix="util.PokerHandRanker.java" Intrnl_Id="228" MltplExecId="L2-2" MltplExecPrefix="util.PokerHandRanker.java" NvrExecId="L2-0" NvrExecPrefix="util.PokerHandRanker.java" OnceExecutedId="L2-1" OnceExecutedPrefix="util.PokerHandRanker.java" OptBodyExec="true">
<StmntSeq Intrnl_Id="229">
<LocList>
<Loc EndOffset="4541" SrcFileId="3" StartOffset="4486"/>
</LocList>
<BasicStmnt CovItemId="S45" CovItemPrefix="util.PokerHandRanker.java" Intrnl_Id="230">
<LocList>
<Loc EndOffset="4541" SrcFileId="3" StartOffset="4486"/>
</LocList>
</BasicStmnt>
</StmntSeq>
<Keyword EndOffset="4439" SrcFileId="3" StartOffset="4436"/>
<LocList>
<Loc EndOffset="4551" SrcFileId="3" StartOffset="4436"/>
</LocList>
</LoopStmnt>
<CondStmnt CovItemId="S46" CovItemPrefix="util.PokerHandRanker.java" Intrnl_Id="231">
<Branch CovItemId="B8" CovItemPrefix="util.PokerHandRanker.java" Implct="false" Intrnl_Id="232">
<Cond/>
<LocList>
<Loc EndOffset="4664" SrcFileId="3" StartOffset="4616"/>
</LocList>
<StmntSeq Intrnl_Id="233">
<LocList>
<Loc EndOffset="4657" SrcFileId="3" StartOffset="4624"/>
</LocList>
<BasicStmnt CovItemId="S47" CovItemPrefix="util.PokerHandRanker.java" Intrnl_Id="234">
<LocList>
<Loc EndOffset="4657" SrcFileId="3" StartOffset="4624"/>
</LocList>
</BasicStmnt>
</StmntSeq>
</Branch>
<Branch CovItemId="B9" CovItemPrefix="util.PokerHandRanker.java" Implct="true" Intrnl_Id="235">
<Cond/>
<LocList/>
<StmntSeq Intrnl_Id="236">
<LocList/>
</StmntSeq>
</Branch>
<Keyword EndOffset="4596" SrcFileId="3" StartOffset="4594"/>
<LocList>
<Loc EndOffset="4664" SrcFileId="3" StartOffset="4594"/>
</LocList>
</CondStmnt>
<BasicStmnt CovItemId="S48" CovItemPrefix="util.PokerHandRanker.java" Intrnl_Id="237">
<LocList>
<Loc EndOffset="4700" SrcFileId="3" StartOffset="4679"/>
</LocList>
</BasicStmnt>
</StmntSeq>
</HierarchyLvl>
<HierarchyLvl HierarchyLvlId="23565" HierarchyLvlTypeId="45" Intrnl_Id="238" Name="convertCard">
<Header>
<Loc EndOffset="4916" SrcFileId="3" StartOffset="4876"/>
</Header>
<LocList>
<Loc EndOffset="5001" SrcFileId="3" StartOffset="4876"/>
</LocList>
<StmntSeq Intrnl_Id="239">
<LocList>
<Loc EndOffset="4997" SrcFileId="3" StartOffset="4924"/>
</LocList>
<BasicStmnt CovItemId="S49" CovItemPrefix="util.PokerHandRanker.java" Intrnl_Id="240">
<LocList>
<Loc EndOffset="4997" SrcFileId="3" StartOffset="4924"/>
</LocList>
</BasicStmnt>
</StmntSeq>
</HierarchyLvl>
<HierarchyLvl HierarchyLvlId="23566" HierarchyLvlTypeId="45" Intrnl_Id="241" Name="convertHand">
<Header>
<Loc EndOffset="5251" SrcFileId="3" StartOffset="5197"/>
</Header>
<LocList>
<Loc EndOffset="5456" SrcFileId="3" StartOffset="5197"/>
</LocList>
<StmntSeq Intrnl_Id="242">
<LocList>
<Loc EndOffset="5287" SrcFileId="3" StartOffset="5259"/>
<Loc EndOffset="5328" SrcFileId="3" StartOffset="5291"/>
<Loc EndOffset="5426" SrcFileId="3" StartOffset="5336"/>
<Loc EndOffset="5452" SrcFileId="3" StartOffset="5434"/>
</LocList>
<BasicStmnt CovItemId="S50" CovItemPrefix="util.PokerHandRanker.java" Intrnl_Id="243">
<LocList>
<Loc EndOffset="5287" SrcFileId="3" StartOffset="5259"/>
</LocList>
</BasicStmnt>
<BasicStmnt CovItemId="S51" CovItemPrefix="util.PokerHandRanker.java" Intrnl_Id="244">
<LocList>
<Loc EndOffset="5328" SrcFileId="3" StartOffset="5291"/>
</LocList>
</BasicStmnt>
<LoopStmnt CovItemId="S52" CovItemPrefix="util.PokerHandRanker.java" Intrnl_Id="245" MltplExecId="L3-2" MltplExecPrefix="util.PokerHandRanker.java" NvrExecId="L3-0" NvrExecPrefix="util.PokerHandRanker.java" OnceExecutedId="L3-1" OnceExecutedPrefix="util.PokerHandRanker.java" OptBodyExec="true">
<StmntSeq Intrnl_Id="246">
<LocList>
<Loc EndOffset="5421" SrcFileId="3" StartOffset="5379"/>
</LocList>
<BasicStmnt CovItemId="S53" CovItemPrefix="util.PokerHandRanker.java" Intrnl_Id="247">
<LocList>
<Loc EndOffset="5421" SrcFileId="3" StartOffset="5379"/>
</LocList>
</BasicStmnt>
</StmntSeq>
<Keyword EndOffset="5339" SrcFileId="3" StartOffset="5336"/>
<LocList>
<Loc EndOffset="5426" SrcFileId="3" StartOffset="5336"/>
</LocList>
</LoopStmnt>
<BasicStmnt CovItemId="S54" CovItemPrefix="util.PokerHandRanker.java" Intrnl_Id="248">
<LocList>
<Loc EndOffset="5452" SrcFileId="3" StartOffset="5434"/>
</LocList>
</BasicStmnt>
</StmntSeq>
</HierarchyLvl>
</HierarchyLvl>
<HierarchyLvl HierarchyLvlId="23573" HierarchyLvlTypeId="44" Intrnl_Id="249" Name="PasswordUtil">
<Header>
<Loc EndOffset="407" SrcFileId="4" StartOffset="382"/>
</Header>
<LocList>
<Loc EndOffset="2682" SrcFileId="4" StartOffset="382"/>
</LocList>
<StmntSeq Intrnl_Id="250">
<LocList>
<Loc EndOffset="461" SrcFileId="4" StartOffset="414"/>
<Loc EndOffset="514" SrcFileId="4" StartOffset="464"/>
<Loc EndOffset="626" SrcFileId="4" StartOffset="517"/>
</LocList>
<BasicStmnt CovItemId="S1" CovItemPrefix="util.PasswordUtil.java" Intrnl_Id="251">
<LocList>
<Loc EndOffset="461" SrcFileId="4" StartOffset="414"/>
</LocList>
</BasicStmnt>
<BasicStmnt CovItemId="S2" CovItemPrefix="util.PasswordUtil.java" Intrnl_Id="252">
<LocList>
<Loc EndOffset="514" SrcFileId="4" StartOffset="464"/>
</LocList>
</BasicStmnt>
<BasicStmnt CovItemId="S3" CovItemPrefix="util.PasswordUtil.java" Intrnl_Id="253">
<LocList>
<Loc EndOffset="626" SrcFileId="4" StartOffset="517"/>
</LocList>
</BasicStmnt>
</StmntSeq>
<HierarchyLvl HierarchyLvlId="23568" HierarchyLvlTypeId="45" Intrnl_Id="254" Name="PasswordUtil">
<Header>
<Loc EndOffset="653" SrcFileId="4" StartOffset="632"/>
</Header>
<LocList>
<Loc EndOffset="657" SrcFileId="4" StartOffset="632"/>
</LocList>
</HierarchyLvl>
<HierarchyLvl HierarchyLvlId="23569" HierarchyLvlTypeId="45" Intrnl_Id="255" Name="encrypt">
<Header>
<Loc EndOffset="890" SrcFileId="4" StartOffset="852"/>
</Header>
<LocList>
<Loc EndOffset="1394" SrcFileId="4" StartOffset="852"/>
</LocList>
<StmntSeq Intrnl_Id="256">
<LocList>
<Loc EndOffset="928" SrcFileId="4" StartOffset="896"/>
<Loc EndOffset="1046" SrcFileId="4" StartOffset="999"/>
<Loc EndOffset="1108" SrcFileId="4" StartOffset="1051"/>
<Loc EndOffset="1159" SrcFileId="4" StartOffset="1113"/>
<Loc EndOffset="1179" SrcFileId="4" StartOffset="1164"/>
<Loc EndOffset="1219" SrcFileId="4" StartOffset="1184"/>
<Loc EndOffset="1259" SrcFileId="4" StartOffset="1226"/>
<Loc EndOffset="1314" SrcFileId="4" StartOffset="1266"/>
<Loc EndOffset="1357" SrcFileId="4" StartOffset="990"/>
<Loc EndOffset="1389" SrcFileId="4" StartOffset="1364"/>
</LocList>
<BasicStmnt CovItemId="S4" CovItemPrefix="util.PasswordUtil.java" Intrnl_Id="257">
<LocList>
<Loc EndOffset="928" SrcFileId="4" StartOffset="896"/>
</LocList>
</BasicStmnt>
<BasicStmnt CovItemId="S6" CovItemPrefix="util.PasswordUtil.java" Intrnl_Id="258">
<LocList>
<Loc EndOffset="1046" SrcFileId="4" StartOffset="999"/>
</LocList>
</BasicStmnt>
<BasicStmnt CovItemId="S7" CovItemPrefix="util.PasswordUtil.java" Intrnl_Id="259">
<LocList>
<Loc EndOffset="1108" SrcFileId="4" StartOffset="1051"/>
</LocList>
</BasicStmnt>
<BasicStmnt CovItemId="S8" CovItemPrefix="util.PasswordUtil.java" Intrnl_Id="260">
<LocList>
<Loc EndOffset="1159" SrcFileId="4" StartOffset="1113"/>
</LocList>
</BasicStmnt>
<BasicStmnt CovItemId="S9" CovItemPrefix="util.PasswordUtil.java" Intrnl_Id="261">
<LocList>
<Loc EndOffset="1179" SrcFileId="4" StartOffset="1164"/>
</LocList>
</BasicStmnt>
<BasicStmnt CovItemId="S10" CovItemPrefix="util.PasswordUtil.java" Intrnl_Id="262">
<LocList>
<Loc EndOffset="1219" SrcFileId="4" StartOffset="1184"/>
</LocList>
</BasicStmnt>
<BasicStmnt CovItemId="S11" CovItemPrefix="util.PasswordUtil.java" Intrnl_Id="263">
<LocList>
<Loc EndOffset="1259" SrcFileId="4" StartOffset="1226"/>
</LocList>
</BasicStmnt>
<BasicStmnt CovItemId="S12" CovItemPrefix="util.PasswordUtil.java" Intrnl_Id="264">
<LocList>
<Loc EndOffset="1314" SrcFileId="4" StartOffset="1266"/>
</LocList>
</BasicStmnt>
<CondStmnt CovItemId="S5" CovItemPrefix="util.PasswordUtil.java" Intrnl_Id="265">
<Branch CovItemId="B1" CovItemPrefix="util.PasswordUtil.java" Implct="true" Intrnl_Id="266">
<Cond/>
<LocList/>
<StmntSeq Intrnl_Id="267">
<LocList/>
</StmntSeq>
</Branch>
<Branch CovItemId="B2" CovItemPrefix="util.PasswordUtil.java" Implct="false" Intrnl_Id="268">
<Cond>
<Loc EndOffset="1354" SrcFileId="4" StartOffset="1320"/>
</Cond>
<LocList>
<Loc EndOffset="1357" SrcFileId="4" StartOffset="1355"/>
</LocList>
<StmntSeq Intrnl_Id="269">
<LocList/>
</StmntSeq>
</Branch>
<Keyword EndOffset="993" SrcFileId="4" StartOffset="990"/>
<LocList>
<Loc EndOffset="1357" SrcFileId="4" StartOffset="990"/>
</LocList>
</CondStmnt>
<BasicStmnt CovItemId="S13" CovItemPrefix="util.PasswordUtil.java" Intrnl_Id="270">
<LocList>
<Loc EndOffset="1389" SrcFileId="4" StartOffset="1364"/>
</LocList>
</BasicStmnt>
</StmntSeq>
</HierarchyLvl>
<HierarchyLvl HierarchyLvlId="23570" HierarchyLvlTypeId="45" Intrnl_Id="271" Name="compare">
<Header>
<Loc EndOffset="1689" SrcFileId="4" StartOffset="1619"/>
</Header>
<LocList>
<Loc EndOffset="1864" SrcFileId="4" StartOffset="1619"/>
</LocList>
<StmntSeq Intrnl_Id="272">
<LocList>
<Loc EndOffset="1759" SrcFileId="4" StartOffset="1701"/>
<Loc EndOffset="1860" SrcFileId="4" StartOffset="1767"/>
</LocList>
<BasicStmnt CovItemId="S14" CovItemPrefix="util.PasswordUtil.java" Intrnl_Id="273">
<LocList>
<Loc EndOffset="1759" SrcFileId="4" StartOffset="1701"/>
</LocList>
</BasicStmnt>
<CondStmnt CovItemId="S15" CovItemPrefix="util.PasswordUtil.java" Intrnl_Id="274">
<Branch CovItemId="B3" CovItemPrefix="util.PasswordUtil.java" Implct="false" Intrnl_Id="275">
<Cond/>
<LocList>
<Loc EndOffset="1834" SrcFileId="4" StartOffset="1822"/>
</LocList>
<StmntSeq Intrnl_Id="276">
<LocList>
<Loc EndOffset="1834" SrcFileId="4" StartOffset="1822"/>
</LocList>
<BasicStmnt CovItemId="S16" CovItemPrefix="util.PasswordUtil.java" Intrnl_Id="277">
<LocList>
<Loc EndOffset="1834" SrcFileId="4" StartOffset="1822"/>
</LocList>
</BasicStmnt>
</StmntSeq>
</Branch>
<Branch CovItemId="B4" CovItemPrefix="util.PasswordUtil.java" Implct="false" Intrnl_Id="278">
<Cond>
<Loc EndOffset="1842" SrcFileId="4" StartOffset="1838"/>
</Cond>
<LocList>
<Loc EndOffset="1860" SrcFileId="4" StartOffset="1847"/>
</LocList>
<StmntSeq Intrnl_Id="279">
<LocList>
<Loc EndOffset="1860" SrcFileId="4" StartOffset="1847"/>
</LocList>
<BasicStmnt CovItemId="S17" CovItemPrefix="util.PasswordUtil.java" Intrnl_Id="280">
<LocList>
<Loc EndOffset="1860" SrcFileId="4" StartOffset="1847"/>
</LocList>
</BasicStmnt>
</StmntSeq>
</Branch>
<Keyword EndOffset="1769" SrcFileId="4" StartOffset="1767"/>
<LocList>
<Loc EndOffset="1860" SrcFileId="4" StartOffset="1767"/>
</LocList>
</CondStmnt>
</StmntSeq>
</HierarchyLvl>
<HierarchyLvl HierarchyLvlId="23571" HierarchyLvlTypeId="45" Intrnl_Id="281" Name="getStringFromBytes">
<Header>
<Loc EndOffset="2128" SrcFileId="4" StartOffset="2074"/>
</Header>
<LocList>
<Loc EndOffset="2281" SrcFileId="4" StartOffset="2074"/>
</LocList>
<StmntSeq Intrnl_Id="282">
<LocList>
<Loc EndOffset="2189" SrcFileId="4" StartOffset="2146"/>
<Loc EndOffset="2236" SrcFileId="4" StartOffset="2136"/>
<Loc EndOffset="2277" SrcFileId="4" StartOffset="2244"/>
</LocList>
<BasicStmnt CovItemId="S19" CovItemPrefix="util.PasswordUtil.java" Intrnl_Id="283">
<LocList>
<Loc EndOffset="2189" SrcFileId="4" StartOffset="2146"/>
</LocList>
</BasicStmnt>
<CondStmnt CovItemId="S18" CovItemPrefix="util.PasswordUtil.java" Intrnl_Id="284">
<Branch CovItemId="B5" CovItemPrefix="util.PasswordUtil.java" Implct="true" Intrnl_Id="285">
<Cond/>
<LocList/>
<StmntSeq Intrnl_Id="286">
<LocList/>
</StmntSeq>
</Branch>
<Branch CovItemId="B6" CovItemPrefix="util.PasswordUtil.java" Implct="false" Intrnl_Id="287">
<Cond>
<Loc EndOffset="2233" SrcFileId="4" StartOffset="2195"/>
</Cond>
<LocList>
<Loc EndOffset="2236" SrcFileId="4" StartOffset="2234"/>
</LocList>
<StmntSeq Intrnl_Id="288">
<LocList/>
</StmntSeq>
</Branch>
<Keyword EndOffset="2139" SrcFileId="4" StartOffset="2136"/>
<LocList>
<Loc EndOffset="2236" SrcFileId="4" StartOffset="2136"/>
</LocList>
</CondStmnt>
<BasicStmnt CovItemId="S20" CovItemPrefix="util.PasswordUtil.java" Intrnl_Id="289">
<LocList>
<Loc EndOffset="2277" SrcFileId="4" StartOffset="2244"/>
</LocList>
</BasicStmnt>
</StmntSeq>
</HierarchyLvl>
<HierarchyLvl HierarchyLvlId="23572" HierarchyLvlTypeId="45" Intrnl_Id="290" Name="getBytesFromString">
<Header>
<Loc EndOffset="2537" SrcFileId="4" StartOffset="2488"/>
</Header>
<LocList>
<Loc EndOffset="2676" SrcFileId="4" StartOffset="2488"/>
</LocList>
<StmntSeq Intrnl_Id="291">
<LocList>
<Loc EndOffset="2590" SrcFileId="4" StartOffset="2555"/>
<Loc EndOffset="2637" SrcFileId="4" StartOffset="2545"/>
<Loc EndOffset="2672" SrcFileId="4" StartOffset="2645"/>
</LocList>
<BasicStmnt CovItemId="S22" CovItemPrefix="util.PasswordUtil.java" Intrnl_Id="292">
<LocList>
<Loc EndOffset="2590" SrcFileId="4" StartOffset="2555"/>
</LocList>
</BasicStmnt>
<CondStmnt CovItemId="S21" CovItemPrefix="util.PasswordUtil.java" Intrnl_Id="293">
<Branch CovItemId="B7" CovItemPrefix="util.PasswordUtil.java" Implct="true" Intrnl_Id="294">
<Cond/>
<LocList/>
<StmntSeq Intrnl_Id="295">
<LocList/>
</StmntSeq>
</Branch>
<Branch CovItemId="B8" CovItemPrefix="util.PasswordUtil.java" Implct="false" Intrnl_Id="296">
<Cond>
<Loc EndOffset="2634" SrcFileId="4" StartOffset="2596"/>
</Cond>
<LocList>
<Loc EndOffset="2637" SrcFileId="4" StartOffset="2635"/>
</LocList>
<StmntSeq Intrnl_Id="297">
<LocList/>
</StmntSeq>
</Branch>
<Keyword EndOffset="2548" SrcFileId="4" StartOffset="2545"/>
<LocList>
<Loc EndOffset="2637" SrcFileId="4" StartOffset="2545"/>
</LocList>
</CondStmnt>
<BasicStmnt CovItemId="S23" CovItemPrefix="util.PasswordUtil.java" Intrnl_Id="298">
<LocList>
<Loc EndOffset="2672" SrcFileId="4" StartOffset="2645"/>
</LocList>
</BasicStmnt>
</StmntSeq>
</HierarchyLvl>
</HierarchyLvl>
<HierarchyLvl HierarchyLvlId="23574" HierarchyLvlTypeId="44" Intrnl_Id="299" Name="Codes">
<Header>
<Loc EndOffset="35" SrcFileId="5" StartOffset="17"/>
</Header>
<LocList>
<Loc EndOffset="559" SrcFileId="5" StartOffset="17"/>
</LocList>
<StmntSeq Intrnl_Id="300">
<LocList>
<Loc EndOffset="80" SrcFileId="5" StartOffset="42"/>
<Loc EndOffset="129" SrcFileId="5" StartOffset="85"/>
<Loc EndOffset="181" SrcFileId="5" StartOffset="132"/>
<Loc EndOffset="231" SrcFileId="5" StartOffset="184"/>
<Loc EndOffset="281" SrcFileId="5" StartOffset="234"/>
<Loc EndOffset="325" SrcFileId="5" StartOffset="284"/>
<Loc EndOffset="374" SrcFileId="5" StartOffset="331"/>
<Loc EndOffset="418" SrcFileId="5" StartOffset="377"/>
<Loc EndOffset="467" SrcFileId="5" StartOffset="424"/>
<Loc EndOffset="511" SrcFileId="5" StartOffset="473"/>
<Loc EndOffset="553" SrcFileId="5" StartOffset="514"/>
</LocList>
<BasicStmnt CovItemId="S1" CovItemPrefix="util.Codes.java" Intrnl_Id="301">
<LocList>
<Loc EndOffset="80" SrcFileId="5" StartOffset="42"/>
</LocList>
</BasicStmnt>
<BasicStmnt CovItemId="S2" CovItemPrefix="util.Codes.java" Intrnl_Id="302">
<LocList>
<Loc EndOffset="129" SrcFileId="5" StartOffset="85"/>
</LocList>
</BasicStmnt>
<BasicStmnt CovItemId="S3" CovItemPrefix="util.Codes.java" Intrnl_Id="303">
<LocList>
<Loc EndOffset="181" SrcFileId="5" StartOffset="132"/>
</LocList>
</BasicStmnt>
<BasicStmnt CovItemId="S4" CovItemPrefix="util.Codes.java" Intrnl_Id="304">
<LocList>
<Loc EndOffset="231" SrcFileId="5" StartOffset="184"/>
</LocList>
</BasicStmnt>
<BasicStmnt CovItemId="S5" CovItemPrefix="util.Codes.java" Intrnl_Id="305">
<LocList>
<Loc EndOffset="281" SrcFileId="5" StartOffset="234"/>
</LocList>
</BasicStmnt>
<BasicStmnt CovItemId="S6" CovItemPrefix="util.Codes.java" Intrnl_Id="306">
<LocList>
<Loc EndOffset="325" SrcFileId="5" StartOffset="284"/>
</LocList>
</BasicStmnt>
<BasicStmnt CovItemId="S7" CovItemPrefix="util.Codes.java" Intrnl_Id="307">
<LocList>
<Loc EndOffset="374" SrcFileId="5" StartOffset="331"/>
</LocList>
</BasicStmnt>
<BasicStmnt CovItemId="S8" CovItemPrefix="util.Codes.java" Intrnl_Id="308">
<LocList>
<Loc EndOffset="418" SrcFileId="5" StartOffset="377"/>
</LocList>
</BasicStmnt>
<BasicStmnt CovItemId="S9" CovItemPrefix="util.Codes.java" Intrnl_Id="309">
<LocList>
<Loc EndOffset="467" SrcFileId="5" StartOffset="424"/>
</LocList>
</BasicStmnt>
<BasicStmnt CovItemId="S10" CovItemPrefix="util.Codes.java" Intrnl_Id="310">
<LocList>
<Loc EndOffset="511" SrcFileId="5" StartOffset="473"/>
</LocList>
</BasicStmnt>
<BasicStmnt CovItemId="S11" CovItemPrefix="util.Codes.java" Intrnl_Id="311">
<LocList>
<Loc EndOffset="553" SrcFileId="5" StartOffset="514"/>
</LocList>
</BasicStmnt>
</StmntSeq>
</HierarchyLvl>
</HierarchyLvl>
<HierarchyLvl HierarchyLvlId="23950" HierarchyLvlTypeId="43" Intrnl_Id="312" Name="servlets">
<Header/>
<LocList/>
<HierarchyLvl HierarchyLvlId="23577" HierarchyLvlTypeId="44" Intrnl_Id="313" Name="UploadServlet">
<Header>
<Loc EndOffset="683" SrcFileId="6" StartOffset="600"/>
</Header>
<LocList>
<Loc EndOffset="1744" SrcFileId="6" StartOffset="600"/>
</LocList>
<StmntSeq Intrnl_Id="314">
<LocList>
<Loc EndOffset="736" SrcFileId="6" StartOffset="688"/>
</LocList>
<BasicStmnt CovItemId="S1" CovItemPrefix="servlets.UploadServlet.java" Intrnl_Id="315">
<LocList>
<Loc EndOffset="736" SrcFileId="6" StartOffset="688"/>
</LocList>
</BasicStmnt>
</StmntSeq>
<HierarchyLvl HierarchyLvlId="23575" HierarchyLvlTypeId="45" Intrnl_Id="316" Name="UploadServlet">
<Header>
<Loc EndOffset="830" SrcFileId="6" StartOffset="808"/>
</Header>
<LocList>
<Loc EndOffset="906" SrcFileId="6" StartOffset="808"/>
</LocList>
<StmntSeq Intrnl_Id="317">
<LocList>
<Loc EndOffset="850" SrcFileId="6" StartOffset="842"/>
</LocList>
<BasicStmnt CovItemId="S2" CovItemPrefix="servlets.UploadServlet.java" Intrnl_Id="318">
<LocList>
<Loc EndOffset="850" SrcFileId="6" StartOffset="842"/>
</LocList>
</BasicStmnt>
</StmntSeq>
</HierarchyLvl>
<HierarchyLvl HierarchyLvlId="23576" HierarchyLvlTypeId="45" Intrnl_Id="319" Name="doPost">
<Header>
<Loc EndOffset="1126" SrcFileId="6" StartOffset="1010"/>
</Header>
<LocList>
<Loc EndOffset="1739" SrcFileId="6" StartOffset="1010"/>
</LocList>
<StmntSeq Intrnl_Id="320">
<LocList>
<Loc EndOffset="1201" SrcFileId="6" StartOffset="1155"/>
<Loc EndOffset="1275" SrcFileId="6" StartOffset="1219"/>
<Loc EndOffset="1320" SrcFileId="6" StartOffset="1280"/>
<Loc EndOffset="1387" SrcFileId="6" StartOffset="1325"/>
<Loc EndOffset="1435" SrcFileId="6" StartOffset="1392"/>
<Loc EndOffset="1456" SrcFileId="6" StartOffset="1440"/>
<Loc EndOffset="1684" SrcFileId="6" StartOffset="1209"/>
<Loc EndOffset="1730" SrcFileId="6" StartOffset="1692"/>
</LocList>
<BasicStmnt CovItemId="S3" CovItemPrefix="servlets.UploadServlet.java" Intrnl_Id="321">
<LocList>
<Loc EndOffset="1201" SrcFileId="6" StartOffset="1155"/>
</LocList>
</BasicStmnt>
<BasicStmnt CovItemId="S5" CovItemPrefix="servlets.UploadServlet.java" Intrnl_Id="322">
<LocList>
<Loc EndOffset="1275" SrcFileId="6" StartOffset="1219"/>
</LocList>
</BasicStmnt>
<BasicStmnt CovItemId="S6" CovItemPrefix="servlets.UploadServlet.java" Intrnl_Id="323">
<LocList>
<Loc EndOffset="1320" SrcFileId="6" StartOffset="1280"/>
</LocList>
</BasicStmnt>
<BasicStmnt CovItemId="S7" CovItemPrefix="servlets.UploadServlet.java" Intrnl_Id="324">
<LocList>
<Loc EndOffset="1387" SrcFileId="6" StartOffset="1325"/>
</LocList>
</BasicStmnt>
<BasicStmnt CovItemId="S8" CovItemPrefix="servlets.UploadServlet.java" Intrnl_Id="325">
<LocList>
<Loc EndOffset="1435" SrcFileId="6" StartOffset="1392"/>
</LocList>
</BasicStmnt>
<BasicStmnt CovItemId="S9" CovItemPrefix="servlets.UploadServlet.java" Intrnl_Id="326">
<LocList>
<Loc EndOffset="1456" SrcFileId="6" StartOffset="1440"/>
</LocList>
</BasicStmnt>
<CondStmnt CovItemId="S4" CovItemPrefix="servlets.UploadServlet.java" Intrnl_Id="327">
<Branch CovItemId="B1" CovItemPrefix="servlets.UploadServlet.java" Implct="true" Intrnl_Id="328">
<Cond/>
<LocList/>
<StmntSeq Intrnl_Id="329">
<LocList/>
</StmntSeq>
</Branch>
<Branch CovItemId="B2" CovItemPrefix="servlets.UploadServlet.java" Implct="false" Intrnl_Id="330">
<Cond>
<Loc EndOffset="1498" SrcFileId="6" StartOffset="1462"/>
</Cond>
<LocList>
<Loc EndOffset="1684" SrcFileId="6" StartOffset="1499"/>
</LocList>
<StmntSeq Intrnl_Id="331">
<LocList>
<Loc EndOffset="1528" SrcFileId="6" StartOffset="1505"/>
<Loc EndOffset="1617" SrcFileId="6" StartOffset="1533"/>
<Loc EndOffset="1679" SrcFileId="6" StartOffset="1622"/>
</LocList>
<BasicStmnt CovItemId="S10" CovItemPrefix="servlets.UploadServlet.java" Intrnl_Id="332">
<LocList>
<Loc EndOffset="1528" SrcFileId="6" StartOffset="1505"/>
</LocList>
</BasicStmnt>
<BasicStmnt CovItemId="S11" CovItemPrefix="servlets.UploadServlet.java" Intrnl_Id="333">
<LocList>
<Loc EndOffset="1617" SrcFileId="6" StartOffset="1533"/>
</LocList>
</BasicStmnt>
<BasicStmnt CovItemId="S12" CovItemPrefix="servlets.UploadServlet.java" Intrnl_Id="334">
<LocList>
<Loc EndOffset="1679" SrcFileId="6" StartOffset="1622"/>
</LocList>
</BasicStmnt>
</StmntSeq>
</Branch>
<Keyword EndOffset="1212" SrcFileId="6" StartOffset="1209"/>
<LocList>
<Loc EndOffset="1684" SrcFileId="6" StartOffset="1209"/>
</LocList>
</CondStmnt>
<BasicStmnt CovItemId="S13" CovItemPrefix="servlets.UploadServlet.java" Intrnl_Id="335">
<LocList>
<Loc EndOffset="1730" SrcFileId="6" StartOffset="1692"/>
</LocList>
</BasicStmnt>
</StmntSeq>
</HierarchyLvl>
</HierarchyLvl>
<HierarchyLvl HierarchyLvlId="23581" HierarchyLvlTypeId="44" Intrnl_Id="336" Name="TestServlet">
<Header>
<Loc EndOffset="639" SrcFileId="7" StartOffset="560"/>
</Header>
<LocList>
<Loc EndOffset="1952" SrcFileId="7" StartOffset="560"/>
</LocList>
<StmntSeq Intrnl_Id="337">
<LocList>
<Loc EndOffset="692" SrcFileId="7" StartOffset="644"/>
</LocList>
<BasicStmnt CovItemId="S1" CovItemPrefix="servlets.TestServlet.java" Intrnl_Id="338">
<LocList>
<Loc EndOffset="692" SrcFileId="7" StartOffset="644"/>
</LocList>
</BasicStmnt>
</StmntSeq>
<HierarchyLvl HierarchyLvlId="23578" HierarchyLvlTypeId="45" Intrnl_Id="339" Name="TestServlet">
<Header>
<Loc EndOffset="784" SrcFileId="7" StartOffset="764"/>
</Header>
<LocList>
<Loc EndOffset="860" SrcFileId="7" StartOffset="764"/>
</LocList>
<StmntSeq Intrnl_Id="340">
<LocList>
<Loc EndOffset="804" SrcFileId="7" StartOffset="796"/>
</LocList>
<BasicStmnt CovItemId="S2" CovItemPrefix="servlets.TestServlet.java" Intrnl_Id="341">
<LocList>
<Loc EndOffset="804" SrcFileId="7" StartOffset="796"/>
</LocList>
</BasicStmnt>
</StmntSeq>
</HierarchyLvl>
<HierarchyLvl HierarchyLvlId="23579" HierarchyLvlTypeId="45" Intrnl_Id="342" Name="doGet">
<Header>
<Loc EndOffset="1078" SrcFileId="7" StartOffset="963"/>
</Header>
<LocList>
<Loc EndOffset="1122" SrcFileId="7" StartOffset="963"/>
</LocList>
</HierarchyLvl>
<HierarchyLvl HierarchyLvlId="23580" HierarchyLvlTypeId="45" Intrnl_Id="343" Name="doPost">
<Header>
<Loc EndOffset="1342" SrcFileId="7" StartOffset="1226"/>
</Header>
<LocList>
<Loc EndOffset="1947" SrcFileId="7" StartOffset="1226"/>
</LocList>
<StmntSeq Intrnl_Id="344">
<LocList>
<Loc EndOffset="1413" SrcFileId="7" StartOffset="1367"/>
<Loc EndOffset="1487" SrcFileId="7" StartOffset="1431"/>
<Loc EndOffset="1532" SrcFileId="7" StartOffset="1492"/>
<Loc EndOffset="1599" SrcFileId="7" StartOffset="1537"/>
<Loc EndOffset="1647" SrcFileId="7" StartOffset="1604"/>
<Loc EndOffset="1668" SrcFileId="7" StartOffset="1652"/>
<Loc EndOffset="1896" SrcFileId="7" StartOffset="1421"/>
<Loc EndOffset="1942" SrcFileId="7" StartOffset="1904"/>
</LocList>
<BasicStmnt CovItemId="S3" CovItemPrefix="servlets.TestServlet.java" Intrnl_Id="345">
<LocList>
<Loc EndOffset="1413" SrcFileId="7" StartOffset="1367"/>
</LocList>
</BasicStmnt>
<BasicStmnt CovItemId="S5" CovItemPrefix="servlets.TestServlet.java" Intrnl_Id="346">
<LocList>
<Loc EndOffset="1487" SrcFileId="7" StartOffset="1431"/>
</LocList>
</BasicStmnt>
<BasicStmnt CovItemId="S6" CovItemPrefix="servlets.TestServlet.java" Intrnl_Id="347">
<LocList>
<Loc EndOffset="1532" SrcFileId="7" StartOffset="1492"/>
</LocList>
</BasicStmnt>
<BasicStmnt CovItemId="S7" CovItemPrefix="servlets.TestServlet.java" Intrnl_Id="348">
<LocList>
<Loc EndOffset="1599" SrcFileId="7" StartOffset="1537"/>
</LocList>
</BasicStmnt>
<BasicStmnt CovItemId="S8" CovItemPrefix="servlets.TestServlet.java" Intrnl_Id="349">
<LocList>
<Loc EndOffset="1647" SrcFileId="7" StartOffset="1604"/>
</LocList>
</BasicStmnt>
<BasicStmnt CovItemId="S9" CovItemPrefix="servlets.TestServlet.java" Intrnl_Id="350">
<LocList>
<Loc EndOffset="1668" SrcFileId="7" StartOffset="1652"/>
</LocList>
</BasicStmnt>
<CondStmnt CovItemId="S4" CovItemPrefix="servlets.TestServlet.java" Intrnl_Id="351">
<Branch CovItemId="B1" CovItemPrefix="servlets.TestServlet.java" Implct="true" Intrnl_Id="352">
<Cond/>
<LocList/>
<StmntSeq Intrnl_Id="353">
<LocList/>
</StmntSeq>
</Branch>
<Branch CovItemId="B2" CovItemPrefix="servlets.TestServlet.java" Implct="false" Intrnl_Id="354">
<Cond>
<Loc EndOffset="1710" SrcFileId="7" StartOffset="1674"/>
</Cond>
<LocList>
<Loc EndOffset="1896" SrcFileId="7" StartOffset="1711"/>
</LocList>
<StmntSeq Intrnl_Id="355">
<LocList>
<Loc EndOffset="1740" SrcFileId="7" StartOffset="1717"/>
<Loc EndOffset="1829" SrcFileId="7" StartOffset="1745"/>
<Loc EndOffset="1891" SrcFileId="7" StartOffset="1834"/>
</LocList>
<BasicStmnt CovItemId="S10" CovItemPrefix="servlets.TestServlet.java" Intrnl_Id="356">
<LocList>
<Loc EndOffset="1740" SrcFileId="7" StartOffset="1717"/>
</LocList>
</BasicStmnt>
<BasicStmnt CovItemId="S11" CovItemPrefix="servlets.TestServlet.java" Intrnl_Id="357">
<LocList>
<Loc EndOffset="1829" SrcFileId="7" StartOffset="1745"/>
</LocList>
</BasicStmnt>
<BasicStmnt CovItemId="S12" CovItemPrefix="servlets.TestServlet.java" Intrnl_Id="358">
<LocList>
<Loc EndOffset="1891" SrcFileId="7" StartOffset="1834"/>
</LocList>
</BasicStmnt>
</StmntSeq>
</Branch>
<Keyword EndOffset="1424" SrcFileId="7" StartOffset="1421"/>
<LocList>
<Loc EndOffset="1896" SrcFileId="7" StartOffset="1421"/>
</LocList>
</CondStmnt>
<BasicStmnt CovItemId="S13" CovItemPrefix="servlets.TestServlet.java" Intrnl_Id="359">
<LocList>
<Loc EndOffset="1942" SrcFileId="7" StartOffset="1904"/>
</LocList>
</BasicStmnt>
</StmntSeq>
</HierarchyLvl>
</HierarchyLvl>
<HierarchyLvl HierarchyLvlId="23584" HierarchyLvlTypeId="44" Intrnl_Id="360" Name="RegisterServlet">
<Header>
<Loc EndOffset="1011" SrcFileId="8" StartOffset="924"/>
</Header>
<LocList>
<Loc EndOffset="2063" SrcFileId="8" StartOffset="924"/>
</LocList>
<StmntSeq Intrnl_Id="361">
<LocList>
<Loc EndOffset="1064" SrcFileId="8" StartOffset="1016"/>
</LocList>
<BasicStmnt CovItemId="S1" CovItemPrefix="servlets.RegisterServlet.java" Intrnl_Id="362">
<LocList>
<Loc EndOffset="1064" SrcFileId="8" StartOffset="1016"/>
</LocList>
</BasicStmnt>
</StmntSeq>
<HierarchyLvl HierarchyLvlId="23582" HierarchyLvlTypeId="45" Intrnl_Id="363" Name="RegisterServlet">
<Header>
<Loc EndOffset="1160" SrcFileId="8" StartOffset="1136"/>
</Header>
<LocList>
<Loc EndOffset="1236" SrcFileId="8" StartOffset="1136"/>
</LocList>
<StmntSeq Intrnl_Id="364">
<LocList>
<Loc EndOffset="1180" SrcFileId="8" StartOffset="1172"/>
</LocList>
<BasicStmnt CovItemId="S2" CovItemPrefix="servlets.RegisterServlet.java" Intrnl_Id="365">
<LocList>
<Loc EndOffset="1180" SrcFileId="8" StartOffset="1172"/>
</LocList>
</BasicStmnt>
</StmntSeq>
</HierarchyLvl>
<HierarchyLvl HierarchyLvlId="23583" HierarchyLvlTypeId="45" Intrnl_Id="366" Name="doPost">
<Header>
<Loc EndOffset="1456" SrcFileId="8" StartOffset="1340"/>
</Header>
<LocList>
<Loc EndOffset="2058" SrcFileId="8" StartOffset="1340"/>
</LocList>
<StmntSeq Intrnl_Id="367">
<LocList>
<Loc EndOffset="1527" SrcFileId="8" StartOffset="1481"/>
<Loc EndOffset="1601" SrcFileId="8" StartOffset="1545"/>
<Loc EndOffset="1646" SrcFileId="8" StartOffset="1606"/>
<Loc EndOffset="1713" SrcFileId="8" StartOffset="1651"/>
<Loc EndOffset="1759" SrcFileId="8" StartOffset="1718"/>
<Loc EndOffset="1780" SrcFileId="8" StartOffset="1764"/>
<Loc EndOffset="2008" SrcFileId="8" StartOffset="1535"/>
<Loc EndOffset="2054" SrcFileId="8" StartOffset="2016"/>
</LocList>
<BasicStmnt CovItemId="S3" CovItemPrefix="servlets.RegisterServlet.java" Intrnl_Id="368">
<LocList>
<Loc EndOffset="1527" SrcFileId="8" StartOffset="1481"/>
</LocList>
</BasicStmnt>
<BasicStmnt CovItemId="S5" CovItemPrefix="servlets.RegisterServlet.java" Intrnl_Id="369">
<LocList>
<Loc EndOffset="1601" SrcFileId="8" StartOffset="1545"/>
</LocList>
</BasicStmnt>
<BasicStmnt CovItemId="S6" CovItemPrefix="servlets.RegisterServlet.java" Intrnl_Id="370">
<LocList>
<Loc EndOffset="1646" SrcFileId="8" StartOffset="1606"/>
</LocList>
</BasicStmnt>
<BasicStmnt CovItemId="S7" CovItemPrefix="servlets.RegisterServlet.java" Intrnl_Id="371">
<LocList>
<Loc EndOffset="1713" SrcFileId="8" StartOffset="1651"/>
</LocList>
</BasicStmnt>
<BasicStmnt CovItemId="S8" CovItemPrefix="servlets.RegisterServlet.java" Intrnl_Id="372">
<LocList>
<Loc EndOffset="1759" SrcFileId="8" StartOffset="1718"/>
</LocList>
</BasicStmnt>
<BasicStmnt CovItemId="S9" CovItemPrefix="servlets.RegisterServlet.java" Intrnl_Id="373">
<LocList>
<Loc EndOffset="1780" SrcFileId="8" StartOffset="1764"/>
</LocList>
</BasicStmnt>
<CondStmnt CovItemId="S4" CovItemPrefix="servlets.RegisterServlet.java" Intrnl_Id="374">
<Branch CovItemId="B1" CovItemPrefix="servlets.RegisterServlet.java" Implct="true" Intrnl_Id="375">
<Cond/>
<LocList/>
<StmntSeq Intrnl_Id="376">
<LocList/>
</StmntSeq>
</Branch>
<Branch CovItemId="B2" CovItemPrefix="servlets.RegisterServlet.java" Implct="false" Intrnl_Id="377">
<Cond>
<Loc EndOffset="1822" SrcFileId="8" StartOffset="1786"/>
</Cond>
<LocList>
<Loc EndOffset="2008" SrcFileId="8" StartOffset="1823"/>
</LocList>
<StmntSeq Intrnl_Id="378">
<LocList>
<Loc EndOffset="1852" SrcFileId="8" StartOffset="1829"/>
<Loc EndOffset="1941" SrcFileId="8" StartOffset="1857"/>
<Loc EndOffset="2003" SrcFileId="8" StartOffset="1946"/>
</LocList>
<BasicStmnt CovItemId="S10" CovItemPrefix="servlets.RegisterServlet.java" Intrnl_Id="379">
<LocList>
<Loc EndOffset="1852" SrcFileId="8" StartOffset="1829"/>
</LocList>
</BasicStmnt>
<BasicStmnt CovItemId="S11" CovItemPrefix="servlets.RegisterServlet.java" Intrnl_Id="380">
<LocList>
<Loc EndOffset="1941" SrcFileId="8" StartOffset="1857"/>
</LocList>
</BasicStmnt>
<BasicStmnt CovItemId="S12" CovItemPrefix="servlets.RegisterServlet.java" Intrnl_Id="381">
<LocList>
<Loc EndOffset="2003" SrcFileId="8" StartOffset="1946"/>
</LocList>
</BasicStmnt>
</StmntSeq>
</Branch>
<Keyword EndOffset="1538" SrcFileId="8" StartOffset="1535"/>
<LocList>
<Loc EndOffset="2008" SrcFileId="8" StartOffset="1535"/>
</LocList>
</CondStmnt>
<BasicStmnt CovItemId="S13" CovItemPrefix="servlets.RegisterServlet.java" Intrnl_Id="382">
<LocList>
<Loc EndOffset="2054" SrcFileId="8" StartOffset="2016"/>
</LocList>
</BasicStmnt>
</StmntSeq>
</HierarchyLvl>
</HierarchyLvl>
<HierarchyLvl HierarchyLvlId="23587" HierarchyLvlTypeId="44" Intrnl_Id="383" Name="RankingStatisticsServlet">
<Header>
<Loc EndOffset="755" SrcFileId="9" StartOffset="650"/>
</Header>
<LocList>
<Loc EndOffset="1819" SrcFileId="9" StartOffset="650"/>
</LocList>
<StmntSeq Intrnl_Id="384">
<LocList>
<Loc EndOffset="808" SrcFileId="9" StartOffset="760"/>
</LocList>
<BasicStmnt CovItemId="S1" CovItemPrefix="servlets.RankingStatisticsServlet.java" Intrnl_Id="385">
<LocList>
<Loc EndOffset="808" SrcFileId="9" StartOffset="760"/>
</LocList>
</BasicStmnt>
</StmntSeq>
<HierarchyLvl HierarchyLvlId="23585" HierarchyLvlTypeId="45" Intrnl_Id="386" Name="RankingStatisticsServlet">
<Header>
<Loc EndOffset="913" SrcFileId="9" StartOffset="880"/>
</Header>
<LocList>
<Loc EndOffset="989" SrcFileId="9" StartOffset="880"/>
</LocList>
<StmntSeq Intrnl_Id="387">
<LocList>
<Loc EndOffset="933" SrcFileId="9" StartOffset="925"/>
</LocList>
<BasicStmnt CovItemId="S2" CovItemPrefix="servlets.RankingStatisticsServlet.java" Intrnl_Id="388">
<LocList>
<Loc EndOffset="933" SrcFileId="9" StartOffset="925"/>
</LocList>
</BasicStmnt>
</StmntSeq>
</HierarchyLvl>
<HierarchyLvl HierarchyLvlId="23586" HierarchyLvlTypeId="45" Intrnl_Id="389" Name="doPost">
<Header>
<Loc EndOffset="1209" SrcFileId="9" StartOffset="1093"/>
</Header>
<LocList>
<Loc EndOffset="1814" SrcFileId="9" StartOffset="1093"/>
</LocList>
<StmntSeq Intrnl_Id="390">
<LocList>
<Loc EndOffset="1280" SrcFileId="9" StartOffset="1234"/>
<Loc EndOffset="1354" SrcFileId="9" StartOffset="1298"/>
<Loc EndOffset="1399" SrcFileId="9" StartOffset="1359"/>
<Loc EndOffset="1466" SrcFileId="9" StartOffset="1404"/>
<Loc EndOffset="1514" SrcFileId="9" StartOffset="1471"/>
<Loc EndOffset="1535" SrcFileId="9" StartOffset="1519"/>
<Loc EndOffset="1763" SrcFileId="9" StartOffset="1288"/>
<Loc EndOffset="1809" SrcFileId="9" StartOffset="1771"/>
</LocList>
<BasicStmnt CovItemId="S3" CovItemPrefix="servlets.RankingStatisticsServlet.java" Intrnl_Id="391">
<LocList>
<Loc EndOffset="1280" SrcFileId="9" StartOffset="1234"/>
</LocList>
</BasicStmnt>
<BasicStmnt CovItemId="S5" CovItemPrefix="servlets.RankingStatisticsServlet.java" Intrnl_Id="392">
<LocList>
<Loc EndOffset="1354" SrcFileId="9" StartOffset="1298"/>
</LocList>
</BasicStmnt>
<BasicStmnt CovItemId="S6" CovItemPrefix="servlets.RankingStatisticsServlet.java" Intrnl_Id="393">
<LocList>
<Loc EndOffset="1399" SrcFileId="9" StartOffset="1359"/>
</LocList>
</BasicStmnt>
<BasicStmnt CovItemId="S7" CovItemPrefix="servlets.RankingStatisticsServlet.java" Intrnl_Id="394">
<LocList>
<Loc EndOffset="1466" SrcFileId="9" StartOffset="1404"/>
</LocList>
</BasicStmnt>
<BasicStmnt CovItemId="S8" CovItemPrefix="servlets.RankingStatisticsServlet.java" Intrnl_Id="395">
<LocList>
<Loc EndOffset="1514" SrcFileId="9" StartOffset="1471"/>
</LocList>
</BasicStmnt>
<BasicStmnt CovItemId="S9" CovItemPrefix="servlets.RankingStatisticsServlet.java" Intrnl_Id="396">
<LocList>
<Loc EndOffset="1535" SrcFileId="9" StartOffset="1519"/>
</LocList>
</BasicStmnt>
<CondStmnt CovItemId="S4" CovItemPrefix="servlets.RankingStatisticsServlet.java" Intrnl_Id="397">
<Branch CovItemId="B1" CovItemPrefix="servlets.RankingStatisticsServlet.java" Implct="true" Intrnl_Id="398">
<Cond/>
<LocList/>
<StmntSeq Intrnl_Id="399">
<LocList/>
</StmntSeq>
</Branch>
<Branch CovItemId="B2" CovItemPrefix="servlets.RankingStatisticsServlet.java" Implct="false" Intrnl_Id="400">
<Cond>
<Loc EndOffset="1577" SrcFileId="9" StartOffset="1541"/>
</Cond>
<LocList>
<Loc EndOffset="1763" SrcFileId="9" StartOffset="1578"/>
</LocList>
<StmntSeq Intrnl_Id="401">
<LocList>
<Loc EndOffset="1607" SrcFileId="9" StartOffset="1584"/>
<Loc EndOffset="1696" SrcFileId="9" StartOffset="1612"/>
<Loc EndOffset="1758" SrcFileId="9" StartOffset="1701"/>
</LocList>
<BasicStmnt CovItemId="S10" CovItemPrefix="servlets.RankingStatisticsServlet.java" Intrnl_Id="402">
<LocList>
<Loc EndOffset="1607" SrcFileId="9" StartOffset="1584"/>
</LocList>
</BasicStmnt>
<BasicStmnt CovItemId="S11" CovItemPrefix="servlets.RankingStatisticsServlet.java" Intrnl_Id="403">
<LocList>
<Loc EndOffset="1696" SrcFileId="9" StartOffset="1612"/>
</LocList>
</BasicStmnt>
<BasicStmnt CovItemId="S12" CovItemPrefix="servlets.RankingStatisticsServlet.java" Intrnl_Id="404">
<LocList>
<Loc EndOffset="1758" SrcFileId="9" StartOffset="1701"/>
</LocList>
</BasicStmnt>
</StmntSeq>
</Branch>
<Keyword EndOffset="1291" SrcFileId="9" StartOffset="1288"/>
<LocList>
<Loc EndOffset="1763" SrcFileId="9" StartOffset="1288"/>
</LocList>
</CondStmnt>
<BasicStmnt CovItemId="S13" CovItemPrefix="servlets.RankingStatisticsServlet.java" Intrnl_Id="405">
<LocList>
<Loc EndOffset="1809" SrcFileId="9" StartOffset="1771"/>
</LocList>
</BasicStmnt>
</StmntSeq>
</HierarchyLvl>
</HierarchyLvl>
<HierarchyLvl HierarchyLvlId="23590" HierarchyLvlTypeId="44" Intrnl_Id="406" Name="PersonalStatisticsServlet">
<Header>
<Loc EndOffset="771" SrcFileId="10" StartOffset="664"/>
</Header>
<LocList>
<Loc EndOffset="1836" SrcFileId="10" StartOffset="664"/>
</LocList>
<StmntSeq Intrnl_Id="407">
<LocList>
<Loc EndOffset="824" SrcFileId="10" StartOffset="776"/>
</LocList>
<BasicStmnt CovItemId="S1" CovItemPrefix="servlets.PersonalStatisticsServlet.java" Intrnl_Id="408">
<LocList>
<Loc EndOffset="824" SrcFileId="10" StartOffset="776"/>
</LocList>
</BasicStmnt>
</StmntSeq>
<HierarchyLvl HierarchyLvlId="23588" HierarchyLvlTypeId="45" Intrnl_Id="409" Name="PersonalStatisticsServlet">
<Header>
<Loc EndOffset="930" SrcFileId="10" StartOffset="896"/>
</Header>
<LocList>
<Loc EndOffset="1006" SrcFileId="10" StartOffset="896"/>
</LocList>
<StmntSeq Intrnl_Id="410">
<LocList>
<Loc EndOffset="950" SrcFileId="10" StartOffset="942"/>
</LocList>
<BasicStmnt CovItemId="S2" CovItemPrefix="servlets.PersonalStatisticsServlet.java" Intrnl_Id="411">
<LocList>
<Loc EndOffset="950" SrcFileId="10" StartOffset="942"/>
</LocList>
</BasicStmnt>
</StmntSeq>
</HierarchyLvl>
<HierarchyLvl HierarchyLvlId="23589" HierarchyLvlTypeId="45" Intrnl_Id="412" Name="doPost">
<Header>
<Loc EndOffset="1226" SrcFileId="10" StartOffset="1110"/>
</Header>
<LocList>
<Loc EndOffset="1831" SrcFileId="10" StartOffset="1110"/>
</LocList>
<StmntSeq Intrnl_Id="413">
<LocList>
<Loc EndOffset="1297" SrcFileId="10" StartOffset="1251"/>
<Loc EndOffset="1371" SrcFileId="10" StartOffset="1315"/>
<Loc EndOffset="1416" SrcFileId="10" StartOffset="1376"/>
<Loc EndOffset="1483" SrcFileId="10" StartOffset="1421"/>
<Loc EndOffset="1531" SrcFileId="10" StartOffset="1488"/>
<Loc EndOffset="1552" SrcFileId="10" StartOffset="1536"/>
<Loc EndOffset="1780" SrcFileId="10" StartOffset="1305"/>
<Loc EndOffset="1826" SrcFileId="10" StartOffset="1788"/>
</LocList>
<BasicStmnt CovItemId="S3" CovItemPrefix="servlets.PersonalStatisticsServlet.java" Intrnl_Id="414">
<LocList>
<Loc EndOffset="1297" SrcFileId="10" StartOffset="1251"/>
</LocList>
</BasicStmnt>
<BasicStmnt CovItemId="S5" CovItemPrefix="servlets.PersonalStatisticsServlet.java" Intrnl_Id="415">
<LocList>
<Loc EndOffset="1371" SrcFileId="10" StartOffset="1315"/>
</LocList>
</BasicStmnt>
<BasicStmnt CovItemId="S6" CovItemPrefix="servlets.PersonalStatisticsServlet.java" Intrnl_Id="416">
<LocList>
<Loc EndOffset="1416" SrcFileId="10" StartOffset="1376"/>
</LocList>
</BasicStmnt>
<BasicStmnt CovItemId="S7" CovItemPrefix="servlets.PersonalStatisticsServlet.java" Intrnl_Id="417">
<LocList>
<Loc EndOffset="1483" SrcFileId="10" StartOffset="1421"/>
</LocList>
</BasicStmnt>
<BasicStmnt CovItemId="S8" CovItemPrefix="servlets.PersonalStatisticsServlet.java" Intrnl_Id="418">
<LocList>
<Loc EndOffset="1531" SrcFileId="10" StartOffset="1488"/>
</LocList>
</BasicStmnt>
<BasicStmnt CovItemId="S9" CovItemPrefix="servlets.PersonalStatisticsServlet.java" Intrnl_Id="419">
<LocList>
<Loc EndOffset="1552" SrcFileId="10" StartOffset="1536"/>
</LocList>
</BasicStmnt>
<CondStmnt CovItemId="S4" CovItemPrefix="servlets.PersonalStatisticsServlet.java" Intrnl_Id="420">
<Branch CovItemId="B1" CovItemPrefix="servlets.PersonalStatisticsServlet.java" Implct="true" Intrnl_Id="421">
<Cond/>
<LocList/>
<StmntSeq Intrnl_Id="422">
<LocList/>
</StmntSeq>
</Branch>
<Branch CovItemId="B2" CovItemPrefix="servlets.PersonalStatisticsServlet.java" Implct="false" Intrnl_Id="423">
<Cond>
<Loc EndOffset="1594" SrcFileId="10" StartOffset="1558"/>
</Cond>
<LocList>
<Loc EndOffset="1780" SrcFileId="10" StartOffset="1595"/>
</LocList>
<StmntSeq Intrnl_Id="424">
<LocList>
<Loc EndOffset="1624" SrcFileId="10" StartOffset="1601"/>
<Loc EndOffset="1713" SrcFileId="10" StartOffset="1629"/>
<Loc EndOffset="1775" SrcFileId="10" StartOffset="1718"/>
</LocList>
<BasicStmnt CovItemId="S10" CovItemPrefix="servlets.PersonalStatisticsServlet.java" Intrnl_Id="425">
<LocList>
<Loc EndOffset="1624" SrcFileId="10" StartOffset="1601"/>
</LocList>
</BasicStmnt>
<BasicStmnt CovItemId="S11" CovItemPrefix="servlets.PersonalStatisticsServlet.java" Intrnl_Id="426">
<LocList>
<Loc EndOffset="1713" SrcFileId="10" StartOffset="1629"/>
</LocList>
</BasicStmnt>
<BasicStmnt CovItemId="S12" CovItemPrefix="servlets.PersonalStatisticsServlet.java" Intrnl_Id="427">
<LocList>
<Loc EndOffset="1775" SrcFileId="10" StartOffset="1718"/>
</LocList>
</BasicStmnt>
</StmntSeq>
</Branch>
<Keyword EndOffset="1308" SrcFileId="10" StartOffset="1305"/>
<LocList>
<Loc EndOffset="1780" SrcFileId="10" StartOffset="1305"/>
</LocList>
</CondStmnt>
<BasicStmnt CovItemId="S13" CovItemPrefix="servlets.PersonalStatisticsServlet.java" Intrnl_Id="428">
<LocList>
<Loc EndOffset="1826" SrcFileId="10" StartOffset="1788"/>
</LocList>
</BasicStmnt>
</StmntSeq>
</HierarchyLvl>
</HierarchyLvl>
<HierarchyLvl HierarchyLvlId="23593" HierarchyLvlTypeId="44" Intrnl_Id="429" Name="LogoutServlet">
<Header>
<Loc EndOffset="881" SrcFileId="11" StartOffset="798"/>
</Header>
<LocList>
<Loc EndOffset="1936" SrcFileId="11" StartOffset="798"/>
</LocList>
<StmntSeq Intrnl_Id="430">
<LocList>
<Loc EndOffset="934" SrcFileId="11" StartOffset="886"/>
</LocList>
<BasicStmnt CovItemId="S1" CovItemPrefix="servlets.LogoutServlet.java" Intrnl_Id="431">
<LocList>
<Loc EndOffset="934" SrcFileId="11" StartOffset="886"/>
</LocList>
</BasicStmnt>
</StmntSeq>
<HierarchyLvl HierarchyLvlId="23591" HierarchyLvlTypeId="45" Intrnl_Id="432" Name="LogoutServlet">
<Header>
<Loc EndOffset="1028" SrcFileId="11" StartOffset="1006"/>
</Header>
<LocList>
<Loc EndOffset="1104" SrcFileId="11" StartOffset="1006"/>
</LocList>
<StmntSeq Intrnl_Id="433">
<LocList>
<Loc EndOffset="1048" SrcFileId="11" StartOffset="1040"/>
</LocList>
<BasicStmnt CovItemId="S2" CovItemPrefix="servlets.LogoutServlet.java" Intrnl_Id="434">
<LocList>
<Loc EndOffset="1048" SrcFileId="11" StartOffset="1040"/>
</LocList>
</BasicStmnt>
</StmntSeq>
</HierarchyLvl>
<HierarchyLvl HierarchyLvlId="23592" HierarchyLvlTypeId="45" Intrnl_Id="435" Name="doPost">
<Header>
<Loc EndOffset="1324" SrcFileId="11" StartOffset="1208"/>
</Header>
<LocList>
<Loc EndOffset="1931" SrcFileId="11" StartOffset="1208"/>
</LocList>
<StmntSeq Intrnl_Id="436">
<LocList>
<Loc EndOffset="1397" SrcFileId="11" StartOffset="1351"/>
<Loc EndOffset="1471" SrcFileId="11" StartOffset="1415"/>
<Loc EndOffset="1516" SrcFileId="11" StartOffset="1476"/>
<Loc EndOffset="1583" SrcFileId="11" StartOffset="1521"/>
<Loc EndOffset="1631" SrcFileId="11" StartOffset="1588"/>
<Loc EndOffset="1652" SrcFileId="11" StartOffset="1636"/>
<Loc EndOffset="1880" SrcFileId="11" StartOffset="1405"/>
<Loc EndOffset="1926" SrcFileId="11" StartOffset="1888"/>
</LocList>
<BasicStmnt CovItemId="S3" CovItemPrefix="servlets.LogoutServlet.java" Intrnl_Id="437">
<LocList>
<Loc EndOffset="1397" SrcFileId="11" StartOffset="1351"/>
</LocList>
</BasicStmnt>
<BasicStmnt CovItemId="S5" CovItemPrefix="servlets.LogoutServlet.java" Intrnl_Id="438">
<LocList>
<Loc EndOffset="1471" SrcFileId="11" StartOffset="1415"/>
</LocList>
</BasicStmnt>
<BasicStmnt CovItemId="S6" CovItemPrefix="servlets.LogoutServlet.java" Intrnl_Id="439">
<LocList>
<Loc EndOffset="1516" SrcFileId="11" StartOffset="1476"/>
</LocList>
</BasicStmnt>
<BasicStmnt CovItemId="S7" CovItemPrefix="servlets.LogoutServlet.java" Intrnl_Id="440">
<LocList>
<Loc EndOffset="1583" SrcFileId="11" StartOffset="1521"/>
</LocList>
</BasicStmnt>
<BasicStmnt CovItemId="S8" CovItemPrefix="servlets.LogoutServlet.java" Intrnl_Id="441">
<LocList>
<Loc EndOffset="1631" SrcFileId="11" StartOffset="1588"/>
</LocList>
</BasicStmnt>
<BasicStmnt CovItemId="S9" CovItemPrefix="servlets.LogoutServlet.java" Intrnl_Id="442">
<LocList>
<Loc EndOffset="1652" SrcFileId="11" StartOffset="1636"/>
</LocList>
</BasicStmnt>
<CondStmnt CovItemId="S4" CovItemPrefix="servlets.LogoutServlet.java" Intrnl_Id="443">
<Branch CovItemId="B1" CovItemPrefix="servlets.LogoutServlet.java" Implct="true" Intrnl_Id="444">
<Cond/>
<LocList/>
<StmntSeq Intrnl_Id="445">
<LocList/>
</StmntSeq>
</Branch>
<Branch CovItemId="B2" CovItemPrefix="servlets.LogoutServlet.java" Implct="false" Intrnl_Id="446">
<Cond>
<Loc EndOffset="1694" SrcFileId="11" StartOffset="1658"/>
</Cond>
<LocList>
<Loc EndOffset="1880" SrcFileId="11" StartOffset="1695"/>
</LocList>
<StmntSeq Intrnl_Id="447">
<LocList>
<Loc EndOffset="1724" SrcFileId="11" StartOffset="1701"/>
<Loc EndOffset="1813" SrcFileId="11" StartOffset="1729"/>
<Loc EndOffset="1875" SrcFileId="11" StartOffset="1818"/>
</LocList>
<BasicStmnt CovItemId="S10" CovItemPrefix="servlets.LogoutServlet.java" Intrnl_Id="448">
<LocList>
<Loc EndOffset="1724" SrcFileId="11" StartOffset="1701"/>
</LocList>
</BasicStmnt>
<BasicStmnt CovItemId="S11" CovItemPrefix="servlets.LogoutServlet.java" Intrnl_Id="449">
<LocList>
<Loc EndOffset="1813" SrcFileId="11" StartOffset="1729"/>
</LocList>
</BasicStmnt>
<BasicStmnt CovItemId="S12" CovItemPrefix="servlets.LogoutServlet.java" Intrnl_Id="450">
<LocList>
<Loc EndOffset="1875" SrcFileId="11" StartOffset="1818"/>
</LocList>
</BasicStmnt>
</StmntSeq>
</Branch>
<Keyword EndOffset="1408" SrcFileId="11" StartOffset="1405"/>
<LocList>
<Loc EndOffset="1880" SrcFileId="11" StartOffset="1405"/>
</LocList>
</CondStmnt>
<BasicStmnt CovItemId="S13" CovItemPrefix="servlets.LogoutServlet.java" Intrnl_Id="451">
<LocList>
<Loc EndOffset="1926" SrcFileId="11" StartOffset="1888"/>
</LocList>
</BasicStmnt>
</StmntSeq>
</HierarchyLvl>
</HierarchyLvl>
<HierarchyLvl HierarchyLvlId="23597" HierarchyLvlTypeId="44" Intrnl_Id="452" Name="LoginServlet">
<Header>
<Loc EndOffset="1093" SrcFileId="12" StartOffset="1024"/>
</Header>
<LocList>
<Loc EndOffset="2717" SrcFileId="12" StartOffset="1024"/>
</LocList>
<StmntSeq Intrnl_Id="453">
<LocList>
<Loc EndOffset="1146" SrcFileId="12" StartOffset="1098"/>
</LocList>
<BasicStmnt CovItemId="S1" CovItemPrefix="servlets.LoginServlet.java" Intrnl_Id="454">
<LocList>
<Loc EndOffset="1146" SrcFileId="12" StartOffset="1098"/>
</LocList>
</BasicStmnt>
</StmntSeq>
<HierarchyLvl HierarchyLvlId="23594" HierarchyLvlTypeId="45" Intrnl_Id="455" Name="LoginServlet">
<Header>
<Loc EndOffset="1239" SrcFileId="12" StartOffset="1218"/>
</Header>
<LocList>
<Loc EndOffset="1315" SrcFileId="12" StartOffset="1218"/>
</LocList>
<StmntSeq Intrnl_Id="456">
<LocList>
<Loc EndOffset="1259" SrcFileId="12" StartOffset="1251"/>
</LocList>
<BasicStmnt CovItemId="S2" CovItemPrefix="servlets.LoginServlet.java" Intrnl_Id="457">
<LocList>
<Loc EndOffset="1259" SrcFileId="12" StartOffset="1251"/>
</LocList>
</BasicStmnt>
</StmntSeq>
</HierarchyLvl>
<HierarchyLvl HierarchyLvlId="23595" HierarchyLvlTypeId="45" Intrnl_Id="458" Name="doGet">
<Header>
<Loc EndOffset="1576" SrcFileId="12" StartOffset="1461"/>
</Header>
<LocList>
<Loc EndOffset="1887" SrcFileId="12" StartOffset="1461"/>
</LocList>
<StmntSeq Intrnl_Id="459">
<LocList>
<Loc EndOffset="1646" SrcFileId="12" StartOffset="1582"/>
<Loc EndOffset="1704" SrcFileId="12" StartOffset="1650"/>
<Loc EndOffset="1749" SrcFileId="12" StartOffset="1712"/>
<Loc EndOffset="1794" SrcFileId="12" StartOffset="1757"/>
<Loc EndOffset="1821" SrcFileId="12" StartOffset="1798"/>
<Loc EndOffset="1847" SrcFileId="12" StartOffset="1825"/>
<Loc EndOffset="1875" SrcFileId="12" StartOffset="1851"/>
</LocList>
<BasicStmnt CovItemId="S3" CovItemPrefix="servlets.LoginServlet.java" Intrnl_Id="460">
<LocList>
<Loc EndOffset="1646" SrcFileId="12" StartOffset="1582"/>
</LocList>
</BasicStmnt>
<BasicStmnt CovItemId="S4" CovItemPrefix="servlets.LoginServlet.java" Intrnl_Id="461">
<LocList>
<Loc EndOffset="1704" SrcFileId="12" StartOffset="1650"/>
</LocList>
</BasicStmnt>
<BasicStmnt CovItemId="S5" CovItemPrefix="servlets.LoginServlet.java" Intrnl_Id="462">
<LocList>
<Loc EndOffset="1749" SrcFileId="12" StartOffset="1712"/>
</LocList>
</BasicStmnt>
<BasicStmnt CovItemId="S6" CovItemPrefix="servlets.LoginServlet.java" Intrnl_Id="463">
<LocList>
<Loc EndOffset="1794" SrcFileId="12" StartOffset="1757"/>
</LocList>
</BasicStmnt>
<BasicStmnt CovItemId="S7" CovItemPrefix="servlets.LoginServlet.java" Intrnl_Id="464">
<LocList>
<Loc EndOffset="1821" SrcFileId="12" StartOffset="1798"/>
</LocList>
</BasicStmnt>
<BasicStmnt CovItemId="S8" CovItemPrefix="servlets.LoginServlet.java" Intrnl_Id="465">
<LocList>
<Loc EndOffset="1847" SrcFileId="12" StartOffset="1825"/>
</LocList>
</BasicStmnt>
<BasicStmnt CovItemId="S9" CovItemPrefix="servlets.LoginServlet.java" Intrnl_Id="466">
<LocList>
<Loc EndOffset="1875" SrcFileId="12" StartOffset="1851"/>
</LocList>
</BasicStmnt>
</StmntSeq>
</HierarchyLvl>
<HierarchyLvl HierarchyLvlId="23596" HierarchyLvlTypeId="45" Intrnl_Id="467" Name="doPost">
<Header>
<Loc EndOffset="2107" SrcFileId="12" StartOffset="1991"/>
</Header>
<LocList>
<Loc EndOffset="2712" SrcFileId="12" StartOffset="1991"/>
</LocList>
<StmntSeq Intrnl_Id="468">
<LocList>
<Loc EndOffset="2178" SrcFileId="12" StartOffset="2132"/>
<Loc EndOffset="2252" SrcFileId="12" StartOffset="2196"/>
<Loc EndOffset="2297" SrcFileId="12" StartOffset="2257"/>
<Loc EndOffset="2364" SrcFileId="12" StartOffset="2302"/>
<Loc EndOffset="2413" SrcFileId="12" StartOffset="2369"/>
<Loc EndOffset="2434" SrcFileId="12" StartOffset="2418"/>
<Loc EndOffset="2662" SrcFileId="12" StartOffset="2186"/>
<Loc EndOffset="2708" SrcFileId="12" StartOffset="2670"/>
</LocList>
<BasicStmnt CovItemId="S10" CovItemPrefix="servlets.LoginServlet.java" Intrnl_Id="469">
<LocList>
<Loc EndOffset="2178" SrcFileId="12" StartOffset="2132"/>
</LocList>
</BasicStmnt>
<BasicStmnt CovItemId="S12" CovItemPrefix="servlets.LoginServlet.java" Intrnl_Id="470">
<LocList>
<Loc EndOffset="2252" SrcFileId="12" StartOffset="2196"/>
</LocList>
</BasicStmnt>
<BasicStmnt CovItemId="S13" CovItemPrefix="servlets.LoginServlet.java" Intrnl_Id="471">
<LocList>
<Loc EndOffset="2297" SrcFileId="12" StartOffset="2257"/>
</LocList>
</BasicStmnt>
<BasicStmnt CovItemId="S14" CovItemPrefix="servlets.LoginServlet.java" Intrnl_Id="472">
<LocList>
<Loc EndOffset="2364" SrcFileId="12" StartOffset="2302"/>
</LocList>
</BasicStmnt>
<BasicStmnt CovItemId="S15" CovItemPrefix="servlets.LoginServlet.java" Intrnl_Id="473">
<LocList>
<Loc EndOffset="2413" SrcFileId="12" StartOffset="2369"/>
</LocList>
</BasicStmnt>
<BasicStmnt CovItemId="S16" CovItemPrefix="servlets.LoginServlet.java" Intrnl_Id="474">
<LocList>
<Loc EndOffset="2434" SrcFileId="12" StartOffset="2418"/>
</LocList>
</BasicStmnt>
<CondStmnt CovItemId="S11" CovItemPrefix="servlets.LoginServlet.java" Intrnl_Id="475">
<Branch CovItemId="B1" CovItemPrefix="servlets.LoginServlet.java" Implct="true" Intrnl_Id="476">
<Cond/>
<LocList/>
<StmntSeq Intrnl_Id="477">
<LocList/>
</StmntSeq>
</Branch>
<Branch CovItemId="B2" CovItemPrefix="servlets.LoginServlet.java" Implct="false" Intrnl_Id="478">
<Cond>
<Loc EndOffset="2476" SrcFileId="12" StartOffset="2440"/>
</Cond>
<LocList>
<Loc EndOffset="2662" SrcFileId="12" StartOffset="2477"/>
</LocList>
<StmntSeq Intrnl_Id="479">
<LocList>
<Loc EndOffset="2506" SrcFileId="12" StartOffset="2483"/>
<Loc EndOffset="2595" SrcFileId="12" StartOffset="2511"/>
<Loc EndOffset="2657" SrcFileId="12" StartOffset="2600"/>
</LocList>
<BasicStmnt CovItemId="S17" CovItemPrefix="servlets.LoginServlet.java" Intrnl_Id="480">
<LocList>
<Loc EndOffset="2506" SrcFileId="12" StartOffset="2483"/>
</LocList>
</BasicStmnt>
<BasicStmnt CovItemId="S18" CovItemPrefix="servlets.LoginServlet.java" Intrnl_Id="481">
<LocList>
<Loc EndOffset="2595" SrcFileId="12" StartOffset="2511"/>
</LocList>
</BasicStmnt>
<BasicStmnt CovItemId="S19" CovItemPrefix="servlets.LoginServlet.java" Intrnl_Id="482">
<LocList>
<Loc EndOffset="2657" SrcFileId="12" StartOffset="2600"/>
</LocList>
</BasicStmnt>
</StmntSeq>
</Branch>
<Keyword EndOffset="2189" SrcFileId="12" StartOffset="2186"/>
<LocList>
<Loc EndOffset="2662" SrcFileId="12" StartOffset="2186"/>
</LocList>
</CondStmnt>
<BasicStmnt CovItemId="S20" CovItemPrefix="servlets.LoginServlet.java" Intrnl_Id="483">
<LocList>
<Loc EndOffset="2708" SrcFileId="12" StartOffset="2670"/>
</LocList>
</BasicStmnt>
</StmntSeq>
</HierarchyLvl>
</HierarchyLvl>
<HierarchyLvl HierarchyLvlId="23601" HierarchyLvlTypeId="44" Intrnl_Id="484" Name="CronServlet">
<Header>
<Loc EndOffset="456" SrcFileId="13" StartOffset="384"/>
</Header>
<LocList>
<Loc EndOffset="1532" SrcFileId="13" StartOffset="384"/>
</LocList>
<StmntSeq Intrnl_Id="485">
<LocList>
<Loc EndOffset="530" SrcFileId="13" StartOffset="463"/>
<Loc EndOffset="572" SrcFileId="13" StartOffset="536"/>
<Loc EndOffset="644" SrcFileId="13" StartOffset="612"/>
<Loc EndOffset="752" SrcFileId="13" StartOffset="704"/>
</LocList>
<BasicStmnt CovItemId="S1" CovItemPrefix="servlets.CronServlet.java" Intrnl_Id="486">
<LocList>
<Loc EndOffset="530" SrcFileId="13" StartOffset="463"/>
</LocList>
</BasicStmnt>
<BasicStmnt CovItemId="S2" CovItemPrefix="servlets.CronServlet.java" Intrnl_Id="487">
<LocList>
<Loc EndOffset="572" SrcFileId="13" StartOffset="536"/>
</LocList>
</BasicStmnt>
<BasicStmnt CovItemId="S3" CovItemPrefix="servlets.CronServlet.java" Intrnl_Id="488">
<LocList>
<Loc EndOffset="644" SrcFileId="13" StartOffset="612"/>
</LocList>
</BasicStmnt>
<BasicStmnt CovItemId="S4" CovItemPrefix="servlets.CronServlet.java" Intrnl_Id="489">
<LocList>
<Loc EndOffset="752" SrcFileId="13" StartOffset="704"/>
</LocList>
</BasicStmnt>
</StmntSeq>
<HierarchyLvl HierarchyLvlId="23598" HierarchyLvlTypeId="45" Intrnl_Id="490" Name="init">
<Header>
<Loc EndOffset="832" SrcFileId="13" StartOffset="758"/>
</Header>
<LocList>
<Loc EndOffset="1041" SrcFileId="13" StartOffset="758"/>
</LocList>
<StmntSeq Intrnl_Id="491">
<LocList>
<Loc EndOffset="857" SrcFileId="13" StartOffset="838"/>
<Loc EndOffset="937" SrcFileId="13" StartOffset="861"/>
<Loc EndOffset="1014" SrcFileId="13" StartOffset="941"/>
<Loc EndOffset="1037" SrcFileId="13" StartOffset="1018"/>
</LocList>
<BasicStmnt CovItemId="S5" CovItemPrefix="servlets.CronServlet.java" Intrnl_Id="492">
<LocList>
<Loc EndOffset="857" SrcFileId="13" StartOffset="838"/>
</LocList>
</BasicStmnt>
<BasicStmnt CovItemId="S6" CovItemPrefix="servlets.CronServlet.java" Intrnl_Id="493">
<LocList>
<Loc EndOffset="937" SrcFileId="13" StartOffset="861"/>
</LocList>
</BasicStmnt>
<BasicStmnt CovItemId="S7" CovItemPrefix="servlets.CronServlet.java" Intrnl_Id="494">
<LocList>
<Loc EndOffset="1014" SrcFileId="13" StartOffset="941"/>
</LocList>
</BasicStmnt>
<BasicStmnt CovItemId="S8" CovItemPrefix="servlets.CronServlet.java" Intrnl_Id="495">
<LocList>
<Loc EndOffset="1037" SrcFileId="13" StartOffset="1018"/>
</LocList>
</BasicStmnt>
</StmntSeq>
</HierarchyLvl>
<HierarchyLvl HierarchyLvlId="23599" HierarchyLvlTypeId="45" Intrnl_Id="496" Name="isScheduled">
<Header>
<Loc EndOffset="1075" SrcFileId="13" StartOffset="1047"/>
</Header>
<LocList>
<Loc EndOffset="1106" SrcFileId="13" StartOffset="1047"/>
</LocList>
<StmntSeq Intrnl_Id="497">
<LocList>
<Loc EndOffset="1102" SrcFileId="13" StartOffset="1083"/>
</LocList>
<BasicStmnt CovItemId="S9" CovItemPrefix="servlets.CronServlet.java" Intrnl_Id="498">
<LocList>
<Loc EndOffset="1102" SrcFileId="13" StartOffset="1083"/>
</LocList>
</BasicStmnt>
</StmntSeq>
</HierarchyLvl>
<HierarchyLvl HierarchyLvlId="23600" HierarchyLvlTypeId="45" Intrnl_Id="499" Name="getTonightAtMidnight">
<Header>
<Loc EndOffset="1234" SrcFileId="13" StartOffset="1199"/>
</Header>
<LocList>
<Loc EndOffset="1526" SrcFileId="13" StartOffset="1199"/>
</LocList>
<StmntSeq Intrnl_Id="500">
<LocList>
<Loc EndOffset="1286" SrcFileId="13" StartOffset="1242"/>
<Loc EndOffset="1330" SrcFileId="13" StartOffset="1291"/>
<Loc EndOffset="1376" SrcFileId="13" StartOffset="1338"/>
<Loc EndOffset="1413" SrcFileId="13" StartOffset="1380"/>
<Loc EndOffset="1450" SrcFileId="13" StartOffset="1417"/>
<Loc EndOffset="1492" SrcFileId="13" StartOffset="1454"/>
<Loc EndOffset="1522" SrcFileId="13" StartOffset="1496"/>
</LocList>
<BasicStmnt CovItemId="S10" CovItemPrefix="servlets.CronServlet.java" Intrnl_Id="501">
<LocList>
<Loc EndOffset="1286" SrcFileId="13" StartOffset="1242"/>
</LocList>
</BasicStmnt>
<BasicStmnt CovItemId="S11" CovItemPrefix="servlets.CronServlet.java" Intrnl_Id="502">
<LocList>
<Loc EndOffset="1330" SrcFileId="13" StartOffset="1291"/>
</LocList>
</BasicStmnt>
<BasicStmnt CovItemId="S12" CovItemPrefix="servlets.CronServlet.java" Intrnl_Id="503">
<LocList>
<Loc EndOffset="1376" SrcFileId="13" StartOffset="1338"/>
</LocList>
</BasicStmnt>
<BasicStmnt CovItemId="S13" CovItemPrefix="servlets.CronServlet.java" Intrnl_Id="504">
<LocList>
<Loc EndOffset="1413" SrcFileId="13" StartOffset="1380"/>
</LocList>
</BasicStmnt>
<BasicStmnt CovItemId="S14" CovItemPrefix="servlets.CronServlet.java" Intrnl_Id="505">
<LocList>
<Loc EndOffset="1450" SrcFileId="13" StartOffset="1417"/>
</LocList>
</BasicStmnt>
<BasicStmnt CovItemId="S15" CovItemPrefix="servlets.CronServlet.java" Intrnl_Id="506">
<LocList>
<Loc EndOffset="1492" SrcFileId="13" StartOffset="1454"/>
</LocList>
</BasicStmnt>
<BasicStmnt CovItemId="S16" CovItemPrefix="servlets.CronServlet.java" Intrnl_Id="507">
<LocList>
<Loc EndOffset="1522" SrcFileId="13" StartOffset="1496"/>
</LocList>
</BasicStmnt>
</StmntSeq>
</HierarchyLvl>
</HierarchyLvl>
<HierarchyLvl HierarchyLvlId="23605" HierarchyLvlTypeId="44" Intrnl_Id="508" Name="ConfigHttpServlet">
<Header>
<Loc EndOffset="580" SrcFileId="14" StartOffset="530"/>
</Header>
<LocList>
<Loc EndOffset="1847" SrcFileId="14" StartOffset="530"/>
</LocList>
<StmntSeq Intrnl_Id="509">
<LocList>
<Loc EndOffset="654" SrcFileId="14" StartOffset="587"/>
</LocList>
<BasicStmnt CovItemId="S1" CovItemPrefix="servlets.ConfigHttpServlet.java" Intrnl_Id="510">
<LocList>
<Loc EndOffset="654" SrcFileId="14" StartOffset="587"/>
</LocList>
</BasicStmnt>
</StmntSeq>
<HierarchyLvl HierarchyLvlId="23602" HierarchyLvlTypeId="45" Intrnl_Id="511" Name="init">
<Header>
<Loc EndOffset="793" SrcFileId="14" StartOffset="659"/>
</Header>
<LocList>
<Loc EndOffset="891" SrcFileId="14" StartOffset="659"/>
</LocList>
<StmntSeq Intrnl_Id="512">
<LocList>
<Loc EndOffset="819" SrcFileId="14" StartOffset="806"/>
<Loc EndOffset="883" SrcFileId="14" StartOffset="824"/>
</LocList>
<BasicStmnt CovItemId="S2" CovItemPrefix="servlets.ConfigHttpServlet.java" Intrnl_Id="513">
<LocList>
<Loc EndOffset="819" SrcFileId="14" StartOffset="806"/>
</LocList>
</BasicStmnt>
<BasicStmnt CovItemId="S3" CovItemPrefix="servlets.ConfigHttpServlet.java" Intrnl_Id="514">
<LocList>
<Loc EndOffset="883" SrcFileId="14" StartOffset="824"/>
</LocList>
</BasicStmnt>
</StmntSeq>
</HierarchyLvl>
<HierarchyLvl HierarchyLvlId="23603" HierarchyLvlTypeId="45" Intrnl_Id="515" Name="getPostData">
<Header>
<Loc EndOffset="1289" SrcFileId="14" StartOffset="1184"/>
</Header>
<LocList>
<Loc EndOffset="1622" SrcFileId="14" StartOffset="1184"/>
</LocList>
<StmntSeq Intrnl_Id="516">
<LocList>
<Loc EndOffset="1344" SrcFileId="14" StartOffset="1300"/>
<Loc EndOffset="1396" SrcFileId="14" StartOffset="1352"/>
<Loc EndOffset="1434" SrcFileId="14" StartOffset="1400"/>
<Loc EndOffset="1584" SrcFileId="14" StartOffset="1438"/>
<Loc EndOffset="1618" SrcFileId="14" StartOffset="1592"/>
</LocList>
<BasicStmnt CovItemId="S4" CovItemPrefix="servlets.ConfigHttpServlet.java" Intrnl_Id="517">
<LocList>
<Loc EndOffset="1344" SrcFileId="14" StartOffset="1300"/>
</LocList>
</BasicStmnt>
<BasicStmnt CovItemId="S5" CovItemPrefix="servlets.ConfigHttpServlet.java" Intrnl_Id="518">
<LocList>
<Loc EndOffset="1396" SrcFileId="14" StartOffset="1352"/>
</LocList>
</BasicStmnt>
<BasicStmnt CovItemId="S6" CovItemPrefix="servlets.ConfigHttpServlet.java" Intrnl_Id="519">
<LocList>
<Loc EndOffset="1434" SrcFileId="14" StartOffset="1400"/>
</LocList>
</BasicStmnt>
<LoopStmnt CovItemId="S7" CovItemPrefix="servlets.ConfigHttpServlet.java" Intrnl_Id="520" MltplExecId="L1-2" MltplExecPrefix="servlets.ConfigHttpServlet.java" NvrExecId="L1-0" NvrExecPrefix="servlets.ConfigHttpServlet.java" OnceExecutedId="L1-1" OnceExecutedPrefix="servlets.ConfigHttpServlet.java" OptBodyExec="true">
<StmntSeq Intrnl_Id="521">
<LocList>
<Loc EndOffset="1499" SrcFileId="14" StartOffset="1459"/>
<Loc EndOffset="1528" SrcFileId="14" StartOffset="1504"/>
<Loc EndOffset="1574" SrcFileId="14" StartOffset="1533"/>
</LocList>
<BasicStmnt CovItemId="S8" CovItemPrefix="servlets.ConfigHttpServlet.java" Intrnl_Id="522">
<LocList>
<Loc EndOffset="1499" SrcFileId="14" StartOffset="1459"/>
</LocList>
</BasicStmnt>
<CondStmnt CovItemId="S9" CovItemPrefix="servlets.ConfigHttpServlet.java" Intrnl_Id="523">
<Branch CovItemId="B1" CovItemPrefix="servlets.ConfigHttpServlet.java" Implct="false" Intrnl_Id="524">
<Cond/>
<LocList>
<Loc EndOffset="1528" SrcFileId="14" StartOffset="1522"/>
</LocList>
<StmntSeq Intrnl_Id="525">
<LocList>
<Loc EndOffset="1528" SrcFileId="14" StartOffset="1522"/>
</LocList>
<BasicStmnt CovItemId="S10" CovItemPrefix="servlets.ConfigHttpServlet.java" Intrnl_Id="526">
<LocList>
<Loc EndOffset="1528" SrcFileId="14" StartOffset="1522"/>
</LocList>
</BasicStmnt>
</StmntSeq>
</Branch>
<Branch CovItemId="B2" CovItemPrefix="servlets.ConfigHttpServlet.java" Implct="true" Intrnl_Id="527">
<Cond/>
<LocList/>
<StmntSeq Intrnl_Id="528">
<LocList/>
</StmntSeq>
</Branch>
<Keyword EndOffset="1506" SrcFileId="14" StartOffset="1504"/>
<LocList>
<Loc EndOffset="1528" SrcFileId="14" StartOffset="1504"/>
</LocList>
</CondStmnt>
<BasicStmnt CovItemId="S11" CovItemPrefix="servlets.ConfigHttpServlet.java" Intrnl_Id="529">
<LocList>
<Loc EndOffset="1574" SrcFileId="14" StartOffset="1533"/>
</LocList>
</BasicStmnt>
</StmntSeq>
<Keyword EndOffset="1443" SrcFileId="14" StartOffset="1438"/>
<LocList>
<Loc EndOffset="1584" SrcFileId="14" StartOffset="1438"/>
</LocList>
</LoopStmnt>
<BasicStmnt CovItemId="S12" CovItemPrefix="servlets.ConfigHttpServlet.java" Intrnl_Id="530">
<LocList>
<Loc EndOffset="1618" SrcFileId="14" StartOffset="1592"/>
</LocList>
</BasicStmnt>
</StmntSeq>
</HierarchyLvl>
<HierarchyLvl HierarchyLvlId="23604" HierarchyLvlTypeId="45" Intrnl_Id="531" Name="outputMessage">
<Header>
<Loc EndOffset="1721" SrcFileId="14" StartOffset="1628"/>
</Header>
<LocList>
<Loc EndOffset="1841" SrcFileId="14" StartOffset="1628"/>
</LocList>
<StmntSeq Intrnl_Id="532">
<LocList>
<Loc EndOffset="1770" SrcFileId="14" StartOffset="1733"/>
<Loc EndOffset="1811" SrcFileId="14" StartOffset="1774"/>
<Loc EndOffset="1837" SrcFileId="14" StartOffset="1815"/>
</LocList>
<BasicStmnt CovItemId="S13" CovItemPrefix="servlets.ConfigHttpServlet.java" Intrnl_Id="533">
<LocList>
<Loc EndOffset="1770" SrcFileId="14" StartOffset="1733"/>
</LocList>
</BasicStmnt>
<BasicStmnt CovItemId="S14" CovItemPrefix="servlets.ConfigHttpServlet.java" Intrnl_Id="534">
<LocList>
<Loc EndOffset="1811" SrcFileId="14" StartOffset="1774"/>
</LocList>
</BasicStmnt>
<BasicStmnt CovItemId="S15" CovItemPrefix="servlets.ConfigHttpServlet.java" Intrnl_Id="535">
<LocList>
<Loc EndOffset="1837" SrcFileId="14" StartOffset="1815"/>
</LocList>
</BasicStmnt>
</StmntSeq>
</HierarchyLvl>
</HierarchyLvl>
<HierarchyLvl HierarchyLvlId="23608" HierarchyLvlTypeId="44" Intrnl_Id="536" Name="CommunityStatisticsServlet">
<Header>
<Loc EndOffset="770" SrcFileId="15" StartOffset="661"/>
</Header>
<LocList>
<Loc EndOffset="1815" SrcFileId="15" StartOffset="661"/>
</LocList>
<StmntSeq Intrnl_Id="537">
<LocList>
<Loc EndOffset="823" SrcFileId="15" StartOffset="775"/>
</LocList>
<BasicStmnt CovItemId="S1" CovItemPrefix="servlets.CommunityStatisticsServlet.java" Intrnl_Id="538">
<LocList>
<Loc EndOffset="823" SrcFileId="15" StartOffset="775"/>
</LocList>
</BasicStmnt>
</StmntSeq>
<HierarchyLvl HierarchyLvlId="23606" HierarchyLvlTypeId="45" Intrnl_Id="539" Name="CommunityStatisticsServlet">
<Header>
<Loc EndOffset="930" SrcFileId="15" StartOffset="895"/>
</Header>
<LocList>
<Loc EndOffset="1006" SrcFileId="15" StartOffset="895"/>
</LocList>
<StmntSeq Intrnl_Id="540">
<LocList>
<Loc EndOffset="950" SrcFileId="15" StartOffset="942"/>
</LocList>
<BasicStmnt CovItemId="S2" CovItemPrefix="servlets.CommunityStatisticsServlet.java" Intrnl_Id="541">
<LocList>
<Loc EndOffset="950" SrcFileId="15" StartOffset="942"/>
</LocList>
</BasicStmnt>
</StmntSeq>
</HierarchyLvl>
<HierarchyLvl HierarchyLvlId="23607" HierarchyLvlTypeId="45" Intrnl_Id="542" Name="doPost">
<Header>
<Loc EndOffset="1226" SrcFileId="15" StartOffset="1110"/>
</Header>
<LocList>
<Loc EndOffset="1810" SrcFileId="15" StartOffset="1110"/>
</LocList>
<StmntSeq Intrnl_Id="543">
<LocList>
<Loc EndOffset="1297" SrcFileId="15" StartOffset="1251"/>
<Loc EndOffset="1371" SrcFileId="15" StartOffset="1315"/>
<Loc EndOffset="1416" SrcFileId="15" StartOffset="1376"/>
<Loc EndOffset="1483" SrcFileId="15" StartOffset="1421"/>
<Loc EndOffset="1531" SrcFileId="15" StartOffset="1488"/>
<Loc EndOffset="1759" SrcFileId="15" StartOffset="1305"/>
<Loc EndOffset="1805" SrcFileId="15" StartOffset="1767"/>
</LocList>
<BasicStmnt CovItemId="S3" CovItemPrefix="servlets.CommunityStatisticsServlet.java" Intrnl_Id="544">
<LocList>
<Loc EndOffset="1297" SrcFileId="15" StartOffset="1251"/>
</LocList>
</BasicStmnt>
<BasicStmnt CovItemId="S5" CovItemPrefix="servlets.CommunityStatisticsServlet.java" Intrnl_Id="545">
<LocList>
<Loc EndOffset="1371" SrcFileId="15" StartOffset="1315"/>
</LocList>
</BasicStmnt>
<BasicStmnt CovItemId="S6" CovItemPrefix="servlets.CommunityStatisticsServlet.java" Intrnl_Id="546">
<LocList>
<Loc EndOffset="1416" SrcFileId="15" StartOffset="1376"/>
</LocList>
</BasicStmnt>
<BasicStmnt CovItemId="S7" CovItemPrefix="servlets.CommunityStatisticsServlet.java" Intrnl_Id="547">
<LocList>
<Loc EndOffset="1483" SrcFileId="15" StartOffset="1421"/>
</LocList>
</BasicStmnt>
<BasicStmnt CovItemId="S8" CovItemPrefix="servlets.CommunityStatisticsServlet.java" Intrnl_Id="548">
<LocList>
<Loc EndOffset="1531" SrcFileId="15" StartOffset="1488"/>
</LocList>
</BasicStmnt>
<CondStmnt CovItemId="S4" CovItemPrefix="servlets.CommunityStatisticsServlet.java" Intrnl_Id="549">
<Branch CovItemId="B1" CovItemPrefix="servlets.CommunityStatisticsServlet.java" Implct="true" Intrnl_Id="550">
<Cond/>
<LocList/>
<StmntSeq Intrnl_Id="551">
<LocList/>
</StmntSeq>
</Branch>
<Branch CovItemId="B2" CovItemPrefix="servlets.CommunityStatisticsServlet.java" Implct="false" Intrnl_Id="552">
<Cond>
<Loc EndOffset="1573" SrcFileId="15" StartOffset="1537"/>
</Cond>
<LocList>
<Loc EndOffset="1759" SrcFileId="15" StartOffset="1574"/>
</LocList>
<StmntSeq Intrnl_Id="553">
<LocList>
<Loc EndOffset="1603" SrcFileId="15" StartOffset="1580"/>
<Loc EndOffset="1692" SrcFileId="15" StartOffset="1608"/>
<Loc EndOffset="1754" SrcFileId="15" StartOffset="1697"/>
</LocList>
<BasicStmnt CovItemId="S9" CovItemPrefix="servlets.CommunityStatisticsServlet.java" Intrnl_Id="554">
<LocList>
<Loc EndOffset="1603" SrcFileId="15" StartOffset="1580"/>
</LocList>
</BasicStmnt>
<BasicStmnt CovItemId="S10" CovItemPrefix="servlets.CommunityStatisticsServlet.java" Intrnl_Id="555">
<LocList>
<Loc EndOffset="1692" SrcFileId="15" StartOffset="1608"/>
</LocList>
</BasicStmnt>
<BasicStmnt CovItemId="S11" CovItemPrefix="servlets.CommunityStatisticsServlet.java" Intrnl_Id="556">
<LocList>
<Loc EndOffset="1754" SrcFileId="15" StartOffset="1697"/>
</LocList>
</BasicStmnt>
</StmntSeq>
</Branch>
<Keyword EndOffset="1308" SrcFileId="15" StartOffset="1305"/>
<LocList>
<Loc EndOffset="1759" SrcFileId="15" StartOffset="1305"/>
</LocList>
</CondStmnt>
<BasicStmnt CovItemId="S12" CovItemPrefix="servlets.CommunityStatisticsServlet.java" Intrnl_Id="557">
<LocList>
<Loc EndOffset="1805" SrcFileId="15" StartOffset="1767"/>
</LocList>
</BasicStmnt>
</StmntSeq>
</HierarchyLvl>
</HierarchyLvl>
</HierarchyLvl>
<HierarchyLvl HierarchyLvlId="23951" HierarchyLvlTypeId="43" Intrnl_Id="558" Name="services">
<Header/>
<LocList/>
<HierarchyLvl HierarchyLvlId="23614" HierarchyLvlTypeId="44" Intrnl_Id="559" Name="UploadDelegate">
<Header>
<Loc EndOffset="667" SrcFileId="16" StartOffset="616"/>
</Header>
<LocList>
<Loc EndOffset="4231" SrcFileId="16" StartOffset="616"/>
</LocList>
<HierarchyLvl HierarchyLvlId="23609" HierarchyLvlTypeId="45" Intrnl_Id="560" Name="UploadDelegate">
<Header>
<Loc EndOffset="851" SrcFileId="16" StartOffset="788"/>
</Header>
<LocList>
<Loc EndOffset="920" SrcFileId="16" StartOffset="788"/>
</LocList>
<StmntSeq Intrnl_Id="561">
<LocList>
<Loc EndOffset="882" SrcFileId="16" StartOffset="857"/>
<Loc EndOffset="916" SrcFileId="16" StartOffset="886"/>
</LocList>
<BasicStmnt CovItemId="S1" CovItemPrefix="services.UploadDelegate.java" Intrnl_Id="562">
<LocList>
<Loc EndOffset="882" SrcFileId="16" StartOffset="857"/>
</LocList>
</BasicStmnt>
<BasicStmnt CovItemId="S2" CovItemPrefix="services.UploadDelegate.java" Intrnl_Id="563">
<LocList>
<Loc EndOffset="916" SrcFileId="16" StartOffset="886"/>
</LocList>
</BasicStmnt>
</StmntSeq>
</HierarchyLvl>
<HierarchyLvl HierarchyLvlId="23610" HierarchyLvlTypeId="45" Intrnl_Id="564" Name="applyAuthProcess">
<Header>
<Loc EndOffset="1134" SrcFileId="16" StartOffset="1020"/>
</Header>
<LocList>
<Loc EndOffset="1869" SrcFileId="16" StartOffset="1020"/>
</LocList>
<StmntSeq Intrnl_Id="565">
<LocList>
<Loc EndOffset="1207" SrcFileId="16" StartOffset="1142"/>
<Loc EndOffset="1235" SrcFileId="16" StartOffset="1211"/>
<Loc EndOffset="1283" SrcFileId="16" StartOffset="1243"/>
<Loc EndOffset="1356" SrcFileId="16" StartOffset="1287"/>
<Loc EndOffset="1420" SrcFileId="16" StartOffset="1364"/>
<Loc EndOffset="1498" SrcFileId="16" StartOffset="1424"/>
<Loc EndOffset="1533" SrcFileId="16" StartOffset="1504"/>
<Loc EndOffset="1625" SrcFileId="16" StartOffset="1541"/>
<Loc EndOffset="1715" SrcFileId="16" StartOffset="1633"/>
<Loc EndOffset="1763" SrcFileId="16" StartOffset="1719"/>
<Loc EndOffset="1811" SrcFileId="16" StartOffset="1767"/>
<Loc EndOffset="1863" SrcFileId="16" StartOffset="1817"/>
</LocList>
<BasicStmnt CovItemId="S3" CovItemPrefix="services.UploadDelegate.java" Intrnl_Id="566">
<LocList>
<Loc EndOffset="1207" SrcFileId="16" StartOffset="1142"/>
</LocList>
</BasicStmnt>
<BasicStmnt CovItemId="S4" CovItemPrefix="services.UploadDelegate.java" Intrnl_Id="567">
<LocList>
<Loc EndOffset="1235" SrcFileId="16" StartOffset="1211"/>
</LocList>
</BasicStmnt>
<BasicStmnt CovItemId="S5" CovItemPrefix="services.UploadDelegate.java" Intrnl_Id="568">
<LocList>
<Loc EndOffset="1283" SrcFileId="16" StartOffset="1243"/>
</LocList>
</BasicStmnt>
<BasicStmnt CovItemId="S6" CovItemPrefix="services.UploadDelegate.java" Intrnl_Id="569">
<LocList>
<Loc EndOffset="1356" SrcFileId="16" StartOffset="1287"/>
</LocList>
</BasicStmnt>
<BasicStmnt CovItemId="S7" CovItemPrefix="services.UploadDelegate.java" Intrnl_Id="570">
<LocList>
<Loc EndOffset="1420" SrcFileId="16" StartOffset="1364"/>
</LocList>
</BasicStmnt>
<BasicStmnt CovItemId="S8" CovItemPrefix="services.UploadDelegate.java" Intrnl_Id="571">
<LocList>
<Loc EndOffset="1498" SrcFileId="16" StartOffset="1424"/>
</LocList>
</BasicStmnt>
<BasicStmnt CovItemId="S9" CovItemPrefix="services.UploadDelegate.java" Intrnl_Id="572">
<LocList>
<Loc EndOffset="1533" SrcFileId="16" StartOffset="1504"/>
</LocList>
</BasicStmnt>
<CondStmnt CovItemId="S10" CovItemPrefix="services.UploadDelegate.java" Intrnl_Id="573">
<Branch CovItemId="B1" CovItemPrefix="services.UploadDelegate.java" Implct="false" Intrnl_Id="574">
<Cond/>
<LocList>
<Loc EndOffset="1625" SrcFileId="16" StartOffset="1610"/>
</LocList>
<StmntSeq Intrnl_Id="575">
<LocList>
<Loc EndOffset="1625" SrcFileId="16" StartOffset="1610"/>
</LocList>
<BasicStmnt CovItemId="S11" CovItemPrefix="services.UploadDelegate.java" Intrnl_Id="576">
<LocList>
<Loc EndOffset="1625" SrcFileId="16" StartOffset="1610"/>
</LocList>
</BasicStmnt>
</StmntSeq>
</Branch>
<Branch CovItemId="B2" CovItemPrefix="services.UploadDelegate.java" Implct="true" Intrnl_Id="577">
<Cond/>
<LocList/>
<StmntSeq Intrnl_Id="578">
<LocList/>
</StmntSeq>
</Branch>
<Keyword EndOffset="1543" SrcFileId="16" StartOffset="1541"/>
<LocList>
<Loc EndOffset="1625" SrcFileId="16" StartOffset="1541"/>
</LocList>
</CondStmnt>
<BasicStmnt CovItemId="S12" CovItemPrefix="services.UploadDelegate.java" Intrnl_Id="579">
<LocList>
<Loc EndOffset="1715" SrcFileId="16" StartOffset="1633"/>
</LocList>
</BasicStmnt>
<BasicStmnt CovItemId="S13" CovItemPrefix="services.UploadDelegate.java" Intrnl_Id="580">
<LocList>
<Loc EndOffset="1763" SrcFileId="16" StartOffset="1719"/>
</LocList>
</BasicStmnt>
<BasicStmnt CovItemId="S14" CovItemPrefix="services.UploadDelegate.java" Intrnl_Id="581">
<LocList>
<Loc EndOffset="1811" SrcFileId="16" StartOffset="1767"/>
</LocList>
</BasicStmnt>
<BasicStmnt CovItemId="S15" CovItemPrefix="services.UploadDelegate.java" Intrnl_Id="582">
<LocList>
<Loc EndOffset="1863" SrcFileId="16" StartOffset="1817"/>
</LocList>
</BasicStmnt>
</StmntSeq>
</HierarchyLvl>
<HierarchyLvl HierarchyLvlId="23611" HierarchyLvlTypeId="45" Intrnl_Id="583" Name="uploadMiscData">
<Header>
<Loc EndOffset="2311" SrcFileId="16" StartOffset="2184"/>
</Header>
<LocList>
<Loc EndOffset="2701" SrcFileId="16" StartOffset="2184"/>
</LocList>
<StmntSeq Intrnl_Id="584">
<LocList>
<Loc EndOffset="2383" SrcFileId="16" StartOffset="2319"/>
<Loc EndOffset="2666" SrcFileId="16" StartOffset="2389"/>
<Loc EndOffset="2697" SrcFileId="16" StartOffset="2672"/>
</LocList>
<BasicStmnt CovItemId="S16" CovItemPrefix="services.UploadDelegate.java" Intrnl_Id="585">
<LocList>
<Loc EndOffset="2383" SrcFileId="16" StartOffset="2319"/>
</LocList>
</BasicStmnt>
<LoopStmnt CovItemId="S17" CovItemPrefix="services.UploadDelegate.java" Intrnl_Id="586" MltplExecId="L1-2" MltplExecPrefix="services.UploadDelegate.java" NvrExecId="L1-0" NvrExecPrefix="services.UploadDelegate.java" OnceExecutedId="L1-1" OnceExecutedPrefix="services.UploadDelegate.java" OptBodyExec="true">
<StmntSeq Intrnl_Id="587">
<LocList>
<Loc EndOffset="2509" SrcFileId="16" StartOffset="2461"/>
<Loc EndOffset="2570" SrcFileId="16" StartOffset="2526"/>
<Loc EndOffset="2608" SrcFileId="16" StartOffset="2576"/>
<Loc EndOffset="2659" SrcFileId="16" StartOffset="2516"/>
</LocList>
<BasicStmnt CovItemId="S18" CovItemPrefix="services.UploadDelegate.java" Intrnl_Id="588">
<LocList>
<Loc EndOffset="2509" SrcFileId="16" StartOffset="2461"/>
</LocList>
</BasicStmnt>
<BasicStmnt CovItemId="S20" CovItemPrefix="services.UploadDelegate.java" Intrnl_Id="589">
<LocList>
<Loc EndOffset="2570" SrcFileId="16" StartOffset="2526"/>
</LocList>
</BasicStmnt>
<BasicStmnt CovItemId="S21" CovItemPrefix="services.UploadDelegate.java" Intrnl_Id="590">
<LocList>
<Loc EndOffset="2608" SrcFileId="16" StartOffset="2576"/>
</LocList>
</BasicStmnt>
<CondStmnt CovItemId="S19" CovItemPrefix="services.UploadDelegate.java" Intrnl_Id="591">
<Branch CovItemId="B3" CovItemPrefix="services.UploadDelegate.java" Implct="true" Intrnl_Id="592">
<Cond/>
<LocList/>
<StmntSeq Intrnl_Id="593">
<LocList/>
</StmntSeq>
</Branch>
<Branch CovItemId="B4" CovItemPrefix="services.UploadDelegate.java" Implct="false" Intrnl_Id="594">
<Cond>
<Loc EndOffset="2655" SrcFileId="16" StartOffset="2620"/>
</Cond>
<LocList>
<Loc EndOffset="2659" SrcFileId="16" StartOffset="2656"/>
</LocList>
<StmntSeq Intrnl_Id="595">
<LocList/>
</StmntSeq>
</Branch>
<Keyword EndOffset="2519" SrcFileId="16" StartOffset="2516"/>
<LocList>
<Loc EndOffset="2659" SrcFileId="16" StartOffset="2516"/>
</LocList>
</CondStmnt>
</StmntSeq>
<Keyword EndOffset="2392" SrcFileId="16" StartOffset="2389"/>
<LocList>
<Loc EndOffset="2666" SrcFileId="16" StartOffset="2389"/>
</LocList>
</LoopStmnt>
<BasicStmnt CovItemId="S22" CovItemPrefix="services.UploadDelegate.java" Intrnl_Id="596">
<LocList>
<Loc EndOffset="2697" SrcFileId="16" StartOffset="2672"/>
</LocList>
</BasicStmnt>
</StmntSeq>
</HierarchyLvl>
<HierarchyLvl HierarchyLvlId="23612" HierarchyLvlTypeId="45" Intrnl_Id="597" Name="uploadGameData">
<Header>
<Loc EndOffset="3183" SrcFileId="16" StartOffset="3069"/>
</Header>
<LocList>
<Loc EndOffset="3696" SrcFileId="16" StartOffset="3069"/>
</LocList>
<StmntSeq Intrnl_Id="598">
<LocList>
<Loc EndOffset="3253" SrcFileId="16" StartOffset="3191"/>
<Loc EndOffset="3653" SrcFileId="16" StartOffset="3259"/>
<Loc EndOffset="3692" SrcFileId="16" StartOffset="3667"/>
</LocList>
<BasicStmnt CovItemId="S23" CovItemPrefix="services.UploadDelegate.java" Intrnl_Id="599">
<LocList>
<Loc EndOffset="3253" SrcFileId="16" StartOffset="3191"/>
</LocList>
</BasicStmnt>
<LoopStmnt CovItemId="S24" CovItemPrefix="services.UploadDelegate.java" Intrnl_Id="600" MltplExecId="L2-2" MltplExecPrefix="services.UploadDelegate.java" NvrExecId="L2-0" NvrExecPrefix="services.UploadDelegate.java" OnceExecutedId="L2-1" OnceExecutedPrefix="services.UploadDelegate.java" OptBodyExec="true">
<StmntSeq Intrnl_Id="601">
<LocList>
<Loc EndOffset="3359" SrcFileId="16" StartOffset="3327"/>
<Loc EndOffset="3412" SrcFileId="16" StartOffset="3376"/>
<Loc EndOffset="3458" SrcFileId="16" StartOffset="3418"/>
<Loc EndOffset="3529" SrcFileId="16" StartOffset="3470"/>
<Loc EndOffset="3597" SrcFileId="16" StartOffset="3535"/>
<Loc EndOffset="3648" SrcFileId="16" StartOffset="3366"/>
</LocList>
<BasicStmnt CovItemId="S25" CovItemPrefix="services.UploadDelegate.java" Intrnl_Id="602">
<LocList>
<Loc EndOffset="3359" SrcFileId="16" StartOffset="3327"/>
</LocList>
</BasicStmnt>
<BasicStmnt CovItemId="S27" CovItemPrefix="services.UploadDelegate.java" Intrnl_Id="603">
<LocList>
<Loc EndOffset="3412" SrcFileId="16" StartOffset="3376"/>
</LocList>
</BasicStmnt>
<BasicStmnt CovItemId="S28" CovItemPrefix="services.UploadDelegate.java" Intrnl_Id="604">
<LocList>
<Loc EndOffset="3458" SrcFileId="16" StartOffset="3418"/>
</LocList>
</BasicStmnt>
<BasicStmnt CovItemId="S29" CovItemPrefix="services.UploadDelegate.java" Intrnl_Id="605">
<LocList>
<Loc EndOffset="3529" SrcFileId="16" StartOffset="3470"/>
</LocList>
</BasicStmnt>
<BasicStmnt CovItemId="S30" CovItemPrefix="services.UploadDelegate.java" Intrnl_Id="606">
<LocList>
<Loc EndOffset="3597" SrcFileId="16" StartOffset="3535"/>
</LocList>
</BasicStmnt>
<CondStmnt CovItemId="S26" CovItemPrefix="services.UploadDelegate.java" Intrnl_Id="607">
<Branch CovItemId="B5" CovItemPrefix="services.UploadDelegate.java" Implct="true" Intrnl_Id="608">
<Cond/>
<LocList/>
<StmntSeq Intrnl_Id="609">
<LocList/>
</StmntSeq>
</Branch>
<Branch CovItemId="B6" CovItemPrefix="services.UploadDelegate.java" Implct="false" Intrnl_Id="610">
<Cond>
<Loc EndOffset="3644" SrcFileId="16" StartOffset="3609"/>
</Cond>
<LocList>
<Loc EndOffset="3648" SrcFileId="16" StartOffset="3645"/>
</LocList>
<StmntSeq Intrnl_Id="611">
<LocList/>
</StmntSeq>
</Branch>
<Keyword EndOffset="3369" SrcFileId="16" StartOffset="3366"/>
<LocList>
<Loc EndOffset="3648" SrcFileId="16" StartOffset="3366"/>
</LocList>
</CondStmnt>
</StmntSeq>
<Keyword EndOffset="3262" SrcFileId="16" StartOffset="3259"/>
<LocList>
<Loc EndOffset="3653" SrcFileId="16" StartOffset="3259"/>
</LocList>
</LoopStmnt>
<BasicStmnt CovItemId="S31" CovItemPrefix="services.UploadDelegate.java" Intrnl_Id="612">
<LocList>
<Loc EndOffset="3692" SrcFileId="16" StartOffset="3667"/>
</LocList>
</BasicStmnt>
</StmntSeq>
</HierarchyLvl>
<HierarchyLvl HierarchyLvlId="23613" HierarchyLvlTypeId="45" Intrnl_Id="613" Name="updateRankings">
<Header>
<Loc EndOffset="4067" SrcFileId="16" StartOffset="3989"/>
</Header>
<LocList>
<Loc EndOffset="4226" SrcFileId="16" StartOffset="3989"/>
</LocList>
<StmntSeq Intrnl_Id="614">
<LocList>
<Loc EndOffset="4105" SrcFileId="16" StartOffset="4076"/>
<Loc EndOffset="4190" SrcFileId="16" StartOffset="4110"/>
<Loc EndOffset="4218" SrcFileId="16" StartOffset="4195"/>
</LocList>
<BasicStmnt CovItemId="S32" CovItemPrefix="services.UploadDelegate.java" Intrnl_Id="615">
<LocList>
<Loc EndOffset="4105" SrcFileId="16" StartOffset="4076"/>
</LocList>
</BasicStmnt>
<BasicStmnt CovItemId="S33" CovItemPrefix="services.UploadDelegate.java" Intrnl_Id="616">
<LocList>
<Loc EndOffset="4190" SrcFileId="16" StartOffset="4110"/>
</LocList>
</BasicStmnt>
<BasicStmnt CovItemId="S34" CovItemPrefix="services.UploadDelegate.java" Intrnl_Id="617">
<LocList>
<Loc EndOffset="4218" SrcFileId="16" StartOffset="4195"/>
</LocList>
</BasicStmnt>
</StmntSeq>
</HierarchyLvl>
</HierarchyLvl>
<HierarchyLvl HierarchyLvlId="23617" HierarchyLvlTypeId="44" Intrnl_Id="618" Name="TestDelegate">
<Header>
<Loc EndOffset="367" SrcFileId="17" StartOffset="318"/>
</Header>
<LocList>
<Loc EndOffset="704" SrcFileId="17" StartOffset="318"/>
</LocList>
<HierarchyLvl HierarchyLvlId="23615" HierarchyLvlTypeId="45" Intrnl_Id="619" Name="TestDelegate">
<Header>
<Loc EndOffset="512" SrcFileId="17" StartOffset="451"/>
</Header>
<LocList>
<Loc EndOffset="547" SrcFileId="17" StartOffset="451"/>
</LocList>
<StmntSeq Intrnl_Id="620">
<LocList>
<Loc EndOffset="543" SrcFileId="17" StartOffset="518"/>
</LocList>
<BasicStmnt CovItemId="S1" CovItemPrefix="services.TestDelegate.java" Intrnl_Id="621">
<LocList>
<Loc EndOffset="543" SrcFileId="17" StartOffset="518"/>
</LocList>
</BasicStmnt>
</StmntSeq>
</HierarchyLvl>
<HierarchyLvl HierarchyLvlId="23616" HierarchyLvlTypeId="45" Intrnl_Id="622" Name="applyAuthProcess">
<Header>
<Loc EndOffset="670" SrcFileId="17" StartOffset="552"/>
</Header>
<LocList>
<Loc EndOffset="695" SrcFileId="17" StartOffset="552"/>
</LocList>
<StmntSeq Intrnl_Id="623">
<LocList>
<Loc EndOffset="691" SrcFileId="17" StartOffset="680"/>
</LocList>
<BasicStmnt CovItemId="S2" CovItemPrefix="services.TestDelegate.java" Intrnl_Id="624">
<LocList>
<Loc EndOffset="691" SrcFileId="17" StartOffset="680"/>
</LocList>
</BasicStmnt>
</StmntSeq>
</HierarchyLvl>
</HierarchyLvl>
<HierarchyLvl HierarchyLvlId="23624" HierarchyLvlTypeId="44" Intrnl_Id="625" Name="ServiceFactory">
<Header>
<Loc EndOffset="867" SrcFileId="18" StartOffset="840"/>
</Header>
<LocList>
<Loc EndOffset="1077" SrcFileId="18" StartOffset="840"/>
<Loc EndOffset="4807" SrcFileId="18" StartOffset="1187"/>
</LocList>
<HierarchyLvl HierarchyLvlId="23618" HierarchyLvlTypeId="45" Intrnl_Id="626" Name="ServiceFactory">
<Header>
<Loc EndOffset="934" SrcFileId="18" StartOffset="911"/>
</Header>
<LocList>
<Loc EndOffset="938" SrcFileId="18" StartOffset="911"/>
</LocList>
</HierarchyLvl>
<HierarchyLvl HierarchyLvlId="23619" HierarchyLvlTypeId="42" Intrnl_Id="627" Name="ServletType">
<Header>
<Loc EndOffset="1100" SrcFileId="18" StartOffset="1077"/>
</Header>
<LocList>
<Loc EndOffset="1187" SrcFileId="18" StartOffset="1077"/>
</LocList>
</HierarchyLvl>
<HierarchyLvl HierarchyLvlId="23620" HierarchyLvlTypeId="45" Intrnl_Id="628" Name="getService">
<Header>
<Loc EndOffset="1553" SrcFileId="18" StartOffset="1430"/>
</Header>
<LocList>
<Loc EndOffset="1809" SrcFileId="18" StartOffset="1430"/>
</LocList>
<StmntSeq Intrnl_Id="629">
<LocList>
<Loc EndOffset="1611" SrcFileId="18" StartOffset="1561"/>
<Loc EndOffset="1653" SrcFileId="18" StartOffset="1615"/>
<Loc EndOffset="1743" SrcFileId="18" StartOffset="1661"/>
<Loc EndOffset="1805" SrcFileId="18" StartOffset="1751"/>
</LocList>
<BasicStmnt CovItemId="S1" CovItemPrefix="services.ServiceFactory.java" Intrnl_Id="630">
<LocList>
<Loc EndOffset="1611" SrcFileId="18" StartOffset="1561"/>
</LocList>
</BasicStmnt>
<BasicStmnt CovItemId="S2" CovItemPrefix="services.ServiceFactory.java" Intrnl_Id="631">
<LocList>
<Loc EndOffset="1653" SrcFileId="18" StartOffset="1615"/>
</LocList>
</BasicStmnt>
<BasicStmnt CovItemId="S3" CovItemPrefix="services.ServiceFactory.java" Intrnl_Id="632">
<LocList>
<Loc EndOffset="1743" SrcFileId="18" StartOffset="1661"/>
</LocList>
</BasicStmnt>
<BasicStmnt CovItemId="S4" CovItemPrefix="services.ServiceFactory.java" Intrnl_Id="633">
<LocList>
<Loc EndOffset="1805" SrcFileId="18" StartOffset="1751"/>
</LocList>
</BasicStmnt>
</StmntSeq>
</HierarchyLvl>
<HierarchyLvl HierarchyLvlId="23621" HierarchyLvlTypeId="45" Intrnl_Id="634" Name="generateServiceDelegate">
<Header>
<Loc EndOffset="2255" SrcFileId="18" StartOffset="2141"/>
</Header>
<LocList>
<Loc EndOffset="2930" SrcFileId="18" StartOffset="2141"/>
</LocList>
<StmntSeq Intrnl_Id="635">
<LocList>
<Loc EndOffset="2926" SrcFileId="18" StartOffset="2265"/>
</LocList>
<CondStmnt CovItemId="S5" CovItemPrefix="services.ServiceFactory.java" Intrnl_Id="636">
<Branch CovItemId="B1" CovItemPrefix="services.ServiceFactory.java" Implct="false" Intrnl_Id="637">
<Cond>
<Loc EndOffset="2304" SrcFileId="18" StartOffset="2294"/>
</Cond>
<LocList>
<Loc EndOffset="2354" SrcFileId="18" StartOffset="2310"/>
</LocList>
<StmntSeq Intrnl_Id="638">
<LocList>
<Loc EndOffset="2354" SrcFileId="18" StartOffset="2310"/>
</LocList>
<BasicStmnt CovItemId="S6" CovItemPrefix="services.ServiceFactory.java" Intrnl_Id="639">
<LocList>
<Loc EndOffset="2354" SrcFileId="18" StartOffset="2310"/>
</LocList>
</BasicStmnt>
</StmntSeq>
</Branch>
<Branch CovItemId="B2" CovItemPrefix="services.ServiceFactory.java" Implct="false" Intrnl_Id="640">
<Cond>
<Loc EndOffset="2369" SrcFileId="18" StartOffset="2358"/>
</Cond>
<LocList>
<Loc EndOffset="2420" SrcFileId="18" StartOffset="2375"/>
</LocList>
<StmntSeq Intrnl_Id="641">
<LocList>
<Loc EndOffset="2420" SrcFileId="18" StartOffset="2375"/>
</LocList>
<BasicStmnt CovItemId="S7" CovItemPrefix="services.ServiceFactory.java" Intrnl_Id="642">
<LocList>
<Loc EndOffset="2420" SrcFileId="18" StartOffset="2375"/>
</LocList>
</BasicStmnt>
</StmntSeq>
</Branch>
<Branch CovItemId="B3" CovItemPrefix="services.ServiceFactory.java" Implct="false" Intrnl_Id="643">
<Cond>
<Loc EndOffset="2437" SrcFileId="18" StartOffset="2424"/>
</Cond>
<LocList>
<Loc EndOffset="2490" SrcFileId="18" StartOffset="2443"/>
</LocList>
<StmntSeq Intrnl_Id="644">
<LocList>
<Loc EndOffset="2490" SrcFileId="18" StartOffset="2443"/>
</LocList>
<BasicStmnt CovItemId="S8" CovItemPrefix="services.ServiceFactory.java" Intrnl_Id="645">
<LocList>
<Loc EndOffset="2490" SrcFileId="18" StartOffset="2443"/>
</LocList>
</BasicStmnt>
</StmntSeq>
</Branch>
<Branch CovItemId="B4" CovItemPrefix="services.ServiceFactory.java" Implct="false" Intrnl_Id="646">
<Cond>
<Loc EndOffset="2505" SrcFileId="18" StartOffset="2494"/>
</Cond>
<LocList>
<Loc EndOffset="2556" SrcFileId="18" StartOffset="2511"/>
</LocList>
<StmntSeq Intrnl_Id="647">
<LocList>
<Loc EndOffset="2556" SrcFileId="18" StartOffset="2511"/>
</LocList>
<BasicStmnt CovItemId="S9" CovItemPrefix="services.ServiceFactory.java" Intrnl_Id="648">
<LocList>
<Loc EndOffset="2556" SrcFileId="18" StartOffset="2511"/>
</LocList>
</BasicStmnt>
</StmntSeq>
</Branch>
<Branch CovItemId="B5" CovItemPrefix="services.ServiceFactory.java" Implct="false" Intrnl_Id="649">
<Cond>
<Loc EndOffset="2573" SrcFileId="18" StartOffset="2560"/>
</Cond>
<LocList>
<Loc EndOffset="2636" SrcFileId="18" StartOffset="2579"/>
</LocList>
<StmntSeq Intrnl_Id="650">
<LocList>
<Loc EndOffset="2636" SrcFileId="18" StartOffset="2579"/>
</LocList>
<BasicStmnt CovItemId="S10" CovItemPrefix="services.ServiceFactory.java" Intrnl_Id="651">
<LocList>
<Loc EndOffset="2636" SrcFileId="18" StartOffset="2579"/>
</LocList>
</BasicStmnt>
</StmntSeq>
</Branch>
<Branch CovItemId="B6" CovItemPrefix="services.ServiceFactory.java" Implct="false" Intrnl_Id="652">
<Cond>
<Loc EndOffset="2652" SrcFileId="18" StartOffset="2640"/>
</Cond>
<LocList>
<Loc EndOffset="2714" SrcFileId="18" StartOffset="2658"/>
</LocList>
<StmntSeq Intrnl_Id="653">
<LocList>
<Loc EndOffset="2714" SrcFileId="18" StartOffset="2658"/>
</LocList>
<BasicStmnt CovItemId="S11" CovItemPrefix="services.ServiceFactory.java" Intrnl_Id="654">
<LocList>
<Loc EndOffset="2714" SrcFileId="18" StartOffset="2658"/>
</LocList>
</BasicStmnt>
</StmntSeq>
</Branch>
<Branch CovItemId="B7" CovItemPrefix="services.ServiceFactory.java" Implct="false" Intrnl_Id="655">
<Cond>
<Loc EndOffset="2732" SrcFileId="18" StartOffset="2718"/>
</Cond>
<LocList>
<Loc EndOffset="2796" SrcFileId="18" StartOffset="2738"/>
</LocList>
<StmntSeq Intrnl_Id="656">
<LocList>
<Loc EndOffset="2796" SrcFileId="18" StartOffset="2738"/>
</LocList>
<BasicStmnt CovItemId="S12" CovItemPrefix="services.ServiceFactory.java" Intrnl_Id="657">
<LocList>
<Loc EndOffset="2796" SrcFileId="18" StartOffset="2738"/>
</LocList>
</BasicStmnt>
</StmntSeq>
</Branch>
<Branch CovItemId="B8" CovItemPrefix="services.ServiceFactory.java" Implct="false" Intrnl_Id="658">
<Cond>
<Loc EndOffset="2809" SrcFileId="18" StartOffset="2800"/>
</Cond>
<LocList>
<Loc EndOffset="2858" SrcFileId="18" StartOffset="2815"/>
</LocList>
<StmntSeq Intrnl_Id="659">
<LocList>
<Loc EndOffset="2858" SrcFileId="18" StartOffset="2815"/>
</LocList>
<BasicStmnt CovItemId="S13" CovItemPrefix="services.ServiceFactory.java" Intrnl_Id="660">
<LocList>
<Loc EndOffset="2858" SrcFileId="18" StartOffset="2815"/>
</LocList>
</BasicStmnt>
</StmntSeq>
</Branch>
<Branch CovItemId="B9" CovItemPrefix="services.ServiceFactory.java" Implct="false" Intrnl_Id="661">
<Cond>
<Loc EndOffset="2869" SrcFileId="18" StartOffset="2862"/>
</Cond>
<LocList>
<Loc EndOffset="2921" SrcFileId="18" StartOffset="2875"/>
</LocList>
<StmntSeq Intrnl_Id="662">
<LocList>
<Loc EndOffset="2921" SrcFileId="18" StartOffset="2875"/>
</LocList>
<BasicStmnt CovItemId="S14" CovItemPrefix="services.ServiceFactory.java" Intrnl_Id="663">
<LocList>
<Loc EndOffset="2921" SrcFileId="18" StartOffset="2875"/>
</LocList>
</BasicStmnt>
</StmntSeq>
</Branch>
<Keyword EndOffset="2271" SrcFileId="18" StartOffset="2265"/>
<LocList>
<Loc EndOffset="2926" SrcFileId="18" StartOffset="2265"/>
</LocList>
</CondStmnt>
</StmntSeq>
</HierarchyLvl>
<HierarchyLvl HierarchyLvlId="23622" HierarchyLvlTypeId="45" Intrnl_Id="664" Name="generateGSON">
<Header>
<Loc EndOffset="3270" SrcFileId="18" StartOffset="3220"/>
</Header>
<LocList>
<Loc EndOffset="3951" SrcFileId="18" StartOffset="3220"/>
</LocList>
<StmntSeq Intrnl_Id="665">
<LocList>
<Loc EndOffset="3322" SrcFileId="18" StartOffset="3278"/>
<Loc EndOffset="3911" SrcFileId="18" StartOffset="3330"/>
<Loc EndOffset="3947" SrcFileId="18" StartOffset="3919"/>
</LocList>
<BasicStmnt CovItemId="S15" CovItemPrefix="services.ServiceFactory.java" Intrnl_Id="666">
<LocList>
<Loc EndOffset="3322" SrcFileId="18" StartOffset="3278"/>
</LocList>
</BasicStmnt>
<CondStmnt CovItemId="S16" CovItemPrefix="services.ServiceFactory.java" Intrnl_Id="667">
<Branch CovItemId="B10" CovItemPrefix="services.ServiceFactory.java" Implct="false" Intrnl_Id="668">
<Cond>
<Loc EndOffset="3369" SrcFileId="18" StartOffset="3359"/>
</Cond>
<LocList/>
<StmntSeq Intrnl_Id="669">
<LocList/>
</StmntSeq>
</Branch>
<Branch CovItemId="B11" CovItemPrefix="services.ServiceFactory.java" Implct="false" Intrnl_Id="670">
<Cond>
<Loc EndOffset="3385" SrcFileId="18" StartOffset="3374"/>
</Cond>
<LocList/>
<StmntSeq Intrnl_Id="671">
<LocList/>
</StmntSeq>
</Branch>
<Branch CovItemId="B12" CovItemPrefix="services.ServiceFactory.java" Implct="false" Intrnl_Id="672">
<Cond>
<Loc EndOffset="3403" SrcFileId="18" StartOffset="3390"/>
</Cond>
<LocList>
<Loc EndOffset="3515" SrcFileId="18" StartOffset="3409"/>
</LocList>
<StmntSeq Intrnl_Id="673">
<LocList>
<Loc EndOffset="3504" SrcFileId="18" StartOffset="3409"/>
<Loc EndOffset="3515" SrcFileId="18" StartOffset="3509"/>
</LocList>
<BasicStmnt CovItemId="S17" CovItemPrefix="services.ServiceFactory.java" Intrnl_Id="674">
<LocList>
<Loc EndOffset="3504" SrcFileId="18" StartOffset="3409"/>
</LocList>
</BasicStmnt>
<BasicStmnt CovItemId="S18" CovItemPrefix="services.ServiceFactory.java" Intrnl_Id="675">
<LocList>
<Loc EndOffset="3515" SrcFileId="18" StartOffset="3509"/>
</LocList>
</BasicStmnt>
</StmntSeq>
</Branch>
<Branch CovItemId="B13" CovItemPrefix="services.ServiceFactory.java" Implct="false" Intrnl_Id="676">
<Cond>
<Loc EndOffset="3537" SrcFileId="18" StartOffset="3523"/>
</Cond>
<LocList/>
<StmntSeq Intrnl_Id="677">
<LocList/>
</StmntSeq>
</Branch>
<Branch CovItemId="B14" CovItemPrefix="services.ServiceFactory.java" Implct="false" Intrnl_Id="678">
<Cond>
<Loc EndOffset="3554" SrcFileId="18" StartOffset="3542"/>
</Cond>
<LocList/>
<StmntSeq Intrnl_Id="679">
<LocList/>
</StmntSeq>
</Branch>
<Branch CovItemId="B15" CovItemPrefix="services.ServiceFactory.java" Implct="false" Intrnl_Id="680">
<Cond>
<Loc EndOffset="3572" SrcFileId="18" StartOffset="3559"/>
</Cond>
<LocList/>
<StmntSeq Intrnl_Id="681">
<LocList/>
</StmntSeq>
</Branch>
<Branch CovItemId="B16" CovItemPrefix="services.ServiceFactory.java" Implct="false" Intrnl_Id="682">
<Cond>
<Loc EndOffset="3588" SrcFileId="18" StartOffset="3577"/>
</Cond>
<LocList/>
<StmntSeq Intrnl_Id="683">
<LocList/>
</StmntSeq>
</Branch>
<Branch CovItemId="B17" CovItemPrefix="services.ServiceFactory.java" Implct="false" Intrnl_Id="684">
<Cond>
<Loc EndOffset="3602" SrcFileId="18" StartOffset="3593"/>
</Cond>
<LocList>
<Loc EndOffset="3883" SrcFileId="18" StartOffset="3608"/>
</LocList>
<StmntSeq Intrnl_Id="685">
<LocList>
<Loc EndOffset="3703" SrcFileId="18" StartOffset="3608"/>
<Loc EndOffset="3799" SrcFileId="18" StartOffset="3708"/>
<Loc EndOffset="3883" SrcFileId="18" StartOffset="3804"/>
</LocList>
<BasicStmnt CovItemId="S19" CovItemPrefix="services.ServiceFactory.java" Intrnl_Id="686">
<LocList>
<Loc EndOffset="3703" SrcFileId="18" StartOffset="3608"/>
</LocList>
</BasicStmnt>
<BasicStmnt CovItemId="S20" CovItemPrefix="services.ServiceFactory.java" Intrnl_Id="687">
<LocList>
<Loc EndOffset="3799" SrcFileId="18" StartOffset="3708"/>
</LocList>
</BasicStmnt>
<BasicStmnt CovItemId="S21" CovItemPrefix="services.ServiceFactory.java" Intrnl_Id="688">
<LocList>
<Loc EndOffset="3883" SrcFileId="18" StartOffset="3804"/>
</LocList>
</BasicStmnt>
</StmntSeq>
</Branch>
<Branch CovItemId="B18" CovItemPrefix="services.ServiceFactory.java" Implct="false" Intrnl_Id="689">
<Cond>
<Loc EndOffset="3894" SrcFileId="18" StartOffset="3887"/>
</Cond>
<LocList>
<Loc EndOffset="3906" SrcFileId="18" StartOffset="3900"/>
</LocList>
<StmntSeq Intrnl_Id="690">
<LocList>
<Loc EndOffset="3906" SrcFileId="18" StartOffset="3900"/>
</LocList>
<BasicStmnt CovItemId="S22" CovItemPrefix="services.ServiceFactory.java" Intrnl_Id="691">
<LocList>
<Loc EndOffset="3906" SrcFileId="18" StartOffset="3900"/>
</LocList>
</BasicStmnt>
</StmntSeq>
</Branch>
<Keyword EndOffset="3336" SrcFileId="18" StartOffset="3330"/>
<LocList>
<Loc EndOffset="3911" SrcFileId="18" StartOffset="3330"/>
</LocList>
</CondStmnt>
<BasicStmnt CovItemId="S23" CovItemPrefix="services.ServiceFactory.java" Intrnl_Id="692">
<LocList>
<Loc EndOffset="3947" SrcFileId="18" StartOffset="3919"/>
</LocList>
</BasicStmnt>
</StmntSeq>
</HierarchyLvl>
<HierarchyLvl HierarchyLvlId="23623" HierarchyLvlTypeId="45" Intrnl_Id="693" Name="getServletType">
<Header>
<Loc EndOffset="4112" SrcFileId="18" StartOffset="4051"/>
</Header>
<LocList>
<Loc EndOffset="4804" SrcFileId="18" StartOffset="4051"/>
</LocList>
<StmntSeq Intrnl_Id="694">
<LocList>
<Loc EndOffset="4800" SrcFileId="18" StartOffset="4120"/>
</LocList>
<CondStmnt CovItemId="S24" CovItemPrefix="services.ServiceFactory.java" Intrnl_Id="695">
<Branch CovItemId="B19" CovItemPrefix="services.ServiceFactory.java" Implct="false" Intrnl_Id="696">
<Cond/>
<LocList>
<Loc EndOffset="4185" SrcFileId="18" StartOffset="4160"/>
</LocList>
<StmntSeq Intrnl_Id="697">
<LocList>
<Loc EndOffset="4185" SrcFileId="18" StartOffset="4160"/>
</LocList>
<BasicStmnt CovItemId="S25" CovItemPrefix="services.ServiceFactory.java" Intrnl_Id="698">
<LocList>
<Loc EndOffset="4185" SrcFileId="18" StartOffset="4160"/>
</LocList>
</BasicStmnt>
</StmntSeq>
</Branch>
<Branch CovItemId="B20" CovItemPrefix="services.ServiceFactory.java" Implct="false" Intrnl_Id="699">
<Cond>
<Loc EndOffset="4193" SrcFileId="18" StartOffset="4189"/>
</Cond>
<LocList>
<Loc EndOffset="4800" SrcFileId="18" StartOffset="4194"/>
</LocList>
<StmntSeq Intrnl_Id="700">
<LocList>
<Loc EndOffset="4800" SrcFileId="18" StartOffset="4194"/>
</LocList>
<CondStmnt CovItemId="S26" CovItemPrefix="services.ServiceFactory.java" Intrnl_Id="701">
<Branch CovItemId="B21" CovItemPrefix="services.ServiceFactory.java" Implct="false" Intrnl_Id="702">
<Cond/>
<LocList>
<Loc EndOffset="4261" SrcFileId="18" StartOffset="4235"/>
</LocList>
<StmntSeq Intrnl_Id="703">
<LocList>
<Loc EndOffset="4261" SrcFileId="18" StartOffset="4235"/>
</LocList>
<BasicStmnt CovItemId="S27" CovItemPrefix="services.ServiceFactory.java" Intrnl_Id="704">
<LocList>
<Loc EndOffset="4261" SrcFileId="18" StartOffset="4235"/>
</LocList>
</BasicStmnt>
</StmntSeq>
</Branch>
<Branch CovItemId="B22" CovItemPrefix="services.ServiceFactory.java" Implct="false" Intrnl_Id="705">
<Cond>
<Loc EndOffset="4269" SrcFileId="18" StartOffset="4265"/>
</Cond>
<LocList>
<Loc EndOffset="4800" SrcFileId="18" StartOffset="4270"/>
</LocList>
<StmntSeq Intrnl_Id="706">
<LocList>
<Loc EndOffset="4800" SrcFileId="18" StartOffset="4270"/>
</LocList>
<CondStmnt CovItemId="S28" CovItemPrefix="services.ServiceFactory.java" Intrnl_Id="707">
<Branch CovItemId="B23" CovItemPrefix="services.ServiceFactory.java" Implct="false" Intrnl_Id="708">
<Cond/>
<LocList>
<Loc EndOffset="4341" SrcFileId="18" StartOffset="4313"/>
</LocList>
<StmntSeq Intrnl_Id="709">
<LocList>
<Loc EndOffset="4341" SrcFileId="18" StartOffset="4313"/>
</LocList>
<BasicStmnt CovItemId="S29" CovItemPrefix="services.ServiceFactory.java" Intrnl_Id="710">
<LocList>
<Loc EndOffset="4341" SrcFileId="18" StartOffset="4313"/>
</LocList>
</BasicStmnt>
</StmntSeq>
</Branch>
<Branch CovItemId="B24" CovItemPrefix="services.ServiceFactory.java" Implct="false" Intrnl_Id="711">
<Cond>
<Loc EndOffset="4349" SrcFileId="18" StartOffset="4345"/>
</Cond>
<LocList>
<Loc EndOffset="4800" SrcFileId="18" StartOffset="4350"/>
</LocList>
<StmntSeq Intrnl_Id="712">
<LocList>
<Loc EndOffset="4800" SrcFileId="18" StartOffset="4350"/>
</LocList>
<CondStmnt CovItemId="S30" CovItemPrefix="services.ServiceFactory.java" Intrnl_Id="713">
<Branch CovItemId="B25" CovItemPrefix="services.ServiceFactory.java" Implct="false" Intrnl_Id="714">
<Cond/>
<LocList>
<Loc EndOffset="4417" SrcFileId="18" StartOffset="4391"/>
</LocList>
<StmntSeq Intrnl_Id="715">
<LocList>
<Loc EndOffset="4417" SrcFileId="18" StartOffset="4391"/>
</LocList>
<BasicStmnt CovItemId="S31" CovItemPrefix="services.ServiceFactory.java" Intrnl_Id="716">
<LocList>
<Loc EndOffset="4417" SrcFileId="18" StartOffset="4391"/>
</LocList>
</BasicStmnt>
</StmntSeq>
</Branch>
<Branch CovItemId="B26" CovItemPrefix="services.ServiceFactory.java" Implct="false" Intrnl_Id="717">
<Cond>
<Loc EndOffset="4425" SrcFileId="18" StartOffset="4421"/>
</Cond>
<LocList>
<Loc EndOffset="4800" SrcFileId="18" StartOffset="4426"/>
</LocList>
<StmntSeq Intrnl_Id="718">
<LocList>
<Loc EndOffset="4800" SrcFileId="18" StartOffset="4426"/>
</LocList>
<CondStmnt CovItemId="S32" CovItemPrefix="services.ServiceFactory.java" Intrnl_Id="719">
<Branch CovItemId="B27" CovItemPrefix="services.ServiceFactory.java" Implct="false" Intrnl_Id="720">
<Cond/>
<LocList>
<Loc EndOffset="4489" SrcFileId="18" StartOffset="4465"/>
</LocList>
<StmntSeq Intrnl_Id="721">
<LocList>
<Loc EndOffset="4489" SrcFileId="18" StartOffset="4465"/>
</LocList>
<BasicStmnt CovItemId="S33" CovItemPrefix="services.ServiceFactory.java" Intrnl_Id="722">
<LocList>
<Loc EndOffset="4489" SrcFileId="18" StartOffset="4465"/>
</LocList>
</BasicStmnt>
</StmntSeq>
</Branch>
<Branch CovItemId="B28" CovItemPrefix="services.ServiceFactory.java" Implct="false" Intrnl_Id="723">
<Cond>
<Loc EndOffset="4497" SrcFileId="18" StartOffset="4493"/>
</Cond>
<LocList>
<Loc EndOffset="4800" SrcFileId="18" StartOffset="4498"/>
</LocList>
<StmntSeq Intrnl_Id="724">
<LocList>
<Loc EndOffset="4800" SrcFileId="18" StartOffset="4498"/>
</LocList>
<CondStmnt CovItemId="S34" CovItemPrefix="services.ServiceFactory.java" Intrnl_Id="725">
<Branch CovItemId="B29" CovItemPrefix="services.ServiceFactory.java" Implct="false" Intrnl_Id="726">
<Cond/>
<LocList>
<Loc EndOffset="4579" SrcFileId="18" StartOffset="4551"/>
</LocList>
<StmntSeq Intrnl_Id="727">
<LocList>
<Loc EndOffset="4579" SrcFileId="18" StartOffset="4551"/>
</LocList>
<BasicStmnt CovItemId="S35" CovItemPrefix="services.ServiceFactory.java" Intrnl_Id="728">
<LocList>
<Loc EndOffset="4579" SrcFileId="18" StartOffset="4551"/>
</LocList>
</BasicStmnt>
</StmntSeq>
</Branch>
<Branch CovItemId="B30" CovItemPrefix="services.ServiceFactory.java" Implct="false" Intrnl_Id="729">
<Cond>
<Loc EndOffset="4587" SrcFileId="18" StartOffset="4583"/>
</Cond>
<LocList>
<Loc EndOffset="4800" SrcFileId="18" StartOffset="4588"/>
</LocList>
<StmntSeq Intrnl_Id="730">
<LocList>
<Loc EndOffset="4800" SrcFileId="18" StartOffset="4588"/>
</LocList>
<CondStmnt CovItemId="S36" CovItemPrefix="services.ServiceFactory.java" Intrnl_Id="731">
<Branch CovItemId="B31" CovItemPrefix="services.ServiceFactory.java" Implct="false" Intrnl_Id="732">
<Cond/>
<LocList>
<Loc EndOffset="4667" SrcFileId="18" StartOffset="4640"/>
</LocList>
<StmntSeq Intrnl_Id="733">
<LocList>
<Loc EndOffset="4667" SrcFileId="18" StartOffset="4640"/>
</LocList>
<BasicStmnt CovItemId="S37" CovItemPrefix="services.ServiceFactory.java" Intrnl_Id="734">
<LocList>
<Loc EndOffset="4667" SrcFileId="18" StartOffset="4640"/>
</LocList>
</BasicStmnt>
</StmntSeq>
</Branch>
<Branch CovItemId="B32" CovItemPrefix="services.ServiceFactory.java" Implct="false" Intrnl_Id="735">
<Cond>
<Loc EndOffset="4675" SrcFileId="18" StartOffset="4671"/>
</Cond>
<LocList>
<Loc EndOffset="4800" SrcFileId="18" StartOffset="4676"/>
</LocList>
<StmntSeq Intrnl_Id="736">
<LocList>
<Loc EndOffset="4800" SrcFileId="18" StartOffset="4676"/>
</LocList>
<CondStmnt CovItemId="S38" CovItemPrefix="services.ServiceFactory.java" Intrnl_Id="737">
<Branch CovItemId="B33" CovItemPrefix="services.ServiceFactory.java" Implct="false" Intrnl_Id="738">
<Cond/>
<LocList>
<Loc EndOffset="4760" SrcFileId="18" StartOffset="4731"/>
</LocList>
<StmntSeq Intrnl_Id="739">
<LocList>
<Loc EndOffset="4760" SrcFileId="18" StartOffset="4731"/>
</LocList>
<BasicStmnt CovItemId="S39" CovItemPrefix="services.ServiceFactory.java" Intrnl_Id="740">
<LocList>
<Loc EndOffset="4760" SrcFileId="18" StartOffset="4731"/>
</LocList>
</BasicStmnt>
</StmntSeq>
</Branch>
<Branch CovItemId="B34" CovItemPrefix="services.ServiceFactory.java" Implct="false" Intrnl_Id="741">
<Cond>
<Loc EndOffset="4768" SrcFileId="18" StartOffset="4764"/>
</Cond>
<LocList>
<Loc EndOffset="4800" SrcFileId="18" StartOffset="4773"/>
</LocList>
<StmntSeq Intrnl_Id="742">
<LocList>
<Loc EndOffset="4800" SrcFileId="18" StartOffset="4773"/>
</LocList>
<BasicStmnt CovItemId="S40" CovItemPrefix="services.ServiceFactory.java" Intrnl_Id="743">
<LocList>
<Loc EndOffset="4800" SrcFileId="18" StartOffset="4773"/>
</LocList>
</BasicStmnt>
</StmntSeq>
</Branch>
<Keyword EndOffset="4678" SrcFileId="18" StartOffset="4676"/>
<LocList>
<Loc EndOffset="4800" SrcFileId="18" StartOffset="4676"/>
</LocList>
</CondStmnt>
</StmntSeq>
</Branch>
<Keyword EndOffset="4590" SrcFileId="18" StartOffset="4588"/>
<LocList>
<Loc EndOffset="4800" SrcFileId="18" StartOffset="4588"/>
</LocList>
</CondStmnt>
</StmntSeq>
</Branch>
<Keyword EndOffset="4500" SrcFileId="18" StartOffset="4498"/>
<LocList>
<Loc EndOffset="4800" SrcFileId="18" StartOffset="4498"/>
</LocList>
</CondStmnt>
</StmntSeq>
</Branch>
<Keyword EndOffset="4428" SrcFileId="18" StartOffset="4426"/>
<LocList>
<Loc EndOffset="4800" SrcFileId="18" StartOffset="4426"/>
</LocList>
</CondStmnt>
</StmntSeq>
</Branch>
<Keyword EndOffset="4352" SrcFileId="18" StartOffset="4350"/>
<LocList>
<Loc EndOffset="4800" SrcFileId="18" StartOffset="4350"/>
</LocList>
</CondStmnt>
</StmntSeq>
</Branch>
<Keyword EndOffset="4272" SrcFileId="18" StartOffset="4270"/>
<LocList>
<Loc EndOffset="4800" SrcFileId="18" StartOffset="4270"/>
</LocList>
</CondStmnt>
</StmntSeq>
</Branch>
<Keyword EndOffset="4196" SrcFileId="18" StartOffset="4194"/>
<LocList>
<Loc EndOffset="4800" SrcFileId="18" StartOffset="4194"/>
</LocList>
</CondStmnt>
</StmntSeq>
</Branch>
<Keyword EndOffset="4122" SrcFileId="18" StartOffset="4120"/>
<LocList>
<Loc EndOffset="4800" SrcFileId="18" StartOffset="4120"/>
</LocList>
</CondStmnt>
</StmntSeq>
</HierarchyLvl>
</HierarchyLvl>
<HierarchyLvl HierarchyLvlId="23632" HierarchyLvlTypeId="44" Intrnl_Id="744" Name="ServiceDelegate">
<Header>
<Loc EndOffset="681" SrcFileId="19" StartOffset="653"/>
</Header>
<LocList>
<Loc EndOffset="2929" SrcFileId="19" StartOffset="653"/>
</LocList>
<HierarchyLvl HierarchyLvlId="23625" HierarchyLvlTypeId="45" Intrnl_Id="745" Name="ServiceDelegate">
<Header>
<Loc EndOffset="985" SrcFileId="19" StartOffset="921"/>
</Header>
<LocList>
<Loc EndOffset="1049" SrcFileId="19" StartOffset="921"/>
</LocList>
<StmntSeq Intrnl_Id="746">
<LocList>
<Loc EndOffset="1010" SrcFileId="19" StartOffset="993"/>
<Loc EndOffset="1045" SrcFileId="19" StartOffset="1014"/>
</LocList>
<BasicStmnt CovItemId="S1" CovItemPrefix="services.ServiceDelegate.java" Intrnl_Id="747">
<LocList>
<Loc EndOffset="1010" SrcFileId="19" StartOffset="993"/>
</LocList>
</BasicStmnt>
<BasicStmnt CovItemId="S2" CovItemPrefix="services.ServiceDelegate.java" Intrnl_Id="748">
<LocList>
<Loc EndOffset="1045" SrcFileId="19" StartOffset="1014"/>
</LocList>
</BasicStmnt>
</StmntSeq>
</HierarchyLvl>
<HierarchyLvl HierarchyLvlId="23626" HierarchyLvlTypeId="45" Intrnl_Id="749" Name="setGson">
<Header>
<Loc EndOffset="1152" SrcFileId="19" StartOffset="1122"/>
</Header>
<LocList>
<Loc EndOffset="1181" SrcFileId="19" StartOffset="1122"/>
</LocList>
<StmntSeq Intrnl_Id="750">
<LocList>
<Loc EndOffset="1177" SrcFileId="19" StartOffset="1160"/>
</LocList>
<BasicStmnt CovItemId="S3" CovItemPrefix="services.ServiceDelegate.java" Intrnl_Id="751">
<LocList>
<Loc EndOffset="1177" SrcFileId="19" StartOffset="1160"/>
</LocList>
</BasicStmnt>
</StmntSeq>
</HierarchyLvl>
<HierarchyLvl HierarchyLvlId="23627" HierarchyLvlTypeId="45" Intrnl_Id="752" Name="setDatabaseInterface">
<Header>
<Loc EndOffset="1331" SrcFileId="19" StartOffset="1268"/>
</Header>
<LocList>
<Loc EndOffset="1374" SrcFileId="19" StartOffset="1268"/>
</LocList>
<StmntSeq Intrnl_Id="753">
<LocList>
<Loc EndOffset="1370" SrcFileId="19" StartOffset="1339"/>
</LocList>
<BasicStmnt CovItemId="S4" CovItemPrefix="services.ServiceDelegate.java" Intrnl_Id="754">
<LocList>
<Loc EndOffset="1370" SrcFileId="19" StartOffset="1339"/>
</LocList>
</BasicStmnt>
</StmntSeq>
</HierarchyLvl>
<HierarchyLvl HierarchyLvlId="23628" HierarchyLvlTypeId="45" Intrnl_Id="755" Name="applyAuthProcess">
<Header>
<Loc EndOffset="1811" SrcFileId="19" StartOffset="1709"/>
</Header>
<LocList>
<Loc EndOffset="1849" SrcFileId="19" StartOffset="1709"/>
</LocList>
<StmntSeq Intrnl_Id="756">
<LocList>
<Loc EndOffset="1845" SrcFileId="19" StartOffset="1819"/>
</LocList>
<BasicStmnt CovItemId="S5" CovItemPrefix="services.ServiceDelegate.java" Intrnl_Id="757">
<LocList>
<Loc EndOffset="1845" SrcFileId="19" StartOffset="1819"/>
</LocList>
</BasicStmnt>
</StmntSeq>
</HierarchyLvl>
<HierarchyLvl HierarchyLvlId="23629" HierarchyLvlTypeId="45" Intrnl_Id="758" Name="applyLoginProcess">
<Header>
<Loc EndOffset="2265" SrcFileId="19" StartOffset="2166"/>
</Header>
<LocList>
<Loc EndOffset="2303" SrcFileId="19" StartOffset="2166"/>
</LocList>
<StmntSeq Intrnl_Id="759">
<LocList>
<Loc EndOffset="2299" SrcFileId="19" StartOffset="2273"/>
</LocList>
<BasicStmnt CovItemId="S6" CovItemPrefix="services.ServiceDelegate.java" Intrnl_Id="760">
<LocList>
<Loc EndOffset="2299" SrcFileId="19" StartOffset="2273"/>
</LocList>
</BasicStmnt>
</StmntSeq>
</HierarchyLvl>
<HierarchyLvl HierarchyLvlId="23630" HierarchyLvlTypeId="45" Intrnl_Id="761" Name="unsecureProcess">
<Header>
<Loc EndOffset="2669" SrcFileId="19" StartOffset="2572"/>
</Header>
<LocList>
<Loc EndOffset="2707" SrcFileId="19" StartOffset="2572"/>
</LocList>
<StmntSeq Intrnl_Id="762">
<LocList>
<Loc EndOffset="2703" SrcFileId="19" StartOffset="2677"/>
</LocList>
<BasicStmnt CovItemId="S7" CovItemPrefix="services.ServiceDelegate.java" Intrnl_Id="763">
<LocList>
<Loc EndOffset="2703" SrcFileId="19" StartOffset="2677"/>
</LocList>
</BasicStmnt>
</StmntSeq>
</HierarchyLvl>
<HierarchyLvl HierarchyLvlId="23631" HierarchyLvlTypeId="45" Intrnl_Id="764" Name="close">
<Header>
<Loc EndOffset="2889" SrcFileId="19" StartOffset="2870"/>
</Header>
<LocList>
<Loc EndOffset="2926" SrcFileId="19" StartOffset="2870"/>
</LocList>
<StmntSeq Intrnl_Id="765">
<LocList>
<Loc EndOffset="2922" SrcFileId="19" StartOffset="2897"/>
</LocList>
<BasicStmnt CovItemId="S8" CovItemPrefix="services.ServiceDelegate.java" Intrnl_Id="766">
<LocList>
<Loc EndOffset="2922" SrcFileId="19" StartOffset="2897"/>
</LocList>
</BasicStmnt>
</StmntSeq>
</HierarchyLvl>
</HierarchyLvl>
<HierarchyLvl HierarchyLvlId="23645" HierarchyLvlTypeId="44" Intrnl_Id="767" Name="SecureService">
<Header>
<Loc EndOffset="619" SrcFileId="20" StartOffset="593"/>
</Header>
<LocList>
<Loc EndOffset="7655" SrcFileId="20" StartOffset="593"/>
</LocList>
<HierarchyLvl HierarchyLvlId="23633" HierarchyLvlTypeId="45" Intrnl_Id="768" Name="SecureService">
<Header>
<Loc EndOffset="1063" SrcFileId="20" StartOffset="975"/>
</Header>
<LocList>
<Loc EndOffset="1155" SrcFileId="20" StartOffset="975"/>
</LocList>
<StmntSeq Intrnl_Id="769">
<LocList>
<Loc EndOffset="1095" SrcFileId="20" StartOffset="1071"/>
<Loc EndOffset="1116" SrcFileId="20" StartOffset="1099"/>
<Loc EndOffset="1151" SrcFileId="20" StartOffset="1120"/>
</LocList>
<BasicStmnt CovItemId="S1" CovItemPrefix="services.SecureService.java" Intrnl_Id="770">
<LocList>
<Loc EndOffset="1095" SrcFileId="20" StartOffset="1071"/>
</LocList>
</BasicStmnt>
<BasicStmnt CovItemId="S2" CovItemPrefix="services.SecureService.java" Intrnl_Id="771">
<LocList>
<Loc EndOffset="1116" SrcFileId="20" StartOffset="1099"/>
</LocList>
</BasicStmnt>
<BasicStmnt CovItemId="S3" CovItemPrefix="services.SecureService.java" Intrnl_Id="772">
<LocList>
<Loc EndOffset="1151" SrcFileId="20" StartOffset="1120"/>
</LocList>
</BasicStmnt>
</StmntSeq>
</HierarchyLvl>
<HierarchyLvl HierarchyLvlId="23634" HierarchyLvlTypeId="45" Intrnl_Id="773" Name="getGson">
<Header>
<Loc EndOffset="1248" SrcFileId="20" StartOffset="1224"/>
</Header>
<LocList>
<Loc EndOffset="1277" SrcFileId="20" StartOffset="1224"/>
</LocList>
<StmntSeq Intrnl_Id="774">
<LocList>
<Loc EndOffset="1273" SrcFileId="20" StartOffset="1256"/>
</LocList>
<BasicStmnt CovItemId="S4" CovItemPrefix="services.SecureService.java" Intrnl_Id="775">
<LocList>
<Loc EndOffset="1273" SrcFileId="20" StartOffset="1256"/>
</LocList>
</BasicStmnt>
</StmntSeq>
</HierarchyLvl>
<HierarchyLvl HierarchyLvlId="23635" HierarchyLvlTypeId="45" Intrnl_Id="776" Name="getdbInterface">
<Header>
<Loc EndOffset="1390" SrcFileId="20" StartOffset="1346"/>
</Header>
<LocList>
<Loc EndOffset="1426" SrcFileId="20" StartOffset="1346"/>
</LocList>
<StmntSeq Intrnl_Id="777">
<LocList>
<Loc EndOffset="1422" SrcFileId="20" StartOffset="1398"/>
</LocList>
<BasicStmnt CovItemId="S5" CovItemPrefix="services.SecureService.java" Intrnl_Id="778">
<LocList>
<Loc EndOffset="1422" SrcFileId="20" StartOffset="1398"/>
</LocList>
</BasicStmnt>
</StmntSeq>
</HierarchyLvl>
<HierarchyLvl HierarchyLvlId="23636" HierarchyLvlTypeId="45" Intrnl_Id="779" Name="authSecuredProcess">
<Header>
<Loc EndOffset="1995" SrcFileId="20" StartOffset="1940"/>
</Header>
<LocList>
<Loc EndOffset="3439" SrcFileId="20" StartOffset="1940"/>
</LocList>
<StmntSeq Intrnl_Id="780">
<LocList>
<Loc EndOffset="2128" SrcFileId="20" StartOffset="2071"/>
<Loc EndOffset="2333" SrcFileId="20" StartOffset="2162"/>
<Loc EndOffset="2541" SrcFileId="20" StartOffset="2369"/>
<Loc EndOffset="2675" SrcFileId="20" StartOffset="2605"/>
<Loc EndOffset="3145" SrcFileId="20" StartOffset="2734"/>
<Loc EndOffset="3435" SrcFileId="20" StartOffset="2004"/>
</LocList>
<BasicStmnt CovItemId="S7" CovItemPrefix="services.SecureService.java" Intrnl_Id="781">
<LocList>
<Loc EndOffset="2128" SrcFileId="20" StartOffset="2071"/>
</LocList>
</BasicStmnt>
<CondStmnt CovItemId="S8" CovItemPrefix="services.SecureService.java" Intrnl_Id="782">
<Branch CovItemId="B2" CovItemPrefix="services.SecureService.java" Implct="false" Intrnl_Id="783">
<Cond/>
<LocList>
<Loc EndOffset="2333" SrcFileId="20" StartOffset="2253"/>
</LocList>
<StmntSeq Intrnl_Id="784">
<LocList>
<Loc EndOffset="2326" SrcFileId="20" StartOffset="2261"/>
</LocList>
<BasicStmnt CovItemId="S9" CovItemPrefix="services.SecureService.java" Intrnl_Id="785">
<LocList>
<Loc EndOffset="2326" SrcFileId="20" StartOffset="2261"/>
</LocList>
</BasicStmnt>
</StmntSeq>
</Branch>
<Branch CovItemId="B3" CovItemPrefix="services.SecureService.java" Implct="true" Intrnl_Id="786">
<Cond/>
<LocList/>
<StmntSeq Intrnl_Id="787">
<LocList/>
</StmntSeq>
</Branch>
<Keyword EndOffset="2164" SrcFileId="20" StartOffset="2162"/>
<LocList>
<Loc EndOffset="2333" SrcFileId="20" StartOffset="2162"/>
</LocList>
</CondStmnt>
<CondStmnt CovItemId="S10" CovItemPrefix="services.SecureService.java" Intrnl_Id="788">
<Branch CovItemId="B4" CovItemPrefix="services.SecureService.java" Implct="false" Intrnl_Id="789">
<Cond/>
<LocList>
<Loc EndOffset="2541" SrcFileId="20" StartOffset="2463"/>
</LocList>
<StmntSeq Intrnl_Id="790">
<LocList>
<Loc EndOffset="2534" SrcFileId="20" StartOffset="2471"/>
</LocList>
<BasicStmnt CovItemId="S11" CovItemPrefix="services.SecureService.java" Intrnl_Id="791">
<LocList>
<Loc EndOffset="2534" SrcFileId="20" StartOffset="2471"/>
</LocList>
</BasicStmnt>
</StmntSeq>
</Branch>
<Branch CovItemId="B5" CovItemPrefix="services.SecureService.java" Implct="true" Intrnl_Id="792">
<Cond/>
<LocList/>
<StmntSeq Intrnl_Id="793">
<LocList/>
</StmntSeq>
</Branch>
<Keyword EndOffset="2371" SrcFileId="20" StartOffset="2369"/>
<LocList>
<Loc EndOffset="2541" SrcFileId="20" StartOffset="2369"/>
</LocList>
</CondStmnt>
<BasicStmnt CovItemId="S12" CovItemPrefix="services.SecureService.java" Intrnl_Id="794">
<LocList>
<Loc EndOffset="2675" SrcFileId="20" StartOffset="2605"/>
</LocList>
</BasicStmnt>
<CondStmnt CovItemId="S13" CovItemPrefix="services.SecureService.java" Intrnl_Id="795">
<Branch CovItemId="B6" CovItemPrefix="services.SecureService.java" Implct="false" Intrnl_Id="796">
<Cond/>
<LocList>
<Loc EndOffset="2819" SrcFileId="20" StartOffset="2765"/>
</LocList>
<StmntSeq Intrnl_Id="797">
<LocList>
<Loc EndOffset="2812" SrcFileId="20" StartOffset="2773"/>
</LocList>
<BasicStmnt CovItemId="S14" CovItemPrefix="services.SecureService.java" Intrnl_Id="798">
<LocList>
<Loc EndOffset="2812" SrcFileId="20" StartOffset="2773"/>
</LocList>
</BasicStmnt>
</StmntSeq>
</Branch>
<Branch CovItemId="B7" CovItemPrefix="services.SecureService.java" Implct="false" Intrnl_Id="799">
<Cond>
<Loc EndOffset="2851" SrcFileId="20" StartOffset="2847"/>
</Cond>
<LocList>
<Loc EndOffset="3145" SrcFileId="20" StartOffset="2857"/>
</LocList>
<StmntSeq Intrnl_Id="800">
<LocList>
<Loc EndOffset="3138" SrcFileId="20" StartOffset="2901"/>
</LocList>
<CondStmnt CovItemId="S15" CovItemPrefix="services.SecureService.java" Intrnl_Id="801">
<Branch CovItemId="B8" CovItemPrefix="services.SecureService.java" Implct="false" Intrnl_Id="802">
<Cond/>
<LocList>
<Loc EndOffset="3029" SrcFileId="20" StartOffset="2955"/>
</LocList>
<StmntSeq Intrnl_Id="803">
<LocList>
<Loc EndOffset="3021" SrcFileId="20" StartOffset="2964"/>
</LocList>
<BasicStmnt CovItemId="S16" CovItemPrefix="services.SecureService.java" Intrnl_Id="804">
<LocList>
<Loc EndOffset="3021" SrcFileId="20" StartOffset="2964"/>
</LocList>
</BasicStmnt>
</StmntSeq>
</Branch>
<Branch CovItemId="B9" CovItemPrefix="services.SecureService.java" Implct="false" Intrnl_Id="805">
<Cond>
<Loc EndOffset="3080" SrcFileId="20" StartOffset="3076"/>
</Cond>
<LocList>
<Loc EndOffset="3138" SrcFileId="20" StartOffset="3087"/>
</LocList>
<StmntSeq Intrnl_Id="806">
<LocList>
<Loc EndOffset="3130" SrcFileId="20" StartOffset="3096"/>
</LocList>
<BasicStmnt CovItemId="S17" CovItemPrefix="services.SecureService.java" Intrnl_Id="807">
<LocList>
<Loc EndOffset="3130" SrcFileId="20" StartOffset="3096"/>
</LocList>
</BasicStmnt>
</StmntSeq>
</Branch>
<Keyword EndOffset="2903" SrcFileId="20" StartOffset="2901"/>
<LocList>
<Loc EndOffset="3138" SrcFileId="20" StartOffset="2901"/>
</LocList>
</CondStmnt>
</StmntSeq>
</Branch>
<Keyword EndOffset="2736" SrcFileId="20" StartOffset="2734"/>
<LocList>
<Loc EndOffset="3145" SrcFileId="20" StartOffset="2734"/>
</LocList>
</CondStmnt>
<CondStmnt CovItemId="S6" CovItemPrefix="services.SecureService.java" Intrnl_Id="808">
<Branch CovItemId="B1" CovItemPrefix="services.SecureService.java" Implct="true" Intrnl_Id="809">
<Cond/>
<LocList/>
<StmntSeq Intrnl_Id="810">
<LocList/>
</StmntSeq>
</Branch>
<Branch CovItemId="B10" CovItemPrefix="services.SecureService.java" Implct="false" Intrnl_Id="811">
<Cond>
<Loc EndOffset="3200" SrcFileId="20" StartOffset="3164"/>
</Cond>
<LocList>
<Loc EndOffset="3264" SrcFileId="20" StartOffset="3201"/>
</LocList>
<StmntSeq Intrnl_Id="812">
<LocList>
<Loc EndOffset="3258" SrcFileId="20" StartOffset="3208"/>
</LocList>
<BasicStmnt CovItemId="S18" CovItemPrefix="services.SecureService.java" Intrnl_Id="813">
<LocList>
<Loc EndOffset="3258" SrcFileId="20" StartOffset="3208"/>
</LocList>
</BasicStmnt>
</StmntSeq>
</Branch>
<Branch CovItemId="B11" CovItemPrefix="services.SecureService.java" Implct="false" Intrnl_Id="814">
<Cond>
<Loc EndOffset="3298" SrcFileId="20" StartOffset="3269"/>
</Cond>
<LocList>
<Loc EndOffset="3350" SrcFileId="20" StartOffset="3303"/>
</LocList>
<StmntSeq Intrnl_Id="815">
<LocList>
<Loc EndOffset="3344" SrcFileId="20" StartOffset="3310"/>
</LocList>
<BasicStmnt CovItemId="S19" CovItemPrefix="services.SecureService.java" Intrnl_Id="816">
<LocList>
<Loc EndOffset="3344" SrcFileId="20" StartOffset="3310"/>
</LocList>
</BasicStmnt>
</StmntSeq>
</Branch>
<Branch CovItemId="B12" CovItemPrefix="services.SecureService.java" Implct="false" Intrnl_Id="817">
<Cond>
<Loc EndOffset="3383" SrcFileId="20" StartOffset="3355"/>
</Cond>
<LocList>
<Loc EndOffset="3435" SrcFileId="20" StartOffset="3388"/>
</LocList>
<StmntSeq Intrnl_Id="818">
<LocList>
<Loc EndOffset="3429" SrcFileId="20" StartOffset="3395"/>
</LocList>
<BasicStmnt CovItemId="S20" CovItemPrefix="services.SecureService.java" Intrnl_Id="819">
<LocList>
<Loc EndOffset="3429" SrcFileId="20" StartOffset="3395"/>
</LocList>
</BasicStmnt>
</StmntSeq>
</Branch>
<Keyword EndOffset="2007" SrcFileId="20" StartOffset="2004"/>
<LocList>
<Loc EndOffset="3435" SrcFileId="20" StartOffset="2004"/>
</LocList>
</CondStmnt>
</StmntSeq>
</HierarchyLvl>
<HierarchyLvl HierarchyLvlId="23637" HierarchyLvlTypeId="45" Intrnl_Id="820" Name="loginSecuredProcess">
<Header>
<Loc EndOffset="4006" SrcFileId="20" StartOffset="3950"/>
</Header>
<LocList>
<Loc EndOffset="5424" SrcFileId="20" StartOffset="3950"/>
</LocList>
<StmntSeq Intrnl_Id="821">
<LocList>
<Loc EndOffset="4118" SrcFileId="20" StartOffset="4061"/>
<Loc EndOffset="4327" SrcFileId="20" StartOffset="4159"/>
<Loc EndOffset="4507" SrcFileId="20" StartOffset="4358"/>
<Loc EndOffset="4619" SrcFileId="20" StartOffset="4549"/>
<Loc EndOffset="5143" SrcFileId="20" StartOffset="4652"/>
<Loc EndOffset="5420" SrcFileId="20" StartOffset="4014"/>
</LocList>
<BasicStmnt CovItemId="S22" CovItemPrefix="services.SecureService.java" Intrnl_Id="822">
<LocList>
<Loc EndOffset="4118" SrcFileId="20" StartOffset="4061"/>
</LocList>
</BasicStmnt>
<CondStmnt CovItemId="S23" CovItemPrefix="services.SecureService.java" Intrnl_Id="823">
<Branch CovItemId="B14" CovItemPrefix="services.SecureService.java" Implct="false" Intrnl_Id="824">
<Cond/>
<LocList>
<Loc EndOffset="4327" SrcFileId="20" StartOffset="4249"/>
</LocList>
<StmntSeq Intrnl_Id="825">
<LocList>
<Loc EndOffset="4321" SrcFileId="20" StartOffset="4256"/>
</LocList>
<BasicStmnt CovItemId="S24" CovItemPrefix="services.SecureService.java" Intrnl_Id="826">
<LocList>
<Loc EndOffset="4321" SrcFileId="20" StartOffset="4256"/>
</LocList>
</BasicStmnt>
</StmntSeq>
</Branch>
<Branch CovItemId="B15" CovItemPrefix="services.SecureService.java" Implct="true" Intrnl_Id="827">
<Cond/>
<LocList/>
<StmntSeq Intrnl_Id="828">
<LocList/>
</StmntSeq>
</Branch>
<Keyword EndOffset="4161" SrcFileId="20" StartOffset="4159"/>
<LocList>
<Loc EndOffset="4327" SrcFileId="20" StartOffset="4159"/>
</LocList>
</CondStmnt>
<CondStmnt CovItemId="S25" CovItemPrefix="services.SecureService.java" Intrnl_Id="829">
<Branch CovItemId="B16" CovItemPrefix="services.SecureService.java" Implct="false" Intrnl_Id="830">
<Cond/>
<LocList>
<Loc EndOffset="4507" SrcFileId="20" StartOffset="4429"/>
</LocList>
<StmntSeq Intrnl_Id="831">
<LocList>
<Loc EndOffset="4501" SrcFileId="20" StartOffset="4436"/>
</LocList>
<BasicStmnt CovItemId="S26" CovItemPrefix="services.SecureService.java" Intrnl_Id="832">
<LocList>
<Loc EndOffset="4501" SrcFileId="20" StartOffset="4436"/>
</LocList>
</BasicStmnt>
</StmntSeq>
</Branch>
<Branch CovItemId="B17" CovItemPrefix="services.SecureService.java" Implct="true" Intrnl_Id="833">
<Cond/>
<LocList/>
<StmntSeq Intrnl_Id="834">
<LocList/>
</StmntSeq>
</Branch>
<Keyword EndOffset="4360" SrcFileId="20" StartOffset="4358"/>
<LocList>
<Loc EndOffset="4507" SrcFileId="20" StartOffset="4358"/>
</LocList>
</CondStmnt>
<BasicStmnt CovItemId="S27" CovItemPrefix="services.SecureService.java" Intrnl_Id="835">
<LocList>
<Loc EndOffset="4619" SrcFileId="20" StartOffset="4549"/>
</LocList>
</BasicStmnt>
<CondStmnt CovItemId="S28" CovItemPrefix="services.SecureService.java" Intrnl_Id="836">
<Branch CovItemId="B18" CovItemPrefix="services.SecureService.java" Implct="false" Intrnl_Id="837">
<Cond/>
<LocList>
<Loc EndOffset="4840" SrcFileId="20" StartOffset="4682"/>
</LocList>
<StmntSeq Intrnl_Id="838">
<LocList>
<Loc EndOffset="4777" SrcFileId="20" StartOffset="4689"/>
<Loc EndOffset="4834" SrcFileId="20" StartOffset="4783"/>
</LocList>
<BasicStmnt CovItemId="S29" CovItemPrefix="services.SecureService.java" Intrnl_Id="839">
<LocList>
<Loc EndOffset="4777" SrcFileId="20" StartOffset="4689"/>
</LocList>
</BasicStmnt>
<BasicStmnt CovItemId="S30" CovItemPrefix="services.SecureService.java" Intrnl_Id="840">
<LocList>
<Loc EndOffset="4834" SrcFileId="20" StartOffset="4783"/>
</LocList>
</BasicStmnt>
</StmntSeq>
</Branch>
<Branch CovItemId="B19" CovItemPrefix="services.SecureService.java" Implct="false" Intrnl_Id="841">
<Cond>
<Loc EndOffset="4870" SrcFileId="20" StartOffset="4866"/>
</Cond>
<LocList>
<Loc EndOffset="5143" SrcFileId="20" StartOffset="4875"/>
</LocList>
<StmntSeq Intrnl_Id="842">
<LocList>
<Loc EndOffset="5137" SrcFileId="20" StartOffset="4909"/>
</LocList>
<CondStmnt CovItemId="S31" CovItemPrefix="services.SecureService.java" Intrnl_Id="843">
<Branch CovItemId="B20" CovItemPrefix="services.SecureService.java" Implct="false" Intrnl_Id="844">
<Cond/>
<LocList>
<Loc EndOffset="5032" SrcFileId="20" StartOffset="4954"/>
</LocList>
<StmntSeq Intrnl_Id="845">
<LocList>
<Loc EndOffset="5025" SrcFileId="20" StartOffset="4962"/>
</LocList>
<BasicStmnt CovItemId="S32" CovItemPrefix="services.SecureService.java" Intrnl_Id="846">
<LocList>
<Loc EndOffset="5025" SrcFileId="20" StartOffset="4962"/>
</LocList>
</BasicStmnt>
</StmntSeq>
</Branch>
<Branch CovItemId="B21" CovItemPrefix="services.SecureService.java" Implct="false" Intrnl_Id="847">
<Cond>
<Loc EndOffset="5081" SrcFileId="20" StartOffset="5077"/>
</Cond>
<LocList>
<Loc EndOffset="5137" SrcFileId="20" StartOffset="5087"/>
</LocList>
<StmntSeq Intrnl_Id="848">
<LocList>
<Loc EndOffset="5130" SrcFileId="20" StartOffset="5095"/>
</LocList>
<BasicStmnt CovItemId="S33" CovItemPrefix="services.SecureService.java" Intrnl_Id="849">
<LocList>
<Loc EndOffset="5130" SrcFileId="20" StartOffset="5095"/>
</LocList>
</BasicStmnt>
</StmntSeq>
</Branch>
<Keyword EndOffset="4911" SrcFileId="20" StartOffset="4909"/>
<LocList>
<Loc EndOffset="5137" SrcFileId="20" StartOffset="4909"/>
</LocList>
</CondStmnt>
</StmntSeq>
</Branch>
<Keyword EndOffset="4654" SrcFileId="20" StartOffset="4652"/>
<LocList>
<Loc EndOffset="5143" SrcFileId="20" StartOffset="4652"/>
</LocList>
</CondStmnt>
<CondStmnt CovItemId="S21" CovItemPrefix="services.SecureService.java" Intrnl_Id="850">
<Branch CovItemId="B13" CovItemPrefix="services.SecureService.java" Implct="true" Intrnl_Id="851">
<Cond/>
<LocList/>
<StmntSeq Intrnl_Id="852">
<LocList/>
</StmntSeq>
</Branch>
<Branch CovItemId="B22" CovItemPrefix="services.SecureService.java" Implct="false" Intrnl_Id="853">
<Cond>
<Loc EndOffset="5195" SrcFileId="20" StartOffset="5159"/>
</Cond>
<LocList>
<Loc EndOffset="5257" SrcFileId="20" StartOffset="5196"/>
</LocList>
<StmntSeq Intrnl_Id="854">
<LocList>
<Loc EndOffset="5252" SrcFileId="20" StartOffset="5202"/>
</LocList>
<BasicStmnt CovItemId="S34" CovItemPrefix="services.SecureService.java" Intrnl_Id="855">
<LocList>
<Loc EndOffset="5252" SrcFileId="20" StartOffset="5202"/>
</LocList>
</BasicStmnt>
</StmntSeq>
</Branch>
<Branch CovItemId="B23" CovItemPrefix="services.SecureService.java" Implct="false" Intrnl_Id="856">
<Cond>
<Loc EndOffset="5290" SrcFileId="20" StartOffset="5261"/>
</Cond>
<LocList>
<Loc EndOffset="5339" SrcFileId="20" StartOffset="5294"/>
</LocList>
<StmntSeq Intrnl_Id="857">
<LocList>
<Loc EndOffset="5334" SrcFileId="20" StartOffset="5300"/>
</LocList>
<BasicStmnt CovItemId="S35" CovItemPrefix="services.SecureService.java" Intrnl_Id="858">
<LocList>
<Loc EndOffset="5334" SrcFileId="20" StartOffset="5300"/>
</LocList>
</BasicStmnt>
</StmntSeq>
</Branch>
<Branch CovItemId="B24" CovItemPrefix="services.SecureService.java" Implct="false" Intrnl_Id="859">
<Cond>
<Loc EndOffset="5371" SrcFileId="20" StartOffset="5343"/>
</Cond>
<LocList>
<Loc EndOffset="5420" SrcFileId="20" StartOffset="5375"/>
</LocList>
<StmntSeq Intrnl_Id="860">
<LocList>
<Loc EndOffset="5415" SrcFileId="20" StartOffset="5381"/>
</LocList>
<BasicStmnt CovItemId="S36" CovItemPrefix="services.SecureService.java" Intrnl_Id="861">
<LocList>
<Loc EndOffset="5415" SrcFileId="20" StartOffset="5381"/>
</LocList>
</BasicStmnt>
</StmntSeq>
</Branch>
<Keyword EndOffset="4017" SrcFileId="20" StartOffset="4014"/>
<LocList>
<Loc EndOffset="5420" SrcFileId="20" StartOffset="4014"/>
</LocList>
</CondStmnt>
</StmntSeq>
</HierarchyLvl>
<HierarchyLvl HierarchyLvlId="23638" HierarchyLvlTypeId="45" Intrnl_Id="862" Name="unsecuredProcess">
<Header>
<Loc EndOffset="5723" SrcFileId="20" StartOffset="5670"/>
</Header>
<LocList>
<Loc EndOffset="6282" SrcFileId="20" StartOffset="5670"/>
</LocList>
<StmntSeq Intrnl_Id="863">
<LocList>
<Loc EndOffset="5835" SrcFileId="20" StartOffset="5778"/>
<Loc EndOffset="6006" SrcFileId="20" StartOffset="5951"/>
<Loc EndOffset="6278" SrcFileId="20" StartOffset="5731"/>
</LocList>
<BasicStmnt CovItemId="S38" CovItemPrefix="services.SecureService.java" Intrnl_Id="864">
<LocList>
<Loc EndOffset="5835" SrcFileId="20" StartOffset="5778"/>
</LocList>
</BasicStmnt>
<BasicStmnt CovItemId="S39" CovItemPrefix="services.SecureService.java" Intrnl_Id="865">
<LocList>
<Loc EndOffset="6006" SrcFileId="20" StartOffset="5951"/>
</LocList>
</BasicStmnt>
<CondStmnt CovItemId="S37" CovItemPrefix="services.SecureService.java" Intrnl_Id="866">
<Branch CovItemId="B25" CovItemPrefix="services.SecureService.java" Implct="true" Intrnl_Id="867">
<Cond/>
<LocList/>
<StmntSeq Intrnl_Id="868">
<LocList/>
</StmntSeq>
</Branch>
<Branch CovItemId="B26" CovItemPrefix="services.SecureService.java" Implct="false" Intrnl_Id="869">
<Cond>
<Loc EndOffset="6053" SrcFileId="20" StartOffset="6017"/>
</Cond>
<LocList>
<Loc EndOffset="6115" SrcFileId="20" StartOffset="6054"/>
</LocList>
<StmntSeq Intrnl_Id="870">
<LocList>
<Loc EndOffset="6110" SrcFileId="20" StartOffset="6060"/>
</LocList>
<BasicStmnt CovItemId="S40" CovItemPrefix="services.SecureService.java" Intrnl_Id="871">
<LocList>
<Loc EndOffset="6110" SrcFileId="20" StartOffset="6060"/>
</LocList>
</BasicStmnt>
</StmntSeq>
</Branch>
<Branch CovItemId="B27" CovItemPrefix="services.SecureService.java" Implct="false" Intrnl_Id="872">
<Cond>
<Loc EndOffset="6148" SrcFileId="20" StartOffset="6119"/>
</Cond>
<LocList>
<Loc EndOffset="6197" SrcFileId="20" StartOffset="6152"/>
</LocList>
<StmntSeq Intrnl_Id="873">
<LocList>
<Loc EndOffset="6192" SrcFileId="20" StartOffset="6158"/>
</LocList>
<BasicStmnt CovItemId="S41" CovItemPrefix="services.SecureService.java" Intrnl_Id="874">
<LocList>
<Loc EndOffset="6192" SrcFileId="20" StartOffset="6158"/>
</LocList>
</BasicStmnt>
</StmntSeq>
</Branch>
<Branch CovItemId="B28" CovItemPrefix="services.SecureService.java" Implct="false" Intrnl_Id="875">
<Cond>
<Loc EndOffset="6229" SrcFileId="20" StartOffset="6201"/>
</Cond>
<LocList>
<Loc EndOffset="6278" SrcFileId="20" StartOffset="6233"/>
</LocList>
<StmntSeq Intrnl_Id="876">
<LocList>
<Loc EndOffset="6273" SrcFileId="20" StartOffset="6239"/>
</LocList>
<BasicStmnt CovItemId="S42" CovItemPrefix="services.SecureService.java" Intrnl_Id="877">
<LocList>
<Loc EndOffset="6273" SrcFileId="20" StartOffset="6239"/>
</LocList>
</BasicStmnt>
</StmntSeq>
</Branch>
<Keyword EndOffset="5734" SrcFileId="20" StartOffset="5731"/>
<LocList>
<Loc EndOffset="6278" SrcFileId="20" StartOffset="5731"/>
</LocList>
</CondStmnt>
</StmntSeq>
</HierarchyLvl>
<HierarchyLvl HierarchyLvlId="23639" HierarchyLvlTypeId="45" Intrnl_Id="878" Name="generateUsernameNotFoundError">
<Header>
<Loc EndOffset="6435" SrcFileId="20" StartOffset="6389"/>
</Header>
<LocList>
<Loc EndOffset="6530" SrcFileId="20" StartOffset="6389"/>
</LocList>
<StmntSeq Intrnl_Id="879">
<LocList>
<Loc EndOffset="6526" SrcFileId="20" StartOffset="6443"/>
</LocList>
<BasicStmnt CovItemId="S43" CovItemPrefix="services.SecureService.java" Intrnl_Id="880">
<LocList>
<Loc EndOffset="6526" SrcFileId="20" StartOffset="6443"/>
</LocList>
</BasicStmnt>
</StmntSeq>
</HierarchyLvl>
<HierarchyLvl HierarchyLvlId="23640" HierarchyLvlTypeId="45" Intrnl_Id="881" Name="generateInvalidLoginError">
<Header>
<Loc EndOffset="6668" SrcFileId="20" StartOffset="6626"/>
</Header>
<LocList>
<Loc EndOffset="6740" SrcFileId="20" StartOffset="6626"/>
</LocList>
<StmntSeq Intrnl_Id="882">
<LocList>
<Loc EndOffset="6736" SrcFileId="20" StartOffset="6676"/>
</LocList>
<BasicStmnt CovItemId="S44" CovItemPrefix="services.SecureService.java" Intrnl_Id="883">
<LocList>
<Loc EndOffset="6736" SrcFileId="20" StartOffset="6676"/>
</LocList>
</BasicStmnt>
</StmntSeq>
</HierarchyLvl>
<HierarchyLvl HierarchyLvlId="23641" HierarchyLvlTypeId="45" Intrnl_Id="884" Name="generateInvalidAuthError">
<Header>
<Loc EndOffset="6874" SrcFileId="20" StartOffset="6833"/>
</Header>
<LocList>
<Loc EndOffset="6976" SrcFileId="20" StartOffset="6833"/>
</LocList>
<StmntSeq Intrnl_Id="885">
<LocList>
<Loc EndOffset="6972" SrcFileId="20" StartOffset="6882"/>
</LocList>
<BasicStmnt CovItemId="S45" CovItemPrefix="services.SecureService.java" Intrnl_Id="886">
<LocList>
<Loc EndOffset="6972" SrcFileId="20" StartOffset="6882"/>
</LocList>
</BasicStmnt>
</StmntSeq>
</HierarchyLvl>
<HierarchyLvl HierarchyLvlId="23642" HierarchyLvlTypeId="45" Intrnl_Id="887" Name="generateInvalidDataError">
<Header>
<Loc EndOffset="7113" SrcFileId="20" StartOffset="7070"/>
</Header>
<LocList>
<Loc EndOffset="7188" SrcFileId="20" StartOffset="7070"/>
</LocList>
<StmntSeq Intrnl_Id="888">
<LocList>
<Loc EndOffset="7184" SrcFileId="20" StartOffset="7121"/>
</LocList>
<BasicStmnt CovItemId="S46" CovItemPrefix="services.SecureService.java" Intrnl_Id="889">
<LocList>
<Loc EndOffset="7184" SrcFileId="20" StartOffset="7121"/>
</LocList>
</BasicStmnt>
</StmntSeq>
</HierarchyLvl>
<HierarchyLvl HierarchyLvlId="23643" HierarchyLvlTypeId="45" Intrnl_Id="890" Name="generateError">
<Header>
<Loc EndOffset="7324" SrcFileId="20" StartOffset="7268"/>
</Header>
<LocList>
<Loc EndOffset="7458" SrcFileId="20" StartOffset="7268"/>
</LocList>
<StmntSeq Intrnl_Id="891">
<LocList>
<Loc EndOffset="7399" SrcFileId="20" StartOffset="7332"/>
<Loc EndOffset="7454" SrcFileId="20" StartOffset="7403"/>
</LocList>
<BasicStmnt CovItemId="S47" CovItemPrefix="services.SecureService.java" Intrnl_Id="892">
<LocList>
<Loc EndOffset="7399" SrcFileId="20" StartOffset="7332"/>
</LocList>
</BasicStmnt>
<BasicStmnt CovItemId="S48" CovItemPrefix="services.SecureService.java" Intrnl_Id="893">
<LocList>
<Loc EndOffset="7454" SrcFileId="20" StartOffset="7403"/>
</LocList>
</BasicStmnt>
</StmntSeq>
</HierarchyLvl>
<HierarchyLvl HierarchyLvlId="23644" HierarchyLvlTypeId="45" Intrnl_Id="894" Name="close">
<Header>
<Loc EndOffset="7616" SrcFileId="20" StartOffset="7597"/>
</Header>
<LocList>
<Loc EndOffset="7649" SrcFileId="20" StartOffset="7597"/>
</LocList>
<StmntSeq Intrnl_Id="895">
<LocList>
<Loc EndOffset="7645" SrcFileId="20" StartOffset="7624"/>
</LocList>
<BasicStmnt CovItemId="S49" CovItemPrefix="services.SecureService.java" Intrnl_Id="896">
<LocList>
<Loc EndOffset="7645" SrcFileId="20" StartOffset="7624"/>
</LocList>
</BasicStmnt>
</StmntSeq>
</HierarchyLvl>
</HierarchyLvl>
<HierarchyLvl HierarchyLvlId="23648" HierarchyLvlTypeId="44" Intrnl_Id="897" Name="RegisterDelegate">
<Header>
<Loc EndOffset="439" SrcFileId="21" StartOffset="386"/>
</Header>
<LocList>
<Loc EndOffset="1901" SrcFileId="21" StartOffset="386"/>
</LocList>
<HierarchyLvl HierarchyLvlId="23646" HierarchyLvlTypeId="45" Intrnl_Id="898" Name="RegisterDelegate">
<Header>
<Loc EndOffset="696" SrcFileId="21" StartOffset="631"/>
</Header>
<LocList>
<Loc EndOffset="731" SrcFileId="21" StartOffset="631"/>
</LocList>
<StmntSeq Intrnl_Id="899">
<LocList>
<Loc EndOffset="727" SrcFileId="21" StartOffset="702"/>
</LocList>
<BasicStmnt CovItemId="S1" CovItemPrefix="services.RegisterDelegate.java" Intrnl_Id="900">
<LocList>
<Loc EndOffset="727" SrcFileId="21" StartOffset="702"/>
</LocList>
</BasicStmnt>
</StmntSeq>
</HierarchyLvl>
<HierarchyLvl HierarchyLvlId="23647" HierarchyLvlTypeId="45" Intrnl_Id="901" Name="unsecureProcess">
<Header>
<Loc EndOffset="928" SrcFileId="21" StartOffset="815"/>
</Header>
<LocList>
<Loc EndOffset="1896" SrcFileId="21" StartOffset="815"/>
</LocList>
<StmntSeq Intrnl_Id="902">
<LocList>
<Loc EndOffset="1188" SrcFileId="21" StartOffset="940"/>
<Loc EndOffset="1446" SrcFileId="21" StartOffset="1198"/>
<Loc EndOffset="1695" SrcFileId="21" StartOffset="1456"/>
<Loc EndOffset="1737" SrcFileId="21" StartOffset="1705"/>
<Loc EndOffset="1832" SrcFileId="21" StartOffset="1742"/>
<Loc EndOffset="1888" SrcFileId="21" StartOffset="1837"/>
</LocList>
<CondStmnt CovItemId="S2" CovItemPrefix="services.RegisterDelegate.java" Intrnl_Id="903">
<Branch CovItemId="B1" CovItemPrefix="services.RegisterDelegate.java" Implct="false" Intrnl_Id="904">
<Cond/>
<LocList>
<Loc EndOffset="1188" SrcFileId="21" StartOffset="1013"/>
</LocList>
<StmntSeq Intrnl_Id="905">
<LocList>
<Loc EndOffset="1125" SrcFileId="21" StartOffset="1020"/>
<Loc EndOffset="1182" SrcFileId="21" StartOffset="1131"/>
</LocList>
<BasicStmnt CovItemId="S3" CovItemPrefix="services.RegisterDelegate.java" Intrnl_Id="906">
<LocList>
<Loc EndOffset="1125" SrcFileId="21" StartOffset="1020"/>
</LocList>
</BasicStmnt>
<BasicStmnt CovItemId="S4" CovItemPrefix="services.RegisterDelegate.java" Intrnl_Id="907">
<LocList>
<Loc EndOffset="1182" SrcFileId="21" StartOffset="1131"/>
</LocList>
</BasicStmnt>
</StmntSeq>
</Branch>
<Branch CovItemId="B2" CovItemPrefix="services.RegisterDelegate.java" Implct="true" Intrnl_Id="908">
<Cond/>
<LocList/>
<StmntSeq Intrnl_Id="909">
<LocList/>
</StmntSeq>
</Branch>
<Keyword EndOffset="942" SrcFileId="21" StartOffset="940"/>
<LocList>
<Loc EndOffset="1188" SrcFileId="21" StartOffset="940"/>
</LocList>
</CondStmnt>
<CondStmnt CovItemId="S5" CovItemPrefix="services.RegisterDelegate.java" Intrnl_Id="910">
<Branch CovItemId="B3" CovItemPrefix="services.RegisterDelegate.java" Implct="false" Intrnl_Id="911">
<Cond/>
<LocList>
<Loc EndOffset="1446" SrcFileId="21" StartOffset="1271"/>
</LocList>
<StmntSeq Intrnl_Id="912">
<LocList>
<Loc EndOffset="1383" SrcFileId="21" StartOffset="1278"/>
<Loc EndOffset="1440" SrcFileId="21" StartOffset="1389"/>
</LocList>
<BasicStmnt CovItemId="S6" CovItemPrefix="services.RegisterDelegate.java" Intrnl_Id="913">
<LocList>
<Loc EndOffset="1383" SrcFileId="21" StartOffset="1278"/>
</LocList>
</BasicStmnt>
<BasicStmnt CovItemId="S7" CovItemPrefix="services.RegisterDelegate.java" Intrnl_Id="914">
<LocList>
<Loc EndOffset="1440" SrcFileId="21" StartOffset="1389"/>
</LocList>
</BasicStmnt>
</StmntSeq>
</Branch>
<Branch CovItemId="B4" CovItemPrefix="services.RegisterDelegate.java" Implct="true" Intrnl_Id="915">
<Cond/>
<LocList/>
<StmntSeq Intrnl_Id="916">
<LocList/>
</StmntSeq>
</Branch>
<Keyword EndOffset="1200" SrcFileId="21" StartOffset="1198"/>
<LocList>
<Loc EndOffset="1446" SrcFileId="21" StartOffset="1198"/>
</LocList>
</CondStmnt>
<CondStmnt CovItemId="S8" CovItemPrefix="services.RegisterDelegate.java" Intrnl_Id="917">
<Branch CovItemId="B5" CovItemPrefix="services.RegisterDelegate.java" Implct="false" Intrnl_Id="918">
<Cond/>
<LocList>
<Loc EndOffset="1695" SrcFileId="21" StartOffset="1519"/>
</LocList>
<StmntSeq Intrnl_Id="919">
<LocList>
<Loc EndOffset="1632" SrcFileId="21" StartOffset="1526"/>
<Loc EndOffset="1689" SrcFileId="21" StartOffset="1638"/>
</LocList>
<BasicStmnt CovItemId="S9" CovItemPrefix="services.RegisterDelegate.java" Intrnl_Id="920">
<LocList>
<Loc EndOffset="1632" SrcFileId="21" StartOffset="1526"/>
</LocList>
</BasicStmnt>
<BasicStmnt CovItemId="S10" CovItemPrefix="services.RegisterDelegate.java" Intrnl_Id="921">
<LocList>
<Loc EndOffset="1689" SrcFileId="21" StartOffset="1638"/>
</LocList>
</BasicStmnt>
</StmntSeq>
</Branch>
<Branch CovItemId="B6" CovItemPrefix="services.RegisterDelegate.java" Implct="true" Intrnl_Id="922">
<Cond/>
<LocList/>
<StmntSeq Intrnl_Id="923">
<LocList/>
</StmntSeq>
</Branch>
<Keyword EndOffset="1458" SrcFileId="21" StartOffset="1456"/>
<LocList>
<Loc EndOffset="1695" SrcFileId="21" StartOffset="1456"/>
</LocList>
</CondStmnt>
<BasicStmnt CovItemId="S11" CovItemPrefix="services.RegisterDelegate.java" Intrnl_Id="924">
<LocList>
<Loc EndOffset="1737" SrcFileId="21" StartOffset="1705"/>
</LocList>
</BasicStmnt>
<BasicStmnt CovItemId="S12" CovItemPrefix="services.RegisterDelegate.java" Intrnl_Id="925">
<LocList>
<Loc EndOffset="1832" SrcFileId="21" StartOffset="1742"/>
</LocList>
</BasicStmnt>
<BasicStmnt CovItemId="S13" CovItemPrefix="services.RegisterDelegate.java" Intrnl_Id="926">
<LocList>
<Loc EndOffset="1888" SrcFileId="21" StartOffset="1837"/>
</LocList>
</BasicStmnt>
</StmntSeq>
</HierarchyLvl>
</HierarchyLvl>
<HierarchyLvl HierarchyLvlId="23651" HierarchyLvlTypeId="44" Intrnl_Id="927" Name="RankingStatisticsDelegate">
<Header>
<Loc EndOffset="658" SrcFileId="22" StartOffset="596"/>
</Header>
<LocList>
<Loc EndOffset="1688" SrcFileId="22" StartOffset="596"/>
</LocList>
<HierarchyLvl HierarchyLvlId="23649" HierarchyLvlTypeId="45" Intrnl_Id="928" Name="RankingStatisticsDelegate">
<Header>
<Loc EndOffset="738" SrcFileId="22" StartOffset="664"/>
</Header>
<LocList>
<Loc EndOffset="816" SrcFileId="22" StartOffset="664"/>
</LocList>
<StmntSeq Intrnl_Id="929">
<LocList>
<Loc EndOffset="769" SrcFileId="22" StartOffset="744"/>
</LocList>
<BasicStmnt CovItemId="S1" CovItemPrefix="services.RankingStatisticsDelegate.java" Intrnl_Id="930">
<LocList>
<Loc EndOffset="769" SrcFileId="22" StartOffset="744"/>
</LocList>
</BasicStmnt>
</StmntSeq>
</HierarchyLvl>
<HierarchyLvl HierarchyLvlId="23650" HierarchyLvlTypeId="45" Intrnl_Id="931" Name="applyAuthProcess">
<Header>
<Loc EndOffset="1069" SrcFileId="22" StartOffset="951"/>
</Header>
<LocList>
<Loc EndOffset="1681" SrcFileId="22" StartOffset="951"/>
</LocList>
<StmntSeq Intrnl_Id="932">
<LocList>
<Loc EndOffset="1131" SrcFileId="22" StartOffset="1077"/>
<Loc EndOffset="1210" SrcFileId="22" StartOffset="1139"/>
<Loc EndOffset="1308" SrcFileId="22" StartOffset="1216"/>
<Loc EndOffset="1367" SrcFileId="22" StartOffset="1312"/>
<Loc EndOffset="1450" SrcFileId="22" StartOffset="1375"/>
<Loc EndOffset="1549" SrcFileId="22" StartOffset="1458"/>
<Loc EndOffset="1601" SrcFileId="22" StartOffset="1553"/>
<Loc EndOffset="1653" SrcFileId="22" StartOffset="1609"/>
<Loc EndOffset="1675" SrcFileId="22" StartOffset="1661"/>
</LocList>
<BasicStmnt CovItemId="S2" CovItemPrefix="services.RankingStatisticsDelegate.java" Intrnl_Id="933">
<LocList>
<Loc EndOffset="1131" SrcFileId="22" StartOffset="1077"/>
</LocList>
</BasicStmnt>
<BasicStmnt CovItemId="S3" CovItemPrefix="services.RankingStatisticsDelegate.java" Intrnl_Id="934">
<LocList>
<Loc EndOffset="1210" SrcFileId="22" StartOffset="1139"/>
</LocList>
</BasicStmnt>
<BasicStmnt CovItemId="S4" CovItemPrefix="services.RankingStatisticsDelegate.java" Intrnl_Id="935">
<LocList>
<Loc EndOffset="1308" SrcFileId="22" StartOffset="1216"/>
</LocList>
</BasicStmnt>
<BasicStmnt CovItemId="S5" CovItemPrefix="services.RankingStatisticsDelegate.java" Intrnl_Id="936">
<LocList>
<Loc EndOffset="1367" SrcFileId="22" StartOffset="1312"/>
</LocList>
</BasicStmnt>
<BasicStmnt CovItemId="S6" CovItemPrefix="services.RankingStatisticsDelegate.java" Intrnl_Id="937">
<LocList>
<Loc EndOffset="1450" SrcFileId="22" StartOffset="1375"/>
</LocList>
</BasicStmnt>
<BasicStmnt CovItemId="S7" CovItemPrefix="services.RankingStatisticsDelegate.java" Intrnl_Id="938">
<LocList>
<Loc EndOffset="1549" SrcFileId="22" StartOffset="1458"/>
</LocList>
</BasicStmnt>
<BasicStmnt CovItemId="S8" CovItemPrefix="services.RankingStatisticsDelegate.java" Intrnl_Id="939">
<LocList>
<Loc EndOffset="1601" SrcFileId="22" StartOffset="1553"/>
</LocList>
</BasicStmnt>
<BasicStmnt CovItemId="S9" CovItemPrefix="services.RankingStatisticsDelegate.java" Intrnl_Id="940">
<LocList>
<Loc EndOffset="1653" SrcFileId="22" StartOffset="1609"/>
</LocList>
</BasicStmnt>
<BasicStmnt CovItemId="S10" CovItemPrefix="services.RankingStatisticsDelegate.java" Intrnl_Id="941">
<LocList>
<Loc EndOffset="1675" SrcFileId="22" StartOffset="1661"/>
</LocList>
</BasicStmnt>
</StmntSeq>
</HierarchyLvl>
</HierarchyLvl>
<HierarchyLvl HierarchyLvlId="23654" HierarchyLvlTypeId="44" Intrnl_Id="942" Name="PersonalStatisticsDelegate">
<Header>
<Loc EndOffset="538" SrcFileId="23" StartOffset="475"/>
</Header>
<LocList>
<Loc EndOffset="1286" SrcFileId="23" StartOffset="475"/>
</LocList>
<HierarchyLvl HierarchyLvlId="23652" HierarchyLvlTypeId="45" Intrnl_Id="943" Name="PersonalStatisticsDelegate">
<Header>
<Loc EndOffset="620" SrcFileId="23" StartOffset="545"/>
</Header>
<LocList>
<Loc EndOffset="698" SrcFileId="23" StartOffset="545"/>
</LocList>
<StmntSeq Intrnl_Id="944">
<LocList>
<Loc EndOffset="651" SrcFileId="23" StartOffset="626"/>
</LocList>
<BasicStmnt CovItemId="S1" CovItemPrefix="services.PersonalStatisticsDelegate.java" Intrnl_Id="945">
<LocList>
<Loc EndOffset="651" SrcFileId="23" StartOffset="626"/>
</LocList>
</BasicStmnt>
</StmntSeq>
</HierarchyLvl>
<HierarchyLvl HierarchyLvlId="23653" HierarchyLvlTypeId="45" Intrnl_Id="946" Name="applyAuthProcess">
<Header>
<Loc EndOffset="910" SrcFileId="23" StartOffset="792"/>
</Header>
<LocList>
<Loc EndOffset="1283" SrcFileId="23" StartOffset="792"/>
</LocList>
<StmntSeq Intrnl_Id="947">
<LocList>
<Loc EndOffset="972" SrcFileId="23" StartOffset="918"/>
<Loc EndOffset="1063" SrcFileId="23" StartOffset="980"/>
<Loc EndOffset="1096" SrcFileId="23" StartOffset="1067"/>
<Loc EndOffset="1179" SrcFileId="23" StartOffset="1102"/>
<Loc EndOffset="1220" SrcFileId="23" StartOffset="1183"/>
<Loc EndOffset="1277" SrcFileId="23" StartOffset="1226"/>
</LocList>
<BasicStmnt CovItemId="S2" CovItemPrefix="services.PersonalStatisticsDelegate.java" Intrnl_Id="948">
<LocList>
<Loc EndOffset="972" SrcFileId="23" StartOffset="918"/>
</LocList>
</BasicStmnt>
<BasicStmnt CovItemId="S3" CovItemPrefix="services.PersonalStatisticsDelegate.java" Intrnl_Id="949">
<LocList>
<Loc EndOffset="1063" SrcFileId="23" StartOffset="980"/>
</LocList>
</BasicStmnt>
<BasicStmnt CovItemId="S4" CovItemPrefix="services.PersonalStatisticsDelegate.java" Intrnl_Id="950">
<LocList>
<Loc EndOffset="1096" SrcFileId="23" StartOffset="1067"/>
</LocList>
</BasicStmnt>
<BasicStmnt CovItemId="S5" CovItemPrefix="services.PersonalStatisticsDelegate.java" Intrnl_Id="951">
<LocList>
<Loc EndOffset="1179" SrcFileId="23" StartOffset="1102"/>
</LocList>
</BasicStmnt>
<BasicStmnt CovItemId="S6" CovItemPrefix="services.PersonalStatisticsDelegate.java" Intrnl_Id="952">
<LocList>
<Loc EndOffset="1220" SrcFileId="23" StartOffset="1183"/>
</LocList>
</BasicStmnt>
<BasicStmnt CovItemId="S7" CovItemPrefix="services.PersonalStatisticsDelegate.java" Intrnl_Id="953">
<LocList>
<Loc EndOffset="1277" SrcFileId="23" StartOffset="1226"/>
</LocList>
</BasicStmnt>
</StmntSeq>
</HierarchyLvl>
</HierarchyLvl>
<HierarchyLvl HierarchyLvlId="23657" HierarchyLvlTypeId="44" Intrnl_Id="954" Name="LogoutDelegate">
<Header>
<Loc EndOffset="529" SrcFileId="24" StartOffset="478"/>
</Header>
<LocList>
<Loc EndOffset="1136" SrcFileId="24" StartOffset="478"/>
</LocList>
<HierarchyLvl HierarchyLvlId="23655" HierarchyLvlTypeId="45" Intrnl_Id="955" Name="LogoutDelegate">
<Header>
<Loc EndOffset="676" SrcFileId="24" StartOffset="613"/>
</Header>
<LocList>
<Loc EndOffset="711" SrcFileId="24" StartOffset="613"/>
</LocList>
<StmntSeq Intrnl_Id="956">
<LocList>
<Loc EndOffset="707" SrcFileId="24" StartOffset="682"/>
</LocList>
<BasicStmnt CovItemId="S1" CovItemPrefix="services.LogoutDelegate.java" Intrnl_Id="957">
<LocList>
<Loc EndOffset="707" SrcFileId="24" StartOffset="682"/>
</LocList>
</BasicStmnt>
</StmntSeq>
</HierarchyLvl>
<HierarchyLvl HierarchyLvlId="23656" HierarchyLvlTypeId="45" Intrnl_Id="958" Name="applyAuthProcess">
<Header>
<Loc EndOffset="915" SrcFileId="24" StartOffset="797"/>
</Header>
<LocList>
<Loc EndOffset="1131" SrcFileId="24" StartOffset="797"/>
</LocList>
<StmntSeq Intrnl_Id="959">
<LocList>
<Loc EndOffset="976" SrcFileId="24" StartOffset="922"/>
<Loc EndOffset="1071" SrcFileId="24" StartOffset="981"/>
<Loc EndOffset="1127" SrcFileId="24" StartOffset="1076"/>
</LocList>
<BasicStmnt CovItemId="S2" CovItemPrefix="services.LogoutDelegate.java" Intrnl_Id="960">
<LocList>
<Loc EndOffset="976" SrcFileId="24" StartOffset="922"/>
</LocList>
</BasicStmnt>
<BasicStmnt CovItemId="S3" CovItemPrefix="services.LogoutDelegate.java" Intrnl_Id="961">
<LocList>
<Loc EndOffset="1071" SrcFileId="24" StartOffset="981"/>
</LocList>
</BasicStmnt>
<BasicStmnt CovItemId="S4" CovItemPrefix="services.LogoutDelegate.java" Intrnl_Id="962">
<LocList>
<Loc EndOffset="1127" SrcFileId="24" StartOffset="1076"/>
</LocList>
</BasicStmnt>
</StmntSeq>
</HierarchyLvl>
</HierarchyLvl>
<HierarchyLvl HierarchyLvlId="23661" HierarchyLvlTypeId="44" Intrnl_Id="963" Name="LoginDelegate">
<Header>
<Loc EndOffset="513" SrcFileId="25" StartOffset="463"/>
</Header>
<LocList>
<Loc EndOffset="1663" SrcFileId="25" StartOffset="463"/>
</LocList>
<HierarchyLvl HierarchyLvlId="23658" HierarchyLvlTypeId="45" Intrnl_Id="964" Name="LoginDelegate">
<Header>
<Loc EndOffset="665" SrcFileId="25" StartOffset="603"/>
</Header>
<LocList>
<Loc EndOffset="700" SrcFileId="25" StartOffset="603"/>
</LocList>
<StmntSeq Intrnl_Id="965">
<LocList>
<Loc EndOffset="696" SrcFileId="25" StartOffset="671"/>
</LocList>
<BasicStmnt CovItemId="S1" CovItemPrefix="services.LoginDelegate.java" Intrnl_Id="966">
<LocList>
<Loc EndOffset="696" SrcFileId="25" StartOffset="671"/>
</LocList>
</BasicStmnt>
</StmntSeq>
</HierarchyLvl>
<HierarchyLvl HierarchyLvlId="23659" HierarchyLvlTypeId="45" Intrnl_Id="967" Name="applyLoginProcess">
<Header>
<Loc EndOffset="892" SrcFileId="25" StartOffset="777"/>
</Header>
<LocList>
<Loc EndOffset="1162" SrcFileId="25" StartOffset="777"/>
</LocList>
<StmntSeq Intrnl_Id="968">
<LocList>
<Loc EndOffset="958" SrcFileId="25" StartOffset="902"/>
<Loc EndOffset="1056" SrcFileId="25" StartOffset="966"/>
<Loc EndOffset="1103" SrcFileId="25" StartOffset="1060"/>
<Loc EndOffset="1158" SrcFileId="25" StartOffset="1107"/>
</LocList>
<BasicStmnt CovItemId="S2" CovItemPrefix="services.LoginDelegate.java" Intrnl_Id="969">
<LocList>
<Loc EndOffset="958" SrcFileId="25" StartOffset="902"/>
</LocList>
</BasicStmnt>
<BasicStmnt CovItemId="S3" CovItemPrefix="services.LoginDelegate.java" Intrnl_Id="970">
<LocList>
<Loc EndOffset="1056" SrcFileId="25" StartOffset="966"/>
</LocList>
</BasicStmnt>
<BasicStmnt CovItemId="S4" CovItemPrefix="services.LoginDelegate.java" Intrnl_Id="971">
<LocList>
<Loc EndOffset="1103" SrcFileId="25" StartOffset="1060"/>
</LocList>
</BasicStmnt>
<BasicStmnt CovItemId="S5" CovItemPrefix="services.LoginDelegate.java" Intrnl_Id="972">
<LocList>
<Loc EndOffset="1158" SrcFileId="25" StartOffset="1107"/>
</LocList>
</BasicStmnt>
</StmntSeq>
</HierarchyLvl>
<HierarchyLvl HierarchyLvlId="23660" HierarchyLvlTypeId="45" Intrnl_Id="973" Name="generateAuthenticationToken">
<Header>
<Loc EndOffset="1510" SrcFileId="25" StartOffset="1417"/>
</Header>
<LocList>
<Loc EndOffset="1657" SrcFileId="25" StartOffset="1417"/>
</LocList>
<StmntSeq Intrnl_Id="974">
<LocList>
<Loc EndOffset="1566" SrcFileId="25" StartOffset="1518"/>
<Loc EndOffset="1628" SrcFileId="25" StartOffset="1574"/>
<Loc EndOffset="1653" SrcFileId="25" StartOffset="1636"/>
</LocList>
<BasicStmnt CovItemId="S6" CovItemPrefix="services.LoginDelegate.java" Intrnl_Id="975">
<LocList>
<Loc EndOffset="1566" SrcFileId="25" StartOffset="1518"/>
</LocList>
</BasicStmnt>
<BasicStmnt CovItemId="S7" CovItemPrefix="services.LoginDelegate.java" Intrnl_Id="976">
<LocList>
<Loc EndOffset="1628" SrcFileId="25" StartOffset="1574"/>
</LocList>
</BasicStmnt>
<BasicStmnt CovItemId="S8" CovItemPrefix="services.LoginDelegate.java" Intrnl_Id="977">
<LocList>
<Loc EndOffset="1653" SrcFileId="25" StartOffset="1636"/>
</LocList>
</BasicStmnt>
</StmntSeq>
</HierarchyLvl>
</HierarchyLvl>
<HierarchyLvl HierarchyLvlId="23664" HierarchyLvlTypeId="44" Intrnl_Id="978" Name="CommunityStatisticsDelegate">
<Header>
<Loc EndOffset="541" SrcFileId="26" StartOffset="477"/>
</Header>
<LocList>
<Loc EndOffset="1280" SrcFileId="26" StartOffset="477"/>
</LocList>
<HierarchyLvl HierarchyLvlId="23662" HierarchyLvlTypeId="45" Intrnl_Id="979" Name="CommunityStatisticsDelegate">
<Header>
<Loc EndOffset="624" SrcFileId="26" StartOffset="548"/>
</Header>
<LocList>
<Loc EndOffset="702" SrcFileId="26" StartOffset="548"/>
</LocList>
<StmntSeq Intrnl_Id="980">
<LocList>
<Loc EndOffset="655" SrcFileId="26" StartOffset="630"/>
</LocList>
<BasicStmnt CovItemId="S1" CovItemPrefix="services.CommunityStatisticsDelegate.java" Intrnl_Id="981">
<LocList>
<Loc EndOffset="655" SrcFileId="26" StartOffset="630"/>
</LocList>
</BasicStmnt>
</StmntSeq>
</HierarchyLvl>
<HierarchyLvl HierarchyLvlId="23663" HierarchyLvlTypeId="45" Intrnl_Id="982" Name="applyAuthProcess">
<Header>
<Loc EndOffset="914" SrcFileId="26" StartOffset="796"/>
</Header>
<LocList>
<Loc EndOffset="1277" SrcFileId="26" StartOffset="796"/>
</LocList>
<StmntSeq Intrnl_Id="983">
<LocList>
<Loc EndOffset="976" SrcFileId="26" StartOffset="922"/>
<Loc EndOffset="1056" SrcFileId="26" StartOffset="984"/>
<Loc EndOffset="1089" SrcFileId="26" StartOffset="1060"/>
<Loc EndOffset="1172" SrcFileId="26" StartOffset="1095"/>
<Loc EndOffset="1214" SrcFileId="26" StartOffset="1176"/>
<Loc EndOffset="1271" SrcFileId="26" StartOffset="1220"/>
</LocList>
<BasicStmnt CovItemId="S2" CovItemPrefix="services.CommunityStatisticsDelegate.java" Intrnl_Id="984">
<LocList>
<Loc EndOffset="976" SrcFileId="26" StartOffset="922"/>
</LocList>
</BasicStmnt>
<BasicStmnt CovItemId="S3" CovItemPrefix="services.CommunityStatisticsDelegate.java" Intrnl_Id="985">
<LocList>
<Loc EndOffset="1056" SrcFileId="26" StartOffset="984"/>
</LocList>
</BasicStmnt>
<BasicStmnt CovItemId="S4" CovItemPrefix="services.CommunityStatisticsDelegate.java" Intrnl_Id="986">
<LocList>
<Loc EndOffset="1089" SrcFileId="26" StartOffset="1060"/>
</LocList>
</BasicStmnt>
<BasicStmnt CovItemId="S5" CovItemPrefix="services.CommunityStatisticsDelegate.java" Intrnl_Id="987">
<LocList>
<Loc EndOffset="1172" SrcFileId="26" StartOffset="1095"/>
</LocList>
</BasicStmnt>
<BasicStmnt CovItemId="S6" CovItemPrefix="services.CommunityStatisticsDelegate.java" Intrnl_Id="988">
<LocList>
<Loc EndOffset="1214" SrcFileId="26" StartOffset="1176"/>
</LocList>
</BasicStmnt>
<BasicStmnt CovItemId="S7" CovItemPrefix="services.CommunityStatisticsDelegate.java" Intrnl_Id="989">
<LocList>
<Loc EndOffset="1271" SrcFileId="26" StartOffset="1220"/>
</LocList>
</BasicStmnt>
</StmntSeq>
</HierarchyLvl>
</HierarchyLvl>
<HierarchyLvl HierarchyLvlId="23667" HierarchyLvlTypeId="44" Intrnl_Id="990" Name="AuthenticationService">
<Header>
<Loc EndOffset="685" SrcFileId="27" StartOffset="651"/>
</Header>
<LocList>
<Loc EndOffset="1531" SrcFileId="27" StartOffset="651"/>
</LocList>
<HierarchyLvl HierarchyLvlId="23665" HierarchyLvlTypeId="45" Intrnl_Id="991" Name="AuthenticationService">
<Header>
<Loc EndOffset="914" SrcFileId="27" StartOffset="860"/>
</Header>
<LocList>
<Loc EndOffset="1382" SrcFileId="27" StartOffset="860"/>
</LocList>
<StmntSeq Intrnl_Id="992">
<LocList>
<Loc EndOffset="1068" SrcFileId="27" StartOffset="1024"/>
<Loc EndOffset="1168" SrcFileId="27" StartOffset="1073"/>
<Loc EndOffset="1201" SrcFileId="27" StartOffset="1173"/>
<Loc EndOffset="1249" SrcFileId="27" StartOffset="1211"/>
<Loc EndOffset="1378" SrcFileId="27" StartOffset="923"/>
</LocList>
<BasicStmnt CovItemId="S2" CovItemPrefix="services.AuthenticationService.java" Intrnl_Id="993">
<LocList>
<Loc EndOffset="1068" SrcFileId="27" StartOffset="1024"/>
</LocList>
</BasicStmnt>
<BasicStmnt CovItemId="S3" CovItemPrefix="services.AuthenticationService.java" Intrnl_Id="994">
<LocList>
<Loc EndOffset="1168" SrcFileId="27" StartOffset="1073"/>
</LocList>
</BasicStmnt>
<BasicStmnt CovItemId="S4" CovItemPrefix="services.AuthenticationService.java" Intrnl_Id="995">
<LocList>
<Loc EndOffset="1201" SrcFileId="27" StartOffset="1173"/>
</LocList>
</BasicStmnt>
<BasicStmnt CovItemId="S5" CovItemPrefix="services.AuthenticationService.java" Intrnl_Id="996">
<LocList>
<Loc EndOffset="1249" SrcFileId="27" StartOffset="1211"/>
</LocList>
</BasicStmnt>
<CondStmnt CovItemId="S1" CovItemPrefix="services.AuthenticationService.java" Intrnl_Id="997">
<Branch CovItemId="B1" CovItemPrefix="services.AuthenticationService.java" Implct="true" Intrnl_Id="998">
<Cond/>
<LocList/>
<StmntSeq Intrnl_Id="999">
<LocList/>
</StmntSeq>
</Branch>
<Branch CovItemId="B2" CovItemPrefix="services.AuthenticationService.java" Implct="false" Intrnl_Id="1000">
<Cond>
<Loc EndOffset="1291" SrcFileId="27" StartOffset="1255"/>
</Cond>
<LocList>
<Loc EndOffset="1378" SrcFileId="27" StartOffset="1292"/>
</LocList>
<StmntSeq Intrnl_Id="1001">
<LocList>
<Loc EndOffset="1373" SrcFileId="27" StartOffset="1343"/>
</LocList>
<BasicStmnt CovItemId="S6" CovItemPrefix="services.AuthenticationService.java" Intrnl_Id="1002">
<LocList>
<Loc EndOffset="1373" SrcFileId="27" StartOffset="1343"/>
</LocList>
</BasicStmnt>
</StmntSeq>
</Branch>
<Keyword EndOffset="926" SrcFileId="27" StartOffset="923"/>
<LocList>
<Loc EndOffset="1378" SrcFileId="27" StartOffset="923"/>
</LocList>
</CondStmnt>
</StmntSeq>
</HierarchyLvl>
<HierarchyLvl HierarchyLvlId="23666" HierarchyLvlTypeId="45" Intrnl_Id="1003" Name="testDatabaseConnection">
<Header>
<Loc EndOffset="1429" SrcFileId="27" StartOffset="1391"/>
</Header>
<LocList>
<Loc EndOffset="1523" SrcFileId="27" StartOffset="1391"/>
</LocList>
<StmntSeq Intrnl_Id="1004">
<LocList>
<Loc EndOffset="1473" SrcFileId="27" StartOffset="1437"/>
<Loc EndOffset="1497" SrcFileId="27" StartOffset="1477"/>
<Loc EndOffset="1515" SrcFileId="27" StartOffset="1501"/>
</LocList>
<BasicStmnt CovItemId="S7" CovItemPrefix="services.AuthenticationService.java" Intrnl_Id="1005">
<LocList>
<Loc EndOffset="1473" SrcFileId="27" StartOffset="1437"/>
</LocList>
</BasicStmnt>
<BasicStmnt CovItemId="S8" CovItemPrefix="services.AuthenticationService.java" Intrnl_Id="1006">
<LocList>
<Loc EndOffset="1497" SrcFileId="27" StartOffset="1477"/>
</LocList>
</BasicStmnt>
<BasicStmnt CovItemId="S9" CovItemPrefix="services.AuthenticationService.java" Intrnl_Id="1007">
<LocList>
<Loc EndOffset="1515" SrcFileId="27" StartOffset="1501"/>
</LocList>
</BasicStmnt>
</StmntSeq>
</HierarchyLvl>
</HierarchyLvl>
</HierarchyLvl>
<HierarchyLvl HierarchyLvlId="23952" HierarchyLvlTypeId="43" Intrnl_Id="1008" Name="database">
<Header/>
<LocList/>
<HierarchyLvl HierarchyLvlId="23690" HierarchyLvlTypeId="44" Intrnl_Id="1009" Name="ResponseObject">
<Header>
<Loc EndOffset="611" SrcFileId="28" StartOffset="584"/>
</Header>
<LocList>
<Loc EndOffset="4376" SrcFileId="28" StartOffset="584"/>
<Loc EndOffset="6997" SrcFileId="28" StartOffset="6991"/>
</LocList>
<StmntSeq Intrnl_Id="1010">
<LocList>
<Loc EndOffset="662" SrcFileId="28" StartOffset="618"/>
<Loc EndOffset="710" SrcFileId="28" StartOffset="665"/>
</LocList>
<BasicStmnt CovItemId="S1" CovItemPrefix="database.ResponseObject.java" Intrnl_Id="1011">
<LocList>
<Loc EndOffset="662" SrcFileId="28" StartOffset="618"/>
</LocList>
</BasicStmnt>
<BasicStmnt CovItemId="S2" CovItemPrefix="database.ResponseObject.java" Intrnl_Id="1012">
<LocList>
<Loc EndOffset="710" SrcFileId="28" StartOffset="665"/>
</LocList>
</BasicStmnt>
</StmntSeq>
<HierarchyLvl HierarchyLvlId="23668" HierarchyLvlTypeId="45" Intrnl_Id="1013" Name="ResponseObject">
<Header>
<Loc EndOffset="1149" SrcFileId="28" StartOffset="1126"/>
</Header>
<LocList>
<Loc EndOffset="1153" SrcFileId="28" StartOffset="1126"/>
</LocList>
</HierarchyLvl>
<HierarchyLvl HierarchyLvlId="23669" HierarchyLvlTypeId="45" Intrnl_Id="1014" Name="ResponseObject">
<Header>
<Loc EndOffset="1407" SrcFileId="28" StartOffset="1343"/>
</Header>
<LocList>
<Loc EndOffset="1490" SrcFileId="28" StartOffset="1343"/>
</LocList>
<StmntSeq Intrnl_Id="1015">
<LocList>
<Loc EndOffset="1438" SrcFileId="28" StartOffset="1415"/>
<Loc EndOffset="1465" SrcFileId="28" StartOffset="1442"/>
<Loc EndOffset="1486" SrcFileId="28" StartOffset="1469"/>
</LocList>
<BasicStmnt CovItemId="S3" CovItemPrefix="database.ResponseObject.java" Intrnl_Id="1016">
<LocList>
<Loc EndOffset="1438" SrcFileId="28" StartOffset="1415"/>
</LocList>
</BasicStmnt>
<BasicStmnt CovItemId="S4" CovItemPrefix="database.ResponseObject.java" Intrnl_Id="1017">
<LocList>
<Loc EndOffset="1465" SrcFileId="28" StartOffset="1442"/>
</LocList>
</BasicStmnt>
<BasicStmnt CovItemId="S5" CovItemPrefix="database.ResponseObject.java" Intrnl_Id="1018">
<LocList>
<Loc EndOffset="1486" SrcFileId="28" StartOffset="1469"/>
</LocList>
</BasicStmnt>
</StmntSeq>
</HierarchyLvl>
<HierarchyLvl HierarchyLvlId="23670" HierarchyLvlTypeId="45" Intrnl_Id="1019" Name="getCode">
<Header>
<Loc EndOffset="1577" SrcFileId="28" StartOffset="1557"/>
</Header>
<LocList>
<Loc EndOffset="1599" SrcFileId="28" StartOffset="1557"/>
</LocList>
<StmntSeq Intrnl_Id="1020">
<LocList>
<Loc EndOffset="1595" SrcFileId="28" StartOffset="1583"/>
</LocList>
<BasicStmnt CovItemId="S6" CovItemPrefix="database.ResponseObject.java" Intrnl_Id="1021">
<LocList>
<Loc EndOffset="1595" SrcFileId="28" StartOffset="1583"/>
</LocList>
</BasicStmnt>
</StmntSeq>
</HierarchyLvl>
<HierarchyLvl HierarchyLvlId="23671" HierarchyLvlTypeId="45" Intrnl_Id="1022" Name="setCode">
<Header>
<Loc EndOffset="1688" SrcFileId="28" StartOffset="1659"/>
</Header>
<LocList>
<Loc EndOffset="1715" SrcFileId="28" StartOffset="1659"/>
</LocList>
<StmntSeq Intrnl_Id="1023">
<LocList>
<Loc EndOffset="1711" SrcFileId="28" StartOffset="1694"/>
</LocList>
<BasicStmnt CovItemId="S7" CovItemPrefix="database.ResponseObject.java" Intrnl_Id="1024">
<LocList>
<Loc EndOffset="1711" SrcFileId="28" StartOffset="1694"/>
</LocList>
</BasicStmnt>
</StmntSeq>
</HierarchyLvl>
<HierarchyLvl HierarchyLvlId="23672" HierarchyLvlTypeId="45" Intrnl_Id="1025" Name="getCommunityStatistics">
<Header>
<Loc EndOffset="1824" SrcFileId="28" StartOffset="1773"/>
</Header>
<LocList>
<Loc EndOffset="1861" SrcFileId="28" StartOffset="1773"/>
</LocList>
<StmntSeq Intrnl_Id="1026">
<LocList>
<Loc EndOffset="1857" SrcFileId="28" StartOffset="1830"/>
</LocList>
<BasicStmnt CovItemId="S8" CovItemPrefix="database.ResponseObject.java" Intrnl_Id="1027">
<LocList>
<Loc EndOffset="1857" SrcFileId="28" StartOffset="1830"/>
</LocList>
</BasicStmnt>
</StmntSeq>
</HierarchyLvl>
<HierarchyLvl HierarchyLvlId="23673" HierarchyLvlTypeId="45" Intrnl_Id="1028" Name="setCommunityStatistics">
<Header>
<Loc EndOffset="2019" SrcFileId="28" StartOffset="1944"/>
</Header>
<LocList>
<Loc EndOffset="2076" SrcFileId="28" StartOffset="1944"/>
</LocList>
<StmntSeq Intrnl_Id="1029">
<LocList>
<Loc EndOffset="2072" SrcFileId="28" StartOffset="2025"/>
</LocList>
<BasicStmnt CovItemId="S9" CovItemPrefix="database.ResponseObject.java" Intrnl_Id="1030">
<LocList>
<Loc EndOffset="2072" SrcFileId="28" StartOffset="2025"/>
</LocList>
</BasicStmnt>
</StmntSeq>
</HierarchyLvl>
<HierarchyLvl HierarchyLvlId="23674" HierarchyLvlTypeId="45" Intrnl_Id="1031" Name="getRankingStatistics">
<Header>
<Loc EndOffset="2185" SrcFileId="28" StartOffset="2138"/>
</Header>
<LocList>
<Loc EndOffset="2220" SrcFileId="28" StartOffset="2138"/>
</LocList>
<StmntSeq Intrnl_Id="1032">
<LocList>
<Loc EndOffset="2216" SrcFileId="28" StartOffset="2191"/>
</LocList>
<BasicStmnt CovItemId="S10" CovItemPrefix="database.ResponseObject.java" Intrnl_Id="1033">
<LocList>
<Loc EndOffset="2216" SrcFileId="28" StartOffset="2191"/>
</LocList>
</BasicStmnt>
</StmntSeq>
</HierarchyLvl>
<HierarchyLvl HierarchyLvlId="23675" HierarchyLvlTypeId="45" Intrnl_Id="1034" Name="setRankingStatistics">
<Header>
<Loc EndOffset="2373" SrcFileId="28" StartOffset="2304"/>
</Header>
<LocList>
<Loc EndOffset="2426" SrcFileId="28" StartOffset="2304"/>
</LocList>
<StmntSeq Intrnl_Id="1035">
<LocList>
<Loc EndOffset="2422" SrcFileId="28" StartOffset="2379"/>
</LocList>
<BasicStmnt CovItemId="S11" CovItemPrefix="database.ResponseObject.java" Intrnl_Id="1036">
<LocList>
<Loc EndOffset="2422" SrcFileId="28" StartOffset="2379"/>
</LocList>
</BasicStmnt>
</StmntSeq>
</HierarchyLvl>
<HierarchyLvl HierarchyLvlId="23676" HierarchyLvlTypeId="45" Intrnl_Id="1037" Name="getUploadGameSuccess">
<Header>
<Loc EndOffset="2537" SrcFileId="28" StartOffset="2490"/>
</Header>
<LocList>
<Loc EndOffset="2572" SrcFileId="28" StartOffset="2490"/>
</LocList>
<StmntSeq Intrnl_Id="1038">
<LocList>
<Loc EndOffset="2568" SrcFileId="28" StartOffset="2543"/>
</LocList>
<BasicStmnt CovItemId="S12" CovItemPrefix="database.ResponseObject.java" Intrnl_Id="1039">
<LocList>
<Loc EndOffset="2568" SrcFileId="28" StartOffset="2543"/>
</LocList>
</BasicStmnt>
</StmntSeq>
</HierarchyLvl>
<HierarchyLvl HierarchyLvlId="23677" HierarchyLvlTypeId="45" Intrnl_Id="1040" Name="setUploadGameSuccess">
<Header>
<Loc EndOffset="2705" SrcFileId="28" StartOffset="2636"/>
</Header>
<LocList>
<Loc EndOffset="2758" SrcFileId="28" StartOffset="2636"/>
</LocList>
<StmntSeq Intrnl_Id="1041">
<LocList>
<Loc EndOffset="2754" SrcFileId="28" StartOffset="2711"/>
</LocList>
<BasicStmnt CovItemId="S13" CovItemPrefix="database.ResponseObject.java" Intrnl_Id="1042">
<LocList>
<Loc EndOffset="2754" SrcFileId="28" StartOffset="2711"/>
</LocList>
</BasicStmnt>
</StmntSeq>
</HierarchyLvl>
<HierarchyLvl HierarchyLvlId="23678" HierarchyLvlTypeId="45" Intrnl_Id="1043" Name="getUploadMiscSuccess">
<Header>
<Loc EndOffset="2870" SrcFileId="28" StartOffset="2822"/>
</Header>
<LocList>
<Loc EndOffset="2905" SrcFileId="28" StartOffset="2822"/>
</LocList>
<StmntSeq Intrnl_Id="1044">
<LocList>
<Loc EndOffset="2901" SrcFileId="28" StartOffset="2876"/>
</LocList>
<BasicStmnt CovItemId="S14" CovItemPrefix="database.ResponseObject.java" Intrnl_Id="1045">
<LocList>
<Loc EndOffset="2901" SrcFileId="28" StartOffset="2876"/>
</LocList>
</BasicStmnt>
</StmntSeq>
</HierarchyLvl>
<HierarchyLvl HierarchyLvlId="23679" HierarchyLvlTypeId="45" Intrnl_Id="1046" Name="setUploadMiscSuccess">
<Header>
<Loc EndOffset="3039" SrcFileId="28" StartOffset="2969"/>
</Header>
<LocList>
<Loc EndOffset="3092" SrcFileId="28" StartOffset="2969"/>
</LocList>
<StmntSeq Intrnl_Id="1047">
<LocList>
<Loc EndOffset="3088" SrcFileId="28" StartOffset="3045"/>
</LocList>
<BasicStmnt CovItemId="S15" CovItemPrefix="database.ResponseObject.java" Intrnl_Id="1048">
<LocList>
<Loc EndOffset="3088" SrcFileId="28" StartOffset="3045"/>
</LocList>
</BasicStmnt>
</StmntSeq>
</HierarchyLvl>
<HierarchyLvl HierarchyLvlId="23680" HierarchyLvlTypeId="45" Intrnl_Id="1049" Name="isSuccess">
<Header>
<Loc EndOffset="3180" SrcFileId="28" StartOffset="3154"/>
</Header>
<LocList>
<Loc EndOffset="3205" SrcFileId="28" StartOffset="3154"/>
</LocList>
<StmntSeq Intrnl_Id="1050">
<LocList>
<Loc EndOffset="3201" SrcFileId="28" StartOffset="3186"/>
</LocList>
<BasicStmnt CovItemId="S16" CovItemPrefix="database.ResponseObject.java" Intrnl_Id="1051">
<LocList>
<Loc EndOffset="3201" SrcFileId="28" StartOffset="3186"/>
</LocList>
</BasicStmnt>
</StmntSeq>
</HierarchyLvl>
<HierarchyLvl HierarchyLvlId="23681" HierarchyLvlTypeId="45" Intrnl_Id="1052" Name="setSuccess">
<Header>
<Loc EndOffset="3309" SrcFileId="28" StartOffset="3270"/>
</Header>
<LocList>
<Loc EndOffset="3342" SrcFileId="28" StartOffset="3270"/>
</LocList>
<StmntSeq Intrnl_Id="1053">
<LocList>
<Loc EndOffset="3338" SrcFileId="28" StartOffset="3315"/>
</LocList>
<BasicStmnt CovItemId="S17" CovItemPrefix="database.ResponseObject.java" Intrnl_Id="1054">
<LocList>
<Loc EndOffset="3338" SrcFileId="28" StartOffset="3315"/>
</LocList>
</BasicStmnt>
</StmntSeq>
</HierarchyLvl>
<HierarchyLvl HierarchyLvlId="23682" HierarchyLvlTypeId="45" Intrnl_Id="1055" Name="getMessage">
<Header>
<Loc EndOffset="3435" SrcFileId="28" StartOffset="3409"/>
</Header>
<LocList>
<Loc EndOffset="3460" SrcFileId="28" StartOffset="3409"/>
</LocList>
<StmntSeq Intrnl_Id="1056">
<LocList>
<Loc EndOffset="3456" SrcFileId="28" StartOffset="3441"/>
</LocList>
<BasicStmnt CovItemId="S18" CovItemPrefix="database.ResponseObject.java" Intrnl_Id="1057">
<LocList>
<Loc EndOffset="3456" SrcFileId="28" StartOffset="3441"/>
</LocList>
</BasicStmnt>
</StmntSeq>
</HierarchyLvl>
<HierarchyLvl HierarchyLvlId="23683" HierarchyLvlTypeId="45" Intrnl_Id="1058" Name="setMessage">
<Header>
<Loc EndOffset="3569" SrcFileId="28" StartOffset="3531"/>
</Header>
<LocList>
<Loc EndOffset="3602" SrcFileId="28" StartOffset="3531"/>
</LocList>
<StmntSeq Intrnl_Id="1059">
<LocList>
<Loc EndOffset="3598" SrcFileId="28" StartOffset="3575"/>
</LocList>
<BasicStmnt CovItemId="S19" CovItemPrefix="database.ResponseObject.java" Intrnl_Id="1060">
<LocList>
<Loc EndOffset="3598" SrcFileId="28" StartOffset="3575"/>
</LocList>
</BasicStmnt>
</StmntSeq>
</HierarchyLvl>
<HierarchyLvl HierarchyLvlId="23684" HierarchyLvlTypeId="45" Intrnl_Id="1061" Name="getAuthenticationToken">
<Header>
<Loc EndOffset="3706" SrcFileId="28" StartOffset="3668"/>
</Header>
<LocList>
<Loc EndOffset="3743" SrcFileId="28" StartOffset="3668"/>
</LocList>
<StmntSeq Intrnl_Id="1062">
<LocList>
<Loc EndOffset="3739" SrcFileId="28" StartOffset="3712"/>
</LocList>
<BasicStmnt CovItemId="S20" CovItemPrefix="database.ResponseObject.java" Intrnl_Id="1063">
<LocList>
<Loc EndOffset="3739" SrcFileId="28" StartOffset="3712"/>
</LocList>
</BasicStmnt>
</StmntSeq>
</HierarchyLvl>
<HierarchyLvl HierarchyLvlId="23685" HierarchyLvlTypeId="45" Intrnl_Id="1064" Name="setAuthenticationToken">
<Header>
<Loc EndOffset="3884" SrcFileId="28" StartOffset="3822"/>
</Header>
<LocList>
<Loc EndOffset="3941" SrcFileId="28" StartOffset="3822"/>
</LocList>
<StmntSeq Intrnl_Id="1065">
<LocList>
<Loc EndOffset="3937" SrcFileId="28" StartOffset="3890"/>
</LocList>
<BasicStmnt CovItemId="S21" CovItemPrefix="database.ResponseObject.java" Intrnl_Id="1066">
<LocList>
<Loc EndOffset="3937" SrcFileId="28" StartOffset="3890"/>
</LocList>
</BasicStmnt>
</StmntSeq>
</HierarchyLvl>
<HierarchyLvl HierarchyLvlId="23686" HierarchyLvlTypeId="45" Intrnl_Id="1067" Name="getPersonalStatistics">
<Header>
<Loc EndOffset="4058" SrcFileId="28" StartOffset="4009"/>
</Header>
<LocList>
<Loc EndOffset="4094" SrcFileId="28" StartOffset="4009"/>
</LocList>
<StmntSeq Intrnl_Id="1068">
<LocList>
<Loc EndOffset="4090" SrcFileId="28" StartOffset="4064"/>
</LocList>
<BasicStmnt CovItemId="S22" CovItemPrefix="database.ResponseObject.java" Intrnl_Id="1069">
<LocList>
<Loc EndOffset="4090" SrcFileId="28" StartOffset="4064"/>
</LocList>
</BasicStmnt>
</StmntSeq>
</HierarchyLvl>
<HierarchyLvl HierarchyLvlId="23687" HierarchyLvlTypeId="45" Intrnl_Id="1070" Name="setPersonalStatistics">
<Header>
<Loc EndOffset="4233" SrcFileId="28" StartOffset="4161"/>
</Header>
<LocList>
<Loc EndOffset="4288" SrcFileId="28" StartOffset="4161"/>
</LocList>
<StmntSeq Intrnl_Id="1071">
<LocList>
<Loc EndOffset="4284" SrcFileId="28" StartOffset="4239"/>
</LocList>
<BasicStmnt CovItemId="S23" CovItemPrefix="database.ResponseObject.java" Intrnl_Id="1072">
<LocList>
<Loc EndOffset="4284" SrcFileId="28" StartOffset="4239"/>
</LocList>
</BasicStmnt>
</StmntSeq>
</HierarchyLvl>
<HierarchyLvl HierarchyLvlId="23689" HierarchyLvlTypeId="44" Intrnl_Id="1073" Name="ResponseSerializer">
<Header>
<Loc EndOffset="4456" SrcFileId="28" StartOffset="4376"/>
</Header>
<LocList>
<Loc EndOffset="6991" SrcFileId="28" StartOffset="4376"/>
</LocList>
<HierarchyLvl HierarchyLvlId="23688" HierarchyLvlTypeId="45" Intrnl_Id="1074" Name="serialize">
<Header>
<Loc EndOffset="4660" SrcFileId="28" StartOffset="4544"/>
</Header>
<LocList>
<Loc EndOffset="6983" SrcFileId="28" StartOffset="4544"/>
</LocList>
<StmntSeq Intrnl_Id="1075">
<LocList>
<Loc EndOffset="4712" SrcFileId="28" StartOffset="4671"/>
<Loc EndOffset="4756" SrcFileId="28" StartOffset="4717"/>
<Loc EndOffset="4824" SrcFileId="28" StartOffset="4761"/>
<Loc EndOffset="4893" SrcFileId="28" StartOffset="4829"/>
<Loc EndOffset="4963" SrcFileId="28" StartOffset="4898"/>
<Loc EndOffset="5041" SrcFileId="28" StartOffset="4968"/>
<Loc EndOffset="5116" SrcFileId="28" StartOffset="5046"/>
<Loc EndOffset="5197" SrcFileId="28" StartOffset="5121"/>
<Loc EndOffset="5269" SrcFileId="28" StartOffset="5207"/>
<Loc EndOffset="5432" SrcFileId="28" StartOffset="5279"/>
<Loc EndOffset="5541" SrcFileId="28" StartOffset="5442"/>
<Loc EndOffset="5698" SrcFileId="28" StartOffset="5551"/>
<Loc EndOffset="5961" SrcFileId="28" StartOffset="5708"/>
<Loc EndOffset="6222" SrcFileId="28" StartOffset="5971"/>
<Loc EndOffset="6393" SrcFileId="28" StartOffset="6232"/>
<Loc EndOffset="6755" SrcFileId="28" StartOffset="6403"/>
<Loc EndOffset="6945" SrcFileId="28" StartOffset="6765"/>
<Loc EndOffset="6978" SrcFileId="28" StartOffset="6960"/>
</LocList>
<BasicStmnt CovItemId="S24" CovItemPrefix="database.ResponseObject.java" Intrnl_Id="1076">
<LocList>
<Loc EndOffset="4712" SrcFileId="28" StartOffset="4671"/>
</LocList>
</BasicStmnt>
<BasicStmnt CovItemId="S25" CovItemPrefix="database.ResponseObject.java" Intrnl_Id="1077">
<LocList>
<Loc EndOffset="4756" SrcFileId="28" StartOffset="4717"/>
</LocList>
</BasicStmnt>
<BasicStmnt CovItemId="S26" CovItemPrefix="database.ResponseObject.java" Intrnl_Id="1078">
<LocList>
<Loc EndOffset="4824" SrcFileId="28" StartOffset="4761"/>
</LocList>
</BasicStmnt>
<BasicStmnt CovItemId="S27" CovItemPrefix="database.ResponseObject.java" Intrnl_Id="1079">
<LocList>
<Loc EndOffset="4893" SrcFileId="28" StartOffset="4829"/>
</LocList>
</BasicStmnt>
<BasicStmnt CovItemId="S28" CovItemPrefix="database.ResponseObject.java" Intrnl_Id="1080">
<LocList>
<Loc EndOffset="4963" SrcFileId="28" StartOffset="4898"/>
</LocList>
</BasicStmnt>
<BasicStmnt CovItemId="S29" CovItemPrefix="database.ResponseObject.java" Intrnl_Id="1081">
<LocList>
<Loc EndOffset="5041" SrcFileId="28" StartOffset="4968"/>
</LocList>
</BasicStmnt>
<BasicStmnt CovItemId="S30" CovItemPrefix="database.ResponseObject.java" Intrnl_Id="1082">
<LocList>
<Loc EndOffset="5116" SrcFileId="28" StartOffset="5046"/>
</LocList>
</BasicStmnt>
<BasicStmnt CovItemId="S31" CovItemPrefix="database.ResponseObject.java" Intrnl_Id="1083">
<LocList>
<Loc EndOffset="5197" SrcFileId="28" StartOffset="5121"/>
</LocList>
</BasicStmnt>
<BasicStmnt CovItemId="S32" CovItemPrefix="database.ResponseObject.java" Intrnl_Id="1084">
<LocList>
<Loc EndOffset="5269" SrcFileId="28" StartOffset="5207"/>
</LocList>
</BasicStmnt>
<CondStmnt CovItemId="S33" CovItemPrefix="database.ResponseObject.java" Intrnl_Id="1085">
<Branch CovItemId="B1" CovItemPrefix="database.ResponseObject.java" Implct="false" Intrnl_Id="1086">
<Cond/>
<LocList>
<Loc EndOffset="5363" SrcFileId="28" StartOffset="5309"/>
</LocList>
<StmntSeq Intrnl_Id="1087">
<LocList>
<Loc EndOffset="5363" SrcFileId="28" StartOffset="5309"/>
</LocList>
<BasicStmnt CovItemId="S34" CovItemPrefix="database.ResponseObject.java" Intrnl_Id="1088">
<LocList>
<Loc EndOffset="5363" SrcFileId="28" StartOffset="5309"/>
</LocList>
</BasicStmnt>
</StmntSeq>
</Branch>
<Branch CovItemId="B2" CovItemPrefix="database.ResponseObject.java" Implct="false" Intrnl_Id="1089">
<Cond>
<Loc EndOffset="5372" SrcFileId="28" StartOffset="5368"/>
</Cond>
<LocList>
<Loc EndOffset="5432" SrcFileId="28" StartOffset="5378"/>
</LocList>
<StmntSeq Intrnl_Id="1090">
<LocList>
<Loc EndOffset="5432" SrcFileId="28" StartOffset="5378"/>
</LocList>
<BasicStmnt CovItemId="S35" CovItemPrefix="database.ResponseObject.java" Intrnl_Id="1091">
<LocList>
<Loc EndOffset="5432" SrcFileId="28" StartOffset="5378"/>
</LocList>
</BasicStmnt>
</StmntSeq>
</Branch>
<Keyword EndOffset="5281" SrcFileId="28" StartOffset="5279"/>
<LocList>
<Loc EndOffset="5432" SrcFileId="28" StartOffset="5279"/>
</LocList>
</CondStmnt>
<CondStmnt CovItemId="S36" CovItemPrefix="database.ResponseObject.java" Intrnl_Id="1092">
<Branch CovItemId="B3" CovItemPrefix="database.ResponseObject.java" Implct="false" Intrnl_Id="1093">
<Cond/>
<LocList>
<Loc EndOffset="5541" SrcFileId="28" StartOffset="5487"/>
</LocList>
<StmntSeq Intrnl_Id="1094">
<LocList>
<Loc EndOffset="5541" SrcFileId="28" StartOffset="5487"/>
</LocList>
<BasicStmnt CovItemId="S37" CovItemPrefix="database.ResponseObject.java" Intrnl_Id="1095">
<LocList>
<Loc EndOffset="5541" SrcFileId="28" StartOffset="5487"/>
</LocList>
</BasicStmnt>
</StmntSeq>
</Branch>
<Branch CovItemId="B4" CovItemPrefix="database.ResponseObject.java" Implct="true" Intrnl_Id="1096">
<Cond/>
<LocList/>
<StmntSeq Intrnl_Id="1097">
<LocList/>
</StmntSeq>
</Branch>
<Keyword EndOffset="5444" SrcFileId="28" StartOffset="5442"/>
<LocList>
<Loc EndOffset="5541" SrcFileId="28" StartOffset="5442"/>
</LocList>
</CondStmnt>
<CondStmnt CovItemId="S38" CovItemPrefix="database.ResponseObject.java" Intrnl_Id="1098">
<Branch CovItemId="B5" CovItemPrefix="database.ResponseObject.java" Implct="false" Intrnl_Id="1099">
<Cond/>
<LocList>
<Loc EndOffset="5698" SrcFileId="28" StartOffset="5620"/>
</LocList>
<StmntSeq Intrnl_Id="1100">
<LocList>
<Loc EndOffset="5698" SrcFileId="28" StartOffset="5620"/>
</LocList>
<BasicStmnt CovItemId="S39" CovItemPrefix="database.ResponseObject.java" Intrnl_Id="1101">
<LocList>
<Loc EndOffset="5698" SrcFileId="28" StartOffset="5620"/>
</LocList>
</BasicStmnt>
</StmntSeq>
</Branch>
<Branch CovItemId="B6" CovItemPrefix="database.ResponseObject.java" Implct="true" Intrnl_Id="1102">
<Cond/>
<LocList/>
<StmntSeq Intrnl_Id="1103">
<LocList/>
</StmntSeq>
</Branch>
<Keyword EndOffset="5553" SrcFileId="28" StartOffset="5551"/>
<LocList>
<Loc EndOffset="5698" SrcFileId="28" StartOffset="5551"/>
</LocList>
</CondStmnt>
<CondStmnt CovItemId="S40" CovItemPrefix="database.ResponseObject.java" Intrnl_Id="1104">
<Branch CovItemId="B7" CovItemPrefix="database.ResponseObject.java" Implct="false" Intrnl_Id="1105">
<Cond/>
<LocList>
<Loc EndOffset="5961" SrcFileId="28" StartOffset="5761"/>
</LocList>
<StmntSeq Intrnl_Id="1106">
<LocList>
<Loc EndOffset="5804" SrcFileId="28" StartOffset="5768"/>
<Loc EndOffset="5888" SrcFileId="28" StartOffset="5810"/>
<Loc EndOffset="5948" SrcFileId="28" StartOffset="5900"/>
</LocList>
<BasicStmnt CovItemId="S41" CovItemPrefix="database.ResponseObject.java" Intrnl_Id="1107">
<LocList>
<Loc EndOffset="5804" SrcFileId="28" StartOffset="5768"/>
</LocList>
</BasicStmnt>
<LoopStmnt CovItemId="S42" CovItemPrefix="database.ResponseObject.java" Intrnl_Id="1108" MltplExecId="L1-2" MltplExecPrefix="database.ResponseObject.java" NvrExecId="L1-0" NvrExecPrefix="database.ResponseObject.java" OnceExecutedId="L1-1" OnceExecutedPrefix="database.ResponseObject.java" OptBodyExec="true">
<StmntSeq Intrnl_Id="1109">
<LocList>
<Loc EndOffset="5888" SrcFileId="28" StartOffset="5849"/>
</LocList>
<BasicStmnt CovItemId="S43" CovItemPrefix="database.ResponseObject.java" Intrnl_Id="1110">
<LocList>
<Loc EndOffset="5888" SrcFileId="28" StartOffset="5849"/>
</LocList>
</BasicStmnt>
</StmntSeq>
<Keyword EndOffset="5813" SrcFileId="28" StartOffset="5810"/>
<LocList>
<Loc EndOffset="5888" SrcFileId="28" StartOffset="5810"/>
</LocList>
</LoopStmnt>
<BasicStmnt CovItemId="S44" CovItemPrefix="database.ResponseObject.java" Intrnl_Id="1111">
<LocList>
<Loc EndOffset="5948" SrcFileId="28" StartOffset="5900"/>
</LocList>
</BasicStmnt>
</StmntSeq>
</Branch>
<Branch CovItemId="B8" CovItemPrefix="database.ResponseObject.java" Implct="true" Intrnl_Id="1112">
<Cond/>
<LocList/>
<StmntSeq Intrnl_Id="1113">
<LocList/>
</StmntSeq>
</Branch>
<Keyword EndOffset="5710" SrcFileId="28" StartOffset="5708"/>
<LocList>
<Loc EndOffset="5961" SrcFileId="28" StartOffset="5708"/>
</LocList>
</CondStmnt>
<CondStmnt CovItemId="S45" CovItemPrefix="database.ResponseObject.java" Intrnl_Id="1114">
<Branch CovItemId="B9" CovItemPrefix="database.ResponseObject.java" Implct="false" Intrnl_Id="1115">
<Cond/>
<LocList>
<Loc EndOffset="6222" SrcFileId="28" StartOffset="6024"/>
</LocList>
<StmntSeq Intrnl_Id="1116">
<LocList>
<Loc EndOffset="6067" SrcFileId="28" StartOffset="6031"/>
<Loc EndOffset="6156" SrcFileId="28" StartOffset="6073"/>
<Loc EndOffset="6216" SrcFileId="28" StartOffset="6168"/>
</LocList>
<BasicStmnt CovItemId="S46" CovItemPrefix="database.ResponseObject.java" Intrnl_Id="1117">
<LocList>
<Loc EndOffset="6067" SrcFileId="28" StartOffset="6031"/>
</LocList>
</BasicStmnt>
<LoopStmnt CovItemId="S47" CovItemPrefix="database.ResponseObject.java" Intrnl_Id="1118" MltplExecId="L2-2" MltplExecPrefix="database.ResponseObject.java" NvrExecId="L2-0" NvrExecPrefix="database.ResponseObject.java" OnceExecutedId="L2-1" OnceExecutedPrefix="database.ResponseObject.java" OptBodyExec="true">
<StmntSeq Intrnl_Id="1119">
<LocList>
<Loc EndOffset="6156" SrcFileId="28" StartOffset="6115"/>
</LocList>
<BasicStmnt CovItemId="S48" CovItemPrefix="database.ResponseObject.java" Intrnl_Id="1120">
<LocList>
<Loc EndOffset="6156" SrcFileId="28" StartOffset="6115"/>
</LocList>
</BasicStmnt>
</StmntSeq>
<Keyword EndOffset="6076" SrcFileId="28" StartOffset="6073"/>
<LocList>
<Loc EndOffset="6156" SrcFileId="28" StartOffset="6073"/>
</LocList>
</LoopStmnt>
<BasicStmnt CovItemId="S49" CovItemPrefix="database.ResponseObject.java" Intrnl_Id="1121">
<LocList>
<Loc EndOffset="6216" SrcFileId="28" StartOffset="6168"/>
</LocList>
</BasicStmnt>
</StmntSeq>
</Branch>
<Branch CovItemId="B10" CovItemPrefix="database.ResponseObject.java" Implct="true" Intrnl_Id="1122">
<Cond/>
<LocList/>
<StmntSeq Intrnl_Id="1123">
<LocList/>
</StmntSeq>
</Branch>
<Keyword EndOffset="5973" SrcFileId="28" StartOffset="5971"/>
<LocList>
<Loc EndOffset="6222" SrcFileId="28" StartOffset="5971"/>
</LocList>
</CondStmnt>
<CondStmnt CovItemId="S50" CovItemPrefix="database.ResponseObject.java" Intrnl_Id="1124">
<Branch CovItemId="B11" CovItemPrefix="database.ResponseObject.java" Implct="false" Intrnl_Id="1125">
<Cond/>
<LocList>
<Loc EndOffset="6393" SrcFileId="28" StartOffset="6267"/>
</LocList>
<StmntSeq Intrnl_Id="1126">
<LocList>
<Loc EndOffset="6334" SrcFileId="28" StartOffset="6274"/>
<Loc EndOffset="6387" SrcFileId="28" StartOffset="6340"/>
</LocList>
<BasicStmnt CovItemId="S51" CovItemPrefix="database.ResponseObject.java" Intrnl_Id="1127">
<LocList>
<Loc EndOffset="6334" SrcFileId="28" StartOffset="6274"/>
</LocList>
</BasicStmnt>
<BasicStmnt CovItemId="S52" CovItemPrefix="database.ResponseObject.java" Intrnl_Id="1128">
<LocList>
<Loc EndOffset="6387" SrcFileId="28" StartOffset="6340"/>
</LocList>
</BasicStmnt>
</StmntSeq>
</Branch>
<Branch CovItemId="B12" CovItemPrefix="database.ResponseObject.java" Implct="true" Intrnl_Id="1129">
<Cond/>
<LocList/>
<StmntSeq Intrnl_Id="1130">
<LocList/>
</StmntSeq>
</Branch>
<Keyword EndOffset="6234" SrcFileId="28" StartOffset="6232"/>
<LocList>
<Loc EndOffset="6393" SrcFileId="28" StartOffset="6232"/>
</LocList>
</CondStmnt>
<CondStmnt CovItemId="S53" CovItemPrefix="database.ResponseObject.java" Intrnl_Id="1131">
<Branch CovItemId="B13" CovItemPrefix="database.ResponseObject.java" Implct="false" Intrnl_Id="1132">
<Cond/>
<LocList>
<Loc EndOffset="6755" SrcFileId="28" StartOffset="6437"/>
</LocList>
<StmntSeq Intrnl_Id="1133">
<LocList>
<Loc EndOffset="6529" SrcFileId="28" StartOffset="6444"/>
<Loc EndOffset="6622" SrcFileId="28" StartOffset="6535"/>
<Loc EndOffset="6683" SrcFileId="28" StartOffset="6628"/>
<Loc EndOffset="6749" SrcFileId="28" StartOffset="6689"/>
</LocList>
<BasicStmnt CovItemId="S54" CovItemPrefix="database.ResponseObject.java" Intrnl_Id="1134">
<LocList>
<Loc EndOffset="6529" SrcFileId="28" StartOffset="6444"/>
</LocList>
</BasicStmnt>
<BasicStmnt CovItemId="S55" CovItemPrefix="database.ResponseObject.java" Intrnl_Id="1135">
<LocList>
<Loc EndOffset="6622" SrcFileId="28" StartOffset="6535"/>
</LocList>
</BasicStmnt>
<BasicStmnt CovItemId="S56" CovItemPrefix="database.ResponseObject.java" Intrnl_Id="1136">
<LocList>
<Loc EndOffset="6683" SrcFileId="28" StartOffset="6628"/>
</LocList>
</BasicStmnt>
<BasicStmnt CovItemId="S57" CovItemPrefix="database.ResponseObject.java" Intrnl_Id="1137">
<LocList>
<Loc EndOffset="6749" SrcFileId="28" StartOffset="6689"/>
</LocList>
</BasicStmnt>
</StmntSeq>
</Branch>
<Branch CovItemId="B14" CovItemPrefix="database.ResponseObject.java" Implct="true" Intrnl_Id="1138">
<Cond/>
<LocList/>
<StmntSeq Intrnl_Id="1139">
<LocList/>
</StmntSeq>
</Branch>
<Keyword EndOffset="6405" SrcFileId="28" StartOffset="6403"/>
<LocList>
<Loc EndOffset="6755" SrcFileId="28" StartOffset="6403"/>
</LocList>
</CondStmnt>
<CondStmnt CovItemId="S58" CovItemPrefix="database.ResponseObject.java" Intrnl_Id="1140">
<Branch CovItemId="B15" CovItemPrefix="database.ResponseObject.java" Implct="false" Intrnl_Id="1141">
<Cond/>
<LocList>
<Loc EndOffset="6945" SrcFileId="28" StartOffset="6801"/>
</LocList>
<StmntSeq Intrnl_Id="1142">
<LocList>
<Loc EndOffset="6877" SrcFileId="28" StartOffset="6808"/>
<Loc EndOffset="6939" SrcFileId="28" StartOffset="6883"/>
</LocList>
<BasicStmnt CovItemId="S59" CovItemPrefix="database.ResponseObject.java" Intrnl_Id="1143">
<LocList>
<Loc EndOffset="6877" SrcFileId="28" StartOffset="6808"/>
</LocList>
</BasicStmnt>
<BasicStmnt CovItemId="S60" CovItemPrefix="database.ResponseObject.java" Intrnl_Id="1144">
<LocList>
<Loc EndOffset="6939" SrcFileId="28" StartOffset="6883"/>
</LocList>
</BasicStmnt>
</StmntSeq>
</Branch>
<Branch CovItemId="B16" CovItemPrefix="database.ResponseObject.java" Implct="true" Intrnl_Id="1145">
<Cond/>
<LocList/>
<StmntSeq Intrnl_Id="1146">
<LocList/>
</StmntSeq>
</Branch>
<Keyword EndOffset="6767" SrcFileId="28" StartOffset="6765"/>
<LocList>
<Loc EndOffset="6945" SrcFileId="28" StartOffset="6765"/>
</LocList>
</CondStmnt>
<BasicStmnt CovItemId="S61" CovItemPrefix="database.ResponseObject.java" Intrnl_Id="1147">
<LocList>
<Loc EndOffset="6978" SrcFileId="28" StartOffset="6960"/>
</LocList>
</BasicStmnt>
</StmntSeq>
</HierarchyLvl>
</HierarchyLvl>
</HierarchyLvl>
<HierarchyLvl HierarchyLvlId="23692" HierarchyLvlTypeId="44" Intrnl_Id="1148" Name="DatabaseTest">
<Header>
<Loc EndOffset="536" SrcFileId="29" StartOffset="511"/>
</Header>
<LocList>
<Loc EndOffset="4744" SrcFileId="29" StartOffset="511"/>
</LocList>
<HierarchyLvl HierarchyLvlId="23691" HierarchyLvlTypeId="45" Intrnl_Id="1149" Name="Test">
<Header>
<Loc EndOffset="570" SrcFileId="29" StartOffset="543"/>
</Header>
<LocList>
<Loc EndOffset="4738" SrcFileId="29" StartOffset="543"/>
</LocList>
<StmntSeq Intrnl_Id="1150">
<LocList>
<Loc EndOffset="598" SrcFileId="29" StartOffset="578"/>
<Loc EndOffset="706" SrcFileId="29" StartOffset="662"/>
<Loc EndOffset="770" SrcFileId="29" StartOffset="734"/>
<Loc EndOffset="852" SrcFileId="29" StartOffset="784"/>
<Loc EndOffset="896" SrcFileId="29" StartOffset="866"/>
<Loc EndOffset="963" SrcFileId="29" StartOffset="924"/>
<Loc EndOffset="1424" SrcFileId="29" StartOffset="1027"/>
<Loc EndOffset="1483" SrcFileId="29" StartOffset="1453"/>
<Loc EndOffset="1550" SrcFileId="29" StartOffset="1511"/>
<Loc EndOffset="1615" SrcFileId="29" StartOffset="1564"/>
<Loc EndOffset="1659" SrcFileId="29" StartOffset="1629"/>
<Loc EndOffset="1743" SrcFileId="29" StartOffset="1687"/>
<Loc EndOffset="1817" SrcFileId="29" StartOffset="1757"/>
<Loc EndOffset="2331" SrcFileId="29" StartOffset="2291"/>
<Loc EndOffset="2403" SrcFileId="29" StartOffset="2345"/>
<Loc EndOffset="2458" SrcFileId="29" StartOffset="2417"/>
<Loc EndOffset="2519" SrcFileId="29" StartOffset="2486"/>
<Loc EndOffset="2563" SrcFileId="29" StartOffset="2533"/>
<Loc EndOffset="2989" SrcFileId="29" StartOffset="2591"/>
<Loc EndOffset="3020" SrcFileId="29" StartOffset="3003"/>
<Loc EndOffset="3067" SrcFileId="29" StartOffset="3048"/>
<Loc EndOffset="3131" SrcFileId="29" StartOffset="3095"/>
<Loc EndOffset="3214" SrcFileId="29" StartOffset="3159"/>
<Loc EndOffset="3251" SrcFileId="29" StartOffset="3228"/>
<Loc EndOffset="3420" SrcFileId="29" StartOffset="3265"/>
<Loc EndOffset="3514" SrcFileId="29" StartOffset="3448"/>
<Loc EndOffset="3574" SrcFileId="29" StartOffset="3541"/>
<Loc EndOffset="3634" SrcFileId="29" StartOffset="3588"/>
<Loc EndOffset="3691" SrcFileId="29" StartOffset="3648"/>
<Loc EndOffset="3783" SrcFileId="29" StartOffset="3719"/>
<Loc EndOffset="3887" SrcFileId="29" StartOffset="3799"/>
<Loc EndOffset="3991" SrcFileId="29" StartOffset="3901"/>
<Loc EndOffset="4092" SrcFileId="29" StartOffset="4005"/>
<Loc EndOffset="4183" SrcFileId="29" StartOffset="4122"/>
<Loc EndOffset="4220" SrcFileId="29" StartOffset="4197"/>
<Loc EndOffset="4284" SrcFileId="29" StartOffset="4234"/>
<Loc EndOffset="4328" SrcFileId="29" StartOffset="4298"/>
<Loc EndOffset="4409" SrcFileId="29" StartOffset="4355"/>
<Loc EndOffset="4504" SrcFileId="29" StartOffset="4435"/>
<Loc EndOffset="4711" SrcFileId="29" StartOffset="602"/>
<Loc EndOffset="4730" SrcFileId="29" StartOffset="4715"/>
</LocList>
<BasicStmnt CovItemId="S1" CovItemPrefix="database.DatabaseTest.java" Intrnl_Id="1151">
<LocList>
<Loc EndOffset="598" SrcFileId="29" StartOffset="578"/>
</LocList>
</BasicStmnt>
<BasicStmnt CovItemId="S3" CovItemPrefix="database.DatabaseTest.java" Intrnl_Id="1152">
<LocList>
<Loc EndOffset="706" SrcFileId="29" StartOffset="662"/>
</LocList>
</BasicStmnt>
<BasicStmnt CovItemId="S4" CovItemPrefix="database.DatabaseTest.java" Intrnl_Id="1153">
<LocList>
<Loc EndOffset="770" SrcFileId="29" StartOffset="734"/>
</LocList>
</BasicStmnt>
<BasicStmnt CovItemId="S5" CovItemPrefix="database.DatabaseTest.java" Intrnl_Id="1154">
<LocList>
<Loc EndOffset="852" SrcFileId="29" StartOffset="784"/>
</LocList>
</BasicStmnt>
<BasicStmnt CovItemId="S6" CovItemPrefix="database.DatabaseTest.java" Intrnl_Id="1155">
<LocList>
<Loc EndOffset="896" SrcFileId="29" StartOffset="866"/>
</LocList>
</BasicStmnt>
<BasicStmnt CovItemId="S7" CovItemPrefix="database.DatabaseTest.java" Intrnl_Id="1156">
<LocList>
<Loc EndOffset="963" SrcFileId="29" StartOffset="924"/>
</LocList>
</BasicStmnt>
<CondStmnt CovItemId="S8" CovItemPrefix="database.DatabaseTest.java" Intrnl_Id="1157">
<Branch CovItemId="B2" CovItemPrefix="database.DatabaseTest.java" Implct="false" Intrnl_Id="1158">
<Cond/>
<LocList>
<Loc EndOffset="1167" SrcFileId="29" StartOffset="1103"/>
</LocList>
<StmntSeq Intrnl_Id="1159">
<LocList>
<Loc EndOffset="1167" SrcFileId="29" StartOffset="1103"/>
</LocList>
<BasicStmnt CovItemId="S9" CovItemPrefix="database.DatabaseTest.java" Intrnl_Id="1160">
<LocList>
<Loc EndOffset="1167" SrcFileId="29" StartOffset="1103"/>
</LocList>
</BasicStmnt>
</StmntSeq>
</Branch>
<Branch CovItemId="B3" CovItemPrefix="database.DatabaseTest.java" Implct="false" Intrnl_Id="1161">
<Cond>
<Loc EndOffset="1199" SrcFileId="29" StartOffset="1195"/>
</Cond>
<LocList>
<Loc EndOffset="1424" SrcFileId="29" StartOffset="1200"/>
</LocList>
<StmntSeq Intrnl_Id="1162">
<LocList>
<Loc EndOffset="1424" SrcFileId="29" StartOffset="1200"/>
</LocList>
<CondStmnt CovItemId="S10" CovItemPrefix="database.DatabaseTest.java" Intrnl_Id="1163">
<Branch CovItemId="B4" CovItemPrefix="database.DatabaseTest.java" Implct="false" Intrnl_Id="1164">
<Cond/>
<LocList>
<Loc EndOffset="1334" SrcFileId="29" StartOffset="1270"/>
</LocList>
<StmntSeq Intrnl_Id="1165">
<LocList>
<Loc EndOffset="1334" SrcFileId="29" StartOffset="1270"/>
</LocList>
<BasicStmnt CovItemId="S11" CovItemPrefix="database.DatabaseTest.java" Intrnl_Id="1166">
<LocList>
<Loc EndOffset="1334" SrcFileId="29" StartOffset="1270"/>
</LocList>
</BasicStmnt>
</StmntSeq>
</Branch>
<Branch CovItemId="B5" CovItemPrefix="database.DatabaseTest.java" Implct="false" Intrnl_Id="1167">
<Cond>
<Loc EndOffset="1366" SrcFileId="29" StartOffset="1362"/>
</Cond>
<LocList>
<Loc EndOffset="1424" SrcFileId="29" StartOffset="1381"/>
</LocList>
<StmntSeq Intrnl_Id="1168">
<LocList>
<Loc EndOffset="1424" SrcFileId="29" StartOffset="1381"/>
</LocList>
<BasicStmnt CovItemId="S12" CovItemPrefix="database.DatabaseTest.java" Intrnl_Id="1169">
<LocList>
<Loc EndOffset="1424" SrcFileId="29" StartOffset="1381"/>
</LocList>
</BasicStmnt>
</StmntSeq>
</Branch>
<Keyword EndOffset="1202" SrcFileId="29" StartOffset="1200"/>
<LocList>
<Loc EndOffset="1424" SrcFileId="29" StartOffset="1200"/>
</LocList>
</CondStmnt>
</StmntSeq>
</Branch>
<Keyword EndOffset="1029" SrcFileId="29" StartOffset="1027"/>
<LocList>
<Loc EndOffset="1424" SrcFileId="29" StartOffset="1027"/>
</LocList>
</CondStmnt>
<BasicStmnt CovItemId="S13" CovItemPrefix="database.DatabaseTest.java" Intrnl_Id="1170">
<LocList>
<Loc EndOffset="1483" SrcFileId="29" StartOffset="1453"/>
</LocList>
</BasicStmnt>
<BasicStmnt CovItemId="S14" CovItemPrefix="database.DatabaseTest.java" Intrnl_Id="1171">
<LocList>
<Loc EndOffset="1550" SrcFileId="29" StartOffset="1511"/>
</LocList>
</BasicStmnt>
<BasicStmnt CovItemId="S15" CovItemPrefix="database.DatabaseTest.java" Intrnl_Id="1172">
<LocList>
<Loc EndOffset="1615" SrcFileId="29" StartOffset="1564"/>
</LocList>
</BasicStmnt>
<BasicStmnt CovItemId="S16" CovItemPrefix="database.DatabaseTest.java" Intrnl_Id="1173">
<LocList>
<Loc EndOffset="1659" SrcFileId="29" StartOffset="1629"/>
</LocList>
</BasicStmnt>
<BasicStmnt CovItemId="S17" CovItemPrefix="database.DatabaseTest.java" Intrnl_Id="1174">
<LocList>
<Loc EndOffset="1743" SrcFileId="29" StartOffset="1687"/>
</LocList>
</BasicStmnt>
<BasicStmnt CovItemId="S18" CovItemPrefix="database.DatabaseTest.java" Intrnl_Id="1175">
<LocList>
<Loc EndOffset="1817" SrcFileId="29" StartOffset="1757"/>
</LocList>
</BasicStmnt>
<BasicStmnt CovItemId="S19" CovItemPrefix="database.DatabaseTest.java" Intrnl_Id="1176">
<LocList>
<Loc EndOffset="2331" SrcFileId="29" StartOffset="2291"/>
</LocList>
</BasicStmnt>
<BasicStmnt CovItemId="S20" CovItemPrefix="database.DatabaseTest.java" Intrnl_Id="1177">
<LocList>
<Loc EndOffset="2403" SrcFileId="29" StartOffset="2345"/>
</LocList>
</BasicStmnt>
<BasicStmnt CovItemId="S21" CovItemPrefix="database.DatabaseTest.java" Intrnl_Id="1178">
<LocList>
<Loc EndOffset="2458" SrcFileId="29" StartOffset="2417"/>
</LocList>
</BasicStmnt>
<BasicStmnt CovItemId="S22" CovItemPrefix="database.DatabaseTest.java" Intrnl_Id="1179">
<LocList>
<Loc EndOffset="2519" SrcFileId="29" StartOffset="2486"/>
</LocList>
</BasicStmnt>
<BasicStmnt CovItemId="S23" CovItemPrefix="database.DatabaseTest.java" Intrnl_Id="1180">
<LocList>
<Loc EndOffset="2563" SrcFileId="29" StartOffset="2533"/>
</LocList>
</BasicStmnt>
<LoopStmnt CovItemId="S24" CovItemPrefix="database.DatabaseTest.java" Intrnl_Id="1181" MltplExecId="L1-2" MltplExecPrefix="database.DatabaseTest.java" NvrExecId="L1-0" NvrExecPrefix="database.DatabaseTest.java" OnceExecutedId="L1-1" OnceExecutedPrefix="database.DatabaseTest.java" OptBodyExec="true">
<StmntSeq Intrnl_Id="1182">
<LocList>
<Loc EndOffset="2678" SrcFileId="29" StartOffset="2638"/>
<Loc EndOffset="2733" SrcFileId="29" StartOffset="2693"/>
<Loc EndOffset="2790" SrcFileId="29" StartOffset="2748"/>
<Loc EndOffset="2959" SrcFileId="29" StartOffset="2805"/>
</LocList>
<BasicStmnt CovItemId="S25" CovItemPrefix="database.DatabaseTest.java" Intrnl_Id="1183">
<LocList>
<Loc EndOffset="2678" SrcFileId="29" StartOffset="2638"/>
</LocList>
</BasicStmnt>
<BasicStmnt CovItemId="S26" CovItemPrefix="database.DatabaseTest.java" Intrnl_Id="1184">
<LocList>
<Loc EndOffset="2733" SrcFileId="29" StartOffset="2693"/>
</LocList>
</BasicStmnt>
<BasicStmnt CovItemId="S27" CovItemPrefix="database.DatabaseTest.java" Intrnl_Id="1185">
<LocList>
<Loc EndOffset="2790" SrcFileId="29" StartOffset="2748"/>
</LocList>
</BasicStmnt>
<BasicStmnt CovItemId="S28" CovItemPrefix="database.DatabaseTest.java" Intrnl_Id="1186">
<LocList>
<Loc EndOffset="2959" SrcFileId="29" StartOffset="2805"/>
</LocList>
</BasicStmnt>
</StmntSeq>
<Keyword EndOffset="2596" SrcFileId="29" StartOffset="2591"/>
<LocList>
<Loc EndOffset="2989" SrcFileId="29" StartOffset="2591"/>
</LocList>
</LoopStmnt>
<BasicStmnt CovItemId="S29" CovItemPrefix="database.DatabaseTest.java" Intrnl_Id="1187">
<LocList>
<Loc EndOffset="3020" SrcFileId="29" StartOffset="3003"/>
</LocList>
</BasicStmnt>
<BasicStmnt CovItemId="S30" CovItemPrefix="database.DatabaseTest.java" Intrnl_Id="1188">
<LocList>
<Loc EndOffset="3067" SrcFileId="29" StartOffset="3048"/>
</LocList>
</BasicStmnt>
<BasicStmnt CovItemId="S31" CovItemPrefix="database.DatabaseTest.java" Intrnl_Id="1189">
<LocList>
<Loc EndOffset="3131" SrcFileId="29" StartOffset="3095"/>
</LocList>
</BasicStmnt>
<BasicStmnt CovItemId="S32" CovItemPrefix="database.DatabaseTest.java" Intrnl_Id="1190">
<LocList>
<Loc EndOffset="3214" SrcFileId="29" StartOffset="3159"/>
</LocList>
</BasicStmnt>
<BasicStmnt CovItemId="S33" CovItemPrefix="database.DatabaseTest.java" Intrnl_Id="1191">
<LocList>
<Loc EndOffset="3251" SrcFileId="29" StartOffset="3228"/>
</LocList>
</BasicStmnt>
<CondStmnt CovItemId="S34" CovItemPrefix="database.DatabaseTest.java" Intrnl_Id="1192">
<Branch CovItemId="B6" CovItemPrefix="database.DatabaseTest.java" Implct="false" Intrnl_Id="1193">
<Cond/>
<LocList>
<Loc EndOffset="3361" SrcFileId="29" StartOffset="3336"/>
</LocList>
<StmntSeq Intrnl_Id="1194">
<LocList>
<Loc EndOffset="3361" SrcFileId="29" StartOffset="3336"/>
</LocList>
<BasicStmnt CovItemId="S35" CovItemPrefix="database.DatabaseTest.java" Intrnl_Id="1195">
<LocList>
<Loc EndOffset="3361" SrcFileId="29" StartOffset="3336"/>
</LocList>
</BasicStmnt>
</StmntSeq>
</Branch>
<Branch CovItemId="B7" CovItemPrefix="database.DatabaseTest.java" Implct="false" Intrnl_Id="1196">
<Cond>
<Loc EndOffset="3379" SrcFileId="29" StartOffset="3375"/>
</Cond>
<LocList>
<Loc EndOffset="3420" SrcFileId="29" StartOffset="3394"/>
</LocList>
<StmntSeq Intrnl_Id="1197">
<LocList>
<Loc EndOffset="3420" SrcFileId="29" StartOffset="3394"/>
</LocList>
<BasicStmnt CovItemId="S36" CovItemPrefix="database.DatabaseTest.java" Intrnl_Id="1198">
<LocList>
<Loc EndOffset="3420" SrcFileId="29" StartOffset="3394"/>
</LocList>
</BasicStmnt>
</StmntSeq>
</Branch>
<Keyword EndOffset="3267" SrcFileId="29" StartOffset="3265"/>
<LocList>
<Loc EndOffset="3420" SrcFileId="29" StartOffset="3265"/>
</LocList>
</CondStmnt>
<BasicStmnt CovItemId="S37" CovItemPrefix="database.DatabaseTest.java" Intrnl_Id="1199">
<LocList>
<Loc EndOffset="3514" SrcFileId="29" StartOffset="3448"/>
</LocList>
</BasicStmnt>
<BasicStmnt CovItemId="S38" CovItemPrefix="database.DatabaseTest.java" Intrnl_Id="1200">
<LocList>
<Loc EndOffset="3574" SrcFileId="29" StartOffset="3541"/>
</LocList>
</BasicStmnt>
<BasicStmnt CovItemId="S39" CovItemPrefix="database.DatabaseTest.java" Intrnl_Id="1201">
<LocList>
<Loc EndOffset="3634" SrcFileId="29" StartOffset="3588"/>
</LocList>
</BasicStmnt>
<BasicStmnt CovItemId="S40" CovItemPrefix="database.DatabaseTest.java" Intrnl_Id="1202">
<LocList>
<Loc EndOffset="3691" SrcFileId="29" StartOffset="3648"/>
</LocList>
</BasicStmnt>
<BasicStmnt CovItemId="S41" CovItemPrefix="database.DatabaseTest.java" Intrnl_Id="1203">
<LocList>
<Loc EndOffset="3783" SrcFileId="29" StartOffset="3719"/>
</LocList>
</BasicStmnt>
<BasicStmnt CovItemId="S42" CovItemPrefix="database.DatabaseTest.java" Intrnl_Id="1204">
<LocList>
<Loc EndOffset="3887" SrcFileId="29" StartOffset="3799"/>
</LocList>
</BasicStmnt>
<BasicStmnt CovItemId="S43" CovItemPrefix="database.DatabaseTest.java" Intrnl_Id="1205">
<LocList>
<Loc EndOffset="3991" SrcFileId="29" StartOffset="3901"/>
</LocList>
</BasicStmnt>
<BasicStmnt CovItemId="S44" CovItemPrefix="database.DatabaseTest.java" Intrnl_Id="1206">
<LocList>
<Loc EndOffset="4092" SrcFileId="29" StartOffset="4005"/>
</LocList>
</BasicStmnt>
<BasicStmnt CovItemId="S45" CovItemPrefix="database.DatabaseTest.java" Intrnl_Id="1207">
<LocList>
<Loc EndOffset="4183" SrcFileId="29" StartOffset="4122"/>
</LocList>
</BasicStmnt>
<BasicStmnt CovItemId="S46" CovItemPrefix="database.DatabaseTest.java" Intrnl_Id="1208">
<LocList>
<Loc EndOffset="4220" SrcFileId="29" StartOffset="4197"/>
</LocList>
</BasicStmnt>
<BasicStmnt CovItemId="S47" CovItemPrefix="database.DatabaseTest.java" Intrnl_Id="1209">
<LocList>
<Loc EndOffset="4284" SrcFileId="29" StartOffset="4234"/>
</LocList>
</BasicStmnt>
<BasicStmnt CovItemId="S48" CovItemPrefix="database.DatabaseTest.java" Intrnl_Id="1210">
<LocList>
<Loc EndOffset="4328" SrcFileId="29" StartOffset="4298"/>
</LocList>
</BasicStmnt>
<BasicStmnt CovItemId="S49" CovItemPrefix="database.DatabaseTest.java" Intrnl_Id="1211">
<LocList>
<Loc EndOffset="4409" SrcFileId="29" StartOffset="4355"/>
</LocList>
</BasicStmnt>
<BasicStmnt CovItemId="S50" CovItemPrefix="database.DatabaseTest.java" Intrnl_Id="1212">
<LocList>
<Loc EndOffset="4504" SrcFileId="29" StartOffset="4435"/>
</LocList>
</BasicStmnt>
<CondStmnt CovItemId="S2" CovItemPrefix="database.DatabaseTest.java" Intrnl_Id="1213">
<Branch CovItemId="B1" CovItemPrefix="database.DatabaseTest.java" Implct="true" Intrnl_Id="1214">
<Cond/>
<LocList/>
<StmntSeq Intrnl_Id="1215">
<LocList/>
</StmntSeq>
</Branch>
<Branch CovItemId="B8" CovItemPrefix="database.DatabaseTest.java" Implct="false" Intrnl_Id="1216">
<Cond>
<Loc EndOffset="4579" SrcFileId="29" StartOffset="4554"/>
</Cond>
<LocList>
<Loc EndOffset="4641" SrcFileId="29" StartOffset="4591"/>
</LocList>
<StmntSeq Intrnl_Id="1217">
<LocList>
<Loc EndOffset="4630" SrcFileId="29" StartOffset="4604"/>
</LocList>
<BasicStmnt CovItemId="S51" CovItemPrefix="database.DatabaseTest.java" Intrnl_Id="1218">
<LocList>
<Loc EndOffset="4630" SrcFileId="29" StartOffset="4604"/>
</LocList>
</BasicStmnt>
</StmntSeq>
</Branch>
<Branch CovItemId="B9" CovItemPrefix="database.DatabaseTest.java" Implct="false" Intrnl_Id="1219">
<Cond>
<Loc EndOffset="4664" SrcFileId="29" StartOffset="4642"/>
</Cond>
<LocList>
<Loc EndOffset="4711" SrcFileId="29" StartOffset="4665"/>
</LocList>
<StmntSeq Intrnl_Id="1220">
<LocList>
<Loc EndOffset="4706" SrcFileId="29" StartOffset="4680"/>
</LocList>
<BasicStmnt CovItemId="S52" CovItemPrefix="database.DatabaseTest.java" Intrnl_Id="1221">
<LocList>
<Loc EndOffset="4706" SrcFileId="29" StartOffset="4680"/>
</LocList>
</BasicStmnt>
</StmntSeq>
</Branch>
<Keyword EndOffset="605" SrcFileId="29" StartOffset="602"/>
<LocList>
<Loc EndOffset="4711" SrcFileId="29" StartOffset="602"/>
</LocList>
</CondStmnt>
<BasicStmnt CovItemId="S53" CovItemPrefix="database.DatabaseTest.java" Intrnl_Id="1222">
<LocList>
<Loc EndOffset="4730" SrcFileId="29" StartOffset="4715"/>
</LocList>
</BasicStmnt>
</StmntSeq>
</HierarchyLvl>
</HierarchyLvl>
<HierarchyLvl HierarchyLvlId="23736" HierarchyLvlTypeId="44" Intrnl_Id="1223" Name="DatabaseInterface">
<Header>
<Loc EndOffset="986" SrcFileId="30" StartOffset="956"/>
</Header>
<LocList>
<Loc EndOffset="31614" SrcFileId="30" StartOffset="956"/>
<Loc EndOffset="32829" SrcFileId="30" StartOffset="32721"/>
<Loc EndOffset="33206" SrcFileId="30" StartOffset="33078"/>
<Loc EndOffset="33455" SrcFileId="30" StartOffset="33449"/>
</LocList>
<StmntSeq Intrnl_Id="1224">
<LocList>
<Loc EndOffset="1040" SrcFileId="30" StartOffset="993"/>
<Loc EndOffset="1148" SrcFileId="30" StartOffset="1046"/>
</LocList>
<BasicStmnt CovItemId="S1" CovItemPrefix="database.DatabaseInterface.java" Intrnl_Id="1225">
<LocList>
<Loc EndOffset="1040" SrcFileId="30" StartOffset="993"/>
</LocList>
</BasicStmnt>
<BasicStmnt CovItemId="S2" CovItemPrefix="database.DatabaseInterface.java" Intrnl_Id="1226">
<LocList>
<Loc EndOffset="1148" SrcFileId="30" StartOffset="1046"/>
</LocList>
</BasicStmnt>
</StmntSeq>
<HierarchyLvl HierarchyLvlId="23693" HierarchyLvlTypeId="45" Intrnl_Id="1227" Name="DatabaseInterface">
<Header>
<Loc EndOffset="1280" SrcFileId="30" StartOffset="1240"/>
</Header>
<LocList>
<Loc EndOffset="1282" SrcFileId="30" StartOffset="1240"/>
</LocList>
</HierarchyLvl>
<HierarchyLvl HierarchyLvlId="23694" HierarchyLvlTypeId="45" Intrnl_Id="1228" Name="DatabaseInterface">
<Header>
<Loc EndOffset="1431" SrcFileId="30" StartOffset="1371"/>
</Header>
<LocList>
<Loc EndOffset="1803" SrcFileId="30" StartOffset="1371"/>
</LocList>
<StmntSeq Intrnl_Id="1229">
<LocList>
<Loc EndOffset="1493" SrcFileId="30" StartOffset="1448"/>
<Loc EndOffset="1540" SrcFileId="30" StartOffset="1498"/>
<Loc EndOffset="1575" SrcFileId="30" StartOffset="1545"/>
<Loc EndOffset="1799" SrcFileId="30" StartOffset="1439"/>
</LocList>
<BasicStmnt CovItemId="S4" CovItemPrefix="database.DatabaseInterface.java" Intrnl_Id="1230">
<LocList>
<Loc EndOffset="1493" SrcFileId="30" StartOffset="1448"/>
</LocList>
</BasicStmnt>
<BasicStmnt CovItemId="S5" CovItemPrefix="database.DatabaseInterface.java" Intrnl_Id="1231">
<LocList>
<Loc EndOffset="1540" SrcFileId="30" StartOffset="1498"/>
</LocList>
</BasicStmnt>
<BasicStmnt CovItemId="S6" CovItemPrefix="database.DatabaseInterface.java" Intrnl_Id="1232">
<LocList>
<Loc EndOffset="1575" SrcFileId="30" StartOffset="1545"/>
</LocList>
</BasicStmnt>
<CondStmnt CovItemId="S3" CovItemPrefix="database.DatabaseInterface.java" Intrnl_Id="1233">
<Branch CovItemId="B1" CovItemPrefix="database.DatabaseInterface.java" Implct="true" Intrnl_Id="1234">
<Cond/>
<LocList/>
<StmntSeq Intrnl_Id="1235">
<LocList/>
</StmntSeq>
</Branch>
<Branch CovItemId="B2" CovItemPrefix="database.DatabaseInterface.java" Implct="false" Intrnl_Id="1236">
<Cond>
<Loc EndOffset="1610" SrcFileId="30" StartOffset="1585"/>
</Cond>
<LocList>
<Loc EndOffset="1665" SrcFileId="30" StartOffset="1614"/>
</LocList>
<StmntSeq Intrnl_Id="1237">
<LocList>
<Loc EndOffset="1660" SrcFileId="30" StartOffset="1620"/>
</LocList>
<BasicStmnt CovItemId="S7" CovItemPrefix="database.DatabaseInterface.java" Intrnl_Id="1238">
<LocList>
<Loc EndOffset="1660" SrcFileId="30" StartOffset="1620"/>
</LocList>
</BasicStmnt>
</StmntSeq>
</Branch>
<Branch CovItemId="B3" CovItemPrefix="database.DatabaseInterface.java" Implct="false" Intrnl_Id="1239">
<Cond>
<Loc EndOffset="1688" SrcFileId="30" StartOffset="1666"/>
</Cond>
<LocList>
<Loc EndOffset="1799" SrcFileId="30" StartOffset="1689"/>
</LocList>
<StmntSeq Intrnl_Id="1240">
<LocList>
<Loc EndOffset="1794" SrcFileId="30" StartOffset="1695"/>
</LocList>
<BasicStmnt CovItemId="S8" CovItemPrefix="database.DatabaseInterface.java" Intrnl_Id="1241">
<LocList>
<Loc EndOffset="1794" SrcFileId="30" StartOffset="1695"/>
</LocList>
</BasicStmnt>
</StmntSeq>
</Branch>
<Keyword EndOffset="1442" SrcFileId="30" StartOffset="1439"/>
<LocList>
<Loc EndOffset="1799" SrcFileId="30" StartOffset="1439"/>
</LocList>
</CondStmnt>
</StmntSeq>
</HierarchyLvl>
<HierarchyLvl HierarchyLvlId="23695" HierarchyLvlTypeId="45" Intrnl_Id="1242" Name="getAccount">
<Header>
<Loc EndOffset="2084" SrcFileId="30" StartOffset="2008"/>
</Header>
<LocList>
<Loc EndOffset="3079" SrcFileId="30" StartOffset="2008"/>
</LocList>
<StmntSeq Intrnl_Id="1243">
<LocList>
<Loc EndOffset="2185" SrcFileId="30" StartOffset="2092"/>
<Loc EndOffset="2227" SrcFileId="30" StartOffset="2193"/>
<Loc EndOffset="2292" SrcFileId="30" StartOffset="2241"/>
<Loc EndOffset="2334" SrcFileId="30" StartOffset="2302"/>
<Loc EndOffset="2390" SrcFileId="30" StartOffset="2344"/>
<Loc EndOffset="2879" SrcFileId="30" StartOffset="2400"/>
<Loc EndOffset="2906" SrcFileId="30" StartOffset="2889"/>
<Loc EndOffset="2923" SrcFileId="30" StartOffset="2911"/>
<Loc EndOffset="3071" SrcFileId="30" StartOffset="2231"/>
</LocList>
<BasicStmnt CovItemId="S9" CovItemPrefix="database.DatabaseInterface.java" Intrnl_Id="1244">
<LocList>
<Loc EndOffset="2185" SrcFileId="30" StartOffset="2092"/>
</LocList>
</BasicStmnt>
<BasicStmnt CovItemId="S10" CovItemPrefix="database.DatabaseInterface.java" Intrnl_Id="1245">
<LocList>
<Loc EndOffset="2227" SrcFileId="30" StartOffset="2193"/>
</LocList>
</BasicStmnt>
<BasicStmnt CovItemId="S12" CovItemPrefix="database.DatabaseInterface.java" Intrnl_Id="1246">
<LocList>
<Loc EndOffset="2292" SrcFileId="30" StartOffset="2241"/>
</LocList>
</BasicStmnt>
<BasicStmnt CovItemId="S13" CovItemPrefix="database.DatabaseInterface.java" Intrnl_Id="1247">
<LocList>
<Loc EndOffset="2334" SrcFileId="30" StartOffset="2302"/>
</LocList>
</BasicStmnt>
<BasicStmnt CovItemId="S14" CovItemPrefix="database.DatabaseInterface.java" Intrnl_Id="1248">
<LocList>
<Loc EndOffset="2390" SrcFileId="30" StartOffset="2344"/>
</LocList>
</BasicStmnt>
<CondStmnt CovItemId="S15" CovItemPrefix="database.DatabaseInterface.java" Intrnl_Id="1249">
<Branch CovItemId="B5" CovItemPrefix="database.DatabaseInterface.java" Implct="false" Intrnl_Id="1250">
<Cond/>
<LocList>
<Loc EndOffset="2879" SrcFileId="30" StartOffset="2434"/>
</LocList>
<StmntSeq Intrnl_Id="1251">
<LocList>
<Loc EndOffset="2473" SrcFileId="30" StartOffset="2441"/>
<Loc EndOffset="2534" SrcFileId="30" StartOffset="2488"/>
<Loc EndOffset="2594" SrcFileId="30" StartOffset="2549"/>
<Loc EndOffset="2663" SrcFileId="30" StartOffset="2610"/>
<Loc EndOffset="2746" SrcFileId="30" StartOffset="2694"/>
<Loc EndOffset="2793" SrcFileId="30" StartOffset="2776"/>
<Loc EndOffset="2864" SrcFileId="30" StartOffset="2808"/>
</LocList>
<BasicStmnt CovItemId="S16" CovItemPrefix="database.DatabaseInterface.java" Intrnl_Id="1252">
<LocList>
<Loc EndOffset="2473" SrcFileId="30" StartOffset="2441"/>
</LocList>
</BasicStmnt>
<BasicStmnt CovItemId="S17" CovItemPrefix="database.DatabaseInterface.java" Intrnl_Id="1253">
<LocList>
<Loc EndOffset="2534" SrcFileId="30" StartOffset="2488"/>
</LocList>
</BasicStmnt>
<BasicStmnt CovItemId="S18" CovItemPrefix="database.DatabaseInterface.java" Intrnl_Id="1254">
<LocList>
<Loc EndOffset="2594" SrcFileId="30" StartOffset="2549"/>
</LocList>
</BasicStmnt>
<BasicStmnt CovItemId="S19" CovItemPrefix="database.DatabaseInterface.java" Intrnl_Id="1255">
<LocList>
<Loc EndOffset="2663" SrcFileId="30" StartOffset="2610"/>
</LocList>
</BasicStmnt>
<BasicStmnt CovItemId="S20" CovItemPrefix="database.DatabaseInterface.java" Intrnl_Id="1256">
<LocList>
<Loc EndOffset="2746" SrcFileId="30" StartOffset="2694"/>
</LocList>
</BasicStmnt>
<BasicStmnt CovItemId="S21" CovItemPrefix="database.DatabaseInterface.java" Intrnl_Id="1257">
<LocList>
<Loc EndOffset="2793" SrcFileId="30" StartOffset="2776"/>
</LocList>
</BasicStmnt>
<BasicStmnt CovItemId="S22" CovItemPrefix="database.DatabaseInterface.java" Intrnl_Id="1258">
<LocList>
<Loc EndOffset="2864" SrcFileId="30" StartOffset="2808"/>
</LocList>
</BasicStmnt>
</StmntSeq>
</Branch>
<Branch CovItemId="B6" CovItemPrefix="database.DatabaseInterface.java" Implct="true" Intrnl_Id="1259">
<Cond/>
<LocList/>
<StmntSeq Intrnl_Id="1260">
<LocList/>
</StmntSeq>
</Branch>
<Keyword EndOffset="2402" SrcFileId="30" StartOffset="2400"/>
<LocList>
<Loc EndOffset="2879" SrcFileId="30" StartOffset="2400"/>
</LocList>
</CondStmnt>
<BasicStmnt CovItemId="S23" CovItemPrefix="database.DatabaseInterface.java" Intrnl_Id="1261">
<LocList>
<Loc EndOffset="2906" SrcFileId="30" StartOffset="2889"/>
</LocList>
</BasicStmnt>
<BasicStmnt CovItemId="S24" CovItemPrefix="database.DatabaseInterface.java" Intrnl_Id="1262">
<LocList>
<Loc EndOffset="2923" SrcFileId="30" StartOffset="2911"/>
</LocList>
</BasicStmnt>
<CondStmnt CovItemId="S11" CovItemPrefix="database.DatabaseInterface.java" Intrnl_Id="1263">
<Branch CovItemId="B4" CovItemPrefix="database.DatabaseInterface.java" Implct="true" Intrnl_Id="1264">
<Cond/>
<LocList/>
<StmntSeq Intrnl_Id="1265">
<LocList/>
</StmntSeq>
</Branch>
<Branch CovItemId="B7" CovItemPrefix="database.DatabaseInterface.java" Implct="false" Intrnl_Id="1266">
<Cond>
<Loc EndOffset="2961" SrcFileId="30" StartOffset="2939"/>
</Cond>
<LocList>
<Loc EndOffset="3071" SrcFileId="30" StartOffset="2962"/>
</LocList>
<StmntSeq Intrnl_Id="1267">
<LocList>
<Loc EndOffset="3066" SrcFileId="30" StartOffset="2968"/>
</LocList>
<BasicStmnt CovItemId="S25" CovItemPrefix="database.DatabaseInterface.java" Intrnl_Id="1268">
<LocList>
<Loc EndOffset="3066" SrcFileId="30" StartOffset="2968"/>
</LocList>
</BasicStmnt>
</StmntSeq>
</Branch>
<Keyword EndOffset="2234" SrcFileId="30" StartOffset="2231"/>
<LocList>
<Loc EndOffset="3071" SrcFileId="30" StartOffset="2231"/>
</LocList>
</CondStmnt>
</StmntSeq>
</HierarchyLvl>
<HierarchyLvl HierarchyLvlId="23696" HierarchyLvlTypeId="45" Intrnl_Id="1269" Name="getAllAccounts">
<Header>
<Loc EndOffset="3293" SrcFileId="30" StartOffset="3217"/>
</Header>
<LocList>
<Loc EndOffset="4253" SrcFileId="30" StartOffset="3217"/>
</LocList>
<StmntSeq Intrnl_Id="1270">
<LocList>
<Loc EndOffset="3359" SrcFileId="30" StartOffset="3301"/>
<Loc EndOffset="3418" SrcFileId="30" StartOffset="3363"/>
<Loc EndOffset="3460" SrcFileId="30" StartOffset="3426"/>
<Loc EndOffset="3525" SrcFileId="30" StartOffset="3474"/>
<Loc EndOffset="3581" SrcFileId="30" StartOffset="3535"/>
<Loc EndOffset="4048" SrcFileId="30" StartOffset="3591"/>
<Loc EndOffset="4075" SrcFileId="30" StartOffset="4058"/>
<Loc EndOffset="4096" SrcFileId="30" StartOffset="4080"/>
<Loc EndOffset="4245" SrcFileId="30" StartOffset="3464"/>
</LocList>
<BasicStmnt CovItemId="S26" CovItemPrefix="database.DatabaseInterface.java" Intrnl_Id="1271">
<LocList>
<Loc EndOffset="3359" SrcFileId="30" StartOffset="3301"/>
</LocList>
</BasicStmnt>
<BasicStmnt CovItemId="S27" CovItemPrefix="database.DatabaseInterface.java" Intrnl_Id="1272">
<LocList>
<Loc EndOffset="3418" SrcFileId="30" StartOffset="3363"/>
</LocList>
</BasicStmnt>
<BasicStmnt CovItemId="S28" CovItemPrefix="database.DatabaseInterface.java" Intrnl_Id="1273">
<LocList>
<Loc EndOffset="3460" SrcFileId="30" StartOffset="3426"/>
</LocList>
</BasicStmnt>
<BasicStmnt CovItemId="S30" CovItemPrefix="database.DatabaseInterface.java" Intrnl_Id="1274">
<LocList>
<Loc EndOffset="3525" SrcFileId="30" StartOffset="3474"/>
</LocList>
</BasicStmnt>
<BasicStmnt CovItemId="S31" CovItemPrefix="database.DatabaseInterface.java" Intrnl_Id="1275">
<LocList>
<Loc EndOffset="3581" SrcFileId="30" StartOffset="3535"/>
</LocList>
</BasicStmnt>
<LoopStmnt CovItemId="S32" CovItemPrefix="database.DatabaseInterface.java" Intrnl_Id="1276" MltplExecId="L1-2" MltplExecPrefix="database.DatabaseInterface.java" NvrExecId="L1-0" NvrExecPrefix="database.DatabaseInterface.java" OnceExecutedId="L1-1" OnceExecutedPrefix="database.DatabaseInterface.java" OptBodyExec="true">
<StmntSeq Intrnl_Id="1277">
<LocList>
<Loc EndOffset="3667" SrcFileId="30" StartOffset="3635"/>
<Loc EndOffset="3728" SrcFileId="30" StartOffset="3682"/>
<Loc EndOffset="3788" SrcFileId="30" StartOffset="3743"/>
<Loc EndOffset="3857" SrcFileId="30" StartOffset="3804"/>
<Loc EndOffset="3940" SrcFileId="30" StartOffset="3888"/>
<Loc EndOffset="4033" SrcFileId="30" StartOffset="3970"/>
</LocList>
<BasicStmnt CovItemId="S33" CovItemPrefix="database.DatabaseInterface.java" Intrnl_Id="1278">
<LocList>
<Loc EndOffset="3667" SrcFileId="30" StartOffset="3635"/>
</LocList>
</BasicStmnt>
<BasicStmnt CovItemId="S34" CovItemPrefix="database.DatabaseInterface.java" Intrnl_Id="1279">
<LocList>
<Loc EndOffset="3728" SrcFileId="30" StartOffset="3682"/>
</LocList>
</BasicStmnt>
<BasicStmnt CovItemId="S35" CovItemPrefix="database.DatabaseInterface.java" Intrnl_Id="1280">
<LocList>
<Loc EndOffset="3788" SrcFileId="30" StartOffset="3743"/>
</LocList>
</BasicStmnt>
<BasicStmnt CovItemId="S36" CovItemPrefix="database.DatabaseInterface.java" Intrnl_Id="1281">
<LocList>
<Loc EndOffset="3857" SrcFileId="30" StartOffset="3804"/>
</LocList>
</BasicStmnt>
<BasicStmnt CovItemId="S37" CovItemPrefix="database.DatabaseInterface.java" Intrnl_Id="1282">
<LocList>
<Loc EndOffset="3940" SrcFileId="30" StartOffset="3888"/>
</LocList>
</BasicStmnt>
<BasicStmnt CovItemId="S38" CovItemPrefix="database.DatabaseInterface.java" Intrnl_Id="1283">
<LocList>
<Loc EndOffset="4033" SrcFileId="30" StartOffset="3970"/>
</LocList>
</BasicStmnt>
</StmntSeq>
<Keyword EndOffset="3596" SrcFileId="30" StartOffset="3591"/>
<LocList>
<Loc EndOffset="4048" SrcFileId="30" StartOffset="3591"/>
</LocList>
</LoopStmnt>
<BasicStmnt CovItemId="S39" CovItemPrefix="database.DatabaseInterface.java" Intrnl_Id="1284">
<LocList>
<Loc EndOffset="4075" SrcFileId="30" StartOffset="4058"/>
</LocList>
</BasicStmnt>
<BasicStmnt CovItemId="S40" CovItemPrefix="database.DatabaseInterface.java" Intrnl_Id="1285">
<LocList>
<Loc EndOffset="4096" SrcFileId="30" StartOffset="4080"/>
</LocList>
</BasicStmnt>
<CondStmnt CovItemId="S29" CovItemPrefix="database.DatabaseInterface.java" Intrnl_Id="1286">
<Branch CovItemId="B8" CovItemPrefix="database.DatabaseInterface.java" Implct="true" Intrnl_Id="1287">
<Cond/>
<LocList/>
<StmntSeq Intrnl_Id="1288">
<LocList/>
</StmntSeq>
</Branch>
<Branch CovItemId="B9" CovItemPrefix="database.DatabaseInterface.java" Implct="false" Intrnl_Id="1289">
<Cond>
<Loc EndOffset="4134" SrcFileId="30" StartOffset="4112"/>
</Cond>
<LocList>
<Loc EndOffset="4245" SrcFileId="30" StartOffset="4135"/>
</LocList>
<StmntSeq Intrnl_Id="1290">
<LocList>
<Loc EndOffset="4240" SrcFileId="30" StartOffset="4141"/>
</LocList>
<BasicStmnt CovItemId="S41" CovItemPrefix="database.DatabaseInterface.java" Intrnl_Id="1291">
<LocList>
<Loc EndOffset="4240" SrcFileId="30" StartOffset="4141"/>
</LocList>
</BasicStmnt>
</StmntSeq>
</Branch>
<Keyword EndOffset="3467" SrcFileId="30" StartOffset="3464"/>
<LocList>
<Loc EndOffset="4245" SrcFileId="30" StartOffset="3464"/>
</LocList>
</CondStmnt>
</StmntSeq>
</HierarchyLvl>
<HierarchyLvl HierarchyLvlId="23697" HierarchyLvlTypeId="45" Intrnl_Id="1292" Name="invalidateAuth">
<Header>
<Loc EndOffset="4500" SrcFileId="30" StartOffset="4423"/>
</Header>
<LocList>
<Loc EndOffset="4978" SrcFileId="30" StartOffset="4423"/>
</LocList>
<StmntSeq Intrnl_Id="1293">
<LocList>
<Loc EndOffset="4629" SrcFileId="30" StartOffset="4508"/>
<Loc EndOffset="4713" SrcFileId="30" StartOffset="4647"/>
<Loc EndOffset="4755" SrcFileId="30" StartOffset="4723"/>
<Loc EndOffset="4792" SrcFileId="30" StartOffset="4760"/>
<Loc EndOffset="4821" SrcFileId="30" StartOffset="4802"/>
<Loc EndOffset="4848" SrcFileId="30" StartOffset="4831"/>
<Loc EndOffset="4972" SrcFileId="30" StartOffset="4637"/>
</LocList>
<BasicStmnt CovItemId="S42" CovItemPrefix="database.DatabaseInterface.java" Intrnl_Id="1294">
<LocList>
<Loc EndOffset="4629" SrcFileId="30" StartOffset="4508"/>
</LocList>
</BasicStmnt>
<BasicStmnt CovItemId="S44" CovItemPrefix="database.DatabaseInterface.java" Intrnl_Id="1295">
<LocList>
<Loc EndOffset="4713" SrcFileId="30" StartOffset="4647"/>
</LocList>
</BasicStmnt>
<BasicStmnt CovItemId="S45" CovItemPrefix="database.DatabaseInterface.java" Intrnl_Id="1296">
<LocList>
<Loc EndOffset="4755" SrcFileId="30" StartOffset="4723"/>
</LocList>
</BasicStmnt>
<BasicStmnt CovItemId="S46" CovItemPrefix="database.DatabaseInterface.java" Intrnl_Id="1297">
<LocList>
<Loc EndOffset="4792" SrcFileId="30" StartOffset="4760"/>
</LocList>
</BasicStmnt>
<BasicStmnt CovItemId="S47" CovItemPrefix="database.DatabaseInterface.java" Intrnl_Id="1298">
<LocList>
<Loc EndOffset="4821" SrcFileId="30" StartOffset="4802"/>
</LocList>
</BasicStmnt>
<BasicStmnt CovItemId="S48" CovItemPrefix="database.DatabaseInterface.java" Intrnl_Id="1299">
<LocList>
<Loc EndOffset="4848" SrcFileId="30" StartOffset="4831"/>
</LocList>
</BasicStmnt>
<CondStmnt CovItemId="S43" CovItemPrefix="database.DatabaseInterface.java" Intrnl_Id="1300">
<Branch CovItemId="B10" CovItemPrefix="database.DatabaseInterface.java" Implct="true" Intrnl_Id="1301">
<Cond/>
<LocList/>
<StmntSeq Intrnl_Id="1302">
<LocList/>
</StmntSeq>
</Branch>
<Branch CovItemId="B11" CovItemPrefix="database.DatabaseInterface.java" Implct="false" Intrnl_Id="1303">
<Cond>
<Loc EndOffset="4876" SrcFileId="30" StartOffset="4854"/>
</Cond>
<LocList>
<Loc EndOffset="4972" SrcFileId="30" StartOffset="4877"/>
</LocList>
<StmntSeq Intrnl_Id="1304">
<LocList>
<Loc EndOffset="4967" SrcFileId="30" StartOffset="4883"/>
</LocList>
<BasicStmnt CovItemId="S49" CovItemPrefix="database.DatabaseInterface.java" Intrnl_Id="1305">
<LocList>
<Loc EndOffset="4967" SrcFileId="30" StartOffset="4883"/>
</LocList>
</BasicStmnt>
</StmntSeq>
</Branch>
<Keyword EndOffset="4640" SrcFileId="30" StartOffset="4637"/>
<LocList>
<Loc EndOffset="4972" SrcFileId="30" StartOffset="4637"/>
</LocList>
</CondStmnt>
</StmntSeq>
</HierarchyLvl>
<HierarchyLvl HierarchyLvlId="23698" HierarchyLvlTypeId="45" Intrnl_Id="1306" Name="setAuth">
<Header>
<Loc EndOffset="5219" SrcFileId="30" StartOffset="5131"/>
</Header>
<LocList>
<Loc EndOffset="5698" SrcFileId="30" StartOffset="5131"/>
</LocList>
<StmntSeq Intrnl_Id="1307">
<LocList>
<Loc EndOffset="5348" SrcFileId="30" StartOffset="5227"/>
<Loc EndOffset="5432" SrcFileId="30" StartOffset="5366"/>
<Loc EndOffset="5475" SrcFileId="30" StartOffset="5442"/>
<Loc EndOffset="5512" SrcFileId="30" StartOffset="5480"/>
<Loc EndOffset="5541" SrcFileId="30" StartOffset="5522"/>
<Loc EndOffset="5568" SrcFileId="30" StartOffset="5551"/>
<Loc EndOffset="5692" SrcFileId="30" StartOffset="5356"/>
</LocList>
<BasicStmnt CovItemId="S50" CovItemPrefix="database.DatabaseInterface.java" Intrnl_Id="1308">
<LocList>
<Loc EndOffset="5348" SrcFileId="30" StartOffset="5227"/>
</LocList>
</BasicStmnt>
<BasicStmnt CovItemId="S52" CovItemPrefix="database.DatabaseInterface.java" Intrnl_Id="1309">
<LocList>
<Loc EndOffset="5432" SrcFileId="30" StartOffset="5366"/>
</LocList>
</BasicStmnt>
<BasicStmnt CovItemId="S53" CovItemPrefix="database.DatabaseInterface.java" Intrnl_Id="1310">
<LocList>
<Loc EndOffset="5475" SrcFileId="30" StartOffset="5442"/>
</LocList>
</BasicStmnt>
<BasicStmnt CovItemId="S54" CovItemPrefix="database.DatabaseInterface.java" Intrnl_Id="1311">
<LocList>
<Loc EndOffset="5512" SrcFileId="30" StartOffset="5480"/>
</LocList>
</BasicStmnt>
<BasicStmnt CovItemId="S55" CovItemPrefix="database.DatabaseInterface.java" Intrnl_Id="1312">
<LocList>
<Loc EndOffset="5541" SrcFileId="30" StartOffset="5522"/>
</LocList>
</BasicStmnt>
<BasicStmnt CovItemId="S56" CovItemPrefix="database.DatabaseInterface.java" Intrnl_Id="1313">
<LocList>
<Loc EndOffset="5568" SrcFileId="30" StartOffset="5551"/>
</LocList>
</BasicStmnt>
<CondStmnt CovItemId="S51" CovItemPrefix="database.DatabaseInterface.java" Intrnl_Id="1314">
<Branch CovItemId="B12" CovItemPrefix="database.DatabaseInterface.java" Implct="true" Intrnl_Id="1315">
<Cond/>
<LocList/>
<StmntSeq Intrnl_Id="1316">
<LocList/>
</StmntSeq>
</Branch>
<Branch CovItemId="B13" CovItemPrefix="database.DatabaseInterface.java" Implct="false" Intrnl_Id="1317">
<Cond>
<Loc EndOffset="5596" SrcFileId="30" StartOffset="5574"/>
</Cond>
<LocList>
<Loc EndOffset="5692" SrcFileId="30" StartOffset="5597"/>
</LocList>
<StmntSeq Intrnl_Id="1318">
<LocList>
<Loc EndOffset="5687" SrcFileId="30" StartOffset="5603"/>
</LocList>
<BasicStmnt CovItemId="S57" CovItemPrefix="database.DatabaseInterface.java" Intrnl_Id="1319">
<LocList>
<Loc EndOffset="5687" SrcFileId="30" StartOffset="5603"/>
</LocList>
</BasicStmnt>
</StmntSeq>
</Branch>
<Keyword EndOffset="5359" SrcFileId="30" StartOffset="5356"/>
<LocList>
<Loc EndOffset="5692" SrcFileId="30" StartOffset="5356"/>
</LocList>
</CondStmnt>
</StmntSeq>
</HierarchyLvl>
<HierarchyLvl HierarchyLvlId="23699" HierarchyLvlTypeId="45" Intrnl_Id="1320" Name="addAccount">
<Header>
<Loc EndOffset="5911" SrcFileId="30" StartOffset="5835"/>
</Header>
<LocList>
<Loc EndOffset="6461" SrcFileId="30" StartOffset="5835"/>
</LocList>
<StmntSeq Intrnl_Id="1321">
<LocList>
<Loc EndOffset="6005" SrcFileId="30" StartOffset="5919"/>
<Loc EndOffset="6093" SrcFileId="30" StartOffset="6021"/>
<Loc EndOffset="6145" SrcFileId="30" StartOffset="6100"/>
<Loc EndOffset="6227" SrcFileId="30" StartOffset="6150"/>
<Loc EndOffset="6263" SrcFileId="30" StartOffset="6232"/>
<Loc EndOffset="6289" SrcFileId="30" StartOffset="6270"/>
<Loc EndOffset="6311" SrcFileId="30" StartOffset="6294"/>
<Loc EndOffset="6436" SrcFileId="30" StartOffset="6011"/>
<Loc EndOffset="6455" SrcFileId="30" StartOffset="6442"/>
</LocList>
<BasicStmnt CovItemId="S58" CovItemPrefix="database.DatabaseInterface.java" Intrnl_Id="1322">
<LocList>
<Loc EndOffset="6005" SrcFileId="30" StartOffset="5919"/>
</LocList>
</BasicStmnt>
<BasicStmnt CovItemId="S60" CovItemPrefix="database.DatabaseInterface.java" Intrnl_Id="1323">
<LocList>
<Loc EndOffset="6093" SrcFileId="30" StartOffset="6021"/>
</LocList>
</BasicStmnt>
<BasicStmnt CovItemId="S61" CovItemPrefix="database.DatabaseInterface.java" Intrnl_Id="1324">
<LocList>
<Loc EndOffset="6145" SrcFileId="30" StartOffset="6100"/>
</LocList>
</BasicStmnt>
<BasicStmnt CovItemId="S62" CovItemPrefix="database.DatabaseInterface.java" Intrnl_Id="1325">
<LocList>
<Loc EndOffset="6227" SrcFileId="30" StartOffset="6150"/>
</LocList>
</BasicStmnt>
<BasicStmnt CovItemId="S63" CovItemPrefix="database.DatabaseInterface.java" Intrnl_Id="1326">
<LocList>
<Loc EndOffset="6263" SrcFileId="30" StartOffset="6232"/>
</LocList>
</BasicStmnt>
<BasicStmnt CovItemId="S64" CovItemPrefix="database.DatabaseInterface.java" Intrnl_Id="1327">
<LocList>
<Loc EndOffset="6289" SrcFileId="30" StartOffset="6270"/>
</LocList>
</BasicStmnt>
<BasicStmnt CovItemId="S65" CovItemPrefix="database.DatabaseInterface.java" Intrnl_Id="1328">
<LocList>
<Loc EndOffset="6311" SrcFileId="30" StartOffset="6294"/>
</LocList>
</BasicStmnt>
<CondStmnt CovItemId="S59" CovItemPrefix="database.DatabaseInterface.java" Intrnl_Id="1329">
<Branch CovItemId="B14" CovItemPrefix="database.DatabaseInterface.java" Implct="true" Intrnl_Id="1330">
<Cond/>
<LocList/>
<StmntSeq Intrnl_Id="1331">
<LocList/>
</StmntSeq>
</Branch>
<Branch CovItemId="B15" CovItemPrefix="database.DatabaseInterface.java" Implct="false" Intrnl_Id="1332">
<Cond>
<Loc EndOffset="6339" SrcFileId="30" StartOffset="6317"/>
</Cond>
<LocList>
<Loc EndOffset="6436" SrcFileId="30" StartOffset="6340"/>
</LocList>
<StmntSeq Intrnl_Id="1333">
<LocList>
<Loc EndOffset="6431" SrcFileId="30" StartOffset="6346"/>
</LocList>
<BasicStmnt CovItemId="S66" CovItemPrefix="database.DatabaseInterface.java" Intrnl_Id="1334">
<LocList>
<Loc EndOffset="6431" SrcFileId="30" StartOffset="6346"/>
</LocList>
</BasicStmnt>
</StmntSeq>
</Branch>
<Keyword EndOffset="6014" SrcFileId="30" StartOffset="6011"/>
<LocList>
<Loc EndOffset="6436" SrcFileId="30" StartOffset="6011"/>
</LocList>
</CondStmnt>
<BasicStmnt CovItemId="S67" CovItemPrefix="database.DatabaseInterface.java" Intrnl_Id="1335">
<LocList>
<Loc EndOffset="6455" SrcFileId="30" StartOffset="6442"/>
</LocList>
</BasicStmnt>
</StmntSeq>
</HierarchyLvl>
<HierarchyLvl HierarchyLvlId="23700" HierarchyLvlTypeId="45" Intrnl_Id="1336" Name="isDuplicateUsername">
<Header>
<Loc EndOffset="6707" SrcFileId="30" StartOffset="6622"/>
</Header>
<LocList>
<Loc EndOffset="6824" SrcFileId="30" StartOffset="6622"/>
</LocList>
<StmntSeq Intrnl_Id="1337">
<LocList>
<Loc EndOffset="6759" SrcFileId="30" StartOffset="6715"/>
<Loc EndOffset="6800" SrcFileId="30" StartOffset="6767"/>
<Loc EndOffset="6816" SrcFileId="30" StartOffset="6804"/>
</LocList>
<BasicStmnt CovItemId="S68" CovItemPrefix="database.DatabaseInterface.java" Intrnl_Id="1338">
<LocList>
<Loc EndOffset="6759" SrcFileId="30" StartOffset="6715"/>
</LocList>
</BasicStmnt>
<CondStmnt CovItemId="S69" CovItemPrefix="database.DatabaseInterface.java" Intrnl_Id="1339">
<Branch CovItemId="B16" CovItemPrefix="database.DatabaseInterface.java" Implct="false" Intrnl_Id="1340">
<Cond/>
<LocList>
<Loc EndOffset="6800" SrcFileId="30" StartOffset="6787"/>
</LocList>
<StmntSeq Intrnl_Id="1341">
<LocList>
<Loc EndOffset="6800" SrcFileId="30" StartOffset="6787"/>
</LocList>
<BasicStmnt CovItemId="S70" CovItemPrefix="database.DatabaseInterface.java" Intrnl_Id="1342">
<LocList>
<Loc EndOffset="6800" SrcFileId="30" StartOffset="6787"/>
</LocList>
</BasicStmnt>
</StmntSeq>
</Branch>
<Branch CovItemId="B17" CovItemPrefix="database.DatabaseInterface.java" Implct="true" Intrnl_Id="1343">
<Cond/>
<LocList/>
<StmntSeq Intrnl_Id="1344">
<LocList/>
</StmntSeq>
</Branch>
<Keyword EndOffset="6769" SrcFileId="30" StartOffset="6767"/>
<LocList>
<Loc EndOffset="6800" SrcFileId="30" StartOffset="6767"/>
</LocList>
</CondStmnt>
<BasicStmnt CovItemId="S71" CovItemPrefix="database.DatabaseInterface.java" Intrnl_Id="1345">
<LocList>
<Loc EndOffset="6816" SrcFileId="30" StartOffset="6804"/>
</LocList>
</BasicStmnt>
</StmntSeq>
</HierarchyLvl>
<HierarchyLvl HierarchyLvlId="23701" HierarchyLvlTypeId="45" Intrnl_Id="1346" Name="getDataSource">
<Header>
<Loc EndOffset="7177" SrcFileId="30" StartOffset="7090"/>
</Header>
<LocList>
<Loc EndOffset="7843" SrcFileId="30" StartOffset="7090"/>
</LocList>
<StmntSeq Intrnl_Id="1347">
<LocList>
<Loc EndOffset="7255" SrcFileId="30" StartOffset="7211"/>
<Loc EndOffset="7343" SrcFileId="30" StartOffset="7275"/>
<Loc EndOffset="7813" SrcFileId="30" StartOffset="7382"/>
<Loc EndOffset="7839" SrcFileId="30" StartOffset="7821"/>
</LocList>
<BasicStmnt CovItemId="S72" CovItemPrefix="database.DatabaseInterface.java" Intrnl_Id="1348">
<LocList>
<Loc EndOffset="7255" SrcFileId="30" StartOffset="7211"/>
</LocList>
</BasicStmnt>
<BasicStmnt CovItemId="S73" CovItemPrefix="database.DatabaseInterface.java" Intrnl_Id="1349">
<LocList>
<Loc EndOffset="7343" SrcFileId="30" StartOffset="7275"/>
</LocList>
</BasicStmnt>
<CondStmnt CovItemId="S74" CovItemPrefix="database.DatabaseInterface.java" Intrnl_Id="1350">
<Branch CovItemId="B18" CovItemPrefix="database.DatabaseInterface.java" Implct="false" Intrnl_Id="1351">
<Cond/>
<LocList>
<Loc EndOffset="7518" SrcFileId="30" StartOffset="7454"/>
</LocList>
<StmntSeq Intrnl_Id="1352">
<LocList>
<Loc EndOffset="7518" SrcFileId="30" StartOffset="7454"/>
</LocList>
<BasicStmnt CovItemId="S75" CovItemPrefix="database.DatabaseInterface.java" Intrnl_Id="1353">
<LocList>
<Loc EndOffset="7518" SrcFileId="30" StartOffset="7454"/>
</LocList>
</BasicStmnt>
</StmntSeq>
</Branch>
<Branch CovItemId="B19" CovItemPrefix="database.DatabaseInterface.java" Implct="false" Intrnl_Id="1354">
<Cond>
<Loc EndOffset="7566" SrcFileId="30" StartOffset="7562"/>
</Cond>
<LocList>
<Loc EndOffset="7813" SrcFileId="30" StartOffset="7567"/>
</LocList>
<StmntSeq Intrnl_Id="1355">
<LocList>
<Loc EndOffset="7813" SrcFileId="30" StartOffset="7567"/>
</LocList>
<CondStmnt CovItemId="S76" CovItemPrefix="database.DatabaseInterface.java" Intrnl_Id="1356">
<Branch CovItemId="B20" CovItemPrefix="database.DatabaseInterface.java" Implct="false" Intrnl_Id="1357">
<Cond/>
<LocList>
<Loc EndOffset="7697" SrcFileId="30" StartOffset="7633"/>
</LocList>
<StmntSeq Intrnl_Id="1358">
<LocList>
<Loc EndOffset="7697" SrcFileId="30" StartOffset="7633"/>
</LocList>
<BasicStmnt CovItemId="S77" CovItemPrefix="database.DatabaseInterface.java" Intrnl_Id="1359">
<LocList>
<Loc EndOffset="7697" SrcFileId="30" StartOffset="7633"/>
</LocList>
</BasicStmnt>
</StmntSeq>
</Branch>
<Branch CovItemId="B21" CovItemPrefix="database.DatabaseInterface.java" Implct="false" Intrnl_Id="1360">
<Cond>
<Loc EndOffset="7721" SrcFileId="30" StartOffset="7717"/>
</Cond>
<LocList>
<Loc EndOffset="7813" SrcFileId="30" StartOffset="7732"/>
</LocList>
<StmntSeq Intrnl_Id="1361">
<LocList>
<Loc EndOffset="7813" SrcFileId="30" StartOffset="7732"/>
</LocList>
<BasicStmnt CovItemId="S78" CovItemPrefix="database.DatabaseInterface.java" Intrnl_Id="1362">
<LocList>
<Loc EndOffset="7813" SrcFileId="30" StartOffset="7732"/>
</LocList>
</BasicStmnt>
</StmntSeq>
</Branch>
<Keyword EndOffset="7569" SrcFileId="30" StartOffset="7567"/>
<LocList>
<Loc EndOffset="7813" SrcFileId="30" StartOffset="7567"/>
</LocList>
</CondStmnt>
</StmntSeq>
</Branch>
<Keyword EndOffset="7384" SrcFileId="30" StartOffset="7382"/>
<LocList>
<Loc EndOffset="7813" SrcFileId="30" StartOffset="7382"/>
</LocList>
</CondStmnt>
<BasicStmnt CovItemId="S79" CovItemPrefix="database.DatabaseInterface.java" Intrnl_Id="1363">
<LocList>
<Loc EndOffset="7839" SrcFileId="30" StartOffset="7821"/>
</LocList>
</BasicStmnt>
</StmntSeq>
</HierarchyLvl>
<HierarchyLvl HierarchyLvlId="23702" HierarchyLvlTypeId="45" Intrnl_Id="1364" Name="saveGame">
<Header>
<Loc EndOffset="8166" SrcFileId="30" StartOffset="8085"/>
</Header>
<LocList>
<Loc EndOffset="8593" SrcFileId="30" StartOffset="8085"/>
</LocList>
<StmntSeq Intrnl_Id="1365">
<LocList>
<Loc EndOffset="8249" SrcFileId="30" StartOffset="8202"/>
<Loc EndOffset="8355" SrcFileId="30" StartOffset="8257"/>
<Loc EndOffset="8417" SrcFileId="30" StartOffset="8363"/>
<Loc EndOffset="8567" SrcFileId="30" StartOffset="8425"/>
<Loc EndOffset="8589" SrcFileId="30" StartOffset="8575"/>
</LocList>
<BasicStmnt CovItemId="S80" CovItemPrefix="database.DatabaseInterface.java" Intrnl_Id="1366">
<LocList>
<Loc EndOffset="8249" SrcFileId="30" StartOffset="8202"/>
</LocList>
</BasicStmnt>
<CondStmnt CovItemId="S81" CovItemPrefix="database.DatabaseInterface.java" Intrnl_Id="1367">
<Branch CovItemId="B22" CovItemPrefix="database.DatabaseInterface.java" Implct="false" Intrnl_Id="1368">
<Cond/>
<LocList>
<Loc EndOffset="8355" SrcFileId="30" StartOffset="8278"/>
</LocList>
<StmntSeq Intrnl_Id="1369">
<LocList>
<Loc EndOffset="8355" SrcFileId="30" StartOffset="8278"/>
</LocList>
<BasicStmnt CovItemId="S82" CovItemPrefix="database.DatabaseInterface.java" Intrnl_Id="1370">
<LocList>
<Loc EndOffset="8355" SrcFileId="30" StartOffset="8278"/>
</LocList>
</BasicStmnt>
</StmntSeq>
</Branch>
<Branch CovItemId="B23" CovItemPrefix="database.DatabaseInterface.java" Implct="true" Intrnl_Id="1371">
<Cond/>
<LocList/>
<StmntSeq Intrnl_Id="1372">
<LocList/>
</StmntSeq>
</Branch>
<Keyword EndOffset="8259" SrcFileId="30" StartOffset="8257"/>
<LocList>
<Loc EndOffset="8355" SrcFileId="30" StartOffset="8257"/>
</LocList>
</CondStmnt>
<BasicStmnt CovItemId="S83" CovItemPrefix="database.DatabaseInterface.java" Intrnl_Id="1373">
<LocList>
<Loc EndOffset="8417" SrcFileId="30" StartOffset="8363"/>
</LocList>
</BasicStmnt>
<LoopStmnt CovItemId="S84" CovItemPrefix="database.DatabaseInterface.java" Intrnl_Id="1374" MltplExecId="L2-2" MltplExecPrefix="database.DatabaseInterface.java" NvrExecId="L2-0" NvrExecPrefix="database.DatabaseInterface.java" OnceExecutedId="L2-1" OnceExecutedPrefix="database.DatabaseInterface.java" OptBodyExec="true">
<StmntSeq Intrnl_Id="1375">
<LocList>
<Loc EndOffset="8509" SrcFileId="30" StartOffset="8474"/>
<Loc EndOffset="8562" SrcFileId="30" StartOffset="8514"/>
</LocList>
<BasicStmnt CovItemId="S85" CovItemPrefix="database.DatabaseInterface.java" Intrnl_Id="1376">
<LocList>
<Loc EndOffset="8509" SrcFileId="30" StartOffset="8474"/>
</LocList>
</BasicStmnt>
<BasicStmnt CovItemId="S86" CovItemPrefix="database.DatabaseInterface.java" Intrnl_Id="1377">
<LocList>
<Loc EndOffset="8562" SrcFileId="30" StartOffset="8514"/>
</LocList>
</BasicStmnt>
</StmntSeq>
<Keyword EndOffset="8428" SrcFileId="30" StartOffset="8425"/>
<LocList>
<Loc EndOffset="8567" SrcFileId="30" StartOffset="8425"/>
</LocList>
</LoopStmnt>
<BasicStmnt CovItemId="S87" CovItemPrefix="database.DatabaseInterface.java" Intrnl_Id="1378">
<LocList>
<Loc EndOffset="8589" SrcFileId="30" StartOffset="8575"/>
</LocList>
</BasicStmnt>
</StmntSeq>
</HierarchyLvl>
<HierarchyLvl HierarchyLvlId="23703" HierarchyLvlTypeId="45" Intrnl_Id="1379" Name="actionExists">
<Header>
<Loc EndOffset="9008" SrcFileId="30" StartOffset="8905"/>
</Header>
<LocList>
<Loc EndOffset="9754" SrcFileId="30" StartOffset="8905"/>
</LocList>
<StmntSeq Intrnl_Id="1380">
<LocList>
<Loc EndOffset="9134" SrcFileId="30" StartOffset="9016"/>
<Loc EndOffset="9222" SrcFileId="30" StartOffset="9152"/>
<Loc EndOffset="9262" SrcFileId="30" StartOffset="9232"/>
<Loc EndOffset="9294" SrcFileId="30" StartOffset="9267"/>
<Loc EndOffset="9328" SrcFileId="30" StartOffset="9299"/>
<Loc EndOffset="9378" SrcFileId="30" StartOffset="9338"/>
<Loc EndOffset="9566" SrcFileId="30" StartOffset="9388"/>
<Loc EndOffset="9593" SrcFileId="30" StartOffset="9576"/>
<Loc EndOffset="9611" SrcFileId="30" StartOffset="9598"/>
<Loc EndOffset="9746" SrcFileId="30" StartOffset="9142"/>
</LocList>
<BasicStmnt CovItemId="S88" CovItemPrefix="database.DatabaseInterface.java" Intrnl_Id="1381">
<LocList>
<Loc EndOffset="9134" SrcFileId="30" StartOffset="9016"/>
</LocList>
</BasicStmnt>
<BasicStmnt CovItemId="S90" CovItemPrefix="database.DatabaseInterface.java" Intrnl_Id="1382">
<LocList>
<Loc EndOffset="9222" SrcFileId="30" StartOffset="9152"/>
</LocList>
</BasicStmnt>
<BasicStmnt CovItemId="S91" CovItemPrefix="database.DatabaseInterface.java" Intrnl_Id="1383">
<LocList>
<Loc EndOffset="9262" SrcFileId="30" StartOffset="9232"/>
</LocList>
</BasicStmnt>
<BasicStmnt CovItemId="S92" CovItemPrefix="database.DatabaseInterface.java" Intrnl_Id="1384">
<LocList>
<Loc EndOffset="9294" SrcFileId="30" StartOffset="9267"/>
</LocList>
</BasicStmnt>
<BasicStmnt CovItemId="S93" CovItemPrefix="database.DatabaseInterface.java" Intrnl_Id="1385">
<LocList>
<Loc EndOffset="9328" SrcFileId="30" StartOffset="9299"/>
</LocList>
</BasicStmnt>
<BasicStmnt CovItemId="S94" CovItemPrefix="database.DatabaseInterface.java" Intrnl_Id="1386">
<LocList>
<Loc EndOffset="9378" SrcFileId="30" StartOffset="9338"/>
</LocList>
</BasicStmnt>
<CondStmnt CovItemId="S95" CovItemPrefix="database.DatabaseInterface.java" Intrnl_Id="1387">
<Branch CovItemId="B25" CovItemPrefix="database.DatabaseInterface.java" Implct="false" Intrnl_Id="1388">
<Cond/>
<LocList>
<Loc EndOffset="9566" SrcFileId="30" StartOffset="9407"/>
</LocList>
<StmntSeq Intrnl_Id="1389">
<LocList>
<Loc EndOffset="9560" SrcFileId="30" StartOffset="9414"/>
</LocList>
<CondStmnt CovItemId="S96" CovItemPrefix="database.DatabaseInterface.java" Intrnl_Id="1390">
<Branch CovItemId="B27" CovItemPrefix="database.DatabaseInterface.java" Implct="false" Intrnl_Id="1391">
<Cond/>
<LocList>
<Loc EndOffset="9492" SrcFileId="30" StartOffset="9441"/>
</LocList>
<StmntSeq Intrnl_Id="1392">
<LocList>
<Loc EndOffset="9466" SrcFileId="30" StartOffset="9449"/>
<Loc EndOffset="9485" SrcFileId="30" StartOffset="9473"/>
</LocList>
<BasicStmnt CovItemId="S97" CovItemPrefix="database.DatabaseInterface.java" Intrnl_Id="1393">
<LocList>
<Loc EndOffset="9466" SrcFileId="30" StartOffset="9449"/>
</LocList>
</BasicStmnt>
<BasicStmnt CovItemId="S98" CovItemPrefix="database.DatabaseInterface.java" Intrnl_Id="1394">
<LocList>
<Loc EndOffset="9485" SrcFileId="30" StartOffset="9473"/>
</LocList>
</BasicStmnt>
</StmntSeq>
</Branch>
<Branch CovItemId="B28" CovItemPrefix="database.DatabaseInterface.java" Implct="false" Intrnl_Id="1395">
<Cond>
<Loc EndOffset="9502" SrcFileId="30" StartOffset="9498"/>
</Cond>
<LocList>
<Loc EndOffset="9560" SrcFileId="30" StartOffset="9508"/>
</LocList>
<StmntSeq Intrnl_Id="1396">
<LocList>
<Loc EndOffset="9533" SrcFileId="30" StartOffset="9516"/>
<Loc EndOffset="9553" SrcFileId="30" StartOffset="9540"/>
</LocList>
<BasicStmnt CovItemId="S99" CovItemPrefix="database.DatabaseInterface.java" Intrnl_Id="1397">
<LocList>
<Loc EndOffset="9533" SrcFileId="30" StartOffset="9516"/>
</LocList>
</BasicStmnt>
<BasicStmnt CovItemId="S100" CovItemPrefix="database.DatabaseInterface.java" Intrnl_Id="1398">
<LocList>
<Loc EndOffset="9553" SrcFileId="30" StartOffset="9540"/>
</LocList>
</BasicStmnt>
</StmntSeq>
</Branch>
<Keyword EndOffset="9416" SrcFileId="30" StartOffset="9414"/>
<LocList>
<Loc EndOffset="9560" SrcFileId="30" StartOffset="9414"/>
</LocList>
</CondStmnt>
</StmntSeq>
</Branch>
<Branch CovItemId="B26" CovItemPrefix="database.DatabaseInterface.java" Implct="true" Intrnl_Id="1399">
<Cond/>
<LocList/>
<StmntSeq Intrnl_Id="1400">
<LocList/>
</StmntSeq>
</Branch>
<Keyword EndOffset="9390" SrcFileId="30" StartOffset="9388"/>
<LocList>
<Loc EndOffset="9566" SrcFileId="30" StartOffset="9388"/>
</LocList>
</CondStmnt>
<BasicStmnt CovItemId="S101" CovItemPrefix="database.DatabaseInterface.java" Intrnl_Id="1401">
<LocList>
<Loc EndOffset="9593" SrcFileId="30" StartOffset="9576"/>
</LocList>
</BasicStmnt>
<BasicStmnt CovItemId="S102" CovItemPrefix="database.DatabaseInterface.java" Intrnl_Id="1402">
<LocList>
<Loc EndOffset="9611" SrcFileId="30" StartOffset="9598"/>
</LocList>
</BasicStmnt>
<CondStmnt CovItemId="S89" CovItemPrefix="database.DatabaseInterface.java" Intrnl_Id="1403">
<Branch CovItemId="B24" CovItemPrefix="database.DatabaseInterface.java" Implct="true" Intrnl_Id="1404">
<Cond/>
<LocList/>
<StmntSeq Intrnl_Id="1405">
<LocList/>
</StmntSeq>
</Branch>
<Branch CovItemId="B29" CovItemPrefix="database.DatabaseInterface.java" Implct="false" Intrnl_Id="1406">
<Cond>
<Loc EndOffset="9649" SrcFileId="30" StartOffset="9627"/>
</Cond>
<LocList>
<Loc EndOffset="9746" SrcFileId="30" StartOffset="9650"/>
</LocList>
<StmntSeq Intrnl_Id="1407">
<LocList>
<Loc EndOffset="9741" SrcFileId="30" StartOffset="9656"/>
</LocList>
<BasicStmnt CovItemId="S103" CovItemPrefix="database.DatabaseInterface.java" Intrnl_Id="1408">
<LocList>
<Loc EndOffset="9741" SrcFileId="30" StartOffset="9656"/>
</LocList>
</BasicStmnt>
</StmntSeq>
</Branch>
<Keyword EndOffset="9145" SrcFileId="30" StartOffset="9142"/>
<LocList>
<Loc EndOffset="9746" SrcFileId="30" StartOffset="9142"/>
</LocList>
</CondStmnt>
</StmntSeq>
</HierarchyLvl>
<HierarchyLvl HierarchyLvlId="23704" HierarchyLvlTypeId="45" Intrnl_Id="1409" Name="optimalityExists">
<Header>
<Loc EndOffset="10159" SrcFileId="30" StartOffset="10066"/>
</Header>
<LocList>
<Loc EndOffset="10859" SrcFileId="30" StartOffset="10066"/>
</LocList>
<StmntSeq Intrnl_Id="1410">
<LocList>
<Loc EndOffset="10273" SrcFileId="30" StartOffset="10167"/>
<Loc EndOffset="10361" SrcFileId="30" StartOffset="10291"/>
<Loc EndOffset="10401" SrcFileId="30" StartOffset="10371"/>
<Loc EndOffset="10433" SrcFileId="30" StartOffset="10406"/>
<Loc EndOffset="10483" SrcFileId="30" StartOffset="10443"/>
<Loc EndOffset="10671" SrcFileId="30" StartOffset="10493"/>
<Loc EndOffset="10698" SrcFileId="30" StartOffset="10681"/>
<Loc EndOffset="10716" SrcFileId="30" StartOffset="10703"/>
<Loc EndOffset="10851" SrcFileId="30" StartOffset="10281"/>
</LocList>
<BasicStmnt CovItemId="S104" CovItemPrefix="database.DatabaseInterface.java" Intrnl_Id="1411">
<LocList>
<Loc EndOffset="10273" SrcFileId="30" StartOffset="10167"/>
</LocList>
</BasicStmnt>
<BasicStmnt CovItemId="S106" CovItemPrefix="database.DatabaseInterface.java" Intrnl_Id="1412">
<LocList>
<Loc EndOffset="10361" SrcFileId="30" StartOffset="10291"/>
</LocList>
</BasicStmnt>
<BasicStmnt CovItemId="S107" CovItemPrefix="database.DatabaseInterface.java" Intrnl_Id="1413">
<LocList>
<Loc EndOffset="10401" SrcFileId="30" StartOffset="10371"/>
</LocList>
</BasicStmnt>
<BasicStmnt CovItemId="S108" CovItemPrefix="database.DatabaseInterface.java" Intrnl_Id="1414">
<LocList>
<Loc EndOffset="10433" SrcFileId="30" StartOffset="10406"/>
</LocList>
</BasicStmnt>
<BasicStmnt CovItemId="S109" CovItemPrefix="database.DatabaseInterface.java" Intrnl_Id="1415">
<LocList>
<Loc EndOffset="10483" SrcFileId="30" StartOffset="10443"/>
</LocList>
</BasicStmnt>
<CondStmnt CovItemId="S110" CovItemPrefix="database.DatabaseInterface.java" Intrnl_Id="1416">
<Branch CovItemId="B31" CovItemPrefix="database.DatabaseInterface.java" Implct="false" Intrnl_Id="1417">
<Cond/>
<LocList>
<Loc EndOffset="10671" SrcFileId="30" StartOffset="10512"/>
</LocList>
<StmntSeq Intrnl_Id="1418">
<LocList>
<Loc EndOffset="10665" SrcFileId="30" StartOffset="10519"/>
</LocList>
<CondStmnt CovItemId="S111" CovItemPrefix="database.DatabaseInterface.java" Intrnl_Id="1419">
<Branch CovItemId="B33" CovItemPrefix="database.DatabaseInterface.java" Implct="false" Intrnl_Id="1420">
<Cond/>
<LocList>
<Loc EndOffset="10597" SrcFileId="30" StartOffset="10546"/>
</LocList>
<StmntSeq Intrnl_Id="1421">
<LocList>
<Loc EndOffset="10571" SrcFileId="30" StartOffset="10554"/>
<Loc EndOffset="10590" SrcFileId="30" StartOffset="10578"/>
</LocList>
<BasicStmnt CovItemId="S112" CovItemPrefix="database.DatabaseInterface.java" Intrnl_Id="1422">
<LocList>
<Loc EndOffset="10571" SrcFileId="30" StartOffset="10554"/>
</LocList>
</BasicStmnt>
<BasicStmnt CovItemId="S113" CovItemPrefix="database.DatabaseInterface.java" Intrnl_Id="1423">
<LocList>
<Loc EndOffset="10590" SrcFileId="30" StartOffset="10578"/>
</LocList>
</BasicStmnt>
</StmntSeq>
</Branch>
<Branch CovItemId="B34" CovItemPrefix="database.DatabaseInterface.java" Implct="false" Intrnl_Id="1424">
<Cond>
<Loc EndOffset="10607" SrcFileId="30" StartOffset="10603"/>
</Cond>
<LocList>
<Loc EndOffset="10665" SrcFileId="30" StartOffset="10613"/>
</LocList>
<StmntSeq Intrnl_Id="1425">
<LocList>
<Loc EndOffset="10638" SrcFileId="30" StartOffset="10621"/>
<Loc EndOffset="10658" SrcFileId="30" StartOffset="10645"/>
</LocList>
<BasicStmnt CovItemId="S114" CovItemPrefix="database.DatabaseInterface.java" Intrnl_Id="1426">
<LocList>
<Loc EndOffset="10638" SrcFileId="30" StartOffset="10621"/>
</LocList>
</BasicStmnt>
<BasicStmnt CovItemId="S115" CovItemPrefix="database.DatabaseInterface.java" Intrnl_Id="1427">
<LocList>
<Loc EndOffset="10658" SrcFileId="30" StartOffset="10645"/>
</LocList>
</BasicStmnt>
</StmntSeq>
</Branch>
<Keyword EndOffset="10521" SrcFileId="30" StartOffset="10519"/>
<LocList>
<Loc EndOffset="10665" SrcFileId="30" StartOffset="10519"/>
</LocList>
</CondStmnt>
</StmntSeq>
</Branch>
<Branch CovItemId="B32" CovItemPrefix="database.DatabaseInterface.java" Implct="true" Intrnl_Id="1428">
<Cond/>
<LocList/>
<StmntSeq Intrnl_Id="1429">
<LocList/>
</StmntSeq>
</Branch>
<Keyword EndOffset="10495" SrcFileId="30" StartOffset="10493"/>
<LocList>
<Loc EndOffset="10671" SrcFileId="30" StartOffset="10493"/>
</LocList>
</CondStmnt>
<BasicStmnt CovItemId="S116" CovItemPrefix="database.DatabaseInterface.java" Intrnl_Id="1430">
<LocList>
<Loc EndOffset="10698" SrcFileId="30" StartOffset="10681"/>
</LocList>
</BasicStmnt>
<BasicStmnt CovItemId="S117" CovItemPrefix="database.DatabaseInterface.java" Intrnl_Id="1431">
<LocList>
<Loc EndOffset="10716" SrcFileId="30" StartOffset="10703"/>
</LocList>
</BasicStmnt>
<CondStmnt CovItemId="S105" CovItemPrefix="database.DatabaseInterface.java" Intrnl_Id="1432">
<Branch CovItemId="B30" CovItemPrefix="database.DatabaseInterface.java" Implct="true" Intrnl_Id="1433">
<Cond/>
<LocList/>
<StmntSeq Intrnl_Id="1434">
<LocList/>
</StmntSeq>
</Branch>
<Branch CovItemId="B35" CovItemPrefix="database.DatabaseInterface.java" Implct="false" Intrnl_Id="1435">
<Cond>
<Loc EndOffset="10754" SrcFileId="30" StartOffset="10732"/>
</Cond>
<LocList>
<Loc EndOffset="10851" SrcFileId="30" StartOffset="10755"/>
</LocList>
<StmntSeq Intrnl_Id="1436">
<LocList>
<Loc EndOffset="10846" SrcFileId="30" StartOffset="10761"/>
</LocList>
<BasicStmnt CovItemId="S118" CovItemPrefix="database.DatabaseInterface.java" Intrnl_Id="1437">
<LocList>
<Loc EndOffset="10846" SrcFileId="30" StartOffset="10761"/>
</LocList>
</BasicStmnt>
</StmntSeq>
</Branch>
<Keyword EndOffset="10284" SrcFileId="30" StartOffset="10281"/>
<LocList>
<Loc EndOffset="10851" SrcFileId="30" StartOffset="10281"/>
</LocList>
</CondStmnt>
</StmntSeq>
</HierarchyLvl>
<HierarchyLvl HierarchyLvlId="23705" HierarchyLvlTypeId="45" Intrnl_Id="1438" Name="saveGameAction">
<Header>
<Loc EndOffset="11302" SrcFileId="30" StartOffset="11179"/>
</Header>
<LocList>
<Loc EndOffset="12540" SrcFileId="30" StartOffset="11179"/>
</LocList>
<StmntSeq Intrnl_Id="1439">
<LocList>
<Loc EndOffset="11349" SrcFileId="30" StartOffset="11310"/>
<Loc EndOffset="11410" SrcFileId="30" StartOffset="11357"/>
<Loc EndOffset="11462" SrcFileId="30" StartOffset="11418"/>
<Loc EndOffset="11516" SrcFileId="30" StartOffset="11466"/>
<Loc EndOffset="11564" SrcFileId="30" StartOffset="11524"/>
<Loc EndOffset="11618" SrcFileId="30" StartOffset="11568"/>
<Loc EndOffset="11676" SrcFileId="30" StartOffset="11626"/>
<Loc EndOffset="11730" SrcFileId="30" StartOffset="11680"/>
<Loc EndOffset="11764" SrcFileId="30" StartOffset="11738"/>
<Loc EndOffset="11794" SrcFileId="30" StartOffset="11768"/>
<Loc EndOffset="11970" SrcFileId="30" StartOffset="11802"/>
<Loc EndOffset="12059" SrcFileId="30" StartOffset="11988"/>
<Loc EndOffset="12099" SrcFileId="30" StartOffset="12069"/>
<Loc EndOffset="12131" SrcFileId="30" StartOffset="12104"/>
<Loc EndOffset="12178" SrcFileId="30" StartOffset="12136"/>
<Loc EndOffset="12212" SrcFileId="30" StartOffset="12183"/>
<Loc EndOffset="12253" SrcFileId="30" StartOffset="12217"/>
<Loc EndOffset="12294" SrcFileId="30" StartOffset="12258"/>
<Loc EndOffset="12323" SrcFileId="30" StartOffset="12299"/>
<Loc EndOffset="12352" SrcFileId="30" StartOffset="12328"/>
<Loc EndOffset="12381" SrcFileId="30" StartOffset="12362"/>
<Loc EndOffset="12408" SrcFileId="30" StartOffset="12391"/>
<Loc EndOffset="12532" SrcFileId="30" StartOffset="11978"/>
</LocList>
<BasicStmnt CovItemId="S119" CovItemPrefix="database.DatabaseInterface.java" Intrnl_Id="1440">
<LocList>
<Loc EndOffset="11349" SrcFileId="30" StartOffset="11310"/>
</LocList>
</BasicStmnt>
<CondStmnt CovItemId="S120" CovItemPrefix="database.DatabaseInterface.java" Intrnl_Id="1441">
<Branch CovItemId="B36" CovItemPrefix="database.DatabaseInterface.java" Implct="false" Intrnl_Id="1442">
<Cond/>
<LocList>
<Loc EndOffset="11410" SrcFileId="30" StartOffset="11403"/>
</LocList>
<StmntSeq Intrnl_Id="1443">
<LocList>
<Loc EndOffset="11410" SrcFileId="30" StartOffset="11403"/>
</LocList>
<BasicStmnt CovItemId="S121" CovItemPrefix="database.DatabaseInterface.java" Intrnl_Id="1444">
<LocList>
<Loc EndOffset="11410" SrcFileId="30" StartOffset="11403"/>
</LocList>
</BasicStmnt>
</StmntSeq>
</Branch>
<Branch CovItemId="B37" CovItemPrefix="database.DatabaseInterface.java" Implct="true" Intrnl_Id="1445">
<Cond/>
<LocList/>
<StmntSeq Intrnl_Id="1446">
<LocList/>
</StmntSeq>
</Branch>
<Keyword EndOffset="11359" SrcFileId="30" StartOffset="11357"/>
<LocList>
<Loc EndOffset="11410" SrcFileId="30" StartOffset="11357"/>
</LocList>
</CondStmnt>
<BasicStmnt CovItemId="S122" CovItemPrefix="database.DatabaseInterface.java" Intrnl_Id="1447">
<LocList>
<Loc EndOffset="11462" SrcFileId="30" StartOffset="11418"/>
</LocList>
</BasicStmnt>
<BasicStmnt CovItemId="S123" CovItemPrefix="database.DatabaseInterface.java" Intrnl_Id="1448">
<LocList>
<Loc EndOffset="11516" SrcFileId="30" StartOffset="11466"/>
</LocList>
</BasicStmnt>
<BasicStmnt CovItemId="S124" CovItemPrefix="database.DatabaseInterface.java" Intrnl_Id="1449">
<LocList>
<Loc EndOffset="11564" SrcFileId="30" StartOffset="11524"/>
</LocList>
</BasicStmnt>
<BasicStmnt CovItemId="S125" CovItemPrefix="database.DatabaseInterface.java" Intrnl_Id="1450">
<LocList>
<Loc EndOffset="11618" SrcFileId="30" StartOffset="11568"/>
</LocList>
</BasicStmnt>
<BasicStmnt CovItemId="S126" CovItemPrefix="database.DatabaseInterface.java" Intrnl_Id="1451">
<LocList>
<Loc EndOffset="11676" SrcFileId="30" StartOffset="11626"/>
</LocList>
</BasicStmnt>
<BasicStmnt CovItemId="S127" CovItemPrefix="database.DatabaseInterface.java" Intrnl_Id="1452">
<LocList>
<Loc EndOffset="11730" SrcFileId="30" StartOffset="11680"/>
</LocList>
</BasicStmnt>
<BasicStmnt CovItemId="S128" CovItemPrefix="database.DatabaseInterface.java" Intrnl_Id="1453">
<LocList>
<Loc EndOffset="11764" SrcFileId="30" StartOffset="11738"/>
</LocList>
</BasicStmnt>
<BasicStmnt CovItemId="S129" CovItemPrefix="database.DatabaseInterface.java" Intrnl_Id="1454">
<LocList>
<Loc EndOffset="11794" SrcFileId="30" StartOffset="11768"/>
</LocList>
</BasicStmnt>
<BasicStmnt CovItemId="S130" CovItemPrefix="database.DatabaseInterface.java" Intrnl_Id="1455">
<LocList>
<Loc EndOffset="11970" SrcFileId="30" StartOffset="11802"/>
</LocList>
</BasicStmnt>
<BasicStmnt CovItemId="S132" CovItemPrefix="database.DatabaseInterface.java" Intrnl_Id="1456">
<LocList>
<Loc EndOffset="12059" SrcFileId="30" StartOffset="11988"/>
</LocList>
</BasicStmnt>
<BasicStmnt CovItemId="S133" CovItemPrefix="database.DatabaseInterface.java" Intrnl_Id="1457">
<LocList>
<Loc EndOffset="12099" SrcFileId="30" StartOffset="12069"/>
</LocList>
</BasicStmnt>
<BasicStmnt CovItemId="S134" CovItemPrefix="database.DatabaseInterface.java" Intrnl_Id="1458">
<LocList>
<Loc EndOffset="12131" SrcFileId="30" StartOffset="12104"/>
</LocList>
</BasicStmnt>
<BasicStmnt CovItemId="S135" CovItemPrefix="database.DatabaseInterface.java" Intrnl_Id="1459">
<LocList>
<Loc EndOffset="12178" SrcFileId="30" StartOffset="12136"/>
</LocList>
</BasicStmnt>
<BasicStmnt CovItemId="S136" CovItemPrefix="database.DatabaseInterface.java" Intrnl_Id="1460">
<LocList>
<Loc EndOffset="12212" SrcFileId="30" StartOffset="12183"/>
</LocList>
</BasicStmnt>
<BasicStmnt CovItemId="S137" CovItemPrefix="database.DatabaseInterface.java" Intrnl_Id="1461">
<LocList>
<Loc EndOffset="12253" SrcFileId="30" StartOffset="12217"/>
</LocList>
</BasicStmnt>
<BasicStmnt CovItemId="S138" CovItemPrefix="database.DatabaseInterface.java" Intrnl_Id="1462">
<LocList>
<Loc EndOffset="12294" SrcFileId="30" StartOffset="12258"/>
</LocList>
</BasicStmnt>
<BasicStmnt CovItemId="S139" CovItemPrefix="database.DatabaseInterface.java" Intrnl_Id="1463">
<LocList>
<Loc EndOffset="12323" SrcFileId="30" StartOffset="12299"/>
</LocList>
</BasicStmnt>
<BasicStmnt CovItemId="S140" CovItemPrefix="database.DatabaseInterface.java" Intrnl_Id="1464">
<LocList>
<Loc EndOffset="12352" SrcFileId="30" StartOffset="12328"/>
</LocList>
</BasicStmnt>
<BasicStmnt CovItemId="S141" CovItemPrefix="database.DatabaseInterface.java" Intrnl_Id="1465">
<LocList>
<Loc EndOffset="12381" SrcFileId="30" StartOffset="12362"/>
</LocList>
</BasicStmnt>
<BasicStmnt CovItemId="S142" CovItemPrefix="database.DatabaseInterface.java" Intrnl_Id="1466">
<LocList>
<Loc EndOffset="12408" SrcFileId="30" StartOffset="12391"/>
</LocList>
</BasicStmnt>
<CondStmnt CovItemId="S131" CovItemPrefix="database.DatabaseInterface.java" Intrnl_Id="1467">
<Branch CovItemId="B38" CovItemPrefix="database.DatabaseInterface.java" Implct="true" Intrnl_Id="1468">
<Cond/>
<LocList/>
<StmntSeq Intrnl_Id="1469">
<LocList/>
</StmntSeq>
</Branch>
<Branch CovItemId="B39" CovItemPrefix="database.DatabaseInterface.java" Implct="false" Intrnl_Id="1470">
<Cond>
<Loc EndOffset="12436" SrcFileId="30" StartOffset="12414"/>
</Cond>
<LocList>
<Loc EndOffset="12532" SrcFileId="30" StartOffset="12437"/>
</LocList>
<StmntSeq Intrnl_Id="1471">
<LocList>
<Loc EndOffset="12527" SrcFileId="30" StartOffset="12443"/>
</LocList>
<BasicStmnt CovItemId="S143" CovItemPrefix="database.DatabaseInterface.java" Intrnl_Id="1472">
<LocList>
<Loc EndOffset="12527" SrcFileId="30" StartOffset="12443"/>
</LocList>
</BasicStmnt>
</StmntSeq>
</Branch>
<Keyword EndOffset="11981" SrcFileId="30" StartOffset="11978"/>
<LocList>
<Loc EndOffset="12532" SrcFileId="30" StartOffset="11978"/>
</LocList>
</CondStmnt>
</StmntSeq>
</HierarchyLvl>
<HierarchyLvl HierarchyLvlId="23706" HierarchyLvlTypeId="45" Intrnl_Id="1473" Name="saveMiscData">
<Header>
<Loc EndOffset="12843" SrcFileId="30" StartOffset="12749"/>
</Header>
<LocList>
<Loc EndOffset="13478" SrcFileId="30" StartOffset="12749"/>
</LocList>
<StmntSeq Intrnl_Id="1474">
<LocList>
<Loc EndOffset="12890" SrcFileId="30" StartOffset="12851"/>
<Loc EndOffset="12923" SrcFileId="30" StartOffset="12894"/>
<Loc EndOffset="12958" SrcFileId="30" StartOffset="12927"/>
<Loc EndOffset="13097" SrcFileId="30" StartOffset="12966"/>
<Loc EndOffset="13184" SrcFileId="30" StartOffset="13115"/>
<Loc EndOffset="13224" SrcFileId="30" StartOffset="13194"/>
<Loc EndOffset="13257" SrcFileId="30" StartOffset="13229"/>
<Loc EndOffset="13291" SrcFileId="30" StartOffset="13262"/>
<Loc EndOffset="13320" SrcFileId="30" StartOffset="13301"/>
<Loc EndOffset="13347" SrcFileId="30" StartOffset="13330"/>
<Loc EndOffset="13470" SrcFileId="30" StartOffset="13105"/>
</LocList>
<BasicStmnt CovItemId="S144" CovItemPrefix="database.DatabaseInterface.java" Intrnl_Id="1475">
<LocList>
<Loc EndOffset="12890" SrcFileId="30" StartOffset="12851"/>
</LocList>
</BasicStmnt>
<BasicStmnt CovItemId="S145" CovItemPrefix="database.DatabaseInterface.java" Intrnl_Id="1476">
<LocList>
<Loc EndOffset="12923" SrcFileId="30" StartOffset="12894"/>
</LocList>
</BasicStmnt>
<BasicStmnt CovItemId="S146" CovItemPrefix="database.DatabaseInterface.java" Intrnl_Id="1477">
<LocList>
<Loc EndOffset="12958" SrcFileId="30" StartOffset="12927"/>
</LocList>
</BasicStmnt>
<BasicStmnt CovItemId="S147" CovItemPrefix="database.DatabaseInterface.java" Intrnl_Id="1478">
<LocList>
<Loc EndOffset="13097" SrcFileId="30" StartOffset="12966"/>
</LocList>
</BasicStmnt>
<BasicStmnt CovItemId="S149" CovItemPrefix="database.DatabaseInterface.java" Intrnl_Id="1479">
<LocList>
<Loc EndOffset="13184" SrcFileId="30" StartOffset="13115"/>
</LocList>
</BasicStmnt>
<BasicStmnt CovItemId="S150" CovItemPrefix="database.DatabaseInterface.java" Intrnl_Id="1480">
<LocList>
<Loc EndOffset="13224" SrcFileId="30" StartOffset="13194"/>
</LocList>
</BasicStmnt>
<BasicStmnt CovItemId="S151" CovItemPrefix="database.DatabaseInterface.java" Intrnl_Id="1481">
<LocList>
<Loc EndOffset="13257" SrcFileId="30" StartOffset="13229"/>
</LocList>
</BasicStmnt>
<BasicStmnt CovItemId="S152" CovItemPrefix="database.DatabaseInterface.java" Intrnl_Id="1482">
<LocList>
<Loc EndOffset="13291" SrcFileId="30" StartOffset="13262"/>
</LocList>
</BasicStmnt>
<BasicStmnt CovItemId="S153" CovItemPrefix="database.DatabaseInterface.java" Intrnl_Id="1483">
<LocList>
<Loc EndOffset="13320" SrcFileId="30" StartOffset="13301"/>
</LocList>
</BasicStmnt>
<BasicStmnt CovItemId="S154" CovItemPrefix="database.DatabaseInterface.java" Intrnl_Id="1484">
<LocList>
<Loc EndOffset="13347" SrcFileId="30" StartOffset="13330"/>
</LocList>
</BasicStmnt>
<CondStmnt CovItemId="S148" CovItemPrefix="database.DatabaseInterface.java" Intrnl_Id="1485">
<Branch CovItemId="B40" CovItemPrefix="database.DatabaseInterface.java" Implct="true" Intrnl_Id="1486">
<Cond/>
<LocList/>
<StmntSeq Intrnl_Id="1487">
<LocList/>
</StmntSeq>
</Branch>
<Branch CovItemId="B41" CovItemPrefix="database.DatabaseInterface.java" Implct="false" Intrnl_Id="1488">
<Cond>
<Loc EndOffset="13375" SrcFileId="30" StartOffset="13353"/>
</Cond>
<LocList>
<Loc EndOffset="13470" SrcFileId="30" StartOffset="13376"/>
</LocList>
<StmntSeq Intrnl_Id="1489">
<LocList>
<Loc EndOffset="13465" SrcFileId="30" StartOffset="13382"/>
</LocList>
<BasicStmnt CovItemId="S155" CovItemPrefix="database.DatabaseInterface.java" Intrnl_Id="1490">
<LocList>
<Loc EndOffset="13465" SrcFileId="30" StartOffset="13382"/>
</LocList>
</BasicStmnt>
</StmntSeq>
</Branch>
<Keyword EndOffset="13108" SrcFileId="30" StartOffset="13105"/>
<LocList>
<Loc EndOffset="13470" SrcFileId="30" StartOffset="13105"/>
</LocList>
</CondStmnt>
</StmntSeq>
</HierarchyLvl>
<HierarchyLvl HierarchyLvlId="23707" HierarchyLvlTypeId="45" Intrnl_Id="1491" Name="getGameDatabaseID">
<Header>
<Loc EndOffset="13775" SrcFileId="30" StartOffset="13701"/>
</Header>
<LocList>
<Loc EndOffset="14368" SrcFileId="30" StartOffset="13701"/>
</LocList>
<StmntSeq Intrnl_Id="1492">
<LocList>
<Loc EndOffset="13799" SrcFileId="30" StartOffset="13783"/>
<Loc EndOffset="13834" SrcFileId="30" StartOffset="13803"/>
<Loc EndOffset="13931" SrcFileId="30" StartOffset="13846"/>
<Loc EndOffset="14016" SrcFileId="30" StartOffset="13948"/>
<Loc EndOffset="14061" SrcFileId="30" StartOffset="14021"/>
<Loc EndOffset="14111" SrcFileId="30" StartOffset="14071"/>
<Loc EndOffset="14191" SrcFileId="30" StartOffset="14121"/>
<Loc EndOffset="14218" SrcFileId="30" StartOffset="14201"/>
<Loc EndOffset="14237" SrcFileId="30" StartOffset="14223"/>
<Loc EndOffset="14364" SrcFileId="30" StartOffset="13939"/>
</LocList>
<BasicStmnt CovItemId="S156" CovItemPrefix="database.DatabaseInterface.java" Intrnl_Id="1493">
<LocList>
<Loc EndOffset="13799" SrcFileId="30" StartOffset="13783"/>
</LocList>
</BasicStmnt>
<CondStmnt CovItemId="S157" CovItemPrefix="database.DatabaseInterface.java" Intrnl_Id="1494">
<Branch CovItemId="B42" CovItemPrefix="database.DatabaseInterface.java" Implct="false" Intrnl_Id="1495">
<Cond/>
<LocList>
<Loc EndOffset="13834" SrcFileId="30" StartOffset="13820"/>
</LocList>
<StmntSeq Intrnl_Id="1496">
<LocList>
<Loc EndOffset="13834" SrcFileId="30" StartOffset="13820"/>
</LocList>
<BasicStmnt CovItemId="S158" CovItemPrefix="database.DatabaseInterface.java" Intrnl_Id="1497">
<LocList>
<Loc EndOffset="13834" SrcFileId="30" StartOffset="13820"/>
</LocList>
</BasicStmnt>
</StmntSeq>
</Branch>
<Branch CovItemId="B43" CovItemPrefix="database.DatabaseInterface.java" Implct="true" Intrnl_Id="1498">
<Cond/>
<LocList/>
<StmntSeq Intrnl_Id="1499">
<LocList/>
</StmntSeq>
</Branch>
<Keyword EndOffset="13805" SrcFileId="30" StartOffset="13803"/>
<LocList>
<Loc EndOffset="13834" SrcFileId="30" StartOffset="13803"/>
</LocList>
</CondStmnt>
<BasicStmnt CovItemId="S159" CovItemPrefix="database.DatabaseInterface.java" Intrnl_Id="1500">
<LocList>
<Loc EndOffset="13931" SrcFileId="30" StartOffset="13846"/>
</LocList>
</BasicStmnt>
<BasicStmnt CovItemId="S161" CovItemPrefix="database.DatabaseInterface.java" Intrnl_Id="1501">
<LocList>
<Loc EndOffset="14016" SrcFileId="30" StartOffset="13948"/>
</LocList>
</BasicStmnt>
<BasicStmnt CovItemId="S162" CovItemPrefix="database.DatabaseInterface.java" Intrnl_Id="1502">
<LocList>
<Loc EndOffset="14061" SrcFileId="30" StartOffset="14021"/>
</LocList>
</BasicStmnt>
<BasicStmnt CovItemId="S163" CovItemPrefix="database.DatabaseInterface.java" Intrnl_Id="1503">
<LocList>
<Loc EndOffset="14111" SrcFileId="30" StartOffset="14071"/>
</LocList>
</BasicStmnt>
<CondStmnt CovItemId="S164" CovItemPrefix="database.DatabaseInterface.java" Intrnl_Id="1504">
<Branch CovItemId="B45" CovItemPrefix="database.DatabaseInterface.java" Implct="false" Intrnl_Id="1505">
<Cond/>
<LocList>
<Loc EndOffset="14164" SrcFileId="30" StartOffset="14141"/>
</LocList>
<StmntSeq Intrnl_Id="1506">
<LocList>
<Loc EndOffset="14164" SrcFileId="30" StartOffset="14141"/>
</LocList>
<BasicStmnt CovItemId="S165" CovItemPrefix="database.DatabaseInterface.java" Intrnl_Id="1507">
<LocList>
<Loc EndOffset="14164" SrcFileId="30" StartOffset="14141"/>
</LocList>
</BasicStmnt>
</StmntSeq>
</Branch>
<Branch CovItemId="B46" CovItemPrefix="database.DatabaseInterface.java" Implct="false" Intrnl_Id="1508">
<Cond>
<Loc EndOffset="14173" SrcFileId="30" StartOffset="14169"/>
</Cond>
<LocList>
<Loc EndOffset="14191" SrcFileId="30" StartOffset="14179"/>
</LocList>
<StmntSeq Intrnl_Id="1509">
<LocList>
<Loc EndOffset="14191" SrcFileId="30" StartOffset="14179"/>
</LocList>
<BasicStmnt CovItemId="S166" CovItemPrefix="database.DatabaseInterface.java" Intrnl_Id="1510">
<LocList>
<Loc EndOffset="14191" SrcFileId="30" StartOffset="14179"/>
</LocList>
</BasicStmnt>
</StmntSeq>
</Branch>
<Keyword EndOffset="14123" SrcFileId="30" StartOffset="14121"/>
<LocList>
<Loc EndOffset="14191" SrcFileId="30" StartOffset="14121"/>
</LocList>
</CondStmnt>
<BasicStmnt CovItemId="S167" CovItemPrefix="database.DatabaseInterface.java" Intrnl_Id="1511">
<LocList>
<Loc EndOffset="14218" SrcFileId="30" StartOffset="14201"/>
</LocList>
</BasicStmnt>
<BasicStmnt CovItemId="S168" CovItemPrefix="database.DatabaseInterface.java" Intrnl_Id="1512">
<LocList>
<Loc EndOffset="14237" SrcFileId="30" StartOffset="14223"/>
</LocList>
</BasicStmnt>
<CondStmnt CovItemId="S160" CovItemPrefix="database.DatabaseInterface.java" Intrnl_Id="1513">
<Branch CovItemId="B44" CovItemPrefix="database.DatabaseInterface.java" Implct="true" Intrnl_Id="1514">
<Cond/>
<LocList/>
<StmntSeq Intrnl_Id="1515">
<LocList/>
</StmntSeq>
</Branch>
<Branch CovItemId="B47" CovItemPrefix="database.DatabaseInterface.java" Implct="false" Intrnl_Id="1516">
<Cond>
<Loc EndOffset="14266" SrcFileId="30" StartOffset="14244"/>
</Cond>
<LocList>
<Loc EndOffset="14364" SrcFileId="30" StartOffset="14267"/>
</LocList>
<StmntSeq Intrnl_Id="1517">
<LocList>
<Loc EndOffset="14358" SrcFileId="30" StartOffset="14274"/>
</LocList>
<BasicStmnt CovItemId="S169" CovItemPrefix="database.DatabaseInterface.java" Intrnl_Id="1518">
<LocList>
<Loc EndOffset="14358" SrcFileId="30" StartOffset="14274"/>
</LocList>
</BasicStmnt>
</StmntSeq>
</Branch>
<Keyword EndOffset="13942" SrcFileId="30" StartOffset="13939"/>
<LocList>
<Loc EndOffset="14364" SrcFileId="30" StartOffset="13939"/>
</LocList>
</CondStmnt>
</StmntSeq>
</HierarchyLvl>
<HierarchyLvl HierarchyLvlId="23708" HierarchyLvlTypeId="45" Intrnl_Id="1519" Name="saveGameGetID">
<Header>
<Loc EndOffset="14777" SrcFileId="30" StartOffset="14690"/>
</Header>
<LocList>
<Loc EndOffset="15542" SrcFileId="30" StartOffset="14690"/>
</LocList>
<StmntSeq Intrnl_Id="1520">
<LocList>
<Loc EndOffset="14812" SrcFileId="30" StartOffset="14785"/>
<Loc EndOffset="14951" SrcFileId="30" StartOffset="14820"/>
<Loc EndOffset="14986" SrcFileId="30" StartOffset="14955"/>
<Loc EndOffset="15071" SrcFileId="30" StartOffset="15002"/>
<Loc EndOffset="15103" SrcFileId="30" StartOffset="15075"/>
<Loc EndOffset="15135" SrcFileId="30" StartOffset="15107"/>
<Loc EndOffset="15162" SrcFileId="30" StartOffset="15143"/>
<Loc EndOffset="15215" SrcFileId="30" StartOffset="15170"/>
<Loc EndOffset="15235" SrcFileId="30" StartOffset="15223"/>
<Loc EndOffset="15370" SrcFileId="30" StartOffset="15239"/>
<Loc EndOffset="15395" SrcFileId="30" StartOffset="15378"/>
<Loc EndOffset="15409" SrcFileId="30" StartOffset="15399"/>
<Loc EndOffset="15534" SrcFileId="30" StartOffset="14994"/>
</LocList>
<CondStmnt CovItemId="S170" CovItemPrefix="database.DatabaseInterface.java" Intrnl_Id="1521">
<Branch CovItemId="B48" CovItemPrefix="database.DatabaseInterface.java" Implct="false" Intrnl_Id="1522">
<Cond/>
<LocList>
<Loc EndOffset="14812" SrcFileId="30" StartOffset="14802"/>
</LocList>
<StmntSeq Intrnl_Id="1523">
<LocList>
<Loc EndOffset="14812" SrcFileId="30" StartOffset="14802"/>
</LocList>
<BasicStmnt CovItemId="S171" CovItemPrefix="database.DatabaseInterface.java" Intrnl_Id="1524">
<LocList>
<Loc EndOffset="14812" SrcFileId="30" StartOffset="14802"/>
</LocList>
</BasicStmnt>
</StmntSeq>
</Branch>
<Branch CovItemId="B49" CovItemPrefix="database.DatabaseInterface.java" Implct="true" Intrnl_Id="1525">
<Cond/>
<LocList/>
<StmntSeq Intrnl_Id="1526">
<LocList/>
</StmntSeq>
</Branch>
<Keyword EndOffset="14787" SrcFileId="30" StartOffset="14785"/>
<LocList>
<Loc EndOffset="14812" SrcFileId="30" StartOffset="14785"/>
</LocList>
</CondStmnt>
<BasicStmnt CovItemId="S172" CovItemPrefix="database.DatabaseInterface.java" Intrnl_Id="1527">
<LocList>
<Loc EndOffset="14951" SrcFileId="30" StartOffset="14820"/>
</LocList>
</BasicStmnt>
<BasicStmnt CovItemId="S173" CovItemPrefix="database.DatabaseInterface.java" Intrnl_Id="1528">
<LocList>
<Loc EndOffset="14986" SrcFileId="30" StartOffset="14955"/>
</LocList>
</BasicStmnt>
<BasicStmnt CovItemId="S175" CovItemPrefix="database.DatabaseInterface.java" Intrnl_Id="1529">
<LocList>
<Loc EndOffset="15071" SrcFileId="30" StartOffset="15002"/>
</LocList>
</BasicStmnt>
<BasicStmnt CovItemId="S176" CovItemPrefix="database.DatabaseInterface.java" Intrnl_Id="1530">
<LocList>
<Loc EndOffset="15103" SrcFileId="30" StartOffset="15075"/>
</LocList>
</BasicStmnt>
<BasicStmnt CovItemId="S177" CovItemPrefix="database.DatabaseInterface.java" Intrnl_Id="1531">
<LocList>
<Loc EndOffset="15135" SrcFileId="30" StartOffset="15107"/>
</LocList>
</BasicStmnt>
<BasicStmnt CovItemId="S178" CovItemPrefix="database.DatabaseInterface.java" Intrnl_Id="1532">
<LocList>
<Loc EndOffset="15162" SrcFileId="30" StartOffset="15143"/>
</LocList>
</BasicStmnt>
<BasicStmnt CovItemId="S179" CovItemPrefix="database.DatabaseInterface.java" Intrnl_Id="1533">
<LocList>
<Loc EndOffset="15215" SrcFileId="30" StartOffset="15170"/>
</LocList>
</BasicStmnt>
<BasicStmnt CovItemId="S180" CovItemPrefix="database.DatabaseInterface.java" Intrnl_Id="1534">
<LocList>
<Loc EndOffset="15235" SrcFileId="30" StartOffset="15223"/>
</LocList>
</BasicStmnt>
<CondStmnt CovItemId="S181" CovItemPrefix="database.DatabaseInterface.java" Intrnl_Id="1535">
<Branch CovItemId="B51" CovItemPrefix="database.DatabaseInterface.java" Implct="false" Intrnl_Id="1536">
<Cond/>
<LocList>
<Loc EndOffset="15277" SrcFileId="30" StartOffset="15258"/>
</LocList>
<StmntSeq Intrnl_Id="1537">
<LocList>
<Loc EndOffset="15277" SrcFileId="30" StartOffset="15258"/>
</LocList>
<BasicStmnt CovItemId="S182" CovItemPrefix="database.DatabaseInterface.java" Intrnl_Id="1538">
<LocList>
<Loc EndOffset="15277" SrcFileId="30" StartOffset="15258"/>
</LocList>
</BasicStmnt>
</StmntSeq>
</Branch>
<Branch CovItemId="B52" CovItemPrefix="database.DatabaseInterface.java" Implct="false" Intrnl_Id="1539">
<Cond>
<Loc EndOffset="15336" SrcFileId="30" StartOffset="15332"/>
</Cond>
<LocList>
<Loc EndOffset="15370" SrcFileId="30" StartOffset="15341"/>
</LocList>
<StmntSeq Intrnl_Id="1540">
<LocList>
<Loc EndOffset="15370" SrcFileId="30" StartOffset="15341"/>
</LocList>
<BasicStmnt CovItemId="S183" CovItemPrefix="database.DatabaseInterface.java" Intrnl_Id="1541">
<LocList>
<Loc EndOffset="15370" SrcFileId="30" StartOffset="15341"/>
</LocList>
</BasicStmnt>
</StmntSeq>
</Branch>
<Keyword EndOffset="15241" SrcFileId="30" StartOffset="15239"/>
<LocList>
<Loc EndOffset="15370" SrcFileId="30" StartOffset="15239"/>
</LocList>
</CondStmnt>
<BasicStmnt CovItemId="S184" CovItemPrefix="database.DatabaseInterface.java" Intrnl_Id="1542">
<LocList>
<Loc EndOffset="15395" SrcFileId="30" StartOffset="15378"/>
</LocList>
</BasicStmnt>
<BasicStmnt CovItemId="S185" CovItemPrefix="database.DatabaseInterface.java" Intrnl_Id="1543">
<LocList>
<Loc EndOffset="15409" SrcFileId="30" StartOffset="15399"/>
</LocList>
</BasicStmnt>
<CondStmnt CovItemId="S174" CovItemPrefix="database.DatabaseInterface.java" Intrnl_Id="1544">
<Branch CovItemId="B50" CovItemPrefix="database.DatabaseInterface.java" Implct="true" Intrnl_Id="1545">
<Cond/>
<LocList/>
<StmntSeq Intrnl_Id="1546">
<LocList/>
</StmntSeq>
</Branch>
<Branch CovItemId="B53" CovItemPrefix="database.DatabaseInterface.java" Implct="false" Intrnl_Id="1547">
<Cond>
<Loc EndOffset="15441" SrcFileId="30" StartOffset="15419"/>
</Cond>
<LocList>
<Loc EndOffset="15534" SrcFileId="30" StartOffset="15442"/>
</LocList>
<StmntSeq Intrnl_Id="1548">
<LocList>
<Loc EndOffset="15529" SrcFileId="30" StartOffset="15448"/>
</LocList>
<BasicStmnt CovItemId="S186" CovItemPrefix="database.DatabaseInterface.java" Intrnl_Id="1549">
<LocList>
<Loc EndOffset="15529" SrcFileId="30" StartOffset="15448"/>
</LocList>
</BasicStmnt>
</StmntSeq>
</Branch>
<Keyword EndOffset="14997" SrcFileId="30" StartOffset="14994"/>
<LocList>
<Loc EndOffset="15534" SrcFileId="30" StartOffset="14994"/>
</LocList>
</CondStmnt>
</StmntSeq>
</HierarchyLvl>
<HierarchyLvl HierarchyLvlId="23709" HierarchyLvlTypeId="45" Intrnl_Id="1550" Name="getRankingQuery">
<Header>
<Loc EndOffset="15861" SrcFileId="30" StartOffset="15791"/>
</Header>
<LocList>
<Loc EndOffset="17128" SrcFileId="30" StartOffset="15791"/>
</LocList>
<StmntSeq Intrnl_Id="1551">
<LocList>
<Loc EndOffset="15958" SrcFileId="30" StartOffset="15869"/>
<Loc EndOffset="16036" SrcFileId="30" StartOffset="15962"/>
<Loc EndOffset="17102" SrcFileId="30" StartOffset="16128"/>
<Loc EndOffset="17124" SrcFileId="30" StartOffset="17112"/>
</LocList>
<BasicStmnt CovItemId="S187" CovItemPrefix="database.DatabaseInterface.java" Intrnl_Id="1552">
<LocList>
<Loc EndOffset="15958" SrcFileId="30" StartOffset="15869"/>
</LocList>
</BasicStmnt>
<BasicStmnt CovItemId="S188" CovItemPrefix="database.DatabaseInterface.java" Intrnl_Id="1553">
<LocList>
<Loc EndOffset="16036" SrcFileId="30" StartOffset="15962"/>
</LocList>
</BasicStmnt>
<BasicStmnt CovItemId="S189" CovItemPrefix="database.DatabaseInterface.java" Intrnl_Id="1554">
<LocList>
<Loc EndOffset="17102" SrcFileId="30" StartOffset="16128"/>
</LocList>
</BasicStmnt>
<BasicStmnt CovItemId="S190" CovItemPrefix="database.DatabaseInterface.java" Intrnl_Id="1555">
<LocList>
<Loc EndOffset="17124" SrcFileId="30" StartOffset="17112"/>
</LocList>
</BasicStmnt>
</StmntSeq>
</HierarchyLvl>
<HierarchyLvl HierarchyLvlId="23710" HierarchyLvlTypeId="45" Intrnl_Id="1556" Name="getRankedUsers">
<Header>
<Loc EndOffset="17653" SrcFileId="30" StartOffset="17558"/>
</Header>
<LocList>
<Loc EndOffset="18737" SrcFileId="30" StartOffset="17558"/>
</LocList>
<StmntSeq Intrnl_Id="1557">
<LocList>
<Loc EndOffset="17730" SrcFileId="30" StartOffset="17661"/>
<Loc EndOffset="17810" SrcFileId="30" StartOffset="17738"/>
<Loc EndOffset="17903" SrcFileId="30" StartOffset="17814"/>
<Loc EndOffset="18094" SrcFileId="30" StartOffset="17915"/>
<Loc EndOffset="18178" SrcFileId="30" StartOffset="18115"/>
<Loc EndOffset="18233" SrcFileId="30" StartOffset="18193"/>
<Loc EndOffset="18280" SrcFileId="30" StartOffset="18244"/>
<Loc EndOffset="18545" SrcFileId="30" StartOffset="18285"/>
<Loc EndOffset="18572" SrcFileId="30" StartOffset="18555"/>
<Loc EndOffset="18707" SrcFileId="30" StartOffset="18102"/>
<Loc EndOffset="18733" SrcFileId="30" StartOffset="18715"/>
</LocList>
<BasicStmnt CovItemId="S191" CovItemPrefix="database.DatabaseInterface.java" Intrnl_Id="1558">
<LocList>
<Loc EndOffset="17730" SrcFileId="30" StartOffset="17661"/>
</LocList>
</BasicStmnt>
<BasicStmnt CovItemId="S192" CovItemPrefix="database.DatabaseInterface.java" Intrnl_Id="1559">
<LocList>
<Loc EndOffset="17810" SrcFileId="30" StartOffset="17738"/>
</LocList>
</BasicStmnt>
<BasicStmnt CovItemId="S193" CovItemPrefix="database.DatabaseInterface.java" Intrnl_Id="1560">
<LocList>
<Loc EndOffset="17903" SrcFileId="30" StartOffset="17814"/>
</LocList>
</BasicStmnt>
<BasicStmnt CovItemId="S194" CovItemPrefix="database.DatabaseInterface.java" Intrnl_Id="1561">
<LocList>
<Loc EndOffset="18094" SrcFileId="30" StartOffset="17915"/>
</LocList>
</BasicStmnt>
<BasicStmnt CovItemId="S196" CovItemPrefix="database.DatabaseInterface.java" Intrnl_Id="1562">
<LocList>
<Loc EndOffset="18178" SrcFileId="30" StartOffset="18115"/>
</LocList>
</BasicStmnt>
<BasicStmnt CovItemId="S197" CovItemPrefix="database.DatabaseInterface.java" Intrnl_Id="1563">
<LocList>
<Loc EndOffset="18233" SrcFileId="30" StartOffset="18193"/>
</LocList>
</BasicStmnt>
<BasicStmnt CovItemId="S198" CovItemPrefix="database.DatabaseInterface.java" Intrnl_Id="1564">
<LocList>
<Loc EndOffset="18280" SrcFileId="30" StartOffset="18244"/>
</LocList>
</BasicStmnt>
<LoopStmnt CovItemId="S199" CovItemPrefix="database.DatabaseInterface.java" Intrnl_Id="1565" MltplExecId="L3-2" MltplExecPrefix="database.DatabaseInterface.java" NvrExecId="L3-0" NvrExecPrefix="database.DatabaseInterface.java" OnceExecutedId="L3-1" OnceExecutedPrefix="database.DatabaseInterface.java" OptBodyExec="true">
<StmntSeq Intrnl_Id="1566">
<LocList>
<Loc EndOffset="18358" SrcFileId="30" StartOffset="18314"/>
<Loc EndOffset="18405" SrcFileId="30" StartOffset="18364"/>
<Loc EndOffset="18483" SrcFileId="30" StartOffset="18417"/>
<Loc EndOffset="18516" SrcFileId="30" StartOffset="18495"/>
<Loc EndOffset="18539" SrcFileId="30" StartOffset="18528"/>
</LocList>
<BasicStmnt CovItemId="S200" CovItemPrefix="database.DatabaseInterface.java" Intrnl_Id="1567">
<LocList>
<Loc EndOffset="18358" SrcFileId="30" StartOffset="18314"/>
</LocList>
</BasicStmnt>
<BasicStmnt CovItemId="S201" CovItemPrefix="database.DatabaseInterface.java" Intrnl_Id="1568">
<LocList>
<Loc EndOffset="18405" SrcFileId="30" StartOffset="18364"/>
</LocList>
</BasicStmnt>
<BasicStmnt CovItemId="S202" CovItemPrefix="database.DatabaseInterface.java" Intrnl_Id="1569">
<LocList>
<Loc EndOffset="18483" SrcFileId="30" StartOffset="18417"/>
</LocList>
</BasicStmnt>
<BasicStmnt CovItemId="S203" CovItemPrefix="database.DatabaseInterface.java" Intrnl_Id="1570">
<LocList>
<Loc EndOffset="18516" SrcFileId="30" StartOffset="18495"/>
</LocList>
</BasicStmnt>
<BasicStmnt CovItemId="S204" CovItemPrefix="database.DatabaseInterface.java" Intrnl_Id="1571">
<LocList>
<Loc EndOffset="18539" SrcFileId="30" StartOffset="18528"/>
</LocList>
</BasicStmnt>
</StmntSeq>
<Keyword EndOffset="18290" SrcFileId="30" StartOffset="18285"/>
<LocList>
<Loc EndOffset="18545" SrcFileId="30" StartOffset="18285"/>
</LocList>
</LoopStmnt>
<BasicStmnt CovItemId="S205" CovItemPrefix="database.DatabaseInterface.java" Intrnl_Id="1572">
<LocList>
<Loc EndOffset="18572" SrcFileId="30" StartOffset="18555"/>
</LocList>
</BasicStmnt>
<CondStmnt CovItemId="S195" CovItemPrefix="database.DatabaseInterface.java" Intrnl_Id="1573">
<Branch CovItemId="B54" CovItemPrefix="database.DatabaseInterface.java" Implct="true" Intrnl_Id="1574">
<Cond/>
<LocList/>
<StmntSeq Intrnl_Id="1575">
<LocList/>
</StmntSeq>
</Branch>
<Branch CovItemId="B55" CovItemPrefix="database.DatabaseInterface.java" Implct="false" Intrnl_Id="1576">
<Cond>
<Loc EndOffset="18603" SrcFileId="30" StartOffset="18581"/>
</Cond>
<LocList>
<Loc EndOffset="18707" SrcFileId="30" StartOffset="18604"/>
</LocList>
<StmntSeq Intrnl_Id="1577">
<LocList>
<Loc EndOffset="18701" SrcFileId="30" StartOffset="18611"/>
</LocList>
<BasicStmnt CovItemId="S206" CovItemPrefix="database.DatabaseInterface.java" Intrnl_Id="1578">
<LocList>
<Loc EndOffset="18701" SrcFileId="30" StartOffset="18611"/>
</LocList>
</BasicStmnt>
</StmntSeq>
</Branch>
<Keyword EndOffset="18105" SrcFileId="30" StartOffset="18102"/>
<LocList>
<Loc EndOffset="18707" SrcFileId="30" StartOffset="18102"/>
</LocList>
</CondStmnt>
<BasicStmnt CovItemId="S207" CovItemPrefix="database.DatabaseInterface.java" Intrnl_Id="1579">
<LocList>
<Loc EndOffset="18733" SrcFileId="30" StartOffset="18715"/>
</LocList>
</BasicStmnt>
</StmntSeq>
</HierarchyLvl>
<HierarchyLvl HierarchyLvlId="23711" HierarchyLvlTypeId="45" Intrnl_Id="1580" Name="getUserNetMoneyRanking">
<Header>
<Loc EndOffset="19123" SrcFileId="30" StartOffset="19024"/>
</Header>
<LocList>
<Loc EndOffset="19845" SrcFileId="30" StartOffset="19024"/>
</LocList>
<StmntSeq Intrnl_Id="1581">
<LocList>
<Loc EndOffset="19202" SrcFileId="30" StartOffset="19133"/>
<Loc EndOffset="19303" SrcFileId="30" StartOffset="19206"/>
<Loc EndOffset="19379" SrcFileId="30" StartOffset="19320"/>
<Loc EndOffset="19429" SrcFileId="30" StartOffset="19389"/>
<Loc EndOffset="19691" SrcFileId="30" StartOffset="19439"/>
<Loc EndOffset="19837" SrcFileId="30" StartOffset="19307"/>
</LocList>
<BasicStmnt CovItemId="S208" CovItemPrefix="database.DatabaseInterface.java" Intrnl_Id="1582">
<LocList>
<Loc EndOffset="19202" SrcFileId="30" StartOffset="19133"/>
</LocList>
</BasicStmnt>
<BasicStmnt CovItemId="S209" CovItemPrefix="database.DatabaseInterface.java" Intrnl_Id="1583">
<LocList>
<Loc EndOffset="19303" SrcFileId="30" StartOffset="19206"/>
</LocList>
</BasicStmnt>
<BasicStmnt CovItemId="S211" CovItemPrefix="database.DatabaseInterface.java" Intrnl_Id="1584">
<LocList>
<Loc EndOffset="19379" SrcFileId="30" StartOffset="19320"/>
</LocList>
</BasicStmnt>
<BasicStmnt CovItemId="S212" CovItemPrefix="database.DatabaseInterface.java" Intrnl_Id="1585">
<LocList>
<Loc EndOffset="19429" SrcFileId="30" StartOffset="19389"/>
</LocList>
</BasicStmnt>
<CondStmnt CovItemId="S213" CovItemPrefix="database.DatabaseInterface.java" Intrnl_Id="1586">
<Branch CovItemId="B57" CovItemPrefix="database.DatabaseInterface.java" Implct="false" Intrnl_Id="1587">
<Cond/>
<LocList>
<Loc EndOffset="19541" SrcFileId="30" StartOffset="19459"/>
</LocList>
<StmntSeq Intrnl_Id="1588">
<LocList>
<Loc EndOffset="19492" SrcFileId="30" StartOffset="19466"/>
<Loc EndOffset="19515" SrcFileId="30" StartOffset="19498"/>
<Loc EndOffset="19534" SrcFileId="30" StartOffset="19521"/>
</LocList>
<BasicStmnt CovItemId="S214" CovItemPrefix="database.DatabaseInterface.java" Intrnl_Id="1589">
<LocList>
<Loc EndOffset="19492" SrcFileId="30" StartOffset="19466"/>
</LocList>
</BasicStmnt>
<BasicStmnt CovItemId="S215" CovItemPrefix="database.DatabaseInterface.java" Intrnl_Id="1590">
<LocList>
<Loc EndOffset="19515" SrcFileId="30" StartOffset="19498"/>
</LocList>
</BasicStmnt>
<BasicStmnt CovItemId="S216" CovItemPrefix="database.DatabaseInterface.java" Intrnl_Id="1591">
<LocList>
<Loc EndOffset="19534" SrcFileId="30" StartOffset="19521"/>
</LocList>
</BasicStmnt>
</StmntSeq>
</Branch>
<Branch CovItemId="B58" CovItemPrefix="database.DatabaseInterface.java" Implct="false" Intrnl_Id="1592">
<Cond>
<Loc EndOffset="19556" SrcFileId="30" StartOffset="19552"/>
</Cond>
<LocList>
<Loc EndOffset="19691" SrcFileId="30" StartOffset="19562"/>
</LocList>
<StmntSeq Intrnl_Id="1593">
<LocList>
<Loc EndOffset="19586" SrcFileId="30" StartOffset="19569"/>
<Loc EndOffset="19684" SrcFileId="30" StartOffset="19592"/>
</LocList>
<BasicStmnt CovItemId="S217" CovItemPrefix="database.DatabaseInterface.java" Intrnl_Id="1594">
<LocList>
<Loc EndOffset="19586" SrcFileId="30" StartOffset="19569"/>
</LocList>
</BasicStmnt>
<BasicStmnt CovItemId="S218" CovItemPrefix="database.DatabaseInterface.java" Intrnl_Id="1595">
<LocList>
<Loc EndOffset="19684" SrcFileId="30" StartOffset="19592"/>
</LocList>
</BasicStmnt>
</StmntSeq>
</Branch>
<Keyword EndOffset="19441" SrcFileId="30" StartOffset="19439"/>
<LocList>
<Loc EndOffset="19691" SrcFileId="30" StartOffset="19439"/>
</LocList>
</CondStmnt>
<CondStmnt CovItemId="S210" CovItemPrefix="database.DatabaseInterface.java" Intrnl_Id="1596">
<Branch CovItemId="B56" CovItemPrefix="database.DatabaseInterface.java" Implct="true" Intrnl_Id="1597">
<Cond/>
<LocList/>
<StmntSeq Intrnl_Id="1598">
<LocList/>
</StmntSeq>
</Branch>
<Branch CovItemId="B59" CovItemPrefix="database.DatabaseInterface.java" Implct="false" Intrnl_Id="1599">
<Cond>
<Loc EndOffset="19728" SrcFileId="30" StartOffset="19706"/>
</Cond>
<LocList>
<Loc EndOffset="19837" SrcFileId="30" StartOffset="19729"/>
</LocList>
<StmntSeq Intrnl_Id="1600">
<LocList>
<Loc EndOffset="19831" SrcFileId="30" StartOffset="19736"/>
</LocList>
<BasicStmnt CovItemId="S219" CovItemPrefix="database.DatabaseInterface.java" Intrnl_Id="1601">
<LocList>
<Loc EndOffset="19831" SrcFileId="30" StartOffset="19736"/>
</LocList>
</BasicStmnt>
</StmntSeq>
</Branch>
<Keyword EndOffset="19310" SrcFileId="30" StartOffset="19307"/>
<LocList>
<Loc EndOffset="19837" SrcFileId="30" StartOffset="19307"/>
</LocList>
</CondStmnt>
</StmntSeq>
</HierarchyLvl>
<HierarchyLvl HierarchyLvlId="23712" HierarchyLvlTypeId="45" Intrnl_Id="1602" Name="getUserOptimalityRanking">
<Header>
<Loc EndOffset="20157" SrcFileId="30" StartOffset="20056"/>
</Header>
<LocList>
<Loc EndOffset="20885" SrcFileId="30" StartOffset="20056"/>
</LocList>
<StmntSeq Intrnl_Id="1603">
<LocList>
<Loc EndOffset="20235" SrcFileId="30" StartOffset="20165"/>
<Loc EndOffset="20336" SrcFileId="30" StartOffset="20239"/>
<Loc EndOffset="20412" SrcFileId="30" StartOffset="20353"/>
<Loc EndOffset="20459" SrcFileId="30" StartOffset="20419"/>
<Loc EndOffset="20726" SrcFileId="30" StartOffset="20469"/>
<Loc EndOffset="20877" SrcFileId="30" StartOffset="20340"/>
</LocList>
<BasicStmnt CovItemId="S220" CovItemPrefix="database.DatabaseInterface.java" Intrnl_Id="1604">
<LocList>
<Loc EndOffset="20235" SrcFileId="30" StartOffset="20165"/>
</LocList>
</BasicStmnt>
<BasicStmnt CovItemId="S221" CovItemPrefix="database.DatabaseInterface.java" Intrnl_Id="1605">
<LocList>
<Loc EndOffset="20336" SrcFileId="30" StartOffset="20239"/>
</LocList>
</BasicStmnt>
<BasicStmnt CovItemId="S223" CovItemPrefix="database.DatabaseInterface.java" Intrnl_Id="1606">
<LocList>
<Loc EndOffset="20412" SrcFileId="30" StartOffset="20353"/>
</LocList>
</BasicStmnt>
<BasicStmnt CovItemId="S224" CovItemPrefix="database.DatabaseInterface.java" Intrnl_Id="1607">
<LocList>
<Loc EndOffset="20459" SrcFileId="30" StartOffset="20419"/>
</LocList>
</BasicStmnt>
<CondStmnt CovItemId="S225" CovItemPrefix="database.DatabaseInterface.java" Intrnl_Id="1608">
<Branch CovItemId="B61" CovItemPrefix="database.DatabaseInterface.java" Implct="false" Intrnl_Id="1609">
<Cond/>
<LocList>
<Loc EndOffset="20571" SrcFileId="30" StartOffset="20489"/>
</LocList>
<StmntSeq Intrnl_Id="1610">
<LocList>
<Loc EndOffset="20522" SrcFileId="30" StartOffset="20496"/>
<Loc EndOffset="20545" SrcFileId="30" StartOffset="20528"/>
<Loc EndOffset="20564" SrcFileId="30" StartOffset="20551"/>
</LocList>
<BasicStmnt CovItemId="S226" CovItemPrefix="database.DatabaseInterface.java" Intrnl_Id="1611">
<LocList>
<Loc EndOffset="20522" SrcFileId="30" StartOffset="20496"/>
</LocList>
</BasicStmnt>
<BasicStmnt CovItemId="S227" CovItemPrefix="database.DatabaseInterface.java" Intrnl_Id="1612">
<LocList>
<Loc EndOffset="20545" SrcFileId="30" StartOffset="20528"/>
</LocList>
</BasicStmnt>
<BasicStmnt CovItemId="S228" CovItemPrefix="database.DatabaseInterface.java" Intrnl_Id="1613">
<LocList>
<Loc EndOffset="20564" SrcFileId="30" StartOffset="20551"/>
</LocList>
</BasicStmnt>
</StmntSeq>
</Branch>
<Branch CovItemId="B62" CovItemPrefix="database.DatabaseInterface.java" Implct="false" Intrnl_Id="1614">
<Cond>
<Loc EndOffset="20586" SrcFileId="30" StartOffset="20582"/>
</Cond>
<LocList>
<Loc EndOffset="20726" SrcFileId="30" StartOffset="20592"/>
</LocList>
<StmntSeq Intrnl_Id="1615">
<LocList>
<Loc EndOffset="20616" SrcFileId="30" StartOffset="20599"/>
<Loc EndOffset="20719" SrcFileId="30" StartOffset="20622"/>
</LocList>
<BasicStmnt CovItemId="S229" CovItemPrefix="database.DatabaseInterface.java" Intrnl_Id="1616">
<LocList>
<Loc EndOffset="20616" SrcFileId="30" StartOffset="20599"/>
</LocList>
</BasicStmnt>
<BasicStmnt CovItemId="S230" CovItemPrefix="database.DatabaseInterface.java" Intrnl_Id="1617">
<LocList>
<Loc EndOffset="20719" SrcFileId="30" StartOffset="20622"/>
</LocList>
</BasicStmnt>
</StmntSeq>
</Branch>
<Keyword EndOffset="20471" SrcFileId="30" StartOffset="20469"/>
<LocList>
<Loc EndOffset="20726" SrcFileId="30" StartOffset="20469"/>
</LocList>
</CondStmnt>
<CondStmnt CovItemId="S222" CovItemPrefix="database.DatabaseInterface.java" Intrnl_Id="1618">
<Branch CovItemId="B60" CovItemPrefix="database.DatabaseInterface.java" Implct="true" Intrnl_Id="1619">
<Cond/>
<LocList/>
<StmntSeq Intrnl_Id="1620">
<LocList/>
</StmntSeq>
</Branch>
<Branch CovItemId="B63" CovItemPrefix="database.DatabaseInterface.java" Implct="false" Intrnl_Id="1621">
<Cond>
<Loc EndOffset="20763" SrcFileId="30" StartOffset="20741"/>
</Cond>
<LocList>
<Loc EndOffset="20877" SrcFileId="30" StartOffset="20764"/>
</LocList>
<StmntSeq Intrnl_Id="1622">
<LocList>
<Loc EndOffset="20871" SrcFileId="30" StartOffset="20771"/>
</LocList>
<BasicStmnt CovItemId="S231" CovItemPrefix="database.DatabaseInterface.java" Intrnl_Id="1623">
<LocList>
<Loc EndOffset="20871" SrcFileId="30" StartOffset="20771"/>
</LocList>
</BasicStmnt>
</StmntSeq>
</Branch>
<Keyword EndOffset="20343" SrcFileId="30" StartOffset="20340"/>
<LocList>
<Loc EndOffset="20877" SrcFileId="30" StartOffset="20340"/>
</LocList>
</CondStmnt>
</StmntSeq>
</HierarchyLvl>
<HierarchyLvl HierarchyLvlId="23713" HierarchyLvlTypeId="45" Intrnl_Id="1624" Name="updateUsersNetMoney">
<Header>
<Loc EndOffset="21354" SrcFileId="30" StartOffset="21243"/>
</Header>
<LocList>
<Loc EndOffset="21925" SrcFileId="30" StartOffset="21243"/>
</LocList>
<StmntSeq Intrnl_Id="1625">
<LocList>
<Loc EndOffset="21428" SrcFileId="30" StartOffset="21362"/>
<Loc EndOffset="21547" SrcFileId="30" StartOffset="21432"/>
<Loc EndOffset="21641" SrcFileId="30" StartOffset="21568"/>
<Loc EndOffset="21694" SrcFileId="30" StartOffset="21651"/>
<Loc EndOffset="21728" SrcFileId="30" StartOffset="21699"/>
<Loc EndOffset="21757" SrcFileId="30" StartOffset="21738"/>
<Loc EndOffset="21779" SrcFileId="30" StartOffset="21762"/>
<Loc EndOffset="21917" SrcFileId="30" StartOffset="21555"/>
</LocList>
<BasicStmnt CovItemId="S232" CovItemPrefix="database.DatabaseInterface.java" Intrnl_Id="1626">
<LocList>
<Loc EndOffset="21428" SrcFileId="30" StartOffset="21362"/>
</LocList>
</BasicStmnt>
<BasicStmnt CovItemId="S233" CovItemPrefix="database.DatabaseInterface.java" Intrnl_Id="1627">
<LocList>
<Loc EndOffset="21547" SrcFileId="30" StartOffset="21432"/>
</LocList>
</BasicStmnt>
<BasicStmnt CovItemId="S235" CovItemPrefix="database.DatabaseInterface.java" Intrnl_Id="1628">
<LocList>
<Loc EndOffset="21641" SrcFileId="30" StartOffset="21568"/>
</LocList>
</BasicStmnt>
<BasicStmnt CovItemId="S236" CovItemPrefix="database.DatabaseInterface.java" Intrnl_Id="1629">
<LocList>
<Loc EndOffset="21694" SrcFileId="30" StartOffset="21651"/>
</LocList>
</BasicStmnt>
<BasicStmnt CovItemId="S237" CovItemPrefix="database.DatabaseInterface.java" Intrnl_Id="1630">
<LocList>
<Loc EndOffset="21728" SrcFileId="30" StartOffset="21699"/>
</LocList>
</BasicStmnt>
<BasicStmnt CovItemId="S238" CovItemPrefix="database.DatabaseInterface.java" Intrnl_Id="1631">
<LocList>
<Loc EndOffset="21757" SrcFileId="30" StartOffset="21738"/>
</LocList>
</BasicStmnt>
<BasicStmnt CovItemId="S239" CovItemPrefix="database.DatabaseInterface.java" Intrnl_Id="1632">
<LocList>
<Loc EndOffset="21779" SrcFileId="30" StartOffset="21762"/>
</LocList>
</BasicStmnt>
<CondStmnt CovItemId="S234" CovItemPrefix="database.DatabaseInterface.java" Intrnl_Id="1633">
<Branch CovItemId="B64" CovItemPrefix="database.DatabaseInterface.java" Implct="true" Intrnl_Id="1634">
<Cond/>
<LocList/>
<StmntSeq Intrnl_Id="1635">
<LocList/>
</StmntSeq>
</Branch>
<Branch CovItemId="B65" CovItemPrefix="database.DatabaseInterface.java" Implct="false" Intrnl_Id="1636">
<Cond>
<Loc EndOffset="21813" SrcFileId="30" StartOffset="21791"/>
</Cond>
<LocList>
<Loc EndOffset="21917" SrcFileId="30" StartOffset="21814"/>
</LocList>
<StmntSeq Intrnl_Id="1637">
<LocList>
<Loc EndOffset="21911" SrcFileId="30" StartOffset="21821"/>
</LocList>
<BasicStmnt CovItemId="S240" CovItemPrefix="database.DatabaseInterface.java" Intrnl_Id="1638">
<LocList>
<Loc EndOffset="21911" SrcFileId="30" StartOffset="21821"/>
</LocList>
</BasicStmnt>
</StmntSeq>
</Branch>
<Keyword EndOffset="21558" SrcFileId="30" StartOffset="21555"/>
<LocList>
<Loc EndOffset="21917" SrcFileId="30" StartOffset="21555"/>
</LocList>
</CondStmnt>
</StmntSeq>
</HierarchyLvl>
<HierarchyLvl HierarchyLvlId="23714" HierarchyLvlTypeId="45" Intrnl_Id="1639" Name="updateRankCacheDate">
<Header>
<Loc EndOffset="22013" SrcFileId="30" StartOffset="21931"/>
</Header>
<LocList>
<Loc EndOffset="22495" SrcFileId="30" StartOffset="21931"/>
</LocList>
<StmntSeq Intrnl_Id="1640">
<LocList>
<Loc EndOffset="22157" SrcFileId="30" StartOffset="22022"/>
<Loc EndOffset="22244" SrcFileId="30" StartOffset="22178"/>
<Loc EndOffset="22301" SrcFileId="30" StartOffset="22256"/>
<Loc EndOffset="22332" SrcFileId="30" StartOffset="22313"/>
<Loc EndOffset="22361" SrcFileId="30" StartOffset="22344"/>
<Loc EndOffset="22489" SrcFileId="30" StartOffset="22167"/>
</LocList>
<BasicStmnt CovItemId="S241" CovItemPrefix="database.DatabaseInterface.java" Intrnl_Id="1641">
<LocList>
<Loc EndOffset="22157" SrcFileId="30" StartOffset="22022"/>
</LocList>
</BasicStmnt>
<BasicStmnt CovItemId="S243" CovItemPrefix="database.DatabaseInterface.java" Intrnl_Id="1642">
<LocList>
<Loc EndOffset="22244" SrcFileId="30" StartOffset="22178"/>
</LocList>
</BasicStmnt>
<BasicStmnt CovItemId="S244" CovItemPrefix="database.DatabaseInterface.java" Intrnl_Id="1643">
<LocList>
<Loc EndOffset="22301" SrcFileId="30" StartOffset="22256"/>
</LocList>
</BasicStmnt>
<BasicStmnt CovItemId="S245" CovItemPrefix="database.DatabaseInterface.java" Intrnl_Id="1644">
<LocList>
<Loc EndOffset="22332" SrcFileId="30" StartOffset="22313"/>
</LocList>
</BasicStmnt>
<BasicStmnt CovItemId="S246" CovItemPrefix="database.DatabaseInterface.java" Intrnl_Id="1645">
<LocList>
<Loc EndOffset="22361" SrcFileId="30" StartOffset="22344"/>
</LocList>
</BasicStmnt>
<CondStmnt CovItemId="S242" CovItemPrefix="database.DatabaseInterface.java" Intrnl_Id="1646">
<Branch CovItemId="B66" CovItemPrefix="database.DatabaseInterface.java" Implct="true" Intrnl_Id="1647">
<Cond/>
<LocList/>
<StmntSeq Intrnl_Id="1648">
<LocList/>
</StmntSeq>
</Branch>
<Branch CovItemId="B67" CovItemPrefix="database.DatabaseInterface.java" Implct="false" Intrnl_Id="1649">
<Cond>
<Loc EndOffset="22390" SrcFileId="30" StartOffset="22368"/>
</Cond>
<LocList>
<Loc EndOffset="22489" SrcFileId="30" StartOffset="22391"/>
</LocList>
<StmntSeq Intrnl_Id="1650">
<LocList>
<Loc EndOffset="22483" SrcFileId="30" StartOffset="22398"/>
</LocList>
<BasicStmnt CovItemId="S247" CovItemPrefix="database.DatabaseInterface.java" Intrnl_Id="1651">
<LocList>
<Loc EndOffset="22483" SrcFileId="30" StartOffset="22398"/>
</LocList>
</BasicStmnt>
</StmntSeq>
</Branch>
<Keyword EndOffset="22170" SrcFileId="30" StartOffset="22167"/>
<LocList>
<Loc EndOffset="22489" SrcFileId="30" StartOffset="22167"/>
</LocList>
</CondStmnt>
</StmntSeq>
</HierarchyLvl>
<HierarchyLvl HierarchyLvlId="23715" HierarchyLvlTypeId="45" Intrnl_Id="1652" Name="isRankCacheCurrent">
<Header>
<Loc EndOffset="22585" SrcFileId="30" StartOffset="22501"/>
</Header>
<LocList>
<Loc EndOffset="23250" SrcFileId="30" StartOffset="22501"/>
</LocList>
<StmntSeq Intrnl_Id="1653">
<LocList>
<Loc EndOffset="22620" SrcFileId="30" StartOffset="22594"/>
<Loc EndOffset="22775" SrcFileId="30" StartOffset="22625"/>
<Loc EndOffset="22862" SrcFileId="30" StartOffset="22796"/>
<Loc EndOffset="22919" SrcFileId="30" StartOffset="22874"/>
<Loc EndOffset="22974" SrcFileId="30" StartOffset="22931"/>
<Loc EndOffset="23057" SrcFileId="30" StartOffset="22986"/>
<Loc EndOffset="23086" SrcFileId="30" StartOffset="23069"/>
<Loc EndOffset="23217" SrcFileId="30" StartOffset="22785"/>
<Loc EndOffset="23244" SrcFileId="30" StartOffset="23227"/>
</LocList>
<BasicStmnt CovItemId="S248" CovItemPrefix="database.DatabaseInterface.java" Intrnl_Id="1654">
<LocList>
<Loc EndOffset="22620" SrcFileId="30" StartOffset="22594"/>
</LocList>
</BasicStmnt>
<BasicStmnt CovItemId="S249" CovItemPrefix="database.DatabaseInterface.java" Intrnl_Id="1655">
<LocList>
<Loc EndOffset="22775" SrcFileId="30" StartOffset="22625"/>
</LocList>
</BasicStmnt>
<BasicStmnt CovItemId="S251" CovItemPrefix="database.DatabaseInterface.java" Intrnl_Id="1656">
<LocList>
<Loc EndOffset="22862" SrcFileId="30" StartOffset="22796"/>
</LocList>
</BasicStmnt>
<BasicStmnt CovItemId="S252" CovItemPrefix="database.DatabaseInterface.java" Intrnl_Id="1657">
<LocList>
<Loc EndOffset="22919" SrcFileId="30" StartOffset="22874"/>
</LocList>
</BasicStmnt>
<BasicStmnt CovItemId="S253" CovItemPrefix="database.DatabaseInterface.java" Intrnl_Id="1658">
<LocList>
<Loc EndOffset="22974" SrcFileId="30" StartOffset="22931"/>
</LocList>
</BasicStmnt>
<CondStmnt CovItemId="S254" CovItemPrefix="database.DatabaseInterface.java" Intrnl_Id="1659">
<Branch CovItemId="B69" CovItemPrefix="database.DatabaseInterface.java" Implct="false" Intrnl_Id="1660">
<Cond/>
<LocList>
<Loc EndOffset="23057" SrcFileId="30" StartOffset="23009"/>
</LocList>
<StmntSeq Intrnl_Id="1661">
<LocList>
<Loc EndOffset="23050" SrcFileId="30" StartOffset="23017"/>
</LocList>
<BasicStmnt CovItemId="S255" CovItemPrefix="database.DatabaseInterface.java" Intrnl_Id="1662">
<LocList>
<Loc EndOffset="23050" SrcFileId="30" StartOffset="23017"/>
</LocList>
</BasicStmnt>
</StmntSeq>
</Branch>
<Branch CovItemId="B70" CovItemPrefix="database.DatabaseInterface.java" Implct="true" Intrnl_Id="1663">
<Cond/>
<LocList/>
<StmntSeq Intrnl_Id="1664">
<LocList/>
</StmntSeq>
</Branch>
<Keyword EndOffset="22988" SrcFileId="30" StartOffset="22986"/>
<LocList>
<Loc EndOffset="23057" SrcFileId="30" StartOffset="22986"/>
</LocList>
</CondStmnt>
<BasicStmnt CovItemId="S256" CovItemPrefix="database.DatabaseInterface.java" Intrnl_Id="1665">
<LocList>
<Loc EndOffset="23086" SrcFileId="30" StartOffset="23069"/>
</LocList>
</BasicStmnt>
<CondStmnt CovItemId="S250" CovItemPrefix="database.DatabaseInterface.java" Intrnl_Id="1666">
<Branch CovItemId="B68" CovItemPrefix="database.DatabaseInterface.java" Implct="true" Intrnl_Id="1667">
<Cond/>
<LocList/>
<StmntSeq Intrnl_Id="1668">
<LocList/>
</StmntSeq>
</Branch>
<Branch CovItemId="B71" CovItemPrefix="database.DatabaseInterface.java" Implct="false" Intrnl_Id="1669">
<Cond>
<Loc EndOffset="23118" SrcFileId="30" StartOffset="23096"/>
</Cond>
<LocList>
<Loc EndOffset="23217" SrcFileId="30" StartOffset="23119"/>
</LocList>
<StmntSeq Intrnl_Id="1670">
<LocList>
<Loc EndOffset="23211" SrcFileId="30" StartOffset="23126"/>
</LocList>
<BasicStmnt CovItemId="S257" CovItemPrefix="database.DatabaseInterface.java" Intrnl_Id="1671">
<LocList>
<Loc EndOffset="23211" SrcFileId="30" StartOffset="23126"/>
</LocList>
</BasicStmnt>
</StmntSeq>
</Branch>
<Keyword EndOffset="22788" SrcFileId="30" StartOffset="22785"/>
<LocList>
<Loc EndOffset="23217" SrcFileId="30" StartOffset="22785"/>
</LocList>
</CondStmnt>
<BasicStmnt CovItemId="S258" CovItemPrefix="database.DatabaseInterface.java" Intrnl_Id="1672">
<LocList>
<Loc EndOffset="23244" SrcFileId="30" StartOffset="23227"/>
</LocList>
</BasicStmnt>
</StmntSeq>
</HierarchyLvl>
<HierarchyLvl HierarchyLvlId="23716" HierarchyLvlTypeId="45" Intrnl_Id="1673" Name="updateUsersOptimality">
<Header>
<Loc EndOffset="23735" SrcFileId="30" StartOffset="23617"/>
</Header>
<LocList>
<Loc EndOffset="24313" SrcFileId="30" StartOffset="23617"/>
</LocList>
<StmntSeq Intrnl_Id="1674">
<LocList>
<Loc EndOffset="23810" SrcFileId="30" StartOffset="23743"/>
<Loc EndOffset="23929" SrcFileId="30" StartOffset="23814"/>
<Loc EndOffset="24023" SrcFileId="30" StartOffset="23950"/>
<Loc EndOffset="24076" SrcFileId="30" StartOffset="24033"/>
<Loc EndOffset="24115" SrcFileId="30" StartOffset="24081"/>
<Loc EndOffset="24144" SrcFileId="30" StartOffset="24125"/>
<Loc EndOffset="24166" SrcFileId="30" StartOffset="24149"/>
<Loc EndOffset="24305" SrcFileId="30" StartOffset="23937"/>
</LocList>
<BasicStmnt CovItemId="S259" CovItemPrefix="database.DatabaseInterface.java" Intrnl_Id="1675">
<LocList>
<Loc EndOffset="23810" SrcFileId="30" StartOffset="23743"/>
</LocList>
</BasicStmnt>
<BasicStmnt CovItemId="S260" CovItemPrefix="database.DatabaseInterface.java" Intrnl_Id="1676">
<LocList>
<Loc EndOffset="23929" SrcFileId="30" StartOffset="23814"/>
</LocList>
</BasicStmnt>
<BasicStmnt CovItemId="S262" CovItemPrefix="database.DatabaseInterface.java" Intrnl_Id="1677">
<LocList>
<Loc EndOffset="24023" SrcFileId="30" StartOffset="23950"/>
</LocList>
</BasicStmnt>
<BasicStmnt CovItemId="S263" CovItemPrefix="database.DatabaseInterface.java" Intrnl_Id="1678">
<LocList>
<Loc EndOffset="24076" SrcFileId="30" StartOffset="24033"/>
</LocList>
</BasicStmnt>
<BasicStmnt CovItemId="S264" CovItemPrefix="database.DatabaseInterface.java" Intrnl_Id="1679">
<LocList>
<Loc EndOffset="24115" SrcFileId="30" StartOffset="24081"/>
</LocList>
</BasicStmnt>
<BasicStmnt CovItemId="S265" CovItemPrefix="database.DatabaseInterface.java" Intrnl_Id="1680">
<LocList>
<Loc EndOffset="24144" SrcFileId="30" StartOffset="24125"/>
</LocList>
</BasicStmnt>
<BasicStmnt CovItemId="S266" CovItemPrefix="database.DatabaseInterface.java" Intrnl_Id="1681">
<LocList>
<Loc EndOffset="24166" SrcFileId="30" StartOffset="24149"/>
</LocList>
</BasicStmnt>
<CondStmnt CovItemId="S261" CovItemPrefix="database.DatabaseInterface.java" Intrnl_Id="1682">
<Branch CovItemId="B72" CovItemPrefix="database.DatabaseInterface.java" Implct="true" Intrnl_Id="1683">
<Cond/>
<LocList/>
<StmntSeq Intrnl_Id="1684">
<LocList/>
</StmntSeq>
</Branch>
<Branch CovItemId="B73" CovItemPrefix="database.DatabaseInterface.java" Implct="false" Intrnl_Id="1685">
<Cond>
<Loc EndOffset="24200" SrcFileId="30" StartOffset="24178"/>
</Cond>
<LocList>
<Loc EndOffset="24305" SrcFileId="30" StartOffset="24201"/>
</LocList>
<StmntSeq Intrnl_Id="1686">
<LocList>
<Loc EndOffset="24299" SrcFileId="30" StartOffset="24208"/>
</LocList>
<BasicStmnt CovItemId="S267" CovItemPrefix="database.DatabaseInterface.java" Intrnl_Id="1687">
<LocList>
<Loc EndOffset="24299" SrcFileId="30" StartOffset="24208"/>
</LocList>
</BasicStmnt>
</StmntSeq>
</Branch>
<Keyword EndOffset="23940" SrcFileId="30" StartOffset="23937"/>
<LocList>
<Loc EndOffset="24305" SrcFileId="30" StartOffset="23937"/>
</LocList>
</CondStmnt>
</StmntSeq>
</HierarchyLvl>
<HierarchyLvl HierarchyLvlId="23717" HierarchyLvlTypeId="45" Intrnl_Id="1688" Name="getMoneyGenerated">
<Header>
<Loc EndOffset="24730" SrcFileId="30" StartOffset="24636"/>
</Header>
<LocList>
<Loc EndOffset="25430" SrcFileId="30" StartOffset="24636"/>
</LocList>
<StmntSeq Intrnl_Id="1689">
<LocList>
<Loc EndOffset="24767" SrcFileId="30" StartOffset="24738"/>
<Loc EndOffset="24861" SrcFileId="30" StartOffset="24775"/>
<Loc EndOffset="25000" SrcFileId="30" StartOffset="24869"/>
<Loc EndOffset="25076" SrcFileId="30" StartOffset="25017"/>
<Loc EndOffset="25124" SrcFileId="30" StartOffset="25084"/>
<Loc EndOffset="25172" SrcFileId="30" StartOffset="25132"/>
<Loc EndOffset="25190" SrcFileId="30" StartOffset="25176"/>
<Loc EndOffset="25249" SrcFileId="30" StartOffset="25198"/>
<Loc EndOffset="25274" SrcFileId="30" StartOffset="25257"/>
<Loc EndOffset="25291" SrcFileId="30" StartOffset="25278"/>
<Loc EndOffset="25426" SrcFileId="30" StartOffset="25006"/>
</LocList>
<BasicStmnt CovItemId="S268" CovItemPrefix="database.DatabaseInterface.java" Intrnl_Id="1690">
<LocList>
<Loc EndOffset="24767" SrcFileId="30" StartOffset="24738"/>
</LocList>
</BasicStmnt>
<CondStmnt CovItemId="S269" CovItemPrefix="database.DatabaseInterface.java" Intrnl_Id="1691">
<Branch CovItemId="B74" CovItemPrefix="database.DatabaseInterface.java" Implct="false" Intrnl_Id="1692">
<Cond/>
<LocList>
<Loc EndOffset="24861" SrcFileId="30" StartOffset="24797"/>
</LocList>
<StmntSeq Intrnl_Id="1693">
<LocList>
<Loc EndOffset="24861" SrcFileId="30" StartOffset="24797"/>
</LocList>
<BasicStmnt CovItemId="S270" CovItemPrefix="database.DatabaseInterface.java" Intrnl_Id="1694">
<LocList>
<Loc EndOffset="24861" SrcFileId="30" StartOffset="24797"/>
</LocList>
</BasicStmnt>
</StmntSeq>
</Branch>
<Branch CovItemId="B75" CovItemPrefix="database.DatabaseInterface.java" Implct="true" Intrnl_Id="1695">
<Cond/>
<LocList/>
<StmntSeq Intrnl_Id="1696">
<LocList/>
</StmntSeq>
</Branch>
<Keyword EndOffset="24777" SrcFileId="30" StartOffset="24775"/>
<LocList>
<Loc EndOffset="24861" SrcFileId="30" StartOffset="24775"/>
</LocList>
</CondStmnt>
<BasicStmnt CovItemId="S271" CovItemPrefix="database.DatabaseInterface.java" Intrnl_Id="1697">
<LocList>
<Loc EndOffset="25000" SrcFileId="30" StartOffset="24869"/>
</LocList>
</BasicStmnt>
<BasicStmnt CovItemId="S273" CovItemPrefix="database.DatabaseInterface.java" Intrnl_Id="1698">
<LocList>
<Loc EndOffset="25076" SrcFileId="30" StartOffset="25017"/>
</LocList>
</BasicStmnt>
<BasicStmnt CovItemId="S274" CovItemPrefix="database.DatabaseInterface.java" Intrnl_Id="1699">
<LocList>
<Loc EndOffset="25124" SrcFileId="30" StartOffset="25084"/>
</LocList>
</BasicStmnt>
<BasicStmnt CovItemId="S275" CovItemPrefix="database.DatabaseInterface.java" Intrnl_Id="1700">
<LocList>
<Loc EndOffset="25172" SrcFileId="30" StartOffset="25132"/>
</LocList>
</BasicStmnt>
<BasicStmnt CovItemId="S276" CovItemPrefix="database.DatabaseInterface.java" Intrnl_Id="1701">
<LocList>
<Loc EndOffset="25190" SrcFileId="30" StartOffset="25176"/>
</LocList>
</BasicStmnt>
<CondStmnt CovItemId="S277" CovItemPrefix="database.DatabaseInterface.java" Intrnl_Id="1702">
<Branch CovItemId="B77" CovItemPrefix="database.DatabaseInterface.java" Implct="false" Intrnl_Id="1703">
<Cond/>
<LocList>
<Loc EndOffset="25249" SrcFileId="30" StartOffset="25216"/>
</LocList>
<StmntSeq Intrnl_Id="1704">
<LocList>
<Loc EndOffset="25244" SrcFileId="30" StartOffset="25222"/>
</LocList>
<BasicStmnt CovItemId="S278" CovItemPrefix="database.DatabaseInterface.java" Intrnl_Id="1705">
<LocList>
<Loc EndOffset="25244" SrcFileId="30" StartOffset="25222"/>
</LocList>
</BasicStmnt>
</StmntSeq>
</Branch>
<Branch CovItemId="B78" CovItemPrefix="database.DatabaseInterface.java" Implct="true" Intrnl_Id="1706">
<Cond/>
<LocList/>
<StmntSeq Intrnl_Id="1707">
<LocList/>
</StmntSeq>
</Branch>
<Keyword EndOffset="25200" SrcFileId="30" StartOffset="25198"/>
<LocList>
<Loc EndOffset="25249" SrcFileId="30" StartOffset="25198"/>
</LocList>
</CondStmnt>
<BasicStmnt CovItemId="S279" CovItemPrefix="database.DatabaseInterface.java" Intrnl_Id="1708">
<LocList>
<Loc EndOffset="25274" SrcFileId="30" StartOffset="25257"/>
</LocList>
</BasicStmnt>
<BasicStmnt CovItemId="S280" CovItemPrefix="database.DatabaseInterface.java" Intrnl_Id="1709">
<LocList>
<Loc EndOffset="25291" SrcFileId="30" StartOffset="25278"/>
</LocList>
</BasicStmnt>
<CondStmnt CovItemId="S272" CovItemPrefix="database.DatabaseInterface.java" Intrnl_Id="1710">
<Branch CovItemId="B76" CovItemPrefix="database.DatabaseInterface.java" Implct="true" Intrnl_Id="1711">
<Cond/>
<LocList/>
<StmntSeq Intrnl_Id="1712">
<LocList/>
</StmntSeq>
</Branch>
<Branch CovItemId="B79" CovItemPrefix="database.DatabaseInterface.java" Implct="false" Intrnl_Id="1713">
<Cond>
<Loc EndOffset="25323" SrcFileId="30" StartOffset="25301"/>
</Cond>
<LocList>
<Loc EndOffset="25426" SrcFileId="30" StartOffset="25324"/>
</LocList>
<StmntSeq Intrnl_Id="1714">
<LocList>
<Loc EndOffset="25421" SrcFileId="30" StartOffset="25330"/>
</LocList>
<BasicStmnt CovItemId="S281" CovItemPrefix="database.DatabaseInterface.java" Intrnl_Id="1715">
<LocList>
<Loc EndOffset="25421" SrcFileId="30" StartOffset="25330"/>
</LocList>
</BasicStmnt>
</StmntSeq>
</Branch>
<Keyword EndOffset="25009" SrcFileId="30" StartOffset="25006"/>
<LocList>
<Loc EndOffset="25426" SrcFileId="30" StartOffset="25006"/>
</LocList>
</CondStmnt>
</StmntSeq>
</HierarchyLvl>
<HierarchyLvl HierarchyLvlId="23718" HierarchyLvlTypeId="45" Intrnl_Id="1716" Name="getGamesPlayed">
<Header>
<Loc EndOffset="25732" SrcFileId="30" StartOffset="25641"/>
</Header>
<LocList>
<Loc EndOffset="26404" SrcFileId="30" StartOffset="25641"/>
</LocList>
<StmntSeq Intrnl_Id="1717">
<LocList>
<Loc EndOffset="25769" SrcFileId="30" StartOffset="25740"/>
<Loc EndOffset="25863" SrcFileId="30" StartOffset="25777"/>
<Loc EndOffset="26022" SrcFileId="30" StartOffset="25871"/>
<Loc EndOffset="26098" SrcFileId="30" StartOffset="26039"/>
<Loc EndOffset="26146" SrcFileId="30" StartOffset="26106"/>
<Loc EndOffset="26164" SrcFileId="30" StartOffset="26150"/>
<Loc EndOffset="26223" SrcFileId="30" StartOffset="26172"/>
<Loc EndOffset="26248" SrcFileId="30" StartOffset="26231"/>
<Loc EndOffset="26265" SrcFileId="30" StartOffset="26252"/>
<Loc EndOffset="26400" SrcFileId="30" StartOffset="26028"/>
</LocList>
<BasicStmnt CovItemId="S282" CovItemPrefix="database.DatabaseInterface.java" Intrnl_Id="1718">
<LocList>
<Loc EndOffset="25769" SrcFileId="30" StartOffset="25740"/>
</LocList>
</BasicStmnt>
<CondStmnt CovItemId="S283" CovItemPrefix="database.DatabaseInterface.java" Intrnl_Id="1719">
<Branch CovItemId="B80" CovItemPrefix="database.DatabaseInterface.java" Implct="false" Intrnl_Id="1720">
<Cond/>
<LocList>
<Loc EndOffset="25863" SrcFileId="30" StartOffset="25799"/>
</LocList>
<StmntSeq Intrnl_Id="1721">
<LocList>
<Loc EndOffset="25863" SrcFileId="30" StartOffset="25799"/>
</LocList>
<BasicStmnt CovItemId="S284" CovItemPrefix="database.DatabaseInterface.java" Intrnl_Id="1722">
<LocList>
<Loc EndOffset="25863" SrcFileId="30" StartOffset="25799"/>
</LocList>
</BasicStmnt>
</StmntSeq>
</Branch>
<Branch CovItemId="B81" CovItemPrefix="database.DatabaseInterface.java" Implct="true" Intrnl_Id="1723">
<Cond/>
<LocList/>
<StmntSeq Intrnl_Id="1724">
<LocList/>
</StmntSeq>
</Branch>
<Keyword EndOffset="25779" SrcFileId="30" StartOffset="25777"/>
<LocList>
<Loc EndOffset="25863" SrcFileId="30" StartOffset="25777"/>
</LocList>
</CondStmnt>
<BasicStmnt CovItemId="S285" CovItemPrefix="database.DatabaseInterface.java" Intrnl_Id="1725">
<LocList>
<Loc EndOffset="26022" SrcFileId="30" StartOffset="25871"/>
</LocList>
</BasicStmnt>
<BasicStmnt CovItemId="S287" CovItemPrefix="database.DatabaseInterface.java" Intrnl_Id="1726">
<LocList>
<Loc EndOffset="26098" SrcFileId="30" StartOffset="26039"/>
</LocList>
</BasicStmnt>
<BasicStmnt CovItemId="S288" CovItemPrefix="database.DatabaseInterface.java" Intrnl_Id="1727">
<LocList>
<Loc EndOffset="26146" SrcFileId="30" StartOffset="26106"/>
</LocList>
</BasicStmnt>
<BasicStmnt CovItemId="S289" CovItemPrefix="database.DatabaseInterface.java" Intrnl_Id="1728">
<LocList>
<Loc EndOffset="26164" SrcFileId="30" StartOffset="26150"/>
</LocList>
</BasicStmnt>
<CondStmnt CovItemId="S290" CovItemPrefix="database.DatabaseInterface.java" Intrnl_Id="1729">
<Branch CovItemId="B83" CovItemPrefix="database.DatabaseInterface.java" Implct="false" Intrnl_Id="1730">
<Cond/>
<LocList>
<Loc EndOffset="26223" SrcFileId="30" StartOffset="26190"/>
</LocList>
<StmntSeq Intrnl_Id="1731">
<LocList>
<Loc EndOffset="26218" SrcFileId="30" StartOffset="26196"/>
</LocList>
<BasicStmnt CovItemId="S291" CovItemPrefix="database.DatabaseInterface.java" Intrnl_Id="1732">
<LocList>
<Loc EndOffset="26218" SrcFileId="30" StartOffset="26196"/>
</LocList>
</BasicStmnt>
</StmntSeq>
</Branch>
<Branch CovItemId="B84" CovItemPrefix="database.DatabaseInterface.java" Implct="true" Intrnl_Id="1733">
<Cond/>
<LocList/>
<StmntSeq Intrnl_Id="1734">
<LocList/>
</StmntSeq>
</Branch>
<Keyword EndOffset="26174" SrcFileId="30" StartOffset="26172"/>
<LocList>
<Loc EndOffset="26223" SrcFileId="30" StartOffset="26172"/>
</LocList>
</CondStmnt>
<BasicStmnt CovItemId="S292" CovItemPrefix="database.DatabaseInterface.java" Intrnl_Id="1735">
<LocList>
<Loc EndOffset="26248" SrcFileId="30" StartOffset="26231"/>
</LocList>
</BasicStmnt>
<BasicStmnt CovItemId="S293" CovItemPrefix="database.DatabaseInterface.java" Intrnl_Id="1736">
<LocList>
<Loc EndOffset="26265" SrcFileId="30" StartOffset="26252"/>
</LocList>
</BasicStmnt>
<CondStmnt CovItemId="S286" CovItemPrefix="database.DatabaseInterface.java" Intrnl_Id="1737">
<Branch CovItemId="B82" CovItemPrefix="database.DatabaseInterface.java" Implct="true" Intrnl_Id="1738">
<Cond/>
<LocList/>
<StmntSeq Intrnl_Id="1739">
<LocList/>
</StmntSeq>
</Branch>
<Branch CovItemId="B85" CovItemPrefix="database.DatabaseInterface.java" Implct="false" Intrnl_Id="1740">
<Cond>
<Loc EndOffset="26297" SrcFileId="30" StartOffset="26275"/>
</Cond>
<LocList>
<Loc EndOffset="26400" SrcFileId="30" StartOffset="26298"/>
</LocList>
<StmntSeq Intrnl_Id="1741">
<LocList>
<Loc EndOffset="26395" SrcFileId="30" StartOffset="26304"/>
</LocList>
<BasicStmnt CovItemId="S294" CovItemPrefix="database.DatabaseInterface.java" Intrnl_Id="1742">
<LocList>
<Loc EndOffset="26395" SrcFileId="30" StartOffset="26304"/>
</LocList>
</BasicStmnt>
</StmntSeq>
</Branch>
<Keyword EndOffset="26031" SrcFileId="30" StartOffset="26028"/>
<LocList>
<Loc EndOffset="26400" SrcFileId="30" StartOffset="26028"/>
</LocList>
</CondStmnt>
</StmntSeq>
</HierarchyLvl>
<HierarchyLvl HierarchyLvlId="23719" HierarchyLvlTypeId="45" Intrnl_Id="1743" Name="getGameActionsCount">
<Header>
<Loc EndOffset="26848" SrcFileId="30" StartOffset="26732"/>
</Header>
<LocList>
<Loc EndOffset="27593" SrcFileId="30" StartOffset="26732"/>
</LocList>
<StmntSeq Intrnl_Id="1744">
<LocList>
<Loc EndOffset="26885" SrcFileId="30" StartOffset="26856"/>
<Loc EndOffset="26978" SrcFileId="30" StartOffset="26893"/>
<Loc EndOffset="27137" SrcFileId="30" StartOffset="26986"/>
<Loc EndOffset="27217" SrcFileId="30" StartOffset="27158"/>
<Loc EndOffset="27268" SrcFileId="30" StartOffset="27227"/>
<Loc EndOffset="27318" SrcFileId="30" StartOffset="27278"/>
<Loc EndOffset="27337" SrcFileId="30" StartOffset="27323"/>
<Loc EndOffset="27401" SrcFileId="30" StartOffset="27347"/>
<Loc EndOffset="27428" SrcFileId="30" StartOffset="27411"/>
<Loc EndOffset="27446" SrcFileId="30" StartOffset="27433"/>
<Loc EndOffset="27585" SrcFileId="30" StartOffset="27145"/>
</LocList>
<BasicStmnt CovItemId="S295" CovItemPrefix="database.DatabaseInterface.java" Intrnl_Id="1745">
<LocList>
<Loc EndOffset="26885" SrcFileId="30" StartOffset="26856"/>
</LocList>
</BasicStmnt>
<CondStmnt CovItemId="S296" CovItemPrefix="database.DatabaseInterface.java" Intrnl_Id="1746">
<Branch CovItemId="B86" CovItemPrefix="database.DatabaseInterface.java" Implct="false" Intrnl_Id="1747">
<Cond/>
<LocList>
<Loc EndOffset="26978" SrcFileId="30" StartOffset="26915"/>
</LocList>
<StmntSeq Intrnl_Id="1748">
<LocList>
<Loc EndOffset="26978" SrcFileId="30" StartOffset="26915"/>
</LocList>
<BasicStmnt CovItemId="S297" CovItemPrefix="database.DatabaseInterface.java" Intrnl_Id="1749">
<LocList>
<Loc EndOffset="26978" SrcFileId="30" StartOffset="26915"/>
</LocList>
</BasicStmnt>
</StmntSeq>
</Branch>
<Branch CovItemId="B87" CovItemPrefix="database.DatabaseInterface.java" Implct="true" Intrnl_Id="1750">
<Cond/>
<LocList/>
<StmntSeq Intrnl_Id="1751">
<LocList/>
</StmntSeq>
</Branch>
<Keyword EndOffset="26895" SrcFileId="30" StartOffset="26893"/>
<LocList>
<Loc EndOffset="26978" SrcFileId="30" StartOffset="26893"/>
</LocList>
</CondStmnt>
<BasicStmnt CovItemId="S298" CovItemPrefix="database.DatabaseInterface.java" Intrnl_Id="1752">
<LocList>
<Loc EndOffset="27137" SrcFileId="30" StartOffset="26986"/>
</LocList>
</BasicStmnt>
<BasicStmnt CovItemId="S300" CovItemPrefix="database.DatabaseInterface.java" Intrnl_Id="1753">
<LocList>
<Loc EndOffset="27217" SrcFileId="30" StartOffset="27158"/>
</LocList>
</BasicStmnt>
<BasicStmnt CovItemId="S301" CovItemPrefix="database.DatabaseInterface.java" Intrnl_Id="1754">
<LocList>
<Loc EndOffset="27268" SrcFileId="30" StartOffset="27227"/>
</LocList>
</BasicStmnt>
<BasicStmnt CovItemId="S302" CovItemPrefix="database.DatabaseInterface.java" Intrnl_Id="1755">
<LocList>
<Loc EndOffset="27318" SrcFileId="30" StartOffset="27278"/>
</LocList>
</BasicStmnt>
<BasicStmnt CovItemId="S303" CovItemPrefix="database.DatabaseInterface.java" Intrnl_Id="1756">
<LocList>
<Loc EndOffset="27337" SrcFileId="30" StartOffset="27323"/>
</LocList>
</BasicStmnt>
<CondStmnt CovItemId="S304" CovItemPrefix="database.DatabaseInterface.java" Intrnl_Id="1757">
<Branch CovItemId="B89" CovItemPrefix="database.DatabaseInterface.java" Implct="false" Intrnl_Id="1758">
<Cond/>
<LocList>
<Loc EndOffset="27401" SrcFileId="30" StartOffset="27366"/>
</LocList>
<StmntSeq Intrnl_Id="1759">
<LocList>
<Loc EndOffset="27395" SrcFileId="30" StartOffset="27373"/>
</LocList>
<BasicStmnt CovItemId="S305" CovItemPrefix="database.DatabaseInterface.java" Intrnl_Id="1760">
<LocList>
<Loc EndOffset="27395" SrcFileId="30" StartOffset="27373"/>
</LocList>
</BasicStmnt>
</StmntSeq>
</Branch>
<Branch CovItemId="B90" CovItemPrefix="database.DatabaseInterface.java" Implct="true" Intrnl_Id="1761">
<Cond/>
<LocList/>
<StmntSeq Intrnl_Id="1762">
<LocList/>
</StmntSeq>
</Branch>
<Keyword EndOffset="27349" SrcFileId="30" StartOffset="27347"/>
<LocList>
<Loc EndOffset="27401" SrcFileId="30" StartOffset="27347"/>
</LocList>
</CondStmnt>
<BasicStmnt CovItemId="S306" CovItemPrefix="database.DatabaseInterface.java" Intrnl_Id="1763">
<LocList>
<Loc EndOffset="27428" SrcFileId="30" StartOffset="27411"/>
</LocList>
</BasicStmnt>
<BasicStmnt CovItemId="S307" CovItemPrefix="database.DatabaseInterface.java" Intrnl_Id="1764">
<LocList>
<Loc EndOffset="27446" SrcFileId="30" StartOffset="27433"/>
</LocList>
</BasicStmnt>
<CondStmnt CovItemId="S299" CovItemPrefix="database.DatabaseInterface.java" Intrnl_Id="1765">
<Branch CovItemId="B88" CovItemPrefix="database.DatabaseInterface.java" Implct="true" Intrnl_Id="1766">
<Cond/>
<LocList/>
<StmntSeq Intrnl_Id="1767">
<LocList/>
</StmntSeq>
</Branch>
<Branch CovItemId="B91" CovItemPrefix="database.DatabaseInterface.java" Implct="false" Intrnl_Id="1768">
<Cond>
<Loc EndOffset="27480" SrcFileId="30" StartOffset="27458"/>
</Cond>
<LocList>
<Loc EndOffset="27585" SrcFileId="30" StartOffset="27481"/>
</LocList>
<StmntSeq Intrnl_Id="1769">
<LocList>
<Loc EndOffset="27579" SrcFileId="30" StartOffset="27488"/>
</LocList>
<BasicStmnt CovItemId="S308" CovItemPrefix="database.DatabaseInterface.java" Intrnl_Id="1770">
<LocList>
<Loc EndOffset="27579" SrcFileId="30" StartOffset="27488"/>
</LocList>
</BasicStmnt>
</StmntSeq>
</Branch>
<Keyword EndOffset="27148" SrcFileId="30" StartOffset="27145"/>
<LocList>
<Loc EndOffset="27585" SrcFileId="30" StartOffset="27145"/>
</LocList>
</CondStmnt>
</StmntSeq>
</HierarchyLvl>
<HierarchyLvl HierarchyLvlId="23720" HierarchyLvlTypeId="45" Intrnl_Id="1771" Name="getGameActionsTypedNum">
<Header>
<Loc EndOffset="28509" SrcFileId="30" StartOffset="28295"/>
</Header>
<LocList>
<Loc EndOffset="29478" SrcFileId="30" StartOffset="28295"/>
</LocList>
<StmntSeq Intrnl_Id="1772">
<LocList>
<Loc EndOffset="28539" SrcFileId="30" StartOffset="28517"/>
<Loc EndOffset="28566" SrcFileId="30" StartOffset="28543"/>
<Loc EndOffset="28599" SrcFileId="30" StartOffset="28570"/>
<Loc EndOffset="28682" SrcFileId="30" StartOffset="28607"/>
<Loc EndOffset="28779" SrcFileId="30" StartOffset="28690"/>
<Loc EndOffset="28862" SrcFileId="30" StartOffset="28787"/>
<Loc EndOffset="29077" SrcFileId="30" StartOffset="28878"/>
<Loc EndOffset="29157" SrcFileId="30" StartOffset="29098"/>
<Loc EndOffset="29207" SrcFileId="30" StartOffset="29167"/>
<Loc EndOffset="29226" SrcFileId="30" StartOffset="29212"/>
<Loc EndOffset="29290" SrcFileId="30" StartOffset="29236"/>
<Loc EndOffset="29317" SrcFileId="30" StartOffset="29300"/>
<Loc EndOffset="29335" SrcFileId="30" StartOffset="29322"/>
<Loc EndOffset="29474" SrcFileId="30" StartOffset="29085"/>
</LocList>
<BasicStmnt CovItemId="S309" CovItemPrefix="database.DatabaseInterface.java" Intrnl_Id="1773">
<LocList>
<Loc EndOffset="28539" SrcFileId="30" StartOffset="28517"/>
</LocList>
</BasicStmnt>
<BasicStmnt CovItemId="S310" CovItemPrefix="database.DatabaseInterface.java" Intrnl_Id="1774">
<LocList>
<Loc EndOffset="28566" SrcFileId="30" StartOffset="28543"/>
</LocList>
</BasicStmnt>
<BasicStmnt CovItemId="S311" CovItemPrefix="database.DatabaseInterface.java" Intrnl_Id="1775">
<LocList>
<Loc EndOffset="28599" SrcFileId="30" StartOffset="28570"/>
</LocList>
</BasicStmnt>
<CondStmnt CovItemId="S312" CovItemPrefix="database.DatabaseInterface.java" Intrnl_Id="1776">
<Branch CovItemId="B92" CovItemPrefix="database.DatabaseInterface.java" Implct="false" Intrnl_Id="1777">
<Cond/>
<LocList>
<Loc EndOffset="28682" SrcFileId="30" StartOffset="28630"/>
</LocList>
<StmntSeq Intrnl_Id="1778">
<LocList>
<Loc EndOffset="28682" SrcFileId="30" StartOffset="28630"/>
</LocList>
<BasicStmnt CovItemId="S313" CovItemPrefix="database.DatabaseInterface.java" Intrnl_Id="1779">
<LocList>
<Loc EndOffset="28682" SrcFileId="30" StartOffset="28630"/>
</LocList>
</BasicStmnt>
</StmntSeq>
</Branch>
<Branch CovItemId="B93" CovItemPrefix="database.DatabaseInterface.java" Implct="true" Intrnl_Id="1780">
<Cond/>
<LocList/>
<StmntSeq Intrnl_Id="1781">
<LocList/>
</StmntSeq>
</Branch>
<Keyword EndOffset="28609" SrcFileId="30" StartOffset="28607"/>
<LocList>
<Loc EndOffset="28682" SrcFileId="30" StartOffset="28607"/>
</LocList>
</CondStmnt>
<CondStmnt CovItemId="S314" CovItemPrefix="database.DatabaseInterface.java" Intrnl_Id="1782">
<Branch CovItemId="B94" CovItemPrefix="database.DatabaseInterface.java" Implct="false" Intrnl_Id="1783">
<Cond/>
<LocList>
<Loc EndOffset="28779" SrcFileId="30" StartOffset="28713"/>
</LocList>
<StmntSeq Intrnl_Id="1784">
<LocList>
<Loc EndOffset="28779" SrcFileId="30" StartOffset="28713"/>
</LocList>
<BasicStmnt CovItemId="S315" CovItemPrefix="database.DatabaseInterface.java" Intrnl_Id="1785">
<LocList>
<Loc EndOffset="28779" SrcFileId="30" StartOffset="28713"/>
</LocList>
</BasicStmnt>
</StmntSeq>
</Branch>
<Branch CovItemId="B95" CovItemPrefix="database.DatabaseInterface.java" Implct="true" Intrnl_Id="1786">
<Cond/>
<LocList/>
<StmntSeq Intrnl_Id="1787">
<LocList/>
</StmntSeq>
</Branch>
<Keyword EndOffset="28692" SrcFileId="30" StartOffset="28690"/>
<LocList>
<Loc EndOffset="28779" SrcFileId="30" StartOffset="28690"/>
</LocList>
</CondStmnt>
<CondStmnt CovItemId="S316" CovItemPrefix="database.DatabaseInterface.java" Intrnl_Id="1788">
<Branch CovItemId="B96" CovItemPrefix="database.DatabaseInterface.java" Implct="false" Intrnl_Id="1789">
<Cond/>
<LocList>
<Loc EndOffset="28862" SrcFileId="30" StartOffset="28812"/>
</LocList>
<StmntSeq Intrnl_Id="1790">
<LocList>
<Loc EndOffset="28862" SrcFileId="30" StartOffset="28812"/>
</LocList>
<BasicStmnt CovItemId="S317" CovItemPrefix="database.DatabaseInterface.java" Intrnl_Id="1791">
<LocList>
<Loc EndOffset="28862" SrcFileId="30" StartOffset="28812"/>
</LocList>
</BasicStmnt>
</StmntSeq>
</Branch>
<Branch CovItemId="B97" CovItemPrefix="database.DatabaseInterface.java" Implct="true" Intrnl_Id="1792">
<Cond/>
<LocList/>
<StmntSeq Intrnl_Id="1793">
<LocList/>
</StmntSeq>
</Branch>
<Keyword EndOffset="28789" SrcFileId="30" StartOffset="28787"/>
<LocList>
<Loc EndOffset="28862" SrcFileId="30" StartOffset="28787"/>
</LocList>
</CondStmnt>
<BasicStmnt CovItemId="S318" CovItemPrefix="database.DatabaseInterface.java" Intrnl_Id="1794">
<LocList>
<Loc EndOffset="29077" SrcFileId="30" StartOffset="28878"/>
</LocList>
</BasicStmnt>
<BasicStmnt CovItemId="S320" CovItemPrefix="database.DatabaseInterface.java" Intrnl_Id="1795">
<LocList>
<Loc EndOffset="29157" SrcFileId="30" StartOffset="29098"/>
</LocList>
</BasicStmnt>
<BasicStmnt CovItemId="S321" CovItemPrefix="database.DatabaseInterface.java" Intrnl_Id="1796">
<LocList>
<Loc EndOffset="29207" SrcFileId="30" StartOffset="29167"/>
</LocList>
</BasicStmnt>
<BasicStmnt CovItemId="S322" CovItemPrefix="database.DatabaseInterface.java" Intrnl_Id="1797">
<LocList>
<Loc EndOffset="29226" SrcFileId="30" StartOffset="29212"/>
</LocList>
</BasicStmnt>
<CondStmnt CovItemId="S323" CovItemPrefix="database.DatabaseInterface.java" Intrnl_Id="1798">
<Branch CovItemId="B99" CovItemPrefix="database.DatabaseInterface.java" Implct="false" Intrnl_Id="1799">
<Cond/>
<LocList>
<Loc EndOffset="29290" SrcFileId="30" StartOffset="29255"/>
</LocList>
<StmntSeq Intrnl_Id="1800">
<LocList>
<Loc EndOffset="29284" SrcFileId="30" StartOffset="29262"/>
</LocList>
<BasicStmnt CovItemId="S324" CovItemPrefix="database.DatabaseInterface.java" Intrnl_Id="1801">
<LocList>
<Loc EndOffset="29284" SrcFileId="30" StartOffset="29262"/>
</LocList>
</BasicStmnt>
</StmntSeq>
</Branch>
<Branch CovItemId="B100" CovItemPrefix="database.DatabaseInterface.java" Implct="true" Intrnl_Id="1802">
<Cond/>
<LocList/>
<StmntSeq Intrnl_Id="1803">
<LocList/>
</StmntSeq>
</Branch>
<Keyword EndOffset="29238" SrcFileId="30" StartOffset="29236"/>
<LocList>
<Loc EndOffset="29290" SrcFileId="30" StartOffset="29236"/>
</LocList>
</CondStmnt>
<BasicStmnt CovItemId="S325" CovItemPrefix="database.DatabaseInterface.java" Intrnl_Id="1804">
<LocList>
<Loc EndOffset="29317" SrcFileId="30" StartOffset="29300"/>
</LocList>
</BasicStmnt>
<BasicStmnt CovItemId="S326" CovItemPrefix="database.DatabaseInterface.java" Intrnl_Id="1805">
<LocList>
<Loc EndOffset="29335" SrcFileId="30" StartOffset="29322"/>
</LocList>
</BasicStmnt>
<CondStmnt CovItemId="S319" CovItemPrefix="database.DatabaseInterface.java" Intrnl_Id="1806">
<Branch CovItemId="B98" CovItemPrefix="database.DatabaseInterface.java" Implct="true" Intrnl_Id="1807">
<Cond/>
<LocList/>
<StmntSeq Intrnl_Id="1808">
<LocList/>
</StmntSeq>
</Branch>
<Branch CovItemId="B101" CovItemPrefix="database.DatabaseInterface.java" Implct="false" Intrnl_Id="1809">
<Cond>
<Loc EndOffset="29369" SrcFileId="30" StartOffset="29347"/>
</Cond>
<LocList>
<Loc EndOffset="29474" SrcFileId="30" StartOffset="29370"/>
</LocList>
<StmntSeq Intrnl_Id="1810">
<LocList>
<Loc EndOffset="29468" SrcFileId="30" StartOffset="29377"/>
</LocList>
<BasicStmnt CovItemId="S327" CovItemPrefix="database.DatabaseInterface.java" Intrnl_Id="1811">
<LocList>
<Loc EndOffset="29468" SrcFileId="30" StartOffset="29377"/>
</LocList>
</BasicStmnt>
</StmntSeq>
</Branch>
<Keyword EndOffset="29088" SrcFileId="30" StartOffset="29085"/>
<LocList>
<Loc EndOffset="29474" SrcFileId="30" StartOffset="29085"/>
</LocList>
</CondStmnt>
</StmntSeq>
</HierarchyLvl>
<HierarchyLvl HierarchyLvlId="23721" HierarchyLvlTypeId="45" Intrnl_Id="1812" Name="setGameOptimalityForUser">
<Header>
<Loc EndOffset="29805" SrcFileId="30" StartOffset="29685"/>
</Header>
<LocList>
<Loc EndOffset="30469" SrcFileId="30" StartOffset="29685"/>
</LocList>
<StmntSeq Intrnl_Id="1813">
<LocList>
<Loc EndOffset="29850" SrcFileId="30" StartOffset="29813"/>
<Loc EndOffset="29928" SrcFileId="30" StartOffset="29858"/>
<Loc EndOffset="30042" SrcFileId="30" StartOffset="29936"/>
<Loc EndOffset="30132" SrcFileId="30" StartOffset="30060"/>
<Loc EndOffset="30166" SrcFileId="30" StartOffset="30139"/>
<Loc EndOffset="30214" SrcFileId="30" StartOffset="30171"/>
<Loc EndOffset="30253" SrcFileId="30" StartOffset="30219"/>
<Loc EndOffset="30279" SrcFileId="30" StartOffset="30260"/>
<Loc EndOffset="30301" SrcFileId="30" StartOffset="30284"/>
<Loc EndOffset="30444" SrcFileId="30" StartOffset="30050"/>
<Loc EndOffset="30463" SrcFileId="30" StartOffset="30450"/>
</LocList>
<BasicStmnt CovItemId="S328" CovItemPrefix="database.DatabaseInterface.java" Intrnl_Id="1814">
<LocList>
<Loc EndOffset="29850" SrcFileId="30" StartOffset="29813"/>
</LocList>
</BasicStmnt>
<CondStmnt CovItemId="S329" CovItemPrefix="database.DatabaseInterface.java" Intrnl_Id="1815">
<Branch CovItemId="B102" CovItemPrefix="database.DatabaseInterface.java" Implct="false" Intrnl_Id="1816">
<Cond/>
<LocList>
<Loc EndOffset="29928" SrcFileId="30" StartOffset="29916"/>
</LocList>
<StmntSeq Intrnl_Id="1817">
<LocList>
<Loc EndOffset="29928" SrcFileId="30" StartOffset="29916"/>
</LocList>
<BasicStmnt CovItemId="S330" CovItemPrefix="database.DatabaseInterface.java" Intrnl_Id="1818">
<LocList>
<Loc EndOffset="29928" SrcFileId="30" StartOffset="29916"/>
</LocList>
</BasicStmnt>
</StmntSeq>
</Branch>
<Branch CovItemId="B103" CovItemPrefix="database.DatabaseInterface.java" Implct="true" Intrnl_Id="1819">
<Cond/>
<LocList/>
<StmntSeq Intrnl_Id="1820">
<LocList/>
</StmntSeq>
</Branch>
<Keyword EndOffset="29860" SrcFileId="30" StartOffset="29858"/>
<LocList>
<Loc EndOffset="29928" SrcFileId="30" StartOffset="29858"/>
</LocList>
</CondStmnt>
<BasicStmnt CovItemId="S331" CovItemPrefix="database.DatabaseInterface.java" Intrnl_Id="1821">
<LocList>
<Loc EndOffset="30042" SrcFileId="30" StartOffset="29936"/>
</LocList>
</BasicStmnt>
<BasicStmnt CovItemId="S333" CovItemPrefix="database.DatabaseInterface.java" Intrnl_Id="1822">
<LocList>
<Loc EndOffset="30132" SrcFileId="30" StartOffset="30060"/>
</LocList>
</BasicStmnt>
<BasicStmnt CovItemId="S334" CovItemPrefix="database.DatabaseInterface.java" Intrnl_Id="1823">
<LocList>
<Loc EndOffset="30166" SrcFileId="30" StartOffset="30139"/>
</LocList>
</BasicStmnt>
<BasicStmnt CovItemId="S335" CovItemPrefix="database.DatabaseInterface.java" Intrnl_Id="1824">
<LocList>
<Loc EndOffset="30214" SrcFileId="30" StartOffset="30171"/>
</LocList>
</BasicStmnt>
<BasicStmnt CovItemId="S336" CovItemPrefix="database.DatabaseInterface.java" Intrnl_Id="1825">
<LocList>
<Loc EndOffset="30253" SrcFileId="30" StartOffset="30219"/>
</LocList>
</BasicStmnt>
<BasicStmnt CovItemId="S337" CovItemPrefix="database.DatabaseInterface.java" Intrnl_Id="1826">
<LocList>
<Loc EndOffset="30279" SrcFileId="30" StartOffset="30260"/>
</LocList>
</BasicStmnt>
<BasicStmnt CovItemId="S338" CovItemPrefix="database.DatabaseInterface.java" Intrnl_Id="1827">
<LocList>
<Loc EndOffset="30301" SrcFileId="30" StartOffset="30284"/>
</LocList>
</BasicStmnt>
<CondStmnt CovItemId="S332" CovItemPrefix="database.DatabaseInterface.java" Intrnl_Id="1828">
<Branch CovItemId="B104" CovItemPrefix="database.DatabaseInterface.java" Implct="true" Intrnl_Id="1829">
<Cond/>
<LocList/>
<StmntSeq Intrnl_Id="1830">
<LocList/>
</StmntSeq>
</Branch>
<Branch CovItemId="B105" CovItemPrefix="database.DatabaseInterface.java" Implct="false" Intrnl_Id="1831">
<Cond>
<Loc EndOffset="30329" SrcFileId="30" StartOffset="30307"/>
</Cond>
<LocList>
<Loc EndOffset="30444" SrcFileId="30" StartOffset="30330"/>
</LocList>
<StmntSeq Intrnl_Id="1832">
<LocList>
<Loc EndOffset="30439" SrcFileId="30" StartOffset="30336"/>
</LocList>
<BasicStmnt CovItemId="S339" CovItemPrefix="database.DatabaseInterface.java" Intrnl_Id="1833">
<LocList>
<Loc EndOffset="30439" SrcFileId="30" StartOffset="30336"/>
</LocList>
</BasicStmnt>
</StmntSeq>
</Branch>
<Keyword EndOffset="30053" SrcFileId="30" StartOffset="30050"/>
<LocList>
<Loc EndOffset="30444" SrcFileId="30" StartOffset="30050"/>
</LocList>
</CondStmnt>
<BasicStmnt CovItemId="S340" CovItemPrefix="database.DatabaseInterface.java" Intrnl_Id="1834">
<LocList>
<Loc EndOffset="30463" SrcFileId="30" StartOffset="30450"/>
</LocList>
</BasicStmnt>
</StmntSeq>
</HierarchyLvl>
<HierarchyLvl HierarchyLvlId="23722" HierarchyLvlTypeId="45" Intrnl_Id="1835" Name="getUserOptimality">
<Header>
<Loc EndOffset="30754" SrcFileId="30" StartOffset="30657"/>
</Header>
<LocList>
<Loc EndOffset="31397" SrcFileId="30" StartOffset="30657"/>
</LocList>
<StmntSeq Intrnl_Id="1836">
<LocList>
<Loc EndOffset="30932" SrcFileId="30" StartOffset="30766"/>
<Loc EndOffset="31009" SrcFileId="30" StartOffset="30950"/>
<Loc EndOffset="31059" SrcFileId="30" StartOffset="31016"/>
<Loc EndOffset="31106" SrcFileId="30" StartOffset="31066"/>
<Loc EndOffset="31128" SrcFileId="30" StartOffset="31111"/>
<Loc EndOffset="31195" SrcFileId="30" StartOffset="31138"/>
<Loc EndOffset="31222" SrcFileId="30" StartOffset="31205"/>
<Loc EndOffset="31240" SrcFileId="30" StartOffset="31227"/>
<Loc EndOffset="31391" SrcFileId="30" StartOffset="30940"/>
</LocList>
<BasicStmnt CovItemId="S341" CovItemPrefix="database.DatabaseInterface.java" Intrnl_Id="1837">
<LocList>
<Loc EndOffset="30932" SrcFileId="30" StartOffset="30766"/>
</LocList>
</BasicStmnt>
<BasicStmnt CovItemId="S343" CovItemPrefix="database.DatabaseInterface.java" Intrnl_Id="1838">
<LocList>
<Loc EndOffset="31009" SrcFileId="30" StartOffset="30950"/>
</LocList>
</BasicStmnt>
<BasicStmnt CovItemId="S344" CovItemPrefix="database.DatabaseInterface.java" Intrnl_Id="1839">
<LocList>
<Loc EndOffset="31059" SrcFileId="30" StartOffset="31016"/>
</LocList>
</BasicStmnt>
<BasicStmnt CovItemId="S345" CovItemPrefix="database.DatabaseInterface.java" Intrnl_Id="1840">
<LocList>
<Loc EndOffset="31106" SrcFileId="30" StartOffset="31066"/>
</LocList>
</BasicStmnt>
<BasicStmnt CovItemId="S346" CovItemPrefix="database.DatabaseInterface.java" Intrnl_Id="1841">
<LocList>
<Loc EndOffset="31128" SrcFileId="30" StartOffset="31111"/>
</LocList>
</BasicStmnt>
<CondStmnt CovItemId="S347" CovItemPrefix="database.DatabaseInterface.java" Intrnl_Id="1842">
<Branch CovItemId="B107" CovItemPrefix="database.DatabaseInterface.java" Implct="false" Intrnl_Id="1843">
<Cond/>
<LocList>
<Loc EndOffset="31195" SrcFileId="30" StartOffset="31157"/>
</LocList>
<StmntSeq Intrnl_Id="1844">
<LocList>
<Loc EndOffset="31189" SrcFileId="30" StartOffset="31164"/>
</LocList>
<BasicStmnt CovItemId="S348" CovItemPrefix="database.DatabaseInterface.java" Intrnl_Id="1845">
<LocList>
<Loc EndOffset="31189" SrcFileId="30" StartOffset="31164"/>
</LocList>
</BasicStmnt>
</StmntSeq>
</Branch>
<Branch CovItemId="B108" CovItemPrefix="database.DatabaseInterface.java" Implct="true" Intrnl_Id="1846">
<Cond/>
<LocList/>
<StmntSeq Intrnl_Id="1847">
<LocList/>
</StmntSeq>
</Branch>
<Keyword EndOffset="31140" SrcFileId="30" StartOffset="31138"/>
<LocList>
<Loc EndOffset="31195" SrcFileId="30" StartOffset="31138"/>
</LocList>
</CondStmnt>
<BasicStmnt CovItemId="S349" CovItemPrefix="database.DatabaseInterface.java" Intrnl_Id="1848">
<LocList>
<Loc EndOffset="31222" SrcFileId="30" StartOffset="31205"/>
</LocList>
</BasicStmnt>
<BasicStmnt CovItemId="S350" CovItemPrefix="database.DatabaseInterface.java" Intrnl_Id="1849">
<LocList>
<Loc EndOffset="31240" SrcFileId="30" StartOffset="31227"/>
</LocList>
</BasicStmnt>
<CondStmnt CovItemId="S342" CovItemPrefix="database.DatabaseInterface.java" Intrnl_Id="1850">
<Branch CovItemId="B106" CovItemPrefix="database.DatabaseInterface.java" Implct="true" Intrnl_Id="1851">
<Cond/>
<LocList/>
<StmntSeq Intrnl_Id="1852">
<LocList/>
</StmntSeq>
</Branch>
<Branch CovItemId="B109" CovItemPrefix="database.DatabaseInterface.java" Implct="false" Intrnl_Id="1853">
<Cond>
<Loc EndOffset="31273" SrcFileId="30" StartOffset="31251"/>
</Cond>
<LocList>
<Loc EndOffset="31391" SrcFileId="30" StartOffset="31274"/>
</LocList>
<StmntSeq Intrnl_Id="1854">
<LocList>
<Loc EndOffset="31386" SrcFileId="30" StartOffset="31280"/>
</LocList>
<BasicStmnt CovItemId="S351" CovItemPrefix="database.DatabaseInterface.java" Intrnl_Id="1855">
<LocList>
<Loc EndOffset="31386" SrcFileId="30" StartOffset="31280"/>
</LocList>
</BasicStmnt>
</StmntSeq>
</Branch>
<Keyword EndOffset="30943" SrcFileId="30" StartOffset="30940"/>
<LocList>
<Loc EndOffset="31391" SrcFileId="30" StartOffset="30940"/>
</LocList>
</CondStmnt>
</StmntSeq>
</HierarchyLvl>
<HierarchyLvl HierarchyLvlId="23723" HierarchyLvlTypeId="45" Intrnl_Id="1856" Name="close">
<Header>
<Loc EndOffset="31422" SrcFileId="30" StartOffset="31403"/>
</Header>
<LocList>
<Loc EndOffset="31502" SrcFileId="30" StartOffset="31403"/>
</LocList>
<StmntSeq Intrnl_Id="1857">
<LocList>
<Loc EndOffset="31466" SrcFileId="30" StartOffset="31440"/>
<Loc EndOffset="31498" SrcFileId="30" StartOffset="31430"/>
</LocList>
<BasicStmnt CovItemId="S353" CovItemPrefix="database.DatabaseInterface.java" Intrnl_Id="1858">
<LocList>
<Loc EndOffset="31466" SrcFileId="30" StartOffset="31440"/>
</LocList>
</BasicStmnt>
<CondStmnt CovItemId="S352" CovItemPrefix="database.DatabaseInterface.java" Intrnl_Id="1859">
<Branch CovItemId="B110" CovItemPrefix="database.DatabaseInterface.java" Implct="true" Intrnl_Id="1860">
<Cond/>
<LocList/>
<StmntSeq Intrnl_Id="1861">
<LocList/>
</StmntSeq>
</Branch>
<Branch CovItemId="B111" CovItemPrefix="database.DatabaseInterface.java" Implct="false" Intrnl_Id="1862">
<Cond>
<Loc EndOffset="31494" SrcFileId="30" StartOffset="31472"/>
</Cond>
<LocList>
<Loc EndOffset="31498" SrcFileId="30" StartOffset="31495"/>
</LocList>
<StmntSeq Intrnl_Id="1863">
<LocList/>
</StmntSeq>
</Branch>
<Keyword EndOffset="31433" SrcFileId="30" StartOffset="31430"/>
<LocList>
<Loc EndOffset="31498" SrcFileId="30" StartOffset="31430"/>
</LocList>
</CondStmnt>
</StmntSeq>
</HierarchyLvl>
<HierarchyLvl HierarchyLvlId="23729" HierarchyLvlTypeId="44" Intrnl_Id="1864" Name="DatabaseInterfaceException">
<Header>
<Loc EndOffset="31678" SrcFileId="30" StartOffset="31614"/>
</Header>
<LocList>
<Loc EndOffset="32721" SrcFileId="30" StartOffset="31614"/>
</LocList>
<StmntSeq Intrnl_Id="1865">
<LocList>
<Loc EndOffset="31812" SrcFileId="30" StartOffset="31778"/>
</LocList>
<BasicStmnt CovItemId="S354" CovItemPrefix="database.DatabaseInterface.java" Intrnl_Id="1866">
<LocList>
<Loc EndOffset="31812" SrcFileId="30" StartOffset="31778"/>
</LocList>
</BasicStmnt>
</StmntSeq>
<HierarchyLvl HierarchyLvlId="23724" HierarchyLvlTypeId="45" Intrnl_Id="1867" Name="DatabaseInterfaceException">
<Header>
<Loc EndOffset="31891" SrcFileId="30" StartOffset="31856"/>
</Header>
<LocList>
<Loc EndOffset="31914" SrcFileId="30" StartOffset="31856"/>
</LocList>
<StmntSeq Intrnl_Id="1868">
<LocList>
<Loc EndOffset="31909" SrcFileId="30" StartOffset="31901"/>
</LocList>
<BasicStmnt CovItemId="S355" CovItemPrefix="database.DatabaseInterface.java" Intrnl_Id="1869">
<LocList>
<Loc EndOffset="31909" SrcFileId="30" StartOffset="31901"/>
</LocList>
</BasicStmnt>
</StmntSeq>
</HierarchyLvl>
<HierarchyLvl HierarchyLvlId="23725" HierarchyLvlTypeId="45" Intrnl_Id="1870" Name="DatabaseInterfaceException">
<Header>
<Loc EndOffset="32060" SrcFileId="30" StartOffset="32001"/>
</Header>
<LocList>
<Loc EndOffset="32112" SrcFileId="30" StartOffset="32001"/>
</LocList>
<StmntSeq Intrnl_Id="1871">
<LocList>
<Loc EndOffset="32085" SrcFileId="30" StartOffset="32070"/>
<Loc EndOffset="32107" SrcFileId="30" StartOffset="32090"/>
</LocList>
<BasicStmnt CovItemId="S356" CovItemPrefix="database.DatabaseInterface.java" Intrnl_Id="1872">
<LocList>
<Loc EndOffset="32085" SrcFileId="30" StartOffset="32070"/>
</LocList>
</BasicStmnt>
<BasicStmnt CovItemId="S357" CovItemPrefix="database.DatabaseInterface.java" Intrnl_Id="1873">
<LocList>
<Loc EndOffset="32107" SrcFileId="30" StartOffset="32090"/>
</LocList>
</BasicStmnt>
</StmntSeq>
</HierarchyLvl>
<HierarchyLvl HierarchyLvlId="23726" HierarchyLvlTypeId="45" Intrnl_Id="1874" Name="DatabaseInterfaceException">
<Header>
<Loc EndOffset="32374" SrcFileId="30" StartOffset="32302"/>
</Header>
<LocList>
<Loc EndOffset="32407" SrcFileId="30" StartOffset="32302"/>
</LocList>
<StmntSeq Intrnl_Id="1875">
<LocList>
<Loc EndOffset="32402" SrcFileId="30" StartOffset="32384"/>
</LocList>
<BasicStmnt CovItemId="S358" CovItemPrefix="database.DatabaseInterface.java" Intrnl_Id="1876">
<LocList>
<Loc EndOffset="32402" SrcFileId="30" StartOffset="32384"/>
</LocList>
</BasicStmnt>
</StmntSeq>
</HierarchyLvl>
<HierarchyLvl HierarchyLvlId="23727" HierarchyLvlTypeId="45" Intrnl_Id="1877" Name="DatabaseInterfaceException">
<Header>
<Loc EndOffset="32579" SrcFileId="30" StartOffset="32533"/>
</Header>
<LocList>
<Loc EndOffset="32603" SrcFileId="30" StartOffset="32533"/>
</LocList>
<StmntSeq Intrnl_Id="1878">
<LocList>
<Loc EndOffset="32598" SrcFileId="30" StartOffset="32589"/>
</LocList>
<BasicStmnt CovItemId="S359" CovItemPrefix="database.DatabaseInterface.java" Intrnl_Id="1879">
<LocList>
<Loc EndOffset="32598" SrcFileId="30" StartOffset="32589"/>
</LocList>
</BasicStmnt>
</StmntSeq>
</HierarchyLvl>
<HierarchyLvl HierarchyLvlId="23728" HierarchyLvlTypeId="45" Intrnl_Id="1880" Name="getCode">
<Header>
<Loc EndOffset="32685" SrcFileId="30" StartOffset="32665"/>
</Header>
<LocList>
<Loc EndOffset="32717" SrcFileId="30" StartOffset="32665"/>
</LocList>
<StmntSeq Intrnl_Id="1881">
<LocList>
<Loc EndOffset="32712" SrcFileId="30" StartOffset="32695"/>
</LocList>
<BasicStmnt CovItemId="S360" CovItemPrefix="database.DatabaseInterface.java" Intrnl_Id="1882">
<LocList>
<Loc EndOffset="32712" SrcFileId="30" StartOffset="32695"/>
</LocList>
</BasicStmnt>
</StmntSeq>
</HierarchyLvl>
</HierarchyLvl>
<HierarchyLvl HierarchyLvlId="23732" HierarchyLvlTypeId="42" Intrnl_Id="1883" Name="NumerableActionOperation">
<Header>
<Loc EndOffset="32865" SrcFileId="30" StartOffset="32829"/>
</Header>
<LocList>
<Loc EndOffset="33078" SrcFileId="30" StartOffset="32829"/>
</LocList>
<HierarchyLvl HierarchyLvlId="23730" HierarchyLvlTypeId="45" Intrnl_Id="1884" Name="NumerableActionOperation">
<Header>
<Loc EndOffset="32971" SrcFileId="30" StartOffset="32933"/>
</Header>
<LocList>
<Loc EndOffset="33005" SrcFileId="30" StartOffset="32933"/>
</LocList>
<StmntSeq Intrnl_Id="1885">
<LocList>
<Loc EndOffset="33000" SrcFileId="30" StartOffset="32981"/>
</LocList>
<BasicStmnt CovItemId="S361" CovItemPrefix="database.DatabaseInterface.java" Intrnl_Id="1886">
<LocList>
<Loc EndOffset="33000" SrcFileId="30" StartOffset="32981"/>
</LocList>
</BasicStmnt>
</StmntSeq>
</HierarchyLvl>
<HierarchyLvl HierarchyLvlId="23731" HierarchyLvlTypeId="45" Intrnl_Id="1887" Name="getValue">
<Header>
<Loc EndOffset="33037" SrcFileId="30" StartOffset="33013"/>
</Header>
<LocList>
<Loc EndOffset="33070" SrcFileId="30" StartOffset="33013"/>
</LocList>
<StmntSeq Intrnl_Id="1888">
<LocList>
<Loc EndOffset="33065" SrcFileId="30" StartOffset="33047"/>
</LocList>
<BasicStmnt CovItemId="S362" CovItemPrefix="database.DatabaseInterface.java" Intrnl_Id="1889">
<LocList>
<Loc EndOffset="33065" SrcFileId="30" StartOffset="33047"/>
</LocList>
</BasicStmnt>
</StmntSeq>
</HierarchyLvl>
</HierarchyLvl>
<HierarchyLvl HierarchyLvlId="23735" HierarchyLvlTypeId="42" Intrnl_Id="1890" Name="NumerableActionColumn">
<Header>
<Loc EndOffset="33239" SrcFileId="30" StartOffset="33206"/>
</Header>
<LocList>
<Loc EndOffset="33449" SrcFileId="30" StartOffset="33206"/>
</LocList>
<HierarchyLvl HierarchyLvlId="23733" HierarchyLvlTypeId="45" Intrnl_Id="1891" Name="NumerableActionColumn">
<Header>
<Loc EndOffset="33342" SrcFileId="30" StartOffset="33307"/>
</Header>
<LocList>
<Loc EndOffset="33376" SrcFileId="30" StartOffset="33307"/>
</LocList>
<StmntSeq Intrnl_Id="1892">
<LocList>
<Loc EndOffset="33371" SrcFileId="30" StartOffset="33352"/>
</LocList>
<BasicStmnt CovItemId="S363" CovItemPrefix="database.DatabaseInterface.java" Intrnl_Id="1893">
<LocList>
<Loc EndOffset="33371" SrcFileId="30" StartOffset="33352"/>
</LocList>
</BasicStmnt>
</StmntSeq>
</HierarchyLvl>
<HierarchyLvl HierarchyLvlId="23734" HierarchyLvlTypeId="45" Intrnl_Id="1894" Name="getValue">
<Header>
<Loc EndOffset="33408" SrcFileId="30" StartOffset="33384"/>
</Header>
<LocList>
<Loc EndOffset="33441" SrcFileId="30" StartOffset="33384"/>
</LocList>
<StmntSeq Intrnl_Id="1895">
<LocList>
<Loc EndOffset="33436" SrcFileId="30" StartOffset="33418"/>
</LocList>
<BasicStmnt CovItemId="S364" CovItemPrefix="database.DatabaseInterface.java" Intrnl_Id="1896">
<LocList>
<Loc EndOffset="33436" SrcFileId="30" StartOffset="33418"/>
</LocList>
</BasicStmnt>
</StmntSeq>
</HierarchyLvl>
</HierarchyLvl>
</HierarchyLvl>
</HierarchyLvl>
<HierarchyLvl HierarchyLvlId="23953" HierarchyLvlTypeId="43" Intrnl_Id="1897" Name="dataModels">
<Header/>
<LocList/>
<HierarchyLvl HierarchyLvlId="23750" HierarchyLvlTypeId="44" Intrnl_Id="1898" Name="UploadData">
<Header>
<Loc EndOffset="677" SrcFileId="31" StartOffset="654"/>
</Header>
<LocList>
<Loc EndOffset="1798" SrcFileId="31" StartOffset="654"/>
<Loc EndOffset="6904" SrcFileId="31" StartOffset="6899"/>
</LocList>
<HierarchyLvl HierarchyLvlId="23737" HierarchyLvlTypeId="45" Intrnl_Id="1899" Name="UploadData">
<Header>
<Loc EndOffset="820" SrcFileId="31" StartOffset="801"/>
</Header>
<LocList>
<Loc EndOffset="823" SrcFileId="31" StartOffset="801"/>
</LocList>
</HierarchyLvl>
<HierarchyLvl HierarchyLvlId="23738" HierarchyLvlTypeId="45" Intrnl_Id="1900" Name="UploadData">
<Header>
<Loc EndOffset="1045" SrcFileId="31" StartOffset="970"/>
</Header>
<LocList>
<Loc EndOffset="1107" SrcFileId="31" StartOffset="970"/>
</LocList>
<StmntSeq Intrnl_Id="1901">
<LocList>
<Loc EndOffset="1072" SrcFileId="31" StartOffset="1053"/>
<Loc EndOffset="1103" SrcFileId="31" StartOffset="1076"/>
</LocList>
<BasicStmnt CovItemId="S1" CovItemPrefix="dataModels.UploadData.java" Intrnl_Id="1902">
<LocList>
<Loc EndOffset="1072" SrcFileId="31" StartOffset="1053"/>
</LocList>
</BasicStmnt>
<BasicStmnt CovItemId="S2" CovItemPrefix="dataModels.UploadData.java" Intrnl_Id="1903">
<LocList>
<Loc EndOffset="1103" SrcFileId="31" StartOffset="1076"/>
</LocList>
</BasicStmnt>
</StmntSeq>
</HierarchyLvl>
<HierarchyLvl HierarchyLvlId="23739" HierarchyLvlTypeId="45" Intrnl_Id="1904" Name="getGames">
<Header>
<Loc EndOffset="1197" SrcFileId="31" StartOffset="1164"/>
</Header>
<LocList>
<Loc EndOffset="1220" SrcFileId="31" StartOffset="1164"/>
</LocList>
<StmntSeq Intrnl_Id="1905">
<LocList>
<Loc EndOffset="1216" SrcFileId="31" StartOffset="1203"/>
</LocList>
<BasicStmnt CovItemId="S3" CovItemPrefix="dataModels.UploadData.java" Intrnl_Id="1906">
<LocList>
<Loc EndOffset="1216" SrcFileId="31" StartOffset="1203"/>
</LocList>
</BasicStmnt>
</StmntSeq>
</HierarchyLvl>
<HierarchyLvl HierarchyLvlId="23740" HierarchyLvlTypeId="45" Intrnl_Id="1907" Name="setGames">
<Header>
<Loc EndOffset="1322" SrcFileId="31" StartOffset="1279"/>
</Header>
<LocList>
<Loc EndOffset="1351" SrcFileId="31" StartOffset="1279"/>
</LocList>
<StmntSeq Intrnl_Id="1908">
<LocList>
<Loc EndOffset="1347" SrcFileId="31" StartOffset="1328"/>
</LocList>
<BasicStmnt CovItemId="S4" CovItemPrefix="dataModels.UploadData.java" Intrnl_Id="1909">
<LocList>
<Loc EndOffset="1347" SrcFileId="31" StartOffset="1328"/>
</LocList>
</BasicStmnt>
</StmntSeq>
</HierarchyLvl>
<HierarchyLvl HierarchyLvlId="23741" HierarchyLvlTypeId="45" Intrnl_Id="1910" Name="getMiscDatas">
<Header>
<Loc EndOffset="1455" SrcFileId="31" StartOffset="1410"/>
</Header>
<LocList>
<Loc EndOffset="1482" SrcFileId="31" StartOffset="1410"/>
</LocList>
<StmntSeq Intrnl_Id="1911">
<LocList>
<Loc EndOffset="1478" SrcFileId="31" StartOffset="1461"/>
</LocList>
<BasicStmnt CovItemId="S5" CovItemPrefix="dataModels.UploadData.java" Intrnl_Id="1912">
<LocList>
<Loc EndOffset="1478" SrcFileId="31" StartOffset="1461"/>
</LocList>
</BasicStmnt>
</StmntSeq>
</HierarchyLvl>
<HierarchyLvl HierarchyLvlId="23742" HierarchyLvlTypeId="45" Intrnl_Id="1913" Name="setMiscDatas">
<Header>
<Loc EndOffset="1609" SrcFileId="31" StartOffset="1550"/>
</Header>
<LocList>
<Loc EndOffset="1646" SrcFileId="31" StartOffset="1550"/>
</LocList>
<StmntSeq Intrnl_Id="1914">
<LocList>
<Loc EndOffset="1642" SrcFileId="31" StartOffset="1615"/>
</LocList>
<BasicStmnt CovItemId="S6" CovItemPrefix="dataModels.UploadData.java" Intrnl_Id="1915">
<LocList>
<Loc EndOffset="1642" SrcFileId="31" StartOffset="1615"/>
</LocList>
</BasicStmnt>
</StmntSeq>
</HierarchyLvl>
<HierarchyLvl HierarchyLvlId="23749" HierarchyLvlTypeId="44" Intrnl_Id="1916" Name="UploadDataDeserializer">
<Header>
<Loc EndOffset="1880" SrcFileId="31" StartOffset="1798"/>
</Header>
<LocList>
<Loc EndOffset="6899" SrcFileId="31" StartOffset="1798"/>
</LocList>
<HierarchyLvl HierarchyLvlId="23743" HierarchyLvlTypeId="45" Intrnl_Id="1917" Name="createGame">
<Header>
<Loc EndOffset="2035" SrcFileId="31" StartOffset="1989"/>
</Header>
<LocList>
<Loc EndOffset="2626" SrcFileId="31" StartOffset="1989"/>
</LocList>
<StmntSeq Intrnl_Id="1918">
<LocList>
<Loc EndOffset="2092" SrcFileId="31" StartOffset="2045"/>
<Loc EndOffset="2117" SrcFileId="31" StartOffset="2097"/>
<Loc EndOffset="2247" SrcFileId="31" StartOffset="2127"/>
<Loc EndOffset="2286" SrcFileId="31" StartOffset="2254"/>
<Loc EndOffset="2349" SrcFileId="31" StartOffset="2296"/>
<Loc EndOffset="2427" SrcFileId="31" StartOffset="2354"/>
<Loc EndOffset="2478" SrcFileId="31" StartOffset="2432"/>
<Loc EndOffset="2553" SrcFileId="31" StartOffset="2488"/>
<Loc EndOffset="2602" SrcFileId="31" StartOffset="2560"/>
<Loc EndOffset="2621" SrcFileId="31" StartOffset="2609"/>
</LocList>
<BasicStmnt CovItemId="S7" CovItemPrefix="dataModels.UploadData.java" Intrnl_Id="1919">
<LocList>
<Loc EndOffset="2092" SrcFileId="31" StartOffset="2045"/>
</LocList>
</BasicStmnt>
<BasicStmnt CovItemId="S8" CovItemPrefix="dataModels.UploadData.java" Intrnl_Id="1920">
<LocList>
<Loc EndOffset="2117" SrcFileId="31" StartOffset="2097"/>
</LocList>
</BasicStmnt>
<CondStmnt CovItemId="S9" CovItemPrefix="dataModels.UploadData.java" Intrnl_Id="1921">
<Branch CovItemId="B1" CovItemPrefix="dataModels.UploadData.java" Implct="false" Intrnl_Id="1922">
<Cond/>
<LocList>
<Loc EndOffset="2247" SrcFileId="31" StartOffset="2186"/>
</LocList>
<StmntSeq Intrnl_Id="1923">
<LocList>
<Loc EndOffset="2241" SrcFileId="31" StartOffset="2193"/>
</LocList>
<BasicStmnt CovItemId="S10" CovItemPrefix="dataModels.UploadData.java" Intrnl_Id="1924">
<LocList>
<Loc EndOffset="2241" SrcFileId="31" StartOffset="2193"/>
</LocList>
</BasicStmnt>
</StmntSeq>
</Branch>
<Branch CovItemId="B2" CovItemPrefix="dataModels.UploadData.java" Implct="true" Intrnl_Id="1925">
<Cond/>
<LocList/>
<StmntSeq Intrnl_Id="1926">
<LocList/>
</StmntSeq>
</Branch>
<Keyword EndOffset="2129" SrcFileId="31" StartOffset="2127"/>
<LocList>
<Loc EndOffset="2247" SrcFileId="31" StartOffset="2127"/>
</LocList>
</CondStmnt>
<BasicStmnt CovItemId="S11" CovItemPrefix="dataModels.UploadData.java" Intrnl_Id="1927">
<LocList>
<Loc EndOffset="2286" SrcFileId="31" StartOffset="2254"/>
</LocList>
</BasicStmnt>
<BasicStmnt CovItemId="S12" CovItemPrefix="dataModels.UploadData.java" Intrnl_Id="1928">
<LocList>
<Loc EndOffset="2349" SrcFileId="31" StartOffset="2296"/>
</LocList>
</BasicStmnt>
<CondStmnt CovItemId="S13" CovItemPrefix="dataModels.UploadData.java" Intrnl_Id="1929">
<Branch CovItemId="B3" CovItemPrefix="dataModels.UploadData.java" Implct="false" Intrnl_Id="1930">
<Cond/>
<LocList>
<Loc EndOffset="2427" SrcFileId="31" StartOffset="2375"/>
</LocList>
<StmntSeq Intrnl_Id="1931">
<LocList>
<Loc EndOffset="2427" SrcFileId="31" StartOffset="2375"/>
</LocList>
<BasicStmnt CovItemId="S14" CovItemPrefix="dataModels.UploadData.java" Intrnl_Id="1932">
<LocList>
<Loc EndOffset="2427" SrcFileId="31" StartOffset="2375"/>
</LocList>
</BasicStmnt>
</StmntSeq>
</Branch>
<Branch CovItemId="B4" CovItemPrefix="dataModels.UploadData.java" Implct="true" Intrnl_Id="1933">
<Cond/>
<LocList/>
<StmntSeq Intrnl_Id="1934">
<LocList/>
</StmntSeq>
</Branch>
<Keyword EndOffset="2356" SrcFileId="31" StartOffset="2354"/>
<LocList>
<Loc EndOffset="2427" SrcFileId="31" StartOffset="2354"/>
</LocList>
</CondStmnt>
<BasicStmnt CovItemId="S15" CovItemPrefix="dataModels.UploadData.java" Intrnl_Id="1935">
<LocList>
<Loc EndOffset="2478" SrcFileId="31" StartOffset="2432"/>
</LocList>
</BasicStmnt>
<BasicStmnt CovItemId="S16" CovItemPrefix="dataModels.UploadData.java" Intrnl_Id="1936">
<LocList>
<Loc EndOffset="2553" SrcFileId="31" StartOffset="2488"/>
</LocList>
</BasicStmnt>
<BasicStmnt CovItemId="S17" CovItemPrefix="dataModels.UploadData.java" Intrnl_Id="1937">
<LocList>
<Loc EndOffset="2602" SrcFileId="31" StartOffset="2560"/>
</LocList>
</BasicStmnt>
<BasicStmnt CovItemId="S18" CovItemPrefix="dataModels.UploadData.java" Intrnl_Id="1938">
<LocList>
<Loc EndOffset="2621" SrcFileId="31" StartOffset="2609"/>
</LocList>
</BasicStmnt>
</StmntSeq>
</HierarchyLvl>
<HierarchyLvl HierarchyLvlId="23744" HierarchyLvlTypeId="45" Intrnl_Id="1939" Name="createGameActionList">
<Header>
<Loc EndOffset="2817" SrcFileId="31" StartOffset="2748"/>
</Header>
<LocList>
<Loc EndOffset="3172" SrcFileId="31" StartOffset="2748"/>
</LocList>
<StmntSeq Intrnl_Id="1940">
<LocList>
<Loc EndOffset="2861" SrcFileId="31" StartOffset="2827"/>
<Loc EndOffset="2929" SrcFileId="31" StartOffset="2866"/>
<Loc EndOffset="3142" SrcFileId="31" StartOffset="2936"/>
<Loc EndOffset="3167" SrcFileId="31" StartOffset="3149"/>
</LocList>
<BasicStmnt CovItemId="S19" CovItemPrefix="dataModels.UploadData.java" Intrnl_Id="1941">
<LocList>
<Loc EndOffset="2861" SrcFileId="31" StartOffset="2827"/>
</LocList>
</BasicStmnt>
<BasicStmnt CovItemId="S20" CovItemPrefix="dataModels.UploadData.java" Intrnl_Id="1942">
<LocList>
<Loc EndOffset="2929" SrcFileId="31" StartOffset="2866"/>
</LocList>
</BasicStmnt>
<LoopStmnt CovItemId="S21" CovItemPrefix="dataModels.UploadData.java" Intrnl_Id="1943" MltplExecId="L1-2" MltplExecPrefix="dataModels.UploadData.java" NvrExecId="L1-0" NvrExecPrefix="dataModels.UploadData.java" OnceExecutedId="L1-1" OnceExecutedPrefix="dataModels.UploadData.java" OptBodyExec="true">
<StmntSeq Intrnl_Id="1944">
<LocList>
<Loc EndOffset="3045" SrcFileId="31" StartOffset="2985"/>
<Loc EndOffset="3105" SrcFileId="31" StartOffset="3053"/>
<Loc EndOffset="3136" SrcFileId="31" StartOffset="3113"/>
</LocList>
<BasicStmnt CovItemId="S22" CovItemPrefix="dataModels.UploadData.java" Intrnl_Id="1945">
<LocList>
<Loc EndOffset="3045" SrcFileId="31" StartOffset="2985"/>
</LocList>
</BasicStmnt>
<BasicStmnt CovItemId="S23" CovItemPrefix="dataModels.UploadData.java" Intrnl_Id="1946">
<LocList>
<Loc EndOffset="3105" SrcFileId="31" StartOffset="3053"/>
</LocList>
</BasicStmnt>
<BasicStmnt CovItemId="S24" CovItemPrefix="dataModels.UploadData.java" Intrnl_Id="1947">
<LocList>
<Loc EndOffset="3136" SrcFileId="31" StartOffset="3113"/>
</LocList>
</BasicStmnt>
</StmntSeq>
<Keyword EndOffset="2939" SrcFileId="31" StartOffset="2936"/>
<LocList>
<Loc EndOffset="3142" SrcFileId="31" StartOffset="2936"/>
</LocList>
</LoopStmnt>
<BasicStmnt CovItemId="S25" CovItemPrefix="dataModels.UploadData.java" Intrnl_Id="1948">
<LocList>
<Loc EndOffset="3167" SrcFileId="31" StartOffset="3149"/>
</LocList>
</BasicStmnt>
</StmntSeq>
</HierarchyLvl>
<HierarchyLvl HierarchyLvlId="23745" HierarchyLvlTypeId="45" Intrnl_Id="1949" Name="createGameAction">
<Header>
<Loc EndOffset="3348" SrcFileId="31" StartOffset="3288"/>
</Header>
<LocList>
<Loc EndOffset="4737" SrcFileId="31" StartOffset="3288"/>
</LocList>
<StmntSeq Intrnl_Id="1950">
<LocList>
<Loc EndOffset="3421" SrcFileId="31" StartOffset="3358"/>
<Loc EndOffset="3490" SrcFileId="31" StartOffset="3428"/>
<Loc EndOffset="3593" SrcFileId="31" StartOffset="3497"/>
<Loc EndOffset="3644" SrcFileId="31" StartOffset="3600"/>
<Loc EndOffset="3711" SrcFileId="31" StartOffset="3649"/>
<Loc EndOffset="3743" SrcFileId="31" StartOffset="3716"/>
<Loc EndOffset="3797" SrcFileId="31" StartOffset="3753"/>
<Loc EndOffset="3864" SrcFileId="31" StartOffset="3802"/>
<Loc EndOffset="3896" SrcFileId="31" StartOffset="3869"/>
<Loc EndOffset="3952" SrcFileId="31" StartOffset="3906"/>
<Loc EndOffset="4021" SrcFileId="31" StartOffset="3957"/>
<Loc EndOffset="4061" SrcFileId="31" StartOffset="4026"/>
<Loc EndOffset="4127" SrcFileId="31" StartOffset="4071"/>
<Loc EndOffset="4196" SrcFileId="31" StartOffset="4132"/>
<Loc EndOffset="4236" SrcFileId="31" StartOffset="4201"/>
<Loc EndOffset="4373" SrcFileId="31" StartOffset="4253"/>
<Loc EndOffset="4510" SrcFileId="31" StartOffset="4378"/>
<Loc EndOffset="4569" SrcFileId="31" StartOffset="4517"/>
<Loc EndOffset="4626" SrcFileId="31" StartOffset="4574"/>
<Loc EndOffset="4711" SrcFileId="31" StartOffset="4633"/>
<Loc EndOffset="4732" SrcFileId="31" StartOffset="4718"/>
</LocList>
<BasicStmnt CovItemId="S26" CovItemPrefix="dataModels.UploadData.java" Intrnl_Id="1951">
<LocList>
<Loc EndOffset="3421" SrcFileId="31" StartOffset="3358"/>
</LocList>
</BasicStmnt>
<BasicStmnt CovItemId="S27" CovItemPrefix="dataModels.UploadData.java" Intrnl_Id="1952">
<LocList>
<Loc EndOffset="3490" SrcFileId="31" StartOffset="3428"/>
</LocList>
</BasicStmnt>
<CondStmnt CovItemId="S28" CovItemPrefix="dataModels.UploadData.java" Intrnl_Id="1953">
<Branch CovItemId="B5" CovItemPrefix="dataModels.UploadData.java" Implct="false" Intrnl_Id="1954">
<Cond/>
<LocList>
<Loc EndOffset="3593" SrcFileId="31" StartOffset="3541"/>
</LocList>
<StmntSeq Intrnl_Id="1955">
<LocList>
<Loc EndOffset="3593" SrcFileId="31" StartOffset="3541"/>
</LocList>
<BasicStmnt CovItemId="S29" CovItemPrefix="dataModels.UploadData.java" Intrnl_Id="1956">
<LocList>
<Loc EndOffset="3593" SrcFileId="31" StartOffset="3541"/>
</LocList>
</BasicStmnt>
</StmntSeq>
</Branch>
<Branch CovItemId="B6" CovItemPrefix="dataModels.UploadData.java" Implct="true" Intrnl_Id="1957">
<Cond/>
<LocList/>
<StmntSeq Intrnl_Id="1958">
<LocList/>
</StmntSeq>
</Branch>
<Keyword EndOffset="3499" SrcFileId="31" StartOffset="3497"/>
<LocList>
<Loc EndOffset="3593" SrcFileId="31" StartOffset="3497"/>
</LocList>
</CondStmnt>
<BasicStmnt CovItemId="S30" CovItemPrefix="dataModels.UploadData.java" Intrnl_Id="1959">
<LocList>
<Loc EndOffset="3644" SrcFileId="31" StartOffset="3600"/>
</LocList>
</BasicStmnt>
<CondStmnt CovItemId="S31" CovItemPrefix="dataModels.UploadData.java" Intrnl_Id="1960">
<Branch CovItemId="B7" CovItemPrefix="dataModels.UploadData.java" Implct="false" Intrnl_Id="1961">
<Cond/>
<LocList>
<Loc EndOffset="3711" SrcFileId="31" StartOffset="3667"/>
</LocList>
<StmntSeq Intrnl_Id="1962">
<LocList>
<Loc EndOffset="3711" SrcFileId="31" StartOffset="3667"/>
</LocList>
<BasicStmnt CovItemId="S32" CovItemPrefix="dataModels.UploadData.java" Intrnl_Id="1963">
<LocList>
<Loc EndOffset="3711" SrcFileId="31" StartOffset="3667"/>
</LocList>
</BasicStmnt>
</StmntSeq>
</Branch>
<Branch CovItemId="B8" CovItemPrefix="dataModels.UploadData.java" Implct="true" Intrnl_Id="1964">
<Cond/>
<LocList/>
<StmntSeq Intrnl_Id="1965">
<LocList/>
</StmntSeq>
</Branch>
<Keyword EndOffset="3651" SrcFileId="31" StartOffset="3649"/>
<LocList>
<Loc EndOffset="3711" SrcFileId="31" StartOffset="3649"/>
</LocList>
</CondStmnt>
<BasicStmnt CovItemId="S33" CovItemPrefix="dataModels.UploadData.java" Intrnl_Id="1966">
<LocList>
<Loc EndOffset="3743" SrcFileId="31" StartOffset="3716"/>
</LocList>
</BasicStmnt>
<BasicStmnt CovItemId="S34" CovItemPrefix="dataModels.UploadData.java" Intrnl_Id="1967">
<LocList>
<Loc EndOffset="3797" SrcFileId="31" StartOffset="3753"/>
</LocList>
</BasicStmnt>
<CondStmnt CovItemId="S35" CovItemPrefix="dataModels.UploadData.java" Intrnl_Id="1968">
<Branch CovItemId="B9" CovItemPrefix="dataModels.UploadData.java" Implct="false" Intrnl_Id="1969">
<Cond/>
<LocList>
<Loc EndOffset="3864" SrcFileId="31" StartOffset="3820"/>
</LocList>
<StmntSeq Intrnl_Id="1970">
<LocList>
<Loc EndOffset="3864" SrcFileId="31" StartOffset="3820"/>
</LocList>
<BasicStmnt CovItemId="S36" CovItemPrefix="dataModels.UploadData.java" Intrnl_Id="1971">
<LocList>
<Loc EndOffset="3864" SrcFileId="31" StartOffset="3820"/>
</LocList>
</BasicStmnt>
</StmntSeq>
</Branch>
<Branch CovItemId="B10" CovItemPrefix="dataModels.UploadData.java" Implct="true" Intrnl_Id="1972">
<Cond/>
<LocList/>
<StmntSeq Intrnl_Id="1973">
<LocList/>
</StmntSeq>
</Branch>
<Keyword EndOffset="3804" SrcFileId="31" StartOffset="3802"/>
<LocList>
<Loc EndOffset="3864" SrcFileId="31" StartOffset="3802"/>
</LocList>
</CondStmnt>
<BasicStmnt CovItemId="S37" CovItemPrefix="dataModels.UploadData.java" Intrnl_Id="1974">
<LocList>
<Loc EndOffset="3896" SrcFileId="31" StartOffset="3869"/>
</LocList>
</BasicStmnt>
<BasicStmnt CovItemId="S38" CovItemPrefix="dataModels.UploadData.java" Intrnl_Id="1975">
<LocList>
<Loc EndOffset="3952" SrcFileId="31" StartOffset="3906"/>
</LocList>
</BasicStmnt>
<CondStmnt CovItemId="S39" CovItemPrefix="dataModels.UploadData.java" Intrnl_Id="1976">
<Branch CovItemId="B11" CovItemPrefix="dataModels.UploadData.java" Implct="false" Intrnl_Id="1977">
<Cond/>
<LocList>
<Loc EndOffset="4021" SrcFileId="31" StartOffset="3976"/>
</LocList>
<StmntSeq Intrnl_Id="1978">
<LocList>
<Loc EndOffset="4021" SrcFileId="31" StartOffset="3976"/>
</LocList>
<BasicStmnt CovItemId="S40" CovItemPrefix="dataModels.UploadData.java" Intrnl_Id="1979">
<LocList>
<Loc EndOffset="4021" SrcFileId="31" StartOffset="3976"/>
</LocList>
</BasicStmnt>
</StmntSeq>
</Branch>
<Branch CovItemId="B12" CovItemPrefix="dataModels.UploadData.java" Implct="true" Intrnl_Id="1980">
<Cond/>
<LocList/>
<StmntSeq Intrnl_Id="1981">
<LocList/>
</StmntSeq>
</Branch>
<Keyword EndOffset="3959" SrcFileId="31" StartOffset="3957"/>
<LocList>
<Loc EndOffset="4021" SrcFileId="31" StartOffset="3957"/>
</LocList>
</CondStmnt>
<BasicStmnt CovItemId="S41" CovItemPrefix="dataModels.UploadData.java" Intrnl_Id="1982">
<LocList>
<Loc EndOffset="4061" SrcFileId="31" StartOffset="4026"/>
</LocList>
</BasicStmnt>
<BasicStmnt CovItemId="S42" CovItemPrefix="dataModels.UploadData.java" Intrnl_Id="1983">
<LocList>
<Loc EndOffset="4127" SrcFileId="31" StartOffset="4071"/>
</LocList>
</BasicStmnt>
<CondStmnt CovItemId="S43" CovItemPrefix="dataModels.UploadData.java" Intrnl_Id="1984">
<Branch CovItemId="B13" CovItemPrefix="dataModels.UploadData.java" Implct="false" Intrnl_Id="1985">
<Cond/>
<LocList>
<Loc EndOffset="4196" SrcFileId="31" StartOffset="4151"/>
</LocList>
<StmntSeq Intrnl_Id="1986">
<LocList>
<Loc EndOffset="4196" SrcFileId="31" StartOffset="4151"/>
</LocList>
<BasicStmnt CovItemId="S44" CovItemPrefix="dataModels.UploadData.java" Intrnl_Id="1987">
<LocList>
<Loc EndOffset="4196" SrcFileId="31" StartOffset="4151"/>
</LocList>
</BasicStmnt>
</StmntSeq>
</Branch>
<Branch CovItemId="B14" CovItemPrefix="dataModels.UploadData.java" Implct="true" Intrnl_Id="1988">
<Cond/>
<LocList/>
<StmntSeq Intrnl_Id="1989">
<LocList/>
</StmntSeq>
</Branch>
<Keyword EndOffset="4134" SrcFileId="31" StartOffset="4132"/>
<LocList>
<Loc EndOffset="4196" SrcFileId="31" StartOffset="4132"/>
</LocList>
</CondStmnt>
<BasicStmnt CovItemId="S45" CovItemPrefix="dataModels.UploadData.java" Intrnl_Id="1990">
<LocList>
<Loc EndOffset="4236" SrcFileId="31" StartOffset="4201"/>
</LocList>
</BasicStmnt>
<CondStmnt CovItemId="S46" CovItemPrefix="dataModels.UploadData.java" Intrnl_Id="1991">
<Branch CovItemId="B15" CovItemPrefix="dataModels.UploadData.java" Implct="false" Intrnl_Id="1992">
<Cond/>
<LocList>
<Loc EndOffset="4373" SrcFileId="31" StartOffset="4328"/>
</LocList>
<StmntSeq Intrnl_Id="1993">
<LocList>
<Loc EndOffset="4373" SrcFileId="31" StartOffset="4328"/>
</LocList>
<BasicStmnt CovItemId="S47" CovItemPrefix="dataModels.UploadData.java" Intrnl_Id="1994">
<LocList>
<Loc EndOffset="4373" SrcFileId="31" StartOffset="4328"/>
</LocList>
</BasicStmnt>
</StmntSeq>
</Branch>
<Branch CovItemId="B16" CovItemPrefix="dataModels.UploadData.java" Implct="true" Intrnl_Id="1995">
<Cond/>
<LocList/>
<StmntSeq Intrnl_Id="1996">
<LocList/>
</StmntSeq>
</Branch>
<Keyword EndOffset="4255" SrcFileId="31" StartOffset="4253"/>
<LocList>
<Loc EndOffset="4373" SrcFileId="31" StartOffset="4253"/>
</LocList>
</CondStmnt>
<CondStmnt CovItemId="S48" CovItemPrefix="dataModels.UploadData.java" Intrnl_Id="1997">
<Branch CovItemId="B17" CovItemPrefix="dataModels.UploadData.java" Implct="false" Intrnl_Id="1998">
<Cond/>
<LocList>
<Loc EndOffset="4510" SrcFileId="31" StartOffset="4450"/>
</LocList>
<StmntSeq Intrnl_Id="1999">
<LocList>
<Loc EndOffset="4510" SrcFileId="31" StartOffset="4450"/>
</LocList>
<BasicStmnt CovItemId="S49" CovItemPrefix="dataModels.UploadData.java" Intrnl_Id="2000">
<LocList>
<Loc EndOffset="4510" SrcFileId="31" StartOffset="4450"/>
</LocList>
</BasicStmnt>
</StmntSeq>
</Branch>
<Branch CovItemId="B18" CovItemPrefix="dataModels.UploadData.java" Implct="true" Intrnl_Id="2001">
<Cond/>
<LocList/>
<StmntSeq Intrnl_Id="2002">
<LocList/>
</StmntSeq>
</Branch>
<Keyword EndOffset="4380" SrcFileId="31" StartOffset="4378"/>
<LocList>
<Loc EndOffset="4510" SrcFileId="31" StartOffset="4378"/>
</LocList>
</CondStmnt>
<BasicStmnt CovItemId="S50" CovItemPrefix="dataModels.UploadData.java" Intrnl_Id="2003">
<LocList>
<Loc EndOffset="4569" SrcFileId="31" StartOffset="4517"/>
</LocList>
</BasicStmnt>
<BasicStmnt CovItemId="S51" CovItemPrefix="dataModels.UploadData.java" Intrnl_Id="2004">
<LocList>
<Loc EndOffset="4626" SrcFileId="31" StartOffset="4574"/>
</LocList>
</BasicStmnt>
<BasicStmnt CovItemId="S52" CovItemPrefix="dataModels.UploadData.java" Intrnl_Id="2005">
<LocList>
<Loc EndOffset="4711" SrcFileId="31" StartOffset="4633"/>
</LocList>
</BasicStmnt>
<BasicStmnt CovItemId="S53" CovItemPrefix="dataModels.UploadData.java" Intrnl_Id="2006">
<LocList>
<Loc EndOffset="4732" SrcFileId="31" StartOffset="4718"/>
</LocList>
</BasicStmnt>
</StmntSeq>
</HierarchyLvl>
<HierarchyLvl HierarchyLvlId="23746" HierarchyLvlTypeId="45" Intrnl_Id="2007" Name="generateGameList">
<Header>
<Loc EndOffset="4912" SrcFileId="31" StartOffset="4855"/>
</Header>
<LocList>
<Loc EndOffset="5279" SrcFileId="31" StartOffset="4855"/>
</LocList>
<StmntSeq Intrnl_Id="2008">
<LocList>
<Loc EndOffset="4952" SrcFileId="31" StartOffset="4922"/>
<Loc EndOffset="5006" SrcFileId="31" StartOffset="4957"/>
<Loc EndOffset="5251" SrcFileId="31" StartOffset="5013"/>
<Loc EndOffset="5274" SrcFileId="31" StartOffset="5258"/>
</LocList>
<BasicStmnt CovItemId="S54" CovItemPrefix="dataModels.UploadData.java" Intrnl_Id="2009">
<LocList>
<Loc EndOffset="4952" SrcFileId="31" StartOffset="4922"/>
</LocList>
</BasicStmnt>
<BasicStmnt CovItemId="S55" CovItemPrefix="dataModels.UploadData.java" Intrnl_Id="2010">
<LocList>
<Loc EndOffset="5006" SrcFileId="31" StartOffset="4957"/>
</LocList>
</BasicStmnt>
<LoopStmnt CovItemId="S56" CovItemPrefix="dataModels.UploadData.java" Intrnl_Id="2011" MltplExecId="L2-2" MltplExecPrefix="dataModels.UploadData.java" NvrExecId="L2-0" NvrExecPrefix="dataModels.UploadData.java" OnceExecutedId="L2-1" OnceExecutedPrefix="dataModels.UploadData.java" OptBodyExec="true">
<StmntSeq Intrnl_Id="2012">
<LocList>
<Loc EndOffset="5127" SrcFileId="31" StartOffset="5071"/>
<Loc EndOffset="5170" SrcFileId="31" StartOffset="5135"/>
<Loc EndOffset="5196" SrcFileId="31" StartOffset="5177"/>
<Loc EndOffset="5245" SrcFileId="31" StartOffset="5060"/>
</LocList>
<BasicStmnt CovItemId="S58" CovItemPrefix="dataModels.UploadData.java" Intrnl_Id="2013">
<LocList>
<Loc EndOffset="5127" SrcFileId="31" StartOffset="5071"/>
</LocList>
</BasicStmnt>
<BasicStmnt CovItemId="S59" CovItemPrefix="dataModels.UploadData.java" Intrnl_Id="2014">
<LocList>
<Loc EndOffset="5170" SrcFileId="31" StartOffset="5135"/>
</LocList>
</BasicStmnt>
<BasicStmnt CovItemId="S60" CovItemPrefix="dataModels.UploadData.java" Intrnl_Id="2015">
<LocList>
<Loc EndOffset="5196" SrcFileId="31" StartOffset="5177"/>
</LocList>
</BasicStmnt>
<CondStmnt CovItemId="S57" CovItemPrefix="dataModels.UploadData.java" Intrnl_Id="2016">
<Branch CovItemId="B19" CovItemPrefix="dataModels.UploadData.java" Implct="true" Intrnl_Id="2017">
<Cond/>
<LocList/>
<StmntSeq Intrnl_Id="2018">
<LocList/>
</StmntSeq>
</Branch>
<Branch CovItemId="B20" CovItemPrefix="dataModels.UploadData.java" Implct="false" Intrnl_Id="2019">
<Cond>
<Loc EndOffset="5237" SrcFileId="31" StartOffset="5209"/>
</Cond>
<LocList>
<Loc EndOffset="5245" SrcFileId="31" StartOffset="5243"/>
</LocList>
<StmntSeq Intrnl_Id="2020">
<LocList/>
</StmntSeq>
</Branch>
<Keyword EndOffset="5063" SrcFileId="31" StartOffset="5060"/>
<LocList>
<Loc EndOffset="5245" SrcFileId="31" StartOffset="5060"/>
</LocList>
</CondStmnt>
</StmntSeq>
<Keyword EndOffset="5016" SrcFileId="31" StartOffset="5013"/>
<LocList>
<Loc EndOffset="5251" SrcFileId="31" StartOffset="5013"/>
</LocList>
</LoopStmnt>
<BasicStmnt CovItemId="S61" CovItemPrefix="dataModels.UploadData.java" Intrnl_Id="2021">
<LocList>
<Loc EndOffset="5274" SrcFileId="31" StartOffset="5258"/>
</LocList>
</BasicStmnt>
</StmntSeq>
</HierarchyLvl>
<HierarchyLvl HierarchyLvlId="23747" HierarchyLvlTypeId="45" Intrnl_Id="2022" Name="createMiscList">
<Header>
<Loc EndOffset="5486" SrcFileId="31" StartOffset="5419"/>
</Header>
<LocList>
<Loc EndOffset="6206" SrcFileId="31" StartOffset="5419"/>
</LocList>
<StmntSeq Intrnl_Id="2023">
<LocList>
<Loc EndOffset="5529" SrcFileId="31" StartOffset="5496"/>
<Loc EndOffset="5599" SrcFileId="31" StartOffset="5534"/>
<Loc EndOffset="6178" SrcFileId="31" StartOffset="5606"/>
<Loc EndOffset="6201" SrcFileId="31" StartOffset="6185"/>
</LocList>
<BasicStmnt CovItemId="S62" CovItemPrefix="dataModels.UploadData.java" Intrnl_Id="2024">
<LocList>
<Loc EndOffset="5529" SrcFileId="31" StartOffset="5496"/>
</LocList>
</BasicStmnt>
<BasicStmnt CovItemId="S63" CovItemPrefix="dataModels.UploadData.java" Intrnl_Id="2025">
<LocList>
<Loc EndOffset="5599" SrcFileId="31" StartOffset="5534"/>
</LocList>
</BasicStmnt>
<LoopStmnt CovItemId="S64" CovItemPrefix="dataModels.UploadData.java" Intrnl_Id="2026" MltplExecId="L3-2" MltplExecPrefix="dataModels.UploadData.java" NvrExecId="L3-0" NvrExecPrefix="dataModels.UploadData.java" OnceExecutedId="L3-1" OnceExecutedPrefix="dataModels.UploadData.java" OptBodyExec="true">
<StmntSeq Intrnl_Id="2027">
<LocList>
<Loc EndOffset="5719" SrcFileId="31" StartOffset="5663"/>
<Loc EndOffset="5769" SrcFileId="31" StartOffset="5728"/>
<Loc EndOffset="5828" SrcFileId="31" StartOffset="5776"/>
<Loc EndOffset="5870" SrcFileId="31" StartOffset="5835"/>
<Loc EndOffset="5926" SrcFileId="31" StartOffset="5884"/>
<Loc EndOffset="5985" SrcFileId="31" StartOffset="5933"/>
<Loc EndOffset="6028" SrcFileId="31" StartOffset="5992"/>
<Loc EndOffset="6093" SrcFileId="31" StartOffset="6039"/>
<Loc EndOffset="6123" SrcFileId="31" StartOffset="6100"/>
<Loc EndOffset="6172" SrcFileId="31" StartOffset="5652"/>
</LocList>
<BasicStmnt CovItemId="S66" CovItemPrefix="dataModels.UploadData.java" Intrnl_Id="2028">
<LocList>
<Loc EndOffset="5719" SrcFileId="31" StartOffset="5663"/>
</LocList>
</BasicStmnt>
<BasicStmnt CovItemId="S67" CovItemPrefix="dataModels.UploadData.java" Intrnl_Id="2029">
<LocList>
<Loc EndOffset="5769" SrcFileId="31" StartOffset="5728"/>
</LocList>
</BasicStmnt>
<CondStmnt CovItemId="S68" CovItemPrefix="dataModels.UploadData.java" Intrnl_Id="2030">
<Branch CovItemId="B22" CovItemPrefix="dataModels.UploadData.java" Implct="false" Intrnl_Id="2031">
<Cond/>
<LocList>
<Loc EndOffset="5828" SrcFileId="31" StartOffset="5795"/>
</LocList>
<StmntSeq Intrnl_Id="2032">
<LocList>
<Loc EndOffset="5828" SrcFileId="31" StartOffset="5795"/>
</LocList>
<BasicStmnt CovItemId="S69" CovItemPrefix="dataModels.UploadData.java" Intrnl_Id="2033">
<LocList>
<Loc EndOffset="5828" SrcFileId="31" StartOffset="5795"/>
</LocList>
</BasicStmnt>
</StmntSeq>
</Branch>
<Branch CovItemId="B23" CovItemPrefix="dataModels.UploadData.java" Implct="true" Intrnl_Id="2034">
<Cond/>
<LocList/>
<StmntSeq Intrnl_Id="2035">
<LocList/>
</StmntSeq>
</Branch>
<Keyword EndOffset="5778" SrcFileId="31" StartOffset="5776"/>
<LocList>
<Loc EndOffset="5828" SrcFileId="31" StartOffset="5776"/>
</LocList>
</CondStmnt>
<BasicStmnt CovItemId="S70" CovItemPrefix="dataModels.UploadData.java" Intrnl_Id="2036">
<LocList>
<Loc EndOffset="5870" SrcFileId="31" StartOffset="5835"/>
</LocList>
</BasicStmnt>
<BasicStmnt CovItemId="S71" CovItemPrefix="dataModels.UploadData.java" Intrnl_Id="2037">
<LocList>
<Loc EndOffset="5926" SrcFileId="31" StartOffset="5884"/>
</LocList>
</BasicStmnt>
<CondStmnt CovItemId="S72" CovItemPrefix="dataModels.UploadData.java" Intrnl_Id="2038">
<Branch CovItemId="B24" CovItemPrefix="dataModels.UploadData.java" Implct="false" Intrnl_Id="2039">
<Cond/>
<LocList>
<Loc EndOffset="5985" SrcFileId="31" StartOffset="5952"/>
</LocList>
<StmntSeq Intrnl_Id="2040">
<LocList>
<Loc EndOffset="5985" SrcFileId="31" StartOffset="5952"/>
</LocList>
<BasicStmnt CovItemId="S73" CovItemPrefix="dataModels.UploadData.java" Intrnl_Id="2041">
<LocList>
<Loc EndOffset="5985" SrcFileId="31" StartOffset="5952"/>
</LocList>
</BasicStmnt>
</StmntSeq>
</Branch>
<Branch CovItemId="B25" CovItemPrefix="dataModels.UploadData.java" Implct="true" Intrnl_Id="2042">
<Cond/>
<LocList/>
<StmntSeq Intrnl_Id="2043">
<LocList/>
</StmntSeq>
</Branch>
<Keyword EndOffset="5935" SrcFileId="31" StartOffset="5933"/>
<LocList>
<Loc EndOffset="5985" SrcFileId="31" StartOffset="5933"/>
</LocList>
</CondStmnt>
<BasicStmnt CovItemId="S74" CovItemPrefix="dataModels.UploadData.java" Intrnl_Id="2044">
<LocList>
<Loc EndOffset="6028" SrcFileId="31" StartOffset="5992"/>
</LocList>
</BasicStmnt>
<BasicStmnt CovItemId="S75" CovItemPrefix="dataModels.UploadData.java" Intrnl_Id="2045">
<LocList>
<Loc EndOffset="6093" SrcFileId="31" StartOffset="6039"/>
</LocList>
</BasicStmnt>
<BasicStmnt CovItemId="S76" CovItemPrefix="dataModels.UploadData.java" Intrnl_Id="2046">
<LocList>
<Loc EndOffset="6123" SrcFileId="31" StartOffset="6100"/>
</LocList>
</BasicStmnt>
<CondStmnt CovItemId="S65" CovItemPrefix="dataModels.UploadData.java" Intrnl_Id="2047">
<Branch CovItemId="B21" CovItemPrefix="dataModels.UploadData.java" Implct="true" Intrnl_Id="2048">
<Cond/>
<LocList/>
<StmntSeq Intrnl_Id="2049">
<LocList/>
</StmntSeq>
</Branch>
<Branch CovItemId="B26" CovItemPrefix="dataModels.UploadData.java" Implct="false" Intrnl_Id="2050">
<Cond>
<Loc EndOffset="6164" SrcFileId="31" StartOffset="6136"/>
</Cond>
<LocList>
<Loc EndOffset="6172" SrcFileId="31" StartOffset="6170"/>
</LocList>
<StmntSeq Intrnl_Id="2051">
<LocList/>
</StmntSeq>
</Branch>
<Keyword EndOffset="5655" SrcFileId="31" StartOffset="5652"/>
<LocList>
<Loc EndOffset="6172" SrcFileId="31" StartOffset="5652"/>
</LocList>
</CondStmnt>
</StmntSeq>
<Keyword EndOffset="5609" SrcFileId="31" StartOffset="5606"/>
<LocList>
<Loc EndOffset="6178" SrcFileId="31" StartOffset="5606"/>
</LocList>
</LoopStmnt>
<BasicStmnt CovItemId="S77" CovItemPrefix="dataModels.UploadData.java" Intrnl_Id="2052">
<LocList>
<Loc EndOffset="6201" SrcFileId="31" StartOffset="6185"/>
</LocList>
</BasicStmnt>
</StmntSeq>
</HierarchyLvl>
<HierarchyLvl HierarchyLvlId="23748" HierarchyLvlTypeId="45" Intrnl_Id="2053" Name="deserialize">
<Header>
<Loc EndOffset="6467" SrcFileId="31" StartOffset="6326"/>
</Header>
<LocList>
<Loc EndOffset="6895" SrcFileId="31" StartOffset="6326"/>
</LocList>
<StmntSeq Intrnl_Id="2054">
<LocList>
<Loc EndOffset="6529" SrcFileId="31" StartOffset="6476"/>
<Loc EndOffset="6598" SrcFileId="31" StartOffset="6536"/>
<Loc EndOffset="6675" SrcFileId="31" StartOffset="6605"/>
<Loc EndOffset="6733" SrcFileId="31" StartOffset="6682"/>
<Loc EndOffset="6799" SrcFileId="31" StartOffset="6738"/>
<Loc EndOffset="6865" SrcFileId="31" StartOffset="6806"/>
<Loc EndOffset="6890" SrcFileId="31" StartOffset="6872"/>
</LocList>
<BasicStmnt CovItemId="S78" CovItemPrefix="dataModels.UploadData.java" Intrnl_Id="2055">
<LocList>
<Loc EndOffset="6529" SrcFileId="31" StartOffset="6476"/>
</LocList>
</BasicStmnt>
<BasicStmnt CovItemId="S79" CovItemPrefix="dataModels.UploadData.java" Intrnl_Id="2056">
<LocList>
<Loc EndOffset="6598" SrcFileId="31" StartOffset="6536"/>
</LocList>
</BasicStmnt>
<BasicStmnt CovItemId="S80" CovItemPrefix="dataModels.UploadData.java" Intrnl_Id="2057">
<LocList>
<Loc EndOffset="6675" SrcFileId="31" StartOffset="6605"/>
</LocList>
</BasicStmnt>
<BasicStmnt CovItemId="S81" CovItemPrefix="dataModels.UploadData.java" Intrnl_Id="2058">
<LocList>
<Loc EndOffset="6733" SrcFileId="31" StartOffset="6682"/>
</LocList>
</BasicStmnt>
<BasicStmnt CovItemId="S82" CovItemPrefix="dataModels.UploadData.java" Intrnl_Id="2059">
<LocList>
<Loc EndOffset="6799" SrcFileId="31" StartOffset="6738"/>
</LocList>
</BasicStmnt>
<BasicStmnt CovItemId="S83" CovItemPrefix="dataModels.UploadData.java" Intrnl_Id="2060">
<LocList>
<Loc EndOffset="6865" SrcFileId="31" StartOffset="6806"/>
</LocList>
</BasicStmnt>
<BasicStmnt CovItemId="S84" CovItemPrefix="dataModels.UploadData.java" Intrnl_Id="2061">
<LocList>
<Loc EndOffset="6890" SrcFileId="31" StartOffset="6872"/>
</LocList>
</BasicStmnt>
</StmntSeq>
</HierarchyLvl>
</HierarchyLvl>
</HierarchyLvl>
<HierarchyLvl HierarchyLvlId="23759" HierarchyLvlTypeId="44" Intrnl_Id="2062" Name="RankingStatistics">
<Header>
<Loc EndOffset="141" SrcFileId="32" StartOffset="111"/>
</Header>
<LocList>
<Loc EndOffset="1186" SrcFileId="32" StartOffset="111"/>
<Loc EndOffset="1918" SrcFileId="32" StartOffset="1913"/>
</LocList>
<HierarchyLvl HierarchyLvlId="23751" HierarchyLvlTypeId="45" Intrnl_Id="2063" Name="RankingStatistics">
<Header>
<Loc EndOffset="304" SrcFileId="32" StartOffset="278"/>
</Header>
<LocList>
<Loc EndOffset="308" SrcFileId="32" StartOffset="278"/>
</LocList>
</HierarchyLvl>
<HierarchyLvl HierarchyLvlId="23752" HierarchyLvlTypeId="45" Intrnl_Id="2064" Name="RankingStatistics">
<Header>
<Loc EndOffset="445" SrcFileId="32" StartOffset="357"/>
</Header>
<LocList>
<Loc EndOffset="524" SrcFileId="32" StartOffset="357"/>
</LocList>
<StmntSeq Intrnl_Id="2065">
<LocList>
<Loc EndOffset="485" SrcFileId="32" StartOffset="455"/>
<Loc EndOffset="519" SrcFileId="32" StartOffset="490"/>
</LocList>
<BasicStmnt CovItemId="S1" CovItemPrefix="dataModels.RankingStatistics.java" Intrnl_Id="2066">
<LocList>
<Loc EndOffset="485" SrcFileId="32" StartOffset="455"/>
</LocList>
</BasicStmnt>
<BasicStmnt CovItemId="S2" CovItemPrefix="dataModels.RankingStatistics.java" Intrnl_Id="2067">
<LocList>
<Loc EndOffset="519" SrcFileId="32" StartOffset="490"/>
</LocList>
</BasicStmnt>
</StmntSeq>
</HierarchyLvl>
<HierarchyLvl HierarchyLvlId="23753" HierarchyLvlTypeId="45" Intrnl_Id="2068" Name="getMyRankData">
<Header>
<Loc EndOffset="666" SrcFileId="32" StartOffset="630"/>
</Header>
<LocList>
<Loc EndOffset="696" SrcFileId="32" StartOffset="630"/>
</LocList>
<StmntSeq Intrnl_Id="2069">
<LocList>
<Loc EndOffset="691" SrcFileId="32" StartOffset="673"/>
</LocList>
<BasicStmnt CovItemId="S3" CovItemPrefix="dataModels.RankingStatistics.java" Intrnl_Id="2070">
<LocList>
<Loc EndOffset="691" SrcFileId="32" StartOffset="673"/>
</LocList>
</BasicStmnt>
</StmntSeq>
</HierarchyLvl>
<HierarchyLvl HierarchyLvlId="23754" HierarchyLvlTypeId="45" Intrnl_Id="2071" Name="setMyRankData">
<Header>
<Loc EndOffset="848" SrcFileId="32" StartOffset="797"/>
</Header>
<LocList>
<Loc EndOffset="889" SrcFileId="32" StartOffset="797"/>
</LocList>
<StmntSeq Intrnl_Id="2072">
<LocList>
<Loc EndOffset="884" SrcFileId="32" StartOffset="855"/>
</LocList>
<BasicStmnt CovItemId="S4" CovItemPrefix="dataModels.RankingStatistics.java" Intrnl_Id="2073">
<LocList>
<Loc EndOffset="884" SrcFileId="32" StartOffset="855"/>
</LocList>
</BasicStmnt>
</StmntSeq>
</HierarchyLvl>
<HierarchyLvl HierarchyLvlId="23755" HierarchyLvlTypeId="45" Intrnl_Id="2074" Name="getRankedData">
<Header>
<Loc EndOffset="1016" SrcFileId="32" StartOffset="969"/>
</Header>
<LocList>
<Loc EndOffset="1046" SrcFileId="32" StartOffset="969"/>
</LocList>
<StmntSeq Intrnl_Id="2075">
<LocList>
<Loc EndOffset="1041" SrcFileId="32" StartOffset="1023"/>
</LocList>
<BasicStmnt CovItemId="S5" CovItemPrefix="dataModels.RankingStatistics.java" Intrnl_Id="2076">
<LocList>
<Loc EndOffset="1041" SrcFileId="32" StartOffset="1023"/>
</LocList>
</BasicStmnt>
</StmntSeq>
</HierarchyLvl>
<HierarchyLvl HierarchyLvlId="23758" HierarchyLvlTypeId="44" Intrnl_Id="2077" Name="RankedDataRow">
<Header>
<Loc EndOffset="1219" SrcFileId="32" StartOffset="1186"/>
</Header>
<LocList>
<Loc EndOffset="1913" SrcFileId="32" StartOffset="1186"/>
</LocList>
<HierarchyLvl HierarchyLvlId="23756" HierarchyLvlTypeId="45" Intrnl_Id="2078" Name="RankedDataRow">
<Header>
<Loc EndOffset="1480" SrcFileId="32" StartOffset="1458"/>
</Header>
<LocList>
<Loc EndOffset="1483" SrcFileId="32" StartOffset="1458"/>
</LocList>
</HierarchyLvl>
<HierarchyLvl HierarchyLvlId="23757" HierarchyLvlTypeId="45" Intrnl_Id="2079" Name="RankedDataRow">
<Header>
<Loc EndOffset="1796" SrcFileId="32" StartOffset="1727"/>
</Header>
<LocList>
<Loc EndOffset="1903" SrcFileId="32" StartOffset="1727"/>
</LocList>
<StmntSeq Intrnl_Id="2080">
<LocList>
<Loc EndOffset="1833" SrcFileId="32" StartOffset="1808"/>
<Loc EndOffset="1864" SrcFileId="32" StartOffset="1839"/>
<Loc EndOffset="1897" SrcFileId="32" StartOffset="1870"/>
</LocList>
<BasicStmnt CovItemId="S6" CovItemPrefix="dataModels.RankingStatistics.java" Intrnl_Id="2081">
<LocList>
<Loc EndOffset="1833" SrcFileId="32" StartOffset="1808"/>
</LocList>
</BasicStmnt>
<BasicStmnt CovItemId="S7" CovItemPrefix="dataModels.RankingStatistics.java" Intrnl_Id="2082">
<LocList>
<Loc EndOffset="1864" SrcFileId="32" StartOffset="1839"/>
</LocList>
</BasicStmnt>
<BasicStmnt CovItemId="S8" CovItemPrefix="dataModels.RankingStatistics.java" Intrnl_Id="2083">
<LocList>
<Loc EndOffset="1897" SrcFileId="32" StartOffset="1870"/>
</LocList>
</BasicStmnt>
</StmntSeq>
</HierarchyLvl>
</HierarchyLvl>
</HierarchyLvl>
<HierarchyLvl HierarchyLvlId="23803" HierarchyLvlTypeId="44" Intrnl_Id="2084" Name="PersonalStatistics">
<Header>
<Loc EndOffset="552" SrcFileId="33" StartOffset="521"/>
</Header>
<LocList>
<Loc EndOffset="19250" SrcFileId="33" StartOffset="521"/>
</LocList>
<HierarchyLvl HierarchyLvlId="23760" HierarchyLvlTypeId="45" Intrnl_Id="2085" Name="PersonalStatistics">
<Header>
<Loc EndOffset="3209" SrcFileId="33" StartOffset="3121"/>
</Header>
<LocList>
<Loc EndOffset="3304" SrcFileId="33" StartOffset="3121"/>
</LocList>
<StmntSeq Intrnl_Id="2086">
<LocList>
<Loc EndOffset="3248" SrcFileId="33" StartOffset="3217"/>
<Loc EndOffset="3275" SrcFileId="33" StartOffset="3252"/>
<Loc EndOffset="3300" SrcFileId="33" StartOffset="3279"/>
</LocList>
<BasicStmnt CovItemId="S1" CovItemPrefix="dataModels.PersonalStatistics.java" Intrnl_Id="2087">
<LocList>
<Loc EndOffset="3248" SrcFileId="33" StartOffset="3217"/>
</LocList>
</BasicStmnt>
<BasicStmnt CovItemId="S2" CovItemPrefix="dataModels.PersonalStatistics.java" Intrnl_Id="2088">
<LocList>
<Loc EndOffset="3275" SrcFileId="33" StartOffset="3252"/>
</LocList>
</BasicStmnt>
<BasicStmnt CovItemId="S3" CovItemPrefix="dataModels.PersonalStatistics.java" Intrnl_Id="2089">
<LocList>
<Loc EndOffset="3300" SrcFileId="33" StartOffset="3279"/>
</LocList>
</BasicStmnt>
</StmntSeq>
</HierarchyLvl>
<HierarchyLvl HierarchyLvlId="23761" HierarchyLvlTypeId="45" Intrnl_Id="2090" Name="generateAllStatistics">
<Header>
<Loc EndOffset="3533" SrcFileId="33" StartOffset="3464"/>
</Header>
<LocList>
<Loc EndOffset="5293" SrcFileId="33" StartOffset="3464"/>
</LocList>
<StmntSeq Intrnl_Id="2091">
<LocList>
<Loc EndOffset="3599" SrcFileId="33" StartOffset="3541"/>
<Loc EndOffset="3654" SrcFileId="33" StartOffset="3603"/>
<Loc EndOffset="3713" SrcFileId="33" StartOffset="3658"/>
<Loc EndOffset="3776" SrcFileId="33" StartOffset="3717"/>
<Loc EndOffset="3819" SrcFileId="33" StartOffset="3780"/>
<Loc EndOffset="3872" SrcFileId="33" StartOffset="3823"/>
<Loc EndOffset="3923" SrcFileId="33" StartOffset="3876"/>
<Loc EndOffset="3978" SrcFileId="33" StartOffset="3927"/>
<Loc EndOffset="4037" SrcFileId="33" StartOffset="3982"/>
<Loc EndOffset="4084" SrcFileId="33" StartOffset="4041"/>
<Loc EndOffset="4135" SrcFileId="33" StartOffset="4088"/>
<Loc EndOffset="4184" SrcFileId="33" StartOffset="4139"/>
<Loc EndOffset="4233" SrcFileId="33" StartOffset="4188"/>
<Loc EndOffset="4282" SrcFileId="33" StartOffset="4237"/>
<Loc EndOffset="4335" SrcFileId="33" StartOffset="4286"/>
<Loc EndOffset="4388" SrcFileId="33" StartOffset="4339"/>
<Loc EndOffset="4443" SrcFileId="33" StartOffset="4392"/>
<Loc EndOffset="4491" SrcFileId="33" StartOffset="4447"/>
<Loc EndOffset="4537" SrcFileId="33" StartOffset="4495"/>
<Loc EndOffset="4581" SrcFileId="33" StartOffset="4541"/>
<Loc EndOffset="4629" SrcFileId="33" StartOffset="4585"/>
<Loc EndOffset="4681" SrcFileId="33" StartOffset="4633"/>
<Loc EndOffset="4727" SrcFileId="33" StartOffset="4685"/>
<Loc EndOffset="4771" SrcFileId="33" StartOffset="4731"/>
<Loc EndOffset="4817" SrcFileId="33" StartOffset="4775"/>
<Loc EndOffset="4860" SrcFileId="33" StartOffset="4821"/>
<Loc EndOffset="4905" SrcFileId="33" StartOffset="4864"/>
<Loc EndOffset="4954" SrcFileId="33" StartOffset="4909"/>
<Loc EndOffset="4993" SrcFileId="33" StartOffset="4958"/>
<Loc EndOffset="5033" SrcFileId="33" StartOffset="4997"/>
<Loc EndOffset="5068" SrcFileId="33" StartOffset="5037"/>
<Loc EndOffset="5097" SrcFileId="33" StartOffset="5072"/>
<Loc EndOffset="5137" SrcFileId="33" StartOffset="5101"/>
<Loc EndOffset="5162" SrcFileId="33" StartOffset="5141"/>
<Loc EndOffset="5209" SrcFileId="33" StartOffset="5166"/>
<Loc EndOffset="5256" SrcFileId="33" StartOffset="5213"/>
<Loc EndOffset="5289" SrcFileId="33" StartOffset="5260"/>
</LocList>
<BasicStmnt CovItemId="S4" CovItemPrefix="dataModels.PersonalStatistics.java" Intrnl_Id="2092">
<LocList>
<Loc EndOffset="3599" SrcFileId="33" StartOffset="3541"/>
</LocList>
</BasicStmnt>
<BasicStmnt CovItemId="S5" CovItemPrefix="dataModels.PersonalStatistics.java" Intrnl_Id="2093">
<LocList>
<Loc EndOffset="3654" SrcFileId="33" StartOffset="3603"/>
</LocList>
</BasicStmnt>
<BasicStmnt CovItemId="S6" CovItemPrefix="dataModels.PersonalStatistics.java" Intrnl_Id="2094">
<LocList>
<Loc EndOffset="3713" SrcFileId="33" StartOffset="3658"/>
</LocList>
</BasicStmnt>
<BasicStmnt CovItemId="S7" CovItemPrefix="dataModels.PersonalStatistics.java" Intrnl_Id="2095">
<LocList>
<Loc EndOffset="3776" SrcFileId="33" StartOffset="3717"/>
</LocList>
</BasicStmnt>
<BasicStmnt CovItemId="S8" CovItemPrefix="dataModels.PersonalStatistics.java" Intrnl_Id="2096">
<LocList>
<Loc EndOffset="3819" SrcFileId="33" StartOffset="3780"/>
</LocList>
</BasicStmnt>
<BasicStmnt CovItemId="S9" CovItemPrefix="dataModels.PersonalStatistics.java" Intrnl_Id="2097">
<LocList>
<Loc EndOffset="3872" SrcFileId="33" StartOffset="3823"/>
</LocList>
</BasicStmnt>
<BasicStmnt CovItemId="S10" CovItemPrefix="dataModels.PersonalStatistics.java" Intrnl_Id="2098">
<LocList>
<Loc EndOffset="3923" SrcFileId="33" StartOffset="3876"/>
</LocList>
</BasicStmnt>
<BasicStmnt CovItemId="S11" CovItemPrefix="dataModels.PersonalStatistics.java" Intrnl_Id="2099">
<LocList>
<Loc EndOffset="3978" SrcFileId="33" StartOffset="3927"/>
</LocList>
</BasicStmnt>
<BasicStmnt CovItemId="S12" CovItemPrefix="dataModels.PersonalStatistics.java" Intrnl_Id="2100">
<LocList>
<Loc EndOffset="4037" SrcFileId="33" StartOffset="3982"/>
</LocList>
</BasicStmnt>
<BasicStmnt CovItemId="S13" CovItemPrefix="dataModels.PersonalStatistics.java" Intrnl_Id="2101">
<LocList>
<Loc EndOffset="4084" SrcFileId="33" StartOffset="4041"/>
</LocList>
</BasicStmnt>
<BasicStmnt CovItemId="S14" CovItemPrefix="dataModels.PersonalStatistics.java" Intrnl_Id="2102">
<LocList>
<Loc EndOffset="4135" SrcFileId="33" StartOffset="4088"/>
</LocList>
</BasicStmnt>
<BasicStmnt CovItemId="S15" CovItemPrefix="dataModels.PersonalStatistics.java" Intrnl_Id="2103">
<LocList>
<Loc EndOffset="4184" SrcFileId="33" StartOffset="4139"/>
</LocList>
</BasicStmnt>
<BasicStmnt CovItemId="S16" CovItemPrefix="dataModels.PersonalStatistics.java" Intrnl_Id="2104">
<LocList>
<Loc EndOffset="4233" SrcFileId="33" StartOffset="4188"/>
</LocList>
</BasicStmnt>
<BasicStmnt CovItemId="S17" CovItemPrefix="dataModels.PersonalStatistics.java" Intrnl_Id="2105">
<LocList>
<Loc EndOffset="4282" SrcFileId="33" StartOffset="4237"/>
</LocList>
</BasicStmnt>
<BasicStmnt CovItemId="S18" CovItemPrefix="dataModels.PersonalStatistics.java" Intrnl_Id="2106">
<LocList>
<Loc EndOffset="4335" SrcFileId="33" StartOffset="4286"/>
</LocList>
</BasicStmnt>
<BasicStmnt CovItemId="S19" CovItemPrefix="dataModels.PersonalStatistics.java" Intrnl_Id="2107">
<LocList>
<Loc EndOffset="4388" SrcFileId="33" StartOffset="4339"/>
</LocList>
</BasicStmnt>
<BasicStmnt CovItemId="S20" CovItemPrefix="dataModels.PersonalStatistics.java" Intrnl_Id="2108">
<LocList>
<Loc EndOffset="4443" SrcFileId="33" StartOffset="4392"/>
</LocList>
</BasicStmnt>
<BasicStmnt CovItemId="S21" CovItemPrefix="dataModels.PersonalStatistics.java" Intrnl_Id="2109">
<LocList>
<Loc EndOffset="4491" SrcFileId="33" StartOffset="4447"/>
</LocList>
</BasicStmnt>
<BasicStmnt CovItemId="S22" CovItemPrefix="dataModels.PersonalStatistics.java" Intrnl_Id="2110">
<LocList>
<Loc EndOffset="4537" SrcFileId="33" StartOffset="4495"/>
</LocList>
</BasicStmnt>
<BasicStmnt CovItemId="S23" CovItemPrefix="dataModels.PersonalStatistics.java" Intrnl_Id="2111">
<LocList>
<Loc EndOffset="4581" SrcFileId="33" StartOffset="4541"/>
</LocList>
</BasicStmnt>
<BasicStmnt CovItemId="S24" CovItemPrefix="dataModels.PersonalStatistics.java" Intrnl_Id="2112">
<LocList>
<Loc EndOffset="4629" SrcFileId="33" StartOffset="4585"/>
</LocList>
</BasicStmnt>
<BasicStmnt CovItemId="S25" CovItemPrefix="dataModels.PersonalStatistics.java" Intrnl_Id="2113">
<LocList>
<Loc EndOffset="4681" SrcFileId="33" StartOffset="4633"/>
</LocList>
</BasicStmnt>
<BasicStmnt CovItemId="S26" CovItemPrefix="dataModels.PersonalStatistics.java" Intrnl_Id="2114">
<LocList>
<Loc EndOffset="4727" SrcFileId="33" StartOffset="4685"/>
</LocList>
</BasicStmnt>
<BasicStmnt CovItemId="S27" CovItemPrefix="dataModels.PersonalStatistics.java" Intrnl_Id="2115">
<LocList>
<Loc EndOffset="4771" SrcFileId="33" StartOffset="4731"/>
</LocList>
</BasicStmnt>
<BasicStmnt CovItemId="S28" CovItemPrefix="dataModels.PersonalStatistics.java" Intrnl_Id="2116">
<LocList>
<Loc EndOffset="4817" SrcFileId="33" StartOffset="4775"/>
</LocList>
</BasicStmnt>
<BasicStmnt CovItemId="S29" CovItemPrefix="dataModels.PersonalStatistics.java" Intrnl_Id="2117">
<LocList>
<Loc EndOffset="4860" SrcFileId="33" StartOffset="4821"/>
</LocList>
</BasicStmnt>
<BasicStmnt CovItemId="S30" CovItemPrefix="dataModels.PersonalStatistics.java" Intrnl_Id="2118">
<LocList>
<Loc EndOffset="4905" SrcFileId="33" StartOffset="4864"/>
</LocList>
</BasicStmnt>
<BasicStmnt CovItemId="S31" CovItemPrefix="dataModels.PersonalStatistics.java" Intrnl_Id="2119">
<LocList>
<Loc EndOffset="4954" SrcFileId="33" StartOffset="4909"/>
</LocList>
</BasicStmnt>
<BasicStmnt CovItemId="S32" CovItemPrefix="dataModels.PersonalStatistics.java" Intrnl_Id="2120">
<LocList>
<Loc EndOffset="4993" SrcFileId="33" StartOffset="4958"/>
</LocList>
</BasicStmnt>
<BasicStmnt CovItemId="S33" CovItemPrefix="dataModels.PersonalStatistics.java" Intrnl_Id="2121">
<LocList>
<Loc EndOffset="5033" SrcFileId="33" StartOffset="4997"/>
</LocList>
</BasicStmnt>
<BasicStmnt CovItemId="S34" CovItemPrefix="dataModels.PersonalStatistics.java" Intrnl_Id="2122">
<LocList>
<Loc EndOffset="5068" SrcFileId="33" StartOffset="5037"/>
</LocList>
</BasicStmnt>
<BasicStmnt CovItemId="S35" CovItemPrefix="dataModels.PersonalStatistics.java" Intrnl_Id="2123">
<LocList>
<Loc EndOffset="5097" SrcFileId="33" StartOffset="5072"/>
</LocList>
</BasicStmnt>
<BasicStmnt CovItemId="S36" CovItemPrefix="dataModels.PersonalStatistics.java" Intrnl_Id="2124">
<LocList>
<Loc EndOffset="5137" SrcFileId="33" StartOffset="5101"/>
</LocList>
</BasicStmnt>
<BasicStmnt CovItemId="S37" CovItemPrefix="dataModels.PersonalStatistics.java" Intrnl_Id="2125">
<LocList>
<Loc EndOffset="5162" SrcFileId="33" StartOffset="5141"/>
</LocList>
</BasicStmnt>
<BasicStmnt CovItemId="S38" CovItemPrefix="dataModels.PersonalStatistics.java" Intrnl_Id="2126">
<LocList>
<Loc EndOffset="5209" SrcFileId="33" StartOffset="5166"/>
</LocList>
</BasicStmnt>
<BasicStmnt CovItemId="S39" CovItemPrefix="dataModels.PersonalStatistics.java" Intrnl_Id="2127">
<LocList>
<Loc EndOffset="5256" SrcFileId="33" StartOffset="5213"/>
</LocList>
</BasicStmnt>
<BasicStmnt CovItemId="S40" CovItemPrefix="dataModels.PersonalStatistics.java" Intrnl_Id="2128">
<LocList>
<Loc EndOffset="5289" SrcFileId="33" StartOffset="5260"/>
</LocList>
</BasicStmnt>
</StmntSeq>
</HierarchyLvl>
<HierarchyLvl HierarchyLvlId="23762" HierarchyLvlTypeId="45" Intrnl_Id="2129" Name="getMyRating">
<Header>
<Loc EndOffset="5367" SrcFileId="33" StartOffset="5299"/>
</Header>
<LocList>
<Loc EndOffset="5868" SrcFileId="33" StartOffset="5299"/>
</LocList>
<StmntSeq Intrnl_Id="2130">
<LocList>
<Loc EndOffset="5840" SrcFileId="33" StartOffset="5405"/>
<Loc EndOffset="5863" SrcFileId="33" StartOffset="5848"/>
</LocList>
<CondStmnt CovItemId="S41" CovItemPrefix="dataModels.PersonalStatistics.java" Intrnl_Id="2131">
<Branch CovItemId="B1" CovItemPrefix="dataModels.PersonalStatistics.java" Implct="false" Intrnl_Id="2132">
<Cond/>
<LocList>
<Loc EndOffset="5634" SrcFileId="33" StartOffset="5462"/>
</LocList>
<StmntSeq Intrnl_Id="2133">
<LocList>
<Loc EndOffset="5502" SrcFileId="33" StartOffset="5468"/>
<Loc EndOffset="5549" SrcFileId="33" StartOffset="5507"/>
<Loc EndOffset="5629" SrcFileId="33" StartOffset="5554"/>
</LocList>
<BasicStmnt CovItemId="S42" CovItemPrefix="dataModels.PersonalStatistics.java" Intrnl_Id="2134">
<LocList>
<Loc EndOffset="5502" SrcFileId="33" StartOffset="5468"/>
</LocList>
</BasicStmnt>
<BasicStmnt CovItemId="S43" CovItemPrefix="dataModels.PersonalStatistics.java" Intrnl_Id="2135">
<LocList>
<Loc EndOffset="5549" SrcFileId="33" StartOffset="5507"/>
</LocList>
</BasicStmnt>
<BasicStmnt CovItemId="S44" CovItemPrefix="dataModels.PersonalStatistics.java" Intrnl_Id="2136">
<LocList>
<Loc EndOffset="5629" SrcFileId="33" StartOffset="5554"/>
</LocList>
</BasicStmnt>
</StmntSeq>
</Branch>
<Branch CovItemId="B2" CovItemPrefix="dataModels.PersonalStatistics.java" Implct="false" Intrnl_Id="2137">
<Cond>
<Loc EndOffset="5642" SrcFileId="33" StartOffset="5638"/>
</Cond>
<LocList>
<Loc EndOffset="5840" SrcFileId="33" StartOffset="5646"/>
</LocList>
<StmntSeq Intrnl_Id="2138">
<LocList>
<Loc EndOffset="5693" SrcFileId="33" StartOffset="5652"/>
<Loc EndOffset="5749" SrcFileId="33" StartOffset="5698"/>
<Loc EndOffset="5835" SrcFileId="33" StartOffset="5754"/>
</LocList>
<BasicStmnt CovItemId="S45" CovItemPrefix="dataModels.PersonalStatistics.java" Intrnl_Id="2139">
<LocList>
<Loc EndOffset="5693" SrcFileId="33" StartOffset="5652"/>
</LocList>
</BasicStmnt>
<BasicStmnt CovItemId="S46" CovItemPrefix="dataModels.PersonalStatistics.java" Intrnl_Id="2140">
<LocList>
<Loc EndOffset="5749" SrcFileId="33" StartOffset="5698"/>
</LocList>
</BasicStmnt>
<BasicStmnt CovItemId="S47" CovItemPrefix="dataModels.PersonalStatistics.java" Intrnl_Id="2141">
<LocList>
<Loc EndOffset="5835" SrcFileId="33" StartOffset="5754"/>
</LocList>
</BasicStmnt>
</StmntSeq>
</Branch>
<Keyword EndOffset="5407" SrcFileId="33" StartOffset="5405"/>
<LocList>
<Loc EndOffset="5840" SrcFileId="33" StartOffset="5405"/>
</LocList>
</CondStmnt>
<BasicStmnt CovItemId="S48" CovItemPrefix="dataModels.PersonalStatistics.java" Intrnl_Id="2142">
<LocList>
<Loc EndOffset="5863" SrcFileId="33" StartOffset="5848"/>
</LocList>
</BasicStmnt>
</StmntSeq>
</HierarchyLvl>
<HierarchyLvl HierarchyLvlId="23763" HierarchyLvlTypeId="45" Intrnl_Id="2143" Name="getOptimality">
<Header>
<Loc EndOffset="5937" SrcFileId="33" StartOffset="5874"/>
</Header>
<LocList>
<Loc EndOffset="6003" SrcFileId="33" StartOffset="5874"/>
</LocList>
<StmntSeq Intrnl_Id="2144">
<LocList>
<Loc EndOffset="5999" SrcFileId="33" StartOffset="5945"/>
</LocList>
<BasicStmnt CovItemId="S49" CovItemPrefix="dataModels.PersonalStatistics.java" Intrnl_Id="2145">
<LocList>
<Loc EndOffset="5999" SrcFileId="33" StartOffset="5945"/>
</LocList>
</BasicStmnt>
</StmntSeq>
</HierarchyLvl>
<HierarchyLvl HierarchyLvlId="23764" HierarchyLvlTypeId="45" Intrnl_Id="2146" Name="getOptimalityRanking">
<Header>
<Loc EndOffset="6076" SrcFileId="33" StartOffset="6009"/>
</Header>
<LocList>
<Loc EndOffset="6149" SrcFileId="33" StartOffset="6009"/>
</LocList>
<StmntSeq Intrnl_Id="2147">
<LocList>
<Loc EndOffset="6145" SrcFileId="33" StartOffset="6084"/>
</LocList>
<BasicStmnt CovItemId="S50" CovItemPrefix="dataModels.PersonalStatistics.java" Intrnl_Id="2148">
<LocList>
<Loc EndOffset="6145" SrcFileId="33" StartOffset="6084"/>
</LocList>
</BasicStmnt>
</StmntSeq>
</HierarchyLvl>
<HierarchyLvl HierarchyLvlId="23765" HierarchyLvlTypeId="45" Intrnl_Id="2149" Name="getNetMoneyRank">
<Header>
<Loc EndOffset="6352" SrcFileId="33" StartOffset="6290"/>
</Header>
<LocList>
<Loc EndOffset="6423" SrcFileId="33" StartOffset="6290"/>
</LocList>
<StmntSeq Intrnl_Id="2150">
<LocList>
<Loc EndOffset="6419" SrcFileId="33" StartOffset="6360"/>
</LocList>
<BasicStmnt CovItemId="S51" CovItemPrefix="dataModels.PersonalStatistics.java" Intrnl_Id="2151">
<LocList>
<Loc EndOffset="6419" SrcFileId="33" StartOffset="6360"/>
</LocList>
</BasicStmnt>
</StmntSeq>
</HierarchyLvl>
<HierarchyLvl HierarchyLvlId="23766" HierarchyLvlTypeId="45" Intrnl_Id="2152" Name="getTotalDollarsBetOnCalls">
<Header>
<Loc EndOffset="6625" SrcFileId="33" StartOffset="6553"/>
</Header>
<LocList>
<Loc EndOffset="6823" SrcFileId="33" StartOffset="6553"/>
</LocList>
<StmntSeq Intrnl_Id="2153">
<LocList>
<Loc EndOffset="6819" SrcFileId="33" StartOffset="6633"/>
</LocList>
<BasicStmnt CovItemId="S52" CovItemPrefix="dataModels.PersonalStatistics.java" Intrnl_Id="2154">
<LocList>
<Loc EndOffset="6819" SrcFileId="33" StartOffset="6633"/>
</LocList>
</BasicStmnt>
</StmntSeq>
</HierarchyLvl>
<HierarchyLvl HierarchyLvlId="23767" HierarchyLvlTypeId="45" Intrnl_Id="2155" Name="getTotalDollarsBetOnBets">
<Header>
<Loc EndOffset="7030" SrcFileId="33" StartOffset="6959"/>
</Header>
<LocList>
<Loc EndOffset="7227" SrcFileId="33" StartOffset="6959"/>
</LocList>
<StmntSeq Intrnl_Id="2156">
<LocList>
<Loc EndOffset="7223" SrcFileId="33" StartOffset="7038"/>
</LocList>
<BasicStmnt CovItemId="S53" CovItemPrefix="dataModels.PersonalStatistics.java" Intrnl_Id="2157">
<LocList>
<Loc EndOffset="7223" SrcFileId="33" StartOffset="7038"/>
</LocList>
</BasicStmnt>
</StmntSeq>
</HierarchyLvl>
<HierarchyLvl HierarchyLvlId="23768" HierarchyLvlTypeId="45" Intrnl_Id="2158" Name="getTotalDollarsBetOnRaises">
<Header>
<Loc EndOffset="7431" SrcFileId="33" StartOffset="7358"/>
</Header>
<LocList>
<Loc EndOffset="7630" SrcFileId="33" StartOffset="7358"/>
</LocList>
<StmntSeq Intrnl_Id="2159">
<LocList>
<Loc EndOffset="7626" SrcFileId="33" StartOffset="7439"/>
</LocList>
<BasicStmnt CovItemId="S54" CovItemPrefix="dataModels.PersonalStatistics.java" Intrnl_Id="2160">
<LocList>
<Loc EndOffset="7626" SrcFileId="33" StartOffset="7439"/>
</LocList>
</BasicStmnt>
</StmntSeq>
</HierarchyLvl>
<HierarchyLvl HierarchyLvlId="23769" HierarchyLvlTypeId="45" Intrnl_Id="2161" Name="getTotalDollarsBetOnReRaises">
<Header>
<Loc EndOffset="7839" SrcFileId="33" StartOffset="7764"/>
</Header>
<LocList>
<Loc EndOffset="8040" SrcFileId="33" StartOffset="7764"/>
</LocList>
<StmntSeq Intrnl_Id="2162">
<LocList>
<Loc EndOffset="8036" SrcFileId="33" StartOffset="7847"/>
</LocList>
<BasicStmnt CovItemId="S55" CovItemPrefix="dataModels.PersonalStatistics.java" Intrnl_Id="2163">
<LocList>
<Loc EndOffset="8036" SrcFileId="33" StartOffset="7847"/>
</LocList>
</BasicStmnt>
</StmntSeq>
</HierarchyLvl>
<HierarchyLvl HierarchyLvlId="23770" HierarchyLvlTypeId="45" Intrnl_Id="2164" Name="getTotalDollarsBet">
<Header>
<Loc EndOffset="8222" SrcFileId="33" StartOffset="8157"/>
</Header>
<LocList>
<Loc EndOffset="8381" SrcFileId="33" StartOffset="8157"/>
</LocList>
<StmntSeq Intrnl_Id="2165">
<LocList>
<Loc EndOffset="8377" SrcFileId="33" StartOffset="8230"/>
</LocList>
<BasicStmnt CovItemId="S56" CovItemPrefix="dataModels.PersonalStatistics.java" Intrnl_Id="2166">
<LocList>
<Loc EndOffset="8377" SrcFileId="33" StartOffset="8230"/>
</LocList>
</BasicStmnt>
</StmntSeq>
</HierarchyLvl>
<HierarchyLvl HierarchyLvlId="23771" HierarchyLvlTypeId="45" Intrnl_Id="2167" Name="getAvgDollarsBetOnCalls">
<Header>
<Loc EndOffset="8582" SrcFileId="33" StartOffset="8512"/>
</Header>
<LocList>
<Loc EndOffset="8779" SrcFileId="33" StartOffset="8512"/>
</LocList>
<StmntSeq Intrnl_Id="2168">
<LocList>
<Loc EndOffset="8775" SrcFileId="33" StartOffset="8590"/>
</LocList>
<BasicStmnt CovItemId="S57" CovItemPrefix="dataModels.PersonalStatistics.java" Intrnl_Id="2169">
<LocList>
<Loc EndOffset="8775" SrcFileId="33" StartOffset="8590"/>
</LocList>
</BasicStmnt>
</StmntSeq>
</HierarchyLvl>
<HierarchyLvl HierarchyLvlId="23772" HierarchyLvlTypeId="45" Intrnl_Id="2170" Name="getAvgDollarsBetOnBets">
<Header>
<Loc EndOffset="8975" SrcFileId="33" StartOffset="8906"/>
</Header>
<LocList>
<Loc EndOffset="9171" SrcFileId="33" StartOffset="8906"/>
</LocList>
<StmntSeq Intrnl_Id="2171">
<LocList>
<Loc EndOffset="9167" SrcFileId="33" StartOffset="8983"/>
</LocList>
<BasicStmnt CovItemId="S58" CovItemPrefix="dataModels.PersonalStatistics.java" Intrnl_Id="2172">
<LocList>
<Loc EndOffset="9167" SrcFileId="33" StartOffset="8983"/>
</LocList>
</BasicStmnt>
</StmntSeq>
</HierarchyLvl>
<HierarchyLvl HierarchyLvlId="23773" HierarchyLvlTypeId="45" Intrnl_Id="2173" Name="getAvgDollarsBetOnRaises">
<Header>
<Loc EndOffset="9371" SrcFileId="33" StartOffset="9300"/>
</Header>
<LocList>
<Loc EndOffset="9569" SrcFileId="33" StartOffset="9300"/>
</LocList>
<StmntSeq Intrnl_Id="2174">
<LocList>
<Loc EndOffset="9565" SrcFileId="33" StartOffset="9379"/>
</LocList>
<BasicStmnt CovItemId="S59" CovItemPrefix="dataModels.PersonalStatistics.java" Intrnl_Id="2175">
<LocList>
<Loc EndOffset="9565" SrcFileId="33" StartOffset="9379"/>
</LocList>
</BasicStmnt>
</StmntSeq>
</HierarchyLvl>
<HierarchyLvl HierarchyLvlId="23774" HierarchyLvlTypeId="45" Intrnl_Id="2176" Name="getAvgDollarsBetOnReRaises">
<Header>
<Loc EndOffset="9773" SrcFileId="33" StartOffset="9700"/>
</Header>
<LocList>
<Loc EndOffset="9973" SrcFileId="33" StartOffset="9700"/>
</LocList>
<StmntSeq Intrnl_Id="2177">
<LocList>
<Loc EndOffset="9969" SrcFileId="33" StartOffset="9781"/>
</LocList>
<BasicStmnt CovItemId="S60" CovItemPrefix="dataModels.PersonalStatistics.java" Intrnl_Id="2178">
<LocList>
<Loc EndOffset="9969" SrcFileId="33" StartOffset="9781"/>
</LocList>
</BasicStmnt>
</StmntSeq>
</HierarchyLvl>
<HierarchyLvl HierarchyLvlId="23775" HierarchyLvlTypeId="45" Intrnl_Id="2179" Name="getAvgBet">
<Header>
<Loc EndOffset="10148" SrcFileId="33" StartOffset="10092"/>
</Header>
<LocList>
<Loc EndOffset="10333" SrcFileId="33" StartOffset="10092"/>
</LocList>
<StmntSeq Intrnl_Id="2180">
<LocList>
<Loc EndOffset="10329" SrcFileId="33" StartOffset="10156"/>
</LocList>
<BasicStmnt CovItemId="S61" CovItemPrefix="dataModels.PersonalStatistics.java" Intrnl_Id="2181">
<LocList>
<Loc EndOffset="10329" SrcFileId="33" StartOffset="10156"/>
</LocList>
</BasicStmnt>
</StmntSeq>
</HierarchyLvl>
<HierarchyLvl HierarchyLvlId="23776" HierarchyLvlTypeId="45" Intrnl_Id="2182" Name="getTotalNumberOfBets">
<Header>
<Loc EndOffset="10511" SrcFileId="33" StartOffset="10444"/>
</Header>
<LocList>
<Loc EndOffset="10596" SrcFileId="33" StartOffset="10444"/>
</LocList>
<StmntSeq Intrnl_Id="2183">
<LocList>
<Loc EndOffset="10592" SrcFileId="33" StartOffset="10519"/>
</LocList>
<BasicStmnt CovItemId="S62" CovItemPrefix="dataModels.PersonalStatistics.java" Intrnl_Id="2184">
<LocList>
<Loc EndOffset="10592" SrcFileId="33" StartOffset="10519"/>
</LocList>
</BasicStmnt>
</StmntSeq>
</HierarchyLvl>
<HierarchyLvl HierarchyLvlId="23777" HierarchyLvlTypeId="45" Intrnl_Id="2185" Name="getTotalNumberOfChecks">
<Header>
<Loc EndOffset="10778" SrcFileId="33" StartOffset="10709"/>
</Header>
<LocList>
<Loc EndOffset="10865" SrcFileId="33" StartOffset="10709"/>
</LocList>
<StmntSeq Intrnl_Id="2186">
<LocList>
<Loc EndOffset="10861" SrcFileId="33" StartOffset="10786"/>
</LocList>
<BasicStmnt CovItemId="S63" CovItemPrefix="dataModels.PersonalStatistics.java" Intrnl_Id="2187">
<LocList>
<Loc EndOffset="10861" SrcFileId="33" StartOffset="10786"/>
</LocList>
</BasicStmnt>
</StmntSeq>
</HierarchyLvl>
<HierarchyLvl HierarchyLvlId="23778" HierarchyLvlTypeId="45" Intrnl_Id="2188" Name="getTotalNumberOfCalls">
<Header>
<Loc EndOffset="11045" SrcFileId="33" StartOffset="10977"/>
</Header>
<LocList>
<Loc EndOffset="11131" SrcFileId="33" StartOffset="10977"/>
</LocList>
<StmntSeq Intrnl_Id="2189">
<LocList>
<Loc EndOffset="11127" SrcFileId="33" StartOffset="11053"/>
</LocList>
<BasicStmnt CovItemId="S64" CovItemPrefix="dataModels.PersonalStatistics.java" Intrnl_Id="2190">
<LocList>
<Loc EndOffset="11127" SrcFileId="33" StartOffset="11053"/>
</LocList>
</BasicStmnt>
</StmntSeq>
</HierarchyLvl>
<HierarchyLvl HierarchyLvlId="23779" HierarchyLvlTypeId="45" Intrnl_Id="2191" Name="getTotalNumberOfFolds">
<Header>
<Loc EndOffset="11311" SrcFileId="33" StartOffset="11243"/>
</Header>
<LocList>
<Loc EndOffset="11397" SrcFileId="33" StartOffset="11243"/>
</LocList>
<StmntSeq Intrnl_Id="2192">
<LocList>
<Loc EndOffset="11393" SrcFileId="33" StartOffset="11319"/>
</LocList>
<BasicStmnt CovItemId="S65" CovItemPrefix="dataModels.PersonalStatistics.java" Intrnl_Id="2193">
<LocList>
<Loc EndOffset="11393" SrcFileId="33" StartOffset="11319"/>
</LocList>
</BasicStmnt>
</StmntSeq>
</HierarchyLvl>
<HierarchyLvl HierarchyLvlId="23780" HierarchyLvlTypeId="45" Intrnl_Id="2194" Name="getTotalNumberOfRaise">
<Header>
<Loc EndOffset="11578" SrcFileId="33" StartOffset="11510"/>
</Header>
<LocList>
<Loc EndOffset="11665" SrcFileId="33" StartOffset="11510"/>
</LocList>
<StmntSeq Intrnl_Id="2195">
<LocList>
<Loc EndOffset="11661" SrcFileId="33" StartOffset="11586"/>
</LocList>
<BasicStmnt CovItemId="S66" CovItemPrefix="dataModels.PersonalStatistics.java" Intrnl_Id="2196">
<LocList>
<Loc EndOffset="11661" SrcFileId="33" StartOffset="11586"/>
</LocList>
</BasicStmnt>
</StmntSeq>
</HierarchyLvl>
<HierarchyLvl HierarchyLvlId="23781" HierarchyLvlTypeId="45" Intrnl_Id="2197" Name="getTotalNumberOfReRaise">
<Header>
<Loc EndOffset="11850" SrcFileId="33" StartOffset="11780"/>
</Header>
<LocList>
<Loc EndOffset="11939" SrcFileId="33" StartOffset="11780"/>
</LocList>
<StmntSeq Intrnl_Id="2198">
<LocList>
<Loc EndOffset="11935" SrcFileId="33" StartOffset="11858"/>
</LocList>
<BasicStmnt CovItemId="S67" CovItemPrefix="dataModels.PersonalStatistics.java" Intrnl_Id="2199">
<LocList>
<Loc EndOffset="11935" SrcFileId="33" StartOffset="11858"/>
</LocList>
</BasicStmnt>
</StmntSeq>
</HierarchyLvl>
<HierarchyLvl HierarchyLvlId="23782" HierarchyLvlTypeId="45" Intrnl_Id="2200" Name="getTotalNumberOfPotsWon">
<Header>
<Loc EndOffset="12119" SrcFileId="33" StartOffset="12049"/>
</Header>
<LocList>
<Loc EndOffset="12204" SrcFileId="33" StartOffset="12049"/>
</LocList>
<StmntSeq Intrnl_Id="2201">
<LocList>
<Loc EndOffset="12200" SrcFileId="33" StartOffset="12127"/>
</LocList>
<BasicStmnt CovItemId="S68" CovItemPrefix="dataModels.PersonalStatistics.java" Intrnl_Id="2202">
<LocList>
<Loc EndOffset="12200" SrcFileId="33" StartOffset="12127"/>
</LocList>
</BasicStmnt>
</StmntSeq>
</HierarchyLvl>
<HierarchyLvl HierarchyLvlId="23783" HierarchyLvlTypeId="45" Intrnl_Id="2203" Name="getTotalNumberOfPotsLoss">
<Header>
<Loc EndOffset="12386" SrcFileId="33" StartOffset="12315"/>
</Header>
<LocList>
<Loc EndOffset="12472" SrcFileId="33" StartOffset="12315"/>
</LocList>
<StmntSeq Intrnl_Id="2204">
<LocList>
<Loc EndOffset="12468" SrcFileId="33" StartOffset="12394"/>
</LocList>
<BasicStmnt CovItemId="S69" CovItemPrefix="dataModels.PersonalStatistics.java" Intrnl_Id="2205">
<LocList>
<Loc EndOffset="12468" SrcFileId="33" StartOffset="12394"/>
</LocList>
</BasicStmnt>
</StmntSeq>
</HierarchyLvl>
<HierarchyLvl HierarchyLvlId="23784" HierarchyLvlTypeId="45" Intrnl_Id="2206" Name="getAvgDollarsPotOnChecks">
<Header>
<Loc EndOffset="12656" SrcFileId="33" StartOffset="12585"/>
</Header>
<LocList>
<Loc EndOffset="12854" SrcFileId="33" StartOffset="12585"/>
</LocList>
<StmntSeq Intrnl_Id="2207">
<LocList>
<Loc EndOffset="12850" SrcFileId="33" StartOffset="12664"/>
</LocList>
<BasicStmnt CovItemId="S70" CovItemPrefix="dataModels.PersonalStatistics.java" Intrnl_Id="2208">
<LocList>
<Loc EndOffset="12850" SrcFileId="33" StartOffset="12664"/>
</LocList>
</BasicStmnt>
</StmntSeq>
</HierarchyLvl>
<HierarchyLvl HierarchyLvlId="23785" HierarchyLvlTypeId="45" Intrnl_Id="2209" Name="getAvgDollarsPotOnCalls">
<Header>
<Loc EndOffset="13037" SrcFileId="33" StartOffset="12967"/>
</Header>
<LocList>
<Loc EndOffset="13234" SrcFileId="33" StartOffset="12967"/>
</LocList>
<StmntSeq Intrnl_Id="2210">
<LocList>
<Loc EndOffset="13230" SrcFileId="33" StartOffset="13045"/>
</LocList>
<BasicStmnt CovItemId="S71" CovItemPrefix="dataModels.PersonalStatistics.java" Intrnl_Id="2211">
<LocList>
<Loc EndOffset="13230" SrcFileId="33" StartOffset="13045"/>
</LocList>
</BasicStmnt>
</StmntSeq>
</HierarchyLvl>
<HierarchyLvl HierarchyLvlId="23786" HierarchyLvlTypeId="45" Intrnl_Id="2212" Name="getAvgDollarsPotOnBets">
<Header>
<Loc EndOffset="13415" SrcFileId="33" StartOffset="13346"/>
</Header>
<LocList>
<Loc EndOffset="13611" SrcFileId="33" StartOffset="13346"/>
</LocList>
<StmntSeq Intrnl_Id="2213">
<LocList>
<Loc EndOffset="13607" SrcFileId="33" StartOffset="13423"/>
</LocList>
<BasicStmnt CovItemId="S72" CovItemPrefix="dataModels.PersonalStatistics.java" Intrnl_Id="2214">
<LocList>
<Loc EndOffset="13607" SrcFileId="33" StartOffset="13423"/>
</LocList>
</BasicStmnt>
</StmntSeq>
</HierarchyLvl>
<HierarchyLvl HierarchyLvlId="23787" HierarchyLvlTypeId="45" Intrnl_Id="2215" Name="getAvgDollarsPotOnRaises">
<Header>
<Loc EndOffset="13796" SrcFileId="33" StartOffset="13725"/>
</Header>
<LocList>
<Loc EndOffset="13994" SrcFileId="33" StartOffset="13725"/>
</LocList>
<StmntSeq Intrnl_Id="2216">
<LocList>
<Loc EndOffset="13990" SrcFileId="33" StartOffset="13804"/>
</LocList>
<BasicStmnt CovItemId="S73" CovItemPrefix="dataModels.PersonalStatistics.java" Intrnl_Id="2217">
<LocList>
<Loc EndOffset="13990" SrcFileId="33" StartOffset="13804"/>
</LocList>
</BasicStmnt>
</StmntSeq>
</HierarchyLvl>
<HierarchyLvl HierarchyLvlId="23788" HierarchyLvlTypeId="45" Intrnl_Id="2218" Name="getAvgDollarsPotOnReRaises">
<Header>
<Loc EndOffset="14183" SrcFileId="33" StartOffset="14110"/>
</Header>
<LocList>
<Loc EndOffset="14383" SrcFileId="33" StartOffset="14110"/>
</LocList>
<StmntSeq Intrnl_Id="2219">
<LocList>
<Loc EndOffset="14379" SrcFileId="33" StartOffset="14191"/>
</LocList>
<BasicStmnt CovItemId="S74" CovItemPrefix="dataModels.PersonalStatistics.java" Intrnl_Id="2220">
<LocList>
<Loc EndOffset="14379" SrcFileId="33" StartOffset="14191"/>
</LocList>
</BasicStmnt>
</StmntSeq>
</HierarchyLvl>
<HierarchyLvl HierarchyLvlId="23789" HierarchyLvlTypeId="45" Intrnl_Id="2221" Name="getAvgDollarsPotOnFolds">
<Header>
<Loc EndOffset="14566" SrcFileId="33" StartOffset="14496"/>
</Header>
<LocList>
<Loc EndOffset="14763" SrcFileId="33" StartOffset="14496"/>
</LocList>
<StmntSeq Intrnl_Id="2222">
<LocList>
<Loc EndOffset="14759" SrcFileId="33" StartOffset="14574"/>
</LocList>
<BasicStmnt CovItemId="S75" CovItemPrefix="dataModels.PersonalStatistics.java" Intrnl_Id="2223">
<LocList>
<Loc EndOffset="14759" SrcFileId="33" StartOffset="14574"/>
</LocList>
</BasicStmnt>
</StmntSeq>
</HierarchyLvl>
<HierarchyLvl HierarchyLvlId="23790" HierarchyLvlTypeId="45" Intrnl_Id="2224" Name="getAvgDollarsPotOnWins">
<Header>
<Loc EndOffset="14944" SrcFileId="33" StartOffset="14875"/>
</Header>
<LocList>
<Loc EndOffset="15140" SrcFileId="33" StartOffset="14875"/>
</LocList>
<StmntSeq Intrnl_Id="2225">
<LocList>
<Loc EndOffset="15136" SrcFileId="33" StartOffset="14952"/>
</LocList>
<BasicStmnt CovItemId="S76" CovItemPrefix="dataModels.PersonalStatistics.java" Intrnl_Id="2226">
<LocList>
<Loc EndOffset="15136" SrcFileId="33" StartOffset="14952"/>
</LocList>
</BasicStmnt>
</StmntSeq>
</HierarchyLvl>
<HierarchyLvl HierarchyLvlId="23791" HierarchyLvlTypeId="45" Intrnl_Id="2227" Name="getAvgDollarsPotOnLoses">
<Header>
<Loc EndOffset="15323" SrcFileId="33" StartOffset="15253"/>
</Header>
<LocList>
<Loc EndOffset="15520" SrcFileId="33" StartOffset="15253"/>
</LocList>
<StmntSeq Intrnl_Id="2228">
<LocList>
<Loc EndOffset="15516" SrcFileId="33" StartOffset="15331"/>
</LocList>
<BasicStmnt CovItemId="S77" CovItemPrefix="dataModels.PersonalStatistics.java" Intrnl_Id="2229">
<LocList>
<Loc EndOffset="15516" SrcFileId="33" StartOffset="15331"/>
</LocList>
</BasicStmnt>
</StmntSeq>
</HierarchyLvl>
<HierarchyLvl HierarchyLvlId="23792" HierarchyLvlTypeId="45" Intrnl_Id="2230" Name="getTotalDollarsWon">
<Header>
<Loc EndOffset="15702" SrcFileId="33" StartOffset="15637"/>
</Header>
<LocList>
<Loc EndOffset="15898" SrcFileId="33" StartOffset="15637"/>
</LocList>
<StmntSeq Intrnl_Id="2231">
<LocList>
<Loc EndOffset="15894" SrcFileId="33" StartOffset="15710"/>
</LocList>
<BasicStmnt CovItemId="S78" CovItemPrefix="dataModels.PersonalStatistics.java" Intrnl_Id="2232">
<LocList>
<Loc EndOffset="15894" SrcFileId="33" StartOffset="15710"/>
</LocList>
</BasicStmnt>
</StmntSeq>
</HierarchyLvl>
<HierarchyLvl HierarchyLvlId="23793" HierarchyLvlTypeId="45" Intrnl_Id="2233" Name="getTotalDollarsLoss">
<Header>
<Loc EndOffset="16084" SrcFileId="33" StartOffset="16018"/>
</Header>
<LocList>
<Loc EndOffset="16281" SrcFileId="33" StartOffset="16018"/>
</LocList>
<StmntSeq Intrnl_Id="2234">
<LocList>
<Loc EndOffset="16277" SrcFileId="33" StartOffset="16092"/>
</LocList>
<BasicStmnt CovItemId="S79" CovItemPrefix="dataModels.PersonalStatistics.java" Intrnl_Id="2235">
<LocList>
<Loc EndOffset="16277" SrcFileId="33" StartOffset="16092"/>
</LocList>
</BasicStmnt>
</StmntSeq>
</HierarchyLvl>
<HierarchyLvl HierarchyLvlId="23794" HierarchyLvlTypeId="45" Intrnl_Id="2236" Name="getTotalDollarsFolded">
<Header>
<Loc EndOffset="16471" SrcFileId="33" StartOffset="16403"/>
</Header>
<LocList>
<Loc EndOffset="16668" SrcFileId="33" StartOffset="16403"/>
</LocList>
<StmntSeq Intrnl_Id="2237">
<LocList>
<Loc EndOffset="16664" SrcFileId="33" StartOffset="16479"/>
</LocList>
<BasicStmnt CovItemId="S80" CovItemPrefix="dataModels.PersonalStatistics.java" Intrnl_Id="2238">
<LocList>
<Loc EndOffset="16664" SrcFileId="33" StartOffset="16479"/>
</LocList>
</BasicStmnt>
</StmntSeq>
</HierarchyLvl>
<HierarchyLvl HierarchyLvlId="23795" HierarchyLvlTypeId="45" Intrnl_Id="2239" Name="getWinPercentage">
<Header>
<Loc EndOffset="16848" SrcFileId="33" StartOffset="16782"/>
</Header>
<LocList>
<Loc EndOffset="17045" SrcFileId="33" StartOffset="16782"/>
</LocList>
<StmntSeq Intrnl_Id="2240">
<LocList>
<Loc EndOffset="16903" SrcFileId="33" StartOffset="16856"/>
<Loc EndOffset="16960" SrcFileId="33" StartOffset="16907"/>
<Loc EndOffset="17035" SrcFileId="33" StartOffset="16969"/>
</LocList>
<BasicStmnt CovItemId="S81" CovItemPrefix="dataModels.PersonalStatistics.java" Intrnl_Id="2241">
<LocList>
<Loc EndOffset="16903" SrcFileId="33" StartOffset="16856"/>
</LocList>
</BasicStmnt>
<BasicStmnt CovItemId="S82" CovItemPrefix="dataModels.PersonalStatistics.java" Intrnl_Id="2242">
<LocList>
<Loc EndOffset="16960" SrcFileId="33" StartOffset="16907"/>
</LocList>
</BasicStmnt>
<CondStmnt CovItemId="S83" CovItemPrefix="dataModels.PersonalStatistics.java" Intrnl_Id="2243">
<Branch CovItemId="B3" CovItemPrefix="dataModels.PersonalStatistics.java" Implct="false" Intrnl_Id="2244">
<Cond/>
<LocList>
<Loc EndOffset="16997" SrcFileId="33" StartOffset="16988"/>
</LocList>
<StmntSeq Intrnl_Id="2245">
<LocList>
<Loc EndOffset="16997" SrcFileId="33" StartOffset="16988"/>
</LocList>
<BasicStmnt CovItemId="S84" CovItemPrefix="dataModels.PersonalStatistics.java" Intrnl_Id="2246">
<LocList>
<Loc EndOffset="16997" SrcFileId="33" StartOffset="16988"/>
</LocList>
</BasicStmnt>
</StmntSeq>
</Branch>
<Branch CovItemId="B4" CovItemPrefix="dataModels.PersonalStatistics.java" Implct="false" Intrnl_Id="2247">
<Cond>
<Loc EndOffset="17005" SrcFileId="33" StartOffset="17001"/>
</Cond>
<LocList>
<Loc EndOffset="17035" SrcFileId="33" StartOffset="17010"/>
</LocList>
<StmntSeq Intrnl_Id="2248">
<LocList>
<Loc EndOffset="17035" SrcFileId="33" StartOffset="17010"/>
</LocList>
<BasicStmnt CovItemId="S85" CovItemPrefix="dataModels.PersonalStatistics.java" Intrnl_Id="2249">
<LocList>
<Loc EndOffset="17035" SrcFileId="33" StartOffset="17010"/>
</LocList>
</BasicStmnt>
</StmntSeq>
</Branch>
<Keyword EndOffset="16971" SrcFileId="33" StartOffset="16969"/>
<LocList>
<Loc EndOffset="17035" SrcFileId="33" StartOffset="16969"/>
</LocList>
</CondStmnt>
</StmntSeq>
</HierarchyLvl>
<HierarchyLvl HierarchyLvlId="23796" HierarchyLvlTypeId="45" Intrnl_Id="2250" Name="getMoneyGenerate">
<Header>
<Loc EndOffset="17231" SrcFileId="33" StartOffset="17168"/>
</Header>
<LocList>
<Loc EndOffset="17297" SrcFileId="33" StartOffset="17168"/>
</LocList>
<StmntSeq Intrnl_Id="2251">
<LocList>
<Loc EndOffset="17293" SrcFileId="33" StartOffset="17239"/>
</LocList>
<BasicStmnt CovItemId="S86" CovItemPrefix="dataModels.PersonalStatistics.java" Intrnl_Id="2252">
<LocList>
<Loc EndOffset="17293" SrcFileId="33" StartOffset="17239"/>
</LocList>
</BasicStmnt>
</StmntSeq>
</HierarchyLvl>
<HierarchyLvl HierarchyLvlId="23797" HierarchyLvlTypeId="45" Intrnl_Id="2253" Name="getTotalNumberOfPots">
<Header>
<Loc EndOffset="17370" SrcFileId="33" StartOffset="17303"/>
</Header>
<LocList>
<Loc EndOffset="17485" SrcFileId="33" StartOffset="17303"/>
</LocList>
<StmntSeq Intrnl_Id="2254">
<LocList>
<Loc EndOffset="17481" SrcFileId="33" StartOffset="17378"/>
</LocList>
<BasicStmnt CovItemId="S87" CovItemPrefix="dataModels.PersonalStatistics.java" Intrnl_Id="2255">
<LocList>
<Loc EndOffset="17481" SrcFileId="33" StartOffset="17378"/>
</LocList>
</BasicStmnt>
</StmntSeq>
</HierarchyLvl>
<HierarchyLvl HierarchyLvlId="23798" HierarchyLvlTypeId="45" Intrnl_Id="2256" Name="getGamesPlayed">
<Header>
<Loc EndOffset="17666" SrcFileId="33" StartOffset="17605"/>
</Header>
<LocList>
<Loc EndOffset="17729" SrcFileId="33" StartOffset="17605"/>
</LocList>
<StmntSeq Intrnl_Id="2257">
<LocList>
<Loc EndOffset="17725" SrcFileId="33" StartOffset="17674"/>
</LocList>
<BasicStmnt CovItemId="S88" CovItemPrefix="dataModels.PersonalStatistics.java" Intrnl_Id="2258">
<LocList>
<Loc EndOffset="17725" SrcFileId="33" StartOffset="17674"/>
</LocList>
</BasicStmnt>
</StmntSeq>
</HierarchyLvl>
<HierarchyLvl HierarchyLvlId="23799" HierarchyLvlTypeId="45" Intrnl_Id="2259" Name="getNetMoney">
<Header>
<Loc EndOffset="17918" SrcFileId="33" StartOffset="17860"/>
</Header>
<LocList>
<Loc EndOffset="18044" SrcFileId="33" StartOffset="17860"/>
</LocList>
<StmntSeq Intrnl_Id="2260">
<LocList>
<Loc EndOffset="18040" SrcFileId="33" StartOffset="17926"/>
</LocList>
<BasicStmnt CovItemId="S89" CovItemPrefix="dataModels.PersonalStatistics.java" Intrnl_Id="2261">
<LocList>
<Loc EndOffset="18040" SrcFileId="33" StartOffset="17926"/>
</LocList>
</BasicStmnt>
</StmntSeq>
</HierarchyLvl>
<HierarchyLvl HierarchyLvlId="23800" HierarchyLvlTypeId="45" Intrnl_Id="2262" Name="updateRankings">
<Header>
<Loc EndOffset="18382" SrcFileId="33" StartOffset="18320"/>
</Header>
<LocList>
<Loc EndOffset="18505" SrcFileId="33" StartOffset="18320"/>
</LocList>
<StmntSeq Intrnl_Id="2263">
<LocList>
<Loc EndOffset="18420" SrcFileId="33" StartOffset="18390"/>
<Loc EndOffset="18456" SrcFileId="33" StartOffset="18424"/>
<Loc EndOffset="18501" SrcFileId="33" StartOffset="18460"/>
</LocList>
<BasicStmnt CovItemId="S90" CovItemPrefix="dataModels.PersonalStatistics.java" Intrnl_Id="2264">
<LocList>
<Loc EndOffset="18420" SrcFileId="33" StartOffset="18390"/>
</LocList>
</BasicStmnt>
<BasicStmnt CovItemId="S91" CovItemPrefix="dataModels.PersonalStatistics.java" Intrnl_Id="2265">
<LocList>
<Loc EndOffset="18456" SrcFileId="33" StartOffset="18424"/>
</LocList>
</BasicStmnt>
<BasicStmnt CovItemId="S92" CovItemPrefix="dataModels.PersonalStatistics.java" Intrnl_Id="2266">
<LocList>
<Loc EndOffset="18501" SrcFileId="33" StartOffset="18460"/>
</LocList>
</BasicStmnt>
</StmntSeq>
</HierarchyLvl>
<HierarchyLvl HierarchyLvlId="23801" HierarchyLvlTypeId="45" Intrnl_Id="2267" Name="updateNetMoneyRankings">
<Header>
<Loc EndOffset="18582" SrcFileId="33" StartOffset="18511"/>
</Header>
<LocList>
<Loc EndOffset="18867" SrcFileId="33" StartOffset="18511"/>
</LocList>
<StmntSeq Intrnl_Id="2268">
<LocList>
<Loc EndOffset="18620" SrcFileId="33" StartOffset="18590"/>
<Loc EndOffset="18832" SrcFileId="33" StartOffset="18624"/>
<Loc EndOffset="18863" SrcFileId="33" StartOffset="18840"/>
</LocList>
<BasicStmnt CovItemId="S93" CovItemPrefix="dataModels.PersonalStatistics.java" Intrnl_Id="2269">
<LocList>
<Loc EndOffset="18620" SrcFileId="33" StartOffset="18590"/>
</LocList>
</BasicStmnt>
<LoopStmnt CovItemId="S94" CovItemPrefix="dataModels.PersonalStatistics.java" Intrnl_Id="2270" MltplExecId="L1-2" MltplExecPrefix="dataModels.PersonalStatistics.java" NvrExecId="L1-0" NvrExecPrefix="dataModels.PersonalStatistics.java" OnceExecutedId="L1-1" OnceExecutedPrefix="dataModels.PersonalStatistics.java" OptBodyExec="true">
<StmntSeq Intrnl_Id="2271">
<LocList>
<Loc EndOffset="18719" SrcFileId="33" StartOffset="18677"/>
<Loc EndOffset="18758" SrcFileId="33" StartOffset="18724"/>
<Loc EndOffset="18827" SrcFileId="33" StartOffset="18768"/>
</LocList>
<BasicStmnt CovItemId="S95" CovItemPrefix="dataModels.PersonalStatistics.java" Intrnl_Id="2272">
<LocList>
<Loc EndOffset="18719" SrcFileId="33" StartOffset="18677"/>
</LocList>
</BasicStmnt>
<BasicStmnt CovItemId="S96" CovItemPrefix="dataModels.PersonalStatistics.java" Intrnl_Id="2273">
<LocList>
<Loc EndOffset="18758" SrcFileId="33" StartOffset="18724"/>
</LocList>
</BasicStmnt>
<BasicStmnt CovItemId="S97" CovItemPrefix="dataModels.PersonalStatistics.java" Intrnl_Id="2274">
<LocList>
<Loc EndOffset="18827" SrcFileId="33" StartOffset="18768"/>
</LocList>
</BasicStmnt>
</StmntSeq>
<Keyword EndOffset="18627" SrcFileId="33" StartOffset="18624"/>
<LocList>
<Loc EndOffset="18832" SrcFileId="33" StartOffset="18624"/>
</LocList>
</LoopStmnt>
<BasicStmnt CovItemId="S98" CovItemPrefix="dataModels.PersonalStatistics.java" Intrnl_Id="2275">
<LocList>
<Loc EndOffset="18863" SrcFileId="33" StartOffset="18840"/>
</LocList>
</BasicStmnt>
</StmntSeq>
</HierarchyLvl>
<HierarchyLvl HierarchyLvlId="23802" HierarchyLvlTypeId="45" Intrnl_Id="2276" Name="updateOptimalityRankings">
<Header>
<Loc EndOffset="18946" SrcFileId="33" StartOffset="18873"/>
</Header>
<LocList>
<Loc EndOffset="19242" SrcFileId="33" StartOffset="18873"/>
</LocList>
<StmntSeq Intrnl_Id="2277">
<LocList>
<Loc EndOffset="18984" SrcFileId="33" StartOffset="18954"/>
<Loc EndOffset="19207" SrcFileId="33" StartOffset="18988"/>
<Loc EndOffset="19238" SrcFileId="33" StartOffset="19215"/>
</LocList>
<BasicStmnt CovItemId="S99" CovItemPrefix="dataModels.PersonalStatistics.java" Intrnl_Id="2278">
<LocList>
<Loc EndOffset="18984" SrcFileId="33" StartOffset="18954"/>
</LocList>
</BasicStmnt>
<LoopStmnt CovItemId="S100" CovItemPrefix="dataModels.PersonalStatistics.java" Intrnl_Id="2279" MltplExecId="L2-2" MltplExecPrefix="dataModels.PersonalStatistics.java" NvrExecId="L2-0" NvrExecPrefix="dataModels.PersonalStatistics.java" OnceExecutedId="L2-1" OnceExecutedPrefix="dataModels.PersonalStatistics.java" OptBodyExec="true">
<StmntSeq Intrnl_Id="2280">
<LocList>
<Loc EndOffset="19083" SrcFileId="33" StartOffset="19041"/>
<Loc EndOffset="19129" SrcFileId="33" StartOffset="19088"/>
<Loc EndOffset="19202" SrcFileId="33" StartOffset="19139"/>
</LocList>
<BasicStmnt CovItemId="S101" CovItemPrefix="dataModels.PersonalStatistics.java" Intrnl_Id="2281">
<LocList>
<Loc EndOffset="19083" SrcFileId="33" StartOffset="19041"/>
</LocList>
</BasicStmnt>
<BasicStmnt CovItemId="S102" CovItemPrefix="dataModels.PersonalStatistics.java" Intrnl_Id="2282">
<LocList>
<Loc EndOffset="19129" SrcFileId="33" StartOffset="19088"/>
</LocList>
</BasicStmnt>
<BasicStmnt CovItemId="S103" CovItemPrefix="dataModels.PersonalStatistics.java" Intrnl_Id="2283">
<LocList>
<Loc EndOffset="19202" SrcFileId="33" StartOffset="19139"/>
</LocList>
</BasicStmnt>
</StmntSeq>
<Keyword EndOffset="18991" SrcFileId="33" StartOffset="18988"/>
<LocList>
<Loc EndOffset="19207" SrcFileId="33" StartOffset="18988"/>
</LocList>
</LoopStmnt>
<BasicStmnt CovItemId="S104" CovItemPrefix="dataModels.PersonalStatistics.java" Intrnl_Id="2284">
<LocList>
<Loc EndOffset="19238" SrcFileId="33" StartOffset="19215"/>
</LocList>
</BasicStmnt>
</StmntSeq>
</HierarchyLvl>
</HierarchyLvl>
<HierarchyLvl HierarchyLvlId="23811" HierarchyLvlTypeId="44" Intrnl_Id="2285" Name="Optimality">
<Header>
<Loc EndOffset="238" SrcFileId="34" StartOffset="215"/>
</Header>
<LocList>
<Loc EndOffset="14752" SrcFileId="34" StartOffset="215"/>
</LocList>
<StmntSeq Intrnl_Id="2286">
<LocList>
<Loc EndOffset="300" SrcFileId="34" StartOffset="248"/>
<Loc EndOffset="356" SrcFileId="34" StartOffset="303"/>
<Loc EndOffset="908" SrcFileId="34" StartOffset="814"/>
<Loc EndOffset="958" SrcFileId="34" StartOffset="928"/>
<Loc EndOffset="995" SrcFileId="34" StartOffset="965"/>
<Loc EndOffset="1032" SrcFileId="34" StartOffset="1002"/>
<Loc EndOffset="1069" SrcFileId="34" StartOffset="1039"/>
<Loc EndOffset="1108" SrcFileId="34" StartOffset="1076"/>
<Loc EndOffset="1147" SrcFileId="34" StartOffset="1115"/>
<Loc EndOffset="1184" SrcFileId="34" StartOffset="1154"/>
<Loc EndOffset="1221" SrcFileId="34" StartOffset="1191"/>
<Loc EndOffset="1260" SrcFileId="34" StartOffset="1228"/>
<Loc EndOffset="1299" SrcFileId="34" StartOffset="1267"/>
<Loc EndOffset="1336" SrcFileId="34" StartOffset="1306"/>
<Loc EndOffset="1375" SrcFileId="34" StartOffset="1343"/>
<Loc EndOffset="1412" SrcFileId="34" StartOffset="1382"/>
<Loc EndOffset="1451" SrcFileId="34" StartOffset="1419"/>
<Loc EndOffset="1488" SrcFileId="34" StartOffset="1458"/>
<Loc EndOffset="1527" SrcFileId="34" StartOffset="1495"/>
<Loc EndOffset="1566" SrcFileId="34" StartOffset="1534"/>
<Loc EndOffset="1605" SrcFileId="34" StartOffset="1573"/>
<Loc EndOffset="1642" SrcFileId="34" StartOffset="1612"/>
<Loc EndOffset="1681" SrcFileId="34" StartOffset="1649"/>
<Loc EndOffset="1718" SrcFileId="34" StartOffset="1688"/>
<Loc EndOffset="1755" SrcFileId="34" StartOffset="1725"/>
<Loc EndOffset="1794" SrcFileId="34" StartOffset="1762"/>
<Loc EndOffset="1833" SrcFileId="34" StartOffset="1801"/>
<Loc EndOffset="1872" SrcFileId="34" StartOffset="1840"/>
<Loc EndOffset="1909" SrcFileId="34" StartOffset="1879"/>
<Loc EndOffset="1948" SrcFileId="34" StartOffset="1916"/>
<Loc EndOffset="1986" SrcFileId="34" StartOffset="1955"/>
<Loc EndOffset="2023" SrcFileId="34" StartOffset="1993"/>
<Loc EndOffset="2060" SrcFileId="34" StartOffset="2030"/>
<Loc EndOffset="2099" SrcFileId="34" StartOffset="2067"/>
<Loc EndOffset="2138" SrcFileId="34" StartOffset="2106"/>
<Loc EndOffset="2177" SrcFileId="34" StartOffset="2145"/>
<Loc EndOffset="2216" SrcFileId="34" StartOffset="2184"/>
<Loc EndOffset="2253" SrcFileId="34" StartOffset="2223"/>
<Loc EndOffset="2292" SrcFileId="34" StartOffset="2260"/>
<Loc EndOffset="2329" SrcFileId="34" StartOffset="2299"/>
<Loc EndOffset="2368" SrcFileId="34" StartOffset="2336"/>
<Loc EndOffset="2407" SrcFileId="34" StartOffset="2375"/>
<Loc EndOffset="2444" SrcFileId="34" StartOffset="2414"/>
<Loc EndOffset="2483" SrcFileId="34" StartOffset="2451"/>
<Loc EndOffset="2523" SrcFileId="34" StartOffset="2490"/>
<Loc EndOffset="2563" SrcFileId="34" StartOffset="2530"/>
<Loc EndOffset="2602" SrcFileId="34" StartOffset="2570"/>
<Loc EndOffset="2642" SrcFileId="34" StartOffset="2609"/>
<Loc EndOffset="2680" SrcFileId="34" StartOffset="2649"/>
<Loc EndOffset="2720" SrcFileId="34" StartOffset="2687"/>
<Loc EndOffset="2758" SrcFileId="34" StartOffset="2727"/>
<Loc EndOffset="2796" SrcFileId="34" StartOffset="2765"/>
<Loc EndOffset="2836" SrcFileId="34" StartOffset="2803"/>
<Loc EndOffset="2876" SrcFileId="34" StartOffset="2843"/>
<Loc EndOffset="2914" SrcFileId="34" StartOffset="2883"/>
<Loc EndOffset="2954" SrcFileId="34" StartOffset="2921"/>
<Loc EndOffset="2994" SrcFileId="34" StartOffset="2961"/>
<Loc EndOffset="3034" SrcFileId="34" StartOffset="3001"/>
<Loc EndOffset="3074" SrcFileId="34" StartOffset="3041"/>
<Loc EndOffset="3114" SrcFileId="34" StartOffset="3081"/>
<Loc EndOffset="3154" SrcFileId="34" StartOffset="3121"/>
<Loc EndOffset="3192" SrcFileId="34" StartOffset="3161"/>
<Loc EndOffset="3232" SrcFileId="34" StartOffset="3199"/>
<Loc EndOffset="3270" SrcFileId="34" StartOffset="3239"/>
<Loc EndOffset="3310" SrcFileId="34" StartOffset="3277"/>
<Loc EndOffset="3348" SrcFileId="34" StartOffset="3317"/>
<Loc EndOffset="3388" SrcFileId="34" StartOffset="3355"/>
<Loc EndOffset="3426" SrcFileId="34" StartOffset="3395"/>
<Loc EndOffset="3466" SrcFileId="34" StartOffset="3433"/>
<Loc EndOffset="3506" SrcFileId="34" StartOffset="3473"/>
<Loc EndOffset="3546" SrcFileId="34" StartOffset="3513"/>
<Loc EndOffset="3584" SrcFileId="34" StartOffset="3553"/>
<Loc EndOffset="3624" SrcFileId="34" StartOffset="3591"/>
<Loc EndOffset="3662" SrcFileId="34" StartOffset="3631"/>
<Loc EndOffset="3700" SrcFileId="34" StartOffset="3669"/>
<Loc EndOffset="3740" SrcFileId="34" StartOffset="3707"/>
<Loc EndOffset="3780" SrcFileId="34" StartOffset="3747"/>
<Loc EndOffset="3820" SrcFileId="34" StartOffset="3787"/>
<Loc EndOffset="3860" SrcFileId="34" StartOffset="3827"/>
<Loc EndOffset="3900" SrcFileId="34" StartOffset="3867"/>
<Loc EndOffset="3938" SrcFileId="34" StartOffset="3907"/>
<Loc EndOffset="3976" SrcFileId="34" StartOffset="3945"/>
<Loc EndOffset="4014" SrcFileId="34" StartOffset="3983"/>
<Loc EndOffset="4052" SrcFileId="34" StartOffset="4021"/>
<Loc EndOffset="4090" SrcFileId="34" StartOffset="4059"/>
<Loc EndOffset="4128" SrcFileId="34" StartOffset="4097"/>
<Loc EndOffset="4168" SrcFileId="34" StartOffset="4135"/>
<Loc EndOffset="4206" SrcFileId="34" StartOffset="4175"/>
<Loc EndOffset="4246" SrcFileId="34" StartOffset="4213"/>
<Loc EndOffset="4284" SrcFileId="34" StartOffset="4253"/>
<Loc EndOffset="4322" SrcFileId="34" StartOffset="4291"/>
<Loc EndOffset="4362" SrcFileId="34" StartOffset="4329"/>
<Loc EndOffset="4402" SrcFileId="34" StartOffset="4369"/>
<Loc EndOffset="4440" SrcFileId="34" StartOffset="4409"/>
<Loc EndOffset="4478" SrcFileId="34" StartOffset="4447"/>
<Loc EndOffset="4518" SrcFileId="34" StartOffset="4485"/>
<Loc EndOffset="4556" SrcFileId="34" StartOffset="4525"/>
<Loc EndOffset="4596" SrcFileId="34" StartOffset="4563"/>
<Loc EndOffset="4636" SrcFileId="34" StartOffset="4603"/>
<Loc EndOffset="4674" SrcFileId="34" StartOffset="4643"/>
<Loc EndOffset="4714" SrcFileId="34" StartOffset="4681"/>
<Loc EndOffset="4752" SrcFileId="34" StartOffset="4721"/>
<Loc EndOffset="4790" SrcFileId="34" StartOffset="4759"/>
<Loc EndOffset="4828" SrcFileId="34" StartOffset="4797"/>
<Loc EndOffset="4868" SrcFileId="34" StartOffset="4835"/>
<Loc EndOffset="4906" SrcFileId="34" StartOffset="4875"/>
<Loc EndOffset="4944" SrcFileId="34" StartOffset="4913"/>
<Loc EndOffset="4984" SrcFileId="34" StartOffset="4951"/>
<Loc EndOffset="5022" SrcFileId="34" StartOffset="4991"/>
<Loc EndOffset="5060" SrcFileId="34" StartOffset="5029"/>
<Loc EndOffset="5098" SrcFileId="34" StartOffset="5067"/>
<Loc EndOffset="5136" SrcFileId="34" StartOffset="5105"/>
<Loc EndOffset="5174" SrcFileId="34" StartOffset="5143"/>
<Loc EndOffset="5212" SrcFileId="34" StartOffset="5181"/>
<Loc EndOffset="5250" SrcFileId="34" StartOffset="5219"/>
<Loc EndOffset="5290" SrcFileId="34" StartOffset="5257"/>
<Loc EndOffset="5328" SrcFileId="34" StartOffset="5297"/>
<Loc EndOffset="5366" SrcFileId="34" StartOffset="5335"/>
<Loc EndOffset="5404" SrcFileId="34" StartOffset="5373"/>
<Loc EndOffset="5442" SrcFileId="34" StartOffset="5411"/>
<Loc EndOffset="5480" SrcFileId="34" StartOffset="5449"/>
<Loc EndOffset="5518" SrcFileId="34" StartOffset="5487"/>
<Loc EndOffset="5556" SrcFileId="34" StartOffset="5525"/>
<Loc EndOffset="5594" SrcFileId="34" StartOffset="5563"/>
<Loc EndOffset="5632" SrcFileId="34" StartOffset="5601"/>
<Loc EndOffset="5670" SrcFileId="34" StartOffset="5639"/>
<Loc EndOffset="5710" SrcFileId="34" StartOffset="5677"/>
<Loc EndOffset="5748" SrcFileId="34" StartOffset="5717"/>
<Loc EndOffset="5786" SrcFileId="34" StartOffset="5755"/>
<Loc EndOffset="5824" SrcFileId="34" StartOffset="5793"/>
<Loc EndOffset="5862" SrcFileId="34" StartOffset="5831"/>
<Loc EndOffset="5900" SrcFileId="34" StartOffset="5869"/>
<Loc EndOffset="5938" SrcFileId="34" StartOffset="5907"/>
<Loc EndOffset="5976" SrcFileId="34" StartOffset="5945"/>
<Loc EndOffset="6014" SrcFileId="34" StartOffset="5983"/>
<Loc EndOffset="6052" SrcFileId="34" StartOffset="6021"/>
<Loc EndOffset="6090" SrcFileId="34" StartOffset="6059"/>
<Loc EndOffset="6128" SrcFileId="34" StartOffset="6097"/>
<Loc EndOffset="6166" SrcFileId="34" StartOffset="6135"/>
<Loc EndOffset="6204" SrcFileId="34" StartOffset="6173"/>
<Loc EndOffset="6244" SrcFileId="34" StartOffset="6211"/>
<Loc EndOffset="6282" SrcFileId="34" StartOffset="6251"/>
<Loc EndOffset="6320" SrcFileId="34" StartOffset="6289"/>
<Loc EndOffset="6358" SrcFileId="34" StartOffset="6327"/>
<Loc EndOffset="6396" SrcFileId="34" StartOffset="6365"/>
<Loc EndOffset="6436" SrcFileId="34" StartOffset="6403"/>
<Loc EndOffset="6474" SrcFileId="34" StartOffset="6443"/>
<Loc EndOffset="6512" SrcFileId="34" StartOffset="6481"/>
<Loc EndOffset="6552" SrcFileId="34" StartOffset="6519"/>
<Loc EndOffset="6590" SrcFileId="34" StartOffset="6559"/>
<Loc EndOffset="6630" SrcFileId="34" StartOffset="6597"/>
<Loc EndOffset="6668" SrcFileId="34" StartOffset="6637"/>
<Loc EndOffset="6706" SrcFileId="34" StartOffset="6675"/>
<Loc EndOffset="6744" SrcFileId="34" StartOffset="6713"/>
<Loc EndOffset="6784" SrcFileId="34" StartOffset="6751"/>
<Loc EndOffset="6824" SrcFileId="34" StartOffset="6791"/>
<Loc EndOffset="6864" SrcFileId="34" StartOffset="6831"/>
<Loc EndOffset="6904" SrcFileId="34" StartOffset="6871"/>
<Loc EndOffset="6944" SrcFileId="34" StartOffset="6911"/>
<Loc EndOffset="6982" SrcFileId="34" StartOffset="6951"/>
<Loc EndOffset="7022" SrcFileId="34" StartOffset="6989"/>
<Loc EndOffset="7062" SrcFileId="34" StartOffset="7029"/>
<Loc EndOffset="7102" SrcFileId="34" StartOffset="7069"/>
<Loc EndOffset="7140" SrcFileId="34" StartOffset="7109"/>
<Loc EndOffset="7180" SrcFileId="34" StartOffset="7147"/>
<Loc EndOffset="7220" SrcFileId="34" StartOffset="7187"/>
<Loc EndOffset="7258" SrcFileId="34" StartOffset="7227"/>
<Loc EndOffset="7296" SrcFileId="34" StartOffset="7265"/>
<Loc EndOffset="7336" SrcFileId="34" StartOffset="7303"/>
<Loc EndOffset="7376" SrcFileId="34" StartOffset="7343"/>
<Loc EndOffset="7416" SrcFileId="34" StartOffset="7383"/>
<Loc EndOffset="7456" SrcFileId="34" StartOffset="7423"/>
</LocList>
<BasicStmnt CovItemId="S1" CovItemPrefix="dataModels.Optimality.java" Intrnl_Id="2287">
<LocList>
<Loc EndOffset="300" SrcFileId="34" StartOffset="248"/>
</LocList>
</BasicStmnt>
<BasicStmnt CovItemId="S2" CovItemPrefix="dataModels.Optimality.java" Intrnl_Id="2288">
<LocList>
<Loc EndOffset="356" SrcFileId="34" StartOffset="303"/>
</LocList>
</BasicStmnt>
<BasicStmnt CovItemId="S3" CovItemPrefix="dataModels.Optimality.java" Intrnl_Id="2289">
<LocList>
<Loc EndOffset="908" SrcFileId="34" StartOffset="814"/>
</LocList>
</BasicStmnt>
<BasicStmnt CovItemId="S4" CovItemPrefix="dataModels.Optimality.java" Intrnl_Id="2290">
<LocList>
<Loc EndOffset="958" SrcFileId="34" StartOffset="928"/>
</LocList>
</BasicStmnt>
<BasicStmnt CovItemId="S5" CovItemPrefix="dataModels.Optimality.java" Intrnl_Id="2291">
<LocList>
<Loc EndOffset="995" SrcFileId="34" StartOffset="965"/>
</LocList>
</BasicStmnt>
<BasicStmnt CovItemId="S6" CovItemPrefix="dataModels.Optimality.java" Intrnl_Id="2292">
<LocList>
<Loc EndOffset="1032" SrcFileId="34" StartOffset="1002"/>
</LocList>
</BasicStmnt>
<BasicStmnt CovItemId="S7" CovItemPrefix="dataModels.Optimality.java" Intrnl_Id="2293">
<LocList>
<Loc EndOffset="1069" SrcFileId="34" StartOffset="1039"/>
</LocList>
</BasicStmnt>
<BasicStmnt CovItemId="S8" CovItemPrefix="dataModels.Optimality.java" Intrnl_Id="2294">
<LocList>
<Loc EndOffset="1108" SrcFileId="34" StartOffset="1076"/>
</LocList>
</BasicStmnt>
<BasicStmnt CovItemId="S9" CovItemPrefix="dataModels.Optimality.java" Intrnl_Id="2295">
<LocList>
<Loc EndOffset="1147" SrcFileId="34" StartOffset="1115"/>
</LocList>
</BasicStmnt>
<BasicStmnt CovItemId="S10" CovItemPrefix="dataModels.Optimality.java" Intrnl_Id="2296">
<LocList>
<Loc EndOffset="1184" SrcFileId="34" StartOffset="1154"/>
</LocList>
</BasicStmnt>
<BasicStmnt CovItemId="S11" CovItemPrefix="dataModels.Optimality.java" Intrnl_Id="2297">
<LocList>
<Loc EndOffset="1221" SrcFileId="34" StartOffset="1191"/>
</LocList>
</BasicStmnt>
<BasicStmnt CovItemId="S12" CovItemPrefix="dataModels.Optimality.java" Intrnl_Id="2298">
<LocList>
<Loc EndOffset="1260" SrcFileId="34" StartOffset="1228"/>
</LocList>
</BasicStmnt>
<BasicStmnt CovItemId="S13" CovItemPrefix="dataModels.Optimality.java" Intrnl_Id="2299">
<LocList>
<Loc EndOffset="1299" SrcFileId="34" StartOffset="1267"/>
</LocList>
</BasicStmnt>
<BasicStmnt CovItemId="S14" CovItemPrefix="dataModels.Optimality.java" Intrnl_Id="2300">
<LocList>
<Loc EndOffset="1336" SrcFileId="34" StartOffset="1306"/>
</LocList>
</BasicStmnt>
<BasicStmnt CovItemId="S15" CovItemPrefix="dataModels.Optimality.java" Intrnl_Id="2301">
<LocList>
<Loc EndOffset="1375" SrcFileId="34" StartOffset="1343"/>
</LocList>
</BasicStmnt>
<BasicStmnt CovItemId="S16" CovItemPrefix="dataModels.Optimality.java" Intrnl_Id="2302">
<LocList>
<Loc EndOffset="1412" SrcFileId="34" StartOffset="1382"/>
</LocList>
</BasicStmnt>
<BasicStmnt CovItemId="S17" CovItemPrefix="dataModels.Optimality.java" Intrnl_Id="2303">
<LocList>
<Loc EndOffset="1451" SrcFileId="34" StartOffset="1419"/>
</LocList>
</BasicStmnt>
<BasicStmnt CovItemId="S18" CovItemPrefix="dataModels.Optimality.java" Intrnl_Id="2304">
<LocList>
<Loc EndOffset="1488" SrcFileId="34" StartOffset="1458"/>
</LocList>
</BasicStmnt>
<BasicStmnt CovItemId="S19" CovItemPrefix="dataModels.Optimality.java" Intrnl_Id="2305">
<LocList>
<Loc EndOffset="1527" SrcFileId="34" StartOffset="1495"/>
</LocList>
</BasicStmnt>
<BasicStmnt CovItemId="S20" CovItemPrefix="dataModels.Optimality.java" Intrnl_Id="2306">
<LocList>
<Loc EndOffset="1566" SrcFileId="34" StartOffset="1534"/>
</LocList>
</BasicStmnt>
<BasicStmnt CovItemId="S21" CovItemPrefix="dataModels.Optimality.java" Intrnl_Id="2307">
<LocList>
<Loc EndOffset="1605" SrcFileId="34" StartOffset="1573"/>
</LocList>
</BasicStmnt>
<BasicStmnt CovItemId="S22" CovItemPrefix="dataModels.Optimality.java" Intrnl_Id="2308">
<LocList>
<Loc EndOffset="1642" SrcFileId="34" StartOffset="1612"/>
</LocList>
</BasicStmnt>
<BasicStmnt CovItemId="S23" CovItemPrefix="dataModels.Optimality.java" Intrnl_Id="2309">
<LocList>
<Loc EndOffset="1681" SrcFileId="34" StartOffset="1649"/>
</LocList>
</BasicStmnt>
<BasicStmnt CovItemId="S24" CovItemPrefix="dataModels.Optimality.java" Intrnl_Id="2310">
<LocList>
<Loc EndOffset="1718" SrcFileId="34" StartOffset="1688"/>
</LocList>
</BasicStmnt>
<BasicStmnt CovItemId="S25" CovItemPrefix="dataModels.Optimality.java" Intrnl_Id="2311">
<LocList>
<Loc EndOffset="1755" SrcFileId="34" StartOffset="1725"/>
</LocList>
</BasicStmnt>
<BasicStmnt CovItemId="S26" CovItemPrefix="dataModels.Optimality.java" Intrnl_Id="2312">
<LocList>
<Loc EndOffset="1794" SrcFileId="34" StartOffset="1762"/>
</LocList>
</BasicStmnt>
<BasicStmnt CovItemId="S27" CovItemPrefix="dataModels.Optimality.java" Intrnl_Id="2313">
<LocList>
<Loc EndOffset="1833" SrcFileId="34" StartOffset="1801"/>
</LocList>
</BasicStmnt>
<BasicStmnt CovItemId="S28" CovItemPrefix="dataModels.Optimality.java" Intrnl_Id="2314">
<LocList>
<Loc EndOffset="1872" SrcFileId="34" StartOffset="1840"/>
</LocList>
</BasicStmnt>
<BasicStmnt CovItemId="S29" CovItemPrefix="dataModels.Optimality.java" Intrnl_Id="2315">
<LocList>
<Loc EndOffset="1909" SrcFileId="34" StartOffset="1879"/>
</LocList>
</BasicStmnt>
<BasicStmnt CovItemId="S30" CovItemPrefix="dataModels.Optimality.java" Intrnl_Id="2316">
<LocList>
<Loc EndOffset="1948" SrcFileId="34" StartOffset="1916"/>
</LocList>
</BasicStmnt>
<BasicStmnt CovItemId="S31" CovItemPrefix="dataModels.Optimality.java" Intrnl_Id="2317">
<LocList>
<Loc EndOffset="1986" SrcFileId="34" StartOffset="1955"/>
</LocList>
</BasicStmnt>
<BasicStmnt CovItemId="S32" CovItemPrefix="dataModels.Optimality.java" Intrnl_Id="2318">
<LocList>
<Loc EndOffset="2023" SrcFileId="34" StartOffset="1993"/>
</LocList>
</BasicStmnt>
<BasicStmnt CovItemId="S33" CovItemPrefix="dataModels.Optimality.java" Intrnl_Id="2319">
<LocList>
<Loc EndOffset="2060" SrcFileId="34" StartOffset="2030"/>
</LocList>
</BasicStmnt>
<BasicStmnt CovItemId="S34" CovItemPrefix="dataModels.Optimality.java" Intrnl_Id="2320">
<LocList>
<Loc EndOffset="2099" SrcFileId="34" StartOffset="2067"/>
</LocList>
</BasicStmnt>
<BasicStmnt CovItemId="S35" CovItemPrefix="dataModels.Optimality.java" Intrnl_Id="2321">
<LocList>
<Loc EndOffset="2138" SrcFileId="34" StartOffset="2106"/>
</LocList>
</BasicStmnt>
<BasicStmnt CovItemId="S36" CovItemPrefix="dataModels.Optimality.java" Intrnl_Id="2322">
<LocList>
<Loc EndOffset="2177" SrcFileId="34" StartOffset="2145"/>
</LocList>
</BasicStmnt>
<BasicStmnt CovItemId="S37" CovItemPrefix="dataModels.Optimality.java" Intrnl_Id="2323">
<LocList>
<Loc EndOffset="2216" SrcFileId="34" StartOffset="2184"/>
</LocList>
</BasicStmnt>
<BasicStmnt CovItemId="S38" CovItemPrefix="dataModels.Optimality.java" Intrnl_Id="2324">
<LocList>
<Loc EndOffset="2253" SrcFileId="34" StartOffset="2223"/>
</LocList>
</BasicStmnt>
<BasicStmnt CovItemId="S39" CovItemPrefix="dataModels.Optimality.java" Intrnl_Id="2325">
<LocList>
<Loc EndOffset="2292" SrcFileId="34" StartOffset="2260"/>
</LocList>
</BasicStmnt>
<BasicStmnt CovItemId="S40" CovItemPrefix="dataModels.Optimality.java" Intrnl_Id="2326">
<LocList>
<Loc EndOffset="2329" SrcFileId="34" StartOffset="2299"/>
</LocList>
</BasicStmnt>
<BasicStmnt CovItemId="S41" CovItemPrefix="dataModels.Optimality.java" Intrnl_Id="2327">
<LocList>
<Loc EndOffset="2368" SrcFileId="34" StartOffset="2336"/>
</LocList>
</BasicStmnt>
<BasicStmnt CovItemId="S42" CovItemPrefix="dataModels.Optimality.java" Intrnl_Id="2328">
<LocList>
<Loc EndOffset="2407" SrcFileId="34" StartOffset="2375"/>
</LocList>
</BasicStmnt>
<BasicStmnt CovItemId="S43" CovItemPrefix="dataModels.Optimality.java" Intrnl_Id="2329">
<LocList>
<Loc EndOffset="2444" SrcFileId="34" StartOffset="2414"/>
</LocList>
</BasicStmnt>
<BasicStmnt CovItemId="S44" CovItemPrefix="dataModels.Optimality.java" Intrnl_Id="2330">
<LocList>
<Loc EndOffset="2483" SrcFileId="34" StartOffset="2451"/>
</LocList>
</BasicStmnt>
<BasicStmnt CovItemId="S45" CovItemPrefix="dataModels.Optimality.java" Intrnl_Id="2331">
<LocList>
<Loc EndOffset="2523" SrcFileId="34" StartOffset="2490"/>
</LocList>
</BasicStmnt>
<BasicStmnt CovItemId="S46" CovItemPrefix="dataModels.Optimality.java" Intrnl_Id="2332">
<LocList>
<Loc EndOffset="2563" SrcFileId="34" StartOffset="2530"/>
</LocList>
</BasicStmnt>
<BasicStmnt CovItemId="S47" CovItemPrefix="dataModels.Optimality.java" Intrnl_Id="2333">
<LocList>
<Loc EndOffset="2602" SrcFileId="34" StartOffset="2570"/>
</LocList>
</BasicStmnt>
<BasicStmnt CovItemId="S48" CovItemPrefix="dataModels.Optimality.java" Intrnl_Id="2334">
<LocList>
<Loc EndOffset="2642" SrcFileId="34" StartOffset="2609"/>
</LocList>
</BasicStmnt>
<BasicStmnt CovItemId="S49" CovItemPrefix="dataModels.Optimality.java" Intrnl_Id="2335">
<LocList>
<Loc EndOffset="2680" SrcFileId="34" StartOffset="2649"/>
</LocList>
</BasicStmnt>
<BasicStmnt CovItemId="S50" CovItemPrefix="dataModels.Optimality.java" Intrnl_Id="2336">
<LocList>
<Loc EndOffset="2720" SrcFileId="34" StartOffset="2687"/>
</LocList>
</BasicStmnt>
<BasicStmnt CovItemId="S51" CovItemPrefix="dataModels.Optimality.java" Intrnl_Id="2337">
<LocList>
<Loc EndOffset="2758" SrcFileId="34" StartOffset="2727"/>
</LocList>
</BasicStmnt>
<BasicStmnt CovItemId="S52" CovItemPrefix="dataModels.Optimality.java" Intrnl_Id="2338">
<LocList>
<Loc EndOffset="2796" SrcFileId="34" StartOffset="2765"/>
</LocList>
</BasicStmnt>
<BasicStmnt CovItemId="S53" CovItemPrefix="dataModels.Optimality.java" Intrnl_Id="2339">
<LocList>
<Loc EndOffset="2836" SrcFileId="34" StartOffset="2803"/>
</LocList>
</BasicStmnt>
<BasicStmnt CovItemId="S54" CovItemPrefix="dataModels.Optimality.java" Intrnl_Id="2340">
<LocList>
<Loc EndOffset="2876" SrcFileId="34" StartOffset="2843"/>
</LocList>
</BasicStmnt>
<BasicStmnt CovItemId="S55" CovItemPrefix="dataModels.Optimality.java" Intrnl_Id="2341">
<LocList>
<Loc EndOffset="2914" SrcFileId="34" StartOffset="2883"/>
</LocList>
</BasicStmnt>
<BasicStmnt CovItemId="S56" CovItemPrefix="dataModels.Optimality.java" Intrnl_Id="2342">
<LocList>
<Loc EndOffset="2954" SrcFileId="34" StartOffset="2921"/>
</LocList>
</BasicStmnt>
<BasicStmnt CovItemId="S57" CovItemPrefix="dataModels.Optimality.java" Intrnl_Id="2343">
<LocList>
<Loc EndOffset="2994" SrcFileId="34" StartOffset="2961"/>
</LocList>
</BasicStmnt>
<BasicStmnt CovItemId="S58" CovItemPrefix="dataModels.Optimality.java" Intrnl_Id="2344">
<LocList>
<Loc EndOffset="3034" SrcFileId="34" StartOffset="3001"/>
</LocList>
</BasicStmnt>
<BasicStmnt CovItemId="S59" CovItemPrefix="dataModels.Optimality.java" Intrnl_Id="2345">
<LocList>
<Loc EndOffset="3074" SrcFileId="34" StartOffset="3041"/>
</LocList>
</BasicStmnt>
<BasicStmnt CovItemId="S60" CovItemPrefix="dataModels.Optimality.java" Intrnl_Id="2346">
<LocList>
<Loc EndOffset="3114" SrcFileId="34" StartOffset="3081"/>
</LocList>
</BasicStmnt>
<BasicStmnt CovItemId="S61" CovItemPrefix="dataModels.Optimality.java" Intrnl_Id="2347">
<LocList>
<Loc EndOffset="3154" SrcFileId="34" StartOffset="3121"/>
</LocList>
</BasicStmnt>
<BasicStmnt CovItemId="S62" CovItemPrefix="dataModels.Optimality.java" Intrnl_Id="2348">
<LocList>
<Loc EndOffset="3192" SrcFileId="34" StartOffset="3161"/>
</LocList>
</BasicStmnt>
<BasicStmnt CovItemId="S63" CovItemPrefix="dataModels.Optimality.java" Intrnl_Id="2349">
<LocList>
<Loc EndOffset="3232" SrcFileId="34" StartOffset="3199"/>
</LocList>
</BasicStmnt>
<BasicStmnt CovItemId="S64" CovItemPrefix="dataModels.Optimality.java" Intrnl_Id="2350">
<LocList>
<Loc EndOffset="3270" SrcFileId="34" StartOffset="3239"/>
</LocList>
</BasicStmnt>
<BasicStmnt CovItemId="S65" CovItemPrefix="dataModels.Optimality.java" Intrnl_Id="2351">
<LocList>
<Loc EndOffset="3310" SrcFileId="34" StartOffset="3277"/>
</LocList>
</BasicStmnt>
<BasicStmnt CovItemId="S66" CovItemPrefix="dataModels.Optimality.java" Intrnl_Id="2352">
<LocList>
<Loc EndOffset="3348" SrcFileId="34" StartOffset="3317"/>
</LocList>
</BasicStmnt>
<BasicStmnt CovItemId="S67" CovItemPrefix="dataModels.Optimality.java" Intrnl_Id="2353">
<LocList>
<Loc EndOffset="3388" SrcFileId="34" StartOffset="3355"/>
</LocList>
</BasicStmnt>
<BasicStmnt CovItemId="S68" CovItemPrefix="dataModels.Optimality.java" Intrnl_Id="2354">
<LocList>
<Loc EndOffset="3426" SrcFileId="34" StartOffset="3395"/>
</LocList>
</BasicStmnt>
<BasicStmnt CovItemId="S69" CovItemPrefix="dataModels.Optimality.java" Intrnl_Id="2355">
<LocList>
<Loc EndOffset="3466" SrcFileId="34" StartOffset="3433"/>
</LocList>
</BasicStmnt>
<BasicStmnt CovItemId="S70" CovItemPrefix="dataModels.Optimality.java" Intrnl_Id="2356">
<LocList>
<Loc EndOffset="3506" SrcFileId="34" StartOffset="3473"/>
</LocList>
</BasicStmnt>
<BasicStmnt CovItemId="S71" CovItemPrefix="dataModels.Optimality.java" Intrnl_Id="2357">
<LocList>
<Loc EndOffset="3546" SrcFileId="34" StartOffset="3513"/>
</LocList>
</BasicStmnt>
<BasicStmnt CovItemId="S72" CovItemPrefix="dataModels.Optimality.java" Intrnl_Id="2358">
<LocList>
<Loc EndOffset="3584" SrcFileId="34" StartOffset="3553"/>
</LocList>
</BasicStmnt>
<BasicStmnt CovItemId="S73" CovItemPrefix="dataModels.Optimality.java" Intrnl_Id="2359">
<LocList>
<Loc EndOffset="3624" SrcFileId="34" StartOffset="3591"/>
</LocList>
</BasicStmnt>
<BasicStmnt CovItemId="S74" CovItemPrefix="dataModels.Optimality.java" Intrnl_Id="2360">
<LocList>
<Loc EndOffset="3662" SrcFileId="34" StartOffset="3631"/>
</LocList>
</BasicStmnt>
<BasicStmnt CovItemId="S75" CovItemPrefix="dataModels.Optimality.java" Intrnl_Id="2361">
<LocList>
<Loc EndOffset="3700" SrcFileId="34" StartOffset="3669"/>
</LocList>
</BasicStmnt>
<BasicStmnt CovItemId="S76" CovItemPrefix="dataModels.Optimality.java" Intrnl_Id="2362">
<LocList>
<Loc EndOffset="3740" SrcFileId="34" StartOffset="3707"/>
</LocList>
</BasicStmnt>
<BasicStmnt CovItemId="S77" CovItemPrefix="dataModels.Optimality.java" Intrnl_Id="2363">
<LocList>
<Loc EndOffset="3780" SrcFileId="34" StartOffset="3747"/>
</LocList>
</BasicStmnt>
<BasicStmnt CovItemId="S78" CovItemPrefix="dataModels.Optimality.java" Intrnl_Id="2364">
<LocList>
<Loc EndOffset="3820" SrcFileId="34" StartOffset="3787"/>
</LocList>
</BasicStmnt>
<BasicStmnt CovItemId="S79" CovItemPrefix="dataModels.Optimality.java" Intrnl_Id="2365">
<LocList>
<Loc EndOffset="3860" SrcFileId="34" StartOffset="3827"/>
</LocList>
</BasicStmnt>
<BasicStmnt CovItemId="S80" CovItemPrefix="dataModels.Optimality.java" Intrnl_Id="2366">
<LocList>
<Loc EndOffset="3900" SrcFileId="34" StartOffset="3867"/>
</LocList>
</BasicStmnt>
<BasicStmnt CovItemId="S81" CovItemPrefix="dataModels.Optimality.java" Intrnl_Id="2367">
<LocList>
<Loc EndOffset="3938" SrcFileId="34" StartOffset="3907"/>
</LocList>
</BasicStmnt>
<BasicStmnt CovItemId="S82" CovItemPrefix="dataModels.Optimality.java" Intrnl_Id="2368">
<LocList>
<Loc EndOffset="3976" SrcFileId="34" StartOffset="3945"/>
</LocList>
</BasicStmnt>
<BasicStmnt CovItemId="S83" CovItemPrefix="dataModels.Optimality.java" Intrnl_Id="2369">
<LocList>
<Loc EndOffset="4014" SrcFileId="34" StartOffset="3983"/>
</LocList>
</BasicStmnt>
<BasicStmnt CovItemId="S84" CovItemPrefix="dataModels.Optimality.java" Intrnl_Id="2370">
<LocList>
<Loc EndOffset="4052" SrcFileId="34" StartOffset="4021"/>
</LocList>
</BasicStmnt>
<BasicStmnt CovItemId="S85" CovItemPrefix="dataModels.Optimality.java" Intrnl_Id="2371">
<LocList>
<Loc EndOffset="4090" SrcFileId="34" StartOffset="4059"/>
</LocList>
</BasicStmnt>
<BasicStmnt CovItemId="S86" CovItemPrefix="dataModels.Optimality.java" Intrnl_Id="2372">
<LocList>
<Loc EndOffset="4128" SrcFileId="34" StartOffset="4097"/>
</LocList>
</BasicStmnt>
<BasicStmnt CovItemId="S87" CovItemPrefix="dataModels.Optimality.java" Intrnl_Id="2373">
<LocList>
<Loc EndOffset="4168" SrcFileId="34" StartOffset="4135"/>
</LocList>
</BasicStmnt>
<BasicStmnt CovItemId="S88" CovItemPrefix="dataModels.Optimality.java" Intrnl_Id="2374">
<LocList>
<Loc EndOffset="4206" SrcFileId="34" StartOffset="4175"/>
</LocList>
</BasicStmnt>
<BasicStmnt CovItemId="S89" CovItemPrefix="dataModels.Optimality.java" Intrnl_Id="2375">
<LocList>
<Loc EndOffset="4246" SrcFileId="34" StartOffset="4213"/>
</LocList>
</BasicStmnt>
<BasicStmnt CovItemId="S90" CovItemPrefix="dataModels.Optimality.java" Intrnl_Id="2376">
<LocList>
<Loc EndOffset="4284" SrcFileId="34" StartOffset="4253"/>
</LocList>
</BasicStmnt>
<BasicStmnt CovItemId="S91" CovItemPrefix="dataModels.Optimality.java" Intrnl_Id="2377">
<LocList>
<Loc EndOffset="4322" SrcFileId="34" StartOffset="4291"/>
</LocList>
</BasicStmnt>
<BasicStmnt CovItemId="S92" CovItemPrefix="dataModels.Optimality.java" Intrnl_Id="2378">
<LocList>
<Loc EndOffset="4362" SrcFileId="34" StartOffset="4329"/>
</LocList>
</BasicStmnt>
<BasicStmnt CovItemId="S93" CovItemPrefix="dataModels.Optimality.java" Intrnl_Id="2379">
<LocList>
<Loc EndOffset="4402" SrcFileId="34" StartOffset="4369"/>
</LocList>
</BasicStmnt>
<BasicStmnt CovItemId="S94" CovItemPrefix="dataModels.Optimality.java" Intrnl_Id="2380">
<LocList>
<Loc EndOffset="4440" SrcFileId="34" StartOffset="4409"/>
</LocList>
</BasicStmnt>
<BasicStmnt CovItemId="S95" CovItemPrefix="dataModels.Optimality.java" Intrnl_Id="2381">
<LocList>
<Loc EndOffset="4478" SrcFileId="34" StartOffset="4447"/>
</LocList>
</BasicStmnt>
<BasicStmnt CovItemId="S96" CovItemPrefix="dataModels.Optimality.java" Intrnl_Id="2382">
<LocList>
<Loc EndOffset="4518" SrcFileId="34" StartOffset="4485"/>
</LocList>
</BasicStmnt>
<BasicStmnt CovItemId="S97" CovItemPrefix="dataModels.Optimality.java" Intrnl_Id="2383">
<LocList>
<Loc EndOffset="4556" SrcFileId="34" StartOffset="4525"/>
</LocList>
</BasicStmnt>
<BasicStmnt CovItemId="S98" CovItemPrefix="dataModels.Optimality.java" Intrnl_Id="2384">
<LocList>
<Loc EndOffset="4596" SrcFileId="34" StartOffset="4563"/>
</LocList>
</BasicStmnt>
<BasicStmnt CovItemId="S99" CovItemPrefix="dataModels.Optimality.java" Intrnl_Id="2385">
<LocList>
<Loc EndOffset="4636" SrcFileId="34" StartOffset="4603"/>
</LocList>
</BasicStmnt>
<BasicStmnt CovItemId="S100" CovItemPrefix="dataModels.Optimality.java" Intrnl_Id="2386">
<LocList>
<Loc EndOffset="4674" SrcFileId="34" StartOffset="4643"/>
</LocList>
</BasicStmnt>
<BasicStmnt CovItemId="S101" CovItemPrefix="dataModels.Optimality.java" Intrnl_Id="2387">
<LocList>
<Loc EndOffset="4714" SrcFileId="34" StartOffset="4681"/>
</LocList>
</BasicStmnt>
<BasicStmnt CovItemId="S102" CovItemPrefix="dataModels.Optimality.java" Intrnl_Id="2388">
<LocList>
<Loc EndOffset="4752" SrcFileId="34" StartOffset="4721"/>
</LocList>
</BasicStmnt>
<BasicStmnt CovItemId="S103" CovItemPrefix="dataModels.Optimality.java" Intrnl_Id="2389">
<LocList>
<Loc EndOffset="4790" SrcFileId="34" StartOffset="4759"/>
</LocList>
</BasicStmnt>
<BasicStmnt CovItemId="S104" CovItemPrefix="dataModels.Optimality.java" Intrnl_Id="2390">
<LocList>
<Loc EndOffset="4828" SrcFileId="34" StartOffset="4797"/>
</LocList>
</BasicStmnt>
<BasicStmnt CovItemId="S105" CovItemPrefix="dataModels.Optimality.java" Intrnl_Id="2391">
<LocList>
<Loc EndOffset="4868" SrcFileId="34" StartOffset="4835"/>
</LocList>
</BasicStmnt>
<BasicStmnt CovItemId="S106" CovItemPrefix="dataModels.Optimality.java" Intrnl_Id="2392">
<LocList>
<Loc EndOffset="4906" SrcFileId="34" StartOffset="4875"/>
</LocList>
</BasicStmnt>
<BasicStmnt CovItemId="S107" CovItemPrefix="dataModels.Optimality.java" Intrnl_Id="2393">
<LocList>
<Loc EndOffset="4944" SrcFileId="34" StartOffset="4913"/>
</LocList>
</BasicStmnt>
<BasicStmnt CovItemId="S108" CovItemPrefix="dataModels.Optimality.java" Intrnl_Id="2394">
<LocList>
<Loc EndOffset="4984" SrcFileId="34" StartOffset="4951"/>
</LocList>
</BasicStmnt>
<BasicStmnt CovItemId="S109" CovItemPrefix="dataModels.Optimality.java" Intrnl_Id="2395">
<LocList>
<Loc EndOffset="5022" SrcFileId="34" StartOffset="4991"/>
</LocList>
</BasicStmnt>
<BasicStmnt CovItemId="S110" CovItemPrefix="dataModels.Optimality.java" Intrnl_Id="2396">
<LocList>
<Loc EndOffset="5060" SrcFileId="34" StartOffset="5029"/>
</LocList>
</BasicStmnt>
<BasicStmnt CovItemId="S111" CovItemPrefix="dataModels.Optimality.java" Intrnl_Id="2397">
<LocList>
<Loc EndOffset="5098" SrcFileId="34" StartOffset="5067"/>
</LocList>
</BasicStmnt>
<BasicStmnt CovItemId="S112" CovItemPrefix="dataModels.Optimality.java" Intrnl_Id="2398">
<LocList>
<Loc EndOffset="5136" SrcFileId="34" StartOffset="5105"/>
</LocList>
</BasicStmnt>
<BasicStmnt CovItemId="S113" CovItemPrefix="dataModels.Optimality.java" Intrnl_Id="2399">
<LocList>
<Loc EndOffset="5174" SrcFileId="34" StartOffset="5143"/>
</LocList>
</BasicStmnt>
<BasicStmnt CovItemId="S114" CovItemPrefix="dataModels.Optimality.java" Intrnl_Id="2400">
<LocList>
<Loc EndOffset="5212" SrcFileId="34" StartOffset="5181"/>
</LocList>
</BasicStmnt>
<BasicStmnt CovItemId="S115" CovItemPrefix="dataModels.Optimality.java" Intrnl_Id="2401">
<LocList>
<Loc EndOffset="5250" SrcFileId="34" StartOffset="5219"/>
</LocList>
</BasicStmnt>
<BasicStmnt CovItemId="S116" CovItemPrefix="dataModels.Optimality.java" Intrnl_Id="2402">
<LocList>
<Loc EndOffset="5290" SrcFileId="34" StartOffset="5257"/>
</LocList>
</BasicStmnt>
<BasicStmnt CovItemId="S117" CovItemPrefix="dataModels.Optimality.java" Intrnl_Id="2403">
<LocList>
<Loc EndOffset="5328" SrcFileId="34" StartOffset="5297"/>
</LocList>
</BasicStmnt>
<BasicStmnt CovItemId="S118" CovItemPrefix="dataModels.Optimality.java" Intrnl_Id="2404">
<LocList>
<Loc EndOffset="5366" SrcFileId="34" StartOffset="5335"/>
</LocList>
</BasicStmnt>
<BasicStmnt CovItemId="S119" CovItemPrefix="dataModels.Optimality.java" Intrnl_Id="2405">
<LocList>
<Loc EndOffset="5404" SrcFileId="34" StartOffset="5373"/>
</LocList>
</BasicStmnt>
<BasicStmnt CovItemId="S120" CovItemPrefix="dataModels.Optimality.java" Intrnl_Id="2406">
<LocList>
<Loc EndOffset="5442" SrcFileId="34" StartOffset="5411"/>
</LocList>
</BasicStmnt>
<BasicStmnt CovItemId="S121" CovItemPrefix="dataModels.Optimality.java" Intrnl_Id="2407">
<LocList>
<Loc EndOffset="5480" SrcFileId="34" StartOffset="5449"/>
</LocList>
</BasicStmnt>
<BasicStmnt CovItemId="S122" CovItemPrefix="dataModels.Optimality.java" Intrnl_Id="2408">
<LocList>
<Loc EndOffset="5518" SrcFileId="34" StartOffset="5487"/>
</LocList>
</BasicStmnt>
<BasicStmnt CovItemId="S123" CovItemPrefix="dataModels.Optimality.java" Intrnl_Id="2409">
<LocList>
<Loc EndOffset="5556" SrcFileId="34" StartOffset="5525"/>
</LocList>
</BasicStmnt>
<BasicStmnt CovItemId="S124" CovItemPrefix="dataModels.Optimality.java" Intrnl_Id="2410">
<LocList>
<Loc EndOffset="5594" SrcFileId="34" StartOffset="5563"/>
</LocList>
</BasicStmnt>
<BasicStmnt CovItemId="S125" CovItemPrefix="dataModels.Optimality.java" Intrnl_Id="2411">
<LocList>
<Loc EndOffset="5632" SrcFileId="34" StartOffset="5601"/>
</LocList>
</BasicStmnt>
<BasicStmnt CovItemId="S126" CovItemPrefix="dataModels.Optimality.java" Intrnl_Id="2412">
<LocList>
<Loc EndOffset="5670" SrcFileId="34" StartOffset="5639"/>
</LocList>
</BasicStmnt>
<BasicStmnt CovItemId="S127" CovItemPrefix="dataModels.Optimality.java" Intrnl_Id="2413">
<LocList>
<Loc EndOffset="5710" SrcFileId="34" StartOffset="5677"/>
</LocList>
</BasicStmnt>
<BasicStmnt CovItemId="S128" CovItemPrefix="dataModels.Optimality.java" Intrnl_Id="2414">
<LocList>
<Loc EndOffset="5748" SrcFileId="34" StartOffset="5717"/>
</LocList>
</BasicStmnt>
<BasicStmnt CovItemId="S129" CovItemPrefix="dataModels.Optimality.java" Intrnl_Id="2415">
<LocList>
<Loc EndOffset="5786" SrcFileId="34" StartOffset="5755"/>
</LocList>
</BasicStmnt>
<BasicStmnt CovItemId="S130" CovItemPrefix="dataModels.Optimality.java" Intrnl_Id="2416">
<LocList>
<Loc EndOffset="5824" SrcFileId="34" StartOffset="5793"/>
</LocList>
</BasicStmnt>
<BasicStmnt CovItemId="S131" CovItemPrefix="dataModels.Optimality.java" Intrnl_Id="2417">
<LocList>
<Loc EndOffset="5862" SrcFileId="34" StartOffset="5831"/>
</LocList>
</BasicStmnt>
<BasicStmnt CovItemId="S132" CovItemPrefix="dataModels.Optimality.java" Intrnl_Id="2418">
<LocList>
<Loc EndOffset="5900" SrcFileId="34" StartOffset="5869"/>
</LocList>
</BasicStmnt>
<BasicStmnt CovItemId="S133" CovItemPrefix="dataModels.Optimality.java" Intrnl_Id="2419">
<LocList>
<Loc EndOffset="5938" SrcFileId="34" StartOffset="5907"/>
</LocList>
</BasicStmnt>
<BasicStmnt CovItemId="S134" CovItemPrefix="dataModels.Optimality.java" Intrnl_Id="2420">
<LocList>
<Loc EndOffset="5976" SrcFileId="34" StartOffset="5945"/>
</LocList>
</BasicStmnt>
<BasicStmnt CovItemId="S135" CovItemPrefix="dataModels.Optimality.java" Intrnl_Id="2421">
<LocList>
<Loc EndOffset="6014" SrcFileId="34" StartOffset="5983"/>
</LocList>
</BasicStmnt>
<BasicStmnt CovItemId="S136" CovItemPrefix="dataModels.Optimality.java" Intrnl_Id="2422">
<LocList>
<Loc EndOffset="6052" SrcFileId="34" StartOffset="6021"/>
</LocList>
</BasicStmnt>
<BasicStmnt CovItemId="S137" CovItemPrefix="dataModels.Optimality.java" Intrnl_Id="2423">
<LocList>
<Loc EndOffset="6090" SrcFileId="34" StartOffset="6059"/>
</LocList>
</BasicStmnt>
<BasicStmnt CovItemId="S138" CovItemPrefix="dataModels.Optimality.java" Intrnl_Id="2424">
<LocList>
<Loc EndOffset="6128" SrcFileId="34" StartOffset="6097"/>
</LocList>
</BasicStmnt>
<BasicStmnt CovItemId="S139" CovItemPrefix="dataModels.Optimality.java" Intrnl_Id="2425">
<LocList>
<Loc EndOffset="6166" SrcFileId="34" StartOffset="6135"/>
</LocList>
</BasicStmnt>
<BasicStmnt CovItemId="S140" CovItemPrefix="dataModels.Optimality.java" Intrnl_Id="2426">
<LocList>
<Loc EndOffset="6204" SrcFileId="34" StartOffset="6173"/>
</LocList>
</BasicStmnt>
<BasicStmnt CovItemId="S141" CovItemPrefix="dataModels.Optimality.java" Intrnl_Id="2427">
<LocList>
<Loc EndOffset="6244" SrcFileId="34" StartOffset="6211"/>
</LocList>
</BasicStmnt>
<BasicStmnt CovItemId="S142" CovItemPrefix="dataModels.Optimality.java" Intrnl_Id="2428">
<LocList>
<Loc EndOffset="6282" SrcFileId="34" StartOffset="6251"/>
</LocList>
</BasicStmnt>
<BasicStmnt CovItemId="S143" CovItemPrefix="dataModels.Optimality.java" Intrnl_Id="2429">
<LocList>
<Loc EndOffset="6320" SrcFileId="34" StartOffset="6289"/>
</LocList>
</BasicStmnt>
<BasicStmnt CovItemId="S144" CovItemPrefix="dataModels.Optimality.java" Intrnl_Id="2430">
<LocList>
<Loc EndOffset="6358" SrcFileId="34" StartOffset="6327"/>
</LocList>
</BasicStmnt>
<BasicStmnt CovItemId="S145" CovItemPrefix="dataModels.Optimality.java" Intrnl_Id="2431">
<LocList>
<Loc EndOffset="6396" SrcFileId="34" StartOffset="6365"/>
</LocList>
</BasicStmnt>
<BasicStmnt CovItemId="S146" CovItemPrefix="dataModels.Optimality.java" Intrnl_Id="2432">
<LocList>
<Loc EndOffset="6436" SrcFileId="34" StartOffset="6403"/>
</LocList>
</BasicStmnt>
<BasicStmnt CovItemId="S147" CovItemPrefix="dataModels.Optimality.java" Intrnl_Id="2433">
<LocList>
<Loc EndOffset="6474" SrcFileId="34" StartOffset="6443"/>
</LocList>
</BasicStmnt>
<BasicStmnt CovItemId="S148" CovItemPrefix="dataModels.Optimality.java" Intrnl_Id="2434">
<LocList>
<Loc EndOffset="6512" SrcFileId="34" StartOffset="6481"/>
</LocList>
</BasicStmnt>
<BasicStmnt CovItemId="S149" CovItemPrefix="dataModels.Optimality.java" Intrnl_Id="2435">
<LocList>
<Loc EndOffset="6552" SrcFileId="34" StartOffset="6519"/>
</LocList>
</BasicStmnt>
<BasicStmnt CovItemId="S150" CovItemPrefix="dataModels.Optimality.java" Intrnl_Id="2436">
<LocList>
<Loc EndOffset="6590" SrcFileId="34" StartOffset="6559"/>
</LocList>
</BasicStmnt>
<BasicStmnt CovItemId="S151" CovItemPrefix="dataModels.Optimality.java" Intrnl_Id="2437">
<LocList>
<Loc EndOffset="6630" SrcFileId="34" StartOffset="6597"/>
</LocList>
</BasicStmnt>
<BasicStmnt CovItemId="S152" CovItemPrefix="dataModels.Optimality.java" Intrnl_Id="2438">
<LocList>
<Loc EndOffset="6668" SrcFileId="34" StartOffset="6637"/>
</LocList>
</BasicStmnt>
<BasicStmnt CovItemId="S153" CovItemPrefix="dataModels.Optimality.java" Intrnl_Id="2439">
<LocList>
<Loc EndOffset="6706" SrcFileId="34" StartOffset="6675"/>
</LocList>
</BasicStmnt>
<BasicStmnt CovItemId="S154" CovItemPrefix="dataModels.Optimality.java" Intrnl_Id="2440">
<LocList>
<Loc EndOffset="6744" SrcFileId="34" StartOffset="6713"/>
</LocList>
</BasicStmnt>
<BasicStmnt CovItemId="S155" CovItemPrefix="dataModels.Optimality.java" Intrnl_Id="2441">
<LocList>
<Loc EndOffset="6784" SrcFileId="34" StartOffset="6751"/>
</LocList>
</BasicStmnt>
<BasicStmnt CovItemId="S156" CovItemPrefix="dataModels.Optimality.java" Intrnl_Id="2442">
<LocList>
<Loc EndOffset="6824" SrcFileId="34" StartOffset="6791"/>
</LocList>
</BasicStmnt>
<BasicStmnt CovItemId="S157" CovItemPrefix="dataModels.Optimality.java" Intrnl_Id="2443">
<LocList>
<Loc EndOffset="6864" SrcFileId="34" StartOffset="6831"/>
</LocList>
</BasicStmnt>
<BasicStmnt CovItemId="S158" CovItemPrefix="dataModels.Optimality.java" Intrnl_Id="2444">
<LocList>
<Loc EndOffset="6904" SrcFileId="34" StartOffset="6871"/>
</LocList>
</BasicStmnt>
<BasicStmnt CovItemId="S159" CovItemPrefix="dataModels.Optimality.java" Intrnl_Id="2445">
<LocList>
<Loc EndOffset="6944" SrcFileId="34" StartOffset="6911"/>
</LocList>
</BasicStmnt>
<BasicStmnt CovItemId="S160" CovItemPrefix="dataModels.Optimality.java" Intrnl_Id="2446">
<LocList>
<Loc EndOffset="6982" SrcFileId="34" StartOffset="6951"/>
</LocList>
</BasicStmnt>
<BasicStmnt CovItemId="S161" CovItemPrefix="dataModels.Optimality.java" Intrnl_Id="2447">
<LocList>
<Loc EndOffset="7022" SrcFileId="34" StartOffset="6989"/>
</LocList>
</BasicStmnt>
<BasicStmnt CovItemId="S162" CovItemPrefix="dataModels.Optimality.java" Intrnl_Id="2448">
<LocList>
<Loc EndOffset="7062" SrcFileId="34" StartOffset="7029"/>
</LocList>
</BasicStmnt>
<BasicStmnt CovItemId="S163" CovItemPrefix="dataModels.Optimality.java" Intrnl_Id="2449">
<LocList>
<Loc EndOffset="7102" SrcFileId="34" StartOffset="7069"/>
</LocList>
</BasicStmnt>
<BasicStmnt CovItemId="S164" CovItemPrefix="dataModels.Optimality.java" Intrnl_Id="2450">
<LocList>
<Loc EndOffset="7140" SrcFileId="34" StartOffset="7109"/>
</LocList>
</BasicStmnt>
<BasicStmnt CovItemId="S165" CovItemPrefix="dataModels.Optimality.java" Intrnl_Id="2451">
<LocList>
<Loc EndOffset="7180" SrcFileId="34" StartOffset="7147"/>
</LocList>
</BasicStmnt>
<BasicStmnt CovItemId="S166" CovItemPrefix="dataModels.Optimality.java" Intrnl_Id="2452">
<LocList>
<Loc EndOffset="7220" SrcFileId="34" StartOffset="7187"/>
</LocList>
</BasicStmnt>
<BasicStmnt CovItemId="S167" CovItemPrefix="dataModels.Optimality.java" Intrnl_Id="2453">
<LocList>
<Loc EndOffset="7258" SrcFileId="34" StartOffset="7227"/>
</LocList>
</BasicStmnt>
<BasicStmnt CovItemId="S168" CovItemPrefix="dataModels.Optimality.java" Intrnl_Id="2454">
<LocList>
<Loc EndOffset="7296" SrcFileId="34" StartOffset="7265"/>
</LocList>
</BasicStmnt>
<BasicStmnt CovItemId="S169" CovItemPrefix="dataModels.Optimality.java" Intrnl_Id="2455">
<LocList>
<Loc EndOffset="7336" SrcFileId="34" StartOffset="7303"/>
</LocList>
</BasicStmnt>
<BasicStmnt CovItemId="S170" CovItemPrefix="dataModels.Optimality.java" Intrnl_Id="2456">
<LocList>
<Loc EndOffset="7376" SrcFileId="34" StartOffset="7343"/>
</LocList>
</BasicStmnt>
<BasicStmnt CovItemId="S171" CovItemPrefix="dataModels.Optimality.java" Intrnl_Id="2457">
<LocList>
<Loc EndOffset="7416" SrcFileId="34" StartOffset="7383"/>
</LocList>
</BasicStmnt>
<BasicStmnt CovItemId="S172" CovItemPrefix="dataModels.Optimality.java" Intrnl_Id="2458">
<LocList>
<Loc EndOffset="7456" SrcFileId="34" StartOffset="7423"/>
</LocList>
</BasicStmnt>
</StmntSeq>
<HierarchyLvl HierarchyLvlId="23804" HierarchyLvlTypeId="45" Intrnl_Id="2459" Name="getOptimalRatingForGame">
<Header>
<Loc EndOffset="7617" SrcFileId="34" StartOffset="7569"/>
</Header>
<LocList>
<Loc EndOffset="9184" SrcFileId="34" StartOffset="7569"/>
</LocList>
<StmntSeq Intrnl_Id="2460">
<LocList>
<Loc EndOffset="7678" SrcFileId="34" StartOffset="7625"/>
<Loc EndOffset="7740" SrcFileId="34" StartOffset="7686"/>
<Loc EndOffset="8991" SrcFileId="34" StartOffset="7748"/>
<Loc EndOffset="9014" SrcFileId="34" StartOffset="8999"/>
<Loc EndOffset="9032" SrcFileId="34" StartOffset="9018"/>
<Loc EndOffset="9109" SrcFileId="34" StartOffset="9036"/>
<Loc EndOffset="9141" SrcFileId="34" StartOffset="9117"/>
<Loc EndOffset="9176" SrcFileId="34" StartOffset="9149"/>
</LocList>
<BasicStmnt CovItemId="S173" CovItemPrefix="dataModels.Optimality.java" Intrnl_Id="2461">
<LocList>
<Loc EndOffset="7678" SrcFileId="34" StartOffset="7625"/>
</LocList>
</BasicStmnt>
<BasicStmnt CovItemId="S174" CovItemPrefix="dataModels.Optimality.java" Intrnl_Id="2462">
<LocList>
<Loc EndOffset="7740" SrcFileId="34" StartOffset="7686"/>
</LocList>
</BasicStmnt>
<LoopStmnt CovItemId="S175" CovItemPrefix="dataModels.Optimality.java" Intrnl_Id="2463" MltplExecId="L1-2" MltplExecPrefix="dataModels.Optimality.java" NvrExecId="L1-0" NvrExecPrefix="dataModels.Optimality.java" OnceExecutedId="L1-1" OnceExecutedPrefix="dataModels.Optimality.java" OptBodyExec="true">
<StmntSeq Intrnl_Id="2464">
<LocList>
<Loc EndOffset="7838" SrcFileId="34" StartOffset="7794"/>
<Loc EndOffset="8643" SrcFileId="34" StartOffset="8481"/>
<Loc EndOffset="8712" SrcFileId="34" StartOffset="8653"/>
<Loc EndOffset="8766" SrcFileId="34" StartOffset="8717"/>
<Loc EndOffset="8806" SrcFileId="34" StartOffset="8776"/>
<Loc EndOffset="8841" SrcFileId="34" StartOffset="8811"/>
<Loc EndOffset="8981" SrcFileId="34" StartOffset="8851"/>
</LocList>
<BasicStmnt CovItemId="S176" CovItemPrefix="dataModels.Optimality.java" Intrnl_Id="2465">
<LocList>
<Loc EndOffset="7838" SrcFileId="34" StartOffset="7794"/>
</LocList>
</BasicStmnt>
<CondStmnt CovItemId="S177" CovItemPrefix="dataModels.Optimality.java" Intrnl_Id="2466">
<Branch CovItemId="B1" CovItemPrefix="dataModels.Optimality.java" Implct="false" Intrnl_Id="2467">
<Cond/>
<LocList>
<Loc EndOffset="8643" SrcFileId="34" StartOffset="8634"/>
</LocList>
<StmntSeq Intrnl_Id="2468">
<LocList>
<Loc EndOffset="8643" SrcFileId="34" StartOffset="8634"/>
</LocList>
<BasicStmnt CovItemId="S178" CovItemPrefix="dataModels.Optimality.java" Intrnl_Id="2469">
<LocList>
<Loc EndOffset="8643" SrcFileId="34" StartOffset="8634"/>
</LocList>
</BasicStmnt>
</StmntSeq>
</Branch>
<Branch CovItemId="B2" CovItemPrefix="dataModels.Optimality.java" Implct="true" Intrnl_Id="2470">
<Cond/>
<LocList/>
<StmntSeq Intrnl_Id="2471">
<LocList/>
</StmntSeq>
</Branch>
<Keyword EndOffset="8483" SrcFileId="34" StartOffset="8481"/>
<LocList>
<Loc EndOffset="8643" SrcFileId="34" StartOffset="8481"/>
</LocList>
</CondStmnt>
<BasicStmnt CovItemId="S179" CovItemPrefix="dataModels.Optimality.java" Intrnl_Id="2472">
<LocList>
<Loc EndOffset="8712" SrcFileId="34" StartOffset="8653"/>
</LocList>
</BasicStmnt>
<BasicStmnt CovItemId="S180" CovItemPrefix="dataModels.Optimality.java" Intrnl_Id="2473">
<LocList>
<Loc EndOffset="8766" SrcFileId="34" StartOffset="8717"/>
</LocList>
</BasicStmnt>
<BasicStmnt CovItemId="S181" CovItemPrefix="dataModels.Optimality.java" Intrnl_Id="2474">
<LocList>
<Loc EndOffset="8806" SrcFileId="34" StartOffset="8776"/>
</LocList>
</BasicStmnt>
<BasicStmnt CovItemId="S182" CovItemPrefix="dataModels.Optimality.java" Intrnl_Id="2475">
<LocList>
<Loc EndOffset="8841" SrcFileId="34" StartOffset="8811"/>
</LocList>
</BasicStmnt>
<CondStmnt CovItemId="S183" CovItemPrefix="dataModels.Optimality.java" Intrnl_Id="2476">
<Branch CovItemId="B3" CovItemPrefix="dataModels.Optimality.java" Implct="false" Intrnl_Id="2477">
<Cond/>
<LocList>
<Loc EndOffset="8938" SrcFileId="34" StartOffset="8910"/>
</LocList>
<StmntSeq Intrnl_Id="2478">
<LocList>
<Loc EndOffset="8938" SrcFileId="34" StartOffset="8910"/>
</LocList>
<BasicStmnt CovItemId="S184" CovItemPrefix="dataModels.Optimality.java" Intrnl_Id="2479">
<LocList>
<Loc EndOffset="8938" SrcFileId="34" StartOffset="8910"/>
</LocList>
</BasicStmnt>
</StmntSeq>
</Branch>
<Branch CovItemId="B4" CovItemPrefix="dataModels.Optimality.java" Implct="false" Intrnl_Id="2480">
<Cond>
<Loc EndOffset="8947" SrcFileId="34" StartOffset="8943"/>
</Cond>
<LocList>
<Loc EndOffset="8981" SrcFileId="34" StartOffset="8953"/>
</LocList>
<StmntSeq Intrnl_Id="2481">
<LocList>
<Loc EndOffset="8981" SrcFileId="34" StartOffset="8953"/>
</LocList>
<BasicStmnt CovItemId="S185" CovItemPrefix="dataModels.Optimality.java" Intrnl_Id="2482">
<LocList>
<Loc EndOffset="8981" SrcFileId="34" StartOffset="8953"/>
</LocList>
</BasicStmnt>
</StmntSeq>
</Branch>
<Keyword EndOffset="8853" SrcFileId="34" StartOffset="8851"/>
<LocList>
<Loc EndOffset="8981" SrcFileId="34" StartOffset="8851"/>
</LocList>
</CondStmnt>
</StmntSeq>
<Keyword EndOffset="7751" SrcFileId="34" StartOffset="7748"/>
<LocList>
<Loc EndOffset="8991" SrcFileId="34" StartOffset="7748"/>
</LocList>
</LoopStmnt>
<BasicStmnt CovItemId="S186" CovItemPrefix="dataModels.Optimality.java" Intrnl_Id="2483">
<LocList>
<Loc EndOffset="9014" SrcFileId="34" StartOffset="8999"/>
</LocList>
</BasicStmnt>
<BasicStmnt CovItemId="S187" CovItemPrefix="dataModels.Optimality.java" Intrnl_Id="2484">
<LocList>
<Loc EndOffset="9032" SrcFileId="34" StartOffset="9018"/>
</LocList>
</BasicStmnt>
<LoopStmnt CovItemId="S188" CovItemPrefix="dataModels.Optimality.java" Intrnl_Id="2485" MltplExecId="L2-2" MltplExecPrefix="dataModels.Optimality.java" NvrExecId="L2-0" NvrExecPrefix="dataModels.Optimality.java" OnceExecutedId="L2-1" OnceExecutedPrefix="dataModels.Optimality.java" OptBodyExec="true">
<StmntSeq Intrnl_Id="2486">
<LocList>
<Loc EndOffset="9091" SrcFileId="34" StartOffset="9076"/>
<Loc EndOffset="9104" SrcFileId="34" StartOffset="9096"/>
</LocList>
<BasicStmnt CovItemId="S189" CovItemPrefix="dataModels.Optimality.java" Intrnl_Id="2487">
<LocList>
<Loc EndOffset="9091" SrcFileId="34" StartOffset="9076"/>
</LocList>
</BasicStmnt>
<BasicStmnt CovItemId="S190" CovItemPrefix="dataModels.Optimality.java" Intrnl_Id="2488">
<LocList>
<Loc EndOffset="9104" SrcFileId="34" StartOffset="9096"/>
</LocList>
</BasicStmnt>
</StmntSeq>
<Keyword EndOffset="9039" SrcFileId="34" StartOffset="9036"/>
<LocList>
<Loc EndOffset="9109" SrcFileId="34" StartOffset="9036"/>
</LocList>
</LoopStmnt>
<CondStmnt CovItemId="S191" CovItemPrefix="dataModels.Optimality.java" Intrnl_Id="2489">
<Branch CovItemId="B5" CovItemPrefix="dataModels.Optimality.java" Implct="false" Intrnl_Id="2490">
<Cond/>
<LocList>
<Loc EndOffset="9141" SrcFileId="34" StartOffset="9132"/>
</LocList>
<StmntSeq Intrnl_Id="2491">
<LocList>
<Loc EndOffset="9141" SrcFileId="34" StartOffset="9132"/>
</LocList>
<BasicStmnt CovItemId="S192" CovItemPrefix="dataModels.Optimality.java" Intrnl_Id="2492">
<LocList>
<Loc EndOffset="9141" SrcFileId="34" StartOffset="9132"/>
</LocList>
</BasicStmnt>
</StmntSeq>
</Branch>
<Branch CovItemId="B6" CovItemPrefix="dataModels.Optimality.java" Implct="true" Intrnl_Id="2493">
<Cond/>
<LocList/>
<StmntSeq Intrnl_Id="2494">
<LocList/>
</StmntSeq>
</Branch>
<Keyword EndOffset="9119" SrcFileId="34" StartOffset="9117"/>
<LocList>
<Loc EndOffset="9141" SrcFileId="34" StartOffset="9117"/>
</LocList>
</CondStmnt>
<BasicStmnt CovItemId="S193" CovItemPrefix="dataModels.Optimality.java" Intrnl_Id="2495">
<LocList>
<Loc EndOffset="9176" SrcFileId="34" StartOffset="9149"/>
</LocList>
</BasicStmnt>
</StmntSeq>
</HierarchyLvl>
<HierarchyLvl HierarchyLvlId="23805" HierarchyLvlTypeId="45" Intrnl_Id="2496" Name="preFlopOptimalityRating">
<Header>
<Loc EndOffset="9361" SrcFileId="34" StartOffset="9302"/>
</Header>
<LocList>
<Loc EndOffset="9505" SrcFileId="34" StartOffset="9302"/>
</LocList>
<StmntSeq Intrnl_Id="2497">
<LocList>
<Loc EndOffset="9405" SrcFileId="34" StartOffset="9369"/>
<Loc EndOffset="9456" SrcFileId="34" StartOffset="9413"/>
<Loc EndOffset="9497" SrcFileId="34" StartOffset="9468"/>
</LocList>
<BasicStmnt CovItemId="S194" CovItemPrefix="dataModels.Optimality.java" Intrnl_Id="2498">
<LocList>
<Loc EndOffset="9405" SrcFileId="34" StartOffset="9369"/>
</LocList>
</BasicStmnt>
<CondStmnt CovItemId="S195" CovItemPrefix="dataModels.Optimality.java" Intrnl_Id="2499">
<Branch CovItemId="B7" CovItemPrefix="dataModels.Optimality.java" Implct="false" Intrnl_Id="2500">
<Cond/>
<LocList>
<Loc EndOffset="9456" SrcFileId="34" StartOffset="9428"/>
</LocList>
<StmntSeq Intrnl_Id="2501">
<LocList>
<Loc EndOffset="9456" SrcFileId="34" StartOffset="9428"/>
</LocList>
<BasicStmnt CovItemId="S196" CovItemPrefix="dataModels.Optimality.java" Intrnl_Id="2502">
<LocList>
<Loc EndOffset="9456" SrcFileId="34" StartOffset="9428"/>
</LocList>
</BasicStmnt>
</StmntSeq>
</Branch>
<Branch CovItemId="B8" CovItemPrefix="dataModels.Optimality.java" Implct="true" Intrnl_Id="2503">
<Cond/>
<LocList/>
<StmntSeq Intrnl_Id="2504">
<LocList/>
</StmntSeq>
</Branch>
<Keyword EndOffset="9415" SrcFileId="34" StartOffset="9413"/>
<LocList>
<Loc EndOffset="9456" SrcFileId="34" StartOffset="9413"/>
</LocList>
</CondStmnt>
<BasicStmnt CovItemId="S197" CovItemPrefix="dataModels.Optimality.java" Intrnl_Id="2505">
<LocList>
<Loc EndOffset="9497" SrcFileId="34" StartOffset="9468"/>
</LocList>
</BasicStmnt>
</StmntSeq>
</HierarchyLvl>
<HierarchyLvl HierarchyLvlId="23806" HierarchyLvlTypeId="45" Intrnl_Id="2506" Name="getPreFlopEV">
<Header>
<Loc EndOffset="9671" SrcFileId="34" StartOffset="9623"/>
</Header>
<LocList>
<Loc EndOffset="10346" SrcFileId="34" StartOffset="9623"/>
</LocList>
<StmntSeq Intrnl_Id="2507">
<LocList>
<Loc EndOffset="9762" SrcFileId="34" StartOffset="9679"/>
<Loc EndOffset="9790" SrcFileId="34" StartOffset="9770"/>
<Loc EndOffset="9819" SrcFileId="34" StartOffset="9794"/>
<Loc EndOffset="9848" SrcFileId="34" StartOffset="9823"/>
<Loc EndOffset="9908" SrcFileId="34" StartOffset="9852"/>
<Loc EndOffset="9968" SrcFileId="34" StartOffset="9912"/>
<Loc EndOffset="10038" SrcFileId="34" StartOffset="9980"/>
<Loc EndOffset="10094" SrcFileId="34" StartOffset="10046"/>
<Loc EndOffset="10138" SrcFileId="34" StartOffset="10098"/>
<Loc EndOffset="10259" SrcFileId="34" StartOffset="10146"/>
<Loc EndOffset="10317" SrcFileId="34" StartOffset="10267"/>
<Loc EndOffset="10338" SrcFileId="34" StartOffset="10325"/>
</LocList>
<CondStmnt CovItemId="S198" CovItemPrefix="dataModels.Optimality.java" Intrnl_Id="2508">
<Branch CovItemId="B9" CovItemPrefix="dataModels.Optimality.java" Implct="false" Intrnl_Id="2509">
<Cond/>
<LocList>
<Loc EndOffset="9762" SrcFileId="34" StartOffset="9719"/>
</LocList>
<StmntSeq Intrnl_Id="2510">
<LocList>
<Loc EndOffset="9757" SrcFileId="34" StartOffset="9725"/>
</LocList>
<BasicStmnt CovItemId="S199" CovItemPrefix="dataModels.Optimality.java" Intrnl_Id="2511">
<LocList>
<Loc EndOffset="9757" SrcFileId="34" StartOffset="9725"/>
</LocList>
</BasicStmnt>
</StmntSeq>
</Branch>
<Branch CovItemId="B10" CovItemPrefix="dataModels.Optimality.java" Implct="true" Intrnl_Id="2512">
<Cond/>
<LocList/>
<StmntSeq Intrnl_Id="2513">
<LocList/>
</StmntSeq>
</Branch>
<Keyword EndOffset="9681" SrcFileId="34" StartOffset="9679"/>
<LocList>
<Loc EndOffset="9762" SrcFileId="34" StartOffset="9679"/>
</LocList>
</CondStmnt>
<BasicStmnt CovItemId="S200" CovItemPrefix="dataModels.Optimality.java" Intrnl_Id="2514">
<LocList>
<Loc EndOffset="9790" SrcFileId="34" StartOffset="9770"/>
</LocList>
</BasicStmnt>
<BasicStmnt CovItemId="S201" CovItemPrefix="dataModels.Optimality.java" Intrnl_Id="2515">
<LocList>
<Loc EndOffset="9819" SrcFileId="34" StartOffset="9794"/>
</LocList>
</BasicStmnt>
<BasicStmnt CovItemId="S202" CovItemPrefix="dataModels.Optimality.java" Intrnl_Id="2516">
<LocList>
<Loc EndOffset="9848" SrcFileId="34" StartOffset="9823"/>
</LocList>
</BasicStmnt>
<BasicStmnt CovItemId="S203" CovItemPrefix="dataModels.Optimality.java" Intrnl_Id="2517">
<LocList>
<Loc EndOffset="9908" SrcFileId="34" StartOffset="9852"/>
</LocList>
</BasicStmnt>
<BasicStmnt CovItemId="S204" CovItemPrefix="dataModels.Optimality.java" Intrnl_Id="2518">
<LocList>
<Loc EndOffset="9968" SrcFileId="34" StartOffset="9912"/>
</LocList>
</BasicStmnt>
<CondStmnt CovItemId="S205" CovItemPrefix="dataModels.Optimality.java" Intrnl_Id="2519">
<Branch CovItemId="B11" CovItemPrefix="dataModels.Optimality.java" Implct="false" Intrnl_Id="2520">
<Cond/>
<LocList>
<Loc EndOffset="10038" SrcFileId="34" StartOffset="10023"/>
</LocList>
<StmntSeq Intrnl_Id="2521">
<LocList>
<Loc EndOffset="10038" SrcFileId="34" StartOffset="10023"/>
</LocList>
<BasicStmnt CovItemId="S206" CovItemPrefix="dataModels.Optimality.java" Intrnl_Id="2522">
<LocList>
<Loc EndOffset="10038" SrcFileId="34" StartOffset="10023"/>
</LocList>
</BasicStmnt>
</StmntSeq>
</Branch>
<Branch CovItemId="B12" CovItemPrefix="dataModels.Optimality.java" Implct="true" Intrnl_Id="2523">
<Cond/>
<LocList/>
<StmntSeq Intrnl_Id="2524">
<LocList/>
</StmntSeq>
</Branch>
<Keyword EndOffset="9982" SrcFileId="34" StartOffset="9980"/>
<LocList>
<Loc EndOffset="10038" SrcFileId="34" StartOffset="9980"/>
</LocList>
</CondStmnt>
<BasicStmnt CovItemId="S207" CovItemPrefix="dataModels.Optimality.java" Intrnl_Id="2525">
<LocList>
<Loc EndOffset="10094" SrcFileId="34" StartOffset="10046"/>
</LocList>
</BasicStmnt>
<BasicStmnt CovItemId="S208" CovItemPrefix="dataModels.Optimality.java" Intrnl_Id="2526">
<LocList>
<Loc EndOffset="10138" SrcFileId="34" StartOffset="10098"/>
</LocList>
</BasicStmnt>
<CondStmnt CovItemId="S209" CovItemPrefix="dataModels.Optimality.java" Intrnl_Id="2527">
<Branch CovItemId="B13" CovItemPrefix="dataModels.Optimality.java" Implct="false" Intrnl_Id="2528">
<Cond/>
<LocList>
<Loc EndOffset="10259" SrcFileId="34" StartOffset="10168"/>
</LocList>
<StmntSeq Intrnl_Id="2529">
<LocList>
<Loc EndOffset="10215" SrcFileId="34" StartOffset="10174"/>
<Loc EndOffset="10253" SrcFileId="34" StartOffset="10220"/>
</LocList>
<BasicStmnt CovItemId="S210" CovItemPrefix="dataModels.Optimality.java" Intrnl_Id="2530">
<LocList>
<Loc EndOffset="10215" SrcFileId="34" StartOffset="10174"/>
</LocList>
</BasicStmnt>
<BasicStmnt CovItemId="S211" CovItemPrefix="dataModels.Optimality.java" Intrnl_Id="2531">
<LocList>
<Loc EndOffset="10253" SrcFileId="34" StartOffset="10220"/>
</LocList>
</BasicStmnt>
</StmntSeq>
</Branch>
<Branch CovItemId="B14" CovItemPrefix="dataModels.Optimality.java" Implct="true" Intrnl_Id="2532">
<Cond/>
<LocList/>
<StmntSeq Intrnl_Id="2533">
<LocList/>
</StmntSeq>
</Branch>
<Keyword EndOffset="10148" SrcFileId="34" StartOffset="10146"/>
<LocList>
<Loc EndOffset="10259" SrcFileId="34" StartOffset="10146"/>
</LocList>
</CondStmnt>
<CondStmnt CovItemId="S212" CovItemPrefix="dataModels.Optimality.java" Intrnl_Id="2534">
<Branch CovItemId="B15" CovItemPrefix="dataModels.Optimality.java" Implct="false" Intrnl_Id="2535">
<Cond/>
<LocList>
<Loc EndOffset="10317" SrcFileId="34" StartOffset="10285"/>
</LocList>
<StmntSeq Intrnl_Id="2536">
<LocList>
<Loc EndOffset="10317" SrcFileId="34" StartOffset="10285"/>
</LocList>
<BasicStmnt CovItemId="S213" CovItemPrefix="dataModels.Optimality.java" Intrnl_Id="2537">
<LocList>
<Loc EndOffset="10317" SrcFileId="34" StartOffset="10285"/>
</LocList>
</BasicStmnt>
</StmntSeq>
</Branch>
<Branch CovItemId="B16" CovItemPrefix="dataModels.Optimality.java" Implct="true" Intrnl_Id="2538">
<Cond/>
<LocList/>
<StmntSeq Intrnl_Id="2539">
<LocList/>
</StmntSeq>
</Branch>
<Keyword EndOffset="10269" SrcFileId="34" StartOffset="10267"/>
<LocList>
<Loc EndOffset="10317" SrcFileId="34" StartOffset="10267"/>
</LocList>
</CondStmnt>
<BasicStmnt CovItemId="S214" CovItemPrefix="dataModels.Optimality.java" Intrnl_Id="2540">
<LocList>
<Loc EndOffset="10338" SrcFileId="34" StartOffset="10325"/>
</LocList>
</BasicStmnt>
</StmntSeq>
</HierarchyLvl>
<HierarchyLvl HierarchyLvlId="23807" HierarchyLvlTypeId="45" Intrnl_Id="2541" Name="getNextCardFutureRankings">
<Header>
<Loc EndOffset="10612" SrcFileId="34" StartOffset="10524"/>
</Header>
<LocList>
<Loc EndOffset="11529" SrcFileId="34" StartOffset="10524"/>
</LocList>
<StmntSeq Intrnl_Id="2542">
<LocList>
<Loc EndOffset="10649" SrcFileId="34" StartOffset="10620"/>
<Loc EndOffset="10695" SrcFileId="34" StartOffset="10653"/>
<Loc EndOffset="10713" SrcFileId="34" StartOffset="10699"/>
<Loc EndOffset="10758" SrcFileId="34" StartOffset="10721"/>
<Loc EndOffset="11503" SrcFileId="34" StartOffset="10795"/>
<Loc EndOffset="11525" SrcFileId="34" StartOffset="11515"/>
</LocList>
<BasicStmnt CovItemId="S215" CovItemPrefix="dataModels.Optimality.java" Intrnl_Id="2543">
<LocList>
<Loc EndOffset="10649" SrcFileId="34" StartOffset="10620"/>
</LocList>
</BasicStmnt>
<BasicStmnt CovItemId="S216" CovItemPrefix="dataModels.Optimality.java" Intrnl_Id="2544">
<LocList>
<Loc EndOffset="10695" SrcFileId="34" StartOffset="10653"/>
</LocList>
</BasicStmnt>
<BasicStmnt CovItemId="S217" CovItemPrefix="dataModels.Optimality.java" Intrnl_Id="2545">
<LocList>
<Loc EndOffset="10713" SrcFileId="34" StartOffset="10699"/>
</LocList>
</BasicStmnt>
<BasicStmnt CovItemId="S218" CovItemPrefix="dataModels.Optimality.java" Intrnl_Id="2546">
<LocList>
<Loc EndOffset="10758" SrcFileId="34" StartOffset="10721"/>
</LocList>
</BasicStmnt>
<LoopStmnt CovItemId="S219" CovItemPrefix="dataModels.Optimality.java" Intrnl_Id="2547" MltplExecId="L3-2" MltplExecPrefix="dataModels.Optimality.java" NvrExecId="L3-0" NvrExecPrefix="dataModels.Optimality.java" OnceExecutedId="L3-1" OnceExecutedPrefix="dataModels.Optimality.java" OptBodyExec="true">
<StmntSeq Intrnl_Id="2548">
<LocList>
<Loc EndOffset="11489" SrcFileId="34" StartOffset="10861"/>
</LocList>
<LoopStmnt CovItemId="S220" CovItemPrefix="dataModels.Optimality.java" Intrnl_Id="2549" MltplExecId="L4-2" MltplExecPrefix="dataModels.Optimality.java" NvrExecId="L4-0" NvrExecPrefix="dataModels.Optimality.java" OnceExecutedId="L4-1" OnceExecutedPrefix="dataModels.Optimality.java" OptBodyExec="true">
<StmntSeq Intrnl_Id="2550">
<LocList>
<Loc EndOffset="10939" SrcFileId="34" StartOffset="10909"/>
<Loc EndOffset="10976" SrcFileId="34" StartOffset="10955"/>
<Loc EndOffset="11070" SrcFileId="34" StartOffset="10986"/>
<Loc EndOffset="11179" SrcFileId="34" StartOffset="11078"/>
<Loc EndOffset="11213" SrcFileId="34" StartOffset="11195"/>
<Loc EndOffset="11283" SrcFileId="34" StartOffset="11245"/>
<Loc EndOffset="11364" SrcFileId="34" StartOffset="11299"/>
<Loc EndOffset="11402" SrcFileId="34" StartOffset="11374"/>
<Loc EndOffset="11481" SrcFileId="34" StartOffset="11421"/>
</LocList>
<BasicStmnt CovItemId="S221" CovItemPrefix="dataModels.Optimality.java" Intrnl_Id="2551">
<LocList>
<Loc EndOffset="10939" SrcFileId="34" StartOffset="10909"/>
</LocList>
</BasicStmnt>
<BasicStmnt CovItemId="S222" CovItemPrefix="dataModels.Optimality.java" Intrnl_Id="2552">
<LocList>
<Loc EndOffset="10976" SrcFileId="34" StartOffset="10955"/>
</LocList>
</BasicStmnt>
<LoopStmnt CovItemId="S223" CovItemPrefix="dataModels.Optimality.java" Intrnl_Id="2553" MltplExecId="L5-2" MltplExecPrefix="dataModels.Optimality.java" NvrExecId="L5-0" NvrExecPrefix="dataModels.Optimality.java" OnceExecutedId="L5-1" OnceExecutedPrefix="dataModels.Optimality.java" OptBodyExec="true">
<StmntSeq Intrnl_Id="2554">
<LocList>
<Loc EndOffset="11070" SrcFileId="34" StartOffset="11019"/>
</LocList>
<CondStmnt CovItemId="S224" CovItemPrefix="dataModels.Optimality.java" Intrnl_Id="2555">
<Branch CovItemId="B17" CovItemPrefix="dataModels.Optimality.java" Implct="false" Intrnl_Id="2556">
<Cond/>
<LocList>
<Loc EndOffset="11070" SrcFileId="34" StartOffset="11050"/>
</LocList>
<StmntSeq Intrnl_Id="2557">
<LocList>
<Loc EndOffset="11063" SrcFileId="34" StartOffset="11051"/>
<Loc EndOffset="11069" SrcFileId="34" StartOffset="11063"/>
</LocList>
<BasicStmnt CovItemId="S225" CovItemPrefix="dataModels.Optimality.java" Intrnl_Id="2558">
<LocList>
<Loc EndOffset="11063" SrcFileId="34" StartOffset="11051"/>
</LocList>
</BasicStmnt>
<BasicStmnt CovItemId="S226" CovItemPrefix="dataModels.Optimality.java" Intrnl_Id="2559">
<LocList>
<Loc EndOffset="11069" SrcFileId="34" StartOffset="11063"/>
</LocList>
</BasicStmnt>
</StmntSeq>
</Branch>
<Branch CovItemId="B18" CovItemPrefix="dataModels.Optimality.java" Implct="true" Intrnl_Id="2560">
<Cond/>
<LocList/>
<StmntSeq Intrnl_Id="2561">
<LocList/>
</StmntSeq>
</Branch>
<Keyword EndOffset="11021" SrcFileId="34" StartOffset="11019"/>
<LocList>
<Loc EndOffset="11070" SrcFileId="34" StartOffset="11019"/>
</LocList>
</CondStmnt>
</StmntSeq>
<Keyword EndOffset="10989" SrcFileId="34" StartOffset="10986"/>
<LocList>
<Loc EndOffset="11070" SrcFileId="34" StartOffset="10986"/>
</LocList>
</LoopStmnt>
<CondStmnt CovItemId="S227" CovItemPrefix="dataModels.Optimality.java" Intrnl_Id="2562">
<Branch CovItemId="B19" CovItemPrefix="dataModels.Optimality.java" Implct="false" Intrnl_Id="2563">
<Cond/>
<LocList>
<Loc EndOffset="11179" SrcFileId="34" StartOffset="11095"/>
</LocList>
<StmntSeq Intrnl_Id="2564">
<LocList>
<Loc EndOffset="11179" SrcFileId="34" StartOffset="11095"/>
</LocList>
<LoopStmnt CovItemId="S228" CovItemPrefix="dataModels.Optimality.java" Intrnl_Id="2565" MltplExecId="L6-2" MltplExecPrefix="dataModels.Optimality.java" NvrExecId="L6-0" NvrExecPrefix="dataModels.Optimality.java" OnceExecutedId="L6-1" OnceExecutedPrefix="dataModels.Optimality.java" OptBodyExec="true">
<StmntSeq Intrnl_Id="2566">
<LocList>
<Loc EndOffset="11179" SrcFileId="34" StartOffset="11128"/>
</LocList>
<CondStmnt CovItemId="S229" CovItemPrefix="dataModels.Optimality.java" Intrnl_Id="2567">
<Branch CovItemId="B21" CovItemPrefix="dataModels.Optimality.java" Implct="false" Intrnl_Id="2568">
<Cond/>
<LocList>
<Loc EndOffset="11179" SrcFileId="34" StartOffset="11159"/>
</LocList>
<StmntSeq Intrnl_Id="2569">
<LocList>
<Loc EndOffset="11172" SrcFileId="34" StartOffset="11160"/>
<Loc EndOffset="11178" SrcFileId="34" StartOffset="11172"/>
</LocList>
<BasicStmnt CovItemId="S230" CovItemPrefix="dataModels.Optimality.java" Intrnl_Id="2570">
<LocList>
<Loc EndOffset="11172" SrcFileId="34" StartOffset="11160"/>
</LocList>
</BasicStmnt>
<BasicStmnt CovItemId="S231" CovItemPrefix="dataModels.Optimality.java" Intrnl_Id="2571">
<LocList>
<Loc EndOffset="11178" SrcFileId="34" StartOffset="11172"/>
</LocList>
</BasicStmnt>
</StmntSeq>
</Branch>
<Branch CovItemId="B22" CovItemPrefix="dataModels.Optimality.java" Implct="true" Intrnl_Id="2572">
<Cond/>
<LocList/>
<StmntSeq Intrnl_Id="2573">
<LocList/>
</StmntSeq>
</Branch>
<Keyword EndOffset="11130" SrcFileId="34" StartOffset="11128"/>
<LocList>
<Loc EndOffset="11179" SrcFileId="34" StartOffset="11128"/>
</LocList>
</CondStmnt>
</StmntSeq>
<Keyword EndOffset="11098" SrcFileId="34" StartOffset="11095"/>
<LocList>
<Loc EndOffset="11179" SrcFileId="34" StartOffset="11095"/>
</LocList>
</LoopStmnt>
</StmntSeq>
</Branch>
<Branch CovItemId="B20" CovItemPrefix="dataModels.Optimality.java" Implct="true" Intrnl_Id="2574">
<Cond/>
<LocList/>
<StmntSeq Intrnl_Id="2575">
<LocList/>
</StmntSeq>
</Branch>
<Keyword EndOffset="11080" SrcFileId="34" StartOffset="11078"/>
<LocList>
<Loc EndOffset="11179" SrcFileId="34" StartOffset="11078"/>
</LocList>
</CondStmnt>
<CondStmnt CovItemId="S232" CovItemPrefix="dataModels.Optimality.java" Intrnl_Id="2576">
<Branch CovItemId="B23" CovItemPrefix="dataModels.Optimality.java" Implct="false" Intrnl_Id="2577">
<Cond/>
<LocList>
<Loc EndOffset="11213" SrcFileId="34" StartOffset="11204"/>
</LocList>
<StmntSeq Intrnl_Id="2578">
<LocList>
<Loc EndOffset="11213" SrcFileId="34" StartOffset="11204"/>
</LocList>
<BasicStmnt CovItemId="S233" CovItemPrefix="dataModels.Optimality.java" Intrnl_Id="2579">
<LocList>
<Loc EndOffset="11213" SrcFileId="34" StartOffset="11204"/>
</LocList>
</BasicStmnt>
</StmntSeq>
</Branch>
<Branch CovItemId="B24" CovItemPrefix="dataModels.Optimality.java" Implct="true" Intrnl_Id="2580">
<Cond/>
<LocList/>
<StmntSeq Intrnl_Id="2581">
<LocList/>
</StmntSeq>
</Branch>
<Keyword EndOffset="11197" SrcFileId="34" StartOffset="11195"/>
<LocList>
<Loc EndOffset="11213" SrcFileId="34" StartOffset="11195"/>
</LocList>
</CondStmnt>
<BasicStmnt CovItemId="S234" CovItemPrefix="dataModels.Optimality.java" Intrnl_Id="2582">
<LocList>
<Loc EndOffset="11283" SrcFileId="34" StartOffset="11245"/>
</LocList>
</BasicStmnt>
<LoopStmnt CovItemId="S235" CovItemPrefix="dataModels.Optimality.java" Intrnl_Id="2583" MltplExecId="L7-2" MltplExecPrefix="dataModels.Optimality.java" NvrExecId="L7-0" NvrExecPrefix="dataModels.Optimality.java" OnceExecutedId="L7-1" OnceExecutedPrefix="dataModels.Optimality.java" OptBodyExec="true">
<StmntSeq Intrnl_Id="2584">
<LocList>
<Loc EndOffset="11364" SrcFileId="34" StartOffset="11343"/>
</LocList>
<BasicStmnt CovItemId="S236" CovItemPrefix="dataModels.Optimality.java" Intrnl_Id="2585">
<LocList>
<Loc EndOffset="11364" SrcFileId="34" StartOffset="11343"/>
</LocList>
</BasicStmnt>
</StmntSeq>
<Keyword EndOffset="11302" SrcFileId="34" StartOffset="11299"/>
<LocList>
<Loc EndOffset="11364" SrcFileId="34" StartOffset="11299"/>
</LocList>
</LoopStmnt>
<BasicStmnt CovItemId="S237" CovItemPrefix="dataModels.Optimality.java" Intrnl_Id="2586">
<LocList>
<Loc EndOffset="11402" SrcFileId="34" StartOffset="11374"/>
</LocList>
</BasicStmnt>
<BasicStmnt CovItemId="S238" CovItemPrefix="dataModels.Optimality.java" Intrnl_Id="2587">
<LocList>
<Loc EndOffset="11481" SrcFileId="34" StartOffset="11421"/>
</LocList>
</BasicStmnt>
</StmntSeq>
<Keyword EndOffset="10864" SrcFileId="34" StartOffset="10861"/>
<LocList>
<Loc EndOffset="11489" SrcFileId="34" StartOffset="10861"/>
</LocList>
</LoopStmnt>
</StmntSeq>
<Keyword EndOffset="10798" SrcFileId="34" StartOffset="10795"/>
<LocList>
<Loc EndOffset="11503" SrcFileId="34" StartOffset="10795"/>
</LocList>
</LoopStmnt>
<BasicStmnt CovItemId="S239" CovItemPrefix="dataModels.Optimality.java" Intrnl_Id="2588">
<LocList>
<Loc EndOffset="11525" SrcFileId="34" StartOffset="11515"/>
</LocList>
</BasicStmnt>
</StmntSeq>
</HierarchyLvl>
<HierarchyLvl HierarchyLvlId="23808" HierarchyLvlTypeId="45" Intrnl_Id="2589" Name="isPositiveEV">
<Header>
<Loc EndOffset="11775" SrcFileId="34" StartOffset="11676"/>
</Header>
<LocList>
<Loc EndOffset="11912" SrcFileId="34" StartOffset="11676"/>
</LocList>
<StmntSeq Intrnl_Id="2590">
<LocList>
<Loc EndOffset="11842" SrcFileId="34" StartOffset="11787"/>
<Loc EndOffset="11904" SrcFileId="34" StartOffset="11850"/>
</LocList>
<BasicStmnt CovItemId="S240" CovItemPrefix="dataModels.Optimality.java" Intrnl_Id="2591">
<LocList>
<Loc EndOffset="11842" SrcFileId="34" StartOffset="11787"/>
</LocList>
</BasicStmnt>
<CondStmnt CovItemId="S241" CovItemPrefix="dataModels.Optimality.java" Intrnl_Id="2592">
<Branch CovItemId="B25" CovItemPrefix="dataModels.Optimality.java" Implct="false" Intrnl_Id="2593">
<Cond/>
<LocList>
<Loc EndOffset="11877" SrcFileId="34" StartOffset="11865"/>
</LocList>
<StmntSeq Intrnl_Id="2594">
<LocList>
<Loc EndOffset="11877" SrcFileId="34" StartOffset="11865"/>
</LocList>
<BasicStmnt CovItemId="S242" CovItemPrefix="dataModels.Optimality.java" Intrnl_Id="2595">
<LocList>
<Loc EndOffset="11877" SrcFileId="34" StartOffset="11865"/>
</LocList>
</BasicStmnt>
</StmntSeq>
</Branch>
<Branch CovItemId="B26" CovItemPrefix="dataModels.Optimality.java" Implct="false" Intrnl_Id="2596">
<Cond>
<Loc EndOffset="11885" SrcFileId="34" StartOffset="11881"/>
</Cond>
<LocList>
<Loc EndOffset="11904" SrcFileId="34" StartOffset="11891"/>
</LocList>
<StmntSeq Intrnl_Id="2597">
<LocList>
<Loc EndOffset="11904" SrcFileId="34" StartOffset="11891"/>
</LocList>
<BasicStmnt CovItemId="S243" CovItemPrefix="dataModels.Optimality.java" Intrnl_Id="2598">
<LocList>
<Loc EndOffset="11904" SrcFileId="34" StartOffset="11891"/>
</LocList>
</BasicStmnt>
</StmntSeq>
</Branch>
<Keyword EndOffset="11852" SrcFileId="34" StartOffset="11850"/>
<LocList>
<Loc EndOffset="11904" SrcFileId="34" StartOffset="11850"/>
</LocList>
</CondStmnt>
</StmntSeq>
</HierarchyLvl>
<HierarchyLvl HierarchyLvlId="23809" HierarchyLvlTypeId="45" Intrnl_Id="2599" Name="getTotalEv">
<Header>
<Loc EndOffset="12173" SrcFileId="34" StartOffset="12077"/>
</Header>
<LocList>
<Loc EndOffset="12866" SrcFileId="34" StartOffset="12077"/>
</LocList>
<StmntSeq Intrnl_Id="2600">
<LocList>
<Loc EndOffset="12237" SrcFileId="34" StartOffset="12185"/>
<Loc EndOffset="12293" SrcFileId="34" StartOffset="12241"/>
<Loc EndOffset="12354" SrcFileId="34" StartOffset="12301"/>
<Loc EndOffset="12454" SrcFileId="34" StartOffset="12388"/>
<Loc EndOffset="12698" SrcFileId="34" StartOffset="12594"/>
<Loc EndOffset="12837" SrcFileId="34" StartOffset="12776"/>
<Loc EndOffset="12858" SrcFileId="34" StartOffset="12849"/>
</LocList>
<BasicStmnt CovItemId="S244" CovItemPrefix="dataModels.Optimality.java" Intrnl_Id="2601">
<LocList>
<Loc EndOffset="12237" SrcFileId="34" StartOffset="12185"/>
</LocList>
</BasicStmnt>
<BasicStmnt CovItemId="S245" CovItemPrefix="dataModels.Optimality.java" Intrnl_Id="2602">
<LocList>
<Loc EndOffset="12293" SrcFileId="34" StartOffset="12241"/>
</LocList>
</BasicStmnt>
<BasicStmnt CovItemId="S246" CovItemPrefix="dataModels.Optimality.java" Intrnl_Id="2603">
<LocList>
<Loc EndOffset="12354" SrcFileId="34" StartOffset="12301"/>
</LocList>
</BasicStmnt>
<CondStmnt CovItemId="S247" CovItemPrefix="dataModels.Optimality.java" Intrnl_Id="2604">
<Branch CovItemId="B27" CovItemPrefix="dataModels.Optimality.java" Implct="false" Intrnl_Id="2605">
<Cond/>
<LocList>
<Loc EndOffset="12454" SrcFileId="34" StartOffset="12412"/>
</LocList>
<StmntSeq Intrnl_Id="2606">
<LocList>
<Loc EndOffset="12454" SrcFileId="34" StartOffset="12412"/>
</LocList>
<BasicStmnt CovItemId="S248" CovItemPrefix="dataModels.Optimality.java" Intrnl_Id="2607">
<LocList>
<Loc EndOffset="12454" SrcFileId="34" StartOffset="12412"/>
</LocList>
</BasicStmnt>
</StmntSeq>
</Branch>
<Branch CovItemId="B28" CovItemPrefix="dataModels.Optimality.java" Implct="true" Intrnl_Id="2608">
<Cond/>
<LocList/>
<StmntSeq Intrnl_Id="2609">
<LocList/>
</StmntSeq>
</Branch>
<Keyword EndOffset="12390" SrcFileId="34" StartOffset="12388"/>
<LocList>
<Loc EndOffset="12454" SrcFileId="34" StartOffset="12388"/>
</LocList>
</CondStmnt>
<CondStmnt CovItemId="S249" CovItemPrefix="dataModels.Optimality.java" Intrnl_Id="2610">
<Branch CovItemId="B29" CovItemPrefix="dataModels.Optimality.java" Implct="false" Intrnl_Id="2611">
<Cond/>
<LocList>
<Loc EndOffset="12698" SrcFileId="34" StartOffset="12632"/>
</LocList>
<StmntSeq Intrnl_Id="2612">
<LocList>
<Loc EndOffset="12693" SrcFileId="34" StartOffset="12638"/>
</LocList>
<BasicStmnt CovItemId="S250" CovItemPrefix="dataModels.Optimality.java" Intrnl_Id="2613">
<LocList>
<Loc EndOffset="12693" SrcFileId="34" StartOffset="12638"/>
</LocList>
</BasicStmnt>
</StmntSeq>
</Branch>
<Branch CovItemId="B30" CovItemPrefix="dataModels.Optimality.java" Implct="true" Intrnl_Id="2614">
<Cond/>
<LocList/>
<StmntSeq Intrnl_Id="2615">
<LocList/>
</StmntSeq>
</Branch>
<Keyword EndOffset="12596" SrcFileId="34" StartOffset="12594"/>
<LocList>
<Loc EndOffset="12698" SrcFileId="34" StartOffset="12594"/>
</LocList>
</CondStmnt>
<CondStmnt CovItemId="S251" CovItemPrefix="dataModels.Optimality.java" Intrnl_Id="2616">
<Branch CovItemId="B31" CovItemPrefix="dataModels.Optimality.java" Implct="false" Intrnl_Id="2617">
<Cond/>
<LocList>
<Loc EndOffset="12837" SrcFileId="34" StartOffset="12798"/>
</LocList>
<StmntSeq Intrnl_Id="2618">
<LocList>
<Loc EndOffset="12837" SrcFileId="34" StartOffset="12798"/>
</LocList>
<BasicStmnt CovItemId="S252" CovItemPrefix="dataModels.Optimality.java" Intrnl_Id="2619">
<LocList>
<Loc EndOffset="12837" SrcFileId="34" StartOffset="12798"/>
</LocList>
</BasicStmnt>
</StmntSeq>
</Branch>
<Branch CovItemId="B32" CovItemPrefix="dataModels.Optimality.java" Implct="true" Intrnl_Id="2620">
<Cond/>
<LocList/>
<StmntSeq Intrnl_Id="2621">
<LocList/>
</StmntSeq>
</Branch>
<Keyword EndOffset="12778" SrcFileId="34" StartOffset="12776"/>
<LocList>
<Loc EndOffset="12837" SrcFileId="34" StartOffset="12776"/>
</LocList>
</CondStmnt>
<BasicStmnt CovItemId="S253" CovItemPrefix="dataModels.Optimality.java" Intrnl_Id="2622">
<LocList>
<Loc EndOffset="12858" SrcFileId="34" StartOffset="12849"/>
</LocList>
</BasicStmnt>
</StmntSeq>
</HierarchyLvl>
<HierarchyLvl HierarchyLvlId="23810" HierarchyLvlTypeId="45" Intrnl_Id="2623" Name="getHandEV">
<Header>
<Loc EndOffset="13081" SrcFileId="34" StartOffset="13008"/>
</Header>
<LocList>
<Loc EndOffset="14740" SrcFileId="34" StartOffset="13008"/>
</LocList>
<StmntSeq Intrnl_Id="2624">
<LocList>
<Loc EndOffset="13103" SrcFileId="34" StartOffset="13089"/>
<Loc EndOffset="13149" SrcFileId="34" StartOffset="13107"/>
<Loc EndOffset="13187" SrcFileId="34" StartOffset="13153"/>
<Loc EndOffset="13231" SrcFileId="34" StartOffset="13195"/>
<Loc EndOffset="13289" SrcFileId="34" StartOffset="13239"/>
<Loc EndOffset="13353" SrcFileId="34" StartOffset="13293"/>
<Loc EndOffset="13415" SrcFileId="34" StartOffset="13361"/>
<Loc EndOffset="14716" SrcFileId="34" StartOffset="13450"/>
<Loc EndOffset="14736" SrcFileId="34" StartOffset="14726"/>
</LocList>
<BasicStmnt CovItemId="S254" CovItemPrefix="dataModels.Optimality.java" Intrnl_Id="2625">
<LocList>
<Loc EndOffset="13103" SrcFileId="34" StartOffset="13089"/>
</LocList>
</BasicStmnt>
<BasicStmnt CovItemId="S255" CovItemPrefix="dataModels.Optimality.java" Intrnl_Id="2626">
<LocList>
<Loc EndOffset="13149" SrcFileId="34" StartOffset="13107"/>
</LocList>
</BasicStmnt>
<BasicStmnt CovItemId="S256" CovItemPrefix="dataModels.Optimality.java" Intrnl_Id="2627">
<LocList>
<Loc EndOffset="13187" SrcFileId="34" StartOffset="13153"/>
</LocList>
</BasicStmnt>
<BasicStmnt CovItemId="S257" CovItemPrefix="dataModels.Optimality.java" Intrnl_Id="2628">
<LocList>
<Loc EndOffset="13231" SrcFileId="34" StartOffset="13195"/>
</LocList>
</BasicStmnt>
<BasicStmnt CovItemId="S258" CovItemPrefix="dataModels.Optimality.java" Intrnl_Id="2629">
<LocList>
<Loc EndOffset="13289" SrcFileId="34" StartOffset="13239"/>
</LocList>
</BasicStmnt>
<BasicStmnt CovItemId="S259" CovItemPrefix="dataModels.Optimality.java" Intrnl_Id="2630">
<LocList>
<Loc EndOffset="13353" SrcFileId="34" StartOffset="13293"/>
</LocList>
</BasicStmnt>
<BasicStmnt CovItemId="S260" CovItemPrefix="dataModels.Optimality.java" Intrnl_Id="2631">
<LocList>
<Loc EndOffset="13415" SrcFileId="34" StartOffset="13361"/>
</LocList>
</BasicStmnt>
<LoopStmnt CovItemId="S261" CovItemPrefix="dataModels.Optimality.java" Intrnl_Id="2632" MltplExecId="L8-2" MltplExecPrefix="dataModels.Optimality.java" NvrExecId="L8-0" NvrExecPrefix="dataModels.Optimality.java" OnceExecutedId="L8-1" OnceExecutedPrefix="dataModels.Optimality.java" OptBodyExec="true">
<StmntSeq Intrnl_Id="2633">
<LocList>
<Loc EndOffset="14711" SrcFileId="34" StartOffset="13510"/>
</LocList>
<LoopStmnt CovItemId="S262" CovItemPrefix="dataModels.Optimality.java" Intrnl_Id="2634" MltplExecId="L9-2" MltplExecPrefix="dataModels.Optimality.java" NvrExecId="L9-0" NvrExecPrefix="dataModels.Optimality.java" OnceExecutedId="L9-1" OnceExecutedPrefix="dataModels.Optimality.java" OptBodyExec="true">
<StmntSeq Intrnl_Id="2635">
<LocList>
<Loc EndOffset="14693" SrcFileId="34" StartOffset="13583"/>
</LocList>
<LoopStmnt CovItemId="S263" CovItemPrefix="dataModels.Optimality.java" Intrnl_Id="2636" MltplExecId="L10-2" MltplExecPrefix="dataModels.Optimality.java" NvrExecId="L10-0" NvrExecPrefix="dataModels.Optimality.java" OnceExecutedId="L10-1" OnceExecutedPrefix="dataModels.Optimality.java" OptBodyExec="true">
<StmntSeq Intrnl_Id="2637">
<LocList>
<Loc EndOffset="14686" SrcFileId="34" StartOffset="13649"/>
</LocList>
<LoopStmnt CovItemId="S264" CovItemPrefix="dataModels.Optimality.java" Intrnl_Id="2638" MltplExecId="L11-2" MltplExecPrefix="dataModels.Optimality.java" NvrExecId="L11-0" NvrExecPrefix="dataModels.Optimality.java" OnceExecutedId="L11-1" OnceExecutedPrefix="dataModels.Optimality.java" OptBodyExec="true">
<StmntSeq Intrnl_Id="2639">
<LocList>
<Loc EndOffset="13725" SrcFileId="34" StartOffset="13695"/>
<Loc EndOffset="13763" SrcFileId="34" StartOffset="13733"/>
<Loc EndOffset="13800" SrcFileId="34" StartOffset="13779"/>
<Loc EndOffset="13843" SrcFileId="34" StartOffset="13808"/>
<Loc EndOffset="13981" SrcFileId="34" StartOffset="13859"/>
<Loc EndOffset="14111" SrcFileId="34" StartOffset="13989"/>
<Loc EndOffset="14153" SrcFileId="34" StartOffset="14135"/>
<Loc EndOffset="14200" SrcFileId="34" StartOffset="14169"/>
<Loc EndOffset="14243" SrcFileId="34" StartOffset="14208"/>
<Loc EndOffset="14302" SrcFileId="34" StartOffset="14251"/>
<Loc EndOffset="14377" SrcFileId="34" StartOffset="14310"/>
<Loc EndOffset="14449" SrcFileId="34" StartOffset="14393"/>
<Loc EndOffset="14670" SrcFileId="34" StartOffset="14507"/>
</LocList>
<BasicStmnt CovItemId="S265" CovItemPrefix="dataModels.Optimality.java" Intrnl_Id="2640">
<LocList>
<Loc EndOffset="13725" SrcFileId="34" StartOffset="13695"/>
</LocList>
</BasicStmnt>
<BasicStmnt CovItemId="S266" CovItemPrefix="dataModels.Optimality.java" Intrnl_Id="2641">
<LocList>
<Loc EndOffset="13763" SrcFileId="34" StartOffset="13733"/>
</LocList>
</BasicStmnt>
<BasicStmnt CovItemId="S267" CovItemPrefix="dataModels.Optimality.java" Intrnl_Id="2642">
<LocList>
<Loc EndOffset="13800" SrcFileId="34" StartOffset="13779"/>
</LocList>
</BasicStmnt>
<CondStmnt CovItemId="S268" CovItemPrefix="dataModels.Optimality.java" Intrnl_Id="2643">
<Branch CovItemId="B33" CovItemPrefix="dataModels.Optimality.java" Implct="false" Intrnl_Id="2644">
<Cond/>
<LocList>
<Loc EndOffset="13843" SrcFileId="34" StartOffset="13833"/>
</LocList>
<StmntSeq Intrnl_Id="2645">
<LocList>
<Loc EndOffset="13843" SrcFileId="34" StartOffset="13833"/>
</LocList>
<BasicStmnt CovItemId="S269" CovItemPrefix="dataModels.Optimality.java" Intrnl_Id="2646">
<LocList>
<Loc EndOffset="13843" SrcFileId="34" StartOffset="13833"/>
</LocList>
</BasicStmnt>
</StmntSeq>
</Branch>
<Branch CovItemId="B34" CovItemPrefix="dataModels.Optimality.java" Implct="true" Intrnl_Id="2647">
<Cond/>
<LocList/>
<StmntSeq Intrnl_Id="2648">
<LocList/>
</StmntSeq>
</Branch>
<Keyword EndOffset="13810" SrcFileId="34" StartOffset="13808"/>
<LocList>
<Loc EndOffset="13843" SrcFileId="34" StartOffset="13808"/>
</LocList>
</CondStmnt>
<CondStmnt CovItemId="S270" CovItemPrefix="dataModels.Optimality.java" Intrnl_Id="2649">
<Branch CovItemId="B35" CovItemPrefix="dataModels.Optimality.java" Implct="false" Intrnl_Id="2650">
<Cond/>
<LocList>
<Loc EndOffset="13981" SrcFileId="34" StartOffset="13876"/>
</LocList>
<StmntSeq Intrnl_Id="2651">
<LocList>
<Loc EndOffset="13981" SrcFileId="34" StartOffset="13876"/>
</LocList>
<LoopStmnt CovItemId="S271" CovItemPrefix="dataModels.Optimality.java" Intrnl_Id="2652" MltplExecId="L12-2" MltplExecPrefix="dataModels.Optimality.java" NvrExecId="L12-0" NvrExecPrefix="dataModels.Optimality.java" OnceExecutedId="L12-1" OnceExecutedPrefix="dataModels.Optimality.java" OptBodyExec="true">
<StmntSeq Intrnl_Id="2653">
<LocList>
<Loc EndOffset="13981" SrcFileId="34" StartOffset="13909"/>
</LocList>
<CondStmnt CovItemId="S272" CovItemPrefix="dataModels.Optimality.java" Intrnl_Id="2654">
<Branch CovItemId="B37" CovItemPrefix="dataModels.Optimality.java" Implct="false" Intrnl_Id="2655">
<Cond/>
<LocList>
<Loc EndOffset="13981" SrcFileId="34" StartOffset="13961"/>
</LocList>
<StmntSeq Intrnl_Id="2656">
<LocList>
<Loc EndOffset="13974" SrcFileId="34" StartOffset="13962"/>
<Loc EndOffset="13980" SrcFileId="34" StartOffset="13974"/>
</LocList>
<BasicStmnt CovItemId="S273" CovItemPrefix="dataModels.Optimality.java" Intrnl_Id="2657">
<LocList>
<Loc EndOffset="13974" SrcFileId="34" StartOffset="13962"/>
</LocList>
</BasicStmnt>
<BasicStmnt CovItemId="S274" CovItemPrefix="dataModels.Optimality.java" Intrnl_Id="2658">
<LocList>
<Loc EndOffset="13980" SrcFileId="34" StartOffset="13974"/>
</LocList>
</BasicStmnt>
</StmntSeq>
</Branch>
<Branch CovItemId="B38" CovItemPrefix="dataModels.Optimality.java" Implct="true" Intrnl_Id="2659">
<Cond/>
<LocList/>
<StmntSeq Intrnl_Id="2660">
<LocList/>
</StmntSeq>
</Branch>
<Keyword EndOffset="13911" SrcFileId="34" StartOffset="13909"/>
<LocList>
<Loc EndOffset="13981" SrcFileId="34" StartOffset="13909"/>
</LocList>
</CondStmnt>
</StmntSeq>
<Keyword EndOffset="13879" SrcFileId="34" StartOffset="13876"/>
<LocList>
<Loc EndOffset="13981" SrcFileId="34" StartOffset="13876"/>
</LocList>
</LoopStmnt>
</StmntSeq>
</Branch>
<Branch CovItemId="B36" CovItemPrefix="dataModels.Optimality.java" Implct="true" Intrnl_Id="2661">
<Cond/>
<LocList/>
<StmntSeq Intrnl_Id="2662">
<LocList/>
</StmntSeq>
</Branch>
<Keyword EndOffset="13861" SrcFileId="34" StartOffset="13859"/>
<LocList>
<Loc EndOffset="13981" SrcFileId="34" StartOffset="13859"/>
</LocList>
</CondStmnt>
<CondStmnt CovItemId="S275" CovItemPrefix="dataModels.Optimality.java" Intrnl_Id="2663">
<Branch CovItemId="B39" CovItemPrefix="dataModels.Optimality.java" Implct="false" Intrnl_Id="2664">
<Cond/>
<LocList>
<Loc EndOffset="14111" SrcFileId="34" StartOffset="14006"/>
</LocList>
<StmntSeq Intrnl_Id="2665">
<LocList>
<Loc EndOffset="14111" SrcFileId="34" StartOffset="14006"/>
</LocList>
<LoopStmnt CovItemId="S276" CovItemPrefix="dataModels.Optimality.java" Intrnl_Id="2666" MltplExecId="L13-2" MltplExecPrefix="dataModels.Optimality.java" NvrExecId="L13-0" NvrExecPrefix="dataModels.Optimality.java" OnceExecutedId="L13-1" OnceExecutedPrefix="dataModels.Optimality.java" OptBodyExec="true">
<StmntSeq Intrnl_Id="2667">
<LocList>
<Loc EndOffset="14111" SrcFileId="34" StartOffset="14039"/>
</LocList>
<CondStmnt CovItemId="S277" CovItemPrefix="dataModels.Optimality.java" Intrnl_Id="2668">
<Branch CovItemId="B41" CovItemPrefix="dataModels.Optimality.java" Implct="false" Intrnl_Id="2669">
<Cond/>
<LocList>
<Loc EndOffset="14111" SrcFileId="34" StartOffset="14091"/>
</LocList>
<StmntSeq Intrnl_Id="2670">
<LocList>
<Loc EndOffset="14104" SrcFileId="34" StartOffset="14092"/>
<Loc EndOffset="14110" SrcFileId="34" StartOffset="14104"/>
</LocList>
<BasicStmnt CovItemId="S278" CovItemPrefix="dataModels.Optimality.java" Intrnl_Id="2671">
<LocList>
<Loc EndOffset="14104" SrcFileId="34" StartOffset="14092"/>
</LocList>
</BasicStmnt>
<BasicStmnt CovItemId="S279" CovItemPrefix="dataModels.Optimality.java" Intrnl_Id="2672">
<LocList>
<Loc EndOffset="14110" SrcFileId="34" StartOffset="14104"/>
</LocList>
</BasicStmnt>
</StmntSeq>
</Branch>
<Branch CovItemId="B42" CovItemPrefix="dataModels.Optimality.java" Implct="true" Intrnl_Id="2673">
<Cond/>
<LocList/>
<StmntSeq Intrnl_Id="2674">
<LocList/>
</StmntSeq>
</Branch>
<Keyword EndOffset="14041" SrcFileId="34" StartOffset="14039"/>
<LocList>
<Loc EndOffset="14111" SrcFileId="34" StartOffset="14039"/>
</LocList>
</CondStmnt>
</StmntSeq>
<Keyword EndOffset="14009" SrcFileId="34" StartOffset="14006"/>
<LocList>
<Loc EndOffset="14111" SrcFileId="34" StartOffset="14006"/>
</LocList>
</LoopStmnt>
</StmntSeq>
</Branch>
<Branch CovItemId="B40" CovItemPrefix="dataModels.Optimality.java" Implct="true" Intrnl_Id="2675">
<Cond/>
<LocList/>
<StmntSeq Intrnl_Id="2676">
<LocList/>
</StmntSeq>
</Branch>
<Keyword EndOffset="13991" SrcFileId="34" StartOffset="13989"/>
<LocList>
<Loc EndOffset="14111" SrcFileId="34" StartOffset="13989"/>
</LocList>
</CondStmnt>
<CondStmnt CovItemId="S280" CovItemPrefix="dataModels.Optimality.java" Intrnl_Id="2677">
<Branch CovItemId="B43" CovItemPrefix="dataModels.Optimality.java" Implct="false" Intrnl_Id="2678">
<Cond/>
<LocList>
<Loc EndOffset="14153" SrcFileId="34" StartOffset="14144"/>
</LocList>
<StmntSeq Intrnl_Id="2679">
<LocList>
<Loc EndOffset="14153" SrcFileId="34" StartOffset="14144"/>
</LocList>
<BasicStmnt CovItemId="S281" CovItemPrefix="dataModels.Optimality.java" Intrnl_Id="2680">
<LocList>
<Loc EndOffset="14153" SrcFileId="34" StartOffset="14144"/>
</LocList>
</BasicStmnt>
</StmntSeq>
</Branch>
<Branch CovItemId="B44" CovItemPrefix="dataModels.Optimality.java" Implct="true" Intrnl_Id="2681">
<Cond/>
<LocList/>
<StmntSeq Intrnl_Id="2682">
<LocList/>
</StmntSeq>
</Branch>
<Keyword EndOffset="14137" SrcFileId="34" StartOffset="14135"/>
<LocList>
<Loc EndOffset="14153" SrcFileId="34" StartOffset="14135"/>
</LocList>
</CondStmnt>
<BasicStmnt CovItemId="S282" CovItemPrefix="dataModels.Optimality.java" Intrnl_Id="2683">
<LocList>
<Loc EndOffset="14200" SrcFileId="34" StartOffset="14169"/>
</LocList>
</BasicStmnt>
<BasicStmnt CovItemId="S283" CovItemPrefix="dataModels.Optimality.java" Intrnl_Id="2684">
<LocList>
<Loc EndOffset="14243" SrcFileId="34" StartOffset="14208"/>
</LocList>
</BasicStmnt>
<BasicStmnt CovItemId="S284" CovItemPrefix="dataModels.Optimality.java" Intrnl_Id="2685">
<LocList>
<Loc EndOffset="14302" SrcFileId="34" StartOffset="14251"/>
</LocList>
</BasicStmnt>
<BasicStmnt CovItemId="S285" CovItemPrefix="dataModels.Optimality.java" Intrnl_Id="2686">
<LocList>
<Loc EndOffset="14377" SrcFileId="34" StartOffset="14310"/>
</LocList>
</BasicStmnt>
<BasicStmnt CovItemId="S286" CovItemPrefix="dataModels.Optimality.java" Intrnl_Id="2687">
<LocList>
<Loc EndOffset="14449" SrcFileId="34" StartOffset="14393"/>
</LocList>
</BasicStmnt>
<CondStmnt CovItemId="S287" CovItemPrefix="dataModels.Optimality.java" Intrnl_Id="2688">
<Branch CovItemId="B45" CovItemPrefix="dataModels.Optimality.java" Implct="false" Intrnl_Id="2689">
<Cond/>
<LocList>
<Loc EndOffset="14598" SrcFileId="34" StartOffset="14548"/>
</LocList>
<StmntSeq Intrnl_Id="2690">
<LocList>
<Loc EndOffset="14598" SrcFileId="34" StartOffset="14548"/>
</LocList>
<BasicStmnt CovItemId="S288" CovItemPrefix="dataModels.Optimality.java" Intrnl_Id="2691">
<LocList>
<Loc EndOffset="14598" SrcFileId="34" StartOffset="14548"/>
</LocList>
</BasicStmnt>
</StmntSeq>
</Branch>
<Branch CovItemId="B46" CovItemPrefix="dataModels.Optimality.java" Implct="false" Intrnl_Id="2692">
<Cond>
<Loc EndOffset="14610" SrcFileId="34" StartOffset="14606"/>
</Cond>
<LocList>
<Loc EndOffset="14670" SrcFileId="34" StartOffset="14619"/>
</LocList>
<StmntSeq Intrnl_Id="2693">
<LocList>
<Loc EndOffset="14670" SrcFileId="34" StartOffset="14619"/>
</LocList>
<BasicStmnt CovItemId="S289" CovItemPrefix="dataModels.Optimality.java" Intrnl_Id="2694">
<LocList>
<Loc EndOffset="14670" SrcFileId="34" StartOffset="14619"/>
</LocList>
</BasicStmnt>
</StmntSeq>
</Branch>
<Keyword EndOffset="14509" SrcFileId="34" StartOffset="14507"/>
<LocList>
<Loc EndOffset="14670" SrcFileId="34" StartOffset="14507"/>
</LocList>
</CondStmnt>
</StmntSeq>
<Keyword EndOffset="13652" SrcFileId="34" StartOffset="13649"/>
<LocList>
<Loc EndOffset="14686" SrcFileId="34" StartOffset="13649"/>
</LocList>
</LoopStmnt>
</StmntSeq>
<Keyword EndOffset="13586" SrcFileId="34" StartOffset="13583"/>
<LocList>
<Loc EndOffset="14693" SrcFileId="34" StartOffset="13583"/>
</LocList>
</LoopStmnt>
</StmntSeq>
<Keyword EndOffset="13513" SrcFileId="34" StartOffset="13510"/>
<LocList>
<Loc EndOffset="14711" SrcFileId="34" StartOffset="13510"/>
</LocList>
</LoopStmnt>
</StmntSeq>
<Keyword EndOffset="13453" SrcFileId="34" StartOffset="13450"/>
<LocList>
<Loc EndOffset="14716" SrcFileId="34" StartOffset="13450"/>
</LocList>
</LoopStmnt>
<BasicStmnt CovItemId="S290" CovItemPrefix="dataModels.Optimality.java" Intrnl_Id="2695">
<LocList>
<Loc EndOffset="14736" SrcFileId="34" StartOffset="14726"/>
</LocList>
</BasicStmnt>
</StmntSeq>
</HierarchyLvl>
</HierarchyLvl>
<HierarchyLvl HierarchyLvlId="23818" HierarchyLvlTypeId="44" Intrnl_Id="2696" Name="MiscGameData">
<Header>
<Loc EndOffset="161" SrcFileId="35" StartOffset="136"/>
</Header>
<LocList>
<Loc EndOffset="1034" SrcFileId="35" StartOffset="136"/>
</LocList>
<HierarchyLvl HierarchyLvlId="23812" HierarchyLvlTypeId="45" Intrnl_Id="2697" Name="MiscGameData">
<Header>
<Loc EndOffset="276" SrcFileId="35" StartOffset="255"/>
</Header>
<LocList>
<Loc EndOffset="280" SrcFileId="35" StartOffset="255"/>
</LocList>
</HierarchyLvl>
<HierarchyLvl HierarchyLvlId="23813" HierarchyLvlTypeId="45" Intrnl_Id="2698" Name="MiscGameData">
<Header>
<Loc EndOffset="459" SrcFileId="35" StartOffset="413"/>
</Header>
<LocList>
<Loc EndOffset="513" SrcFileId="35" StartOffset="413"/>
</LocList>
<StmntSeq Intrnl_Id="2699">
<LocList>
<Loc EndOffset="486" SrcFileId="35" StartOffset="469"/>
<Loc EndOffset="509" SrcFileId="35" StartOffset="490"/>
</LocList>
<BasicStmnt CovItemId="S1" CovItemPrefix="dataModels.MiscGameData.java" Intrnl_Id="2700">
<LocList>
<Loc EndOffset="486" SrcFileId="35" StartOffset="469"/>
</LocList>
</BasicStmnt>
<BasicStmnt CovItemId="S2" CovItemPrefix="dataModels.MiscGameData.java" Intrnl_Id="2701">
<LocList>
<Loc EndOffset="509" SrcFileId="35" StartOffset="490"/>
</LocList>
</BasicStmnt>
</StmntSeq>
</HierarchyLvl>
<HierarchyLvl HierarchyLvlId="23814" HierarchyLvlTypeId="45" Intrnl_Id="2702" Name="getName">
<Header>
<Loc EndOffset="602" SrcFileId="35" StartOffset="579"/>
</Header>
<LocList>
<Loc EndOffset="624" SrcFileId="35" StartOffset="579"/>
</LocList>
<StmntSeq Intrnl_Id="2703">
<LocList>
<Loc EndOffset="620" SrcFileId="35" StartOffset="608"/>
</LocList>
<BasicStmnt CovItemId="S3" CovItemPrefix="dataModels.MiscGameData.java" Intrnl_Id="2704">
<LocList>
<Loc EndOffset="620" SrcFileId="35" StartOffset="608"/>
</LocList>
</BasicStmnt>
</StmntSeq>
</HierarchyLvl>
<HierarchyLvl HierarchyLvlId="23815" HierarchyLvlTypeId="45" Intrnl_Id="2705" Name="setName">
<Header>
<Loc EndOffset="732" SrcFileId="35" StartOffset="700"/>
</Header>
<LocList>
<Loc EndOffset="759" SrcFileId="35" StartOffset="700"/>
</LocList>
<StmntSeq Intrnl_Id="2706">
<LocList>
<Loc EndOffset="755" SrcFileId="35" StartOffset="738"/>
</LocList>
<BasicStmnt CovItemId="S4" CovItemPrefix="dataModels.MiscGameData.java" Intrnl_Id="2707">
<LocList>
<Loc EndOffset="755" SrcFileId="35" StartOffset="738"/>
</LocList>
</BasicStmnt>
</StmntSeq>
</HierarchyLvl>
<HierarchyLvl HierarchyLvlId="23816" HierarchyLvlTypeId="45" Intrnl_Id="2708" Name="getValue">
<Header>
<Loc EndOffset="859" SrcFileId="35" StartOffset="835"/>
</Header>
<LocList>
<Loc EndOffset="882" SrcFileId="35" StartOffset="835"/>
</LocList>
<StmntSeq Intrnl_Id="2709">
<LocList>
<Loc EndOffset="878" SrcFileId="35" StartOffset="865"/>
</LocList>
<BasicStmnt CovItemId="S5" CovItemPrefix="dataModels.MiscGameData.java" Intrnl_Id="2710">
<LocList>
<Loc EndOffset="878" SrcFileId="35" StartOffset="865"/>
</LocList>
</BasicStmnt>
</StmntSeq>
</HierarchyLvl>
<HierarchyLvl HierarchyLvlId="23817" HierarchyLvlTypeId="45" Intrnl_Id="2711" Name="setValue">
<Header>
<Loc EndOffset="993" SrcFileId="35" StartOffset="959"/>
</Header>
<LocList>
<Loc EndOffset="1022" SrcFileId="35" StartOffset="959"/>
</LocList>
<StmntSeq Intrnl_Id="2712">
<LocList>
<Loc EndOffset="1018" SrcFileId="35" StartOffset="999"/>
</LocList>
<BasicStmnt CovItemId="S6" CovItemPrefix="dataModels.MiscGameData.java" Intrnl_Id="2713">
<LocList>
<Loc EndOffset="1018" SrcFileId="35" StartOffset="999"/>
</LocList>
</BasicStmnt>
</StmntSeq>
</HierarchyLvl>
</HierarchyLvl>
<HierarchyLvl HierarchyLvlId="23835" HierarchyLvlTypeId="44" Intrnl_Id="2714" Name="GameAction">
<Header>
<Loc EndOffset="308" SrcFileId="36" StartOffset="285"/>
</Header>
<LocList>
<Loc EndOffset="2093" SrcFileId="36" StartOffset="285"/>
<Loc EndOffset="3040" SrcFileId="36" StartOffset="3034"/>
</LocList>
<HierarchyLvl HierarchyLvlId="23819" HierarchyLvlTypeId="45" Intrnl_Id="2715" Name="GameAction">
<Header>
<Loc EndOffset="515" SrcFileId="36" StartOffset="496"/>
</Header>
<LocList>
<Loc EndOffset="518" SrcFileId="36" StartOffset="496"/>
</LocList>
</HierarchyLvl>
<HierarchyLvl HierarchyLvlId="23820" HierarchyLvlTypeId="45" Intrnl_Id="2716" Name="GameAction">
<Header>
<Loc EndOffset="670" SrcFileId="36" StartOffset="561"/>
</Header>
<LocList>
<Loc EndOffset="803" SrcFileId="36" StartOffset="561"/>
</LocList>
<StmntSeq Intrnl_Id="2717">
<LocList>
<Loc EndOffset="699" SrcFileId="36" StartOffset="678"/>
<Loc EndOffset="718" SrcFileId="36" StartOffset="703"/>
<Loc EndOffset="739" SrcFileId="36" StartOffset="722"/>
<Loc EndOffset="780" SrcFileId="36" StartOffset="743"/>
<Loc EndOffset="799" SrcFileId="36" StartOffset="784"/>
</LocList>
<BasicStmnt CovItemId="S1" CovItemPrefix="dataModels.GameAction.java" Intrnl_Id="2718">
<LocList>
<Loc EndOffset="699" SrcFileId="36" StartOffset="678"/>
</LocList>
</BasicStmnt>
<BasicStmnt CovItemId="S2" CovItemPrefix="dataModels.GameAction.java" Intrnl_Id="2719">
<LocList>
<Loc EndOffset="718" SrcFileId="36" StartOffset="703"/>
</LocList>
</BasicStmnt>
<BasicStmnt CovItemId="S3" CovItemPrefix="dataModels.GameAction.java" Intrnl_Id="2720">
<LocList>
<Loc EndOffset="739" SrcFileId="36" StartOffset="722"/>
</LocList>
</BasicStmnt>
<BasicStmnt CovItemId="S4" CovItemPrefix="dataModels.GameAction.java" Intrnl_Id="2721">
<LocList>
<Loc EndOffset="780" SrcFileId="36" StartOffset="743"/>
</LocList>
</BasicStmnt>
<BasicStmnt CovItemId="S5" CovItemPrefix="dataModels.GameAction.java" Intrnl_Id="2722">
<LocList>
<Loc EndOffset="799" SrcFileId="36" StartOffset="784"/>
</LocList>
</BasicStmnt>
</StmntSeq>
</HierarchyLvl>
<HierarchyLvl HierarchyLvlId="23821" HierarchyLvlTypeId="45" Intrnl_Id="2723" Name="getBet">
<Header>
<Loc EndOffset="915" SrcFileId="36" StartOffset="896"/>
</Header>
<LocList>
<Loc EndOffset="936" SrcFileId="36" StartOffset="896"/>
</LocList>
<StmntSeq Intrnl_Id="2724">
<LocList>
<Loc EndOffset="932" SrcFileId="36" StartOffset="921"/>
</LocList>
<BasicStmnt CovItemId="S6" CovItemPrefix="dataModels.GameAction.java" Intrnl_Id="2725">
<LocList>
<Loc EndOffset="932" SrcFileId="36" StartOffset="921"/>
</LocList>
</BasicStmnt>
</StmntSeq>
</HierarchyLvl>
<HierarchyLvl HierarchyLvlId="23822" HierarchyLvlTypeId="45" Intrnl_Id="2726" Name="setBet">
<Header>
<Loc EndOffset="1040" SrcFileId="36" StartOffset="1013"/>
</Header>
<LocList>
<Loc EndOffset="1065" SrcFileId="36" StartOffset="1013"/>
</LocList>
<StmntSeq Intrnl_Id="2727">
<LocList>
<Loc EndOffset="1061" SrcFileId="36" StartOffset="1046"/>
</LocList>
<BasicStmnt CovItemId="S7" CovItemPrefix="dataModels.GameAction.java" Intrnl_Id="2728">
<LocList>
<Loc EndOffset="1061" SrcFileId="36" StartOffset="1046"/>
</LocList>
</BasicStmnt>
</StmntSeq>
</HierarchyLvl>
<HierarchyLvl HierarchyLvlId="23823" HierarchyLvlTypeId="45" Intrnl_Id="2729" Name="getAction">
<Header>
<Loc EndOffset="1144" SrcFileId="36" StartOffset="1114"/>
</Header>
<LocList>
<Loc EndOffset="1168" SrcFileId="36" StartOffset="1114"/>
</LocList>
<StmntSeq Intrnl_Id="2730">
<LocList>
<Loc EndOffset="1164" SrcFileId="36" StartOffset="1150"/>
</LocList>
<BasicStmnt CovItemId="S8" CovItemPrefix="dataModels.GameAction.java" Intrnl_Id="2731">
<LocList>
<Loc EndOffset="1164" SrcFileId="36" StartOffset="1150"/>
</LocList>
</BasicStmnt>
</StmntSeq>
</HierarchyLvl>
<HierarchyLvl HierarchyLvlId="23824" HierarchyLvlTypeId="45" Intrnl_Id="2732" Name="setAction">
<Header>
<Loc EndOffset="1264" SrcFileId="36" StartOffset="1223"/>
</Header>
<LocList>
<Loc EndOffset="1295" SrcFileId="36" StartOffset="1223"/>
</LocList>
<StmntSeq Intrnl_Id="2733">
<LocList>
<Loc EndOffset="1291" SrcFileId="36" StartOffset="1270"/>
</LocList>
<BasicStmnt CovItemId="S9" CovItemPrefix="dataModels.GameAction.java" Intrnl_Id="2734">
<LocList>
<Loc EndOffset="1291" SrcFileId="36" StartOffset="1270"/>
</LocList>
</BasicStmnt>
</StmntSeq>
</HierarchyLvl>
<HierarchyLvl HierarchyLvlId="23825" HierarchyLvlTypeId="45" Intrnl_Id="2735" Name="getPot">
<Header>
<Loc EndOffset="1361" SrcFileId="36" StartOffset="1342"/>
</Header>
<LocList>
<Loc EndOffset="1382" SrcFileId="36" StartOffset="1342"/>
</LocList>
<StmntSeq Intrnl_Id="2736">
<LocList>
<Loc EndOffset="1378" SrcFileId="36" StartOffset="1367"/>
</LocList>
<BasicStmnt CovItemId="S10" CovItemPrefix="dataModels.GameAction.java" Intrnl_Id="2737">
<LocList>
<Loc EndOffset="1378" SrcFileId="36" StartOffset="1367"/>
</LocList>
</BasicStmnt>
</StmntSeq>
</HierarchyLvl>
<HierarchyLvl HierarchyLvlId="23826" HierarchyLvlTypeId="45" Intrnl_Id="2738" Name="setPot">
<Header>
<Loc EndOffset="1458" SrcFileId="36" StartOffset="1431"/>
</Header>
<LocList>
<Loc EndOffset="1483" SrcFileId="36" StartOffset="1431"/>
</LocList>
<StmntSeq Intrnl_Id="2739">
<LocList>
<Loc EndOffset="1479" SrcFileId="36" StartOffset="1464"/>
</LocList>
<BasicStmnt CovItemId="S11" CovItemPrefix="dataModels.GameAction.java" Intrnl_Id="2740">
<LocList>
<Loc EndOffset="1479" SrcFileId="36" StartOffset="1464"/>
</LocList>
</BasicStmnt>
</StmntSeq>
</HierarchyLvl>
<HierarchyLvl HierarchyLvlId="23827" HierarchyLvlTypeId="45" Intrnl_Id="2741" Name="getHand">
<Header>
<Loc EndOffset="1562" SrcFileId="36" StartOffset="1530"/>
</Header>
<LocList>
<Loc EndOffset="1584" SrcFileId="36" StartOffset="1530"/>
</LocList>
<StmntSeq Intrnl_Id="2742">
<LocList>
<Loc EndOffset="1580" SrcFileId="36" StartOffset="1568"/>
</LocList>
<BasicStmnt CovItemId="S12" CovItemPrefix="dataModels.GameAction.java" Intrnl_Id="2743">
<LocList>
<Loc EndOffset="1580" SrcFileId="36" StartOffset="1568"/>
</LocList>
</BasicStmnt>
</StmntSeq>
</HierarchyLvl>
<HierarchyLvl HierarchyLvlId="23828" HierarchyLvlTypeId="45" Intrnl_Id="2744" Name="setHand">
<Header>
<Loc EndOffset="1659" SrcFileId="36" StartOffset="1618"/>
</Header>
<LocList>
<Loc EndOffset="1686" SrcFileId="36" StartOffset="1618"/>
</LocList>
<StmntSeq Intrnl_Id="2745">
<LocList>
<Loc EndOffset="1682" SrcFileId="36" StartOffset="1665"/>
</LocList>
<BasicStmnt CovItemId="S13" CovItemPrefix="dataModels.GameAction.java" Intrnl_Id="2746">
<LocList>
<Loc EndOffset="1682" SrcFileId="36" StartOffset="1665"/>
</LocList>
</BasicStmnt>
</StmntSeq>
</HierarchyLvl>
<HierarchyLvl HierarchyLvlId="23829" HierarchyLvlTypeId="45" Intrnl_Id="2747" Name="getCommunityCards">
<Header>
<Loc EndOffset="1785" SrcFileId="36" StartOffset="1743"/>
</Header>
<LocList>
<Loc EndOffset="1817" SrcFileId="36" StartOffset="1743"/>
</LocList>
<StmntSeq Intrnl_Id="2748">
<LocList>
<Loc EndOffset="1813" SrcFileId="36" StartOffset="1791"/>
</LocList>
<BasicStmnt CovItemId="S14" CovItemPrefix="dataModels.GameAction.java" Intrnl_Id="2749">
<LocList>
<Loc EndOffset="1813" SrcFileId="36" StartOffset="1791"/>
</LocList>
</BasicStmnt>
</StmntSeq>
</HierarchyLvl>
<HierarchyLvl HierarchyLvlId="23830" HierarchyLvlTypeId="45" Intrnl_Id="2750" Name="setCommunityCards">
<Header>
<Loc EndOffset="1950" SrcFileId="36" StartOffset="1889"/>
</Header>
<LocList>
<Loc EndOffset="1997" SrcFileId="36" StartOffset="1889"/>
</LocList>
<StmntSeq Intrnl_Id="2751">
<LocList>
<Loc EndOffset="1993" SrcFileId="36" StartOffset="1956"/>
</LocList>
<BasicStmnt CovItemId="S15" CovItemPrefix="dataModels.GameAction.java" Intrnl_Id="2752">
<LocList>
<Loc EndOffset="1993" SrcFileId="36" StartOffset="1956"/>
</LocList>
</BasicStmnt>
</StmntSeq>
</HierarchyLvl>
<HierarchyLvl HierarchyLvlId="23834" HierarchyLvlTypeId="42" Intrnl_Id="2753" Name="PokerAction">
<Header>
<Loc EndOffset="2116" SrcFileId="36" StartOffset="2093"/>
</Header>
<LocList>
<Loc EndOffset="3034" SrcFileId="36" StartOffset="2093"/>
</LocList>
<HierarchyLvl HierarchyLvlId="23831" HierarchyLvlTypeId="45" Intrnl_Id="2754" Name="PokerAction">
<Header>
<Loc EndOffset="2417" SrcFileId="36" StartOffset="2391"/>
</Header>
<LocList>
<Loc EndOffset="2452" SrcFileId="36" StartOffset="2391"/>
</LocList>
<StmntSeq Intrnl_Id="2755">
<LocList>
<Loc EndOffset="2447" SrcFileId="36" StartOffset="2427"/>
</LocList>
<BasicStmnt CovItemId="S16" CovItemPrefix="dataModels.GameAction.java" Intrnl_Id="2756">
<LocList>
<Loc EndOffset="2447" SrcFileId="36" StartOffset="2427"/>
</LocList>
</BasicStmnt>
</StmntSeq>
</HierarchyLvl>
<HierarchyLvl HierarchyLvlId="23832" HierarchyLvlTypeId="45" Intrnl_Id="2757" Name="getValue">
<Header>
<Loc EndOffset="2576" SrcFileId="36" StartOffset="2552"/>
</Header>
<LocList>
<Loc EndOffset="2610" SrcFileId="36" StartOffset="2552"/>
</LocList>
<StmntSeq Intrnl_Id="2758">
<LocList>
<Loc EndOffset="2602" SrcFileId="36" StartOffset="2589"/>
</LocList>
<BasicStmnt CovItemId="S17" CovItemPrefix="dataModels.GameAction.java" Intrnl_Id="2759">
<LocList>
<Loc EndOffset="2602" SrcFileId="36" StartOffset="2589"/>
</LocList>
</BasicStmnt>
</StmntSeq>
</HierarchyLvl>
<HierarchyLvl HierarchyLvlId="23833" HierarchyLvlTypeId="45" Intrnl_Id="2760" Name="getAction">
<Header>
<Loc EndOffset="2800" SrcFileId="36" StartOffset="2751"/>
</Header>
<LocList>
<Loc EndOffset="3030" SrcFileId="36" StartOffset="2751"/>
</LocList>
<StmntSeq Intrnl_Id="2761">
<LocList>
<Loc EndOffset="2979" SrcFileId="36" StartOffset="2816"/>
<Loc EndOffset="3022" SrcFileId="36" StartOffset="2995"/>
</LocList>
<LoopStmnt CovItemId="S18" CovItemPrefix="dataModels.GameAction.java" Intrnl_Id="2762" MltplExecId="L1-2" MltplExecPrefix="dataModels.GameAction.java" NvrExecId="L1-0" NvrExecPrefix="dataModels.GameAction.java" OnceExecutedId="L1-1" OnceExecutedPrefix="dataModels.GameAction.java" OptBodyExec="true">
<StmntSeq Intrnl_Id="2763">
<LocList>
<Loc EndOffset="2967" SrcFileId="36" StartOffset="2880"/>
</LocList>
<CondStmnt CovItemId="S19" CovItemPrefix="dataModels.GameAction.java" Intrnl_Id="2764">
<Branch CovItemId="B1" CovItemPrefix="dataModels.GameAction.java" Implct="false" Intrnl_Id="2765">
<Cond/>
<LocList>
<Loc EndOffset="2967" SrcFileId="36" StartOffset="2917"/>
</LocList>
<StmntSeq Intrnl_Id="2766">
<LocList>
<Loc EndOffset="2951" SrcFileId="36" StartOffset="2937"/>
</LocList>
<BasicStmnt CovItemId="S20" CovItemPrefix="dataModels.GameAction.java" Intrnl_Id="2767">
<LocList>
<Loc EndOffset="2951" SrcFileId="36" StartOffset="2937"/>
</LocList>
</BasicStmnt>
</StmntSeq>
</Branch>
<Branch CovItemId="B2" CovItemPrefix="dataModels.GameAction.java" Implct="true" Intrnl_Id="2768">
<Cond/>
<LocList/>
<StmntSeq Intrnl_Id="2769">
<LocList/>
</StmntSeq>
</Branch>
<Keyword EndOffset="2882" SrcFileId="36" StartOffset="2880"/>
<LocList>
<Loc EndOffset="2967" SrcFileId="36" StartOffset="2880"/>
</LocList>
</CondStmnt>
</StmntSeq>
<Keyword EndOffset="2819" SrcFileId="36" StartOffset="2816"/>
<LocList>
<Loc EndOffset="2979" SrcFileId="36" StartOffset="2816"/>
</LocList>
</LoopStmnt>
<BasicStmnt CovItemId="S21" CovItemPrefix="dataModels.GameAction.java" Intrnl_Id="2770">
<LocList>
<Loc EndOffset="3022" SrcFileId="36" StartOffset="2995"/>
</LocList>
</BasicStmnt>
</StmntSeq>
</HierarchyLvl>
</HierarchyLvl>
</HierarchyLvl>
<HierarchyLvl HierarchyLvlId="23842" HierarchyLvlTypeId="44" Intrnl_Id="2771" Name="Game">
<Header>
<Loc EndOffset="174" SrcFileId="37" StartOffset="157"/>
</Header>
<LocList>
<Loc EndOffset="1180" SrcFileId="37" StartOffset="157"/>
</LocList>
<HierarchyLvl HierarchyLvlId="23836" HierarchyLvlTypeId="45" Intrnl_Id="2772" Name="Game">
<Header>
<Loc EndOffset="304" SrcFileId="37" StartOffset="291"/>
</Header>
<LocList>
<Loc EndOffset="307" SrcFileId="37" StartOffset="291"/>
</LocList>
</HierarchyLvl>
<HierarchyLvl HierarchyLvlId="23837" HierarchyLvlTypeId="45" Intrnl_Id="2773" Name="Game">
<Header>
<Loc EndOffset="520" SrcFileId="37" StartOffset="459"/>
</Header>
<LocList>
<Loc EndOffset="589" SrcFileId="37" StartOffset="459"/>
</LocList>
<StmntSeq Intrnl_Id="2774">
<LocList>
<Loc EndOffset="560" SrcFileId="37" StartOffset="529"/>
<Loc EndOffset="585" SrcFileId="37" StartOffset="564"/>
</LocList>
<BasicStmnt CovItemId="S1" CovItemPrefix="dataModels.Game.java" Intrnl_Id="2775">
<LocList>
<Loc EndOffset="560" SrcFileId="37" StartOffset="529"/>
</LocList>
</BasicStmnt>
<BasicStmnt CovItemId="S2" CovItemPrefix="dataModels.Game.java" Intrnl_Id="2776">
<LocList>
<Loc EndOffset="585" SrcFileId="37" StartOffset="564"/>
</LocList>
</BasicStmnt>
</StmntSeq>
</HierarchyLvl>
<HierarchyLvl HierarchyLvlId="23838" HierarchyLvlTypeId="45" Intrnl_Id="2777" Name="getGameID">
<Header>
<Loc EndOffset="678" SrcFileId="37" StartOffset="653"/>
</Header>
<LocList>
<Loc EndOffset="702" SrcFileId="37" StartOffset="653"/>
</LocList>
<StmntSeq Intrnl_Id="2778">
<LocList>
<Loc EndOffset="698" SrcFileId="37" StartOffset="684"/>
</LocList>
<BasicStmnt CovItemId="S3" CovItemPrefix="dataModels.Game.java" Intrnl_Id="2779">
<LocList>
<Loc EndOffset="698" SrcFileId="37" StartOffset="684"/>
</LocList>
</BasicStmnt>
</StmntSeq>
</HierarchyLvl>
<HierarchyLvl HierarchyLvlId="23839" HierarchyLvlTypeId="45" Intrnl_Id="2780" Name="setGameID">
<Header>
<Loc EndOffset="808" SrcFileId="37" StartOffset="772"/>
</Header>
<LocList>
<Loc EndOffset="839" SrcFileId="37" StartOffset="772"/>
</LocList>
<StmntSeq Intrnl_Id="2781">
<LocList>
<Loc EndOffset="835" SrcFileId="37" StartOffset="814"/>
</LocList>
<BasicStmnt CovItemId="S4" CovItemPrefix="dataModels.Game.java" Intrnl_Id="2782">
<LocList>
<Loc EndOffset="835" SrcFileId="37" StartOffset="814"/>
</LocList>
</BasicStmnt>
</StmntSeq>
</HierarchyLvl>
<HierarchyLvl HierarchyLvlId="23840" HierarchyLvlTypeId="45" Intrnl_Id="2783" Name="getGameActions">
<Header>
<Loc EndOffset="953" SrcFileId="37" StartOffset="908"/>
</Header>
<LocList>
<Loc EndOffset="982" SrcFileId="37" StartOffset="908"/>
</LocList>
<StmntSeq Intrnl_Id="2784">
<LocList>
<Loc EndOffset="978" SrcFileId="37" StartOffset="959"/>
</LocList>
<BasicStmnt CovItemId="S5" CovItemPrefix="dataModels.Game.java" Intrnl_Id="2785">
<LocList>
<Loc EndOffset="978" SrcFileId="37" StartOffset="959"/>
</LocList>
</BasicStmnt>
</StmntSeq>
</HierarchyLvl>
<HierarchyLvl HierarchyLvlId="23841" HierarchyLvlTypeId="45" Intrnl_Id="2786" Name="setGameActions">
<Header>
<Loc EndOffset="1133" SrcFileId="37" StartOffset="1072"/>
</Header>
<LocList>
<Loc EndOffset="1174" SrcFileId="37" StartOffset="1072"/>
</LocList>
<StmntSeq Intrnl_Id="2787">
<LocList>
<Loc EndOffset="1170" SrcFileId="37" StartOffset="1139"/>
</LocList>
<BasicStmnt CovItemId="S6" CovItemPrefix="dataModels.Game.java" Intrnl_Id="2788">
<LocList>
<Loc EndOffset="1170" SrcFileId="37" StartOffset="1139"/>
</LocList>
</BasicStmnt>
</StmntSeq>
</HierarchyLvl>
</HierarchyLvl>
<HierarchyLvl HierarchyLvlId="23870" HierarchyLvlTypeId="44" Intrnl_Id="2789" Name="Filter">
<Header>
<Loc EndOffset="625" SrcFileId="38" StartOffset="606"/>
</Header>
<LocList>
<Loc EndOffset="5052" SrcFileId="38" StartOffset="606"/>
<Loc EndOffset="6063" SrcFileId="38" StartOffset="5944"/>
<Loc EndOffset="7078" SrcFileId="38" StartOffset="6929"/>
<Loc EndOffset="8310" SrcFileId="38" StartOffset="8304"/>
</LocList>
<HierarchyLvl HierarchyLvlId="23843" HierarchyLvlTypeId="45" Intrnl_Id="2790" Name="Filter">
<Header>
<Loc EndOffset="786" SrcFileId="38" StartOffset="771"/>
</Header>
<LocList>
<Loc EndOffset="921" SrcFileId="38" StartOffset="771"/>
</LocList>
<StmntSeq Intrnl_Id="2791">
<LocList>
<Loc EndOffset="827" SrcFileId="38" StartOffset="795"/>
<Loc EndOffset="845" SrcFileId="38" StartOffset="831"/>
<Loc EndOffset="878" SrcFileId="38" StartOffset="849"/>
<Loc EndOffset="917" SrcFileId="38" StartOffset="882"/>
</LocList>
<BasicStmnt CovItemId="S1" CovItemPrefix="dataModels.Filter.java" Intrnl_Id="2792">
<LocList>
<Loc EndOffset="827" SrcFileId="38" StartOffset="795"/>
</LocList>
</BasicStmnt>
<BasicStmnt CovItemId="S2" CovItemPrefix="dataModels.Filter.java" Intrnl_Id="2793">
<LocList>
<Loc EndOffset="845" SrcFileId="38" StartOffset="831"/>
</LocList>
</BasicStmnt>
<BasicStmnt CovItemId="S3" CovItemPrefix="dataModels.Filter.java" Intrnl_Id="2794">
<LocList>
<Loc EndOffset="878" SrcFileId="38" StartOffset="849"/>
</LocList>
</BasicStmnt>
<BasicStmnt CovItemId="S4" CovItemPrefix="dataModels.Filter.java" Intrnl_Id="2795">
<LocList>
<Loc EndOffset="917" SrcFileId="38" StartOffset="882"/>
</LocList>
</BasicStmnt>
</StmntSeq>
</HierarchyLvl>
<HierarchyLvl HierarchyLvlId="23844" HierarchyLvlTypeId="45" Intrnl_Id="2796" Name="Filter">
<Header>
<Loc EndOffset="1022" SrcFileId="38" StartOffset="991"/>
</Header>
<LocList>
<Loc EndOffset="1176" SrcFileId="38" StartOffset="991"/>
</LocList>
<StmntSeq Intrnl_Id="2797">
<LocList>
<Loc EndOffset="1082" SrcFileId="38" StartOffset="1030"/>
<Loc EndOffset="1100" SrcFileId="38" StartOffset="1086"/>
<Loc EndOffset="1133" SrcFileId="38" StartOffset="1104"/>
<Loc EndOffset="1172" SrcFileId="38" StartOffset="1137"/>
</LocList>
<BasicStmnt CovItemId="S5" CovItemPrefix="dataModels.Filter.java" Intrnl_Id="2798">
<LocList>
<Loc EndOffset="1082" SrcFileId="38" StartOffset="1030"/>
</LocList>
</BasicStmnt>
<BasicStmnt CovItemId="S6" CovItemPrefix="dataModels.Filter.java" Intrnl_Id="2799">
<LocList>
<Loc EndOffset="1100" SrcFileId="38" StartOffset="1086"/>
</LocList>
</BasicStmnt>
<BasicStmnt CovItemId="S7" CovItemPrefix="dataModels.Filter.java" Intrnl_Id="2800">
<LocList>
<Loc EndOffset="1133" SrcFileId="38" StartOffset="1104"/>
</LocList>
</BasicStmnt>
<BasicStmnt CovItemId="S8" CovItemPrefix="dataModels.Filter.java" Intrnl_Id="2801">
<LocList>
<Loc EndOffset="1172" SrcFileId="38" StartOffset="1137"/>
</LocList>
</BasicStmnt>
</StmntSeq>
</HierarchyLvl>
<HierarchyLvl HierarchyLvlId="23845" HierarchyLvlTypeId="45" Intrnl_Id="2802" Name="Filter">
<Header>
<Loc EndOffset="1480" SrcFileId="38" StartOffset="1430"/>
</Header>
<LocList>
<Loc EndOffset="1623" SrcFileId="38" StartOffset="1430"/>
</LocList>
<StmntSeq Intrnl_Id="2803">
<LocList>
<Loc EndOffset="1540" SrcFileId="38" StartOffset="1488"/>
<Loc EndOffset="1561" SrcFileId="38" StartOffset="1544"/>
<Loc EndOffset="1580" SrcFileId="38" StartOffset="1565"/>
<Loc EndOffset="1619" SrcFileId="38" StartOffset="1584"/>
</LocList>
<BasicStmnt CovItemId="S9" CovItemPrefix="dataModels.Filter.java" Intrnl_Id="2804">
<LocList>
<Loc EndOffset="1540" SrcFileId="38" StartOffset="1488"/>
</LocList>
</BasicStmnt>
<BasicStmnt CovItemId="S10" CovItemPrefix="dataModels.Filter.java" Intrnl_Id="2805">
<LocList>
<Loc EndOffset="1561" SrcFileId="38" StartOffset="1544"/>
</LocList>
</BasicStmnt>
<BasicStmnt CovItemId="S11" CovItemPrefix="dataModels.Filter.java" Intrnl_Id="2806">
<LocList>
<Loc EndOffset="1580" SrcFileId="38" StartOffset="1565"/>
</LocList>
</BasicStmnt>
<BasicStmnt CovItemId="S12" CovItemPrefix="dataModels.Filter.java" Intrnl_Id="2807">
<LocList>
<Loc EndOffset="1619" SrcFileId="38" StartOffset="1584"/>
</LocList>
</BasicStmnt>
</StmntSeq>
</HierarchyLvl>
<HierarchyLvl HierarchyLvlId="23846" HierarchyLvlTypeId="45" Intrnl_Id="2808" Name="Filter">
<Header>
<Loc EndOffset="2007" SrcFileId="38" StartOffset="1938"/>
</Header>
<LocList>
<Loc EndOffset="2140" SrcFileId="38" StartOffset="1938"/>
</LocList>
<StmntSeq Intrnl_Id="2809">
<LocList>
<Loc EndOffset="2067" SrcFileId="38" StartOffset="2015"/>
<Loc EndOffset="2088" SrcFileId="38" StartOffset="2071"/>
<Loc EndOffset="2107" SrcFileId="38" StartOffset="2092"/>
<Loc EndOffset="2136" SrcFileId="38" StartOffset="2111"/>
</LocList>
<BasicStmnt CovItemId="S13" CovItemPrefix="dataModels.Filter.java" Intrnl_Id="2810">
<LocList>
<Loc EndOffset="2067" SrcFileId="38" StartOffset="2015"/>
</LocList>
</BasicStmnt>
<BasicStmnt CovItemId="S14" CovItemPrefix="dataModels.Filter.java" Intrnl_Id="2811">
<LocList>
<Loc EndOffset="2088" SrcFileId="38" StartOffset="2071"/>
</LocList>
</BasicStmnt>
<BasicStmnt CovItemId="S15" CovItemPrefix="dataModels.Filter.java" Intrnl_Id="2812">
<LocList>
<Loc EndOffset="2107" SrcFileId="38" StartOffset="2092"/>
</LocList>
</BasicStmnt>
<BasicStmnt CovItemId="S16" CovItemPrefix="dataModels.Filter.java" Intrnl_Id="2813">
<LocList>
<Loc EndOffset="2136" SrcFileId="38" StartOffset="2111"/>
</LocList>
</BasicStmnt>
</StmntSeq>
</HierarchyLvl>
<HierarchyLvl HierarchyLvlId="23847" HierarchyLvlTypeId="45" Intrnl_Id="2814" Name="getTimeFrame">
<Header>
<Loc EndOffset="2257" SrcFileId="38" StartOffset="2226"/>
</Header>
<LocList>
<Loc EndOffset="2292" SrcFileId="38" StartOffset="2226"/>
</LocList>
<StmntSeq Intrnl_Id="2815">
<LocList>
<Loc EndOffset="2288" SrcFileId="38" StartOffset="2265"/>
</LocList>
<BasicStmnt CovItemId="S17" CovItemPrefix="dataModels.Filter.java" Intrnl_Id="2816">
<LocList>
<Loc EndOffset="2288" SrcFileId="38" StartOffset="2265"/>
</LocList>
</BasicStmnt>
</StmntSeq>
</HierarchyLvl>
<HierarchyLvl HierarchyLvlId="23848" HierarchyLvlTypeId="45" Intrnl_Id="2817" Name="setTimeFrame">
<Header>
<Loc EndOffset="2443" SrcFileId="38" StartOffset="2398"/>
</Header>
<LocList>
<Loc EndOffset="2483" SrcFileId="38" StartOffset="2398"/>
</LocList>
<StmntSeq Intrnl_Id="2818">
<LocList>
<Loc EndOffset="2479" SrcFileId="38" StartOffset="2451"/>
</LocList>
<BasicStmnt CovItemId="S18" CovItemPrefix="dataModels.Filter.java" Intrnl_Id="2819">
<LocList>
<Loc EndOffset="2479" SrcFileId="38" StartOffset="2451"/>
</LocList>
</BasicStmnt>
</StmntSeq>
</HierarchyLvl>
<HierarchyLvl HierarchyLvlId="23849" HierarchyLvlTypeId="45" Intrnl_Id="2820" Name="setTimeFrame">
<Header>
<Loc EndOffset="2672" SrcFileId="38" StartOffset="2630"/>
</Header>
<LocList>
<Loc EndOffset="2736" SrcFileId="38" StartOffset="2630"/>
</LocList>
<StmntSeq Intrnl_Id="2821">
<LocList>
<Loc EndOffset="2732" SrcFileId="38" StartOffset="2680"/>
</LocList>
<BasicStmnt CovItemId="S19" CovItemPrefix="dataModels.Filter.java" Intrnl_Id="2822">
<LocList>
<Loc EndOffset="2732" SrcFileId="38" StartOffset="2680"/>
</LocList>
</BasicStmnt>
</StmntSeq>
</HierarchyLvl>
<HierarchyLvl HierarchyLvlId="23850" HierarchyLvlTypeId="45" Intrnl_Id="2823" Name="setRankType">
<Header>
<Loc EndOffset="2867" SrcFileId="38" StartOffset="2825"/>
</Header>
<LocList>
<Loc EndOffset="2904" SrcFileId="38" StartOffset="2825"/>
</LocList>
<StmntSeq Intrnl_Id="2824">
<LocList>
<Loc EndOffset="2900" SrcFileId="38" StartOffset="2875"/>
</LocList>
<BasicStmnt CovItemId="S20" CovItemPrefix="dataModels.Filter.java" Intrnl_Id="2825">
<LocList>
<Loc EndOffset="2900" SrcFileId="38" StartOffset="2875"/>
</LocList>
</BasicStmnt>
</StmntSeq>
</HierarchyLvl>
<HierarchyLvl HierarchyLvlId="23851" HierarchyLvlTypeId="45" Intrnl_Id="2826" Name="setRankType">
<Header>
<Loc EndOffset="3116" SrcFileId="38" StartOffset="3076"/>
</Header>
<LocList>
<Loc EndOffset="3175" SrcFileId="38" StartOffset="3076"/>
</LocList>
<StmntSeq Intrnl_Id="2827">
<LocList>
<Loc EndOffset="3171" SrcFileId="38" StartOffset="3124"/>
</LocList>
<BasicStmnt CovItemId="S21" CovItemPrefix="dataModels.Filter.java" Intrnl_Id="2828">
<LocList>
<Loc EndOffset="3171" SrcFileId="38" StartOffset="3124"/>
</LocList>
</BasicStmnt>
</StmntSeq>
</HierarchyLvl>
<HierarchyLvl HierarchyLvlId="23852" HierarchyLvlTypeId="45" Intrnl_Id="2829" Name="getRankType">
<Header>
<Loc EndOffset="3288" SrcFileId="38" StartOffset="3259"/>
</Header>
<LocList>
<Loc EndOffset="3321" SrcFileId="38" StartOffset="3259"/>
</LocList>
<StmntSeq Intrnl_Id="2830">
<LocList>
<Loc EndOffset="3317" SrcFileId="38" StartOffset="3296"/>
</LocList>
<BasicStmnt CovItemId="S22" CovItemPrefix="dataModels.Filter.java" Intrnl_Id="2831">
<LocList>
<Loc EndOffset="3317" SrcFileId="38" StartOffset="3296"/>
</LocList>
</BasicStmnt>
</StmntSeq>
</HierarchyLvl>
<HierarchyLvl HierarchyLvlId="23853" HierarchyLvlTypeId="45" Intrnl_Id="2832" Name="getSkip">
<Header>
<Loc EndOffset="3422" SrcFileId="38" StartOffset="3402"/>
</Header>
<LocList>
<Loc EndOffset="3444" SrcFileId="38" StartOffset="3402"/>
</LocList>
<StmntSeq Intrnl_Id="2833">
<LocList>
<Loc EndOffset="3440" SrcFileId="38" StartOffset="3428"/>
</LocList>
<BasicStmnt CovItemId="S23" CovItemPrefix="dataModels.Filter.java" Intrnl_Id="2834">
<LocList>
<Loc EndOffset="3440" SrcFileId="38" StartOffset="3428"/>
</LocList>
</BasicStmnt>
</StmntSeq>
</HierarchyLvl>
<HierarchyLvl HierarchyLvlId="23854" HierarchyLvlTypeId="45" Intrnl_Id="2835" Name="setSkip">
<Header>
<Loc EndOffset="3554" SrcFileId="38" StartOffset="3525"/>
</Header>
<LocList>
<Loc EndOffset="3581" SrcFileId="38" StartOffset="3525"/>
</LocList>
<StmntSeq Intrnl_Id="2836">
<LocList>
<Loc EndOffset="3577" SrcFileId="38" StartOffset="3560"/>
</LocList>
<BasicStmnt CovItemId="S24" CovItemPrefix="dataModels.Filter.java" Intrnl_Id="2837">
<LocList>
<Loc EndOffset="3577" SrcFileId="38" StartOffset="3560"/>
</LocList>
</BasicStmnt>
</StmntSeq>
</HierarchyLvl>
<HierarchyLvl HierarchyLvlId="23855" HierarchyLvlTypeId="45" Intrnl_Id="2838" Name="getMax">
<Header>
<Loc EndOffset="3686" SrcFileId="38" StartOffset="3667"/>
</Header>
<LocList>
<Loc EndOffset="3707" SrcFileId="38" StartOffset="3667"/>
</LocList>
<StmntSeq Intrnl_Id="2839">
<LocList>
<Loc EndOffset="3703" SrcFileId="38" StartOffset="3692"/>
</LocList>
<BasicStmnt CovItemId="S25" CovItemPrefix="dataModels.Filter.java" Intrnl_Id="2840">
<LocList>
<Loc EndOffset="3703" SrcFileId="38" StartOffset="3692"/>
</LocList>
</BasicStmnt>
</StmntSeq>
</HierarchyLvl>
<HierarchyLvl HierarchyLvlId="23856" HierarchyLvlTypeId="45" Intrnl_Id="2841" Name="setMax">
<Header>
<Loc EndOffset="3820" SrcFileId="38" StartOffset="3793"/>
</Header>
<LocList>
<Loc EndOffset="3845" SrcFileId="38" StartOffset="3793"/>
</LocList>
<StmntSeq Intrnl_Id="2842">
<LocList>
<Loc EndOffset="3841" SrcFileId="38" StartOffset="3826"/>
</LocList>
<BasicStmnt CovItemId="S26" CovItemPrefix="dataModels.Filter.java" Intrnl_Id="2843">
<LocList>
<Loc EndOffset="3841" SrcFileId="38" StartOffset="3826"/>
</LocList>
</BasicStmnt>
</StmntSeq>
</HierarchyLvl>
<HierarchyLvl HierarchyLvlId="23857" HierarchyLvlTypeId="45" Intrnl_Id="2844" Name="getSqlTimeFrameFilter">
<Header>
<Loc EndOffset="4121" SrcFileId="38" StartOffset="4084"/>
</Header>
<LocList>
<Loc EndOffset="4586" SrcFileId="38" StartOffset="4084"/>
</LocList>
<StmntSeq Intrnl_Id="2845">
<LocList>
<Loc EndOffset="4582" SrcFileId="38" StartOffset="4129"/>
</LocList>
<CondStmnt CovItemId="S27" CovItemPrefix="dataModels.Filter.java" Intrnl_Id="2846">
<Branch CovItemId="B1" CovItemPrefix="dataModels.Filter.java" Implct="false" Intrnl_Id="2847">
<Cond>
<Loc EndOffset="4170" SrcFileId="38" StartOffset="4162"/>
</Cond>
<LocList>
<Loc EndOffset="4251" SrcFileId="38" StartOffset="4177"/>
</LocList>
<StmntSeq Intrnl_Id="2848">
<LocList>
<Loc EndOffset="4251" SrcFileId="38" StartOffset="4177"/>
</LocList>
<BasicStmnt CovItemId="S28" CovItemPrefix="dataModels.Filter.java" Intrnl_Id="2849">
<LocList>
<Loc EndOffset="4251" SrcFileId="38" StartOffset="4177"/>
</LocList>
</BasicStmnt>
</StmntSeq>
</Branch>
<Branch CovItemId="B2" CovItemPrefix="dataModels.Filter.java" Implct="false" Intrnl_Id="2850">
<Cond>
<Loc EndOffset="4265" SrcFileId="38" StartOffset="4256"/>
</Cond>
<LocList>
<Loc EndOffset="4347" SrcFileId="38" StartOffset="4272"/>
</LocList>
<StmntSeq Intrnl_Id="2851">
<LocList>
<Loc EndOffset="4347" SrcFileId="38" StartOffset="4272"/>
</LocList>
<BasicStmnt CovItemId="S29" CovItemPrefix="dataModels.Filter.java" Intrnl_Id="2852">
<LocList>
<Loc EndOffset="4347" SrcFileId="38" StartOffset="4272"/>
</LocList>
</BasicStmnt>
</StmntSeq>
</Branch>
<Branch CovItemId="B3" CovItemPrefix="dataModels.Filter.java" Implct="false" Intrnl_Id="2853">
<Cond>
<Loc EndOffset="4362" SrcFileId="38" StartOffset="4352"/>
</Cond>
<LocList>
<Loc EndOffset="4445" SrcFileId="38" StartOffset="4369"/>
</LocList>
<StmntSeq Intrnl_Id="2854">
<LocList>
<Loc EndOffset="4445" SrcFileId="38" StartOffset="4369"/>
</LocList>
<BasicStmnt CovItemId="S30" CovItemPrefix="dataModels.Filter.java" Intrnl_Id="2855">
<LocList>
<Loc EndOffset="4445" SrcFileId="38" StartOffset="4369"/>
</LocList>
</BasicStmnt>
</StmntSeq>
</Branch>
<Branch CovItemId="B4" CovItemPrefix="dataModels.Filter.java" Implct="false" Intrnl_Id="2856">
<Cond>
<Loc EndOffset="4459" SrcFileId="38" StartOffset="4450"/>
</Cond>
<LocList>
<Loc EndOffset="4541" SrcFileId="38" StartOffset="4466"/>
</LocList>
<StmntSeq Intrnl_Id="2857">
<LocList>
<Loc EndOffset="4541" SrcFileId="38" StartOffset="4466"/>
</LocList>
<BasicStmnt CovItemId="S31" CovItemPrefix="dataModels.Filter.java" Intrnl_Id="2858">
<LocList>
<Loc EndOffset="4541" SrcFileId="38" StartOffset="4466"/>
</LocList>
</BasicStmnt>
</StmntSeq>
</Branch>
<Branch CovItemId="B5" CovItemPrefix="dataModels.Filter.java" Implct="false" Intrnl_Id="2859">
<Cond>
<Loc EndOffset="4553" SrcFileId="38" StartOffset="4546"/>
</Cond>
<LocList>
<Loc EndOffset="4570" SrcFileId="38" StartOffset="4560"/>
</LocList>
<StmntSeq Intrnl_Id="2860">
<LocList>
<Loc EndOffset="4570" SrcFileId="38" StartOffset="4560"/>
</LocList>
<BasicStmnt CovItemId="S32" CovItemPrefix="dataModels.Filter.java" Intrnl_Id="2861">
<LocList>
<Loc EndOffset="4570" SrcFileId="38" StartOffset="4560"/>
</LocList>
</BasicStmnt>
</StmntSeq>
</Branch>
<Keyword EndOffset="4135" SrcFileId="38" StartOffset="4129"/>
<LocList>
<Loc EndOffset="4582" SrcFileId="38" StartOffset="4129"/>
</LocList>
</CondStmnt>
</StmntSeq>
</HierarchyLvl>
<HierarchyLvl HierarchyLvlId="23858" HierarchyLvlTypeId="45" Intrnl_Id="2862" Name="getSkipSqlFilter">
<Header>
<Loc EndOffset="4718" SrcFileId="38" StartOffset="4686"/>
</Header>
<LocList>
<Loc EndOffset="4766" SrcFileId="38" StartOffset="4686"/>
</LocList>
<StmntSeq Intrnl_Id="2863">
<LocList>
<Loc EndOffset="4762" SrcFileId="38" StartOffset="4726"/>
</LocList>
<BasicStmnt CovItemId="S33" CovItemPrefix="dataModels.Filter.java" Intrnl_Id="2864">
<LocList>
<Loc EndOffset="4762" SrcFileId="38" StartOffset="4726"/>
</LocList>
</BasicStmnt>
</StmntSeq>
</HierarchyLvl>
<HierarchyLvl HierarchyLvlId="23859" HierarchyLvlTypeId="45" Intrnl_Id="2865" Name="getMaxSqlFilter">
<Header>
<Loc EndOffset="4887" SrcFileId="38" StartOffset="4856"/>
</Header>
<LocList>
<Loc EndOffset="4933" SrcFileId="38" StartOffset="4856"/>
</LocList>
<StmntSeq Intrnl_Id="2866">
<LocList>
<Loc EndOffset="4929" SrcFileId="38" StartOffset="4895"/>
</LocList>
<BasicStmnt CovItemId="S34" CovItemPrefix="dataModels.Filter.java" Intrnl_Id="2867">
<LocList>
<Loc EndOffset="4929" SrcFileId="38" StartOffset="4895"/>
</LocList>
</BasicStmnt>
</StmntSeq>
</HierarchyLvl>
<HierarchyLvl HierarchyLvlId="23863" HierarchyLvlTypeId="42" Intrnl_Id="2868" Name="TimeFrame">
<Header>
<Loc EndOffset="5073" SrcFileId="38" StartOffset="5052"/>
</Header>
<LocList>
<Loc EndOffset="5944" SrcFileId="38" StartOffset="5052"/>
</LocList>
<HierarchyLvl HierarchyLvlId="23860" HierarchyLvlTypeId="45" Intrnl_Id="2869" Name="TimeFrame">
<Header>
<Loc EndOffset="5275" SrcFileId="38" StartOffset="5248"/>
</Header>
<LocList>
<Loc EndOffset="5313" SrcFileId="38" StartOffset="5248"/>
</LocList>
<StmntSeq Intrnl_Id="2870">
<LocList>
<Loc EndOffset="5308" SrcFileId="38" StartOffset="5285"/>
</LocList>
<BasicStmnt CovItemId="S35" CovItemPrefix="dataModels.Filter.java" Intrnl_Id="2871">
<LocList>
<Loc EndOffset="5308" SrcFileId="38" StartOffset="5285"/>
</LocList>
</BasicStmnt>
</StmntSeq>
</HierarchyLvl>
<HierarchyLvl HierarchyLvlId="23861" HierarchyLvlTypeId="45" Intrnl_Id="2872" Name="getValue">
<Header>
<Loc EndOffset="5440" SrcFileId="38" StartOffset="5416"/>
</Header>
<LocList>
<Loc EndOffset="5474" SrcFileId="38" StartOffset="5416"/>
</LocList>
<StmntSeq Intrnl_Id="2873">
<LocList>
<Loc EndOffset="5466" SrcFileId="38" StartOffset="5453"/>
</LocList>
<BasicStmnt CovItemId="S36" CovItemPrefix="dataModels.Filter.java" Intrnl_Id="2874">
<LocList>
<Loc EndOffset="5466" SrcFileId="38" StartOffset="5453"/>
</LocList>
</BasicStmnt>
</StmntSeq>
</HierarchyLvl>
<HierarchyLvl HierarchyLvlId="23862" HierarchyLvlTypeId="45" Intrnl_Id="2875" Name="getTimeFrame">
<Header>
<Loc EndOffset="5697" SrcFileId="38" StartOffset="5637"/>
</Header>
<LocList>
<Loc EndOffset="5936" SrcFileId="38" StartOffset="5637"/>
</LocList>
<StmntSeq Intrnl_Id="2876">
<LocList>
<Loc EndOffset="5891" SrcFileId="38" StartOffset="5713"/>
<Loc EndOffset="5928" SrcFileId="38" StartOffset="5907"/>
</LocList>
<LoopStmnt CovItemId="S37" CovItemPrefix="dataModels.Filter.java" Intrnl_Id="2877" MltplExecId="L1-2" MltplExecPrefix="dataModels.Filter.java" NvrExecId="L1-0" NvrExecPrefix="dataModels.Filter.java" OnceExecutedId="L1-1" OnceExecutedPrefix="dataModels.Filter.java" OptBodyExec="true">
<StmntSeq Intrnl_Id="2878">
<LocList>
<Loc EndOffset="5879" SrcFileId="38" StartOffset="5776"/>
</LocList>
<CondStmnt CovItemId="S38" CovItemPrefix="dataModels.Filter.java" Intrnl_Id="2879">
<Branch CovItemId="B6" CovItemPrefix="dataModels.Filter.java" Implct="false" Intrnl_Id="2880">
<Cond/>
<LocList>
<Loc EndOffset="5879" SrcFileId="38" StartOffset="5826"/>
</LocList>
<StmntSeq Intrnl_Id="2881">
<LocList>
<Loc EndOffset="5863" SrcFileId="38" StartOffset="5846"/>
</LocList>
<BasicStmnt CovItemId="S39" CovItemPrefix="dataModels.Filter.java" Intrnl_Id="2882">
<LocList>
<Loc EndOffset="5863" SrcFileId="38" StartOffset="5846"/>
</LocList>
</BasicStmnt>
</StmntSeq>
</Branch>
<Branch CovItemId="B7" CovItemPrefix="dataModels.Filter.java" Implct="true" Intrnl_Id="2883">
<Cond/>
<LocList/>
<StmntSeq Intrnl_Id="2884">
<LocList/>
</StmntSeq>
</Branch>
<Keyword EndOffset="5778" SrcFileId="38" StartOffset="5776"/>
<LocList>
<Loc EndOffset="5879" SrcFileId="38" StartOffset="5776"/>
</LocList>
</CondStmnt>
</StmntSeq>
<Keyword EndOffset="5716" SrcFileId="38" StartOffset="5713"/>
<LocList>
<Loc EndOffset="5891" SrcFileId="38" StartOffset="5713"/>
</LocList>
</LoopStmnt>
<BasicStmnt CovItemId="S40" CovItemPrefix="dataModels.Filter.java" Intrnl_Id="2885">
<LocList>
<Loc EndOffset="5928" SrcFileId="38" StartOffset="5907"/>
</LocList>
</BasicStmnt>
</StmntSeq>
</HierarchyLvl>
</HierarchyLvl>
<HierarchyLvl HierarchyLvlId="23867" HierarchyLvlTypeId="42" Intrnl_Id="2886" Name="RankType">
<Header>
<Loc EndOffset="6083" SrcFileId="38" StartOffset="6063"/>
</Header>
<LocList>
<Loc EndOffset="6929" SrcFileId="38" StartOffset="6063"/>
</LocList>
<HierarchyLvl HierarchyLvlId="23864" HierarchyLvlTypeId="45" Intrnl_Id="2887" Name="RankType">
<Header>
<Loc EndOffset="6265" SrcFileId="38" StartOffset="6240"/>
</Header>
<LocList>
<Loc EndOffset="6302" SrcFileId="38" StartOffset="6240"/>
</LocList>
<StmntSeq Intrnl_Id="2888">
<LocList>
<Loc EndOffset="6297" SrcFileId="38" StartOffset="6275"/>
</LocList>
<BasicStmnt CovItemId="S41" CovItemPrefix="dataModels.Filter.java" Intrnl_Id="2889">
<LocList>
<Loc EndOffset="6297" SrcFileId="38" StartOffset="6275"/>
</LocList>
</BasicStmnt>
</StmntSeq>
</HierarchyLvl>
<HierarchyLvl HierarchyLvlId="23865" HierarchyLvlTypeId="45" Intrnl_Id="2890" Name="getValue">
<Header>
<Loc EndOffset="6429" SrcFileId="38" StartOffset="6405"/>
</Header>
<LocList>
<Loc EndOffset="6463" SrcFileId="38" StartOffset="6405"/>
</LocList>
<StmntSeq Intrnl_Id="2891">
<LocList>
<Loc EndOffset="6455" SrcFileId="38" StartOffset="6442"/>
</LocList>
<BasicStmnt CovItemId="S42" CovItemPrefix="dataModels.Filter.java" Intrnl_Id="2892">
<LocList>
<Loc EndOffset="6455" SrcFileId="38" StartOffset="6442"/>
</LocList>
</BasicStmnt>
</StmntSeq>
</HierarchyLvl>
<HierarchyLvl HierarchyLvlId="23866" HierarchyLvlTypeId="45" Intrnl_Id="2893" Name="getRankType">
<Header>
<Loc EndOffset="6683" SrcFileId="38" StartOffset="6626"/>
</Header>
<LocList>
<Loc EndOffset="6921" SrcFileId="38" StartOffset="6626"/>
</LocList>
<StmntSeq Intrnl_Id="2894">
<LocList>
<Loc EndOffset="6871" SrcFileId="38" StartOffset="6699"/>
<Loc EndOffset="6913" SrcFileId="38" StartOffset="6887"/>
</LocList>
<LoopStmnt CovItemId="S43" CovItemPrefix="dataModels.Filter.java" Intrnl_Id="2895" MltplExecId="L2-2" MltplExecPrefix="dataModels.Filter.java" NvrExecId="L2-0" NvrExecPrefix="dataModels.Filter.java" OnceExecutedId="L2-1" OnceExecutedPrefix="dataModels.Filter.java" OptBodyExec="true">
<StmntSeq Intrnl_Id="2896">
<LocList>
<Loc EndOffset="6859" SrcFileId="38" StartOffset="6759"/>
</LocList>
<CondStmnt CovItemId="S44" CovItemPrefix="dataModels.Filter.java" Intrnl_Id="2897">
<Branch CovItemId="B8" CovItemPrefix="dataModels.Filter.java" Implct="false" Intrnl_Id="2898">
<Cond/>
<LocList>
<Loc EndOffset="6859" SrcFileId="38" StartOffset="6807"/>
</LocList>
<StmntSeq Intrnl_Id="2899">
<LocList>
<Loc EndOffset="6843" SrcFileId="38" StartOffset="6827"/>
</LocList>
<BasicStmnt CovItemId="S45" CovItemPrefix="dataModels.Filter.java" Intrnl_Id="2900">
<LocList>
<Loc EndOffset="6843" SrcFileId="38" StartOffset="6827"/>
</LocList>
</BasicStmnt>
</StmntSeq>
</Branch>
<Branch CovItemId="B9" CovItemPrefix="dataModels.Filter.java" Implct="true" Intrnl_Id="2901">
<Cond/>
<LocList/>
<StmntSeq Intrnl_Id="2902">
<LocList/>
</StmntSeq>
</Branch>
<Keyword EndOffset="6761" SrcFileId="38" StartOffset="6759"/>
<LocList>
<Loc EndOffset="6859" SrcFileId="38" StartOffset="6759"/>
</LocList>
</CondStmnt>
</StmntSeq>
<Keyword EndOffset="6702" SrcFileId="38" StartOffset="6699"/>
<LocList>
<Loc EndOffset="6871" SrcFileId="38" StartOffset="6699"/>
</LocList>
</LoopStmnt>
<BasicStmnt CovItemId="S46" CovItemPrefix="dataModels.Filter.java" Intrnl_Id="2903">
<LocList>
<Loc EndOffset="6913" SrcFileId="38" StartOffset="6887"/>
</LocList>
</BasicStmnt>
</StmntSeq>
</HierarchyLvl>
</HierarchyLvl>
<HierarchyLvl HierarchyLvlId="23869" HierarchyLvlTypeId="44" Intrnl_Id="2904" Name="FilterDeserializer">
<Header>
<Loc EndOffset="7152" SrcFileId="38" StartOffset="7078"/>
</Header>
<LocList>
<Loc EndOffset="8304" SrcFileId="38" StartOffset="7078"/>
</LocList>
<HierarchyLvl HierarchyLvlId="23868" HierarchyLvlTypeId="45" Intrnl_Id="2905" Name="deserialize">
<Header>
<Loc EndOffset="7411" SrcFileId="38" StartOffset="7274"/>
</Header>
<LocList>
<Loc EndOffset="8300" SrcFileId="38" StartOffset="7274"/>
</LocList>
<StmntSeq Intrnl_Id="2906">
<LocList>
<Loc EndOffset="7473" SrcFileId="38" StartOffset="7420"/>
<Loc EndOffset="7542" SrcFileId="38" StartOffset="7480"/>
<Loc EndOffset="7604" SrcFileId="38" StartOffset="7552"/>
<Loc EndOffset="7664" SrcFileId="38" StartOffset="7614"/>
<Loc EndOffset="7735" SrcFileId="38" StartOffset="7674"/>
<Loc EndOffset="7771" SrcFileId="38" StartOffset="7742"/>
<Loc EndOffset="7867" SrcFileId="38" StartOffset="7781"/>
<Loc EndOffset="7945" SrcFileId="38" StartOffset="7877"/>
<Loc EndOffset="8025" SrcFileId="38" StartOffset="7955"/>
<Loc EndOffset="8100" SrcFileId="38" StartOffset="8035"/>
<Loc EndOffset="8178" SrcFileId="38" StartOffset="8110"/>
<Loc EndOffset="8271" SrcFileId="38" StartOffset="8188"/>
<Loc EndOffset="8295" SrcFileId="38" StartOffset="8281"/>
</LocList>
<BasicStmnt CovItemId="S47" CovItemPrefix="dataModels.Filter.java" Intrnl_Id="2907">
<LocList>
<Loc EndOffset="7473" SrcFileId="38" StartOffset="7420"/>
</LocList>
</BasicStmnt>
<BasicStmnt CovItemId="S48" CovItemPrefix="dataModels.Filter.java" Intrnl_Id="2908">
<LocList>
<Loc EndOffset="7542" SrcFileId="38" StartOffset="7480"/>
</LocList>
</BasicStmnt>
<BasicStmnt CovItemId="S49" CovItemPrefix="dataModels.Filter.java" Intrnl_Id="2909">
<LocList>
<Loc EndOffset="7604" SrcFileId="38" StartOffset="7552"/>
</LocList>
</BasicStmnt>
<BasicStmnt CovItemId="S50" CovItemPrefix="dataModels.Filter.java" Intrnl_Id="2910">
<LocList>
<Loc EndOffset="7664" SrcFileId="38" StartOffset="7614"/>
</LocList>
</BasicStmnt>
<BasicStmnt CovItemId="S51" CovItemPrefix="dataModels.Filter.java" Intrnl_Id="2911">
<LocList>
<Loc EndOffset="7735" SrcFileId="38" StartOffset="7674"/>
</LocList>
</BasicStmnt>
<BasicStmnt CovItemId="S52" CovItemPrefix="dataModels.Filter.java" Intrnl_Id="2912">
<LocList>
<Loc EndOffset="7771" SrcFileId="38" StartOffset="7742"/>
</LocList>
</BasicStmnt>
<CondStmnt CovItemId="S53" CovItemPrefix="dataModels.Filter.java" Intrnl_Id="2913">
<Branch CovItemId="B10" CovItemPrefix="dataModels.Filter.java" Implct="false" Intrnl_Id="2914">
<Cond/>
<LocList>
<Loc EndOffset="7867" SrcFileId="38" StartOffset="7815"/>
</LocList>
<StmntSeq Intrnl_Id="2915">
<LocList>
<Loc EndOffset="7867" SrcFileId="38" StartOffset="7815"/>
</LocList>
<BasicStmnt CovItemId="S54" CovItemPrefix="dataModels.Filter.java" Intrnl_Id="2916">
<LocList>
<Loc EndOffset="7867" SrcFileId="38" StartOffset="7815"/>
</LocList>
</BasicStmnt>
</StmntSeq>
</Branch>
<Branch CovItemId="B11" CovItemPrefix="dataModels.Filter.java" Implct="true" Intrnl_Id="2917">
<Cond/>
<LocList/>
<StmntSeq Intrnl_Id="2918">
<LocList/>
</StmntSeq>
</Branch>
<Keyword EndOffset="7783" SrcFileId="38" StartOffset="7781"/>
<LocList>
<Loc EndOffset="7867" SrcFileId="38" StartOffset="7781"/>
</LocList>
</CondStmnt>
<CondStmnt CovItemId="S55" CovItemPrefix="dataModels.Filter.java" Intrnl_Id="2919">
<Branch CovItemId="B12" CovItemPrefix="dataModels.Filter.java" Implct="false" Intrnl_Id="2920">
<Cond/>
<LocList>
<Loc EndOffset="7945" SrcFileId="38" StartOffset="7906"/>
</LocList>
<StmntSeq Intrnl_Id="2921">
<LocList>
<Loc EndOffset="7945" SrcFileId="38" StartOffset="7906"/>
</LocList>
<BasicStmnt CovItemId="S56" CovItemPrefix="dataModels.Filter.java" Intrnl_Id="2922">
<LocList>
<Loc EndOffset="7945" SrcFileId="38" StartOffset="7906"/>
</LocList>
</BasicStmnt>
</StmntSeq>
</Branch>
<Branch CovItemId="B13" CovItemPrefix="dataModels.Filter.java" Implct="true" Intrnl_Id="2923">
<Cond/>
<LocList/>
<StmntSeq Intrnl_Id="2924">
<LocList/>
</StmntSeq>
</Branch>
<Keyword EndOffset="7879" SrcFileId="38" StartOffset="7877"/>
<LocList>
<Loc EndOffset="7945" SrcFileId="38" StartOffset="7877"/>
</LocList>
</CondStmnt>
<CondStmnt CovItemId="S57" CovItemPrefix="dataModels.Filter.java" Intrnl_Id="2925">
<Branch CovItemId="B14" CovItemPrefix="dataModels.Filter.java" Implct="false" Intrnl_Id="2926">
<Cond/>
<LocList>
<Loc EndOffset="8025" SrcFileId="38" StartOffset="7980"/>
</LocList>
<StmntSeq Intrnl_Id="2927">
<LocList>
<Loc EndOffset="8025" SrcFileId="38" StartOffset="7980"/>
</LocList>
<BasicStmnt CovItemId="S58" CovItemPrefix="dataModels.Filter.java" Intrnl_Id="2928">
<LocList>
<Loc EndOffset="8025" SrcFileId="38" StartOffset="7980"/>
</LocList>
</BasicStmnt>
</StmntSeq>
</Branch>
<Branch CovItemId="B15" CovItemPrefix="dataModels.Filter.java" Implct="true" Intrnl_Id="2929">
<Cond/>
<LocList/>
<StmntSeq Intrnl_Id="2930">
<LocList/>
</StmntSeq>
</Branch>
<Keyword EndOffset="7957" SrcFileId="38" StartOffset="7955"/>
<LocList>
<Loc EndOffset="8025" SrcFileId="38" StartOffset="7955"/>
</LocList>
</CondStmnt>
<CondStmnt CovItemId="S59" CovItemPrefix="dataModels.Filter.java" Intrnl_Id="2931">
<Branch CovItemId="B16" CovItemPrefix="dataModels.Filter.java" Implct="false" Intrnl_Id="2932">
<Cond/>
<LocList>
<Loc EndOffset="8100" SrcFileId="38" StartOffset="8063"/>
</LocList>
<StmntSeq Intrnl_Id="2933">
<LocList>
<Loc EndOffset="8100" SrcFileId="38" StartOffset="8063"/>
</LocList>
<BasicStmnt CovItemId="S60" CovItemPrefix="dataModels.Filter.java" Intrnl_Id="2934">
<LocList>
<Loc EndOffset="8100" SrcFileId="38" StartOffset="8063"/>
</LocList>
</BasicStmnt>
</StmntSeq>
</Branch>
<Branch CovItemId="B17" CovItemPrefix="dataModels.Filter.java" Implct="true" Intrnl_Id="2935">
<Cond/>
<LocList/>
<StmntSeq Intrnl_Id="2936">
<LocList/>
</StmntSeq>
</Branch>
<Keyword EndOffset="8037" SrcFileId="38" StartOffset="8035"/>
<LocList>
<Loc EndOffset="8100" SrcFileId="38" StartOffset="8035"/>
</LocList>
</CondStmnt>
<CondStmnt CovItemId="S61" CovItemPrefix="dataModels.Filter.java" Intrnl_Id="2937">
<Branch CovItemId="B18" CovItemPrefix="dataModels.Filter.java" Implct="false" Intrnl_Id="2938">
<Cond/>
<LocList>
<Loc EndOffset="8178" SrcFileId="38" StartOffset="8134"/>
</LocList>
<StmntSeq Intrnl_Id="2939">
<LocList>
<Loc EndOffset="8178" SrcFileId="38" StartOffset="8134"/>
</LocList>
<BasicStmnt CovItemId="S62" CovItemPrefix="dataModels.Filter.java" Intrnl_Id="2940">
<LocList>
<Loc EndOffset="8178" SrcFileId="38" StartOffset="8134"/>
</LocList>
</BasicStmnt>
</StmntSeq>
</Branch>
<Branch CovItemId="B19" CovItemPrefix="dataModels.Filter.java" Implct="true" Intrnl_Id="2941">
<Cond/>
<LocList/>
<StmntSeq Intrnl_Id="2942">
<LocList/>
</StmntSeq>
</Branch>
<Keyword EndOffset="8112" SrcFileId="38" StartOffset="8110"/>
<LocList>
<Loc EndOffset="8178" SrcFileId="38" StartOffset="8110"/>
</LocList>
</CondStmnt>
<CondStmnt CovItemId="S63" CovItemPrefix="dataModels.Filter.java" Intrnl_Id="2943">
<Branch CovItemId="B20" CovItemPrefix="dataModels.Filter.java" Implct="false" Intrnl_Id="2944">
<Cond/>
<LocList>
<Loc EndOffset="8271" SrcFileId="38" StartOffset="8221"/>
</LocList>
<StmntSeq Intrnl_Id="2945">
<LocList>
<Loc EndOffset="8271" SrcFileId="38" StartOffset="8221"/>
</LocList>
<BasicStmnt CovItemId="S64" CovItemPrefix="dataModels.Filter.java" Intrnl_Id="2946">
<LocList>
<Loc EndOffset="8271" SrcFileId="38" StartOffset="8221"/>
</LocList>
</BasicStmnt>
</StmntSeq>
</Branch>
<Branch CovItemId="B21" CovItemPrefix="dataModels.Filter.java" Implct="true" Intrnl_Id="2947">
<Cond/>
<LocList/>
<StmntSeq Intrnl_Id="2948">
<LocList/>
</StmntSeq>
</Branch>
<Keyword EndOffset="8190" SrcFileId="38" StartOffset="8188"/>
<LocList>
<Loc EndOffset="8271" SrcFileId="38" StartOffset="8188"/>
</LocList>
</CondStmnt>
<BasicStmnt CovItemId="S65" CovItemPrefix="dataModels.Filter.java" Intrnl_Id="2949">
<LocList>
<Loc EndOffset="8295" SrcFileId="38" StartOffset="8281"/>
</LocList>
</BasicStmnt>
</StmntSeq>
</HierarchyLvl>
</HierarchyLvl>
</HierarchyLvl>
<HierarchyLvl HierarchyLvlId="23906" HierarchyLvlTypeId="44" Intrnl_Id="2950" Name="CommunityStatistics">
<Header>
<Loc EndOffset="465" SrcFileId="39" StartOffset="433"/>
</Header>
<LocList>
<Loc EndOffset="16289" SrcFileId="39" StartOffset="433"/>
</LocList>
<HierarchyLvl HierarchyLvlId="23871" HierarchyLvlTypeId="45" Intrnl_Id="2951" Name="CommunityStatistics">
<Header>
<Loc EndOffset="2824" SrcFileId="39" StartOffset="2752"/>
</Header>
<LocList>
<Loc EndOffset="2892" SrcFileId="39" StartOffset="2752"/>
</LocList>
<StmntSeq Intrnl_Id="2952">
<LocList>
<Loc EndOffset="2863" SrcFileId="39" StartOffset="2832"/>
<Loc EndOffset="2888" SrcFileId="39" StartOffset="2867"/>
</LocList>
<BasicStmnt CovItemId="S1" CovItemPrefix="dataModels.CommunityStatistics.java" Intrnl_Id="2953">
<LocList>
<Loc EndOffset="2863" SrcFileId="39" StartOffset="2832"/>
</LocList>
</BasicStmnt>
<BasicStmnt CovItemId="S2" CovItemPrefix="dataModels.CommunityStatistics.java" Intrnl_Id="2954">
<LocList>
<Loc EndOffset="2888" SrcFileId="39" StartOffset="2867"/>
</LocList>
</BasicStmnt>
</StmntSeq>
</HierarchyLvl>
<HierarchyLvl HierarchyLvlId="23872" HierarchyLvlTypeId="45" Intrnl_Id="2955" Name="generateAllStatistics">
<Header>
<Loc EndOffset="3113" SrcFileId="39" StartOffset="3044"/>
</Header>
<LocList>
<Loc EndOffset="4714" SrcFileId="39" StartOffset="3044"/>
</LocList>
<StmntSeq Intrnl_Id="2956">
<LocList>
<Loc EndOffset="3179" SrcFileId="39" StartOffset="3121"/>
<Loc EndOffset="3234" SrcFileId="39" StartOffset="3183"/>
<Loc EndOffset="3293" SrcFileId="39" StartOffset="3238"/>
<Loc EndOffset="3356" SrcFileId="39" StartOffset="3297"/>
<Loc EndOffset="3399" SrcFileId="39" StartOffset="3360"/>
<Loc EndOffset="3452" SrcFileId="39" StartOffset="3403"/>
<Loc EndOffset="3503" SrcFileId="39" StartOffset="3456"/>
<Loc EndOffset="3558" SrcFileId="39" StartOffset="3507"/>
<Loc EndOffset="3617" SrcFileId="39" StartOffset="3562"/>
<Loc EndOffset="3664" SrcFileId="39" StartOffset="3621"/>
<Loc EndOffset="3715" SrcFileId="39" StartOffset="3668"/>
<Loc EndOffset="3764" SrcFileId="39" StartOffset="3719"/>
<Loc EndOffset="3813" SrcFileId="39" StartOffset="3768"/>
<Loc EndOffset="3862" SrcFileId="39" StartOffset="3817"/>
<Loc EndOffset="3915" SrcFileId="39" StartOffset="3866"/>
<Loc EndOffset="3968" SrcFileId="39" StartOffset="3919"/>
<Loc EndOffset="4023" SrcFileId="39" StartOffset="3972"/>
<Loc EndOffset="4071" SrcFileId="39" StartOffset="4027"/>
<Loc EndOffset="4117" SrcFileId="39" StartOffset="4075"/>
<Loc EndOffset="4161" SrcFileId="39" StartOffset="4121"/>
<Loc EndOffset="4209" SrcFileId="39" StartOffset="4165"/>
<Loc EndOffset="4261" SrcFileId="39" StartOffset="4213"/>
<Loc EndOffset="4307" SrcFileId="39" StartOffset="4265"/>
<Loc EndOffset="4351" SrcFileId="39" StartOffset="4311"/>
<Loc EndOffset="4397" SrcFileId="39" StartOffset="4355"/>
<Loc EndOffset="4440" SrcFileId="39" StartOffset="4401"/>
<Loc EndOffset="4485" SrcFileId="39" StartOffset="4444"/>
<Loc EndOffset="4534" SrcFileId="39" StartOffset="4489"/>
<Loc EndOffset="4574" SrcFileId="39" StartOffset="4538"/>
<Loc EndOffset="4609" SrcFileId="39" StartOffset="4578"/>
<Loc EndOffset="4638" SrcFileId="39" StartOffset="4613"/>
<Loc EndOffset="4663" SrcFileId="39" StartOffset="4642"/>
<Loc EndOffset="4710" SrcFileId="39" StartOffset="4667"/>
</LocList>
<BasicStmnt CovItemId="S3" CovItemPrefix="dataModels.CommunityStatistics.java" Intrnl_Id="2957">
<LocList>
<Loc EndOffset="3179" SrcFileId="39" StartOffset="3121"/>
</LocList>
</BasicStmnt>
<BasicStmnt CovItemId="S4" CovItemPrefix="dataModels.CommunityStatistics.java" Intrnl_Id="2958">
<LocList>
<Loc EndOffset="3234" SrcFileId="39" StartOffset="3183"/>
</LocList>
</BasicStmnt>
<BasicStmnt CovItemId="S5" CovItemPrefix="dataModels.CommunityStatistics.java" Intrnl_Id="2959">
<LocList>
<Loc EndOffset="3293" SrcFileId="39" StartOffset="3238"/>
</LocList>
</BasicStmnt>
<BasicStmnt CovItemId="S6" CovItemPrefix="dataModels.CommunityStatistics.java" Intrnl_Id="2960">
<LocList>
<Loc EndOffset="3356" SrcFileId="39" StartOffset="3297"/>
</LocList>
</BasicStmnt>
<BasicStmnt CovItemId="S7" CovItemPrefix="dataModels.CommunityStatistics.java" Intrnl_Id="2961">
<LocList>
<Loc EndOffset="3399" SrcFileId="39" StartOffset="3360"/>
</LocList>
</BasicStmnt>
<BasicStmnt CovItemId="S8" CovItemPrefix="dataModels.CommunityStatistics.java" Intrnl_Id="2962">
<LocList>
<Loc EndOffset="3452" SrcFileId="39" StartOffset="3403"/>
</LocList>
</BasicStmnt>
<BasicStmnt CovItemId="S9" CovItemPrefix="dataModels.CommunityStatistics.java" Intrnl_Id="2963">
<LocList>
<Loc EndOffset="3503" SrcFileId="39" StartOffset="3456"/>
</LocList>
</BasicStmnt>
<BasicStmnt CovItemId="S10" CovItemPrefix="dataModels.CommunityStatistics.java" Intrnl_Id="2964">
<LocList>
<Loc EndOffset="3558" SrcFileId="39" StartOffset="3507"/>
</LocList>
</BasicStmnt>
<BasicStmnt CovItemId="S11" CovItemPrefix="dataModels.CommunityStatistics.java" Intrnl_Id="2965">
<LocList>
<Loc EndOffset="3617" SrcFileId="39" StartOffset="3562"/>
</LocList>
</BasicStmnt>
<BasicStmnt CovItemId="S12" CovItemPrefix="dataModels.CommunityStatistics.java" Intrnl_Id="2966">
<LocList>
<Loc EndOffset="3664" SrcFileId="39" StartOffset="3621"/>
</LocList>
</BasicStmnt>
<BasicStmnt CovItemId="S13" CovItemPrefix="dataModels.CommunityStatistics.java" Intrnl_Id="2967">
<LocList>
<Loc EndOffset="3715" SrcFileId="39" StartOffset="3668"/>
</LocList>
</BasicStmnt>
<BasicStmnt CovItemId="S14" CovItemPrefix="dataModels.CommunityStatistics.java" Intrnl_Id="2968">
<LocList>
<Loc EndOffset="3764" SrcFileId="39" StartOffset="3719"/>
</LocList>
</BasicStmnt>
<BasicStmnt CovItemId="S15" CovItemPrefix="dataModels.CommunityStatistics.java" Intrnl_Id="2969">
<LocList>
<Loc EndOffset="3813" SrcFileId="39" StartOffset="3768"/>
</LocList>
</BasicStmnt>
<BasicStmnt CovItemId="S16" CovItemPrefix="dataModels.CommunityStatistics.java" Intrnl_Id="2970">
<LocList>
<Loc EndOffset="3862" SrcFileId="39" StartOffset="3817"/>
</LocList>
</BasicStmnt>
<BasicStmnt CovItemId="S17" CovItemPrefix="dataModels.CommunityStatistics.java" Intrnl_Id="2971">
<LocList>
<Loc EndOffset="3915" SrcFileId="39" StartOffset="3866"/>
</LocList>
</BasicStmnt>
<BasicStmnt CovItemId="S18" CovItemPrefix="dataModels.CommunityStatistics.java" Intrnl_Id="2972">
<LocList>
<Loc EndOffset="3968" SrcFileId="39" StartOffset="3919"/>
</LocList>
</BasicStmnt>
<BasicStmnt CovItemId="S19" CovItemPrefix="dataModels.CommunityStatistics.java" Intrnl_Id="2973">
<LocList>
<Loc EndOffset="4023" SrcFileId="39" StartOffset="3972"/>
</LocList>
</BasicStmnt>
<BasicStmnt CovItemId="S20" CovItemPrefix="dataModels.CommunityStatistics.java" Intrnl_Id="2974">
<LocList>
<Loc EndOffset="4071" SrcFileId="39" StartOffset="4027"/>
</LocList>
</BasicStmnt>
<BasicStmnt CovItemId="S21" CovItemPrefix="dataModels.CommunityStatistics.java" Intrnl_Id="2975">
<LocList>
<Loc EndOffset="4117" SrcFileId="39" StartOffset="4075"/>
</LocList>
</BasicStmnt>
<BasicStmnt CovItemId="S22" CovItemPrefix="dataModels.CommunityStatistics.java" Intrnl_Id="2976">
<LocList>
<Loc EndOffset="4161" SrcFileId="39" StartOffset="4121"/>
</LocList>
</BasicStmnt>
<BasicStmnt CovItemId="S23" CovItemPrefix="dataModels.CommunityStatistics.java" Intrnl_Id="2977">
<LocList>
<Loc EndOffset="4209" SrcFileId="39" StartOffset="4165"/>
</LocList>
</BasicStmnt>
<BasicStmnt CovItemId="S24" CovItemPrefix="dataModels.CommunityStatistics.java" Intrnl_Id="2978">
<LocList>
<Loc EndOffset="4261" SrcFileId="39" StartOffset="4213"/>
</LocList>
</BasicStmnt>
<BasicStmnt CovItemId="S25" CovItemPrefix="dataModels.CommunityStatistics.java" Intrnl_Id="2979">
<LocList>
<Loc EndOffset="4307" SrcFileId="39" StartOffset="4265"/>
</LocList>
</BasicStmnt>
<BasicStmnt CovItemId="S26" CovItemPrefix="dataModels.CommunityStatistics.java" Intrnl_Id="2980">
<LocList>
<Loc EndOffset="4351" SrcFileId="39" StartOffset="4311"/>
</LocList>
</BasicStmnt>
<BasicStmnt CovItemId="S27" CovItemPrefix="dataModels.CommunityStatistics.java" Intrnl_Id="2981">
<LocList>
<Loc EndOffset="4397" SrcFileId="39" StartOffset="4355"/>
</LocList>
</BasicStmnt>
<BasicStmnt CovItemId="S28" CovItemPrefix="dataModels.CommunityStatistics.java" Intrnl_Id="2982">
<LocList>
<Loc EndOffset="4440" SrcFileId="39" StartOffset="4401"/>
</LocList>
</BasicStmnt>
<BasicStmnt CovItemId="S29" CovItemPrefix="dataModels.CommunityStatistics.java" Intrnl_Id="2983">
<LocList>
<Loc EndOffset="4485" SrcFileId="39" StartOffset="4444"/>
</LocList>
</BasicStmnt>
<BasicStmnt CovItemId="S30" CovItemPrefix="dataModels.CommunityStatistics.java" Intrnl_Id="2984">
<LocList>
<Loc EndOffset="4534" SrcFileId="39" StartOffset="4489"/>
</LocList>
</BasicStmnt>
<BasicStmnt CovItemId="S31" CovItemPrefix="dataModels.CommunityStatistics.java" Intrnl_Id="2985">
<LocList>
<Loc EndOffset="4574" SrcFileId="39" StartOffset="4538"/>
</LocList>
</BasicStmnt>
<BasicStmnt CovItemId="S32" CovItemPrefix="dataModels.CommunityStatistics.java" Intrnl_Id="2986">
<LocList>
<Loc EndOffset="4609" SrcFileId="39" StartOffset="4578"/>
</LocList>
</BasicStmnt>
<BasicStmnt CovItemId="S33" CovItemPrefix="dataModels.CommunityStatistics.java" Intrnl_Id="2987">
<LocList>
<Loc EndOffset="4638" SrcFileId="39" StartOffset="4613"/>
</LocList>
</BasicStmnt>
<BasicStmnt CovItemId="S34" CovItemPrefix="dataModels.CommunityStatistics.java" Intrnl_Id="2988">
<LocList>
<Loc EndOffset="4663" SrcFileId="39" StartOffset="4642"/>
</LocList>
</BasicStmnt>
<BasicStmnt CovItemId="S35" CovItemPrefix="dataModels.CommunityStatistics.java" Intrnl_Id="2989">
<LocList>
<Loc EndOffset="4710" SrcFileId="39" StartOffset="4667"/>
</LocList>
</BasicStmnt>
</StmntSeq>
</HierarchyLvl>
<HierarchyLvl HierarchyLvlId="23873" HierarchyLvlTypeId="45" Intrnl_Id="2990" Name="getTotalDollarsBetOnCalls">
<Header>
<Loc EndOffset="4930" SrcFileId="39" StartOffset="4858"/>
</Header>
<LocList>
<Loc EndOffset="5125" SrcFileId="39" StartOffset="4858"/>
</LocList>
<StmntSeq Intrnl_Id="2991">
<LocList>
<Loc EndOffset="5121" SrcFileId="39" StartOffset="4938"/>
</LocList>
<BasicStmnt CovItemId="S36" CovItemPrefix="dataModels.CommunityStatistics.java" Intrnl_Id="2992">
<LocList>
<Loc EndOffset="5121" SrcFileId="39" StartOffset="4938"/>
</LocList>
</BasicStmnt>
</StmntSeq>
</HierarchyLvl>
<HierarchyLvl HierarchyLvlId="23874" HierarchyLvlTypeId="45" Intrnl_Id="2993" Name="getTotalDollarsBetOnBets">
<Header>
<Loc EndOffset="5346" SrcFileId="39" StartOffset="5275"/>
</Header>
<LocList>
<Loc EndOffset="5540" SrcFileId="39" StartOffset="5275"/>
</LocList>
<StmntSeq Intrnl_Id="2994">
<LocList>
<Loc EndOffset="5536" SrcFileId="39" StartOffset="5354"/>
</LocList>
<BasicStmnt CovItemId="S37" CovItemPrefix="dataModels.CommunityStatistics.java" Intrnl_Id="2995">
<LocList>
<Loc EndOffset="5536" SrcFileId="39" StartOffset="5354"/>
</LocList>
</BasicStmnt>
</StmntSeq>
</HierarchyLvl>
<HierarchyLvl HierarchyLvlId="23875" HierarchyLvlTypeId="45" Intrnl_Id="2996" Name="getTotalDollarsBetOnRaises">
<Header>
<Loc EndOffset="5758" SrcFileId="39" StartOffset="5685"/>
</Header>
<LocList>
<Loc EndOffset="5954" SrcFileId="39" StartOffset="5685"/>
</LocList>
<StmntSeq Intrnl_Id="2997">
<LocList>
<Loc EndOffset="5950" SrcFileId="39" StartOffset="5766"/>
</LocList>
<BasicStmnt CovItemId="S38" CovItemPrefix="dataModels.CommunityStatistics.java" Intrnl_Id="2998">
<LocList>
<Loc EndOffset="5950" SrcFileId="39" StartOffset="5766"/>
</LocList>
</BasicStmnt>
</StmntSeq>
</HierarchyLvl>
<HierarchyLvl HierarchyLvlId="23876" HierarchyLvlTypeId="45" Intrnl_Id="2999" Name="getTotalDollarsBetOnReRaises">
<Header>
<Loc EndOffset="6177" SrcFileId="39" StartOffset="6102"/>
</Header>
<LocList>
<Loc EndOffset="6375" SrcFileId="39" StartOffset="6102"/>
</LocList>
<StmntSeq Intrnl_Id="3000">
<LocList>
<Loc EndOffset="6371" SrcFileId="39" StartOffset="6185"/>
</LocList>
<BasicStmnt CovItemId="S39" CovItemPrefix="dataModels.CommunityStatistics.java" Intrnl_Id="3001">
<LocList>
<Loc EndOffset="6371" SrcFileId="39" StartOffset="6185"/>
</LocList>
</BasicStmnt>
</StmntSeq>
</HierarchyLvl>
<HierarchyLvl HierarchyLvlId="23877" HierarchyLvlTypeId="45" Intrnl_Id="3002" Name="getTotalDollarsBet">
<Header>
<Loc EndOffset="6571" SrcFileId="39" StartOffset="6506"/>
</Header>
<LocList>
<Loc EndOffset="6727" SrcFileId="39" StartOffset="6506"/>
</LocList>
<StmntSeq Intrnl_Id="3003">
<LocList>
<Loc EndOffset="6723" SrcFileId="39" StartOffset="6579"/>
</LocList>
<BasicStmnt CovItemId="S40" CovItemPrefix="dataModels.CommunityStatistics.java" Intrnl_Id="3004">
<LocList>
<Loc EndOffset="6723" SrcFileId="39" StartOffset="6579"/>
</LocList>
</BasicStmnt>
</StmntSeq>
</HierarchyLvl>
<HierarchyLvl HierarchyLvlId="23878" HierarchyLvlTypeId="45" Intrnl_Id="3005" Name="getAvgDollarsBetOnCalls">
<Header>
<Loc EndOffset="6942" SrcFileId="39" StartOffset="6872"/>
</Header>
<LocList>
<Loc EndOffset="7136" SrcFileId="39" StartOffset="6872"/>
</LocList>
<StmntSeq Intrnl_Id="3006">
<LocList>
<Loc EndOffset="7132" SrcFileId="39" StartOffset="6950"/>
</LocList>
<BasicStmnt CovItemId="S41" CovItemPrefix="dataModels.CommunityStatistics.java" Intrnl_Id="3007">
<LocList>
<Loc EndOffset="7132" SrcFileId="39" StartOffset="6950"/>
</LocList>
</BasicStmnt>
</StmntSeq>
</HierarchyLvl>
<HierarchyLvl HierarchyLvlId="23879" HierarchyLvlTypeId="45" Intrnl_Id="3008" Name="getAvgDollarsBetOnBets">
<Header>
<Loc EndOffset="7346" SrcFileId="39" StartOffset="7277"/>
</Header>
<LocList>
<Loc EndOffset="7539" SrcFileId="39" StartOffset="7277"/>
</LocList>
<StmntSeq Intrnl_Id="3009">
<LocList>
<Loc EndOffset="7535" SrcFileId="39" StartOffset="7354"/>
</LocList>
<BasicStmnt CovItemId="S42" CovItemPrefix="dataModels.CommunityStatistics.java" Intrnl_Id="3010">
<LocList>
<Loc EndOffset="7535" SrcFileId="39" StartOffset="7354"/>
</LocList>
</BasicStmnt>
</StmntSeq>
</HierarchyLvl>
<HierarchyLvl HierarchyLvlId="23880" HierarchyLvlTypeId="45" Intrnl_Id="3011" Name="getAvgDollarsBetOnRaises">
<Header>
<Loc EndOffset="7753" SrcFileId="39" StartOffset="7682"/>
</Header>
<LocList>
<Loc EndOffset="7948" SrcFileId="39" StartOffset="7682"/>
</LocList>
<StmntSeq Intrnl_Id="3012">
<LocList>
<Loc EndOffset="7944" SrcFileId="39" StartOffset="7761"/>
</LocList>
<BasicStmnt CovItemId="S43" CovItemPrefix="dataModels.CommunityStatistics.java" Intrnl_Id="3013">
<LocList>
<Loc EndOffset="7944" SrcFileId="39" StartOffset="7761"/>
</LocList>
</BasicStmnt>
</StmntSeq>
</HierarchyLvl>
<HierarchyLvl HierarchyLvlId="23881" HierarchyLvlTypeId="45" Intrnl_Id="3014" Name="getAvgDollarsBetOnReRaises">
<Header>
<Loc EndOffset="8166" SrcFileId="39" StartOffset="8093"/>
</Header>
<LocList>
<Loc EndOffset="8363" SrcFileId="39" StartOffset="8093"/>
</LocList>
<StmntSeq Intrnl_Id="3015">
<LocList>
<Loc EndOffset="8359" SrcFileId="39" StartOffset="8174"/>
</LocList>
<BasicStmnt CovItemId="S44" CovItemPrefix="dataModels.CommunityStatistics.java" Intrnl_Id="3016">
<LocList>
<Loc EndOffset="8359" SrcFileId="39" StartOffset="8174"/>
</LocList>
</BasicStmnt>
</StmntSeq>
</HierarchyLvl>
<HierarchyLvl HierarchyLvlId="23882" HierarchyLvlTypeId="45" Intrnl_Id="3017" Name="getAvgBet">
<Header>
<Loc EndOffset="8552" SrcFileId="39" StartOffset="8496"/>
</Header>
<LocList>
<Loc EndOffset="8734" SrcFileId="39" StartOffset="8496"/>
</LocList>
<StmntSeq Intrnl_Id="3018">
<LocList>
<Loc EndOffset="8730" SrcFileId="39" StartOffset="8560"/>
</LocList>
<BasicStmnt CovItemId="S45" CovItemPrefix="dataModels.CommunityStatistics.java" Intrnl_Id="3019">
<LocList>
<Loc EndOffset="8730" SrcFileId="39" StartOffset="8560"/>
</LocList>
</BasicStmnt>
</StmntSeq>
</HierarchyLvl>
<HierarchyLvl HierarchyLvlId="23883" HierarchyLvlTypeId="45" Intrnl_Id="3020" Name="getTotalNumberOfBets">
<Header>
<Loc EndOffset="8926" SrcFileId="39" StartOffset="8859"/>
</Header>
<LocList>
<Loc EndOffset="9008" SrcFileId="39" StartOffset="8859"/>
</LocList>
<StmntSeq Intrnl_Id="3021">
<LocList>
<Loc EndOffset="9004" SrcFileId="39" StartOffset="8934"/>
</LocList>
<BasicStmnt CovItemId="S46" CovItemPrefix="dataModels.CommunityStatistics.java" Intrnl_Id="3022">
<LocList>
<Loc EndOffset="9004" SrcFileId="39" StartOffset="8934"/>
</LocList>
</BasicStmnt>
</StmntSeq>
</HierarchyLvl>
<HierarchyLvl HierarchyLvlId="23884" HierarchyLvlTypeId="45" Intrnl_Id="3023" Name="getTotalNumberOfChecks">
<Header>
<Loc EndOffset="9204" SrcFileId="39" StartOffset="9135"/>
</Header>
<LocList>
<Loc EndOffset="9288" SrcFileId="39" StartOffset="9135"/>
</LocList>
<StmntSeq Intrnl_Id="3024">
<LocList>
<Loc EndOffset="9284" SrcFileId="39" StartOffset="9212"/>
</LocList>
<BasicStmnt CovItemId="S47" CovItemPrefix="dataModels.CommunityStatistics.java" Intrnl_Id="3025">
<LocList>
<Loc EndOffset="9284" SrcFileId="39" StartOffset="9212"/>
</LocList>
</BasicStmnt>
</StmntSeq>
</HierarchyLvl>
<HierarchyLvl HierarchyLvlId="23885" HierarchyLvlTypeId="45" Intrnl_Id="3026" Name="getTotalNumberOfCalls">
<Header>
<Loc EndOffset="9482" SrcFileId="39" StartOffset="9414"/>
</Header>
<LocList>
<Loc EndOffset="9565" SrcFileId="39" StartOffset="9414"/>
</LocList>
<StmntSeq Intrnl_Id="3027">
<LocList>
<Loc EndOffset="9561" SrcFileId="39" StartOffset="9490"/>
</LocList>
<BasicStmnt CovItemId="S48" CovItemPrefix="dataModels.CommunityStatistics.java" Intrnl_Id="3028">
<LocList>
<Loc EndOffset="9561" SrcFileId="39" StartOffset="9490"/>
</LocList>
</BasicStmnt>
</StmntSeq>
</HierarchyLvl>
<HierarchyLvl HierarchyLvlId="23886" HierarchyLvlTypeId="45" Intrnl_Id="3029" Name="getTotalNumberOfFolds">
<Header>
<Loc EndOffset="9759" SrcFileId="39" StartOffset="9691"/>
</Header>
<LocList>
<Loc EndOffset="9842" SrcFileId="39" StartOffset="9691"/>
</LocList>
<StmntSeq Intrnl_Id="3030">
<LocList>
<Loc EndOffset="9838" SrcFileId="39" StartOffset="9767"/>
</LocList>
<BasicStmnt CovItemId="S49" CovItemPrefix="dataModels.CommunityStatistics.java" Intrnl_Id="3031">
<LocList>
<Loc EndOffset="9838" SrcFileId="39" StartOffset="9767"/>
</LocList>
</BasicStmnt>
</StmntSeq>
</HierarchyLvl>
<HierarchyLvl HierarchyLvlId="23887" HierarchyLvlTypeId="45" Intrnl_Id="3032" Name="getTotalNumberOfRaise">
<Header>
<Loc EndOffset="10037" SrcFileId="39" StartOffset="9969"/>
</Header>
<LocList>
<Loc EndOffset="10121" SrcFileId="39" StartOffset="9969"/>
</LocList>
<StmntSeq Intrnl_Id="3033">
<LocList>
<Loc EndOffset="10117" SrcFileId="39" StartOffset="10045"/>
</LocList>
<BasicStmnt CovItemId="S50" CovItemPrefix="dataModels.CommunityStatistics.java" Intrnl_Id="3034">
<LocList>
<Loc EndOffset="10117" SrcFileId="39" StartOffset="10045"/>
</LocList>
</BasicStmnt>
</StmntSeq>
</HierarchyLvl>
<HierarchyLvl HierarchyLvlId="23888" HierarchyLvlTypeId="45" Intrnl_Id="3035" Name="getTotalNumberOfReRaise">
<Header>
<Loc EndOffset="10320" SrcFileId="39" StartOffset="10250"/>
</Header>
<LocList>
<Loc EndOffset="10406" SrcFileId="39" StartOffset="10250"/>
</LocList>
<StmntSeq Intrnl_Id="3036">
<LocList>
<Loc EndOffset="10402" SrcFileId="39" StartOffset="10328"/>
</LocList>
<BasicStmnt CovItemId="S51" CovItemPrefix="dataModels.CommunityStatistics.java" Intrnl_Id="3037">
<LocList>
<Loc EndOffset="10402" SrcFileId="39" StartOffset="10328"/>
</LocList>
</BasicStmnt>
</StmntSeq>
</HierarchyLvl>
<HierarchyLvl HierarchyLvlId="23889" HierarchyLvlTypeId="45" Intrnl_Id="3038" Name="getTotalNumberOfPotsWon">
<Header>
<Loc EndOffset="10600" SrcFileId="39" StartOffset="10530"/>
</Header>
<LocList>
<Loc EndOffset="10682" SrcFileId="39" StartOffset="10530"/>
</LocList>
<StmntSeq Intrnl_Id="3039">
<LocList>
<Loc EndOffset="10678" SrcFileId="39" StartOffset="10608"/>
</LocList>
<BasicStmnt CovItemId="S52" CovItemPrefix="dataModels.CommunityStatistics.java" Intrnl_Id="3040">
<LocList>
<Loc EndOffset="10678" SrcFileId="39" StartOffset="10608"/>
</LocList>
</BasicStmnt>
</StmntSeq>
</HierarchyLvl>
<HierarchyLvl HierarchyLvlId="23890" HierarchyLvlTypeId="45" Intrnl_Id="3041" Name="getTotalNumberOfPotsLoss">
<Header>
<Loc EndOffset="10878" SrcFileId="39" StartOffset="10807"/>
</Header>
<LocList>
<Loc EndOffset="10961" SrcFileId="39" StartOffset="10807"/>
</LocList>
<StmntSeq Intrnl_Id="3042">
<LocList>
<Loc EndOffset="10957" SrcFileId="39" StartOffset="10886"/>
</LocList>
<BasicStmnt CovItemId="S53" CovItemPrefix="dataModels.CommunityStatistics.java" Intrnl_Id="3043">
<LocList>
<Loc EndOffset="10957" SrcFileId="39" StartOffset="10886"/>
</LocList>
</BasicStmnt>
</StmntSeq>
</HierarchyLvl>
<HierarchyLvl HierarchyLvlId="23891" HierarchyLvlTypeId="45" Intrnl_Id="3044" Name="getAvgDollarsPotOnChecks">
<Header>
<Loc EndOffset="11159" SrcFileId="39" StartOffset="11088"/>
</Header>
<LocList>
<Loc EndOffset="11354" SrcFileId="39" StartOffset="11088"/>
</LocList>
<StmntSeq Intrnl_Id="3045">
<LocList>
<Loc EndOffset="11350" SrcFileId="39" StartOffset="11167"/>
</LocList>
<BasicStmnt CovItemId="S54" CovItemPrefix="dataModels.CommunityStatistics.java" Intrnl_Id="3046">
<LocList>
<Loc EndOffset="11350" SrcFileId="39" StartOffset="11167"/>
</LocList>
</BasicStmnt>
</StmntSeq>
</HierarchyLvl>
<HierarchyLvl HierarchyLvlId="23892" HierarchyLvlTypeId="45" Intrnl_Id="3047" Name="getAvgDollarsPotOnCalls">
<Header>
<Loc EndOffset="11551" SrcFileId="39" StartOffset="11481"/>
</Header>
<LocList>
<Loc EndOffset="11745" SrcFileId="39" StartOffset="11481"/>
</LocList>
<StmntSeq Intrnl_Id="3048">
<LocList>
<Loc EndOffset="11741" SrcFileId="39" StartOffset="11559"/>
</LocList>
<BasicStmnt CovItemId="S55" CovItemPrefix="dataModels.CommunityStatistics.java" Intrnl_Id="3049">
<LocList>
<Loc EndOffset="11741" SrcFileId="39" StartOffset="11559"/>
</LocList>
</BasicStmnt>
</StmntSeq>
</HierarchyLvl>
<HierarchyLvl HierarchyLvlId="23893" HierarchyLvlTypeId="45" Intrnl_Id="3050" Name="getAvgDollarsPotOnBets">
<Header>
<Loc EndOffset="11940" SrcFileId="39" StartOffset="11871"/>
</Header>
<LocList>
<Loc EndOffset="12133" SrcFileId="39" StartOffset="11871"/>
</LocList>
<StmntSeq Intrnl_Id="3051">
<LocList>
<Loc EndOffset="12129" SrcFileId="39" StartOffset="11948"/>
</LocList>
<BasicStmnt CovItemId="S56" CovItemPrefix="dataModels.CommunityStatistics.java" Intrnl_Id="3052">
<LocList>
<Loc EndOffset="12129" SrcFileId="39" StartOffset="11948"/>
</LocList>
</BasicStmnt>
</StmntSeq>
</HierarchyLvl>
<HierarchyLvl HierarchyLvlId="23894" HierarchyLvlTypeId="45" Intrnl_Id="3053" Name="getAvgDollarsPotOnRaises">
<Header>
<Loc EndOffset="12332" SrcFileId="39" StartOffset="12261"/>
</Header>
<LocList>
<Loc EndOffset="12527" SrcFileId="39" StartOffset="12261"/>
</LocList>
<StmntSeq Intrnl_Id="3054">
<LocList>
<Loc EndOffset="12523" SrcFileId="39" StartOffset="12340"/>
</LocList>
<BasicStmnt CovItemId="S57" CovItemPrefix="dataModels.CommunityStatistics.java" Intrnl_Id="3055">
<LocList>
<Loc EndOffset="12523" SrcFileId="39" StartOffset="12340"/>
</LocList>
</BasicStmnt>
</StmntSeq>
</HierarchyLvl>
<HierarchyLvl HierarchyLvlId="23895" HierarchyLvlTypeId="45" Intrnl_Id="3056" Name="getAvgDollarsPotOnReRaises">
<Header>
<Loc EndOffset="12730" SrcFileId="39" StartOffset="12657"/>
</Header>
<LocList>
<Loc EndOffset="12927" SrcFileId="39" StartOffset="12657"/>
</LocList>
<StmntSeq Intrnl_Id="3057">
<LocList>
<Loc EndOffset="12923" SrcFileId="39" StartOffset="12738"/>
</LocList>
<BasicStmnt CovItemId="S58" CovItemPrefix="dataModels.CommunityStatistics.java" Intrnl_Id="3058">
<LocList>
<Loc EndOffset="12923" SrcFileId="39" StartOffset="12738"/>
</LocList>
</BasicStmnt>
</StmntSeq>
</HierarchyLvl>
<HierarchyLvl HierarchyLvlId="23896" HierarchyLvlTypeId="45" Intrnl_Id="3059" Name="getAvgDollarsPotOnFolds">
<Header>
<Loc EndOffset="13124" SrcFileId="39" StartOffset="13054"/>
</Header>
<LocList>
<Loc EndOffset="13318" SrcFileId="39" StartOffset="13054"/>
</LocList>
<StmntSeq Intrnl_Id="3060">
<LocList>
<Loc EndOffset="13314" SrcFileId="39" StartOffset="13132"/>
</LocList>
<BasicStmnt CovItemId="S59" CovItemPrefix="dataModels.CommunityStatistics.java" Intrnl_Id="3061">
<LocList>
<Loc EndOffset="13314" SrcFileId="39" StartOffset="13132"/>
</LocList>
</BasicStmnt>
</StmntSeq>
</HierarchyLvl>
<HierarchyLvl HierarchyLvlId="23897" HierarchyLvlTypeId="45" Intrnl_Id="3062" Name="getAvgDollarsPotOnWins">
<Header>
<Loc EndOffset="13499" SrcFileId="39" StartOffset="13430"/>
</Header>
<LocList>
<Loc EndOffset="13692" SrcFileId="39" StartOffset="13430"/>
</LocList>
<StmntSeq Intrnl_Id="3063">
<LocList>
<Loc EndOffset="13688" SrcFileId="39" StartOffset="13507"/>
</LocList>
<BasicStmnt CovItemId="S60" CovItemPrefix="dataModels.CommunityStatistics.java" Intrnl_Id="3064">
<LocList>
<Loc EndOffset="13688" SrcFileId="39" StartOffset="13507"/>
</LocList>
</BasicStmnt>
</StmntSeq>
</HierarchyLvl>
<HierarchyLvl HierarchyLvlId="23898" HierarchyLvlTypeId="45" Intrnl_Id="3065" Name="getAvgDollarsPotOnLoses">
<Header>
<Loc EndOffset="13889" SrcFileId="39" StartOffset="13819"/>
</Header>
<LocList>
<Loc EndOffset="14083" SrcFileId="39" StartOffset="13819"/>
</LocList>
<StmntSeq Intrnl_Id="3066">
<LocList>
<Loc EndOffset="14079" SrcFileId="39" StartOffset="13897"/>
</LocList>
<BasicStmnt CovItemId="S61" CovItemPrefix="dataModels.CommunityStatistics.java" Intrnl_Id="3067">
<LocList>
<Loc EndOffset="14079" SrcFileId="39" StartOffset="13897"/>
</LocList>
</BasicStmnt>
</StmntSeq>
</HierarchyLvl>
<HierarchyLvl HierarchyLvlId="23899" HierarchyLvlTypeId="45" Intrnl_Id="3068" Name="getTotalDollarsWon">
<Header>
<Loc EndOffset="14278" SrcFileId="39" StartOffset="14213"/>
</Header>
<LocList>
<Loc EndOffset="14471" SrcFileId="39" StartOffset="14213"/>
</LocList>
<StmntSeq Intrnl_Id="3069">
<LocList>
<Loc EndOffset="14467" SrcFileId="39" StartOffset="14286"/>
</LocList>
<BasicStmnt CovItemId="S62" CovItemPrefix="dataModels.CommunityStatistics.java" Intrnl_Id="3070">
<LocList>
<Loc EndOffset="14467" SrcFileId="39" StartOffset="14286"/>
</LocList>
</BasicStmnt>
</StmntSeq>
</HierarchyLvl>
<HierarchyLvl HierarchyLvlId="23900" HierarchyLvlTypeId="45" Intrnl_Id="3071" Name="getTotalDollarsLoss">
<Header>
<Loc EndOffset="14670" SrcFileId="39" StartOffset="14604"/>
</Header>
<LocList>
<Loc EndOffset="14864" SrcFileId="39" StartOffset="14604"/>
</LocList>
<StmntSeq Intrnl_Id="3072">
<LocList>
<Loc EndOffset="14860" SrcFileId="39" StartOffset="14678"/>
</LocList>
<BasicStmnt CovItemId="S63" CovItemPrefix="dataModels.CommunityStatistics.java" Intrnl_Id="3073">
<LocList>
<Loc EndOffset="14860" SrcFileId="39" StartOffset="14678"/>
</LocList>
</BasicStmnt>
</StmntSeq>
</HierarchyLvl>
<HierarchyLvl HierarchyLvlId="23901" HierarchyLvlTypeId="45" Intrnl_Id="3074" Name="getTotalDollarsFolded">
<Header>
<Loc EndOffset="15067" SrcFileId="39" StartOffset="14999"/>
</Header>
<LocList>
<Loc EndOffset="15261" SrcFileId="39" StartOffset="14999"/>
</LocList>
<StmntSeq Intrnl_Id="3075">
<LocList>
<Loc EndOffset="15257" SrcFileId="39" StartOffset="15075"/>
</LocList>
<BasicStmnt CovItemId="S64" CovItemPrefix="dataModels.CommunityStatistics.java" Intrnl_Id="3076">
<LocList>
<Loc EndOffset="15257" SrcFileId="39" StartOffset="15075"/>
</LocList>
</BasicStmnt>
</StmntSeq>
</HierarchyLvl>
<HierarchyLvl HierarchyLvlId="23902" HierarchyLvlTypeId="45" Intrnl_Id="3077" Name="getMoneyGenerate">
<Header>
<Loc EndOffset="15460" SrcFileId="39" StartOffset="15397"/>
</Header>
<LocList>
<Loc EndOffset="15523" SrcFileId="39" StartOffset="15397"/>
</LocList>
<StmntSeq Intrnl_Id="3078">
<LocList>
<Loc EndOffset="15519" SrcFileId="39" StartOffset="15468"/>
</LocList>
<BasicStmnt CovItemId="S65" CovItemPrefix="dataModels.CommunityStatistics.java" Intrnl_Id="3079">
<LocList>
<Loc EndOffset="15519" SrcFileId="39" StartOffset="15468"/>
</LocList>
</BasicStmnt>
</StmntSeq>
</HierarchyLvl>
<HierarchyLvl HierarchyLvlId="23903" HierarchyLvlTypeId="45" Intrnl_Id="3080" Name="getTotalNumberOfPots">
<Header>
<Loc EndOffset="15596" SrcFileId="39" StartOffset="15529"/>
</Header>
<LocList>
<Loc EndOffset="15711" SrcFileId="39" StartOffset="15529"/>
</LocList>
<StmntSeq Intrnl_Id="3081">
<LocList>
<Loc EndOffset="15707" SrcFileId="39" StartOffset="15604"/>
</LocList>
<BasicStmnt CovItemId="S66" CovItemPrefix="dataModels.CommunityStatistics.java" Intrnl_Id="3082">
<LocList>
<Loc EndOffset="15707" SrcFileId="39" StartOffset="15604"/>
</LocList>
</BasicStmnt>
</StmntSeq>
</HierarchyLvl>
<HierarchyLvl HierarchyLvlId="23904" HierarchyLvlTypeId="45" Intrnl_Id="3083" Name="getGamesPlayed">
<Header>
<Loc EndOffset="15905" SrcFileId="39" StartOffset="15844"/>
</Header>
<LocList>
<Loc EndOffset="15965" SrcFileId="39" StartOffset="15844"/>
</LocList>
<StmntSeq Intrnl_Id="3084">
<LocList>
<Loc EndOffset="15961" SrcFileId="39" StartOffset="15913"/>
</LocList>
<BasicStmnt CovItemId="S67" CovItemPrefix="dataModels.CommunityStatistics.java" Intrnl_Id="3085">
<LocList>
<Loc EndOffset="15961" SrcFileId="39" StartOffset="15913"/>
</LocList>
</BasicStmnt>
</StmntSeq>
</HierarchyLvl>
<HierarchyLvl HierarchyLvlId="23905" HierarchyLvlTypeId="45" Intrnl_Id="3086" Name="getNetMoney">
<Header>
<Loc EndOffset="16155" SrcFileId="39" StartOffset="16097"/>
</Header>
<LocList>
<Loc EndOffset="16281" SrcFileId="39" StartOffset="16097"/>
</LocList>
<StmntSeq Intrnl_Id="3087">
<LocList>
<Loc EndOffset="16277" SrcFileId="39" StartOffset="16163"/>
</LocList>
<BasicStmnt CovItemId="S68" CovItemPrefix="dataModels.CommunityStatistics.java" Intrnl_Id="3088">
<LocList>
<Loc EndOffset="16277" SrcFileId="39" StartOffset="16163"/>
</LocList>
</BasicStmnt>
</StmntSeq>
</HierarchyLvl>
</HierarchyLvl>
<HierarchyLvl HierarchyLvlId="23928" HierarchyLvlTypeId="44" Intrnl_Id="3089" Name="Card">
<Header>
<Loc EndOffset="281" SrcFileId="40" StartOffset="264"/>
</Header>
<LocList>
<Loc EndOffset="3961" SrcFileId="40" StartOffset="264"/>
<Loc EndOffset="5110" SrcFileId="40" StartOffset="5012"/>
<Loc EndOffset="6044" SrcFileId="40" StartOffset="6038"/>
</LocList>
<HierarchyLvl HierarchyLvlId="23907" HierarchyLvlTypeId="45" Intrnl_Id="3090" Name="Card">
<Header>
<Loc EndOffset="489" SrcFileId="40" StartOffset="452"/>
</Header>
<LocList>
<Loc EndOffset="543" SrcFileId="40" StartOffset="452"/>
</LocList>
<StmntSeq Intrnl_Id="3091">
<LocList>
<Loc EndOffset="514" SrcFileId="40" StartOffset="497"/>
<Loc EndOffset="539" SrcFileId="40" StartOffset="518"/>
</LocList>
<BasicStmnt CovItemId="S1" CovItemPrefix="dataModels.Card.java" Intrnl_Id="3092">
<LocList>
<Loc EndOffset="514" SrcFileId="40" StartOffset="497"/>
</LocList>
</BasicStmnt>
<BasicStmnt CovItemId="S2" CovItemPrefix="dataModels.Card.java" Intrnl_Id="3093">
<LocList>
<Loc EndOffset="539" SrcFileId="40" StartOffset="518"/>
</LocList>
</BasicStmnt>
</StmntSeq>
</HierarchyLvl>
<HierarchyLvl HierarchyLvlId="23908" HierarchyLvlTypeId="45" Intrnl_Id="3094" Name="Card">
<Header>
<Loc EndOffset="805" SrcFileId="40" StartOffset="781"/>
</Header>
<LocList>
<Loc EndOffset="1036" SrcFileId="40" StartOffset="781"/>
</LocList>
<StmntSeq Intrnl_Id="3095">
<LocList>
<Loc EndOffset="937" SrcFileId="40" StartOffset="813"/>
<Loc EndOffset="981" SrcFileId="40" StartOffset="945"/>
<Loc EndOffset="1027" SrcFileId="40" StartOffset="985"/>
</LocList>
<CondStmnt CovItemId="S3" CovItemPrefix="dataModels.Card.java" Intrnl_Id="3096">
<Branch CovItemId="B1" CovItemPrefix="dataModels.Card.java" Implct="false" Intrnl_Id="3097">
<Cond/>
<LocList>
<Loc EndOffset="937" SrcFileId="40" StartOffset="855"/>
</LocList>
<StmntSeq Intrnl_Id="3098">
<LocList>
<Loc EndOffset="886" SrcFileId="40" StartOffset="861"/>
<Loc EndOffset="920" SrcFileId="40" StartOffset="891"/>
<Loc EndOffset="932" SrcFileId="40" StartOffset="925"/>
</LocList>
<BasicStmnt CovItemId="S4" CovItemPrefix="dataModels.Card.java" Intrnl_Id="3099">
<LocList>
<Loc EndOffset="886" SrcFileId="40" StartOffset="861"/>
</LocList>
</BasicStmnt>
<BasicStmnt CovItemId="S5" CovItemPrefix="dataModels.Card.java" Intrnl_Id="3100">
<LocList>
<Loc EndOffset="920" SrcFileId="40" StartOffset="891"/>
</LocList>
</BasicStmnt>
<BasicStmnt CovItemId="S6" CovItemPrefix="dataModels.Card.java" Intrnl_Id="3101">
<LocList>
<Loc EndOffset="932" SrcFileId="40" StartOffset="925"/>
</LocList>
</BasicStmnt>
</StmntSeq>
</Branch>
<Branch CovItemId="B2" CovItemPrefix="dataModels.Card.java" Implct="true" Intrnl_Id="3102">
<Cond/>
<LocList/>
<StmntSeq Intrnl_Id="3103">
<LocList/>
</StmntSeq>
</Branch>
<Keyword EndOffset="815" SrcFileId="40" StartOffset="813"/>
<LocList>
<Loc EndOffset="937" SrcFileId="40" StartOffset="813"/>
</LocList>
</CondStmnt>
<BasicStmnt CovItemId="S7" CovItemPrefix="dataModels.Card.java" Intrnl_Id="3104">
<LocList>
<Loc EndOffset="981" SrcFileId="40" StartOffset="945"/>
</LocList>
</BasicStmnt>
<BasicStmnt CovItemId="S8" CovItemPrefix="dataModels.Card.java" Intrnl_Id="3105">
<LocList>
<Loc EndOffset="1027" SrcFileId="40" StartOffset="985"/>
</LocList>
</BasicStmnt>
</StmntSeq>
</HierarchyLvl>
<HierarchyLvl HierarchyLvlId="23909" HierarchyLvlTypeId="45" Intrnl_Id="3106" Name="getSuit">
<Header>
<Loc EndOffset="1134" SrcFileId="40" StartOffset="1113"/>
</Header>
<LocList>
<Loc EndOffset="1156" SrcFileId="40" StartOffset="1113"/>
</LocList>
<StmntSeq Intrnl_Id="3107">
<LocList>
<Loc EndOffset="1152" SrcFileId="40" StartOffset="1140"/>
</LocList>
<BasicStmnt CovItemId="S9" CovItemPrefix="dataModels.Card.java" Intrnl_Id="3108">
<LocList>
<Loc EndOffset="1152" SrcFileId="40" StartOffset="1140"/>
</LocList>
</BasicStmnt>
</StmntSeq>
</HierarchyLvl>
<HierarchyLvl HierarchyLvlId="23910" HierarchyLvlTypeId="45" Intrnl_Id="3109" Name="setSuit">
<Header>
<Loc EndOffset="1258" SrcFileId="40" StartOffset="1228"/>
</Header>
<LocList>
<Loc EndOffset="1285" SrcFileId="40" StartOffset="1228"/>
</LocList>
<StmntSeq Intrnl_Id="3110">
<LocList>
<Loc EndOffset="1281" SrcFileId="40" StartOffset="1264"/>
</LocList>
<BasicStmnt CovItemId="S10" CovItemPrefix="dataModels.Card.java" Intrnl_Id="3111">
<LocList>
<Loc EndOffset="1281" SrcFileId="40" StartOffset="1264"/>
</LocList>
</BasicStmnt>
</StmntSeq>
</HierarchyLvl>
<HierarchyLvl HierarchyLvlId="23911" HierarchyLvlTypeId="45" Intrnl_Id="3112" Name="getNumber">
<Header>
<Loc EndOffset="1382" SrcFileId="40" StartOffset="1357"/>
</Header>
<LocList>
<Loc EndOffset="1406" SrcFileId="40" StartOffset="1357"/>
</LocList>
<StmntSeq Intrnl_Id="3113">
<LocList>
<Loc EndOffset="1402" SrcFileId="40" StartOffset="1388"/>
</LocList>
<BasicStmnt CovItemId="S11" CovItemPrefix="dataModels.Card.java" Intrnl_Id="3114">
<LocList>
<Loc EndOffset="1402" SrcFileId="40" StartOffset="1388"/>
</LocList>
</BasicStmnt>
</StmntSeq>
</HierarchyLvl>
<HierarchyLvl HierarchyLvlId="23912" HierarchyLvlTypeId="45" Intrnl_Id="3115" Name="setNumber">
<Header>
<Loc EndOffset="1520" SrcFileId="40" StartOffset="1484"/>
</Header>
<LocList>
<Loc EndOffset="1551" SrcFileId="40" StartOffset="1484"/>
</LocList>
<StmntSeq Intrnl_Id="3116">
<LocList>
<Loc EndOffset="1547" SrcFileId="40" StartOffset="1526"/>
</LocList>
<BasicStmnt CovItemId="S12" CovItemPrefix="dataModels.Card.java" Intrnl_Id="3117">
<LocList>
<Loc EndOffset="1547" SrcFileId="40" StartOffset="1526"/>
</LocList>
</BasicStmnt>
</StmntSeq>
</HierarchyLvl>
<HierarchyLvl HierarchyLvlId="23913" HierarchyLvlTypeId="45" Intrnl_Id="3118" Name="getCardsAsString">
<Header>
<Loc EndOffset="1848" SrcFileId="40" StartOffset="1788"/>
</Header>
<LocList>
<Loc EndOffset="2179" SrcFileId="40" StartOffset="1788"/>
</LocList>
<StmntSeq Intrnl_Id="3119">
<LocList>
<Loc EndOffset="1900" SrcFileId="40" StartOffset="1856"/>
<Loc EndOffset="2002" SrcFileId="40" StartOffset="1908"/>
<Loc EndOffset="2049" SrcFileId="40" StartOffset="2010"/>
<Loc EndOffset="2149" SrcFileId="40" StartOffset="2057"/>
<Loc EndOffset="2175" SrcFileId="40" StartOffset="2157"/>
</LocList>
<BasicStmnt CovItemId="S13" CovItemPrefix="dataModels.Card.java" Intrnl_Id="3120">
<LocList>
<Loc EndOffset="1900" SrcFileId="40" StartOffset="1856"/>
</LocList>
</BasicStmnt>
<LoopStmnt CovItemId="S14" CovItemPrefix="dataModels.Card.java" Intrnl_Id="3121" MltplExecId="L1-2" MltplExecPrefix="dataModels.Card.java" NvrExecId="L1-0" NvrExecPrefix="dataModels.Card.java" OnceExecutedId="L1-1" OnceExecutedPrefix="dataModels.Card.java" OptBodyExec="true">
<StmntSeq Intrnl_Id="3122">
<LocList>
<Loc EndOffset="1972" SrcFileId="40" StartOffset="1940"/>
<Loc EndOffset="1997" SrcFileId="40" StartOffset="1977"/>
</LocList>
<BasicStmnt CovItemId="S15" CovItemPrefix="dataModels.Card.java" Intrnl_Id="3123">
<LocList>
<Loc EndOffset="1972" SrcFileId="40" StartOffset="1940"/>
</LocList>
</BasicStmnt>
<BasicStmnt CovItemId="S16" CovItemPrefix="dataModels.Card.java" Intrnl_Id="3124">
<LocList>
<Loc EndOffset="1997" SrcFileId="40" StartOffset="1977"/>
</LocList>
</BasicStmnt>
</StmntSeq>
<Keyword EndOffset="1911" SrcFileId="40" StartOffset="1908"/>
<LocList>
<Loc EndOffset="2002" SrcFileId="40" StartOffset="1908"/>
</LocList>
</LoopStmnt>
<BasicStmnt CovItemId="S17" CovItemPrefix="dataModels.Card.java" Intrnl_Id="3125">
<LocList>
<Loc EndOffset="2049" SrcFileId="40" StartOffset="2010"/>
</LocList>
</BasicStmnt>
<CondStmnt CovItemId="S18" CovItemPrefix="dataModels.Card.java" Intrnl_Id="3126">
<Branch CovItemId="B3" CovItemPrefix="dataModels.Card.java" Implct="false" Intrnl_Id="3127">
<Cond/>
<LocList>
<Loc EndOffset="2149" SrcFileId="40" StartOffset="2089"/>
</LocList>
<StmntSeq Intrnl_Id="3128">
<LocList>
<Loc EndOffset="2149" SrcFileId="40" StartOffset="2089"/>
</LocList>
<BasicStmnt CovItemId="S19" CovItemPrefix="dataModels.Card.java" Intrnl_Id="3129">
<LocList>
<Loc EndOffset="2149" SrcFileId="40" StartOffset="2089"/>
</LocList>
</BasicStmnt>
</StmntSeq>
</Branch>
<Branch CovItemId="B4" CovItemPrefix="dataModels.Card.java" Implct="true" Intrnl_Id="3130">
<Cond/>
<LocList/>
<StmntSeq Intrnl_Id="3131">
<LocList/>
</StmntSeq>
</Branch>
<Keyword EndOffset="2059" SrcFileId="40" StartOffset="2057"/>
<LocList>
<Loc EndOffset="2149" SrcFileId="40" StartOffset="2057"/>
</LocList>
</CondStmnt>
<BasicStmnt CovItemId="S20" CovItemPrefix="dataModels.Card.java" Intrnl_Id="3132">
<LocList>
<Loc EndOffset="2175" SrcFileId="40" StartOffset="2157"/>
</LocList>
</BasicStmnt>
</StmntSeq>
</HierarchyLvl>
<HierarchyLvl HierarchyLvlId="23914" HierarchyLvlTypeId="45" Intrnl_Id="3133" Name="generateCards">
<Header>
<Loc EndOffset="2454" SrcFileId="40" StartOffset="2397"/>
</Header>
<LocList>
<Loc EndOffset="2711" SrcFileId="40" StartOffset="2397"/>
</LocList>
<StmntSeq Intrnl_Id="3134">
<LocList>
<Loc EndOffset="2511" SrcFileId="40" StartOffset="2462"/>
<Loc EndOffset="2553" SrcFileId="40" StartOffset="2515"/>
<Loc EndOffset="2678" SrcFileId="40" StartOffset="2559"/>
<Loc EndOffset="2703" SrcFileId="40" StartOffset="2687"/>
</LocList>
<BasicStmnt CovItemId="S21" CovItemPrefix="dataModels.Card.java" Intrnl_Id="3135">
<LocList>
<Loc EndOffset="2511" SrcFileId="40" StartOffset="2462"/>
</LocList>
</BasicStmnt>
<BasicStmnt CovItemId="S22" CovItemPrefix="dataModels.Card.java" Intrnl_Id="3136">
<LocList>
<Loc EndOffset="2553" SrcFileId="40" StartOffset="2515"/>
</LocList>
</BasicStmnt>
<CondStmnt CovItemId="S23" CovItemPrefix="dataModels.Card.java" Intrnl_Id="3137">
<Branch CovItemId="B5" CovItemPrefix="dataModels.Card.java" Implct="false" Intrnl_Id="3138">
<Cond/>
<LocList>
<Loc EndOffset="2678" SrcFileId="40" StartOffset="2603"/>
</LocList>
<StmntSeq Intrnl_Id="3139">
<LocList>
<Loc EndOffset="2678" SrcFileId="40" StartOffset="2603"/>
</LocList>
<LoopStmnt CovItemId="S24" CovItemPrefix="dataModels.Card.java" Intrnl_Id="3140" MltplExecId="L2-2" MltplExecPrefix="dataModels.Card.java" NvrExecId="L2-0" NvrExecPrefix="dataModels.Card.java" OnceExecutedId="L2-1" OnceExecutedPrefix="dataModels.Card.java" OptBodyExec="true">
<StmntSeq Intrnl_Id="3141">
<LocList>
<Loc EndOffset="2672" SrcFileId="40" StartOffset="2643"/>
</LocList>
<BasicStmnt CovItemId="S25" CovItemPrefix="dataModels.Card.java" Intrnl_Id="3142">
<LocList>
<Loc EndOffset="2672" SrcFileId="40" StartOffset="2643"/>
</LocList>
</BasicStmnt>
</StmntSeq>
<Keyword EndOffset="2606" SrcFileId="40" StartOffset="2603"/>
<LocList>
<Loc EndOffset="2678" SrcFileId="40" StartOffset="2603"/>
</LocList>
</LoopStmnt>
</StmntSeq>
</Branch>
<Branch CovItemId="B6" CovItemPrefix="dataModels.Card.java" Implct="true" Intrnl_Id="3143">
<Cond/>
<LocList/>
<StmntSeq Intrnl_Id="3144">
<LocList/>
</StmntSeq>
</Branch>
<Keyword EndOffset="2561" SrcFileId="40" StartOffset="2559"/>
<LocList>
<Loc EndOffset="2678" SrcFileId="40" StartOffset="2559"/>
</LocList>
</CondStmnt>
<BasicStmnt CovItemId="S26" CovItemPrefix="dataModels.Card.java" Intrnl_Id="3145">
<LocList>
<Loc EndOffset="2703" SrcFileId="40" StartOffset="2687"/>
</LocList>
</BasicStmnt>
</StmntSeq>
</HierarchyLvl>
<HierarchyLvl HierarchyLvlId="23915" HierarchyLvlTypeId="45" Intrnl_Id="3146" Name="validCardString">
<Header>
<Loc EndOffset="2919" SrcFileId="40" StartOffset="2868"/>
</Header>
<LocList>
<Loc EndOffset="3144" SrcFileId="40" StartOffset="2868"/>
</LocList>
<StmntSeq Intrnl_Id="3147">
<LocList>
<Loc EndOffset="2980" SrcFileId="40" StartOffset="2927"/>
<Loc EndOffset="3026" SrcFileId="40" StartOffset="2988"/>
<Loc EndOffset="3116" SrcFileId="40" StartOffset="3032"/>
<Loc EndOffset="3136" SrcFileId="40" StartOffset="3124"/>
</LocList>
<CondStmnt CovItemId="S27" CovItemPrefix="dataModels.Card.java" Intrnl_Id="3148">
<Branch CovItemId="B7" CovItemPrefix="dataModels.Card.java" Implct="false" Intrnl_Id="3149">
<Cond/>
<LocList>
<Loc EndOffset="2980" SrcFileId="40" StartOffset="2967"/>
</LocList>
<StmntSeq Intrnl_Id="3150">
<LocList>
<Loc EndOffset="2980" SrcFileId="40" StartOffset="2967"/>
</LocList>
<BasicStmnt CovItemId="S28" CovItemPrefix="dataModels.Card.java" Intrnl_Id="3151">
<LocList>
<Loc EndOffset="2980" SrcFileId="40" StartOffset="2967"/>
</LocList>
</BasicStmnt>
</StmntSeq>
</Branch>
<Branch CovItemId="B8" CovItemPrefix="dataModels.Card.java" Implct="true" Intrnl_Id="3152">
<Cond/>
<LocList/>
<StmntSeq Intrnl_Id="3153">
<LocList/>
</StmntSeq>
</Branch>
<Keyword EndOffset="2929" SrcFileId="40" StartOffset="2927"/>
<LocList>
<Loc EndOffset="2980" SrcFileId="40" StartOffset="2927"/>
</LocList>
</CondStmnt>
<BasicStmnt CovItemId="S29" CovItemPrefix="dataModels.Card.java" Intrnl_Id="3154">
<LocList>
<Loc EndOffset="3026" SrcFileId="40" StartOffset="2988"/>
</LocList>
</BasicStmnt>
<LoopStmnt CovItemId="S30" CovItemPrefix="dataModels.Card.java" Intrnl_Id="3155" MltplExecId="L3-2" MltplExecPrefix="dataModels.Card.java" NvrExecId="L3-0" NvrExecPrefix="dataModels.Card.java" OnceExecutedId="L3-1" OnceExecutedPrefix="dataModels.Card.java" OptBodyExec="true">
<StmntSeq Intrnl_Id="3156">
<LocList>
<Loc EndOffset="3111" SrcFileId="40" StartOffset="3070"/>
</LocList>
<CondStmnt CovItemId="S31" CovItemPrefix="dataModels.Card.java" Intrnl_Id="3157">
<Branch CovItemId="B9" CovItemPrefix="dataModels.Card.java" Implct="false" Intrnl_Id="3158">
<Cond/>
<LocList>
<Loc EndOffset="3111" SrcFileId="40" StartOffset="3098"/>
</LocList>
<StmntSeq Intrnl_Id="3159">
<LocList>
<Loc EndOffset="3111" SrcFileId="40" StartOffset="3098"/>
</LocList>
<BasicStmnt CovItemId="S32" CovItemPrefix="dataModels.Card.java" Intrnl_Id="3160">
<LocList>
<Loc EndOffset="3111" SrcFileId="40" StartOffset="3098"/>
</LocList>
</BasicStmnt>
</StmntSeq>
</Branch>
<Branch CovItemId="B10" CovItemPrefix="dataModels.Card.java" Implct="true" Intrnl_Id="3161">
<Cond/>
<LocList/>
<StmntSeq Intrnl_Id="3162">
<LocList/>
</StmntSeq>
</Branch>
<Keyword EndOffset="3072" SrcFileId="40" StartOffset="3070"/>
<LocList>
<Loc EndOffset="3111" SrcFileId="40" StartOffset="3070"/>
</LocList>
</CondStmnt>
</StmntSeq>
<Keyword EndOffset="3035" SrcFileId="40" StartOffset="3032"/>
<LocList>
<Loc EndOffset="3116" SrcFileId="40" StartOffset="3032"/>
</LocList>
</LoopStmnt>
<BasicStmnt CovItemId="S33" CovItemPrefix="dataModels.Card.java" Intrnl_Id="3163">
<LocList>
<Loc EndOffset="3136" SrcFileId="40" StartOffset="3124"/>
</LocList>
</BasicStmnt>
</StmntSeq>
</HierarchyLvl>
<HierarchyLvl HierarchyLvlId="23916" HierarchyLvlTypeId="45" Intrnl_Id="3164" Name="isValidCard">
<Header>
<Loc EndOffset="3362" SrcFileId="40" StartOffset="3316"/>
</Header>
<LocList>
<Loc EndOffset="3658" SrcFileId="40" StartOffset="3316"/>
</LocList>
<StmntSeq Intrnl_Id="3165">
<LocList>
<Loc EndOffset="3436" SrcFileId="40" StartOffset="3370"/>
<Loc EndOffset="3485" SrcFileId="40" StartOffset="3444"/>
<Loc EndOffset="3538" SrcFileId="40" StartOffset="3489"/>
<Loc EndOffset="3626" SrcFileId="40" StartOffset="3546"/>
<Loc EndOffset="3646" SrcFileId="40" StartOffset="3634"/>
</LocList>
<CondStmnt CovItemId="S34" CovItemPrefix="dataModels.Card.java" Intrnl_Id="3166">
<Branch CovItemId="B11" CovItemPrefix="dataModels.Card.java" Implct="false" Intrnl_Id="3167">
<Cond/>
<LocList>
<Loc EndOffset="3436" SrcFileId="40" StartOffset="3412"/>
</LocList>
<StmntSeq Intrnl_Id="3168">
<LocList>
<Loc EndOffset="3431" SrcFileId="40" StartOffset="3418"/>
</LocList>
<BasicStmnt CovItemId="S35" CovItemPrefix="dataModels.Card.java" Intrnl_Id="3169">
<LocList>
<Loc EndOffset="3431" SrcFileId="40" StartOffset="3418"/>
</LocList>
</BasicStmnt>
</StmntSeq>
</Branch>
<Branch CovItemId="B12" CovItemPrefix="dataModels.Card.java" Implct="true" Intrnl_Id="3170">
<Cond/>
<LocList/>
<StmntSeq Intrnl_Id="3171">
<LocList/>
</StmntSeq>
</Branch>
<Keyword EndOffset="3372" SrcFileId="40" StartOffset="3370"/>
<LocList>
<Loc EndOffset="3436" SrcFileId="40" StartOffset="3370"/>
</LocList>
</CondStmnt>
<BasicStmnt CovItemId="S36" CovItemPrefix="dataModels.Card.java" Intrnl_Id="3172">
<LocList>
<Loc EndOffset="3485" SrcFileId="40" StartOffset="3444"/>
</LocList>
</BasicStmnt>
<BasicStmnt CovItemId="S37" CovItemPrefix="dataModels.Card.java" Intrnl_Id="3173">
<LocList>
<Loc EndOffset="3538" SrcFileId="40" StartOffset="3489"/>
</LocList>
</BasicStmnt>
<CondStmnt CovItemId="S38" CovItemPrefix="dataModels.Card.java" Intrnl_Id="3174">
<Branch CovItemId="B13" CovItemPrefix="dataModels.Card.java" Implct="false" Intrnl_Id="3175">
<Cond/>
<LocList>
<Loc EndOffset="3626" SrcFileId="40" StartOffset="3602"/>
</LocList>
<StmntSeq Intrnl_Id="3176">
<LocList>
<Loc EndOffset="3621" SrcFileId="40" StartOffset="3608"/>
</LocList>
<BasicStmnt CovItemId="S39" CovItemPrefix="dataModels.Card.java" Intrnl_Id="3177">
<LocList>
<Loc EndOffset="3621" SrcFileId="40" StartOffset="3608"/>
</LocList>
</BasicStmnt>
</StmntSeq>
</Branch>
<Branch CovItemId="B14" CovItemPrefix="dataModels.Card.java" Implct="true" Intrnl_Id="3178">
<Cond/>
<LocList/>
<StmntSeq Intrnl_Id="3179">
<LocList/>
</StmntSeq>
</Branch>
<Keyword EndOffset="3548" SrcFileId="40" StartOffset="3546"/>
<LocList>
<Loc EndOffset="3626" SrcFileId="40" StartOffset="3546"/>
</LocList>
</CondStmnt>
<BasicStmnt CovItemId="S40" CovItemPrefix="dataModels.Card.java" Intrnl_Id="3180">
<LocList>
<Loc EndOffset="3646" SrcFileId="40" StartOffset="3634"/>
</LocList>
</BasicStmnt>
</StmntSeq>
</HierarchyLvl>
<HierarchyLvl HierarchyLvlId="23917" HierarchyLvlTypeId="45" Intrnl_Id="3181" Name="toString">
<Header>
<Loc EndOffset="3699" SrcFileId="40" StartOffset="3663"/>
</Header>
<LocList>
<Loc EndOffset="3861" SrcFileId="40" StartOffset="3663"/>
</LocList>
<StmntSeq Intrnl_Id="3182">
<LocList>
<Loc EndOffset="3749" SrcFileId="40" StartOffset="3705"/>
<Loc EndOffset="3785" SrcFileId="40" StartOffset="3753"/>
<Loc EndOffset="3823" SrcFileId="40" StartOffset="3789"/>
<Loc EndOffset="3857" SrcFileId="40" StartOffset="3831"/>
</LocList>
<BasicStmnt CovItemId="S41" CovItemPrefix="dataModels.Card.java" Intrnl_Id="3183">
<LocList>
<Loc EndOffset="3749" SrcFileId="40" StartOffset="3705"/>
</LocList>
</BasicStmnt>
<BasicStmnt CovItemId="S42" CovItemPrefix="dataModels.Card.java" Intrnl_Id="3184">
<LocList>
<Loc EndOffset="3785" SrcFileId="40" StartOffset="3753"/>
</LocList>
</BasicStmnt>
<BasicStmnt CovItemId="S43" CovItemPrefix="dataModels.Card.java" Intrnl_Id="3185">
<LocList>
<Loc EndOffset="3823" SrcFileId="40" StartOffset="3789"/>
</LocList>
</BasicStmnt>
<BasicStmnt CovItemId="S44" CovItemPrefix="dataModels.Card.java" Intrnl_Id="3186">
<LocList>
<Loc EndOffset="3857" SrcFileId="40" StartOffset="3831"/>
</LocList>
</BasicStmnt>
</StmntSeq>
</HierarchyLvl>
<HierarchyLvl HierarchyLvlId="23922" HierarchyLvlTypeId="42" Intrnl_Id="3187" Name="Number">
<Header>
<Loc EndOffset="3979" SrcFileId="40" StartOffset="3961"/>
</Header>
<LocList>
<Loc EndOffset="5012" SrcFileId="40" StartOffset="3961"/>
</LocList>
<StmntSeq Intrnl_Id="3188">
<LocList>
<Loc EndOffset="4184" SrcFileId="40" StartOffset="4154"/>
</LocList>
<BasicStmnt CovItemId="S45" CovItemPrefix="dataModels.Card.java" Intrnl_Id="3189">
<LocList>
<Loc EndOffset="4184" SrcFileId="40" StartOffset="4154"/>
</LocList>
</BasicStmnt>
</StmntSeq>
<HierarchyLvl HierarchyLvlId="23918" HierarchyLvlTypeId="45" Intrnl_Id="3190" Name="Number">
<Header>
<Loc EndOffset="4264" SrcFileId="40" StartOffset="4247"/>
</Header>
<LocList>
<Loc EndOffset="4297" SrcFileId="40" StartOffset="4247"/>
</LocList>
<StmntSeq Intrnl_Id="3191">
<LocList>
<Loc EndOffset="4292" SrcFileId="40" StartOffset="4274"/>
</LocList>
<BasicStmnt CovItemId="S46" CovItemPrefix="dataModels.Card.java" Intrnl_Id="3192">
<LocList>
<Loc EndOffset="4292" SrcFileId="40" StartOffset="4274"/>
</LocList>
</BasicStmnt>
</StmntSeq>
</HierarchyLvl>
<HierarchyLvl HierarchyLvlId="23919" HierarchyLvlTypeId="45" Intrnl_Id="3193" Name="getValue">
<Header>
<Loc EndOffset="4418" SrcFileId="40" StartOffset="4396"/>
</Header>
<LocList>
<Loc EndOffset="4452" SrcFileId="40" StartOffset="4396"/>
</LocList>
<StmntSeq Intrnl_Id="3194">
<LocList>
<Loc EndOffset="4444" SrcFileId="40" StartOffset="4431"/>
</LocList>
<BasicStmnt CovItemId="S47" CovItemPrefix="dataModels.Card.java" Intrnl_Id="3195">
<LocList>
<Loc EndOffset="4444" SrcFileId="40" StartOffset="4431"/>
</LocList>
</BasicStmnt>
</StmntSeq>
</HierarchyLvl>
<HierarchyLvl HierarchyLvlId="23920" HierarchyLvlTypeId="45" Intrnl_Id="3196" Name="getStringValue">
<Header>
<Loc EndOffset="4496" SrcFileId="40" StartOffset="4466"/>
</Header>
<LocList>
<Loc EndOffset="4569" SrcFileId="40" StartOffset="4466"/>
</LocList>
<StmntSeq Intrnl_Id="3197">
<LocList>
<Loc EndOffset="4561" SrcFileId="40" StartOffset="4509"/>
</LocList>
<BasicStmnt CovItemId="S48" CovItemPrefix="dataModels.Card.java" Intrnl_Id="3198">
<LocList>
<Loc EndOffset="4561" SrcFileId="40" StartOffset="4509"/>
</LocList>
</BasicStmnt>
</StmntSeq>
</HierarchyLvl>
<HierarchyLvl HierarchyLvlId="23921" HierarchyLvlTypeId="45" Intrnl_Id="3199" Name="getNumber">
<Header>
<Loc EndOffset="4803" SrcFileId="40" StartOffset="4757"/>
</Header>
<LocList>
<Loc EndOffset="5008" SrcFileId="40" StartOffset="4757"/>
</LocList>
<StmntSeq Intrnl_Id="3200">
<LocList>
<Loc EndOffset="4962" SrcFileId="40" StartOffset="4819"/>
<Loc EndOffset="5000" SrcFileId="40" StartOffset="4978"/>
</LocList>
<LoopStmnt CovItemId="S49" CovItemPrefix="dataModels.Card.java" Intrnl_Id="3201" MltplExecId="L4-2" MltplExecPrefix="dataModels.Card.java" NvrExecId="L4-0" NvrExecPrefix="dataModels.Card.java" OnceExecutedId="L4-1" OnceExecutedPrefix="dataModels.Card.java" OptBodyExec="true">
<StmntSeq Intrnl_Id="3202">
<LocList>
<Loc EndOffset="4950" SrcFileId="40" StartOffset="4870"/>
</LocList>
<CondStmnt CovItemId="S50" CovItemPrefix="dataModels.Card.java" Intrnl_Id="3203">
<Branch CovItemId="B15" CovItemPrefix="dataModels.Card.java" Implct="false" Intrnl_Id="3204">
<Cond/>
<LocList>
<Loc EndOffset="4950" SrcFileId="40" StartOffset="4903"/>
</LocList>
<StmntSeq Intrnl_Id="3205">
<LocList>
<Loc EndOffset="4934" SrcFileId="40" StartOffset="4923"/>
</LocList>
<BasicStmnt CovItemId="S51" CovItemPrefix="dataModels.Card.java" Intrnl_Id="3206">
<LocList>
<Loc EndOffset="4934" SrcFileId="40" StartOffset="4923"/>
</LocList>
</BasicStmnt>
</StmntSeq>
</Branch>
<Branch CovItemId="B16" CovItemPrefix="dataModels.Card.java" Implct="true" Intrnl_Id="3207">
<Cond/>
<LocList/>
<StmntSeq Intrnl_Id="3208">
<LocList/>
</StmntSeq>
</Branch>
<Keyword EndOffset="4872" SrcFileId="40" StartOffset="4870"/>
<LocList>
<Loc EndOffset="4950" SrcFileId="40" StartOffset="4870"/>
</LocList>
</CondStmnt>
</StmntSeq>
<Keyword EndOffset="4822" SrcFileId="40" StartOffset="4819"/>
<LocList>
<Loc EndOffset="4962" SrcFileId="40" StartOffset="4819"/>
</LocList>
</LoopStmnt>
<BasicStmnt CovItemId="S52" CovItemPrefix="dataModels.Card.java" Intrnl_Id="3209">
<LocList>
<Loc EndOffset="5000" SrcFileId="40" StartOffset="4978"/>
</LocList>
</BasicStmnt>
</StmntSeq>
</HierarchyLvl>
</HierarchyLvl>
<HierarchyLvl HierarchyLvlId="23927" HierarchyLvlTypeId="42" Intrnl_Id="3210" Name="Suit">
<Header>
<Loc EndOffset="5126" SrcFileId="40" StartOffset="5110"/>
</Header>
<LocList>
<Loc EndOffset="6038" SrcFileId="40" StartOffset="5110"/>
</LocList>
<StmntSeq Intrnl_Id="3211">
<LocList>
<Loc EndOffset="5238" SrcFileId="40" StartOffset="5208"/>
</LocList>
<BasicStmnt CovItemId="S53" CovItemPrefix="dataModels.Card.java" Intrnl_Id="3212">
<LocList>
<Loc EndOffset="5238" SrcFileId="40" StartOffset="5208"/>
</LocList>
</BasicStmnt>
</StmntSeq>
<HierarchyLvl HierarchyLvlId="23923" HierarchyLvlTypeId="45" Intrnl_Id="3213" Name="Suit">
<Header>
<Loc EndOffset="5324" SrcFileId="40" StartOffset="5309"/>
</Header>
<LocList>
<Loc EndOffset="5357" SrcFileId="40" StartOffset="5309"/>
</LocList>
<StmntSeq Intrnl_Id="3214">
<LocList>
<Loc EndOffset="5352" SrcFileId="40" StartOffset="5334"/>
</LocList>
<BasicStmnt CovItemId="S54" CovItemPrefix="dataModels.Card.java" Intrnl_Id="3215">
<LocList>
<Loc EndOffset="5352" SrcFileId="40" StartOffset="5334"/>
</LocList>
</BasicStmnt>
</StmntSeq>
</HierarchyLvl>
<HierarchyLvl HierarchyLvlId="23924" HierarchyLvlTypeId="45" Intrnl_Id="3216" Name="getValue">
<Header>
<Loc EndOffset="5475" SrcFileId="40" StartOffset="5453"/>
</Header>
<LocList>
<Loc EndOffset="5509" SrcFileId="40" StartOffset="5453"/>
</LocList>
<StmntSeq Intrnl_Id="3217">
<LocList>
<Loc EndOffset="5501" SrcFileId="40" StartOffset="5488"/>
</LocList>
<BasicStmnt CovItemId="S55" CovItemPrefix="dataModels.Card.java" Intrnl_Id="3218">
<LocList>
<Loc EndOffset="5501" SrcFileId="40" StartOffset="5488"/>
</LocList>
</BasicStmnt>
</StmntSeq>
</HierarchyLvl>
<HierarchyLvl HierarchyLvlId="23925" HierarchyLvlTypeId="45" Intrnl_Id="3219" Name="getStringValue">
<Header>
<Loc EndOffset="5553" SrcFileId="40" StartOffset="5523"/>
</Header>
<LocList>
<Loc EndOffset="5626" SrcFileId="40" StartOffset="5523"/>
</LocList>
<StmntSeq Intrnl_Id="3220">
<LocList>
<Loc EndOffset="5618" SrcFileId="40" StartOffset="5566"/>
</LocList>
<BasicStmnt CovItemId="S56" CovItemPrefix="dataModels.Card.java" Intrnl_Id="3221">
<LocList>
<Loc EndOffset="5618" SrcFileId="40" StartOffset="5566"/>
</LocList>
</BasicStmnt>
</StmntSeq>
</HierarchyLvl>
<HierarchyLvl HierarchyLvlId="23926" HierarchyLvlTypeId="45" Intrnl_Id="3222" Name="getSuit">
<Header>
<Loc EndOffset="5828" SrcFileId="40" StartOffset="5786"/>
</Header>
<LocList>
<Loc EndOffset="6030" SrcFileId="40" StartOffset="5786"/>
</LocList>
<StmntSeq Intrnl_Id="3223">
<LocList>
<Loc EndOffset="5986" SrcFileId="40" StartOffset="5844"/>
<Loc EndOffset="6022" SrcFileId="40" StartOffset="6002"/>
</LocList>
<LoopStmnt CovItemId="S57" CovItemPrefix="dataModels.Card.java" Intrnl_Id="3224" MltplExecId="L5-2" MltplExecPrefix="dataModels.Card.java" NvrExecId="L5-0" NvrExecPrefix="dataModels.Card.java" OnceExecutedId="L5-1" OnceExecutedPrefix="dataModels.Card.java" OptBodyExec="true">
<StmntSeq Intrnl_Id="3225">
<LocList>
<Loc EndOffset="5974" SrcFileId="40" StartOffset="5892"/>
</LocList>
<CondStmnt CovItemId="S58" CovItemPrefix="dataModels.Card.java" Intrnl_Id="3226">
<Branch CovItemId="B17" CovItemPrefix="dataModels.Card.java" Implct="false" Intrnl_Id="3227">
<Cond/>
<LocList>
<Loc EndOffset="5974" SrcFileId="40" StartOffset="5926"/>
</LocList>
<StmntSeq Intrnl_Id="3228">
<LocList>
<Loc EndOffset="5958" SrcFileId="40" StartOffset="5946"/>
</LocList>
<BasicStmnt CovItemId="S59" CovItemPrefix="dataModels.Card.java" Intrnl_Id="3229">
<LocList>
<Loc EndOffset="5958" SrcFileId="40" StartOffset="5946"/>
</LocList>
</BasicStmnt>
</StmntSeq>
</Branch>
<Branch CovItemId="B18" CovItemPrefix="dataModels.Card.java" Implct="true" Intrnl_Id="3230">
<Cond/>
<LocList/>
<StmntSeq Intrnl_Id="3231">
<LocList/>
</StmntSeq>
</Branch>
<Keyword EndOffset="5894" SrcFileId="40" StartOffset="5892"/>
<LocList>
<Loc EndOffset="5974" SrcFileId="40" StartOffset="5892"/>
</LocList>
</CondStmnt>
</StmntSeq>
<Keyword EndOffset="5847" SrcFileId="40" StartOffset="5844"/>
<LocList>
<Loc EndOffset="5986" SrcFileId="40" StartOffset="5844"/>
</LocList>
</LoopStmnt>
<BasicStmnt CovItemId="S60" CovItemPrefix="dataModels.Card.java" Intrnl_Id="3232">
<LocList>
<Loc EndOffset="6022" SrcFileId="40" StartOffset="6002"/>
</LocList>
</BasicStmnt>
</StmntSeq>
</HierarchyLvl>
</HierarchyLvl>
</HierarchyLvl>
<HierarchyLvl HierarchyLvlId="23948" HierarchyLvlTypeId="44" Intrnl_Id="3233" Name="Account">
<Header>
<Loc EndOffset="175" SrcFileId="41" StartOffset="155"/>
</Header>
<LocList>
<Loc EndOffset="7062" SrcFileId="41" StartOffset="155"/>
</LocList>
<HierarchyLvl HierarchyLvlId="23929" HierarchyLvlTypeId="45" Intrnl_Id="3234" Name="Account">
<Header>
<Loc EndOffset="534" SrcFileId="41" StartOffset="518"/>
</Header>
<LocList>
<Loc EndOffset="576" SrcFileId="41" StartOffset="518"/>
</LocList>
<StmntSeq Intrnl_Id="3235">
<LocList>
<Loc EndOffset="572" SrcFileId="41" StartOffset="542"/>
</LocList>
<BasicStmnt CovItemId="S1" CovItemPrefix="dataModels.Account.java" Intrnl_Id="3236">
<LocList>
<Loc EndOffset="572" SrcFileId="41" StartOffset="542"/>
</LocList>
</BasicStmnt>
</StmntSeq>
</HierarchyLvl>
<HierarchyLvl HierarchyLvlId="23930" HierarchyLvlTypeId="45" Intrnl_Id="3237" Name="Account">
<Header>
<Loc EndOffset="785" SrcFileId="41" StartOffset="708"/>
</Header>
<LocList>
<Loc EndOffset="1089" SrcFileId="41" StartOffset="708"/>
</LocList>
<StmntSeq Intrnl_Id="3238">
<LocList>
<Loc EndOffset="818" SrcFileId="41" StartOffset="793"/>
<Loc EndOffset="1020" SrcFileId="41" StartOffset="824"/>
<Loc EndOffset="1051" SrcFileId="41" StartOffset="1026"/>
<Loc EndOffset="1085" SrcFileId="41" StartOffset="1055"/>
</LocList>
<BasicStmnt CovItemId="S2" CovItemPrefix="dataModels.Account.java" Intrnl_Id="3239">
<LocList>
<Loc EndOffset="818" SrcFileId="41" StartOffset="793"/>
</LocList>
</BasicStmnt>
<CondStmnt CovItemId="S3" CovItemPrefix="dataModels.Account.java" Intrnl_Id="3240">
<Branch CovItemId="B1" CovItemPrefix="dataModels.Account.java" Implct="false" Intrnl_Id="3241">
<Cond/>
<LocList>
<Loc EndOffset="933" SrcFileId="41" StartOffset="851"/>
</LocList>
<StmntSeq Intrnl_Id="3242">
<LocList>
<Loc EndOffset="890" SrcFileId="41" StartOffset="857"/>
<Loc EndOffset="928" SrcFileId="41" StartOffset="895"/>
</LocList>
<BasicStmnt CovItemId="S4" CovItemPrefix="dataModels.Account.java" Intrnl_Id="3243">
<LocList>
<Loc EndOffset="890" SrcFileId="41" StartOffset="857"/>
</LocList>
</BasicStmnt>
<BasicStmnt CovItemId="S5" CovItemPrefix="dataModels.Account.java" Intrnl_Id="3244">
<LocList>
<Loc EndOffset="928" SrcFileId="41" StartOffset="895"/>
</LocList>
</BasicStmnt>
</StmntSeq>
</Branch>
<Branch CovItemId="B2" CovItemPrefix="dataModels.Account.java" Implct="false" Intrnl_Id="3245">
<Cond>
<Loc EndOffset="941" SrcFileId="41" StartOffset="937"/>
</Cond>
<LocList>
<Loc EndOffset="1020" SrcFileId="41" StartOffset="945"/>
</LocList>
<StmntSeq Intrnl_Id="3246">
<LocList>
<Loc EndOffset="976" SrcFileId="41" StartOffset="951"/>
<Loc EndOffset="1015" SrcFileId="41" StartOffset="981"/>
</LocList>
<BasicStmnt CovItemId="S6" CovItemPrefix="dataModels.Account.java" Intrnl_Id="3247">
<LocList>
<Loc EndOffset="976" SrcFileId="41" StartOffset="951"/>
</LocList>
</BasicStmnt>
<BasicStmnt CovItemId="S7" CovItemPrefix="dataModels.Account.java" Intrnl_Id="3248">
<LocList>
<Loc EndOffset="1015" SrcFileId="41" StartOffset="981"/>
</LocList>
</BasicStmnt>
</StmntSeq>
</Branch>
<Keyword EndOffset="826" SrcFileId="41" StartOffset="824"/>
<LocList>
<Loc EndOffset="1020" SrcFileId="41" StartOffset="824"/>
</LocList>
</CondStmnt>
<BasicStmnt CovItemId="S8" CovItemPrefix="dataModels.Account.java" Intrnl_Id="3249">
<LocList>
<Loc EndOffset="1051" SrcFileId="41" StartOffset="1026"/>
</LocList>
</BasicStmnt>
<BasicStmnt CovItemId="S9" CovItemPrefix="dataModels.Account.java" Intrnl_Id="3250">
<LocList>
<Loc EndOffset="1085" SrcFileId="41" StartOffset="1055"/>
</LocList>
</BasicStmnt>
</StmntSeq>
</HierarchyLvl>
<HierarchyLvl HierarchyLvlId="23931" HierarchyLvlTypeId="45" Intrnl_Id="3251" Name="Account">
<Header>
<Loc EndOffset="1372" SrcFileId="41" StartOffset="1277"/>
</Header>
<LocList>
<Loc EndOffset="1690" SrcFileId="41" StartOffset="1277"/>
</LocList>
<StmntSeq Intrnl_Id="3252">
<LocList>
<Loc EndOffset="1405" SrcFileId="41" StartOffset="1380"/>
<Loc EndOffset="1446" SrcFileId="41" StartOffset="1409"/>
<Loc EndOffset="1480" SrcFileId="41" StartOffset="1450"/>
<Loc EndOffset="1682" SrcFileId="41" StartOffset="1486"/>
</LocList>
<BasicStmnt CovItemId="S10" CovItemPrefix="dataModels.Account.java" Intrnl_Id="3253">
<LocList>
<Loc EndOffset="1405" SrcFileId="41" StartOffset="1380"/>
</LocList>
</BasicStmnt>
<BasicStmnt CovItemId="S11" CovItemPrefix="dataModels.Account.java" Intrnl_Id="3254">
<LocList>
<Loc EndOffset="1446" SrcFileId="41" StartOffset="1409"/>
</LocList>
</BasicStmnt>
<BasicStmnt CovItemId="S12" CovItemPrefix="dataModels.Account.java" Intrnl_Id="3255">
<LocList>
<Loc EndOffset="1480" SrcFileId="41" StartOffset="1450"/>
</LocList>
</BasicStmnt>
<CondStmnt CovItemId="S13" CovItemPrefix="dataModels.Account.java" Intrnl_Id="3256">
<Branch CovItemId="B3" CovItemPrefix="dataModels.Account.java" Implct="false" Intrnl_Id="3257">
<Cond/>
<LocList>
<Loc EndOffset="1595" SrcFileId="41" StartOffset="1513"/>
</LocList>
<StmntSeq Intrnl_Id="3258">
<LocList>
<Loc EndOffset="1552" SrcFileId="41" StartOffset="1519"/>
<Loc EndOffset="1590" SrcFileId="41" StartOffset="1557"/>
</LocList>
<BasicStmnt CovItemId="S14" CovItemPrefix="dataModels.Account.java" Intrnl_Id="3259">
<LocList>
<Loc EndOffset="1552" SrcFileId="41" StartOffset="1519"/>
</LocList>
</BasicStmnt>
<BasicStmnt CovItemId="S15" CovItemPrefix="dataModels.Account.java" Intrnl_Id="3260">
<LocList>
<Loc EndOffset="1590" SrcFileId="41" StartOffset="1557"/>
</LocList>
</BasicStmnt>
</StmntSeq>
</Branch>
<Branch CovItemId="B4" CovItemPrefix="dataModels.Account.java" Implct="false" Intrnl_Id="3261">
<Cond>
<Loc EndOffset="1603" SrcFileId="41" StartOffset="1599"/>
</Cond>
<LocList>
<Loc EndOffset="1682" SrcFileId="41" StartOffset="1607"/>
</LocList>
<StmntSeq Intrnl_Id="3262">
<LocList>
<Loc EndOffset="1638" SrcFileId="41" StartOffset="1613"/>
<Loc EndOffset="1677" SrcFileId="41" StartOffset="1643"/>
</LocList>
<BasicStmnt CovItemId="S16" CovItemPrefix="dataModels.Account.java" Intrnl_Id="3263">
<LocList>
<Loc EndOffset="1638" SrcFileId="41" StartOffset="1613"/>
</LocList>
</BasicStmnt>
<BasicStmnt CovItemId="S17" CovItemPrefix="dataModels.Account.java" Intrnl_Id="3264">
<LocList>
<Loc EndOffset="1677" SrcFileId="41" StartOffset="1643"/>
</LocList>
</BasicStmnt>
</StmntSeq>
</Branch>
<Keyword EndOffset="1488" SrcFileId="41" StartOffset="1486"/>
<LocList>
<Loc EndOffset="1682" SrcFileId="41" StartOffset="1486"/>
</LocList>
</CondStmnt>
</StmntSeq>
</HierarchyLvl>
<HierarchyLvl HierarchyLvlId="23932" HierarchyLvlTypeId="45" Intrnl_Id="3265" Name="Account">
<Header>
<Loc EndOffset="1988" SrcFileId="41" StartOffset="1878"/>
</Header>
<LocList>
<Loc EndOffset="2337" SrcFileId="41" StartOffset="1878"/>
</LocList>
<StmntSeq Intrnl_Id="3266">
<LocList>
<Loc EndOffset="2023" SrcFileId="41" StartOffset="1996"/>
<Loc EndOffset="2052" SrcFileId="41" StartOffset="2027"/>
<Loc EndOffset="2093" SrcFileId="41" StartOffset="2056"/>
<Loc EndOffset="2127" SrcFileId="41" StartOffset="2097"/>
<Loc EndOffset="2329" SrcFileId="41" StartOffset="2133"/>
</LocList>
<BasicStmnt CovItemId="S18" CovItemPrefix="dataModels.Account.java" Intrnl_Id="3267">
<LocList>
<Loc EndOffset="2023" SrcFileId="41" StartOffset="1996"/>
</LocList>
</BasicStmnt>
<BasicStmnt CovItemId="S19" CovItemPrefix="dataModels.Account.java" Intrnl_Id="3268">
<LocList>
<Loc EndOffset="2052" SrcFileId="41" StartOffset="2027"/>
</LocList>
</BasicStmnt>
<BasicStmnt CovItemId="S20" CovItemPrefix="dataModels.Account.java" Intrnl_Id="3269">
<LocList>
<Loc EndOffset="2093" SrcFileId="41" StartOffset="2056"/>
</LocList>
</BasicStmnt>
<BasicStmnt CovItemId="S21" CovItemPrefix="dataModels.Account.java" Intrnl_Id="3270">
<LocList>
<Loc EndOffset="2127" SrcFileId="41" StartOffset="2097"/>
</LocList>
</BasicStmnt>
<CondStmnt CovItemId="S22" CovItemPrefix="dataModels.Account.java" Intrnl_Id="3271">
<Branch CovItemId="B5" CovItemPrefix="dataModels.Account.java" Implct="false" Intrnl_Id="3272">
<Cond/>
<LocList>
<Loc EndOffset="2242" SrcFileId="41" StartOffset="2160"/>
</LocList>
<StmntSeq Intrnl_Id="3273">
<LocList>
<Loc EndOffset="2199" SrcFileId="41" StartOffset="2166"/>
<Loc EndOffset="2237" SrcFileId="41" StartOffset="2204"/>
</LocList>
<BasicStmnt CovItemId="S23" CovItemPrefix="dataModels.Account.java" Intrnl_Id="3274">
<LocList>
<Loc EndOffset="2199" SrcFileId="41" StartOffset="2166"/>
</LocList>
</BasicStmnt>
<BasicStmnt CovItemId="S24" CovItemPrefix="dataModels.Account.java" Intrnl_Id="3275">
<LocList>
<Loc EndOffset="2237" SrcFileId="41" StartOffset="2204"/>
</LocList>
</BasicStmnt>
</StmntSeq>
</Branch>
<Branch CovItemId="B6" CovItemPrefix="dataModels.Account.java" Implct="false" Intrnl_Id="3276">
<Cond>
<Loc EndOffset="2250" SrcFileId="41" StartOffset="2246"/>
</Cond>
<LocList>
<Loc EndOffset="2329" SrcFileId="41" StartOffset="2254"/>
</LocList>
<StmntSeq Intrnl_Id="3277">
<LocList>
<Loc EndOffset="2285" SrcFileId="41" StartOffset="2260"/>
<Loc EndOffset="2324" SrcFileId="41" StartOffset="2290"/>
</LocList>
<BasicStmnt CovItemId="S25" CovItemPrefix="dataModels.Account.java" Intrnl_Id="3278">
<LocList>
<Loc EndOffset="2285" SrcFileId="41" StartOffset="2260"/>
</LocList>
</BasicStmnt>
<BasicStmnt CovItemId="S26" CovItemPrefix="dataModels.Account.java" Intrnl_Id="3279">
<LocList>
<Loc EndOffset="2324" SrcFileId="41" StartOffset="2290"/>
</LocList>
</BasicStmnt>
</StmntSeq>
</Branch>
<Keyword EndOffset="2135" SrcFileId="41" StartOffset="2133"/>
<LocList>
<Loc EndOffset="2329" SrcFileId="41" StartOffset="2133"/>
</LocList>
</CondStmnt>
</StmntSeq>
</HierarchyLvl>
<HierarchyLvl HierarchyLvlId="23933" HierarchyLvlTypeId="45" Intrnl_Id="3280" Name="getAccountID">
<Header>
<Loc EndOffset="2435" SrcFileId="41" StartOffset="2410"/>
</Header>
<LocList>
<Loc EndOffset="2462" SrcFileId="41" StartOffset="2410"/>
</LocList>
<StmntSeq Intrnl_Id="3281">
<LocList>
<Loc EndOffset="2458" SrcFileId="41" StartOffset="2441"/>
</LocList>
<BasicStmnt CovItemId="S27" CovItemPrefix="dataModels.Account.java" Intrnl_Id="3282">
<LocList>
<Loc EndOffset="2458" SrcFileId="41" StartOffset="2441"/>
</LocList>
</BasicStmnt>
</StmntSeq>
</HierarchyLvl>
<HierarchyLvl HierarchyLvlId="23934" HierarchyLvlTypeId="45" Intrnl_Id="3283" Name="setAccountID">
<Header>
<Loc EndOffset="2591" SrcFileId="41" StartOffset="2552"/>
</Header>
<LocList>
<Loc EndOffset="2628" SrcFileId="41" StartOffset="2552"/>
</LocList>
<StmntSeq Intrnl_Id="3284">
<LocList>
<Loc EndOffset="2624" SrcFileId="41" StartOffset="2597"/>
</LocList>
<BasicStmnt CovItemId="S28" CovItemPrefix="dataModels.Account.java" Intrnl_Id="3285">
<LocList>
<Loc EndOffset="2624" SrcFileId="41" StartOffset="2597"/>
</LocList>
</BasicStmnt>
</StmntSeq>
</HierarchyLvl>
<HierarchyLvl HierarchyLvlId="23935" HierarchyLvlTypeId="45" Intrnl_Id="3286" Name="Account">
<Header>
<Loc EndOffset="2746" SrcFileId="41" StartOffset="2715"/>
</Header>
<LocList>
<Loc EndOffset="2783" SrcFileId="41" StartOffset="2715"/>
</LocList>
<StmntSeq Intrnl_Id="3287">
<LocList>
<Loc EndOffset="2779" SrcFileId="41" StartOffset="2754"/>
</LocList>
<BasicStmnt CovItemId="S29" CovItemPrefix="dataModels.Account.java" Intrnl_Id="3288">
<LocList>
<Loc EndOffset="2779" SrcFileId="41" StartOffset="2754"/>
</LocList>
</BasicStmnt>
</StmntSeq>
</HierarchyLvl>
<HierarchyLvl HierarchyLvlId="23936" HierarchyLvlTypeId="45" Intrnl_Id="3289" Name="getUsername">
<Header>
<Loc EndOffset="2890" SrcFileId="41" StartOffset="2863"/>
</Header>
<LocList>
<Loc EndOffset="2916" SrcFileId="41" StartOffset="2863"/>
</LocList>
<StmntSeq Intrnl_Id="3290">
<LocList>
<Loc EndOffset="2912" SrcFileId="41" StartOffset="2896"/>
</LocList>
<BasicStmnt CovItemId="S30" CovItemPrefix="dataModels.Account.java" Intrnl_Id="3291">
<LocList>
<Loc EndOffset="2912" SrcFileId="41" StartOffset="2896"/>
</LocList>
</BasicStmnt>
</StmntSeq>
</HierarchyLvl>
<HierarchyLvl HierarchyLvlId="23937" HierarchyLvlTypeId="45" Intrnl_Id="3292" Name="setUsername">
<Header>
<Loc EndOffset="3056" SrcFileId="41" StartOffset="3016"/>
</Header>
<LocList>
<Loc EndOffset="3091" SrcFileId="41" StartOffset="3016"/>
</LocList>
<StmntSeq Intrnl_Id="3293">
<LocList>
<Loc EndOffset="3087" SrcFileId="41" StartOffset="3062"/>
</LocList>
<BasicStmnt CovItemId="S31" CovItemPrefix="dataModels.Account.java" Intrnl_Id="3294">
<LocList>
<Loc EndOffset="3087" SrcFileId="41" StartOffset="3062"/>
</LocList>
</BasicStmnt>
</StmntSeq>
</HierarchyLvl>
<HierarchyLvl HierarchyLvlId="23938" HierarchyLvlTypeId="45" Intrnl_Id="3295" Name="getPassword">
<Header>
<Loc EndOffset="3220" SrcFileId="41" StartOffset="3193"/>
</Header>
<LocList>
<Loc EndOffset="3246" SrcFileId="41" StartOffset="3193"/>
</LocList>
<StmntSeq Intrnl_Id="3296">
<LocList>
<Loc EndOffset="3242" SrcFileId="41" StartOffset="3226"/>
</LocList>
<BasicStmnt CovItemId="S32" CovItemPrefix="dataModels.Account.java" Intrnl_Id="3297">
<LocList>
<Loc EndOffset="3242" SrcFileId="41" StartOffset="3226"/>
</LocList>
</BasicStmnt>
</StmntSeq>
</HierarchyLvl>
<HierarchyLvl HierarchyLvlId="23939" HierarchyLvlTypeId="45" Intrnl_Id="3298" Name="getEncyptedPassword">
<Header>
<Loc EndOffset="3365" SrcFileId="41" StartOffset="3330"/>
</Header>
<LocList>
<Loc EndOffset="3583" SrcFileId="41" StartOffset="3330"/>
</LocList>
<StmntSeq Intrnl_Id="3299">
<LocList>
<Loc EndOffset="3542" SrcFileId="41" StartOffset="3371"/>
<Loc EndOffset="3577" SrcFileId="41" StartOffset="3548"/>
</LocList>
<CondStmnt CovItemId="S33" CovItemPrefix="dataModels.Account.java" Intrnl_Id="3300">
<Branch CovItemId="B7" CovItemPrefix="dataModels.Account.java" Implct="false" Intrnl_Id="3301">
<Cond/>
<LocList>
<Loc EndOffset="3424" SrcFileId="41" StartOffset="3400"/>
</LocList>
<StmntSeq Intrnl_Id="3302">
<LocList>
<Loc EndOffset="3424" SrcFileId="41" StartOffset="3400"/>
</LocList>
<BasicStmnt CovItemId="S34" CovItemPrefix="dataModels.Account.java" Intrnl_Id="3303">
<LocList>
<Loc EndOffset="3424" SrcFileId="41" StartOffset="3400"/>
</LocList>
</BasicStmnt>
</StmntSeq>
</Branch>
<Branch CovItemId="B8" CovItemPrefix="dataModels.Account.java" Implct="false" Intrnl_Id="3304">
<Cond>
<Loc EndOffset="3432" SrcFileId="41" StartOffset="3428"/>
</Cond>
<LocList>
<Loc EndOffset="3542" SrcFileId="41" StartOffset="3437"/>
</LocList>
<StmntSeq Intrnl_Id="3305">
<LocList>
<Loc EndOffset="3476" SrcFileId="41" StartOffset="3443"/>
<Loc EndOffset="3537" SrcFileId="41" StartOffset="3481"/>
</LocList>
<BasicStmnt CovItemId="S35" CovItemPrefix="dataModels.Account.java" Intrnl_Id="3306">
<LocList>
<Loc EndOffset="3476" SrcFileId="41" StartOffset="3443"/>
</LocList>
</BasicStmnt>
<BasicStmnt CovItemId="S36" CovItemPrefix="dataModels.Account.java" Intrnl_Id="3307">
<LocList>
<Loc EndOffset="3537" SrcFileId="41" StartOffset="3481"/>
</LocList>
</BasicStmnt>
</StmntSeq>
</Branch>
<Keyword EndOffset="3373" SrcFileId="41" StartOffset="3371"/>
<LocList>
<Loc EndOffset="3542" SrcFileId="41" StartOffset="3371"/>
</LocList>
</CondStmnt>
<BasicStmnt CovItemId="S37" CovItemPrefix="dataModels.Account.java" Intrnl_Id="3308">
<LocList>
<Loc EndOffset="3577" SrcFileId="41" StartOffset="3548"/>
</LocList>
</BasicStmnt>
</StmntSeq>
</HierarchyLvl>
<HierarchyLvl HierarchyLvlId="23940" HierarchyLvlTypeId="45" Intrnl_Id="3309" Name="setPassword">
<Header>
<Loc EndOffset="3754" SrcFileId="41" StartOffset="3685"/>
</Header>
<LocList>
<Loc EndOffset="3960" SrcFileId="41" StartOffset="3685"/>
</LocList>
<StmntSeq Intrnl_Id="3310">
<LocList>
<Loc EndOffset="3956" SrcFileId="41" StartOffset="3760"/>
</LocList>
<CondStmnt CovItemId="S38" CovItemPrefix="dataModels.Account.java" Intrnl_Id="3311">
<Branch CovItemId="B9" CovItemPrefix="dataModels.Account.java" Implct="false" Intrnl_Id="3312">
<Cond/>
<LocList>
<Loc EndOffset="3869" SrcFileId="41" StartOffset="3787"/>
</LocList>
<StmntSeq Intrnl_Id="3313">
<LocList>
<Loc EndOffset="3826" SrcFileId="41" StartOffset="3793"/>
<Loc EndOffset="3864" SrcFileId="41" StartOffset="3831"/>
</LocList>
<BasicStmnt CovItemId="S39" CovItemPrefix="dataModels.Account.java" Intrnl_Id="3314">
<LocList>
<Loc EndOffset="3826" SrcFileId="41" StartOffset="3793"/>
</LocList>
</BasicStmnt>
<BasicStmnt CovItemId="S40" CovItemPrefix="dataModels.Account.java" Intrnl_Id="3315">
<LocList>
<Loc EndOffset="3864" SrcFileId="41" StartOffset="3831"/>
</LocList>
</BasicStmnt>
</StmntSeq>
</Branch>
<Branch CovItemId="B10" CovItemPrefix="dataModels.Account.java" Implct="false" Intrnl_Id="3316">
<Cond>
<Loc EndOffset="3877" SrcFileId="41" StartOffset="3873"/>
</Cond>
<LocList>
<Loc EndOffset="3956" SrcFileId="41" StartOffset="3881"/>
</LocList>
<StmntSeq Intrnl_Id="3317">
<LocList>
<Loc EndOffset="3912" SrcFileId="41" StartOffset="3887"/>
<Loc EndOffset="3951" SrcFileId="41" StartOffset="3917"/>
</LocList>
<BasicStmnt CovItemId="S41" CovItemPrefix="dataModels.Account.java" Intrnl_Id="3318">
<LocList>
<Loc EndOffset="3912" SrcFileId="41" StartOffset="3887"/>
</LocList>
</BasicStmnt>
<BasicStmnt CovItemId="S42" CovItemPrefix="dataModels.Account.java" Intrnl_Id="3319">
<LocList>
<Loc EndOffset="3951" SrcFileId="41" StartOffset="3917"/>
</LocList>
</BasicStmnt>
</StmntSeq>
</Branch>
<Keyword EndOffset="3762" SrcFileId="41" StartOffset="3760"/>
<LocList>
<Loc EndOffset="3956" SrcFileId="41" StartOffset="3760"/>
</LocList>
</CondStmnt>
</StmntSeq>
</HierarchyLvl>
<HierarchyLvl HierarchyLvlId="23941" HierarchyLvlTypeId="45" Intrnl_Id="3320" Name="getAuthenticationToken">
<Header>
<Loc EndOffset="4095" SrcFileId="41" StartOffset="4057"/>
</Header>
<LocList>
<Loc EndOffset="4132" SrcFileId="41" StartOffset="4057"/>
</LocList>
<StmntSeq Intrnl_Id="3321">
<LocList>
<Loc EndOffset="4128" SrcFileId="41" StartOffset="4101"/>
</LocList>
<BasicStmnt CovItemId="S43" CovItemPrefix="dataModels.Account.java" Intrnl_Id="3322">
<LocList>
<Loc EndOffset="4128" SrcFileId="41" StartOffset="4101"/>
</LocList>
</BasicStmnt>
</StmntSeq>
</HierarchyLvl>
<HierarchyLvl HierarchyLvlId="23942" HierarchyLvlTypeId="45" Intrnl_Id="3323" Name="setAuthenticationToken">
<Header>
<Loc EndOffset="4293" SrcFileId="41" StartOffset="4231"/>
</Header>
<LocList>
<Loc EndOffset="4350" SrcFileId="41" StartOffset="4231"/>
</LocList>
<StmntSeq Intrnl_Id="3324">
<LocList>
<Loc EndOffset="4346" SrcFileId="41" StartOffset="4299"/>
</LocList>
<BasicStmnt CovItemId="S44" CovItemPrefix="dataModels.Account.java" Intrnl_Id="3325">
<LocList>
<Loc EndOffset="4346" SrcFileId="41" StartOffset="4299"/>
</LocList>
</BasicStmnt>
</StmntSeq>
</HierarchyLvl>
<HierarchyLvl HierarchyLvlId="23943" HierarchyLvlTypeId="45" Intrnl_Id="3326" Name="exactCompare">
<Header>
<Loc EndOffset="4623" SrcFileId="41" StartOffset="4581"/>
</Header>
<LocList>
<Loc EndOffset="5220" SrcFileId="41" StartOffset="4581"/>
</LocList>
<StmntSeq Intrnl_Id="3327">
<LocList>
<Loc EndOffset="4663" SrcFileId="41" StartOffset="4631"/>
<Loc EndOffset="5197" SrcFileId="41" StartOffset="4669"/>
<Loc EndOffset="5216" SrcFileId="41" StartOffset="5203"/>
</LocList>
<CondStmnt CovItemId="S45" CovItemPrefix="dataModels.Account.java" Intrnl_Id="3328">
<Branch CovItemId="B11" CovItemPrefix="dataModels.Account.java" Implct="false" Intrnl_Id="3329">
<Cond/>
<LocList>
<Loc EndOffset="4663" SrcFileId="41" StartOffset="4650"/>
</LocList>
<StmntSeq Intrnl_Id="3330">
<LocList>
<Loc EndOffset="4663" SrcFileId="41" StartOffset="4650"/>
</LocList>
<BasicStmnt CovItemId="S46" CovItemPrefix="dataModels.Account.java" Intrnl_Id="3331">
<LocList>
<Loc EndOffset="4663" SrcFileId="41" StartOffset="4650"/>
</LocList>
</BasicStmnt>
</StmntSeq>
</Branch>
<Branch CovItemId="B12" CovItemPrefix="dataModels.Account.java" Implct="true" Intrnl_Id="3332">
<Cond/>
<LocList/>
<StmntSeq Intrnl_Id="3333">
<LocList/>
</StmntSeq>
</Branch>
<Keyword EndOffset="4633" SrcFileId="41" StartOffset="4631"/>
<LocList>
<Loc EndOffset="4663" SrcFileId="41" StartOffset="4631"/>
</LocList>
</CondStmnt>
<CondStmnt CovItemId="S47" CovItemPrefix="dataModels.Account.java" Intrnl_Id="3334">
<Branch CovItemId="B13" CovItemPrefix="dataModels.Account.java" Implct="false" Intrnl_Id="3335">
<Cond/>
<LocList>
<Loc EndOffset="5197" SrcFileId="41" StartOffset="4700"/>
</LocList>
<StmntSeq Intrnl_Id="3336">
<LocList>
<Loc EndOffset="4746" SrcFileId="41" StartOffset="4706"/>
<Loc EndOffset="4803" SrcFileId="41" StartOffset="4753"/>
<Loc EndOffset="4868" SrcFileId="41" StartOffset="4810"/>
<Loc EndOffset="4937" SrcFileId="41" StartOffset="4875"/>
<Loc EndOffset="5007" SrcFileId="41" StartOffset="4944"/>
<Loc EndOffset="5093" SrcFileId="41" StartOffset="5014"/>
<Loc EndOffset="5173" SrcFileId="41" StartOffset="5100"/>
<Loc EndOffset="5192" SrcFileId="41" StartOffset="5180"/>
</LocList>
<BasicStmnt CovItemId="S48" CovItemPrefix="dataModels.Account.java" Intrnl_Id="3337">
<LocList>
<Loc EndOffset="4746" SrcFileId="41" StartOffset="4706"/>
</LocList>
</BasicStmnt>
<BasicStmnt CovItemId="S49" CovItemPrefix="dataModels.Account.java" Intrnl_Id="3338">
<LocList>
<Loc EndOffset="4803" SrcFileId="41" StartOffset="4753"/>
</LocList>
</BasicStmnt>
<BasicStmnt CovItemId="S50" CovItemPrefix="dataModels.Account.java" Intrnl_Id="3339">
<LocList>
<Loc EndOffset="4868" SrcFileId="41" StartOffset="4810"/>
</LocList>
</BasicStmnt>
<BasicStmnt CovItemId="S51" CovItemPrefix="dataModels.Account.java" Intrnl_Id="3340">
<LocList>
<Loc EndOffset="4937" SrcFileId="41" StartOffset="4875"/>
</LocList>
</BasicStmnt>
<CondStmnt CovItemId="S52" CovItemPrefix="dataModels.Account.java" Intrnl_Id="3341">
<Branch CovItemId="B15" CovItemPrefix="dataModels.Account.java" Implct="false" Intrnl_Id="3342">
<Cond/>
<LocList>
<Loc EndOffset="5007" SrcFileId="41" StartOffset="4994"/>
</LocList>
<StmntSeq Intrnl_Id="3343">
<LocList>
<Loc EndOffset="5007" SrcFileId="41" StartOffset="4994"/>
</LocList>
<BasicStmnt CovItemId="S53" CovItemPrefix="dataModels.Account.java" Intrnl_Id="3344">
<LocList>
<Loc EndOffset="5007" SrcFileId="41" StartOffset="4994"/>
</LocList>
</BasicStmnt>
</StmntSeq>
</Branch>
<Branch CovItemId="B16" CovItemPrefix="dataModels.Account.java" Implct="true" Intrnl_Id="3345">
<Cond/>
<LocList/>
<StmntSeq Intrnl_Id="3346">
<LocList/>
</StmntSeq>
</Branch>
<Keyword EndOffset="4946" SrcFileId="41" StartOffset="4944"/>
<LocList>
<Loc EndOffset="5007" SrcFileId="41" StartOffset="4944"/>
</LocList>
</CondStmnt>
<CondStmnt CovItemId="S54" CovItemPrefix="dataModels.Account.java" Intrnl_Id="3347">
<Branch CovItemId="B17" CovItemPrefix="dataModels.Account.java" Implct="false" Intrnl_Id="3348">
<Cond/>
<LocList>
<Loc EndOffset="5093" SrcFileId="41" StartOffset="5080"/>
</LocList>
<StmntSeq Intrnl_Id="3349">
<LocList>
<Loc EndOffset="5093" SrcFileId="41" StartOffset="5080"/>
</LocList>
<BasicStmnt CovItemId="S55" CovItemPrefix="dataModels.Account.java" Intrnl_Id="3350">
<LocList>
<Loc EndOffset="5093" SrcFileId="41" StartOffset="5080"/>
</LocList>
</BasicStmnt>
</StmntSeq>
</Branch>
<Branch CovItemId="B18" CovItemPrefix="dataModels.Account.java" Implct="true" Intrnl_Id="3351">
<Cond/>
<LocList/>
<StmntSeq Intrnl_Id="3352">
<LocList/>
</StmntSeq>
</Branch>
<Keyword EndOffset="5016" SrcFileId="41" StartOffset="5014"/>
<LocList>
<Loc EndOffset="5093" SrcFileId="41" StartOffset="5014"/>
</LocList>
</CondStmnt>
<CondStmnt CovItemId="S56" CovItemPrefix="dataModels.Account.java" Intrnl_Id="3353">
<Branch CovItemId="B19" CovItemPrefix="dataModels.Account.java" Implct="false" Intrnl_Id="3354">
<Cond/>
<LocList>
<Loc EndOffset="5173" SrcFileId="41" StartOffset="5160"/>
</LocList>
<StmntSeq Intrnl_Id="3355">
<LocList>
<Loc EndOffset="5173" SrcFileId="41" StartOffset="5160"/>
</LocList>
<BasicStmnt CovItemId="S57" CovItemPrefix="dataModels.Account.java" Intrnl_Id="3356">
<LocList>
<Loc EndOffset="5173" SrcFileId="41" StartOffset="5160"/>
</LocList>
</BasicStmnt>
</StmntSeq>
</Branch>
<Branch CovItemId="B20" CovItemPrefix="dataModels.Account.java" Implct="true" Intrnl_Id="3357">
<Cond/>
<LocList/>
<StmntSeq Intrnl_Id="3358">
<LocList/>
</StmntSeq>
</Branch>
<Keyword EndOffset="5102" SrcFileId="41" StartOffset="5100"/>
<LocList>
<Loc EndOffset="5173" SrcFileId="41" StartOffset="5100"/>
</LocList>
</CondStmnt>
<BasicStmnt CovItemId="S58" CovItemPrefix="dataModels.Account.java" Intrnl_Id="3359">
<LocList>
<Loc EndOffset="5192" SrcFileId="41" StartOffset="5180"/>
</LocList>
</BasicStmnt>
</StmntSeq>
</Branch>
<Branch CovItemId="B14" CovItemPrefix="dataModels.Account.java" Implct="true" Intrnl_Id="3360">
<Cond/>
<LocList/>
<StmntSeq Intrnl_Id="3361">
<LocList/>
</StmntSeq>
</Branch>
<Keyword EndOffset="4671" SrcFileId="41" StartOffset="4669"/>
<LocList>
<Loc EndOffset="5197" SrcFileId="41" StartOffset="4669"/>
</LocList>
</CondStmnt>
<BasicStmnt CovItemId="S59" CovItemPrefix="dataModels.Account.java" Intrnl_Id="3362">
<LocList>
<Loc EndOffset="5216" SrcFileId="41" StartOffset="5203"/>
</LocList>
</BasicStmnt>
</StmntSeq>
</HierarchyLvl>
<HierarchyLvl HierarchyLvlId="23944" HierarchyLvlTypeId="45" Intrnl_Id="3363" Name="compareLogin">
<Header>
<Loc EndOffset="5483" SrcFileId="41" StartOffset="5434"/>
</Header>
<LocList>
<Loc EndOffset="5821" SrcFileId="41" StartOffset="5434"/>
</LocList>
<StmntSeq Intrnl_Id="3364">
<LocList>
<Loc EndOffset="5529" SrcFileId="41" StartOffset="5491"/>
<Loc EndOffset="5585" SrcFileId="41" StartOffset="5535"/>
<Loc EndOffset="5647" SrcFileId="41" StartOffset="5589"/>
<Loc EndOffset="5715" SrcFileId="41" StartOffset="5653"/>
<Loc EndOffset="5799" SrcFileId="41" StartOffset="5721"/>
<Loc EndOffset="5817" SrcFileId="41" StartOffset="5805"/>
</LocList>
<CondStmnt CovItemId="S60" CovItemPrefix="dataModels.Account.java" Intrnl_Id="3365">
<Branch CovItemId="B21" CovItemPrefix="dataModels.Account.java" Implct="false" Intrnl_Id="3366">
<Cond/>
<LocList>
<Loc EndOffset="5529" SrcFileId="41" StartOffset="5516"/>
</LocList>
<StmntSeq Intrnl_Id="3367">
<LocList>
<Loc EndOffset="5529" SrcFileId="41" StartOffset="5516"/>
</LocList>
<BasicStmnt CovItemId="S61" CovItemPrefix="dataModels.Account.java" Intrnl_Id="3368">
<LocList>
<Loc EndOffset="5529" SrcFileId="41" StartOffset="5516"/>
</LocList>
</BasicStmnt>
</StmntSeq>
</Branch>
<Branch CovItemId="B22" CovItemPrefix="dataModels.Account.java" Implct="true" Intrnl_Id="3369">
<Cond/>
<LocList/>
<StmntSeq Intrnl_Id="3370">
<LocList/>
</StmntSeq>
</Branch>
<Keyword EndOffset="5493" SrcFileId="41" StartOffset="5491"/>
<LocList>
<Loc EndOffset="5529" SrcFileId="41" StartOffset="5491"/>
</LocList>
</CondStmnt>
<BasicStmnt CovItemId="S62" CovItemPrefix="dataModels.Account.java" Intrnl_Id="3371">
<LocList>
<Loc EndOffset="5585" SrcFileId="41" StartOffset="5535"/>
</LocList>
</BasicStmnt>
<BasicStmnt CovItemId="S63" CovItemPrefix="dataModels.Account.java" Intrnl_Id="3372">
<LocList>
<Loc EndOffset="5647" SrcFileId="41" StartOffset="5589"/>
</LocList>
</BasicStmnt>
<CondStmnt CovItemId="S64" CovItemPrefix="dataModels.Account.java" Intrnl_Id="3373">
<Branch CovItemId="B23" CovItemPrefix="dataModels.Account.java" Implct="false" Intrnl_Id="3374">
<Cond/>
<LocList>
<Loc EndOffset="5715" SrcFileId="41" StartOffset="5702"/>
</LocList>
<StmntSeq Intrnl_Id="3375">
<LocList>
<Loc EndOffset="5715" SrcFileId="41" StartOffset="5702"/>
</LocList>
<BasicStmnt CovItemId="S65" CovItemPrefix="dataModels.Account.java" Intrnl_Id="3376">
<LocList>
<Loc EndOffset="5715" SrcFileId="41" StartOffset="5702"/>
</LocList>
</BasicStmnt>
</StmntSeq>
</Branch>
<Branch CovItemId="B24" CovItemPrefix="dataModels.Account.java" Implct="true" Intrnl_Id="3377">
<Cond/>
<LocList/>
<StmntSeq Intrnl_Id="3378">
<LocList/>
</StmntSeq>
</Branch>
<Keyword EndOffset="5655" SrcFileId="41" StartOffset="5653"/>
<LocList>
<Loc EndOffset="5715" SrcFileId="41" StartOffset="5653"/>
</LocList>
</CondStmnt>
<CondStmnt CovItemId="S66" CovItemPrefix="dataModels.Account.java" Intrnl_Id="3379">
<Branch CovItemId="B25" CovItemPrefix="dataModels.Account.java" Implct="false" Intrnl_Id="3380">
<Cond/>
<LocList>
<Loc EndOffset="5799" SrcFileId="41" StartOffset="5786"/>
</LocList>
<StmntSeq Intrnl_Id="3381">
<LocList>
<Loc EndOffset="5799" SrcFileId="41" StartOffset="5786"/>
</LocList>
<BasicStmnt CovItemId="S67" CovItemPrefix="dataModels.Account.java" Intrnl_Id="3382">
<LocList>
<Loc EndOffset="5799" SrcFileId="41" StartOffset="5786"/>
</LocList>
</BasicStmnt>
</StmntSeq>
</Branch>
<Branch CovItemId="B26" CovItemPrefix="dataModels.Account.java" Implct="true" Intrnl_Id="3383">
<Cond/>
<LocList/>
<StmntSeq Intrnl_Id="3384">
<LocList/>
</StmntSeq>
</Branch>
<Keyword EndOffset="5723" SrcFileId="41" StartOffset="5721"/>
<LocList>
<Loc EndOffset="5799" SrcFileId="41" StartOffset="5721"/>
</LocList>
</CondStmnt>
<BasicStmnt CovItemId="S68" CovItemPrefix="dataModels.Account.java" Intrnl_Id="3385">
<LocList>
<Loc EndOffset="5817" SrcFileId="41" StartOffset="5805"/>
</LocList>
</BasicStmnt>
</StmntSeq>
</HierarchyLvl>
<HierarchyLvl HierarchyLvlId="23945" HierarchyLvlTypeId="45" Intrnl_Id="3386" Name="compareAuthenticated">
<Header>
<Loc EndOffset="6091" SrcFileId="41" StartOffset="6034"/>
</Header>
<LocList>
<Loc EndOffset="6431" SrcFileId="41" StartOffset="6034"/>
</LocList>
<StmntSeq Intrnl_Id="3387">
<LocList>
<Loc EndOffset="6139" SrcFileId="41" StartOffset="6101"/>
<Loc EndOffset="6197" SrcFileId="41" StartOffset="6147"/>
<Loc EndOffset="6263" SrcFileId="41" StartOffset="6201"/>
<Loc EndOffset="6331" SrcFileId="41" StartOffset="6269"/>
<Loc EndOffset="6409" SrcFileId="41" StartOffset="6337"/>
<Loc EndOffset="6427" SrcFileId="41" StartOffset="6415"/>
</LocList>
<CondStmnt CovItemId="S69" CovItemPrefix="dataModels.Account.java" Intrnl_Id="3388">
<Branch CovItemId="B27" CovItemPrefix="dataModels.Account.java" Implct="false" Intrnl_Id="3389">
<Cond/>
<LocList>
<Loc EndOffset="6139" SrcFileId="41" StartOffset="6126"/>
</LocList>
<StmntSeq Intrnl_Id="3390">
<LocList>
<Loc EndOffset="6139" SrcFileId="41" StartOffset="6126"/>
</LocList>
<BasicStmnt CovItemId="S70" CovItemPrefix="dataModels.Account.java" Intrnl_Id="3391">
<LocList>
<Loc EndOffset="6139" SrcFileId="41" StartOffset="6126"/>
</LocList>
</BasicStmnt>
</StmntSeq>
</Branch>
<Branch CovItemId="B28" CovItemPrefix="dataModels.Account.java" Implct="true" Intrnl_Id="3392">
<Cond/>
<LocList/>
<StmntSeq Intrnl_Id="3393">
<LocList/>
</StmntSeq>
</Branch>
<Keyword EndOffset="6103" SrcFileId="41" StartOffset="6101"/>
<LocList>
<Loc EndOffset="6139" SrcFileId="41" StartOffset="6101"/>
</LocList>
</CondStmnt>
<BasicStmnt CovItemId="S71" CovItemPrefix="dataModels.Account.java" Intrnl_Id="3394">
<LocList>
<Loc EndOffset="6197" SrcFileId="41" StartOffset="6147"/>
</LocList>
</BasicStmnt>
<BasicStmnt CovItemId="S72" CovItemPrefix="dataModels.Account.java" Intrnl_Id="3395">
<LocList>
<Loc EndOffset="6263" SrcFileId="41" StartOffset="6201"/>
</LocList>
</BasicStmnt>
<CondStmnt CovItemId="S73" CovItemPrefix="dataModels.Account.java" Intrnl_Id="3396">
<Branch CovItemId="B29" CovItemPrefix="dataModels.Account.java" Implct="false" Intrnl_Id="3397">
<Cond/>
<LocList>
<Loc EndOffset="6331" SrcFileId="41" StartOffset="6318"/>
</LocList>
<StmntSeq Intrnl_Id="3398">
<LocList>
<Loc EndOffset="6331" SrcFileId="41" StartOffset="6318"/>
</LocList>
<BasicStmnt CovItemId="S74" CovItemPrefix="dataModels.Account.java" Intrnl_Id="3399">
<LocList>
<Loc EndOffset="6331" SrcFileId="41" StartOffset="6318"/>
</LocList>
</BasicStmnt>
</StmntSeq>
</Branch>
<Branch CovItemId="B30" CovItemPrefix="dataModels.Account.java" Implct="true" Intrnl_Id="3400">
<Cond/>
<LocList/>
<StmntSeq Intrnl_Id="3401">
<LocList/>
</StmntSeq>
</Branch>
<Keyword EndOffset="6271" SrcFileId="41" StartOffset="6269"/>
<LocList>
<Loc EndOffset="6331" SrcFileId="41" StartOffset="6269"/>
</LocList>
</CondStmnt>
<CondStmnt CovItemId="S75" CovItemPrefix="dataModels.Account.java" Intrnl_Id="3402">
<Branch CovItemId="B31" CovItemPrefix="dataModels.Account.java" Implct="false" Intrnl_Id="3403">
<Cond/>
<LocList>
<Loc EndOffset="6409" SrcFileId="41" StartOffset="6396"/>
</LocList>
<StmntSeq Intrnl_Id="3404">
<LocList>
<Loc EndOffset="6409" SrcFileId="41" StartOffset="6396"/>
</LocList>
<BasicStmnt CovItemId="S76" CovItemPrefix="dataModels.Account.java" Intrnl_Id="3405">
<LocList>
<Loc EndOffset="6409" SrcFileId="41" StartOffset="6396"/>
</LocList>
</BasicStmnt>
</StmntSeq>
</Branch>
<Branch CovItemId="B32" CovItemPrefix="dataModels.Account.java" Implct="true" Intrnl_Id="3406">
<Cond/>
<LocList/>
<StmntSeq Intrnl_Id="3407">
<LocList/>
</StmntSeq>
</Branch>
<Keyword EndOffset="6339" SrcFileId="41" StartOffset="6337"/>
<LocList>
<Loc EndOffset="6409" SrcFileId="41" StartOffset="6337"/>
</LocList>
</CondStmnt>
<BasicStmnt CovItemId="S77" CovItemPrefix="dataModels.Account.java" Intrnl_Id="3408">
<LocList>
<Loc EndOffset="6427" SrcFileId="41" StartOffset="6415"/>
</LocList>
</BasicStmnt>
</StmntSeq>
</HierarchyLvl>
<HierarchyLvl HierarchyLvlId="23946" HierarchyLvlTypeId="45" Intrnl_Id="3409" Name="isEqualString">
<Header>
<Loc EndOffset="6603" SrcFileId="41" StartOffset="6545"/>
</Header>
<LocList>
<Loc EndOffset="6740" SrcFileId="41" StartOffset="6545"/>
</LocList>
<StmntSeq Intrnl_Id="3410">
<LocList>
<Loc EndOffset="6718" SrcFileId="41" StartOffset="6611"/>
<Loc EndOffset="6736" SrcFileId="41" StartOffset="6724"/>
</LocList>
<CondStmnt CovItemId="S78" CovItemPrefix="dataModels.Account.java" Intrnl_Id="3411">
<Branch CovItemId="B33" CovItemPrefix="dataModels.Account.java" Implct="false" Intrnl_Id="3412">
<Cond/>
<LocList>
<Loc EndOffset="6665" SrcFileId="41" StartOffset="6652"/>
</LocList>
<StmntSeq Intrnl_Id="3413">
<LocList>
<Loc EndOffset="6665" SrcFileId="41" StartOffset="6652"/>
</LocList>
<BasicStmnt CovItemId="S79" CovItemPrefix="dataModels.Account.java" Intrnl_Id="3414">
<LocList>
<Loc EndOffset="6665" SrcFileId="41" StartOffset="6652"/>
</LocList>
</BasicStmnt>
</StmntSeq>
</Branch>
<Branch CovItemId="B34" CovItemPrefix="dataModels.Account.java" Implct="false" Intrnl_Id="3415">
<Cond>
<Loc EndOffset="6673" SrcFileId="41" StartOffset="6669"/>
</Cond>
<LocList>
<Loc EndOffset="6718" SrcFileId="41" StartOffset="6674"/>
</LocList>
<StmntSeq Intrnl_Id="3416">
<LocList>
<Loc EndOffset="6718" SrcFileId="41" StartOffset="6674"/>
</LocList>
<CondStmnt CovItemId="S80" CovItemPrefix="dataModels.Account.java" Intrnl_Id="3417">
<Branch CovItemId="B35" CovItemPrefix="dataModels.Account.java" Implct="false" Intrnl_Id="3418">
<Cond/>
<LocList>
<Loc EndOffset="6718" SrcFileId="41" StartOffset="6705"/>
</LocList>
<StmntSeq Intrnl_Id="3419">
<LocList>
<Loc EndOffset="6718" SrcFileId="41" StartOffset="6705"/>
</LocList>
<BasicStmnt CovItemId="S81" CovItemPrefix="dataModels.Account.java" Intrnl_Id="3420">
<LocList>
<Loc EndOffset="6718" SrcFileId="41" StartOffset="6705"/>
</LocList>
</BasicStmnt>
</StmntSeq>
</Branch>
<Branch CovItemId="B36" CovItemPrefix="dataModels.Account.java" Implct="true" Intrnl_Id="3421">
<Cond/>
<LocList/>
<StmntSeq Intrnl_Id="3422">
<LocList/>
</StmntSeq>
</Branch>
<Keyword EndOffset="6676" SrcFileId="41" StartOffset="6674"/>
<LocList>
<Loc EndOffset="6718" SrcFileId="41" StartOffset="6674"/>
</LocList>
</CondStmnt>
</StmntSeq>
</Branch>
<Keyword EndOffset="6613" SrcFileId="41" StartOffset="6611"/>
<LocList>
<Loc EndOffset="6718" SrcFileId="41" StartOffset="6611"/>
</LocList>
</CondStmnt>
<BasicStmnt CovItemId="S82" CovItemPrefix="dataModels.Account.java" Intrnl_Id="3423">
<LocList>
<Loc EndOffset="6736" SrcFileId="41" StartOffset="6724"/>
</LocList>
</BasicStmnt>
</StmntSeq>
</HierarchyLvl>
<HierarchyLvl HierarchyLvlId="23947" HierarchyLvlTypeId="45" Intrnl_Id="3424" Name="isEqualUsername">
<Header>
<Loc EndOffset="6920" SrcFileId="41" StartOffset="6860"/>
</Header>
<LocList>
<Loc EndOffset="7057" SrcFileId="41" StartOffset="6860"/>
</LocList>
<StmntSeq Intrnl_Id="3425">
<LocList>
<Loc EndOffset="7035" SrcFileId="41" StartOffset="6928"/>
<Loc EndOffset="7053" SrcFileId="41" StartOffset="7041"/>
</LocList>
<CondStmnt CovItemId="S83" CovItemPrefix="dataModels.Account.java" Intrnl_Id="3426">
<Branch CovItemId="B37" CovItemPrefix="dataModels.Account.java" Implct="false" Intrnl_Id="3427">
<Cond/>
<LocList>
<Loc EndOffset="6982" SrcFileId="41" StartOffset="6969"/>
</LocList>
<StmntSeq Intrnl_Id="3428">
<LocList>
<Loc EndOffset="6982" SrcFileId="41" StartOffset="6969"/>
</LocList>
<BasicStmnt CovItemId="S84" CovItemPrefix="dataModels.Account.java" Intrnl_Id="3429">
<LocList>
<Loc EndOffset="6982" SrcFileId="41" StartOffset="6969"/>
</LocList>
</BasicStmnt>
</StmntSeq>
</Branch>
<Branch CovItemId="B38" CovItemPrefix="dataModels.Account.java" Implct="false" Intrnl_Id="3430">
<Cond>
<Loc EndOffset="6990" SrcFileId="41" StartOffset="6986"/>
</Cond>
<LocList>
<Loc EndOffset="7035" SrcFileId="41" StartOffset="6991"/>
</LocList>
<StmntSeq Intrnl_Id="3431">
<LocList>
<Loc EndOffset="7035" SrcFileId="41" StartOffset="6991"/>
</LocList>
<CondStmnt CovItemId="S85" CovItemPrefix="dataModels.Account.java" Intrnl_Id="3432">
<Branch CovItemId="B39" CovItemPrefix="dataModels.Account.java" Implct="false" Intrnl_Id="3433">
<Cond/>
<LocList>
<Loc EndOffset="7035" SrcFileId="41" StartOffset="7022"/>
</LocList>
<StmntSeq Intrnl_Id="3434">
<LocList>
<Loc EndOffset="7035" SrcFileId="41" StartOffset="7022"/>
</LocList>
<BasicStmnt CovItemId="S86" CovItemPrefix="dataModels.Account.java" Intrnl_Id="3435">
<LocList>
<Loc EndOffset="7035" SrcFileId="41" StartOffset="7022"/>
</LocList>
</BasicStmnt>
</StmntSeq>
</Branch>
<Branch CovItemId="B40" CovItemPrefix="dataModels.Account.java" Implct="true" Intrnl_Id="3436">
<Cond/>
<LocList/>
<StmntSeq Intrnl_Id="3437">
<LocList/>
</StmntSeq>
</Branch>
<Keyword EndOffset="6993" SrcFileId="41" StartOffset="6991"/>
<LocList>
<Loc EndOffset="7035" SrcFileId="41" StartOffset="6991"/>
</LocList>
</CondStmnt>
</StmntSeq>
</Branch>
<Keyword EndOffset="6930" SrcFileId="41" StartOffset="6928"/>
<LocList>
<Loc EndOffset="7035" SrcFileId="41" StartOffset="6928"/>
</LocList>
</CondStmnt>
<BasicStmnt CovItemId="S87" CovItemPrefix="dataModels.Account.java" Intrnl_Id="3438">
<LocList>
<Loc EndOffset="7053" SrcFileId="41" StartOffset="7041"/>
</LocList>
</BasicStmnt>
</StmntSeq>
</HierarchyLvl>
</HierarchyLvl>
</HierarchyLvl>
</HierarchyLvl>
</MASTRoot>
</TestSessionContainer>
