<?xml version="1.0" encoding="UTF-8"?><TestSessionContainer xmlns="http://www.codecover.org/xml/testsession-container" Date="1364092091417" TestSessionContainerId="a21ed892-4688-424a-b2e4-5eb7dc2fcbe6" version="1.0">
<SrcFileList>
<SrcFile Content="package suite;&#13;&#10;&#13;&#10;import org.junit.runner.RunWith;&#13;&#10;import org.junit.runners.Suite;&#13;&#10;import org.junit.runners.Suite.SuiteClasses;&#13;&#10;&#13;&#10;import dataModels.AccountTest;&#13;&#10;&#13;&#10;@RunWith(Suite.class)&#13;&#10;@SuiteClasses({AccountTest.class})&#13;&#10;public class AllTests {&#13;&#10;&#13;&#10;}&#13;&#10;" Filename="AllTests.java" Intrnl_Id="1"/>
<SrcFile Content="package dataModels;&#13;&#10;&#13;&#10;import static org.junit.Assert.*;&#13;&#10;&#13;&#10;import java.util.ArrayList;&#13;&#10;&#13;&#10;import org.junit.Test;&#13;&#10;&#13;&#10;public class GameTest {&#13;&#10;&#13;&#10;&#9;@Test&#13;&#10;&#9;public void emptyGameConstructor() {&#13;&#10;&#9;&#9;@SuppressWarnings(&quot;unused&quot;)&#13;&#10;&#9;&#9;Game game = new Game();&#13;&#10;&#9;&#9;assertTrue(true);&#13;&#10;&#9;}&#13;&#10;&#9;&#13;&#10;&#9;@Test&#13;&#10;&#9;public void gameConstructor() {&#13;&#10;&#9;&#9;&#13;&#10;&#9;&#9;GameAction action = new GameAction();&#13;&#10;&#9;&#9;ArrayList&lt;GameAction&gt; gameActions = new ArrayList&lt;GameAction&gt;();&#13;&#10;&#9;&#9;gameActions.add(action);&#13;&#10;&#9;&#9;&#13;&#10;&#9;&#9;String id = &quot;GAME_ID&quot;;&#13;&#10;&#9;&#9;&#13;&#10;&#9;&#9;Game game = new Game(gameActions, id);&#13;&#10;&#13;&#10;&#9;&#9;assertTrue(game.getGameID().equals(id));&#13;&#10;&#9;&#9;assertTrue(game.getGameActions().equals(gameActions));&#13;&#10;&#13;&#10;&#9;}&#13;&#10;&#9;&#13;&#10;&#9;@Test&#13;&#10;&#9;public void testGetGameID() {&#13;&#10;&#9;&#9;&#13;&#10;&#9;&#9;GameAction action = new GameAction();&#13;&#10;&#9;&#9;ArrayList&lt;GameAction&gt; gameActions = new ArrayList&lt;GameAction&gt;();&#13;&#10;&#9;&#9;gameActions.add(action);&#13;&#10;&#9;&#9;&#13;&#10;&#9;&#9;String id = &quot;GAME_ID&quot;;&#13;&#10;&#9;&#9;&#13;&#10;&#9;&#9;Game game = new Game(gameActions, id);&#13;&#10;&#9;&#9;assertTrue(game.getGameActions().equals(gameActions));&#13;&#10;&#13;&#10;&#9;}&#13;&#10;&#9;&#13;&#10;&#9;@Test&#13;&#10;&#9;public void testSetGameID() {&#13;&#10;&#9;&#9;&#13;&#10;&#9;&#9;GameAction action = new GameAction();&#13;&#10;&#9;&#9;ArrayList&lt;GameAction&gt; gameActions = new ArrayList&lt;GameAction&gt;();&#13;&#10;&#9;&#9;gameActions.add(action);&#13;&#10;&#9;&#9;&#13;&#10;&#9;&#9;String id2 = &quot;GAME_ID2&quot;;&#13;&#10;&#9;&#9;String id = &quot;GAME_ID&quot;;&#13;&#10;&#9;&#9;&#13;&#10;&#9;&#9;Game game = new Game(gameActions, id);&#13;&#10;&#9;&#9;game.setGameID(id2);&#13;&#10;&#9;&#9;&#13;&#10;&#9;&#9;assertTrue(game.getGameID().equals(id2));&#13;&#10;&#13;&#10;&#9;}&#13;&#10;&#9;&#13;&#10;&#9;@Test&#13;&#10;&#9;public void testGetGameActions() {&#13;&#10;&#9;&#9;&#13;&#10;&#9;&#9;GameAction action = new GameAction();&#13;&#10;&#9;&#9;ArrayList&lt;GameAction&gt; gameActions = new ArrayList&lt;GameAction&gt;();&#13;&#10;&#9;&#9;gameActions.add(action);&#13;&#10;&#9;&#9;&#13;&#10;&#9;&#9;String id = &quot;GAME_ID&quot;;&#13;&#10;&#9;&#9;&#13;&#10;&#9;&#9;Game game = new Game(gameActions, id);&#13;&#10;&#13;&#10;&#9;&#9;ArrayList&lt;GameAction&gt; gameActions2 = game.getGameActions();&#13;&#10;&#9;&#9;&#13;&#10;&#9;&#9;assertTrue(gameActions2.equals(gameActions));&#13;&#10;&#13;&#10;&#9;}&#13;&#10;&#9;&#13;&#10;&#9;@Test&#13;&#10;&#9;public void testSetGameActions() {&#13;&#10;&#9;&#9;&#13;&#10;&#9;&#9;GameAction action = new GameAction();&#13;&#10;&#9;&#9;ArrayList&lt;GameAction&gt; gameActions = new ArrayList&lt;GameAction&gt;();&#13;&#10;&#9;&#9;gameActions.add(action);&#13;&#10;&#9;&#9;&#13;&#10;&#9;&#9;String id = &quot;GAME_ID&quot;;&#13;&#10;&#9;&#9;&#13;&#10;&#9;&#9;Game game = new Game(gameActions, id);&#13;&#10;&#13;&#10;&#9;&#9;ArrayList&lt;GameAction&gt; gameActions2 = new ArrayList&lt;GameAction&gt;();&#13;&#10;&#9;&#9;gameActions2.add(action);&#13;&#10;&#9;&#9;gameActions2.add(action);&#13;&#10;&#9;&#9;gameActions2.add(action);&#13;&#10;&#9;&#9;&#13;&#10;&#9;&#9;game.setGameActions(gameActions2);&#13;&#10;&#9;&#9;&#13;&#10;&#9;&#9;ArrayList&lt;GameAction&gt; gameActions3 = game.getGameActions();&#13;&#10;&#9;&#9;&#13;&#10;&#9;&#9;assertTrue(gameActions3.equals(gameActions2));&#13;&#10;&#13;&#10;&#9;}&#13;&#10;&#13;&#10;&#13;&#10;}&#13;&#10;" Filename="GameTest.java" Intrnl_Id="2"/>
<SrcFile Content="package dataModels;&#13;&#10;&#13;&#10;import static org.junit.Assert.*;&#13;&#10;&#13;&#10;import java.util.ArrayList;&#13;&#10;&#13;&#10;import org.junit.Test;&#13;&#10;&#13;&#10;import dataModels.Card.Number;&#13;&#10;import dataModels.Card.Suit;&#13;&#10;import dataModels.GameAction.PokerAction;&#13;&#10;&#13;&#10;public class GameActionTest {&#13;&#10;&#13;&#10;&#9;@Test&#13;&#10;&#9;public void emptyConstructor() {&#13;&#10;&#9;&#9;@SuppressWarnings(&quot;unused&quot;)&#13;&#10;&#9;&#9;GameAction gameAction = new GameAction();&#13;&#10;&#9;&#9;assertTrue(true);&#13;&#10;&#9;}&#13;&#10;&#13;&#10;&#9;@Test&#13;&#10;&#9;public void testConstructor() {&#13;&#10;&#9;&#9;PokerAction action = PokerAction.BET;&#13;&#10;&#9;&#9;int pot = 5;&#13;&#10;&#9;&#9;int bet = 3;&#13;&#10;&#9;&#9;ArrayList&lt;Card&gt; hand = new ArrayList&lt;Card&gt;();&#13;&#10;&#9;&#9;hand.add(new Card(Suit.CLUBS, Number.ACE));&#13;&#10;&#9;&#9;hand.add(new Card(Suit.CLUBS, Number.KING));&#13;&#10;&#9;&#9;&#13;&#10;&#9;&#9;ArrayList&lt;Card&gt; comm = new ArrayList&lt;Card&gt;();&#13;&#10;&#9;&#9;hand.add(new Card(Suit.CLUBS, Number.ACE));&#13;&#10;&#9;&#9;hand.add(new Card(Suit.CLUBS, Number.KING));&#13;&#10;&#9;&#9;hand.add(new Card(Suit.CLUBS, Number.QUEEN));&#13;&#10;&#9;&#9;&#13;&#10;&#9;&#9;GameAction gameAction = new GameAction(action, pot, bet, hand, comm);&#13;&#10;&#9;&#9;&#13;&#10;&#9;&#9;assertTrue(gameAction.getAction() == action);&#13;&#10;&#9;&#9;assertTrue(gameAction.getBet() == bet);&#13;&#10;&#9;&#9;assertTrue(gameAction.getHand().equals(hand));&#13;&#10;&#9;&#9;assertTrue(gameAction.getCommunityCards().equals(comm));&#13;&#10;&#9;}&#13;&#10;&#9;&#13;&#10;}&#13;&#10;" Filename="GameActionTest.java" Intrnl_Id="3"/>
<SrcFile Content="package dataModels;&#13;&#10;&#13;&#10;import static org.junit.Assert.assertTrue;&#13;&#10;&#13;&#10;import org.junit.Test;&#13;&#10;&#13;&#10;import com.google.gson.Gson;&#13;&#10;import com.google.gson.GsonBuilder;&#13;&#10;import com.google.gson.JsonObject;&#13;&#10;import com.google.gson.JsonPrimitive;&#13;&#10;&#13;&#10;import dataModels.Filter.RankType;&#13;&#10;import dataModels.Filter.TimeFrame;&#13;&#10;&#13;&#10;public class FilterTest {&#13;&#10;&#13;&#10;&#9;@Test&#13;&#10;&#9;public void testFilterConstructor() &#13;&#10;&#9;{&#13;&#10;&#9;&#9;Filter filter = new Filter();&#13;&#10;&#9;&#9;&#13;&#10;&#9;&#9;assertTrue(filter.getTimeFrame() == TimeFrame.ALL);&#13;&#10;&#9;&#9;assertTrue(filter.getSkip() == 0);&#13;&#10;&#9;&#9;assertTrue(filter.getMax() == Integer.MAX_VALUE);&#13;&#10;&#9;&#9;assertTrue(filter.getRankType() == RankType.NET_MONEY);&#13;&#10;&#9;&#9;&#13;&#10;&#9;}&#13;&#10;&#9;&#13;&#10;&#9;@Test&#13;&#10;&#9;public void testFilterTimeFrameConstructor() &#13;&#10;&#9;{&#13;&#10;&#9;&#9;TimeFrame timeFrame = TimeFrame.MONTH;&#13;&#10;&#9;&#9;Filter filter = new Filter(timeFrame.getValue());&#13;&#10;&#9;&#9;&#13;&#10;&#9;&#9;assertTrue(filter.getTimeFrame() == TimeFrame.MONTH);&#13;&#10;&#9;&#9;assertTrue(filter.getSkip() == 0);&#13;&#10;&#9;&#9;assertTrue(filter.getMax() == Integer.MAX_VALUE);&#13;&#10;&#9;&#9;assertTrue(filter.getRankType() == RankType.NET_MONEY);&#13;&#10;&#9;&#9;&#13;&#10;&#9;}&#13;&#10;&#9;&#13;&#10;&#9;@Test&#13;&#10;&#9;public void testFilterTF_SK_MX_Constructor() &#13;&#10;&#9;{&#13;&#10;&#9;&#9;int skip = 1;&#13;&#10;&#9;&#9;int max = 5;&#13;&#10;&#9;&#9;TimeFrame timeFrame = TimeFrame.MONTH;&#13;&#10;&#9;&#9;Filter filter = new Filter(timeFrame.getValue(), skip, max);&#13;&#10;&#9;&#9;&#13;&#10;&#9;&#9;assertTrue(filter.getTimeFrame() == TimeFrame.MONTH);&#13;&#10;&#9;&#9;assertTrue(filter.getSkip() == skip);&#13;&#10;&#9;&#9;assertTrue(filter.getMax() == max);&#13;&#10;&#9;&#9;assertTrue(filter.getRankType() == RankType.NET_MONEY);&#13;&#10;&#9;&#9;&#13;&#10;&#9;}&#13;&#10;&#9;&#13;&#10;&#9;@Test&#13;&#10;&#9;public void testFilterFullConstructor() &#13;&#10;&#9;{&#13;&#10;&#9;&#9;int skip = 1;&#13;&#10;&#9;&#9;int max = 5;&#13;&#10;&#9;&#9;TimeFrame timeFrame = TimeFrame.MONTH;&#13;&#10;&#9;&#9;RankType type = RankType.OPTIMALITY;&#13;&#10;&#9;&#9;&#13;&#10;&#9;&#9;Filter filter = new Filter(timeFrame.getValue(), skip, max, type);&#13;&#10;&#9;&#9;&#13;&#10;&#9;&#9;assertTrue(filter.getTimeFrame() == TimeFrame.MONTH);&#13;&#10;&#9;&#9;assertTrue(filter.getSkip() == skip);&#13;&#10;&#9;&#9;assertTrue(filter.getMax() == max);&#13;&#10;&#9;&#9;assertTrue(filter.getRankType() == type);&#13;&#10;&#9;&#9;&#13;&#10;&#9;}&#13;&#10;&#9;&#13;&#10;&#9;@Test&#13;&#10;&#9;public void testGetTimeFrame() &#13;&#10;&#9;{&#13;&#10;&#9;&#9;int skip = 1;&#13;&#10;&#9;&#9;int max = 5;&#13;&#10;&#9;&#9;TimeFrame timeFrame = TimeFrame.MONTH;&#13;&#10;&#9;&#9;RankType type = RankType.OPTIMALITY;&#13;&#10;&#9;&#9;&#13;&#10;&#9;&#9;Filter filter = new Filter(timeFrame.getValue(), skip, max, type);&#13;&#10;&#9;&#9;assertTrue(filter.getTimeFrame() == TimeFrame.MONTH);&#13;&#10;&#9;}&#13;&#10;&#9;&#13;&#10;&#9;@Test&#13;&#10;&#9;public void testSetTimeFrame() &#13;&#10;&#9;{&#13;&#10;&#9;&#9;int skip = 1;&#13;&#10;&#9;&#9;int max = 5;&#13;&#10;&#9;&#9;TimeFrame timeFrame = TimeFrame.MONTH;&#13;&#10;&#9;&#9;RankType type = RankType.OPTIMALITY;&#13;&#10;&#9;&#9;&#13;&#10;&#9;&#9;Filter filter = new Filter(timeFrame.getValue(), skip, max, type);&#13;&#10;&#9;&#9;filter.setTimeFrame(TimeFrame.ALL);&#13;&#10;&#9;&#9;assertTrue(filter.getTimeFrame() == TimeFrame.ALL);&#13;&#10;&#9;}&#13;&#10;&#9;&#13;&#10;&#9;@Test&#13;&#10;&#9;public void testSetTimeFrameString() &#13;&#10;&#9;{&#13;&#10;&#9;&#9;int skip = 1;&#13;&#10;&#9;&#9;int max = 5;&#13;&#10;&#9;&#9;TimeFrame timeFrame = TimeFrame.MONTH;&#13;&#10;&#9;&#9;RankType type = RankType.OPTIMALITY;&#13;&#10;&#9;&#9;&#13;&#10;&#9;&#9;Filter filter = new Filter(timeFrame.getValue(), skip, max, type);&#13;&#10;&#9;&#9;filter.setTimeFrame(&quot;MONTH&quot;);&#13;&#10;&#9;&#9;assertTrue(filter.getTimeFrame() == TimeFrame.MONTH);&#13;&#10;&#9;}&#13;&#10;&#9;&#13;&#10;&#9;@Test&#13;&#10;&#9;public void testGetRankType() &#13;&#10;&#9;{&#13;&#10;&#9;&#9;int skip = 1;&#13;&#10;&#9;&#9;int max = 5;&#13;&#10;&#9;&#9;TimeFrame timeFrame = TimeFrame.MONTH;&#13;&#10;&#9;&#9;RankType type = RankType.OPTIMALITY;&#13;&#10;&#9;&#9;&#13;&#10;&#9;&#9;Filter filter = new Filter(timeFrame.getValue(), skip, max, type);&#13;&#10;&#9;&#9;assertTrue(filter.getRankType() == RankType.OPTIMALITY);&#13;&#10;&#9;}&#13;&#10;&#9;&#13;&#10;&#9;@Test&#13;&#10;&#9;public void testSetRankType() &#13;&#10;&#9;{&#13;&#10;&#9;&#9;int skip = 1;&#13;&#10;&#9;&#9;int max = 5;&#13;&#10;&#9;&#9;TimeFrame timeFrame = TimeFrame.MONTH;&#13;&#10;&#9;&#9;RankType type = RankType.OPTIMALITY;&#13;&#10;&#9;&#9;&#13;&#10;&#9;&#9;Filter filter = new Filter(timeFrame.getValue(), skip, max, type);&#13;&#10;&#9;&#9;filter.setRankType(RankType.NET_MONEY);&#13;&#10;&#9;&#9;assertTrue(filter.getRankType() == RankType.NET_MONEY);&#13;&#10;&#9;}&#13;&#10;&#9;&#13;&#10;&#9;@Test&#13;&#10;&#9;public void testSetRankTypeString() &#13;&#10;&#9;{&#13;&#10;&#9;&#9;int skip = 1;&#13;&#10;&#9;&#9;int max = 5;&#13;&#10;&#9;&#9;TimeFrame timeFrame = TimeFrame.MONTH;&#13;&#10;&#9;&#9;RankType type = RankType.OPTIMALITY;&#13;&#10;&#9;&#9;&#13;&#10;&#9;&#9;Filter filter = new Filter(timeFrame.getValue(), skip, max, type);&#13;&#10;&#9;&#9;filter.setRankType(RankType.NET_MONEY.getValue());&#13;&#10;&#9;&#9;assertTrue(filter.getRankType() == RankType.NET_MONEY);&#13;&#10;&#9;}&#13;&#10;&#9;&#13;&#10;&#9;@Test&#13;&#10;&#9;public void testGetSkip() &#13;&#10;&#9;{&#13;&#10;&#9;&#9;int skip = 1;&#13;&#10;&#9;&#9;int max = 5;&#13;&#10;&#9;&#9;TimeFrame timeFrame = TimeFrame.MONTH;&#13;&#10;&#9;&#9;RankType type = RankType.OPTIMALITY;&#13;&#10;&#9;&#9;&#13;&#10;&#9;&#9;Filter filter = new Filter(timeFrame.getValue(), skip, max, type);&#13;&#10;&#9;&#9;assertTrue(filter.getSkip() == skip);&#13;&#10;&#9;}&#13;&#10;&#13;&#10;&#9;@Test&#13;&#10;&#9;public void testSetSkip() &#13;&#10;&#9;{&#13;&#10;&#9;&#9;int skip = 1;&#13;&#10;&#9;&#9;int max = 5;&#13;&#10;&#9;&#9;TimeFrame timeFrame = TimeFrame.MONTH;&#13;&#10;&#9;&#9;RankType type = RankType.OPTIMALITY;&#13;&#10;&#9;&#9;&#13;&#10;&#9;&#9;Filter filter = new Filter(timeFrame.getValue(), skip, max, type);&#13;&#10;&#9;&#9;filter.setSkip(5);&#13;&#10;&#9;&#9;assertTrue(filter.getSkip() == 5);&#13;&#10;&#9;}&#13;&#10;&#9;&#13;&#10;&#9;@Test&#13;&#10;&#9;public void testGetMax() &#13;&#10;&#9;{&#13;&#10;&#9;&#9;int skip = 1;&#13;&#10;&#9;&#9;int max = 5;&#13;&#10;&#9;&#9;TimeFrame timeFrame = TimeFrame.MONTH;&#13;&#10;&#9;&#9;RankType type = RankType.OPTIMALITY;&#13;&#10;&#9;&#9;&#13;&#10;&#9;&#9;Filter filter = new Filter(timeFrame.getValue(), skip, max, type);&#13;&#10;&#9;&#9;assertTrue(filter.getMax() == max);&#13;&#10;&#9;}&#13;&#10;&#13;&#10;&#9;@Test&#13;&#10;&#9;public void testSetMax() &#13;&#10;&#9;{&#13;&#10;&#9;&#9;int skip = 1;&#13;&#10;&#9;&#9;int max = 5;&#13;&#10;&#9;&#9;TimeFrame timeFrame = TimeFrame.MONTH;&#13;&#10;&#9;&#9;RankType type = RankType.OPTIMALITY;&#13;&#10;&#9;&#9;&#13;&#10;&#9;&#9;Filter filter = new Filter(timeFrame.getValue(), skip, max, type);&#13;&#10;&#9;&#9;filter.setMax(6);&#13;&#10;&#9;&#9;assertTrue(filter.getMax() == 6);&#13;&#10;&#9;}&#13;&#10;&#9;&#13;&#10;&#9;@Test&#13;&#10;&#9;public void testgetSqlTimeFrameFilter() &#13;&#10;&#9;{&#13;&#10;&#9;&#9;String day = &quot; and date_uploaded &gt;= DATE_ADD(CURRENT_DATE(), INTERVAL -1 DAY) &quot;;&#13;&#10;&#9;&#9;String week = &quot; and date_uploaded &gt;= DATE_ADD(CURRENT_DATE(), INTERVAL -1 WEEK) &quot;;&#13;&#10;&#9;&#9;String month = &quot; and date_uploaded &gt;= DATE_ADD(CURRENT_DATE(), INTERVAL -1 MONTH) &quot;;&#13;&#10;&#9;&#9;String year = &quot; and date_uploaded &gt;= DATE_ADD(CURRENT_DATE(), INTERVAL -1 YEAR) &quot;;&#13;&#10;&#9;&#9;&#13;&#10;&#9;&#9;&#13;&#10;&#9;&#9;Filter filter = new Filter(TimeFrame.MONTH.getValue());&#13;&#10;&#9;&#9;assertTrue(filter.getSqlTimeFrameFilter().equals(month));&#13;&#10;&#9;&#9;&#13;&#10;&#9;&#9;filter = new Filter(TimeFrame.WEEK.getValue());&#13;&#10;&#9;&#9;assertTrue(filter.getSqlTimeFrameFilter().equals(week));&#13;&#10;&#9;&#9;&#13;&#10;&#9;&#9;filter = new Filter(TimeFrame.DAY.getValue());&#13;&#10;&#9;&#9;assertTrue(filter.getSqlTimeFrameFilter().equals(day));&#13;&#10;&#9;&#9;&#13;&#10;&#9;&#9;filter = new Filter(TimeFrame.YEAR.getValue());&#13;&#10;&#9;&#9;assertTrue(filter.getSqlTimeFrameFilter().equals(year));&#13;&#10;&#9;&#9;&#13;&#10;&#9;&#9;filter = new Filter(&quot;asdf&quot;);&#13;&#10;&#9;&#9;assertTrue(filter.getSqlTimeFrameFilter().equals(&quot;&quot;));&#13;&#10;&#9;}&#13;&#10;&#9;&#13;&#10;&#9;@Test&#13;&#10;&#9;public void testGetSkipSqlFilter() &#13;&#10;&#9;{&#13;&#10;&#9;&#9;int skip = 1;&#13;&#10;&#9;&#9;int max = 5;&#13;&#10;&#9;&#9;TimeFrame timeFrame = TimeFrame.MONTH;&#13;&#10;&#9;&#9;RankType type = RankType.OPTIMALITY;&#13;&#10;&#9;&#9;&#13;&#10;&#9;&#9;Filter filter = new Filter(timeFrame.getValue(), skip, max, type);&#13;&#10;&#9;&#9;&#13;&#10;&#9;&#9;String value = &quot; OFFSET &quot; + skip + &quot; &quot;;&#13;&#10;&#9;&#9;&#13;&#10;&#9;&#9;assertTrue(filter.getSkipSqlFilter().equals(value));&#13;&#10;&#9;&#9;&#13;&#10;&#9;}&#13;&#10;&#9;&#13;&#10;&#9;@Test&#13;&#10;&#9;public void testGetMaxSqlFilter() &#13;&#10;&#9;{&#13;&#10;&#9;&#9;int skip = 1;&#13;&#10;&#9;&#9;int max = 5;&#13;&#10;&#9;&#9;TimeFrame timeFrame = TimeFrame.MONTH;&#13;&#10;&#9;&#9;RankType type = RankType.OPTIMALITY;&#13;&#10;&#9;&#9;&#13;&#10;&#9;&#9;Filter filter = new Filter(timeFrame.getValue(), skip, max, type);&#13;&#10;&#9;&#9;&#13;&#10;&#9;&#9;String value = &quot; LIMIT &quot; + max + &quot; &quot;;&#13;&#10;&#9;&#9;&#13;&#10;&#9;&#9;assertTrue(filter.getMaxSqlFilter().equals(value));&#13;&#10;&#9;&#9;&#13;&#10;&#9;}&#13;&#10;&#9;&#13;&#10;&#9;@Test&#13;&#10;&#9;public void testTimeFrame() &#13;&#10;&#9;{&#13;&#10;&#9;&#9;TimeFrame timeFrame = TimeFrame.DAY;&#13;&#10;&#9;&#9;assertTrue(timeFrame.getValue().equals(&quot;DAY&quot;));&#13;&#10;&#9;&#9;&#13;&#10;&#9;&#9;assertTrue(TimeFrame.getTimeFrame(TimeFrame.DAY.getValue())==TimeFrame.DAY);&#9;&#13;&#10;&#9;}&#13;&#10;&#9;&#13;&#10;&#9;@Test&#13;&#10;&#9;public void testRankType() &#13;&#10;&#9;{&#13;&#10;&#9;&#9;RankType type = RankType.OPTIMALITY;&#13;&#10;&#9;&#9;&#13;&#10;&#9;&#9;assertTrue(type.getValue().equals(&quot;optimality&quot;));&#9;&#13;&#10;&#9;&#9;assertTrue(RankType.getRankType(RankType.OPTIMALITY.getValue())==RankType.OPTIMALITY);&#9;&#13;&#10;&#9;}&#13;&#10;&#9;&#13;&#10;&#9;@Test&#13;&#10;&#9;public void testDeserialize()&#13;&#10;&#9;{&#13;&#10;&#9;&#9;int skip = 1;&#13;&#10;&#9;&#9;int max = 5;&#13;&#10;&#9;&#9;TimeFrame timeFrame = TimeFrame.MONTH;&#13;&#10;&#9;&#9;RankType type = RankType.OPTIMALITY;&#13;&#10;&#9;&#9;&#13;&#10;&#9;&#9;JsonObject obj = new JsonObject();&#13;&#10;&#9;&#9;obj.add(&quot;timeframe&quot;, new JsonPrimitive(timeFrame.getValue()));&#13;&#10;&#9;&#9;obj.add(&quot;skip&quot;, new JsonPrimitive(skip));&#13;&#10;&#9;&#9;obj.add(&quot;max&quot;, new JsonPrimitive(max));&#13;&#10;&#9;&#9;obj.add(&quot;rank_type&quot;, new JsonPrimitive(type.getValue()));&#13;&#10;&#9;&#9;&#13;&#10;&#9;&#9;GsonBuilder gsonBuilder = new GsonBuilder();&#13;&#10;&#9;&#9;gsonBuilder.registerTypeAdapter(Filter.class, new Filter.FilterDeserializer());&#13;&#10;&#9;&#9;Gson gson = gsonBuilder.create();&#13;&#10;&#9;&#9;&#13;&#10;&#9;&#9;Filter filter = gson.fromJson(obj, Filter.class);&#13;&#10;&#9;&#9;&#13;&#10;&#9;&#9;assertTrue(filter.getMax() == max);&#13;&#10;&#9;&#9;assertTrue(filter.getSkip() == skip);&#13;&#10;&#9;&#9;assertTrue(filter.getRankType() == type);&#13;&#10;&#9;&#9;assertTrue(filter.getTimeFrame() == timeFrame);&#13;&#10;&#9;&#9;&#13;&#10;&#9;}&#13;&#10;&#9;&#13;&#10;}&#13;&#10;" Filename="FilterTest.java" Intrnl_Id="4"/>
<SrcFile Content="package dataModels;&#13;&#10;&#13;&#10;import static org.junit.Assert.*;&#13;&#10;&#13;&#10;import java.util.ArrayList;&#13;&#10;&#13;&#10;import org.junit.Test;&#13;&#10;&#13;&#10;import dataModels.Card.Number;&#13;&#10;import dataModels.Card.Suit;&#13;&#10;&#13;&#10;public class CardTest {&#13;&#10;&#13;&#10;&#9;@Test&#13;&#10;&#9;public void testConstructor()&#13;&#10;&#9;{&#13;&#10;&#9;&#9;Card card = new Card(Card.Suit.CLUBS, Card.Number.ACE);&#13;&#10;&#9;&#9;assertTrue(card.getNumber() == Card.Number.ACE);&#13;&#10;&#9;&#9;assertTrue(card.getSuit() == Card.Suit.CLUBS);&#13;&#10;&#9;}&#13;&#10;&#9;&#13;&#10;&#9;@Test&#13;&#10;&#9;public void testStringConstructor()&#13;&#10;&#9;{&#13;&#10;&#9;&#9;Card card = new Card(null);&#13;&#10;&#9;&#9;assertTrue(card.getNumber() == Card.Number.UNKNOWN);&#13;&#10;&#9;&#9;assertTrue(card.getSuit() == Card.Suit.UNKNOWN);&#13;&#10;&#9;&#9;&#13;&#10;&#9;&#9;card = new Card(&quot;BALH&quot;);&#13;&#10;&#9;&#9;assertTrue(card.getNumber() == Card.Number.UNKNOWN);&#13;&#10;&#9;&#9;assertTrue(card.getSuit() == Card.Suit.UNKNOWN);&#13;&#10;&#9;&#9;&#13;&#10;&#9;&#9;card = new Card(&quot;HN&quot;);&#13;&#10;&#9;&#9;assertTrue(card.getNumber() == Card.Number.UNKNOWN);&#13;&#10;&#9;&#9;assertTrue(card.getSuit() == Card.Suit.UNKNOWN);&#13;&#10;&#9;&#9;&#13;&#10;&#9;&#9;card = new Card(&quot;X3&quot;);&#13;&#10;&#9;&#9;assertTrue(card.getNumber() == Card.Number.UNKNOWN);&#13;&#10;&#9;&#9;assertTrue(card.getSuit() == Card.Suit.UNKNOWN);&#13;&#10;&#9;&#9;&#13;&#10;&#9;&#9;card = new Card(&quot;H3&quot;);&#13;&#10;&#9;&#9;assertTrue(card.getNumber() == Card.Number.THREE);&#13;&#10;&#9;&#9;assertTrue(card.getSuit() == Card.Suit.HEARTS);&#13;&#10;&#9;&#9;&#13;&#10;&#9;}&#13;&#10;&#9;&#13;&#10;&#9;@Test&#13;&#10;&#9;public void testGetSuit()&#13;&#10;&#9;{&#13;&#10;&#9;&#9;Card card = new Card(Suit.CLUBS, Number.ACE);&#13;&#10;&#9;&#9;assertTrue(card.getSuit() == Suit.CLUBS);&#13;&#10;&#9;&#9;&#13;&#10;&#9;}&#13;&#10;&#9;&#13;&#10;&#9;@Test&#13;&#10;&#9;public void testSetSuit()&#13;&#10;&#9;{&#13;&#10;&#9;&#9;Card card = new Card(Suit.CLUBS, Number.ACE);&#13;&#10;&#9;&#9;card.setSuit(Suit.HEARTS);&#13;&#10;&#9;&#9;&#13;&#10;&#9;&#9;assertTrue(card.getSuit() == Suit.HEARTS);&#13;&#10;&#9;}&#13;&#10;&#9;&#13;&#10;&#9;@Test&#13;&#10;&#9;public void testGetNumber()&#13;&#10;&#9;{&#13;&#10;&#9;&#9;Card card = new Card(Suit.CLUBS, Number.ACE);&#13;&#10;&#9;&#9;assertTrue(card.getNumber() == Number.ACE);&#13;&#10;&#9;}&#13;&#10;&#9;&#13;&#10;&#9;@Test&#13;&#10;&#9;public void testSetNumber()&#13;&#10;&#9;{&#13;&#10;&#9;&#9;Card card = new Card(Suit.CLUBS, Number.ACE);&#13;&#10;&#9;&#9;card.setNumber(Number.SEVEN);&#13;&#10;&#9;&#9;assertTrue(card.getNumber() == Number.SEVEN);&#13;&#10;&#9;}&#13;&#10;&#9;&#13;&#10;&#9;@Test&#13;&#10;&#9;public void testGetCardAsString()&#13;&#10;&#9;{&#13;&#10;&#9;&#9;Card card = new Card(Suit.CLUBS, Number.ACE);&#13;&#10;&#9;&#9;Card card2 = new Card(Suit.DIAMONDS, Number.QUEEN);&#13;&#10;&#9;&#9;ArrayList&lt;Card&gt; cards = new ArrayList&lt;Card&gt;();&#13;&#10;&#9;&#9;cards.add(card);&#13;&#10;&#9;&#9;&#13;&#10;&#9;&#9;String cardString = Card.getCardsAsString(cards);&#13;&#10;&#9;&#9;&#13;&#10;&#9;&#9;assertTrue(cardString.equals(&quot;CA&quot;));&#13;&#10;&#9;&#9;&#13;&#10;&#9;&#9;cards.add(card2);&#13;&#10;&#9;&#9;&#13;&#10;&#9;&#9;cardString = Card.getCardsAsString(cards);&#13;&#10;&#9;&#9;&#13;&#10;&#9;&#9;assertTrue(cardString.equals(&quot;CA;DQ&quot;));&#13;&#10;&#9;&#9;&#13;&#10;&#9;}&#13;&#10;&#9;&#13;&#10;&#9;@Test&#13;&#10;&#9;public void testValidCardString()&#13;&#10;&#9;{&#13;&#10;&#9;&#9;assertTrue(Card.validCardString(&quot;CA&quot;));&#13;&#10;&#9;&#9;assertTrue(Card.validCardString(&quot;CA;DQ&quot;));&#13;&#10;&#9;&#9;assertFalse(Card.validCardString(&quot;CA;asdf&quot;));&#13;&#10;&#9;&#9;assertFalse(Card.validCardString(&quot;asdf;DQ&quot;));&#13;&#10;&#9;&#9;assertFalse(Card.validCardString(&quot;asdf&quot;));&#13;&#10;&#9;&#9;assertFalse(Card.validCardString(&quot;a&quot;));&#13;&#10;&#9;&#9;assertFalse(Card.validCardString(null));&#13;&#10;&#9;}&#13;&#10;&#13;&#10;&#9;&#13;&#10;&#9;@Test&#13;&#10;&#9;public void testToString()&#13;&#10;&#9;{&#13;&#10;&#9;&#9;Card card = new Card(Suit.CLUBS, Number.ACE);&#13;&#10;&#9;&#9;assertTrue(card.toString().equals(&quot;CA&quot;));&#13;&#10;&#9;}&#13;&#10;&#9;&#13;&#10;&#9;@Test&#13;&#10;&#9;public void testNumber()&#13;&#10;&#9;{&#13;&#10;&#9;&#9;Number number = Number.ACE;&#13;&#10;&#9;&#9;assertTrue(number.getValue()=='A');&#13;&#10;&#9;&#9;assertTrue(number.getStringValue().equals(&quot;A&quot;));&#9;&#13;&#10;&#9;&#9;assertTrue(Number.ACE == Number.getNumber('A'));&#13;&#10;&#9;&#9;assertTrue(Number.UNKNOWN == Number.getNumber('X'));&#13;&#10;&#9;}&#13;&#10;&#9;&#13;&#10;&#9;@Test&#13;&#10;&#9;public void testSuit()&#13;&#10;&#9;{&#13;&#10;&#9;&#9;Suit suit = Suit.CLUBS;&#13;&#10;&#9;&#9;assertTrue(suit.getValue()=='C');&#13;&#10;&#9;&#9;assertTrue(suit.getStringValue().equals(&quot;C&quot;));&#9;&#13;&#10;&#9;&#9;assertTrue(Suit.CLUBS == Suit.getSuit('C'));&#13;&#10;&#9;}&#13;&#10;&#9;&#13;&#10;}&#13;&#10;" Filename="CardTest.java" Intrnl_Id="5"/>
<SrcFile Content="/**&#13;&#10; * &#13;&#10; */&#13;&#10;package dataModels;&#13;&#10;&#13;&#10;import static org.junit.Assert.*;&#13;&#10;&#13;&#10;import org.junit.Test;&#13;&#10;&#13;&#10;import util.PasswordUtil;&#13;&#10;&#13;&#10;/**&#13;&#10; * @author dddurand&#13;&#10; *&#13;&#10; */&#13;&#10;public class AccountTest {&#13;&#10;&#13;&#10;&#9;@Test&#13;&#10;&#9;public void testEmptyConstructor() {&#13;&#10;&#9;&#9;Account account = new Account();&#13;&#10;&#9;&#9;assertTrue(account.getAuthenticationToken() == null);&#13;&#10;&#9;&#9;assertTrue(account.getPassword() == null);&#13;&#10;&#9;&#9;assertTrue(account.getUsername() == null);&#13;&#10;&#9;}&#13;&#10;&#9;&#13;&#10;&#9;@Test&#13;&#10;&#9;public void usernameConstructor()&#13;&#10;&#9;{&#13;&#10;&#9;&#9;String name = &quot;test&quot;;&#13;&#10;&#9;&#9;Account account = new Account(name);&#13;&#10;&#9;&#9;&#13;&#10;&#9;&#9;assertTrue(account.getUsername().equals(name));&#13;&#10;&#9;&#9;assertTrue(account.getAuthenticationToken() == null);&#13;&#10;&#9;&#9;assertTrue(account.getPassword() == null);&#13;&#10;&#9;}&#13;&#10;&#13;&#10;&#9;@Test&#13;&#10;&#9;public void userPassConstructor()&#13;&#10;&#9;{&#13;&#10;&#9;&#9;String name = &quot;TEST&quot;;&#13;&#10;&#9;&#9;String pass = &quot;PASSWORD&quot;;&#13;&#10;&#9;&#9;Account account = new Account(name, pass, false);&#13;&#10;&#9;&#9;&#13;&#10;&#9;&#9;assertTrue(account.getPassword().equals(pass));&#13;&#10;&#9;&#9;assertTrue(!account.getEncyptedPassword().equals(pass));&#13;&#10;&#9;&#9;&#13;&#10;&#9;&#9;PasswordUtil util = new PasswordUtil();&#13;&#10;&#9;&#9;String password = util.encrypt(pass);&#13;&#10;&#9;&#9;&#13;&#10;&#9;&#9;assertTrue(account.getEncyptedPassword().equals(password));&#13;&#10;&#9;&#9;&#13;&#10;&#9;&#9;&#13;&#10;&#9;&#9;account = new Account(name, pass, true);&#13;&#10;&#9;&#9;&#13;&#10;&#9;&#9;assertTrue(account.getPassword().equals(pass));&#13;&#10;&#9;&#9;assertTrue(account.getEncyptedPassword().equals(pass));&#13;&#10;&#9;}&#13;&#10;&#9;&#13;&#10;&#9;@Test&#13;&#10;&#9;public void userPassAuthConstructor()&#13;&#10;&#9;{&#13;&#10;&#9;&#9;String name = &quot;TEST&quot;;&#13;&#10;&#9;&#9;String pass = &quot;PASSWORD&quot;;&#13;&#10;&#9;&#9;String auth = &quot;AUTH&quot;;&#13;&#10;&#9;&#9;Account account = new Account(name, pass, auth, false);&#13;&#10;&#9;&#9;&#13;&#10;&#9;&#9;assertTrue(account.getPassword().equals(pass));&#13;&#10;&#9;&#9;assertTrue(!account.getEncyptedPassword().equals(pass));&#13;&#10;&#9;&#9;assertTrue(account.getAuthenticationToken().equals(auth));&#13;&#10;&#9;&#9;&#13;&#10;&#9;&#9;&#13;&#10;&#9;&#9;PasswordUtil util = new PasswordUtil();&#13;&#10;&#9;&#9;String password = util.encrypt(pass);&#13;&#10;&#9;&#9;&#13;&#10;&#9;&#9;assertTrue(account.getEncyptedPassword().equals(password));&#13;&#10;&#9;&#9;&#13;&#10;&#9;&#9;&#13;&#10;&#9;&#9;account = new Account(name, pass, auth, true);&#13;&#10;&#9;&#9;&#13;&#10;&#9;&#9;assertTrue(account.getEncyptedPassword().equals(pass));&#13;&#10;&#9;&#9;assertTrue(account.getAuthenticationToken().equals(auth));&#13;&#10;&#9;}&#13;&#10;&#9;&#13;&#10;&#9;@Test&#13;&#10;&#9;public void fullConstructor()&#13;&#10;&#9;{&#13;&#10;&#9;&#9;String name = &quot;TEST&quot;;&#13;&#10;&#9;&#9;String pass = &quot;PASSWORD&quot;;&#13;&#10;&#9;&#9;String auth = &quot;AUTH&quot;;&#13;&#10;&#9;&#9;int id = 5;&#13;&#10;&#9;&#9;Account account = new Account(id, name, pass, auth, false);&#13;&#10;&#9;&#9;&#13;&#10;&#9;&#9;assertTrue(account.getPassword().equals(pass));&#13;&#10;&#9;&#9;assertTrue(!account.getEncyptedPassword().equals(pass));&#13;&#10;&#9;&#9;assertTrue(account.getAuthenticationToken().equals(auth));&#13;&#10;&#9;&#9;assertTrue(account.getAccountID() == id);&#13;&#10;&#9;&#9;&#13;&#10;&#9;&#9;PasswordUtil util = new PasswordUtil();&#13;&#10;&#9;&#9;String password = util.encrypt(pass);&#13;&#10;&#9;&#9;&#13;&#10;&#9;&#9;assertTrue(account.getEncyptedPassword().equals(password));&#13;&#10;&#9;&#9;&#13;&#10;&#9;&#9;&#13;&#10;&#9;&#9;account = new Account(id, name, pass, auth, true);&#13;&#10;&#9;&#9;&#13;&#10;&#9;&#9;assertTrue(account.getEncyptedPassword().equals(pass));&#13;&#10;&#9;&#9;assertTrue(account.getAuthenticationToken().equals(auth));&#13;&#10;&#9;&#9;assertTrue(account.getAccountID() == id);&#13;&#10;&#9;}&#13;&#10;&#9;&#13;&#10;&#9;@Test&#13;&#10;&#9;public void testGetAccountID()&#13;&#10;&#9;{&#13;&#10;&#9;&#9;String name = &quot;TEST&quot;;&#13;&#10;&#9;&#9;String pass = &quot;PASSWORD&quot;;&#13;&#10;&#9;&#9;String auth = &quot;AUTH&quot;;&#13;&#10;&#9;&#9;int id = 5;&#13;&#10;&#9;&#9;Account account = new Account(id, name, pass, auth, false);&#13;&#10;&#9;&#9;&#13;&#10;&#9;&#9;assertTrue(account.getAccountID() == id);&#13;&#10;&#9;&#9;&#13;&#10;&#9;}&#13;&#10;&#9;&#13;&#10;&#9;@Test&#13;&#10;&#9;public void testSetAccountID()&#13;&#10;&#9;{&#13;&#10;&#9;&#9;int id = 8;&#13;&#10;&#9;&#9;Account account = new Account();&#13;&#10;&#9;&#9;account.setAccountID(id);&#13;&#10;&#9;&#9;&#13;&#10;&#9;&#9;assertTrue(account.getAccountID() == id);&#13;&#10;&#9;}&#13;&#10;&#9;&#13;&#10;&#9;@Test&#13;&#10;&#9;public void testGetUsername()&#13;&#10;&#9;{&#13;&#10;&#9;&#9;String username = &quot;NAME&quot;;&#13;&#10;&#9;&#9;Account account = new Account(username);&#13;&#10;&#9;&#9;&#13;&#10;&#9;&#9;&#13;&#10;&#9;&#9;assertTrue(account.getUsername().equals(username));&#13;&#10;&#9;}&#13;&#10;&#9;&#13;&#10;&#9;@Test&#13;&#10;&#9;public void testSetUsername()&#13;&#10;&#9;{&#13;&#10;&#9;&#9;String username = &quot;NAME&quot;;&#13;&#10;&#9;&#9;Account account = new Account();&#13;&#10;&#9;&#9;account.setUsername(username);&#13;&#10;&#9;&#9;&#13;&#10;&#9;&#9;assertTrue(account.getUsername().equals(username));&#13;&#10;&#9;}&#13;&#10;&#9;&#13;&#10;&#9;@Test&#13;&#10;&#9;public void testGetPassword()&#13;&#10;&#9;{&#13;&#10;&#9;&#9;String name = &quot;TEST&quot;;&#13;&#10;&#9;&#9;String pass = &quot;PASSWORD&quot;;&#13;&#10;&#9;&#9;String auth = &quot;AUTH&quot;;&#13;&#10;&#9;&#9;int id = 5;&#13;&#10;&#9;&#9;Account account = new Account(id, name, pass, auth, false);&#13;&#10;&#9;&#9;&#13;&#10;&#9;&#9;&#13;&#10;&#9;&#9;assertTrue(account.getPassword().equals(pass));&#13;&#10;&#9;}&#13;&#10;&#9;&#13;&#10;&#9;@Test&#13;&#10;&#9;public void testGetEncyptedPassword()&#13;&#10;&#9;{&#13;&#10;&#9;&#9;String name = &quot;TEST&quot;;&#13;&#10;&#9;&#9;String pass = &quot;PASSWORD&quot;;&#13;&#10;&#9;&#9;String auth = &quot;AUTH&quot;;&#13;&#10;&#9;&#9;int id = 5;&#13;&#10;&#9;&#9;Account account = new Account(id, name, pass, auth, false);&#13;&#10;&#9;&#9;&#13;&#10;&#9;&#9;PasswordUtil util = new PasswordUtil();&#13;&#10;&#9;&#9;String password = util.encrypt(pass);&#13;&#10;&#9;&#9;&#13;&#10;&#9;&#9;assertTrue(account.getEncyptedPassword().equals(password));&#13;&#10;&#9;&#9;&#13;&#10;&#9;&#9;&#13;&#10;&#9;&#9;account = new Account(name, pass, true);&#13;&#10;&#13;&#10;&#9;&#9;assertTrue(account.getEncyptedPassword().equals(pass));&#13;&#10;&#9;}&#13;&#10;&#9;&#13;&#10;&#9;@Test&#13;&#10;&#9;public void testSetPassword()&#13;&#10;&#9;{&#13;&#10;&#9;&#9;String name = &quot;TEST&quot;;&#13;&#10;&#9;&#9;String pass = &quot;PASSWORD&quot;;&#13;&#10;&#9;&#9;Account account = new Account(name, pass, false);&#13;&#10;&#9;&#9;account.setPassword(pass, false);&#13;&#10;&#9;&#9;&#13;&#10;&#9;&#9;assertTrue(account.getPassword().equals(pass));&#13;&#10;&#9;&#9;&#13;&#10;&#9;}&#13;&#10;&#9;&#13;&#10;&#9;@Test&#13;&#10;&#9;public void testGetAuthToken()&#13;&#10;&#9;{&#13;&#10;&#9;&#9;String name = &quot;TEST&quot;;&#13;&#10;&#9;&#9;String pass = &quot;PASSWORD&quot;;&#13;&#10;&#9;&#9;String auth = &quot;AUTH&quot;;&#13;&#10;&#9;&#9;Account account = new Account(name, pass, auth, false);&#13;&#10;&#9;&#9;&#13;&#10;&#9;&#9;assertTrue(account.getAuthenticationToken().equals(auth));&#13;&#10;&#9;}&#13;&#10;&#9;&#13;&#10;&#9;@Test&#13;&#10;&#9;public void testExactCompare()&#13;&#10;&#9;{&#13;&#10;&#9;&#9;Account account1 = new Account(&quot;acc&quot;, &quot;pass&quot;, &quot;auth&quot; , false);&#13;&#10;&#9;&#9;Account account2 = new Account(&quot;acc&quot;, &quot;pass&quot;, &quot;auth&quot; , false);&#13;&#10;&#9;&#9;&#13;&#10;&#9;&#9;Account account3 = new Account(&quot;acc1&quot;, &quot;pass&quot;, &quot;auth&quot; , false);&#13;&#10;&#9;&#9;Account account4 = new Account(&quot;acc&quot;, &quot;pass1&quot;, &quot;auth&quot; , false);&#13;&#10;&#9;&#9;Account account5 = new Account(&quot;acc&quot;, &quot;pass&quot;, &quot;auth1&quot; , false);&#13;&#10;&#9;&#9;&#13;&#10;&#9;&#9;assertTrue(account1.exactCompare(account2));&#13;&#10;&#9;&#9;&#13;&#10;&#9;&#9;assertTrue(!account1.exactCompare(account3));&#13;&#10;&#9;&#9;assertTrue(!account1.exactCompare(account4));&#13;&#10;&#9;&#9;assertTrue(!account1.exactCompare(account5));&#13;&#10;&#13;&#10;&#9;&#9;assertTrue(!account1.exactCompare(null));&#13;&#10;&#9;&#9;&#13;&#10;&#9;&#9;assertTrue(!account1.exactCompare(new String()));&#13;&#10;&#9;}&#13;&#10;&#9;&#13;&#10;&#9;@Test&#13;&#10;&#9;public void testLoginCompare()&#13;&#10;&#9;{&#13;&#10;&#9;&#9;Account account1 = new Account(&quot;acc&quot;, &quot;pass&quot;, &quot;auth&quot; , false);&#13;&#10;&#9;&#9;Account account2 = new Account(&quot;acc&quot;, &quot;pass&quot;, &quot;auth&quot; , false);&#13;&#10;&#9;&#9;&#13;&#10;&#9;&#9;Account account3 = new Account(&quot;acc1&quot;, &quot;pass&quot;, &quot;auth&quot; , false);&#13;&#10;&#9;&#9;Account account4 = new Account(&quot;acc&quot;, &quot;pass1&quot;, &quot;auth&quot; , false);&#13;&#10;&#9;&#9;Account account5 = new Account(&quot;acc&quot;, &quot;pass&quot;, &quot;auth1&quot; , false);&#13;&#10;&#9;&#9;&#13;&#10;&#9;&#9;assertTrue(account1.compareLogin(account2));&#13;&#10;&#9;&#9;&#13;&#10;&#9;&#9;assertTrue(!account1.compareLogin(account3));&#13;&#10;&#9;&#9;assertTrue(!account1.compareLogin(account4));&#13;&#10;&#9;&#9;assertTrue(account1.compareLogin(account5));&#13;&#10;&#13;&#10;&#9;&#9;assertTrue(!account1.compareLogin(null));&#13;&#10;&#9;}&#13;&#10;&#9;&#13;&#10;&#9;@Test&#13;&#10;&#9;public void testCompareAuth()&#13;&#10;&#9;{&#13;&#10;&#9;&#9;Account account1 = new Account(&quot;acc&quot;, &quot;pass&quot;, &quot;auth&quot; , false);&#13;&#10;&#9;&#9;Account account2 = new Account(&quot;acc&quot;, &quot;pass&quot;, &quot;auth&quot; , false);&#13;&#10;&#9;&#9;&#13;&#10;&#9;&#9;Account account3 = new Account(&quot;acc1&quot;, &quot;pass&quot;, &quot;auth&quot; , false);&#13;&#10;&#9;&#9;Account account4 = new Account(&quot;acc&quot;, &quot;pass1&quot;, &quot;auth&quot; , false);&#13;&#10;&#9;&#9;Account account5 = new Account(&quot;acc&quot;, &quot;pass&quot;, &quot;auth1&quot; , false);&#13;&#10;&#9;&#9;&#13;&#10;&#9;&#9;assertTrue(account1.compareAuthenticated(account2));&#13;&#10;&#9;&#9;&#13;&#10;&#9;&#9;assertTrue(!account1.compareAuthenticated(account3));&#13;&#10;&#9;&#9;assertTrue(account1.compareAuthenticated(account4));&#13;&#10;&#9;&#9;assertTrue(!account1.compareAuthenticated(account5));&#13;&#10;&#13;&#10;&#9;&#9;assertTrue(!account1.compareAuthenticated(null));&#13;&#10;&#9;}&#13;&#10;&#9;&#13;&#10;&#9;@Test&#13;&#10;&#9;public void isEqualString()&#13;&#10;&#9;{&#13;&#10;&#9;&#9;Account account1 = new Account(&quot;acc&quot;, &quot;pass&quot;, &quot;auth&quot; , false);&#13;&#10;&#9;&#9;Account account2 = new Account(null, null, null , false);&#13;&#10;&#9;&#9;&#13;&#10;&#9;&#9;account1.compareLogin(account2);&#13;&#10;&#9;&#9;account2.compareLogin(account1);&#13;&#10;&#9;}&#13;&#10;&#9;&#13;&#10;}&#13;&#10;" Filename="AccountTest.java" Intrnl_Id="6"/>
</SrcFileList>
<CritList>
<CritListEntry Name="org.codecover.model.utils.criteria.BranchCoverage" PluginName="org.codecover"/>
<CritListEntry Name="org.codecover.model.utils.criteria.StatementCoverage" PluginName="org.codecover"/>
</CritList>
<BoolOpList/>
<HierarchyLvlTypeList>
<HierarchyLvlType EnglishName="package" IntrnlName="package" Intrnl_Id="7"/>
<HierarchyLvlType EnglishName="class" IntrnlName="class" Intrnl_Id="8"/>
<HierarchyLvlType EnglishName="method" IntrnlName="method" Intrnl_Id="9"/>
<HierarchyLvlType EnglishName="default package" IntrnlName="default package" Intrnl_Id="10"/>
</HierarchyLvlTypeList>
<MASTRoot>
<HierarchyLvl HierarchyLvlId="129" HierarchyLvlTypeId="10" Intrnl_Id="11" Name="default package">
<Header/>
<LocList/>
<HierarchyLvl HierarchyLvlId="127" HierarchyLvlTypeId="7" Intrnl_Id="12" Name="suite">
<Header/>
<LocList/>
<HierarchyLvl HierarchyLvlId="65" HierarchyLvlTypeId="8" Intrnl_Id="13" Name="AllTests">
<Header>
<Loc EndOffset="247" SrcFileId="1" StartOffset="167"/>
</Header>
<LocList>
<Loc EndOffset="254" SrcFileId="1" StartOffset="167"/>
</LocList>
</HierarchyLvl>
</HierarchyLvl>
<HierarchyLvl HierarchyLvlId="128" HierarchyLvlTypeId="7" Intrnl_Id="14" Name="dataModels">
<Header/>
<LocList/>
<HierarchyLvl HierarchyLvlId="72" HierarchyLvlTypeId="8" Intrnl_Id="15" Name="GameTest">
<Header>
<Loc EndOffset="138" SrcFileId="2" StartOffset="117"/>
</Header>
<LocList>
<Loc EndOffset="2323" SrcFileId="2" StartOffset="117"/>
</LocList>
<HierarchyLvl HierarchyLvlId="66" HierarchyLvlTypeId="9" Intrnl_Id="16" Name="emptyGameConstructor">
<Header>
<Loc EndOffset="187" SrcFileId="2" StartOffset="145"/>
</Header>
<LocList>
<Loc EndOffset="272" SrcFileId="2" StartOffset="145"/>
</LocList>
<StmntSeq Intrnl_Id="17">
<LocList>
<Loc EndOffset="247" SrcFileId="2" StartOffset="193"/>
<Loc EndOffset="268" SrcFileId="2" StartOffset="251"/>
</LocList>
<BasicStmnt CovItemId="S1" CovItemPrefix="dataModels.GameTest.java" Intrnl_Id="18">
<LocList>
<Loc EndOffset="247" SrcFileId="2" StartOffset="193"/>
</LocList>
</BasicStmnt>
<BasicStmnt CovItemId="S2" CovItemPrefix="dataModels.GameTest.java" Intrnl_Id="19">
<LocList>
<Loc EndOffset="268" SrcFileId="2" StartOffset="251"/>
</LocList>
</BasicStmnt>
</StmntSeq>
</HierarchyLvl>
<HierarchyLvl HierarchyLvlId="67" HierarchyLvlTypeId="9" Intrnl_Id="20" Name="gameConstructor">
<Header>
<Loc EndOffset="315" SrcFileId="2" StartOffset="278"/>
</Header>
<LocList>
<Loc EndOffset="644" SrcFileId="2" StartOffset="278"/>
</LocList>
<StmntSeq Intrnl_Id="21">
<LocList>
<Loc EndOffset="362" SrcFileId="2" StartOffset="325"/>
<Loc EndOffset="430" SrcFileId="2" StartOffset="366"/>
<Loc EndOffset="458" SrcFileId="2" StartOffset="434"/>
<Loc EndOffset="488" SrcFileId="2" StartOffset="466"/>
<Loc EndOffset="534" SrcFileId="2" StartOffset="496"/>
<Loc EndOffset="580" SrcFileId="2" StartOffset="540"/>
<Loc EndOffset="638" SrcFileId="2" StartOffset="584"/>
</LocList>
<BasicStmnt CovItemId="S3" CovItemPrefix="dataModels.GameTest.java" Intrnl_Id="22">
<LocList>
<Loc EndOffset="362" SrcFileId="2" StartOffset="325"/>
</LocList>
</BasicStmnt>
<BasicStmnt CovItemId="S4" CovItemPrefix="dataModels.GameTest.java" Intrnl_Id="23">
<LocList>
<Loc EndOffset="430" SrcFileId="2" StartOffset="366"/>
</LocList>
</BasicStmnt>
<BasicStmnt CovItemId="S5" CovItemPrefix="dataModels.GameTest.java" Intrnl_Id="24">
<LocList>
<Loc EndOffset="458" SrcFileId="2" StartOffset="434"/>
</LocList>
</BasicStmnt>
<BasicStmnt CovItemId="S6" CovItemPrefix="dataModels.GameTest.java" Intrnl_Id="25">
<LocList>
<Loc EndOffset="488" SrcFileId="2" StartOffset="466"/>
</LocList>
</BasicStmnt>
<BasicStmnt CovItemId="S7" CovItemPrefix="dataModels.GameTest.java" Intrnl_Id="26">
<LocList>
<Loc EndOffset="534" SrcFileId="2" StartOffset="496"/>
</LocList>
</BasicStmnt>
<BasicStmnt CovItemId="S8" CovItemPrefix="dataModels.GameTest.java" Intrnl_Id="27">
<LocList>
<Loc EndOffset="580" SrcFileId="2" StartOffset="540"/>
</LocList>
</BasicStmnt>
<BasicStmnt CovItemId="S9" CovItemPrefix="dataModels.GameTest.java" Intrnl_Id="28">
<LocList>
<Loc EndOffset="638" SrcFileId="2" StartOffset="584"/>
</LocList>
</BasicStmnt>
</StmntSeq>
</HierarchyLvl>
<HierarchyLvl HierarchyLvlId="68" HierarchyLvlTypeId="9" Intrnl_Id="29" Name="testGetGameID">
<Header>
<Loc EndOffset="685" SrcFileId="2" StartOffset="650"/>
</Header>
<LocList>
<Loc EndOffset="968" SrcFileId="2" StartOffset="650"/>
</LocList>
<StmntSeq Intrnl_Id="30">
<LocList>
<Loc EndOffset="732" SrcFileId="2" StartOffset="695"/>
<Loc EndOffset="800" SrcFileId="2" StartOffset="736"/>
<Loc EndOffset="828" SrcFileId="2" StartOffset="804"/>
<Loc EndOffset="858" SrcFileId="2" StartOffset="836"/>
<Loc EndOffset="904" SrcFileId="2" StartOffset="866"/>
<Loc EndOffset="962" SrcFileId="2" StartOffset="908"/>
</LocList>
<BasicStmnt CovItemId="S10" CovItemPrefix="dataModels.GameTest.java" Intrnl_Id="31">
<LocList>
<Loc EndOffset="732" SrcFileId="2" StartOffset="695"/>
</LocList>
</BasicStmnt>
<BasicStmnt CovItemId="S11" CovItemPrefix="dataModels.GameTest.java" Intrnl_Id="32">
<LocList>
<Loc EndOffset="800" SrcFileId="2" StartOffset="736"/>
</LocList>
</BasicStmnt>
<BasicStmnt CovItemId="S12" CovItemPrefix="dataModels.GameTest.java" Intrnl_Id="33">
<LocList>
<Loc EndOffset="828" SrcFileId="2" StartOffset="804"/>
</LocList>
</BasicStmnt>
<BasicStmnt CovItemId="S13" CovItemPrefix="dataModels.GameTest.java" Intrnl_Id="34">
<LocList>
<Loc EndOffset="858" SrcFileId="2" StartOffset="836"/>
</LocList>
</BasicStmnt>
<BasicStmnt CovItemId="S14" CovItemPrefix="dataModels.GameTest.java" Intrnl_Id="35">
<LocList>
<Loc EndOffset="904" SrcFileId="2" StartOffset="866"/>
</LocList>
</BasicStmnt>
<BasicStmnt CovItemId="S15" CovItemPrefix="dataModels.GameTest.java" Intrnl_Id="36">
<LocList>
<Loc EndOffset="962" SrcFileId="2" StartOffset="908"/>
</LocList>
</BasicStmnt>
</StmntSeq>
</HierarchyLvl>
<HierarchyLvl HierarchyLvlId="69" HierarchyLvlTypeId="9" Intrnl_Id="37" Name="testSetGameID">
<Header>
<Loc EndOffset="1009" SrcFileId="2" StartOffset="974"/>
</Header>
<LocList>
<Loc EndOffset="1335" SrcFileId="2" StartOffset="974"/>
</LocList>
<StmntSeq Intrnl_Id="38">
<LocList>
<Loc EndOffset="1056" SrcFileId="2" StartOffset="1019"/>
<Loc EndOffset="1124" SrcFileId="2" StartOffset="1060"/>
<Loc EndOffset="1152" SrcFileId="2" StartOffset="1128"/>
<Loc EndOffset="1184" SrcFileId="2" StartOffset="1160"/>
<Loc EndOffset="1210" SrcFileId="2" StartOffset="1188"/>
<Loc EndOffset="1256" SrcFileId="2" StartOffset="1218"/>
<Loc EndOffset="1280" SrcFileId="2" StartOffset="1260"/>
<Loc EndOffset="1329" SrcFileId="2" StartOffset="1288"/>
</LocList>
<BasicStmnt CovItemId="S16" CovItemPrefix="dataModels.GameTest.java" Intrnl_Id="39">
<LocList>
<Loc EndOffset="1056" SrcFileId="2" StartOffset="1019"/>
</LocList>
</BasicStmnt>
<BasicStmnt CovItemId="S17" CovItemPrefix="dataModels.GameTest.java" Intrnl_Id="40">
<LocList>
<Loc EndOffset="1124" SrcFileId="2" StartOffset="1060"/>
</LocList>
</BasicStmnt>
<BasicStmnt CovItemId="S18" CovItemPrefix="dataModels.GameTest.java" Intrnl_Id="41">
<LocList>
<Loc EndOffset="1152" SrcFileId="2" StartOffset="1128"/>
</LocList>
</BasicStmnt>
<BasicStmnt CovItemId="S19" CovItemPrefix="dataModels.GameTest.java" Intrnl_Id="42">
<LocList>
<Loc EndOffset="1184" SrcFileId="2" StartOffset="1160"/>
</LocList>
</BasicStmnt>
<BasicStmnt CovItemId="S20" CovItemPrefix="dataModels.GameTest.java" Intrnl_Id="43">
<LocList>
<Loc EndOffset="1210" SrcFileId="2" StartOffset="1188"/>
</LocList>
</BasicStmnt>
<BasicStmnt CovItemId="S21" CovItemPrefix="dataModels.GameTest.java" Intrnl_Id="44">
<LocList>
<Loc EndOffset="1256" SrcFileId="2" StartOffset="1218"/>
</LocList>
</BasicStmnt>
<BasicStmnt CovItemId="S22" CovItemPrefix="dataModels.GameTest.java" Intrnl_Id="45">
<LocList>
<Loc EndOffset="1280" SrcFileId="2" StartOffset="1260"/>
</LocList>
</BasicStmnt>
<BasicStmnt CovItemId="S23" CovItemPrefix="dataModels.GameTest.java" Intrnl_Id="46">
<LocList>
<Loc EndOffset="1329" SrcFileId="2" StartOffset="1288"/>
</LocList>
</BasicStmnt>
</StmntSeq>
</HierarchyLvl>
<HierarchyLvl HierarchyLvlId="70" HierarchyLvlTypeId="9" Intrnl_Id="47" Name="testGetGameActions">
<Header>
<Loc EndOffset="1381" SrcFileId="2" StartOffset="1341"/>
</Header>
<LocList>
<Loc EndOffset="1724" SrcFileId="2" StartOffset="1341"/>
</LocList>
<StmntSeq Intrnl_Id="48">
<LocList>
<Loc EndOffset="1428" SrcFileId="2" StartOffset="1391"/>
<Loc EndOffset="1496" SrcFileId="2" StartOffset="1432"/>
<Loc EndOffset="1524" SrcFileId="2" StartOffset="1500"/>
<Loc EndOffset="1554" SrcFileId="2" StartOffset="1532"/>
<Loc EndOffset="1600" SrcFileId="2" StartOffset="1562"/>
<Loc EndOffset="1665" SrcFileId="2" StartOffset="1606"/>
<Loc EndOffset="1718" SrcFileId="2" StartOffset="1673"/>
</LocList>
<BasicStmnt CovItemId="S24" CovItemPrefix="dataModels.GameTest.java" Intrnl_Id="49">
<LocList>
<Loc EndOffset="1428" SrcFileId="2" StartOffset="1391"/>
</LocList>
</BasicStmnt>
<BasicStmnt CovItemId="S25" CovItemPrefix="dataModels.GameTest.java" Intrnl_Id="50">
<LocList>
<Loc EndOffset="1496" SrcFileId="2" StartOffset="1432"/>
</LocList>
</BasicStmnt>
<BasicStmnt CovItemId="S26" CovItemPrefix="dataModels.GameTest.java" Intrnl_Id="51">
<LocList>
<Loc EndOffset="1524" SrcFileId="2" StartOffset="1500"/>
</LocList>
</BasicStmnt>
<BasicStmnt CovItemId="S27" CovItemPrefix="dataModels.GameTest.java" Intrnl_Id="52">
<LocList>
<Loc EndOffset="1554" SrcFileId="2" StartOffset="1532"/>
</LocList>
</BasicStmnt>
<BasicStmnt CovItemId="S28" CovItemPrefix="dataModels.GameTest.java" Intrnl_Id="53">
<LocList>
<Loc EndOffset="1600" SrcFileId="2" StartOffset="1562"/>
</LocList>
</BasicStmnt>
<BasicStmnt CovItemId="S29" CovItemPrefix="dataModels.GameTest.java" Intrnl_Id="54">
<LocList>
<Loc EndOffset="1665" SrcFileId="2" StartOffset="1606"/>
</LocList>
</BasicStmnt>
<BasicStmnt CovItemId="S30" CovItemPrefix="dataModels.GameTest.java" Intrnl_Id="55">
<LocList>
<Loc EndOffset="1718" SrcFileId="2" StartOffset="1673"/>
</LocList>
</BasicStmnt>
</StmntSeq>
</HierarchyLvl>
<HierarchyLvl HierarchyLvlId="71" HierarchyLvlTypeId="9" Intrnl_Id="56" Name="testSetGameActions">
<Header>
<Loc EndOffset="1770" SrcFileId="2" StartOffset="1730"/>
</Header>
<LocList>
<Loc EndOffset="2316" SrcFileId="2" StartOffset="1730"/>
</LocList>
<StmntSeq Intrnl_Id="57">
<LocList>
<Loc EndOffset="1817" SrcFileId="2" StartOffset="1780"/>
<Loc EndOffset="1885" SrcFileId="2" StartOffset="1821"/>
<Loc EndOffset="1913" SrcFileId="2" StartOffset="1889"/>
<Loc EndOffset="1943" SrcFileId="2" StartOffset="1921"/>
<Loc EndOffset="1989" SrcFileId="2" StartOffset="1951"/>
<Loc EndOffset="2060" SrcFileId="2" StartOffset="1995"/>
<Loc EndOffset="2089" SrcFileId="2" StartOffset="2064"/>
<Loc EndOffset="2118" SrcFileId="2" StartOffset="2093"/>
<Loc EndOffset="2147" SrcFileId="2" StartOffset="2122"/>
<Loc EndOffset="2189" SrcFileId="2" StartOffset="2155"/>
<Loc EndOffset="2256" SrcFileId="2" StartOffset="2197"/>
<Loc EndOffset="2310" SrcFileId="2" StartOffset="2264"/>
</LocList>
<BasicStmnt CovItemId="S31" CovItemPrefix="dataModels.GameTest.java" Intrnl_Id="58">
<LocList>
<Loc EndOffset="1817" SrcFileId="2" StartOffset="1780"/>
</LocList>
</BasicStmnt>
<BasicStmnt CovItemId="S32" CovItemPrefix="dataModels.GameTest.java" Intrnl_Id="59">
<LocList>
<Loc EndOffset="1885" SrcFileId="2" StartOffset="1821"/>
</LocList>
</BasicStmnt>
<BasicStmnt CovItemId="S33" CovItemPrefix="dataModels.GameTest.java" Intrnl_Id="60">
<LocList>
<Loc EndOffset="1913" SrcFileId="2" StartOffset="1889"/>
</LocList>
</BasicStmnt>
<BasicStmnt CovItemId="S34" CovItemPrefix="dataModels.GameTest.java" Intrnl_Id="61">
<LocList>
<Loc EndOffset="1943" SrcFileId="2" StartOffset="1921"/>
</LocList>
</BasicStmnt>
<BasicStmnt CovItemId="S35" CovItemPrefix="dataModels.GameTest.java" Intrnl_Id="62">
<LocList>
<Loc EndOffset="1989" SrcFileId="2" StartOffset="1951"/>
</LocList>
</BasicStmnt>
<BasicStmnt CovItemId="S36" CovItemPrefix="dataModels.GameTest.java" Intrnl_Id="63">
<LocList>
<Loc EndOffset="2060" SrcFileId="2" StartOffset="1995"/>
</LocList>
</BasicStmnt>
<BasicStmnt CovItemId="S37" CovItemPrefix="dataModels.GameTest.java" Intrnl_Id="64">
<LocList>
<Loc EndOffset="2089" SrcFileId="2" StartOffset="2064"/>
</LocList>
</BasicStmnt>
<BasicStmnt CovItemId="S38" CovItemPrefix="dataModels.GameTest.java" Intrnl_Id="65">
<LocList>
<Loc EndOffset="2118" SrcFileId="2" StartOffset="2093"/>
</LocList>
</BasicStmnt>
<BasicStmnt CovItemId="S39" CovItemPrefix="dataModels.GameTest.java" Intrnl_Id="66">
<LocList>
<Loc EndOffset="2147" SrcFileId="2" StartOffset="2122"/>
</LocList>
</BasicStmnt>
<BasicStmnt CovItemId="S40" CovItemPrefix="dataModels.GameTest.java" Intrnl_Id="67">
<LocList>
<Loc EndOffset="2189" SrcFileId="2" StartOffset="2155"/>
</LocList>
</BasicStmnt>
<BasicStmnt CovItemId="S41" CovItemPrefix="dataModels.GameTest.java" Intrnl_Id="68">
<LocList>
<Loc EndOffset="2256" SrcFileId="2" StartOffset="2197"/>
</LocList>
</BasicStmnt>
<BasicStmnt CovItemId="S42" CovItemPrefix="dataModels.GameTest.java" Intrnl_Id="69">
<LocList>
<Loc EndOffset="2310" SrcFileId="2" StartOffset="2264"/>
</LocList>
</BasicStmnt>
</StmntSeq>
</HierarchyLvl>
</HierarchyLvl>
<HierarchyLvl HierarchyLvlId="75" HierarchyLvlTypeId="8" Intrnl_Id="70" Name="GameActionTest">
<Header>
<Loc EndOffset="251" SrcFileId="3" StartOffset="224"/>
</Header>
<LocList>
<Loc EndOffset="1150" SrcFileId="3" StartOffset="224"/>
</LocList>
<HierarchyLvl HierarchyLvlId="73" HierarchyLvlTypeId="9" Intrnl_Id="71" Name="emptyConstructor">
<Header>
<Loc EndOffset="296" SrcFileId="3" StartOffset="258"/>
</Header>
<LocList>
<Loc EndOffset="399" SrcFileId="3" StartOffset="258"/>
</LocList>
<StmntSeq Intrnl_Id="72">
<LocList>
<Loc EndOffset="374" SrcFileId="3" StartOffset="302"/>
<Loc EndOffset="395" SrcFileId="3" StartOffset="378"/>
</LocList>
<BasicStmnt CovItemId="S1" CovItemPrefix="dataModels.GameActionTest.java" Intrnl_Id="73">
<LocList>
<Loc EndOffset="374" SrcFileId="3" StartOffset="302"/>
</LocList>
</BasicStmnt>
<BasicStmnt CovItemId="S2" CovItemPrefix="dataModels.GameActionTest.java" Intrnl_Id="74">
<LocList>
<Loc EndOffset="395" SrcFileId="3" StartOffset="378"/>
</LocList>
</BasicStmnt>
</StmntSeq>
</HierarchyLvl>
<HierarchyLvl HierarchyLvlId="74" HierarchyLvlTypeId="9" Intrnl_Id="75" Name="testConstructor">
<Header>
<Loc EndOffset="441" SrcFileId="3" StartOffset="404"/>
</Header>
<LocList>
<Loc EndOffset="1144" SrcFileId="3" StartOffset="404"/>
</LocList>
<StmntSeq Intrnl_Id="76">
<LocList>
<Loc EndOffset="484" SrcFileId="3" StartOffset="447"/>
<Loc EndOffset="500" SrcFileId="3" StartOffset="488"/>
<Loc EndOffset="516" SrcFileId="3" StartOffset="504"/>
<Loc EndOffset="565" SrcFileId="3" StartOffset="520"/>
<Loc EndOffset="612" SrcFileId="3" StartOffset="569"/>
<Loc EndOffset="660" SrcFileId="3" StartOffset="616"/>
<Loc EndOffset="713" SrcFileId="3" StartOffset="668"/>
<Loc EndOffset="760" SrcFileId="3" StartOffset="717"/>
<Loc EndOffset="808" SrcFileId="3" StartOffset="764"/>
<Loc EndOffset="857" SrcFileId="3" StartOffset="812"/>
<Loc EndOffset="934" SrcFileId="3" StartOffset="865"/>
<Loc EndOffset="987" SrcFileId="3" StartOffset="942"/>
<Loc EndOffset="1030" SrcFileId="3" StartOffset="991"/>
<Loc EndOffset="1080" SrcFileId="3" StartOffset="1034"/>
<Loc EndOffset="1140" SrcFileId="3" StartOffset="1084"/>
</LocList>
<BasicStmnt CovItemId="S3" CovItemPrefix="dataModels.GameActionTest.java" Intrnl_Id="77">
<LocList>
<Loc EndOffset="484" SrcFileId="3" StartOffset="447"/>
</LocList>
</BasicStmnt>
<BasicStmnt CovItemId="S4" CovItemPrefix="dataModels.GameActionTest.java" Intrnl_Id="78">
<LocList>
<Loc EndOffset="500" SrcFileId="3" StartOffset="488"/>
</LocList>
</BasicStmnt>
<BasicStmnt CovItemId="S5" CovItemPrefix="dataModels.GameActionTest.java" Intrnl_Id="79">
<LocList>
<Loc EndOffset="516" SrcFileId="3" StartOffset="504"/>
</LocList>
</BasicStmnt>
<BasicStmnt CovItemId="S6" CovItemPrefix="dataModels.GameActionTest.java" Intrnl_Id="80">
<LocList>
<Loc EndOffset="565" SrcFileId="3" StartOffset="520"/>
</LocList>
</BasicStmnt>
<BasicStmnt CovItemId="S7" CovItemPrefix="dataModels.GameActionTest.java" Intrnl_Id="81">
<LocList>
<Loc EndOffset="612" SrcFileId="3" StartOffset="569"/>
</LocList>
</BasicStmnt>
<BasicStmnt CovItemId="S8" CovItemPrefix="dataModels.GameActionTest.java" Intrnl_Id="82">
<LocList>
<Loc EndOffset="660" SrcFileId="3" StartOffset="616"/>
</LocList>
</BasicStmnt>
<BasicStmnt CovItemId="S9" CovItemPrefix="dataModels.GameActionTest.java" Intrnl_Id="83">
<LocList>
<Loc EndOffset="713" SrcFileId="3" StartOffset="668"/>
</LocList>
</BasicStmnt>
<BasicStmnt CovItemId="S10" CovItemPrefix="dataModels.GameActionTest.java" Intrnl_Id="84">
<LocList>
<Loc EndOffset="760" SrcFileId="3" StartOffset="717"/>
</LocList>
</BasicStmnt>
<BasicStmnt CovItemId="S11" CovItemPrefix="dataModels.GameActionTest.java" Intrnl_Id="85">
<LocList>
<Loc EndOffset="808" SrcFileId="3" StartOffset="764"/>
</LocList>
</BasicStmnt>
<BasicStmnt CovItemId="S12" CovItemPrefix="dataModels.GameActionTest.java" Intrnl_Id="86">
<LocList>
<Loc EndOffset="857" SrcFileId="3" StartOffset="812"/>
</LocList>
</BasicStmnt>
<BasicStmnt CovItemId="S13" CovItemPrefix="dataModels.GameActionTest.java" Intrnl_Id="87">
<LocList>
<Loc EndOffset="934" SrcFileId="3" StartOffset="865"/>
</LocList>
</BasicStmnt>
<BasicStmnt CovItemId="S14" CovItemPrefix="dataModels.GameActionTest.java" Intrnl_Id="88">
<LocList>
<Loc EndOffset="987" SrcFileId="3" StartOffset="942"/>
</LocList>
</BasicStmnt>
<BasicStmnt CovItemId="S15" CovItemPrefix="dataModels.GameActionTest.java" Intrnl_Id="89">
<LocList>
<Loc EndOffset="1030" SrcFileId="3" StartOffset="991"/>
</LocList>
</BasicStmnt>
<BasicStmnt CovItemId="S16" CovItemPrefix="dataModels.GameActionTest.java" Intrnl_Id="90">
<LocList>
<Loc EndOffset="1080" SrcFileId="3" StartOffset="1034"/>
</LocList>
</BasicStmnt>
<BasicStmnt CovItemId="S17" CovItemPrefix="dataModels.GameActionTest.java" Intrnl_Id="91">
<LocList>
<Loc EndOffset="1140" SrcFileId="3" StartOffset="1084"/>
</LocList>
</BasicStmnt>
</StmntSeq>
</HierarchyLvl>
</HierarchyLvl>
<HierarchyLvl HierarchyLvlId="96" HierarchyLvlTypeId="8" Intrnl_Id="92" Name="FilterTest">
<Header>
<Loc EndOffset="337" SrcFileId="4" StartOffset="314"/>
</Header>
<LocList>
<Loc EndOffset="7976" SrcFileId="4" StartOffset="314"/>
</LocList>
<HierarchyLvl HierarchyLvlId="76" HierarchyLvlTypeId="9" Intrnl_Id="93" Name="testFilterConstructor">
<Header>
<Loc EndOffset="387" SrcFileId="4" StartOffset="344"/>
</Header>
<LocList>
<Loc EndOffset="642" SrcFileId="4" StartOffset="344"/>
</LocList>
<StmntSeq Intrnl_Id="94">
<LocList>
<Loc EndOffset="425" SrcFileId="4" StartOffset="396"/>
<Loc EndOffset="484" SrcFileId="4" StartOffset="433"/>
<Loc EndOffset="522" SrcFileId="4" StartOffset="488"/>
<Loc EndOffset="575" SrcFileId="4" StartOffset="526"/>
<Loc EndOffset="634" SrcFileId="4" StartOffset="579"/>
</LocList>
<BasicStmnt CovItemId="S1" CovItemPrefix="dataModels.FilterTest.java" Intrnl_Id="95">
<LocList>
<Loc EndOffset="425" SrcFileId="4" StartOffset="396"/>
</LocList>
</BasicStmnt>
<BasicStmnt CovItemId="S2" CovItemPrefix="dataModels.FilterTest.java" Intrnl_Id="96">
<LocList>
<Loc EndOffset="484" SrcFileId="4" StartOffset="433"/>
</LocList>
</BasicStmnt>
<BasicStmnt CovItemId="S3" CovItemPrefix="dataModels.FilterTest.java" Intrnl_Id="97">
<LocList>
<Loc EndOffset="522" SrcFileId="4" StartOffset="488"/>
</LocList>
</BasicStmnt>
<BasicStmnt CovItemId="S4" CovItemPrefix="dataModels.FilterTest.java" Intrnl_Id="98">
<LocList>
<Loc EndOffset="575" SrcFileId="4" StartOffset="526"/>
</LocList>
</BasicStmnt>
<BasicStmnt CovItemId="S5" CovItemPrefix="dataModels.FilterTest.java" Intrnl_Id="99">
<LocList>
<Loc EndOffset="634" SrcFileId="4" StartOffset="579"/>
</LocList>
</BasicStmnt>
</StmntSeq>
</HierarchyLvl>
<HierarchyLvl HierarchyLvlId="77" HierarchyLvlTypeId="9" Intrnl_Id="100" Name="testFilterTimeFrameConstructor">
<Header>
<Loc EndOffset="700" SrcFileId="4" StartOffset="648"/>
</Header>
<LocList>
<Loc EndOffset="1019" SrcFileId="4" StartOffset="648"/>
</LocList>
<StmntSeq Intrnl_Id="101">
<LocList>
<Loc EndOffset="747" SrcFileId="4" StartOffset="709"/>
<Loc EndOffset="800" SrcFileId="4" StartOffset="751"/>
<Loc EndOffset="861" SrcFileId="4" StartOffset="808"/>
<Loc EndOffset="899" SrcFileId="4" StartOffset="865"/>
<Loc EndOffset="952" SrcFileId="4" StartOffset="903"/>
<Loc EndOffset="1011" SrcFileId="4" StartOffset="956"/>
</LocList>
<BasicStmnt CovItemId="S6" CovItemPrefix="dataModels.FilterTest.java" Intrnl_Id="102">
<LocList>
<Loc EndOffset="747" SrcFileId="4" StartOffset="709"/>
</LocList>
</BasicStmnt>
<BasicStmnt CovItemId="S7" CovItemPrefix="dataModels.FilterTest.java" Intrnl_Id="103">
<LocList>
<Loc EndOffset="800" SrcFileId="4" StartOffset="751"/>
</LocList>
</BasicStmnt>
<BasicStmnt CovItemId="S8" CovItemPrefix="dataModels.FilterTest.java" Intrnl_Id="104">
<LocList>
<Loc EndOffset="861" SrcFileId="4" StartOffset="808"/>
</LocList>
</BasicStmnt>
<BasicStmnt CovItemId="S9" CovItemPrefix="dataModels.FilterTest.java" Intrnl_Id="105">
<LocList>
<Loc EndOffset="899" SrcFileId="4" StartOffset="865"/>
</LocList>
</BasicStmnt>
<BasicStmnt CovItemId="S10" CovItemPrefix="dataModels.FilterTest.java" Intrnl_Id="106">
<LocList>
<Loc EndOffset="952" SrcFileId="4" StartOffset="903"/>
</LocList>
</BasicStmnt>
<BasicStmnt CovItemId="S11" CovItemPrefix="dataModels.FilterTest.java" Intrnl_Id="107">
<LocList>
<Loc EndOffset="1011" SrcFileId="4" StartOffset="956"/>
</LocList>
</BasicStmnt>
</StmntSeq>
</HierarchyLvl>
<HierarchyLvl HierarchyLvlId="78" HierarchyLvlTypeId="9" Intrnl_Id="108" Name="testFilterTF_SK_MX_Constructor">
<Header>
<Loc EndOffset="1077" SrcFileId="4" StartOffset="1025"/>
</Header>
<LocList>
<Loc EndOffset="1429" SrcFileId="4" StartOffset="1025"/>
</LocList>
<StmntSeq Intrnl_Id="109">
<LocList>
<Loc EndOffset="1099" SrcFileId="4" StartOffset="1086"/>
<Loc EndOffset="1115" SrcFileId="4" StartOffset="1103"/>
<Loc EndOffset="1157" SrcFileId="4" StartOffset="1119"/>
<Loc EndOffset="1221" SrcFileId="4" StartOffset="1161"/>
<Loc EndOffset="1282" SrcFileId="4" StartOffset="1229"/>
<Loc EndOffset="1323" SrcFileId="4" StartOffset="1286"/>
<Loc EndOffset="1362" SrcFileId="4" StartOffset="1327"/>
<Loc EndOffset="1421" SrcFileId="4" StartOffset="1366"/>
</LocList>
<BasicStmnt CovItemId="S12" CovItemPrefix="dataModels.FilterTest.java" Intrnl_Id="110">
<LocList>
<Loc EndOffset="1099" SrcFileId="4" StartOffset="1086"/>
</LocList>
</BasicStmnt>
<BasicStmnt CovItemId="S13" CovItemPrefix="dataModels.FilterTest.java" Intrnl_Id="111">
<LocList>
<Loc EndOffset="1115" SrcFileId="4" StartOffset="1103"/>
</LocList>
</BasicStmnt>
<BasicStmnt CovItemId="S14" CovItemPrefix="dataModels.FilterTest.java" Intrnl_Id="112">
<LocList>
<Loc EndOffset="1157" SrcFileId="4" StartOffset="1119"/>
</LocList>
</BasicStmnt>
<BasicStmnt CovItemId="S15" CovItemPrefix="dataModels.FilterTest.java" Intrnl_Id="113">
<LocList>
<Loc EndOffset="1221" SrcFileId="4" StartOffset="1161"/>
</LocList>
</BasicStmnt>
<BasicStmnt CovItemId="S16" CovItemPrefix="dataModels.FilterTest.java" Intrnl_Id="114">
<LocList>
<Loc EndOffset="1282" SrcFileId="4" StartOffset="1229"/>
</LocList>
</BasicStmnt>
<BasicStmnt CovItemId="S17" CovItemPrefix="dataModels.FilterTest.java" Intrnl_Id="115">
<LocList>
<Loc EndOffset="1323" SrcFileId="4" StartOffset="1286"/>
</LocList>
</BasicStmnt>
<BasicStmnt CovItemId="S18" CovItemPrefix="dataModels.FilterTest.java" Intrnl_Id="116">
<LocList>
<Loc EndOffset="1362" SrcFileId="4" StartOffset="1327"/>
</LocList>
</BasicStmnt>
<BasicStmnt CovItemId="S19" CovItemPrefix="dataModels.FilterTest.java" Intrnl_Id="117">
<LocList>
<Loc EndOffset="1421" SrcFileId="4" StartOffset="1366"/>
</LocList>
</BasicStmnt>
</StmntSeq>
</HierarchyLvl>
<HierarchyLvl HierarchyLvlId="79" HierarchyLvlTypeId="9" Intrnl_Id="118" Name="testFilterFullConstructor">
<Header>
<Loc EndOffset="1482" SrcFileId="4" StartOffset="1435"/>
</Header>
<LocList>
<Loc EndOffset="1870" SrcFileId="4" StartOffset="1435"/>
</LocList>
<StmntSeq Intrnl_Id="119">
<LocList>
<Loc EndOffset="1504" SrcFileId="4" StartOffset="1491"/>
<Loc EndOffset="1520" SrcFileId="4" StartOffset="1508"/>
<Loc EndOffset="1562" SrcFileId="4" StartOffset="1524"/>
<Loc EndOffset="1602" SrcFileId="4" StartOffset="1566"/>
<Loc EndOffset="1676" SrcFileId="4" StartOffset="1610"/>
<Loc EndOffset="1737" SrcFileId="4" StartOffset="1684"/>
<Loc EndOffset="1778" SrcFileId="4" StartOffset="1741"/>
<Loc EndOffset="1817" SrcFileId="4" StartOffset="1782"/>
<Loc EndOffset="1862" SrcFileId="4" StartOffset="1821"/>
</LocList>
<BasicStmnt CovItemId="S20" CovItemPrefix="dataModels.FilterTest.java" Intrnl_Id="120">
<LocList>
<Loc EndOffset="1504" SrcFileId="4" StartOffset="1491"/>
</LocList>
</BasicStmnt>
<BasicStmnt CovItemId="S21" CovItemPrefix="dataModels.FilterTest.java" Intrnl_Id="121">
<LocList>
<Loc EndOffset="1520" SrcFileId="4" StartOffset="1508"/>
</LocList>
</BasicStmnt>
<BasicStmnt CovItemId="S22" CovItemPrefix="dataModels.FilterTest.java" Intrnl_Id="122">
<LocList>
<Loc EndOffset="1562" SrcFileId="4" StartOffset="1524"/>
</LocList>
</BasicStmnt>
<BasicStmnt CovItemId="S23" CovItemPrefix="dataModels.FilterTest.java" Intrnl_Id="123">
<LocList>
<Loc EndOffset="1602" SrcFileId="4" StartOffset="1566"/>
</LocList>
</BasicStmnt>
<BasicStmnt CovItemId="S24" CovItemPrefix="dataModels.FilterTest.java" Intrnl_Id="124">
<LocList>
<Loc EndOffset="1676" SrcFileId="4" StartOffset="1610"/>
</LocList>
</BasicStmnt>
<BasicStmnt CovItemId="S25" CovItemPrefix="dataModels.FilterTest.java" Intrnl_Id="125">
<LocList>
<Loc EndOffset="1737" SrcFileId="4" StartOffset="1684"/>
</LocList>
</BasicStmnt>
<BasicStmnt CovItemId="S26" CovItemPrefix="dataModels.FilterTest.java" Intrnl_Id="126">
<LocList>
<Loc EndOffset="1778" SrcFileId="4" StartOffset="1741"/>
</LocList>
</BasicStmnt>
<BasicStmnt CovItemId="S27" CovItemPrefix="dataModels.FilterTest.java" Intrnl_Id="127">
<LocList>
<Loc EndOffset="1817" SrcFileId="4" StartOffset="1782"/>
</LocList>
</BasicStmnt>
<BasicStmnt CovItemId="S28" CovItemPrefix="dataModels.FilterTest.java" Intrnl_Id="128">
<LocList>
<Loc EndOffset="1862" SrcFileId="4" StartOffset="1821"/>
</LocList>
</BasicStmnt>
</StmntSeq>
</HierarchyLvl>
<HierarchyLvl HierarchyLvlId="80" HierarchyLvlTypeId="9" Intrnl_Id="129" Name="testGetTimeFrame">
<Header>
<Loc EndOffset="1914" SrcFileId="4" StartOffset="1876"/>
</Header>
<LocList>
<Loc EndOffset="2169" SrcFileId="4" StartOffset="1876"/>
</LocList>
<StmntSeq Intrnl_Id="130">
<LocList>
<Loc EndOffset="1936" SrcFileId="4" StartOffset="1923"/>
<Loc EndOffset="1952" SrcFileId="4" StartOffset="1940"/>
<Loc EndOffset="1994" SrcFileId="4" StartOffset="1956"/>
<Loc EndOffset="2034" SrcFileId="4" StartOffset="1998"/>
<Loc EndOffset="2108" SrcFileId="4" StartOffset="2042"/>
<Loc EndOffset="2165" SrcFileId="4" StartOffset="2112"/>
</LocList>
<BasicStmnt CovItemId="S29" CovItemPrefix="dataModels.FilterTest.java" Intrnl_Id="131">
<LocList>
<Loc EndOffset="1936" SrcFileId="4" StartOffset="1923"/>
</LocList>
</BasicStmnt>
<BasicStmnt CovItemId="S30" CovItemPrefix="dataModels.FilterTest.java" Intrnl_Id="132">
<LocList>
<Loc EndOffset="1952" SrcFileId="4" StartOffset="1940"/>
</LocList>
</BasicStmnt>
<BasicStmnt CovItemId="S31" CovItemPrefix="dataModels.FilterTest.java" Intrnl_Id="133">
<LocList>
<Loc EndOffset="1994" SrcFileId="4" StartOffset="1956"/>
</LocList>
</BasicStmnt>
<BasicStmnt CovItemId="S32" CovItemPrefix="dataModels.FilterTest.java" Intrnl_Id="134">
<LocList>
<Loc EndOffset="2034" SrcFileId="4" StartOffset="1998"/>
</LocList>
</BasicStmnt>
<BasicStmnt CovItemId="S33" CovItemPrefix="dataModels.FilterTest.java" Intrnl_Id="135">
<LocList>
<Loc EndOffset="2108" SrcFileId="4" StartOffset="2042"/>
</LocList>
</BasicStmnt>
<BasicStmnt CovItemId="S34" CovItemPrefix="dataModels.FilterTest.java" Intrnl_Id="136">
<LocList>
<Loc EndOffset="2165" SrcFileId="4" StartOffset="2112"/>
</LocList>
</BasicStmnt>
</StmntSeq>
</HierarchyLvl>
<HierarchyLvl HierarchyLvlId="81" HierarchyLvlTypeId="9" Intrnl_Id="137" Name="testSetTimeFrame">
<Header>
<Loc EndOffset="2213" SrcFileId="4" StartOffset="2175"/>
</Header>
<LocList>
<Loc EndOffset="2505" SrcFileId="4" StartOffset="2175"/>
</LocList>
<StmntSeq Intrnl_Id="138">
<LocList>
<Loc EndOffset="2235" SrcFileId="4" StartOffset="2222"/>
<Loc EndOffset="2251" SrcFileId="4" StartOffset="2239"/>
<Loc EndOffset="2293" SrcFileId="4" StartOffset="2255"/>
<Loc EndOffset="2333" SrcFileId="4" StartOffset="2297"/>
<Loc EndOffset="2407" SrcFileId="4" StartOffset="2341"/>
<Loc EndOffset="2446" SrcFileId="4" StartOffset="2411"/>
<Loc EndOffset="2501" SrcFileId="4" StartOffset="2450"/>
</LocList>
<BasicStmnt CovItemId="S35" CovItemPrefix="dataModels.FilterTest.java" Intrnl_Id="139">
<LocList>
<Loc EndOffset="2235" SrcFileId="4" StartOffset="2222"/>
</LocList>
</BasicStmnt>
<BasicStmnt CovItemId="S36" CovItemPrefix="dataModels.FilterTest.java" Intrnl_Id="140">
<LocList>
<Loc EndOffset="2251" SrcFileId="4" StartOffset="2239"/>
</LocList>
</BasicStmnt>
<BasicStmnt CovItemId="S37" CovItemPrefix="dataModels.FilterTest.java" Intrnl_Id="141">
<LocList>
<Loc EndOffset="2293" SrcFileId="4" StartOffset="2255"/>
</LocList>
</BasicStmnt>
<BasicStmnt CovItemId="S38" CovItemPrefix="dataModels.FilterTest.java" Intrnl_Id="142">
<LocList>
<Loc EndOffset="2333" SrcFileId="4" StartOffset="2297"/>
</LocList>
</BasicStmnt>
<BasicStmnt CovItemId="S39" CovItemPrefix="dataModels.FilterTest.java" Intrnl_Id="143">
<LocList>
<Loc EndOffset="2407" SrcFileId="4" StartOffset="2341"/>
</LocList>
</BasicStmnt>
<BasicStmnt CovItemId="S40" CovItemPrefix="dataModels.FilterTest.java" Intrnl_Id="144">
<LocList>
<Loc EndOffset="2446" SrcFileId="4" StartOffset="2411"/>
</LocList>
</BasicStmnt>
<BasicStmnt CovItemId="S41" CovItemPrefix="dataModels.FilterTest.java" Intrnl_Id="145">
<LocList>
<Loc EndOffset="2501" SrcFileId="4" StartOffset="2450"/>
</LocList>
</BasicStmnt>
</StmntSeq>
</HierarchyLvl>
<HierarchyLvl HierarchyLvlId="82" HierarchyLvlTypeId="9" Intrnl_Id="146" Name="testSetTimeFrameString">
<Header>
<Loc EndOffset="2555" SrcFileId="4" StartOffset="2511"/>
</Header>
<LocList>
<Loc EndOffset="2843" SrcFileId="4" StartOffset="2511"/>
</LocList>
<StmntSeq Intrnl_Id="147">
<LocList>
<Loc EndOffset="2577" SrcFileId="4" StartOffset="2564"/>
<Loc EndOffset="2593" SrcFileId="4" StartOffset="2581"/>
<Loc EndOffset="2635" SrcFileId="4" StartOffset="2597"/>
<Loc EndOffset="2675" SrcFileId="4" StartOffset="2639"/>
<Loc EndOffset="2749" SrcFileId="4" StartOffset="2683"/>
<Loc EndOffset="2782" SrcFileId="4" StartOffset="2753"/>
<Loc EndOffset="2839" SrcFileId="4" StartOffset="2786"/>
</LocList>
<BasicStmnt CovItemId="S42" CovItemPrefix="dataModels.FilterTest.java" Intrnl_Id="148">
<LocList>
<Loc EndOffset="2577" SrcFileId="4" StartOffset="2564"/>
</LocList>
</BasicStmnt>
<BasicStmnt CovItemId="S43" CovItemPrefix="dataModels.FilterTest.java" Intrnl_Id="149">
<LocList>
<Loc EndOffset="2593" SrcFileId="4" StartOffset="2581"/>
</LocList>
</BasicStmnt>
<BasicStmnt CovItemId="S44" CovItemPrefix="dataModels.FilterTest.java" Intrnl_Id="150">
<LocList>
<Loc EndOffset="2635" SrcFileId="4" StartOffset="2597"/>
</LocList>
</BasicStmnt>
<BasicStmnt CovItemId="S45" CovItemPrefix="dataModels.FilterTest.java" Intrnl_Id="151">
<LocList>
<Loc EndOffset="2675" SrcFileId="4" StartOffset="2639"/>
</LocList>
</BasicStmnt>
<BasicStmnt CovItemId="S46" CovItemPrefix="dataModels.FilterTest.java" Intrnl_Id="152">
<LocList>
<Loc EndOffset="2749" SrcFileId="4" StartOffset="2683"/>
</LocList>
</BasicStmnt>
<BasicStmnt CovItemId="S47" CovItemPrefix="dataModels.FilterTest.java" Intrnl_Id="153">
<LocList>
<Loc EndOffset="2782" SrcFileId="4" StartOffset="2753"/>
</LocList>
</BasicStmnt>
<BasicStmnt CovItemId="S48" CovItemPrefix="dataModels.FilterTest.java" Intrnl_Id="154">
<LocList>
<Loc EndOffset="2839" SrcFileId="4" StartOffset="2786"/>
</LocList>
</BasicStmnt>
</StmntSeq>
</HierarchyLvl>
<HierarchyLvl HierarchyLvlId="83" HierarchyLvlTypeId="9" Intrnl_Id="155" Name="testGetRankType">
<Header>
<Loc EndOffset="2886" SrcFileId="4" StartOffset="2849"/>
</Header>
<LocList>
<Loc EndOffset="3144" SrcFileId="4" StartOffset="2849"/>
</LocList>
<StmntSeq Intrnl_Id="156">
<LocList>
<Loc EndOffset="2908" SrcFileId="4" StartOffset="2895"/>
<Loc EndOffset="2924" SrcFileId="4" StartOffset="2912"/>
<Loc EndOffset="2966" SrcFileId="4" StartOffset="2928"/>
<Loc EndOffset="3006" SrcFileId="4" StartOffset="2970"/>
<Loc EndOffset="3080" SrcFileId="4" StartOffset="3014"/>
<Loc EndOffset="3140" SrcFileId="4" StartOffset="3084"/>
</LocList>
<BasicStmnt CovItemId="S49" CovItemPrefix="dataModels.FilterTest.java" Intrnl_Id="157">
<LocList>
<Loc EndOffset="2908" SrcFileId="4" StartOffset="2895"/>
</LocList>
</BasicStmnt>
<BasicStmnt CovItemId="S50" CovItemPrefix="dataModels.FilterTest.java" Intrnl_Id="158">
<LocList>
<Loc EndOffset="2924" SrcFileId="4" StartOffset="2912"/>
</LocList>
</BasicStmnt>
<BasicStmnt CovItemId="S51" CovItemPrefix="dataModels.FilterTest.java" Intrnl_Id="159">
<LocList>
<Loc EndOffset="2966" SrcFileId="4" StartOffset="2928"/>
</LocList>
</BasicStmnt>
<BasicStmnt CovItemId="S52" CovItemPrefix="dataModels.FilterTest.java" Intrnl_Id="160">
<LocList>
<Loc EndOffset="3006" SrcFileId="4" StartOffset="2970"/>
</LocList>
</BasicStmnt>
<BasicStmnt CovItemId="S53" CovItemPrefix="dataModels.FilterTest.java" Intrnl_Id="161">
<LocList>
<Loc EndOffset="3080" SrcFileId="4" StartOffset="3014"/>
</LocList>
</BasicStmnt>
<BasicStmnt CovItemId="S54" CovItemPrefix="dataModels.FilterTest.java" Intrnl_Id="162">
<LocList>
<Loc EndOffset="3140" SrcFileId="4" StartOffset="3084"/>
</LocList>
</BasicStmnt>
</StmntSeq>
</HierarchyLvl>
<HierarchyLvl HierarchyLvlId="84" HierarchyLvlTypeId="9" Intrnl_Id="163" Name="testSetRankType">
<Header>
<Loc EndOffset="3187" SrcFileId="4" StartOffset="3150"/>
</Header>
<LocList>
<Loc EndOffset="3487" SrcFileId="4" StartOffset="3150"/>
</LocList>
<StmntSeq Intrnl_Id="164">
<LocList>
<Loc EndOffset="3209" SrcFileId="4" StartOffset="3196"/>
<Loc EndOffset="3225" SrcFileId="4" StartOffset="3213"/>
<Loc EndOffset="3267" SrcFileId="4" StartOffset="3229"/>
<Loc EndOffset="3307" SrcFileId="4" StartOffset="3271"/>
<Loc EndOffset="3381" SrcFileId="4" StartOffset="3315"/>
<Loc EndOffset="3424" SrcFileId="4" StartOffset="3385"/>
<Loc EndOffset="3483" SrcFileId="4" StartOffset="3428"/>
</LocList>
<BasicStmnt CovItemId="S55" CovItemPrefix="dataModels.FilterTest.java" Intrnl_Id="165">
<LocList>
<Loc EndOffset="3209" SrcFileId="4" StartOffset="3196"/>
</LocList>
</BasicStmnt>
<BasicStmnt CovItemId="S56" CovItemPrefix="dataModels.FilterTest.java" Intrnl_Id="166">
<LocList>
<Loc EndOffset="3225" SrcFileId="4" StartOffset="3213"/>
</LocList>
</BasicStmnt>
<BasicStmnt CovItemId="S57" CovItemPrefix="dataModels.FilterTest.java" Intrnl_Id="167">
<LocList>
<Loc EndOffset="3267" SrcFileId="4" StartOffset="3229"/>
</LocList>
</BasicStmnt>
<BasicStmnt CovItemId="S58" CovItemPrefix="dataModels.FilterTest.java" Intrnl_Id="168">
<LocList>
<Loc EndOffset="3307" SrcFileId="4" StartOffset="3271"/>
</LocList>
</BasicStmnt>
<BasicStmnt CovItemId="S59" CovItemPrefix="dataModels.FilterTest.java" Intrnl_Id="169">
<LocList>
<Loc EndOffset="3381" SrcFileId="4" StartOffset="3315"/>
</LocList>
</BasicStmnt>
<BasicStmnt CovItemId="S60" CovItemPrefix="dataModels.FilterTest.java" Intrnl_Id="170">
<LocList>
<Loc EndOffset="3424" SrcFileId="4" StartOffset="3385"/>
</LocList>
</BasicStmnt>
<BasicStmnt CovItemId="S61" CovItemPrefix="dataModels.FilterTest.java" Intrnl_Id="171">
<LocList>
<Loc EndOffset="3483" SrcFileId="4" StartOffset="3428"/>
</LocList>
</BasicStmnt>
</StmntSeq>
</HierarchyLvl>
<HierarchyLvl HierarchyLvlId="85" HierarchyLvlTypeId="9" Intrnl_Id="172" Name="testSetRankTypeString">
<Header>
<Loc EndOffset="3536" SrcFileId="4" StartOffset="3493"/>
</Header>
<LocList>
<Loc EndOffset="3847" SrcFileId="4" StartOffset="3493"/>
</LocList>
<StmntSeq Intrnl_Id="173">
<LocList>
<Loc EndOffset="3558" SrcFileId="4" StartOffset="3545"/>
<Loc EndOffset="3574" SrcFileId="4" StartOffset="3562"/>
<Loc EndOffset="3616" SrcFileId="4" StartOffset="3578"/>
<Loc EndOffset="3656" SrcFileId="4" StartOffset="3620"/>
<Loc EndOffset="3730" SrcFileId="4" StartOffset="3664"/>
<Loc EndOffset="3784" SrcFileId="4" StartOffset="3734"/>
<Loc EndOffset="3843" SrcFileId="4" StartOffset="3788"/>
</LocList>
<BasicStmnt CovItemId="S62" CovItemPrefix="dataModels.FilterTest.java" Intrnl_Id="174">
<LocList>
<Loc EndOffset="3558" SrcFileId="4" StartOffset="3545"/>
</LocList>
</BasicStmnt>
<BasicStmnt CovItemId="S63" CovItemPrefix="dataModels.FilterTest.java" Intrnl_Id="175">
<LocList>
<Loc EndOffset="3574" SrcFileId="4" StartOffset="3562"/>
</LocList>
</BasicStmnt>
<BasicStmnt CovItemId="S64" CovItemPrefix="dataModels.FilterTest.java" Intrnl_Id="176">
<LocList>
<Loc EndOffset="3616" SrcFileId="4" StartOffset="3578"/>
</LocList>
</BasicStmnt>
<BasicStmnt CovItemId="S65" CovItemPrefix="dataModels.FilterTest.java" Intrnl_Id="177">
<LocList>
<Loc EndOffset="3656" SrcFileId="4" StartOffset="3620"/>
</LocList>
</BasicStmnt>
<BasicStmnt CovItemId="S66" CovItemPrefix="dataModels.FilterTest.java" Intrnl_Id="178">
<LocList>
<Loc EndOffset="3730" SrcFileId="4" StartOffset="3664"/>
</LocList>
</BasicStmnt>
<BasicStmnt CovItemId="S67" CovItemPrefix="dataModels.FilterTest.java" Intrnl_Id="179">
<LocList>
<Loc EndOffset="3784" SrcFileId="4" StartOffset="3734"/>
</LocList>
</BasicStmnt>
<BasicStmnt CovItemId="S68" CovItemPrefix="dataModels.FilterTest.java" Intrnl_Id="180">
<LocList>
<Loc EndOffset="3843" SrcFileId="4" StartOffset="3788"/>
</LocList>
</BasicStmnt>
</StmntSeq>
</HierarchyLvl>
<HierarchyLvl HierarchyLvlId="86" HierarchyLvlTypeId="9" Intrnl_Id="181" Name="testGetSkip">
<Header>
<Loc EndOffset="3886" SrcFileId="4" StartOffset="3853"/>
</Header>
<LocList>
<Loc EndOffset="4125" SrcFileId="4" StartOffset="3853"/>
</LocList>
<StmntSeq Intrnl_Id="182">
<LocList>
<Loc EndOffset="3908" SrcFileId="4" StartOffset="3895"/>
<Loc EndOffset="3924" SrcFileId="4" StartOffset="3912"/>
<Loc EndOffset="3966" SrcFileId="4" StartOffset="3928"/>
<Loc EndOffset="4006" SrcFileId="4" StartOffset="3970"/>
<Loc EndOffset="4080" SrcFileId="4" StartOffset="4014"/>
<Loc EndOffset="4121" SrcFileId="4" StartOffset="4084"/>
</LocList>
<BasicStmnt CovItemId="S69" CovItemPrefix="dataModels.FilterTest.java" Intrnl_Id="183">
<LocList>
<Loc EndOffset="3908" SrcFileId="4" StartOffset="3895"/>
</LocList>
</BasicStmnt>
<BasicStmnt CovItemId="S70" CovItemPrefix="dataModels.FilterTest.java" Intrnl_Id="184">
<LocList>
<Loc EndOffset="3924" SrcFileId="4" StartOffset="3912"/>
</LocList>
</BasicStmnt>
<BasicStmnt CovItemId="S71" CovItemPrefix="dataModels.FilterTest.java" Intrnl_Id="185">
<LocList>
<Loc EndOffset="3966" SrcFileId="4" StartOffset="3928"/>
</LocList>
</BasicStmnt>
<BasicStmnt CovItemId="S72" CovItemPrefix="dataModels.FilterTest.java" Intrnl_Id="186">
<LocList>
<Loc EndOffset="4006" SrcFileId="4" StartOffset="3970"/>
</LocList>
</BasicStmnt>
<BasicStmnt CovItemId="S73" CovItemPrefix="dataModels.FilterTest.java" Intrnl_Id="187">
<LocList>
<Loc EndOffset="4080" SrcFileId="4" StartOffset="4014"/>
</LocList>
</BasicStmnt>
<BasicStmnt CovItemId="S74" CovItemPrefix="dataModels.FilterTest.java" Intrnl_Id="188">
<LocList>
<Loc EndOffset="4121" SrcFileId="4" StartOffset="4084"/>
</LocList>
</BasicStmnt>
</StmntSeq>
</HierarchyLvl>
<HierarchyLvl HierarchyLvlId="87" HierarchyLvlTypeId="9" Intrnl_Id="189" Name="testSetSkip">
<Header>
<Loc EndOffset="4163" SrcFileId="4" StartOffset="4130"/>
</Header>
<LocList>
<Loc EndOffset="4421" SrcFileId="4" StartOffset="4130"/>
</LocList>
<StmntSeq Intrnl_Id="190">
<LocList>
<Loc EndOffset="4185" SrcFileId="4" StartOffset="4172"/>
<Loc EndOffset="4201" SrcFileId="4" StartOffset="4189"/>
<Loc EndOffset="4243" SrcFileId="4" StartOffset="4205"/>
<Loc EndOffset="4283" SrcFileId="4" StartOffset="4247"/>
<Loc EndOffset="4357" SrcFileId="4" StartOffset="4291"/>
<Loc EndOffset="4379" SrcFileId="4" StartOffset="4361"/>
<Loc EndOffset="4417" SrcFileId="4" StartOffset="4383"/>
</LocList>
<BasicStmnt CovItemId="S75" CovItemPrefix="dataModels.FilterTest.java" Intrnl_Id="191">
<LocList>
<Loc EndOffset="4185" SrcFileId="4" StartOffset="4172"/>
</LocList>
</BasicStmnt>
<BasicStmnt CovItemId="S76" CovItemPrefix="dataModels.FilterTest.java" Intrnl_Id="192">
<LocList>
<Loc EndOffset="4201" SrcFileId="4" StartOffset="4189"/>
</LocList>
</BasicStmnt>
<BasicStmnt CovItemId="S77" CovItemPrefix="dataModels.FilterTest.java" Intrnl_Id="193">
<LocList>
<Loc EndOffset="4243" SrcFileId="4" StartOffset="4205"/>
</LocList>
</BasicStmnt>
<BasicStmnt CovItemId="S78" CovItemPrefix="dataModels.FilterTest.java" Intrnl_Id="194">
<LocList>
<Loc EndOffset="4283" SrcFileId="4" StartOffset="4247"/>
</LocList>
</BasicStmnt>
<BasicStmnt CovItemId="S79" CovItemPrefix="dataModels.FilterTest.java" Intrnl_Id="195">
<LocList>
<Loc EndOffset="4357" SrcFileId="4" StartOffset="4291"/>
</LocList>
</BasicStmnt>
<BasicStmnt CovItemId="S80" CovItemPrefix="dataModels.FilterTest.java" Intrnl_Id="196">
<LocList>
<Loc EndOffset="4379" SrcFileId="4" StartOffset="4361"/>
</LocList>
</BasicStmnt>
<BasicStmnt CovItemId="S81" CovItemPrefix="dataModels.FilterTest.java" Intrnl_Id="197">
<LocList>
<Loc EndOffset="4417" SrcFileId="4" StartOffset="4383"/>
</LocList>
</BasicStmnt>
</StmntSeq>
</HierarchyLvl>
<HierarchyLvl HierarchyLvlId="88" HierarchyLvlTypeId="9" Intrnl_Id="198" Name="testGetMax">
<Header>
<Loc EndOffset="4459" SrcFileId="4" StartOffset="4427"/>
</Header>
<LocList>
<Loc EndOffset="4696" SrcFileId="4" StartOffset="4427"/>
</LocList>
<StmntSeq Intrnl_Id="199">
<LocList>
<Loc EndOffset="4481" SrcFileId="4" StartOffset="4468"/>
<Loc EndOffset="4497" SrcFileId="4" StartOffset="4485"/>
<Loc EndOffset="4539" SrcFileId="4" StartOffset="4501"/>
<Loc EndOffset="4579" SrcFileId="4" StartOffset="4543"/>
<Loc EndOffset="4653" SrcFileId="4" StartOffset="4587"/>
<Loc EndOffset="4692" SrcFileId="4" StartOffset="4657"/>
</LocList>
<BasicStmnt CovItemId="S82" CovItemPrefix="dataModels.FilterTest.java" Intrnl_Id="200">
<LocList>
<Loc EndOffset="4481" SrcFileId="4" StartOffset="4468"/>
</LocList>
</BasicStmnt>
<BasicStmnt CovItemId="S83" CovItemPrefix="dataModels.FilterTest.java" Intrnl_Id="201">
<LocList>
<Loc EndOffset="4497" SrcFileId="4" StartOffset="4485"/>
</LocList>
</BasicStmnt>
<BasicStmnt CovItemId="S84" CovItemPrefix="dataModels.FilterTest.java" Intrnl_Id="202">
<LocList>
<Loc EndOffset="4539" SrcFileId="4" StartOffset="4501"/>
</LocList>
</BasicStmnt>
<BasicStmnt CovItemId="S85" CovItemPrefix="dataModels.FilterTest.java" Intrnl_Id="203">
<LocList>
<Loc EndOffset="4579" SrcFileId="4" StartOffset="4543"/>
</LocList>
</BasicStmnt>
<BasicStmnt CovItemId="S86" CovItemPrefix="dataModels.FilterTest.java" Intrnl_Id="204">
<LocList>
<Loc EndOffset="4653" SrcFileId="4" StartOffset="4587"/>
</LocList>
</BasicStmnt>
<BasicStmnt CovItemId="S87" CovItemPrefix="dataModels.FilterTest.java" Intrnl_Id="205">
<LocList>
<Loc EndOffset="4692" SrcFileId="4" StartOffset="4657"/>
</LocList>
</BasicStmnt>
</StmntSeq>
</HierarchyLvl>
<HierarchyLvl HierarchyLvlId="89" HierarchyLvlTypeId="9" Intrnl_Id="206" Name="testSetMax">
<Header>
<Loc EndOffset="4733" SrcFileId="4" StartOffset="4701"/>
</Header>
<LocList>
<Loc EndOffset="4989" SrcFileId="4" StartOffset="4701"/>
</LocList>
<StmntSeq Intrnl_Id="207">
<LocList>
<Loc EndOffset="4755" SrcFileId="4" StartOffset="4742"/>
<Loc EndOffset="4771" SrcFileId="4" StartOffset="4759"/>
<Loc EndOffset="4813" SrcFileId="4" StartOffset="4775"/>
<Loc EndOffset="4853" SrcFileId="4" StartOffset="4817"/>
<Loc EndOffset="4927" SrcFileId="4" StartOffset="4861"/>
<Loc EndOffset="4948" SrcFileId="4" StartOffset="4931"/>
<Loc EndOffset="4985" SrcFileId="4" StartOffset="4952"/>
</LocList>
<BasicStmnt CovItemId="S88" CovItemPrefix="dataModels.FilterTest.java" Intrnl_Id="208">
<LocList>
<Loc EndOffset="4755" SrcFileId="4" StartOffset="4742"/>
</LocList>
</BasicStmnt>
<BasicStmnt CovItemId="S89" CovItemPrefix="dataModels.FilterTest.java" Intrnl_Id="209">
<LocList>
<Loc EndOffset="4771" SrcFileId="4" StartOffset="4759"/>
</LocList>
</BasicStmnt>
<BasicStmnt CovItemId="S90" CovItemPrefix="dataModels.FilterTest.java" Intrnl_Id="210">
<LocList>
<Loc EndOffset="4813" SrcFileId="4" StartOffset="4775"/>
</LocList>
</BasicStmnt>
<BasicStmnt CovItemId="S91" CovItemPrefix="dataModels.FilterTest.java" Intrnl_Id="211">
<LocList>
<Loc EndOffset="4853" SrcFileId="4" StartOffset="4817"/>
</LocList>
</BasicStmnt>
<BasicStmnt CovItemId="S92" CovItemPrefix="dataModels.FilterTest.java" Intrnl_Id="212">
<LocList>
<Loc EndOffset="4927" SrcFileId="4" StartOffset="4861"/>
</LocList>
</BasicStmnt>
<BasicStmnt CovItemId="S93" CovItemPrefix="dataModels.FilterTest.java" Intrnl_Id="213">
<LocList>
<Loc EndOffset="4948" SrcFileId="4" StartOffset="4931"/>
</LocList>
</BasicStmnt>
<BasicStmnt CovItemId="S94" CovItemPrefix="dataModels.FilterTest.java" Intrnl_Id="214">
<LocList>
<Loc EndOffset="4985" SrcFileId="4" StartOffset="4952"/>
</LocList>
</BasicStmnt>
</StmntSeq>
</HierarchyLvl>
<HierarchyLvl HierarchyLvlId="90" HierarchyLvlTypeId="9" Intrnl_Id="215" Name="testgetSqlTimeFrameFilter">
<Header>
<Loc EndOffset="5042" SrcFileId="4" StartOffset="4995"/>
</Header>
<LocList>
<Loc EndOffset="5960" SrcFileId="4" StartOffset="4995"/>
</LocList>
<StmntSeq Intrnl_Id="216">
<LocList>
<Loc EndOffset="5131" SrcFileId="4" StartOffset="5051"/>
<Loc EndOffset="5217" SrcFileId="4" StartOffset="5135"/>
<Loc EndOffset="5305" SrcFileId="4" StartOffset="5221"/>
<Loc EndOffset="5391" SrcFileId="4" StartOffset="5309"/>
<Loc EndOffset="5458" SrcFileId="4" StartOffset="5403"/>
<Loc EndOffset="5519" SrcFileId="4" StartOffset="5462"/>
<Loc EndOffset="5574" SrcFileId="4" StartOffset="5527"/>
<Loc EndOffset="5634" SrcFileId="4" StartOffset="5578"/>
<Loc EndOffset="5688" SrcFileId="4" StartOffset="5642"/>
<Loc EndOffset="5747" SrcFileId="4" StartOffset="5692"/>
<Loc EndOffset="5802" SrcFileId="4" StartOffset="5755"/>
<Loc EndOffset="5862" SrcFileId="4" StartOffset="5806"/>
<Loc EndOffset="5898" SrcFileId="4" StartOffset="5870"/>
<Loc EndOffset="5956" SrcFileId="4" StartOffset="5902"/>
</LocList>
<BasicStmnt CovItemId="S95" CovItemPrefix="dataModels.FilterTest.java" Intrnl_Id="217">
<LocList>
<Loc EndOffset="5131" SrcFileId="4" StartOffset="5051"/>
</LocList>
</BasicStmnt>
<BasicStmnt CovItemId="S96" CovItemPrefix="dataModels.FilterTest.java" Intrnl_Id="218">
<LocList>
<Loc EndOffset="5217" SrcFileId="4" StartOffset="5135"/>
</LocList>
</BasicStmnt>
<BasicStmnt CovItemId="S97" CovItemPrefix="dataModels.FilterTest.java" Intrnl_Id="219">
<LocList>
<Loc EndOffset="5305" SrcFileId="4" StartOffset="5221"/>
</LocList>
</BasicStmnt>
<BasicStmnt CovItemId="S98" CovItemPrefix="dataModels.FilterTest.java" Intrnl_Id="220">
<LocList>
<Loc EndOffset="5391" SrcFileId="4" StartOffset="5309"/>
</LocList>
</BasicStmnt>
<BasicStmnt CovItemId="S99" CovItemPrefix="dataModels.FilterTest.java" Intrnl_Id="221">
<LocList>
<Loc EndOffset="5458" SrcFileId="4" StartOffset="5403"/>
</LocList>
</BasicStmnt>
<BasicStmnt CovItemId="S100" CovItemPrefix="dataModels.FilterTest.java" Intrnl_Id="222">
<LocList>
<Loc EndOffset="5519" SrcFileId="4" StartOffset="5462"/>
</LocList>
</BasicStmnt>
<BasicStmnt CovItemId="S101" CovItemPrefix="dataModels.FilterTest.java" Intrnl_Id="223">
<LocList>
<Loc EndOffset="5574" SrcFileId="4" StartOffset="5527"/>
</LocList>
</BasicStmnt>
<BasicStmnt CovItemId="S102" CovItemPrefix="dataModels.FilterTest.java" Intrnl_Id="224">
<LocList>
<Loc EndOffset="5634" SrcFileId="4" StartOffset="5578"/>
</LocList>
</BasicStmnt>
<BasicStmnt CovItemId="S103" CovItemPrefix="dataModels.FilterTest.java" Intrnl_Id="225">
<LocList>
<Loc EndOffset="5688" SrcFileId="4" StartOffset="5642"/>
</LocList>
</BasicStmnt>
<BasicStmnt CovItemId="S104" CovItemPrefix="dataModels.FilterTest.java" Intrnl_Id="226">
<LocList>
<Loc EndOffset="5747" SrcFileId="4" StartOffset="5692"/>
</LocList>
</BasicStmnt>
<BasicStmnt CovItemId="S105" CovItemPrefix="dataModels.FilterTest.java" Intrnl_Id="227">
<LocList>
<Loc EndOffset="5802" SrcFileId="4" StartOffset="5755"/>
</LocList>
</BasicStmnt>
<BasicStmnt CovItemId="S106" CovItemPrefix="dataModels.FilterTest.java" Intrnl_Id="228">
<LocList>
<Loc EndOffset="5862" SrcFileId="4" StartOffset="5806"/>
</LocList>
</BasicStmnt>
<BasicStmnt CovItemId="S107" CovItemPrefix="dataModels.FilterTest.java" Intrnl_Id="229">
<LocList>
<Loc EndOffset="5898" SrcFileId="4" StartOffset="5870"/>
</LocList>
</BasicStmnt>
<BasicStmnt CovItemId="S108" CovItemPrefix="dataModels.FilterTest.java" Intrnl_Id="230">
<LocList>
<Loc EndOffset="5956" SrcFileId="4" StartOffset="5902"/>
</LocList>
</BasicStmnt>
</StmntSeq>
</HierarchyLvl>
<HierarchyLvl HierarchyLvlId="91" HierarchyLvlTypeId="9" Intrnl_Id="231" Name="testGetSkipSqlFilter">
<Header>
<Loc EndOffset="6008" SrcFileId="4" StartOffset="5966"/>
</Header>
<LocList>
<Loc EndOffset="6317" SrcFileId="4" StartOffset="5966"/>
</LocList>
<StmntSeq Intrnl_Id="232">
<LocList>
<Loc EndOffset="6030" SrcFileId="4" StartOffset="6017"/>
<Loc EndOffset="6046" SrcFileId="4" StartOffset="6034"/>
<Loc EndOffset="6088" SrcFileId="4" StartOffset="6050"/>
<Loc EndOffset="6128" SrcFileId="4" StartOffset="6092"/>
<Loc EndOffset="6202" SrcFileId="4" StartOffset="6136"/>
<Loc EndOffset="6249" SrcFileId="4" StartOffset="6210"/>
<Loc EndOffset="6309" SrcFileId="4" StartOffset="6257"/>
</LocList>
<BasicStmnt CovItemId="S109" CovItemPrefix="dataModels.FilterTest.java" Intrnl_Id="233">
<LocList>
<Loc EndOffset="6030" SrcFileId="4" StartOffset="6017"/>
</LocList>
</BasicStmnt>
<BasicStmnt CovItemId="S110" CovItemPrefix="dataModels.FilterTest.java" Intrnl_Id="234">
<LocList>
<Loc EndOffset="6046" SrcFileId="4" StartOffset="6034"/>
</LocList>
</BasicStmnt>
<BasicStmnt CovItemId="S111" CovItemPrefix="dataModels.FilterTest.java" Intrnl_Id="235">
<LocList>
<Loc EndOffset="6088" SrcFileId="4" StartOffset="6050"/>
</LocList>
</BasicStmnt>
<BasicStmnt CovItemId="S112" CovItemPrefix="dataModels.FilterTest.java" Intrnl_Id="236">
<LocList>
<Loc EndOffset="6128" SrcFileId="4" StartOffset="6092"/>
</LocList>
</BasicStmnt>
<BasicStmnt CovItemId="S113" CovItemPrefix="dataModels.FilterTest.java" Intrnl_Id="237">
<LocList>
<Loc EndOffset="6202" SrcFileId="4" StartOffset="6136"/>
</LocList>
</BasicStmnt>
<BasicStmnt CovItemId="S114" CovItemPrefix="dataModels.FilterTest.java" Intrnl_Id="238">
<LocList>
<Loc EndOffset="6249" SrcFileId="4" StartOffset="6210"/>
</LocList>
</BasicStmnt>
<BasicStmnt CovItemId="S115" CovItemPrefix="dataModels.FilterTest.java" Intrnl_Id="239">
<LocList>
<Loc EndOffset="6309" SrcFileId="4" StartOffset="6257"/>
</LocList>
</BasicStmnt>
</StmntSeq>
</HierarchyLvl>
<HierarchyLvl HierarchyLvlId="92" HierarchyLvlTypeId="9" Intrnl_Id="240" Name="testGetMaxSqlFilter">
<Header>
<Loc EndOffset="6364" SrcFileId="4" StartOffset="6323"/>
</Header>
<LocList>
<Loc EndOffset="6670" SrcFileId="4" StartOffset="6323"/>
</LocList>
<StmntSeq Intrnl_Id="241">
<LocList>
<Loc EndOffset="6386" SrcFileId="4" StartOffset="6373"/>
<Loc EndOffset="6402" SrcFileId="4" StartOffset="6390"/>
<Loc EndOffset="6444" SrcFileId="4" StartOffset="6406"/>
<Loc EndOffset="6484" SrcFileId="4" StartOffset="6448"/>
<Loc EndOffset="6558" SrcFileId="4" StartOffset="6492"/>
<Loc EndOffset="6603" SrcFileId="4" StartOffset="6566"/>
<Loc EndOffset="6662" SrcFileId="4" StartOffset="6611"/>
</LocList>
<BasicStmnt CovItemId="S116" CovItemPrefix="dataModels.FilterTest.java" Intrnl_Id="242">
<LocList>
<Loc EndOffset="6386" SrcFileId="4" StartOffset="6373"/>
</LocList>
</BasicStmnt>
<BasicStmnt CovItemId="S117" CovItemPrefix="dataModels.FilterTest.java" Intrnl_Id="243">
<LocList>
<Loc EndOffset="6402" SrcFileId="4" StartOffset="6390"/>
</LocList>
</BasicStmnt>
<BasicStmnt CovItemId="S118" CovItemPrefix="dataModels.FilterTest.java" Intrnl_Id="244">
<LocList>
<Loc EndOffset="6444" SrcFileId="4" StartOffset="6406"/>
</LocList>
</BasicStmnt>
<BasicStmnt CovItemId="S119" CovItemPrefix="dataModels.FilterTest.java" Intrnl_Id="245">
<LocList>
<Loc EndOffset="6484" SrcFileId="4" StartOffset="6448"/>
</LocList>
</BasicStmnt>
<BasicStmnt CovItemId="S120" CovItemPrefix="dataModels.FilterTest.java" Intrnl_Id="246">
<LocList>
<Loc EndOffset="6558" SrcFileId="4" StartOffset="6492"/>
</LocList>
</BasicStmnt>
<BasicStmnt CovItemId="S121" CovItemPrefix="dataModels.FilterTest.java" Intrnl_Id="247">
<LocList>
<Loc EndOffset="6603" SrcFileId="4" StartOffset="6566"/>
</LocList>
</BasicStmnt>
<BasicStmnt CovItemId="S122" CovItemPrefix="dataModels.FilterTest.java" Intrnl_Id="248">
<LocList>
<Loc EndOffset="6662" SrcFileId="4" StartOffset="6611"/>
</LocList>
</BasicStmnt>
</StmntSeq>
</HierarchyLvl>
<HierarchyLvl HierarchyLvlId="93" HierarchyLvlTypeId="9" Intrnl_Id="249" Name="testTimeFrame">
<Header>
<Loc EndOffset="6711" SrcFileId="4" StartOffset="6676"/>
</Header>
<LocList>
<Loc EndOffset="6896" SrcFileId="4" StartOffset="6676"/>
</LocList>
<StmntSeq Intrnl_Id="250">
<LocList>
<Loc EndOffset="6756" SrcFileId="4" StartOffset="6720"/>
<Loc EndOffset="6807" SrcFileId="4" StartOffset="6760"/>
<Loc EndOffset="6891" SrcFileId="4" StartOffset="6815"/>
</LocList>
<BasicStmnt CovItemId="S123" CovItemPrefix="dataModels.FilterTest.java" Intrnl_Id="251">
<LocList>
<Loc EndOffset="6756" SrcFileId="4" StartOffset="6720"/>
</LocList>
</BasicStmnt>
<BasicStmnt CovItemId="S124" CovItemPrefix="dataModels.FilterTest.java" Intrnl_Id="252">
<LocList>
<Loc EndOffset="6807" SrcFileId="4" StartOffset="6760"/>
</LocList>
</BasicStmnt>
<BasicStmnt CovItemId="S125" CovItemPrefix="dataModels.FilterTest.java" Intrnl_Id="253">
<LocList>
<Loc EndOffset="6891" SrcFileId="4" StartOffset="6815"/>
</LocList>
</BasicStmnt>
</StmntSeq>
</HierarchyLvl>
<HierarchyLvl HierarchyLvlId="94" HierarchyLvlTypeId="9" Intrnl_Id="254" Name="testRankType">
<Header>
<Loc EndOffset="6936" SrcFileId="4" StartOffset="6902"/>
</Header>
<LocList>
<Loc EndOffset="7134" SrcFileId="4" StartOffset="6902"/>
</LocList>
<StmntSeq Intrnl_Id="255">
<LocList>
<Loc EndOffset="6981" SrcFileId="4" StartOffset="6945"/>
<Loc EndOffset="7038" SrcFileId="4" StartOffset="6989"/>
<Loc EndOffset="7129" SrcFileId="4" StartOffset="7043"/>
</LocList>
<BasicStmnt CovItemId="S126" CovItemPrefix="dataModels.FilterTest.java" Intrnl_Id="256">
<LocList>
<Loc EndOffset="6981" SrcFileId="4" StartOffset="6945"/>
</LocList>
</BasicStmnt>
<BasicStmnt CovItemId="S127" CovItemPrefix="dataModels.FilterTest.java" Intrnl_Id="257">
<LocList>
<Loc EndOffset="7038" SrcFileId="4" StartOffset="6989"/>
</LocList>
</BasicStmnt>
<BasicStmnt CovItemId="S128" CovItemPrefix="dataModels.FilterTest.java" Intrnl_Id="258">
<LocList>
<Loc EndOffset="7129" SrcFileId="4" StartOffset="7043"/>
</LocList>
</BasicStmnt>
</StmntSeq>
</HierarchyLvl>
<HierarchyLvl HierarchyLvlId="95" HierarchyLvlTypeId="9" Intrnl_Id="259" Name="testDeserialize">
<Header>
<Loc EndOffset="7177" SrcFileId="4" StartOffset="7140"/>
</Header>
<LocList>
<Loc EndOffset="7970" SrcFileId="4" StartOffset="7140"/>
</LocList>
<StmntSeq Intrnl_Id="260">
<LocList>
<Loc EndOffset="7198" SrcFileId="4" StartOffset="7185"/>
<Loc EndOffset="7214" SrcFileId="4" StartOffset="7202"/>
<Loc EndOffset="7256" SrcFileId="4" StartOffset="7218"/>
<Loc EndOffset="7296" SrcFileId="4" StartOffset="7260"/>
<Loc EndOffset="7338" SrcFileId="4" StartOffset="7304"/>
<Loc EndOffset="7404" SrcFileId="4" StartOffset="7342"/>
<Loc EndOffset="7449" SrcFileId="4" StartOffset="7408"/>
<Loc EndOffset="7492" SrcFileId="4" StartOffset="7453"/>
<Loc EndOffset="7553" SrcFileId="4" StartOffset="7496"/>
<Loc EndOffset="7605" SrcFileId="4" StartOffset="7561"/>
<Loc EndOffset="7688" SrcFileId="4" StartOffset="7609"/>
<Loc EndOffset="7725" SrcFileId="4" StartOffset="7692"/>
<Loc EndOffset="7782" SrcFileId="4" StartOffset="7733"/>
<Loc EndOffset="7825" SrcFileId="4" StartOffset="7790"/>
<Loc EndOffset="7866" SrcFileId="4" StartOffset="7829"/>
<Loc EndOffset="7911" SrcFileId="4" StartOffset="7870"/>
<Loc EndOffset="7962" SrcFileId="4" StartOffset="7915"/>
</LocList>
<BasicStmnt CovItemId="S129" CovItemPrefix="dataModels.FilterTest.java" Intrnl_Id="261">
<LocList>
<Loc EndOffset="7198" SrcFileId="4" StartOffset="7185"/>
</LocList>
</BasicStmnt>
<BasicStmnt CovItemId="S130" CovItemPrefix="dataModels.FilterTest.java" Intrnl_Id="262">
<LocList>
<Loc EndOffset="7214" SrcFileId="4" StartOffset="7202"/>
</LocList>
</BasicStmnt>
<BasicStmnt CovItemId="S131" CovItemPrefix="dataModels.FilterTest.java" Intrnl_Id="263">
<LocList>
<Loc EndOffset="7256" SrcFileId="4" StartOffset="7218"/>
</LocList>
</BasicStmnt>
<BasicStmnt CovItemId="S132" CovItemPrefix="dataModels.FilterTest.java" Intrnl_Id="264">
<LocList>
<Loc EndOffset="7296" SrcFileId="4" StartOffset="7260"/>
</LocList>
</BasicStmnt>
<BasicStmnt CovItemId="S133" CovItemPrefix="dataModels.FilterTest.java" Intrnl_Id="265">
<LocList>
<Loc EndOffset="7338" SrcFileId="4" StartOffset="7304"/>
</LocList>
</BasicStmnt>
<BasicStmnt CovItemId="S134" CovItemPrefix="dataModels.FilterTest.java" Intrnl_Id="266">
<LocList>
<Loc EndOffset="7404" SrcFileId="4" StartOffset="7342"/>
</LocList>
</BasicStmnt>
<BasicStmnt CovItemId="S135" CovItemPrefix="dataModels.FilterTest.java" Intrnl_Id="267">
<LocList>
<Loc EndOffset="7449" SrcFileId="4" StartOffset="7408"/>
</LocList>
</BasicStmnt>
<BasicStmnt CovItemId="S136" CovItemPrefix="dataModels.FilterTest.java" Intrnl_Id="268">
<LocList>
<Loc EndOffset="7492" SrcFileId="4" StartOffset="7453"/>
</LocList>
</BasicStmnt>
<BasicStmnt CovItemId="S137" CovItemPrefix="dataModels.FilterTest.java" Intrnl_Id="269">
<LocList>
<Loc EndOffset="7553" SrcFileId="4" StartOffset="7496"/>
</LocList>
</BasicStmnt>
<BasicStmnt CovItemId="S138" CovItemPrefix="dataModels.FilterTest.java" Intrnl_Id="270">
<LocList>
<Loc EndOffset="7605" SrcFileId="4" StartOffset="7561"/>
</LocList>
</BasicStmnt>
<BasicStmnt CovItemId="S139" CovItemPrefix="dataModels.FilterTest.java" Intrnl_Id="271">
<LocList>
<Loc EndOffset="7688" SrcFileId="4" StartOffset="7609"/>
</LocList>
</BasicStmnt>
<BasicStmnt CovItemId="S140" CovItemPrefix="dataModels.FilterTest.java" Intrnl_Id="272">
<LocList>
<Loc EndOffset="7725" SrcFileId="4" StartOffset="7692"/>
</LocList>
</BasicStmnt>
<BasicStmnt CovItemId="S141" CovItemPrefix="dataModels.FilterTest.java" Intrnl_Id="273">
<LocList>
<Loc EndOffset="7782" SrcFileId="4" StartOffset="7733"/>
</LocList>
</BasicStmnt>
<BasicStmnt CovItemId="S142" CovItemPrefix="dataModels.FilterTest.java" Intrnl_Id="274">
<LocList>
<Loc EndOffset="7825" SrcFileId="4" StartOffset="7790"/>
</LocList>
</BasicStmnt>
<BasicStmnt CovItemId="S143" CovItemPrefix="dataModels.FilterTest.java" Intrnl_Id="275">
<LocList>
<Loc EndOffset="7866" SrcFileId="4" StartOffset="7829"/>
</LocList>
</BasicStmnt>
<BasicStmnt CovItemId="S144" CovItemPrefix="dataModels.FilterTest.java" Intrnl_Id="276">
<LocList>
<Loc EndOffset="7911" SrcFileId="4" StartOffset="7870"/>
</LocList>
</BasicStmnt>
<BasicStmnt CovItemId="S145" CovItemPrefix="dataModels.FilterTest.java" Intrnl_Id="277">
<LocList>
<Loc EndOffset="7962" SrcFileId="4" StartOffset="7915"/>
</LocList>
</BasicStmnt>
</StmntSeq>
</HierarchyLvl>
</HierarchyLvl>
<HierarchyLvl HierarchyLvlId="108" HierarchyLvlTypeId="8" Intrnl_Id="278" Name="CardTest">
<Header>
<Loc EndOffset="202" SrcFileId="5" StartOffset="181"/>
</Header>
<LocList>
<Loc EndOffset="3277" SrcFileId="5" StartOffset="181"/>
</LocList>
<HierarchyLvl HierarchyLvlId="97" HierarchyLvlTypeId="9" Intrnl_Id="279" Name="testConstructor">
<Header>
<Loc EndOffset="246" SrcFileId="5" StartOffset="209"/>
</Header>
<LocList>
<Loc EndOffset="415" SrcFileId="5" StartOffset="209"/>
</LocList>
<StmntSeq Intrnl_Id="280">
<LocList>
<Loc EndOffset="309" SrcFileId="5" StartOffset="254"/>
<Loc EndOffset="361" SrcFileId="5" StartOffset="313"/>
<Loc EndOffset="411" SrcFileId="5" StartOffset="365"/>
</LocList>
<BasicStmnt CovItemId="S1" CovItemPrefix="dataModels.CardTest.java" Intrnl_Id="281">
<LocList>
<Loc EndOffset="309" SrcFileId="5" StartOffset="254"/>
</LocList>
</BasicStmnt>
<BasicStmnt CovItemId="S2" CovItemPrefix="dataModels.CardTest.java" Intrnl_Id="282">
<LocList>
<Loc EndOffset="361" SrcFileId="5" StartOffset="313"/>
</LocList>
</BasicStmnt>
<BasicStmnt CovItemId="S3" CovItemPrefix="dataModels.CardTest.java" Intrnl_Id="283">
<LocList>
<Loc EndOffset="411" SrcFileId="5" StartOffset="365"/>
</LocList>
</BasicStmnt>
</StmntSeq>
</HierarchyLvl>
<HierarchyLvl HierarchyLvlId="98" HierarchyLvlTypeId="9" Intrnl_Id="284" Name="testStringConstructor">
<Header>
<Loc EndOffset="464" SrcFileId="5" StartOffset="421"/>
</Header>
<LocList>
<Loc EndOffset="1166" SrcFileId="5" StartOffset="421"/>
</LocList>
<StmntSeq Intrnl_Id="285">
<LocList>
<Loc EndOffset="499" SrcFileId="5" StartOffset="472"/>
<Loc EndOffset="555" SrcFileId="5" StartOffset="503"/>
<Loc EndOffset="607" SrcFileId="5" StartOffset="559"/>
<Loc EndOffset="639" SrcFileId="5" StartOffset="615"/>
<Loc EndOffset="695" SrcFileId="5" StartOffset="643"/>
<Loc EndOffset="747" SrcFileId="5" StartOffset="699"/>
<Loc EndOffset="777" SrcFileId="5" StartOffset="755"/>
<Loc EndOffset="833" SrcFileId="5" StartOffset="781"/>
<Loc EndOffset="885" SrcFileId="5" StartOffset="837"/>
<Loc EndOffset="915" SrcFileId="5" StartOffset="893"/>
<Loc EndOffset="971" SrcFileId="5" StartOffset="919"/>
<Loc EndOffset="1023" SrcFileId="5" StartOffset="975"/>
<Loc EndOffset="1053" SrcFileId="5" StartOffset="1031"/>
<Loc EndOffset="1107" SrcFileId="5" StartOffset="1057"/>
<Loc EndOffset="1158" SrcFileId="5" StartOffset="1111"/>
</LocList>
<BasicStmnt CovItemId="S4" CovItemPrefix="dataModels.CardTest.java" Intrnl_Id="286">
<LocList>
<Loc EndOffset="499" SrcFileId="5" StartOffset="472"/>
</LocList>
</BasicStmnt>
<BasicStmnt CovItemId="S5" CovItemPrefix="dataModels.CardTest.java" Intrnl_Id="287">
<LocList>
<Loc EndOffset="555" SrcFileId="5" StartOffset="503"/>
</LocList>
</BasicStmnt>
<BasicStmnt CovItemId="S6" CovItemPrefix="dataModels.CardTest.java" Intrnl_Id="288">
<LocList>
<Loc EndOffset="607" SrcFileId="5" StartOffset="559"/>
</LocList>
</BasicStmnt>
<BasicStmnt CovItemId="S7" CovItemPrefix="dataModels.CardTest.java" Intrnl_Id="289">
<LocList>
<Loc EndOffset="639" SrcFileId="5" StartOffset="615"/>
</LocList>
</BasicStmnt>
<BasicStmnt CovItemId="S8" CovItemPrefix="dataModels.CardTest.java" Intrnl_Id="290">
<LocList>
<Loc EndOffset="695" SrcFileId="5" StartOffset="643"/>
</LocList>
</BasicStmnt>
<BasicStmnt CovItemId="S9" CovItemPrefix="dataModels.CardTest.java" Intrnl_Id="291">
<LocList>
<Loc EndOffset="747" SrcFileId="5" StartOffset="699"/>
</LocList>
</BasicStmnt>
<BasicStmnt CovItemId="S10" CovItemPrefix="dataModels.CardTest.java" Intrnl_Id="292">
<LocList>
<Loc EndOffset="777" SrcFileId="5" StartOffset="755"/>
</LocList>
</BasicStmnt>
<BasicStmnt CovItemId="S11" CovItemPrefix="dataModels.CardTest.java" Intrnl_Id="293">
<LocList>
<Loc EndOffset="833" SrcFileId="5" StartOffset="781"/>
</LocList>
</BasicStmnt>
<BasicStmnt CovItemId="S12" CovItemPrefix="dataModels.CardTest.java" Intrnl_Id="294">
<LocList>
<Loc EndOffset="885" SrcFileId="5" StartOffset="837"/>
</LocList>
</BasicStmnt>
<BasicStmnt CovItemId="S13" CovItemPrefix="dataModels.CardTest.java" Intrnl_Id="295">
<LocList>
<Loc EndOffset="915" SrcFileId="5" StartOffset="893"/>
</LocList>
</BasicStmnt>
<BasicStmnt CovItemId="S14" CovItemPrefix="dataModels.CardTest.java" Intrnl_Id="296">
<LocList>
<Loc EndOffset="971" SrcFileId="5" StartOffset="919"/>
</LocList>
</BasicStmnt>
<BasicStmnt CovItemId="S15" CovItemPrefix="dataModels.CardTest.java" Intrnl_Id="297">
<LocList>
<Loc EndOffset="1023" SrcFileId="5" StartOffset="975"/>
</LocList>
</BasicStmnt>
<BasicStmnt CovItemId="S16" CovItemPrefix="dataModels.CardTest.java" Intrnl_Id="298">
<LocList>
<Loc EndOffset="1053" SrcFileId="5" StartOffset="1031"/>
</LocList>
</BasicStmnt>
<BasicStmnt CovItemId="S17" CovItemPrefix="dataModels.CardTest.java" Intrnl_Id="299">
<LocList>
<Loc EndOffset="1107" SrcFileId="5" StartOffset="1057"/>
</LocList>
</BasicStmnt>
<BasicStmnt CovItemId="S18" CovItemPrefix="dataModels.CardTest.java" Intrnl_Id="300">
<LocList>
<Loc EndOffset="1158" SrcFileId="5" StartOffset="1111"/>
</LocList>
</BasicStmnt>
</StmntSeq>
</HierarchyLvl>
<HierarchyLvl HierarchyLvlId="99" HierarchyLvlTypeId="9" Intrnl_Id="301" Name="testGetSuit">
<Header>
<Loc EndOffset="1205" SrcFileId="5" StartOffset="1172"/>
</Header>
<LocList>
<Loc EndOffset="1311" SrcFileId="5" StartOffset="1172"/>
</LocList>
<StmntSeq Intrnl_Id="302">
<LocList>
<Loc EndOffset="1258" SrcFileId="5" StartOffset="1213"/>
<Loc EndOffset="1303" SrcFileId="5" StartOffset="1262"/>
</LocList>
<BasicStmnt CovItemId="S19" CovItemPrefix="dataModels.CardTest.java" Intrnl_Id="303">
<LocList>
<Loc EndOffset="1258" SrcFileId="5" StartOffset="1213"/>
</LocList>
</BasicStmnt>
<BasicStmnt CovItemId="S20" CovItemPrefix="dataModels.CardTest.java" Intrnl_Id="304">
<LocList>
<Loc EndOffset="1303" SrcFileId="5" StartOffset="1262"/>
</LocList>
</BasicStmnt>
</StmntSeq>
</HierarchyLvl>
<HierarchyLvl HierarchyLvlId="100" HierarchyLvlTypeId="9" Intrnl_Id="305" Name="testSetSuit">
<Header>
<Loc EndOffset="1350" SrcFileId="5" StartOffset="1317"/>
</Header>
<LocList>
<Loc EndOffset="1487" SrcFileId="5" StartOffset="1317"/>
</LocList>
<StmntSeq Intrnl_Id="306">
<LocList>
<Loc EndOffset="1403" SrcFileId="5" StartOffset="1358"/>
<Loc EndOffset="1433" SrcFileId="5" StartOffset="1407"/>
<Loc EndOffset="1483" SrcFileId="5" StartOffset="1441"/>
</LocList>
<BasicStmnt CovItemId="S21" CovItemPrefix="dataModels.CardTest.java" Intrnl_Id="307">
<LocList>
<Loc EndOffset="1403" SrcFileId="5" StartOffset="1358"/>
</LocList>
</BasicStmnt>
<BasicStmnt CovItemId="S22" CovItemPrefix="dataModels.CardTest.java" Intrnl_Id="308">
<LocList>
<Loc EndOffset="1433" SrcFileId="5" StartOffset="1407"/>
</LocList>
</BasicStmnt>
<BasicStmnt CovItemId="S23" CovItemPrefix="dataModels.CardTest.java" Intrnl_Id="309">
<LocList>
<Loc EndOffset="1483" SrcFileId="5" StartOffset="1441"/>
</LocList>
</BasicStmnt>
</StmntSeq>
</HierarchyLvl>
<HierarchyLvl HierarchyLvlId="101" HierarchyLvlTypeId="9" Intrnl_Id="310" Name="testGetNumber">
<Header>
<Loc EndOffset="1528" SrcFileId="5" StartOffset="1493"/>
</Header>
<LocList>
<Loc EndOffset="1632" SrcFileId="5" StartOffset="1493"/>
</LocList>
<StmntSeq Intrnl_Id="311">
<LocList>
<Loc EndOffset="1581" SrcFileId="5" StartOffset="1536"/>
<Loc EndOffset="1628" SrcFileId="5" StartOffset="1585"/>
</LocList>
<BasicStmnt CovItemId="S24" CovItemPrefix="dataModels.CardTest.java" Intrnl_Id="312">
<LocList>
<Loc EndOffset="1581" SrcFileId="5" StartOffset="1536"/>
</LocList>
</BasicStmnt>
<BasicStmnt CovItemId="S25" CovItemPrefix="dataModels.CardTest.java" Intrnl_Id="313">
<LocList>
<Loc EndOffset="1628" SrcFileId="5" StartOffset="1585"/>
</LocList>
</BasicStmnt>
</StmntSeq>
</HierarchyLvl>
<HierarchyLvl HierarchyLvlId="102" HierarchyLvlTypeId="9" Intrnl_Id="314" Name="testSetNumber">
<Header>
<Loc EndOffset="1673" SrcFileId="5" StartOffset="1638"/>
</Header>
<LocList>
<Loc EndOffset="1812" SrcFileId="5" StartOffset="1638"/>
</LocList>
<StmntSeq Intrnl_Id="315">
<LocList>
<Loc EndOffset="1726" SrcFileId="5" StartOffset="1681"/>
<Loc EndOffset="1759" SrcFileId="5" StartOffset="1730"/>
<Loc EndOffset="1808" SrcFileId="5" StartOffset="1763"/>
</LocList>
<BasicStmnt CovItemId="S26" CovItemPrefix="dataModels.CardTest.java" Intrnl_Id="316">
<LocList>
<Loc EndOffset="1726" SrcFileId="5" StartOffset="1681"/>
</LocList>
</BasicStmnt>
<BasicStmnt CovItemId="S27" CovItemPrefix="dataModels.CardTest.java" Intrnl_Id="317">
<LocList>
<Loc EndOffset="1759" SrcFileId="5" StartOffset="1730"/>
</LocList>
</BasicStmnt>
<BasicStmnt CovItemId="S28" CovItemPrefix="dataModels.CardTest.java" Intrnl_Id="318">
<LocList>
<Loc EndOffset="1808" SrcFileId="5" StartOffset="1763"/>
</LocList>
</BasicStmnt>
</StmntSeq>
</HierarchyLvl>
<HierarchyLvl HierarchyLvlId="103" HierarchyLvlTypeId="9" Intrnl_Id="319" Name="testGetCardAsString">
<Header>
<Loc EndOffset="1859" SrcFileId="5" StartOffset="1818"/>
</Header>
<LocList>
<Loc EndOffset="2268" SrcFileId="5" StartOffset="1818"/>
</LocList>
<StmntSeq Intrnl_Id="320">
<LocList>
<Loc EndOffset="1912" SrcFileId="5" StartOffset="1867"/>
<Loc EndOffset="1967" SrcFileId="5" StartOffset="1916"/>
<Loc EndOffset="2017" SrcFileId="5" StartOffset="1971"/>
<Loc EndOffset="2037" SrcFileId="5" StartOffset="2021"/>
<Loc EndOffset="2094" SrcFileId="5" StartOffset="2045"/>
<Loc EndOffset="2138" SrcFileId="5" StartOffset="2102"/>
<Loc EndOffset="2163" SrcFileId="5" StartOffset="2146"/>
<Loc EndOffset="2213" SrcFileId="5" StartOffset="2171"/>
<Loc EndOffset="2260" SrcFileId="5" StartOffset="2221"/>
</LocList>
<BasicStmnt CovItemId="S29" CovItemPrefix="dataModels.CardTest.java" Intrnl_Id="321">
<LocList>
<Loc EndOffset="1912" SrcFileId="5" StartOffset="1867"/>
</LocList>
</BasicStmnt>
<BasicStmnt CovItemId="S30" CovItemPrefix="dataModels.CardTest.java" Intrnl_Id="322">
<LocList>
<Loc EndOffset="1967" SrcFileId="5" StartOffset="1916"/>
</LocList>
</BasicStmnt>
<BasicStmnt CovItemId="S31" CovItemPrefix="dataModels.CardTest.java" Intrnl_Id="323">
<LocList>
<Loc EndOffset="2017" SrcFileId="5" StartOffset="1971"/>
</LocList>
</BasicStmnt>
<BasicStmnt CovItemId="S32" CovItemPrefix="dataModels.CardTest.java" Intrnl_Id="324">
<LocList>
<Loc EndOffset="2037" SrcFileId="5" StartOffset="2021"/>
</LocList>
</BasicStmnt>
<BasicStmnt CovItemId="S33" CovItemPrefix="dataModels.CardTest.java" Intrnl_Id="325">
<LocList>
<Loc EndOffset="2094" SrcFileId="5" StartOffset="2045"/>
</LocList>
</BasicStmnt>
<BasicStmnt CovItemId="S34" CovItemPrefix="dataModels.CardTest.java" Intrnl_Id="326">
<LocList>
<Loc EndOffset="2138" SrcFileId="5" StartOffset="2102"/>
</LocList>
</BasicStmnt>
<BasicStmnt CovItemId="S35" CovItemPrefix="dataModels.CardTest.java" Intrnl_Id="327">
<LocList>
<Loc EndOffset="2163" SrcFileId="5" StartOffset="2146"/>
</LocList>
</BasicStmnt>
<BasicStmnt CovItemId="S36" CovItemPrefix="dataModels.CardTest.java" Intrnl_Id="328">
<LocList>
<Loc EndOffset="2213" SrcFileId="5" StartOffset="2171"/>
</LocList>
</BasicStmnt>
<BasicStmnt CovItemId="S37" CovItemPrefix="dataModels.CardTest.java" Intrnl_Id="329">
<LocList>
<Loc EndOffset="2260" SrcFileId="5" StartOffset="2221"/>
</LocList>
</BasicStmnt>
</StmntSeq>
</HierarchyLvl>
<HierarchyLvl HierarchyLvlId="104" HierarchyLvlTypeId="9" Intrnl_Id="330" Name="testValidCardString">
<Header>
<Loc EndOffset="2315" SrcFileId="5" StartOffset="2274"/>
</Header>
<LocList>
<Loc EndOffset="2643" SrcFileId="5" StartOffset="2274"/>
</LocList>
<StmntSeq Intrnl_Id="331">
<LocList>
<Loc EndOffset="2362" SrcFileId="5" StartOffset="2323"/>
<Loc EndOffset="2408" SrcFileId="5" StartOffset="2366"/>
<Loc EndOffset="2457" SrcFileId="5" StartOffset="2412"/>
<Loc EndOffset="2506" SrcFileId="5" StartOffset="2461"/>
<Loc EndOffset="2552" SrcFileId="5" StartOffset="2510"/>
<Loc EndOffset="2595" SrcFileId="5" StartOffset="2556"/>
<Loc EndOffset="2639" SrcFileId="5" StartOffset="2599"/>
</LocList>
<BasicStmnt CovItemId="S38" CovItemPrefix="dataModels.CardTest.java" Intrnl_Id="332">
<LocList>
<Loc EndOffset="2362" SrcFileId="5" StartOffset="2323"/>
</LocList>
</BasicStmnt>
<BasicStmnt CovItemId="S39" CovItemPrefix="dataModels.CardTest.java" Intrnl_Id="333">
<LocList>
<Loc EndOffset="2408" SrcFileId="5" StartOffset="2366"/>
</LocList>
</BasicStmnt>
<BasicStmnt CovItemId="S40" CovItemPrefix="dataModels.CardTest.java" Intrnl_Id="334">
<LocList>
<Loc EndOffset="2457" SrcFileId="5" StartOffset="2412"/>
</LocList>
</BasicStmnt>
<BasicStmnt CovItemId="S41" CovItemPrefix="dataModels.CardTest.java" Intrnl_Id="335">
<LocList>
<Loc EndOffset="2506" SrcFileId="5" StartOffset="2461"/>
</LocList>
</BasicStmnt>
<BasicStmnt CovItemId="S42" CovItemPrefix="dataModels.CardTest.java" Intrnl_Id="336">
<LocList>
<Loc EndOffset="2552" SrcFileId="5" StartOffset="2510"/>
</LocList>
</BasicStmnt>
<BasicStmnt CovItemId="S43" CovItemPrefix="dataModels.CardTest.java" Intrnl_Id="337">
<LocList>
<Loc EndOffset="2595" SrcFileId="5" StartOffset="2556"/>
</LocList>
</BasicStmnt>
<BasicStmnt CovItemId="S44" CovItemPrefix="dataModels.CardTest.java" Intrnl_Id="338">
<LocList>
<Loc EndOffset="2639" SrcFileId="5" StartOffset="2599"/>
</LocList>
</BasicStmnt>
</StmntSeq>
</HierarchyLvl>
<HierarchyLvl HierarchyLvlId="105" HierarchyLvlTypeId="9" Intrnl_Id="339" Name="testToString">
<Header>
<Loc EndOffset="2685" SrcFileId="5" StartOffset="2651"/>
</Header>
<LocList>
<Loc EndOffset="2787" SrcFileId="5" StartOffset="2651"/>
</LocList>
<StmntSeq Intrnl_Id="340">
<LocList>
<Loc EndOffset="2738" SrcFileId="5" StartOffset="2693"/>
<Loc EndOffset="2783" SrcFileId="5" StartOffset="2742"/>
</LocList>
<BasicStmnt CovItemId="S45" CovItemPrefix="dataModels.CardTest.java" Intrnl_Id="341">
<LocList>
<Loc EndOffset="2738" SrcFileId="5" StartOffset="2693"/>
</LocList>
</BasicStmnt>
<BasicStmnt CovItemId="S46" CovItemPrefix="dataModels.CardTest.java" Intrnl_Id="342">
<LocList>
<Loc EndOffset="2783" SrcFileId="5" StartOffset="2742"/>
</LocList>
</BasicStmnt>
</StmntSeq>
</HierarchyLvl>
<HierarchyLvl HierarchyLvlId="106" HierarchyLvlTypeId="9" Intrnl_Id="343" Name="testNumber">
<Header>
<Loc EndOffset="2825" SrcFileId="5" StartOffset="2793"/>
</Header>
<LocList>
<Loc EndOffset="3064" SrcFileId="5" StartOffset="2793"/>
</LocList>
<StmntSeq Intrnl_Id="344">
<LocList>
<Loc EndOffset="2860" SrcFileId="5" StartOffset="2833"/>
<Loc EndOffset="2899" SrcFileId="5" StartOffset="2864"/>
<Loc EndOffset="2951" SrcFileId="5" StartOffset="2903"/>
<Loc EndOffset="3004" SrcFileId="5" StartOffset="2956"/>
<Loc EndOffset="3060" SrcFileId="5" StartOffset="3008"/>
</LocList>
<BasicStmnt CovItemId="S47" CovItemPrefix="dataModels.CardTest.java" Intrnl_Id="345">
<LocList>
<Loc EndOffset="2860" SrcFileId="5" StartOffset="2833"/>
</LocList>
</BasicStmnt>
<BasicStmnt CovItemId="S48" CovItemPrefix="dataModels.CardTest.java" Intrnl_Id="346">
<LocList>
<Loc EndOffset="2899" SrcFileId="5" StartOffset="2864"/>
</LocList>
</BasicStmnt>
<BasicStmnt CovItemId="S49" CovItemPrefix="dataModels.CardTest.java" Intrnl_Id="347">
<LocList>
<Loc EndOffset="2951" SrcFileId="5" StartOffset="2903"/>
</LocList>
</BasicStmnt>
<BasicStmnt CovItemId="S50" CovItemPrefix="dataModels.CardTest.java" Intrnl_Id="348">
<LocList>
<Loc EndOffset="3004" SrcFileId="5" StartOffset="2956"/>
</LocList>
</BasicStmnt>
<BasicStmnt CovItemId="S51" CovItemPrefix="dataModels.CardTest.java" Intrnl_Id="349">
<LocList>
<Loc EndOffset="3060" SrcFileId="5" StartOffset="3008"/>
</LocList>
</BasicStmnt>
</StmntSeq>
</HierarchyLvl>
<HierarchyLvl HierarchyLvlId="107" HierarchyLvlTypeId="9" Intrnl_Id="350" Name="testSuit">
<Header>
<Loc EndOffset="3100" SrcFileId="5" StartOffset="3070"/>
</Header>
<LocList>
<Loc EndOffset="3271" SrcFileId="5" StartOffset="3070"/>
</LocList>
<StmntSeq Intrnl_Id="351">
<LocList>
<Loc EndOffset="3131" SrcFileId="5" StartOffset="3108"/>
<Loc EndOffset="3168" SrcFileId="5" StartOffset="3135"/>
<Loc EndOffset="3218" SrcFileId="5" StartOffset="3172"/>
<Loc EndOffset="3267" SrcFileId="5" StartOffset="3223"/>
</LocList>
<BasicStmnt CovItemId="S52" CovItemPrefix="dataModels.CardTest.java" Intrnl_Id="352">
<LocList>
<Loc EndOffset="3131" SrcFileId="5" StartOffset="3108"/>
</LocList>
</BasicStmnt>
<BasicStmnt CovItemId="S53" CovItemPrefix="dataModels.CardTest.java" Intrnl_Id="353">
<LocList>
<Loc EndOffset="3168" SrcFileId="5" StartOffset="3135"/>
</LocList>
</BasicStmnt>
<BasicStmnt CovItemId="S54" CovItemPrefix="dataModels.CardTest.java" Intrnl_Id="354">
<LocList>
<Loc EndOffset="3218" SrcFileId="5" StartOffset="3172"/>
</LocList>
</BasicStmnt>
<BasicStmnt CovItemId="S55" CovItemPrefix="dataModels.CardTest.java" Intrnl_Id="355">
<LocList>
<Loc EndOffset="3267" SrcFileId="5" StartOffset="3223"/>
</LocList>
</BasicStmnt>
</StmntSeq>
</HierarchyLvl>
</HierarchyLvl>
<HierarchyLvl HierarchyLvlId="126" HierarchyLvlTypeId="8" Intrnl_Id="356" Name="AccountTest">
<Header>
<Loc EndOffset="189" SrcFileId="6" StartOffset="165"/>
</Header>
<LocList>
<Loc EndOffset="7206" SrcFileId="6" StartOffset="165"/>
</LocList>
<HierarchyLvl HierarchyLvlId="109" HierarchyLvlTypeId="9" Intrnl_Id="357" Name="testEmptyConstructor">
<Header>
<Loc EndOffset="238" SrcFileId="6" StartOffset="196"/>
</Header>
<LocList>
<Loc EndOffset="429" SrcFileId="6" StartOffset="196"/>
</LocList>
<StmntSeq Intrnl_Id="358">
<LocList>
<Loc EndOffset="276" SrcFileId="6" StartOffset="244"/>
<Loc EndOffset="333" SrcFileId="6" StartOffset="280"/>
<Loc EndOffset="379" SrcFileId="6" StartOffset="337"/>
<Loc EndOffset="425" SrcFileId="6" StartOffset="383"/>
</LocList>
<BasicStmnt CovItemId="S1" CovItemPrefix="dataModels.AccountTest.java" Intrnl_Id="359">
<LocList>
<Loc EndOffset="276" SrcFileId="6" StartOffset="244"/>
</LocList>
</BasicStmnt>
<BasicStmnt CovItemId="S2" CovItemPrefix="dataModels.AccountTest.java" Intrnl_Id="360">
<LocList>
<Loc EndOffset="333" SrcFileId="6" StartOffset="280"/>
</LocList>
</BasicStmnt>
<BasicStmnt CovItemId="S3" CovItemPrefix="dataModels.AccountTest.java" Intrnl_Id="361">
<LocList>
<Loc EndOffset="379" SrcFileId="6" StartOffset="337"/>
</LocList>
</BasicStmnt>
<BasicStmnt CovItemId="S4" CovItemPrefix="dataModels.AccountTest.java" Intrnl_Id="362">
<LocList>
<Loc EndOffset="425" SrcFileId="6" StartOffset="383"/>
</LocList>
</BasicStmnt>
</StmntSeq>
</HierarchyLvl>
<HierarchyLvl HierarchyLvlId="110" HierarchyLvlTypeId="9" Intrnl_Id="363" Name="usernameConstructor">
<Header>
<Loc EndOffset="476" SrcFileId="6" StartOffset="435"/>
</Header>
<LocList>
<Loc EndOffset="707" SrcFileId="6" StartOffset="435"/>
</LocList>
<StmntSeq Intrnl_Id="364">
<LocList>
<Loc EndOffset="505" SrcFileId="6" StartOffset="484"/>
<Loc EndOffset="545" SrcFileId="6" StartOffset="509"/>
<Loc EndOffset="600" SrcFileId="6" StartOffset="553"/>
<Loc EndOffset="657" SrcFileId="6" StartOffset="604"/>
<Loc EndOffset="703" SrcFileId="6" StartOffset="661"/>
</LocList>
<BasicStmnt CovItemId="S5" CovItemPrefix="dataModels.AccountTest.java" Intrnl_Id="365">
<LocList>
<Loc EndOffset="505" SrcFileId="6" StartOffset="484"/>
</LocList>
</BasicStmnt>
<BasicStmnt CovItemId="S6" CovItemPrefix="dataModels.AccountTest.java" Intrnl_Id="366">
<LocList>
<Loc EndOffset="545" SrcFileId="6" StartOffset="509"/>
</LocList>
</BasicStmnt>
<BasicStmnt CovItemId="S7" CovItemPrefix="dataModels.AccountTest.java" Intrnl_Id="367">
<LocList>
<Loc EndOffset="600" SrcFileId="6" StartOffset="553"/>
</LocList>
</BasicStmnt>
<BasicStmnt CovItemId="S8" CovItemPrefix="dataModels.AccountTest.java" Intrnl_Id="368">
<LocList>
<Loc EndOffset="657" SrcFileId="6" StartOffset="604"/>
</LocList>
</BasicStmnt>
<BasicStmnt CovItemId="S9" CovItemPrefix="dataModels.AccountTest.java" Intrnl_Id="369">
<LocList>
<Loc EndOffset="703" SrcFileId="6" StartOffset="661"/>
</LocList>
</BasicStmnt>
</StmntSeq>
</HierarchyLvl>
<HierarchyLvl HierarchyLvlId="111" HierarchyLvlTypeId="9" Intrnl_Id="370" Name="userPassConstructor">
<Header>
<Loc EndOffset="753" SrcFileId="6" StartOffset="712"/>
</Header>
<LocList>
<Loc EndOffset="1304" SrcFileId="6" StartOffset="712"/>
</LocList>
<StmntSeq Intrnl_Id="371">
<LocList>
<Loc EndOffset="782" SrcFileId="6" StartOffset="761"/>
<Loc EndOffset="811" SrcFileId="6" StartOffset="786"/>
<Loc EndOffset="864" SrcFileId="6" StartOffset="815"/>
<Loc EndOffset="919" SrcFileId="6" StartOffset="872"/>
<Loc EndOffset="979" SrcFileId="6" StartOffset="923"/>
<Loc EndOffset="1026" SrcFileId="6" StartOffset="987"/>
<Loc EndOffset="1067" SrcFileId="6" StartOffset="1030"/>
<Loc EndOffset="1134" SrcFileId="6" StartOffset="1075"/>
<Loc EndOffset="1186" SrcFileId="6" StartOffset="1146"/>
<Loc EndOffset="1241" SrcFileId="6" StartOffset="1194"/>
<Loc EndOffset="1300" SrcFileId="6" StartOffset="1245"/>
</LocList>
<BasicStmnt CovItemId="S10" CovItemPrefix="dataModels.AccountTest.java" Intrnl_Id="372">
<LocList>
<Loc EndOffset="782" SrcFileId="6" StartOffset="761"/>
</LocList>
</BasicStmnt>
<BasicStmnt CovItemId="S11" CovItemPrefix="dataModels.AccountTest.java" Intrnl_Id="373">
<LocList>
<Loc EndOffset="811" SrcFileId="6" StartOffset="786"/>
</LocList>
</BasicStmnt>
<BasicStmnt CovItemId="S12" CovItemPrefix="dataModels.AccountTest.java" Intrnl_Id="374">
<LocList>
<Loc EndOffset="864" SrcFileId="6" StartOffset="815"/>
</LocList>
</BasicStmnt>
<BasicStmnt CovItemId="S13" CovItemPrefix="dataModels.AccountTest.java" Intrnl_Id="375">
<LocList>
<Loc EndOffset="919" SrcFileId="6" StartOffset="872"/>
</LocList>
</BasicStmnt>
<BasicStmnt CovItemId="S14" CovItemPrefix="dataModels.AccountTest.java" Intrnl_Id="376">
<LocList>
<Loc EndOffset="979" SrcFileId="6" StartOffset="923"/>
</LocList>
</BasicStmnt>
<BasicStmnt CovItemId="S15" CovItemPrefix="dataModels.AccountTest.java" Intrnl_Id="377">
<LocList>
<Loc EndOffset="1026" SrcFileId="6" StartOffset="987"/>
</LocList>
</BasicStmnt>
<BasicStmnt CovItemId="S16" CovItemPrefix="dataModels.AccountTest.java" Intrnl_Id="378">
<LocList>
<Loc EndOffset="1067" SrcFileId="6" StartOffset="1030"/>
</LocList>
</BasicStmnt>
<BasicStmnt CovItemId="S17" CovItemPrefix="dataModels.AccountTest.java" Intrnl_Id="379">
<LocList>
<Loc EndOffset="1134" SrcFileId="6" StartOffset="1075"/>
</LocList>
</BasicStmnt>
<BasicStmnt CovItemId="S18" CovItemPrefix="dataModels.AccountTest.java" Intrnl_Id="380">
<LocList>
<Loc EndOffset="1186" SrcFileId="6" StartOffset="1146"/>
</LocList>
</BasicStmnt>
<BasicStmnt CovItemId="S19" CovItemPrefix="dataModels.AccountTest.java" Intrnl_Id="381">
<LocList>
<Loc EndOffset="1241" SrcFileId="6" StartOffset="1194"/>
</LocList>
</BasicStmnt>
<BasicStmnt CovItemId="S20" CovItemPrefix="dataModels.AccountTest.java" Intrnl_Id="382">
<LocList>
<Loc EndOffset="1300" SrcFileId="6" StartOffset="1245"/>
</LocList>
</BasicStmnt>
</StmntSeq>
</HierarchyLvl>
<HierarchyLvl HierarchyLvlId="112" HierarchyLvlTypeId="9" Intrnl_Id="383" Name="userPassAuthConstructor">
<Header>
<Loc EndOffset="1355" SrcFileId="6" StartOffset="1310"/>
</Header>
<LocList>
<Loc EndOffset="2020" SrcFileId="6" StartOffset="1310"/>
</LocList>
<StmntSeq Intrnl_Id="384">
<LocList>
<Loc EndOffset="1384" SrcFileId="6" StartOffset="1363"/>
<Loc EndOffset="1413" SrcFileId="6" StartOffset="1388"/>
<Loc EndOffset="1438" SrcFileId="6" StartOffset="1417"/>
<Loc EndOffset="1497" SrcFileId="6" StartOffset="1442"/>
<Loc EndOffset="1552" SrcFileId="6" StartOffset="1505"/>
<Loc EndOffset="1612" SrcFileId="6" StartOffset="1556"/>
<Loc EndOffset="1674" SrcFileId="6" StartOffset="1616"/>
<Loc EndOffset="1725" SrcFileId="6" StartOffset="1686"/>
<Loc EndOffset="1766" SrcFileId="6" StartOffset="1729"/>
<Loc EndOffset="1833" SrcFileId="6" StartOffset="1774"/>
<Loc EndOffset="1891" SrcFileId="6" StartOffset="1845"/>
<Loc EndOffset="1954" SrcFileId="6" StartOffset="1899"/>
<Loc EndOffset="2016" SrcFileId="6" StartOffset="1958"/>
</LocList>
<BasicStmnt CovItemId="S21" CovItemPrefix="dataModels.AccountTest.java" Intrnl_Id="385">
<LocList>
<Loc EndOffset="1384" SrcFileId="6" StartOffset="1363"/>
</LocList>
</BasicStmnt>
<BasicStmnt CovItemId="S22" CovItemPrefix="dataModels.AccountTest.java" Intrnl_Id="386">
<LocList>
<Loc EndOffset="1413" SrcFileId="6" StartOffset="1388"/>
</LocList>
</BasicStmnt>
<BasicStmnt CovItemId="S23" CovItemPrefix="dataModels.AccountTest.java" Intrnl_Id="387">
<LocList>
<Loc EndOffset="1438" SrcFileId="6" StartOffset="1417"/>
</LocList>
</BasicStmnt>
<BasicStmnt CovItemId="S24" CovItemPrefix="dataModels.AccountTest.java" Intrnl_Id="388">
<LocList>
<Loc EndOffset="1497" SrcFileId="6" StartOffset="1442"/>
</LocList>
</BasicStmnt>
<BasicStmnt CovItemId="S25" CovItemPrefix="dataModels.AccountTest.java" Intrnl_Id="389">
<LocList>
<Loc EndOffset="1552" SrcFileId="6" StartOffset="1505"/>
</LocList>
</BasicStmnt>
<BasicStmnt CovItemId="S26" CovItemPrefix="dataModels.AccountTest.java" Intrnl_Id="390">
<LocList>
<Loc EndOffset="1612" SrcFileId="6" StartOffset="1556"/>
</LocList>
</BasicStmnt>
<BasicStmnt CovItemId="S27" CovItemPrefix="dataModels.AccountTest.java" Intrnl_Id="391">
<LocList>
<Loc EndOffset="1674" SrcFileId="6" StartOffset="1616"/>
</LocList>
</BasicStmnt>
<BasicStmnt CovItemId="S28" CovItemPrefix="dataModels.AccountTest.java" Intrnl_Id="392">
<LocList>
<Loc EndOffset="1725" SrcFileId="6" StartOffset="1686"/>
</LocList>
</BasicStmnt>
<BasicStmnt CovItemId="S29" CovItemPrefix="dataModels.AccountTest.java" Intrnl_Id="393">
<LocList>
<Loc EndOffset="1766" SrcFileId="6" StartOffset="1729"/>
</LocList>
</BasicStmnt>
<BasicStmnt CovItemId="S30" CovItemPrefix="dataModels.AccountTest.java" Intrnl_Id="394">
<LocList>
<Loc EndOffset="1833" SrcFileId="6" StartOffset="1774"/>
</LocList>
</BasicStmnt>
<BasicStmnt CovItemId="S31" CovItemPrefix="dataModels.AccountTest.java" Intrnl_Id="395">
<LocList>
<Loc EndOffset="1891" SrcFileId="6" StartOffset="1845"/>
</LocList>
</BasicStmnt>
<BasicStmnt CovItemId="S32" CovItemPrefix="dataModels.AccountTest.java" Intrnl_Id="396">
<LocList>
<Loc EndOffset="1954" SrcFileId="6" StartOffset="1899"/>
</LocList>
</BasicStmnt>
<BasicStmnt CovItemId="S33" CovItemPrefix="dataModels.AccountTest.java" Intrnl_Id="397">
<LocList>
<Loc EndOffset="2016" SrcFileId="6" StartOffset="1958"/>
</LocList>
</BasicStmnt>
</StmntSeq>
</HierarchyLvl>
<HierarchyLvl HierarchyLvlId="113" HierarchyLvlTypeId="9" Intrnl_Id="398" Name="fullConstructor">
<Header>
<Loc EndOffset="2063" SrcFileId="6" StartOffset="2026"/>
</Header>
<LocList>
<Loc EndOffset="2837" SrcFileId="6" StartOffset="2026"/>
</LocList>
<StmntSeq Intrnl_Id="399">
<LocList>
<Loc EndOffset="2092" SrcFileId="6" StartOffset="2071"/>
<Loc EndOffset="2121" SrcFileId="6" StartOffset="2096"/>
<Loc EndOffset="2146" SrcFileId="6" StartOffset="2125"/>
<Loc EndOffset="2161" SrcFileId="6" StartOffset="2150"/>
<Loc EndOffset="2224" SrcFileId="6" StartOffset="2165"/>
<Loc EndOffset="2279" SrcFileId="6" StartOffset="2232"/>
<Loc EndOffset="2339" SrcFileId="6" StartOffset="2283"/>
<Loc EndOffset="2401" SrcFileId="6" StartOffset="2343"/>
<Loc EndOffset="2446" SrcFileId="6" StartOffset="2405"/>
<Loc EndOffset="2493" SrcFileId="6" StartOffset="2454"/>
<Loc EndOffset="2534" SrcFileId="6" StartOffset="2497"/>
<Loc EndOffset="2601" SrcFileId="6" StartOffset="2542"/>
<Loc EndOffset="2663" SrcFileId="6" StartOffset="2613"/>
<Loc EndOffset="2726" SrcFileId="6" StartOffset="2671"/>
<Loc EndOffset="2788" SrcFileId="6" StartOffset="2730"/>
<Loc EndOffset="2833" SrcFileId="6" StartOffset="2792"/>
</LocList>
<BasicStmnt CovItemId="S34" CovItemPrefix="dataModels.AccountTest.java" Intrnl_Id="400">
<LocList>
<Loc EndOffset="2092" SrcFileId="6" StartOffset="2071"/>
</LocList>
</BasicStmnt>
<BasicStmnt CovItemId="S35" CovItemPrefix="dataModels.AccountTest.java" Intrnl_Id="401">
<LocList>
<Loc EndOffset="2121" SrcFileId="6" StartOffset="2096"/>
</LocList>
</BasicStmnt>
<BasicStmnt CovItemId="S36" CovItemPrefix="dataModels.AccountTest.java" Intrnl_Id="402">
<LocList>
<Loc EndOffset="2146" SrcFileId="6" StartOffset="2125"/>
</LocList>
</BasicStmnt>
<BasicStmnt CovItemId="S37" CovItemPrefix="dataModels.AccountTest.java" Intrnl_Id="403">
<LocList>
<Loc EndOffset="2161" SrcFileId="6" StartOffset="2150"/>
</LocList>
</BasicStmnt>
<BasicStmnt CovItemId="S38" CovItemPrefix="dataModels.AccountTest.java" Intrnl_Id="404">
<LocList>
<Loc EndOffset="2224" SrcFileId="6" StartOffset="2165"/>
</LocList>
</BasicStmnt>
<BasicStmnt CovItemId="S39" CovItemPrefix="dataModels.AccountTest.java" Intrnl_Id="405">
<LocList>
<Loc EndOffset="2279" SrcFileId="6" StartOffset="2232"/>
</LocList>
</BasicStmnt>
<BasicStmnt CovItemId="S40" CovItemPrefix="dataModels.AccountTest.java" Intrnl_Id="406">
<LocList>
<Loc EndOffset="2339" SrcFileId="6" StartOffset="2283"/>
</LocList>
</BasicStmnt>
<BasicStmnt CovItemId="S41" CovItemPrefix="dataModels.AccountTest.java" Intrnl_Id="407">
<LocList>
<Loc EndOffset="2401" SrcFileId="6" StartOffset="2343"/>
</LocList>
</BasicStmnt>
<BasicStmnt CovItemId="S42" CovItemPrefix="dataModels.AccountTest.java" Intrnl_Id="408">
<LocList>
<Loc EndOffset="2446" SrcFileId="6" StartOffset="2405"/>
</LocList>
</BasicStmnt>
<BasicStmnt CovItemId="S43" CovItemPrefix="dataModels.AccountTest.java" Intrnl_Id="409">
<LocList>
<Loc EndOffset="2493" SrcFileId="6" StartOffset="2454"/>
</LocList>
</BasicStmnt>
<BasicStmnt CovItemId="S44" CovItemPrefix="dataModels.AccountTest.java" Intrnl_Id="410">
<LocList>
<Loc EndOffset="2534" SrcFileId="6" StartOffset="2497"/>
</LocList>
</BasicStmnt>
<BasicStmnt CovItemId="S45" CovItemPrefix="dataModels.AccountTest.java" Intrnl_Id="411">
<LocList>
<Loc EndOffset="2601" SrcFileId="6" StartOffset="2542"/>
</LocList>
</BasicStmnt>
<BasicStmnt CovItemId="S46" CovItemPrefix="dataModels.AccountTest.java" Intrnl_Id="412">
<LocList>
<Loc EndOffset="2663" SrcFileId="6" StartOffset="2613"/>
</LocList>
</BasicStmnt>
<BasicStmnt CovItemId="S47" CovItemPrefix="dataModels.AccountTest.java" Intrnl_Id="413">
<LocList>
<Loc EndOffset="2726" SrcFileId="6" StartOffset="2671"/>
</LocList>
</BasicStmnt>
<BasicStmnt CovItemId="S48" CovItemPrefix="dataModels.AccountTest.java" Intrnl_Id="414">
<LocList>
<Loc EndOffset="2788" SrcFileId="6" StartOffset="2730"/>
</LocList>
</BasicStmnt>
<BasicStmnt CovItemId="S49" CovItemPrefix="dataModels.AccountTest.java" Intrnl_Id="415">
<LocList>
<Loc EndOffset="2833" SrcFileId="6" StartOffset="2792"/>
</LocList>
</BasicStmnt>
</StmntSeq>
</HierarchyLvl>
<HierarchyLvl HierarchyLvlId="114" HierarchyLvlTypeId="9" Intrnl_Id="416" Name="testGetAccountID">
<Header>
<Loc EndOffset="2881" SrcFileId="6" StartOffset="2843"/>
</Header>
<LocList>
<Loc EndOffset="3099" SrcFileId="6" StartOffset="2843"/>
</LocList>
<StmntSeq Intrnl_Id="417">
<LocList>
<Loc EndOffset="2910" SrcFileId="6" StartOffset="2889"/>
<Loc EndOffset="2939" SrcFileId="6" StartOffset="2914"/>
<Loc EndOffset="2964" SrcFileId="6" StartOffset="2943"/>
<Loc EndOffset="2979" SrcFileId="6" StartOffset="2968"/>
<Loc EndOffset="3042" SrcFileId="6" StartOffset="2983"/>
<Loc EndOffset="3091" SrcFileId="6" StartOffset="3050"/>
</LocList>
<BasicStmnt CovItemId="S50" CovItemPrefix="dataModels.AccountTest.java" Intrnl_Id="418">
<LocList>
<Loc EndOffset="2910" SrcFileId="6" StartOffset="2889"/>
</LocList>
</BasicStmnt>
<BasicStmnt CovItemId="S51" CovItemPrefix="dataModels.AccountTest.java" Intrnl_Id="419">
<LocList>
<Loc EndOffset="2939" SrcFileId="6" StartOffset="2914"/>
</LocList>
</BasicStmnt>
<BasicStmnt CovItemId="S52" CovItemPrefix="dataModels.AccountTest.java" Intrnl_Id="420">
<LocList>
<Loc EndOffset="2964" SrcFileId="6" StartOffset="2943"/>
</LocList>
</BasicStmnt>
<BasicStmnt CovItemId="S53" CovItemPrefix="dataModels.AccountTest.java" Intrnl_Id="421">
<LocList>
<Loc EndOffset="2979" SrcFileId="6" StartOffset="2968"/>
</LocList>
</BasicStmnt>
<BasicStmnt CovItemId="S54" CovItemPrefix="dataModels.AccountTest.java" Intrnl_Id="422">
<LocList>
<Loc EndOffset="3042" SrcFileId="6" StartOffset="2983"/>
</LocList>
</BasicStmnt>
<BasicStmnt CovItemId="S55" CovItemPrefix="dataModels.AccountTest.java" Intrnl_Id="423">
<LocList>
<Loc EndOffset="3091" SrcFileId="6" StartOffset="3050"/>
</LocList>
</BasicStmnt>
</StmntSeq>
</HierarchyLvl>
<HierarchyLvl HierarchyLvlId="115" HierarchyLvlTypeId="9" Intrnl_Id="424" Name="testSetAccountID">
<Header>
<Loc EndOffset="3143" SrcFileId="6" StartOffset="3105"/>
</Header>
<LocList>
<Loc EndOffset="3280" SrcFileId="6" StartOffset="3105"/>
</LocList>
<StmntSeq Intrnl_Id="425">
<LocList>
<Loc EndOffset="3162" SrcFileId="6" StartOffset="3151"/>
<Loc EndOffset="3198" SrcFileId="6" StartOffset="3166"/>
<Loc EndOffset="3227" SrcFileId="6" StartOffset="3202"/>
<Loc EndOffset="3276" SrcFileId="6" StartOffset="3235"/>
</LocList>
<BasicStmnt CovItemId="S56" CovItemPrefix="dataModels.AccountTest.java" Intrnl_Id="426">
<LocList>
<Loc EndOffset="3162" SrcFileId="6" StartOffset="3151"/>
</LocList>
</BasicStmnt>
<BasicStmnt CovItemId="S57" CovItemPrefix="dataModels.AccountTest.java" Intrnl_Id="427">
<LocList>
<Loc EndOffset="3198" SrcFileId="6" StartOffset="3166"/>
</LocList>
</BasicStmnt>
<BasicStmnt CovItemId="S58" CovItemPrefix="dataModels.AccountTest.java" Intrnl_Id="428">
<LocList>
<Loc EndOffset="3227" SrcFileId="6" StartOffset="3202"/>
</LocList>
</BasicStmnt>
<BasicStmnt CovItemId="S59" CovItemPrefix="dataModels.AccountTest.java" Intrnl_Id="429">
<LocList>
<Loc EndOffset="3276" SrcFileId="6" StartOffset="3235"/>
</LocList>
</BasicStmnt>
</StmntSeq>
</HierarchyLvl>
<HierarchyLvl HierarchyLvlId="116" HierarchyLvlTypeId="9" Intrnl_Id="430" Name="testGetUsername">
<Header>
<Loc EndOffset="3323" SrcFileId="6" StartOffset="3286"/>
</Header>
<LocList>
<Loc EndOffset="3467" SrcFileId="6" StartOffset="3286"/>
</LocList>
<StmntSeq Intrnl_Id="431">
<LocList>
<Loc EndOffset="3356" SrcFileId="6" StartOffset="3331"/>
<Loc EndOffset="3400" SrcFileId="6" StartOffset="3360"/>
<Loc EndOffset="3463" SrcFileId="6" StartOffset="3412"/>
</LocList>
<BasicStmnt CovItemId="S60" CovItemPrefix="dataModels.AccountTest.java" Intrnl_Id="432">
<LocList>
<Loc EndOffset="3356" SrcFileId="6" StartOffset="3331"/>
</LocList>
</BasicStmnt>
<BasicStmnt CovItemId="S61" CovItemPrefix="dataModels.AccountTest.java" Intrnl_Id="433">
<LocList>
<Loc EndOffset="3400" SrcFileId="6" StartOffset="3360"/>
</LocList>
</BasicStmnt>
<BasicStmnt CovItemId="S62" CovItemPrefix="dataModels.AccountTest.java" Intrnl_Id="434">
<LocList>
<Loc EndOffset="3463" SrcFileId="6" StartOffset="3412"/>
</LocList>
</BasicStmnt>
</StmntSeq>
</HierarchyLvl>
<HierarchyLvl HierarchyLvlId="117" HierarchyLvlTypeId="9" Intrnl_Id="435" Name="testSetUsername">
<Header>
<Loc EndOffset="3510" SrcFileId="6" StartOffset="3473"/>
</Header>
<LocList>
<Loc EndOffset="3676" SrcFileId="6" StartOffset="3473"/>
</LocList>
<StmntSeq Intrnl_Id="436">
<LocList>
<Loc EndOffset="3543" SrcFileId="6" StartOffset="3518"/>
<Loc EndOffset="3579" SrcFileId="6" StartOffset="3547"/>
<Loc EndOffset="3613" SrcFileId="6" StartOffset="3583"/>
<Loc EndOffset="3672" SrcFileId="6" StartOffset="3621"/>
</LocList>
<BasicStmnt CovItemId="S63" CovItemPrefix="dataModels.AccountTest.java" Intrnl_Id="437">
<LocList>
<Loc EndOffset="3543" SrcFileId="6" StartOffset="3518"/>
</LocList>
</BasicStmnt>
<BasicStmnt CovItemId="S64" CovItemPrefix="dataModels.AccountTest.java" Intrnl_Id="438">
<LocList>
<Loc EndOffset="3579" SrcFileId="6" StartOffset="3547"/>
</LocList>
</BasicStmnt>
<BasicStmnt CovItemId="S65" CovItemPrefix="dataModels.AccountTest.java" Intrnl_Id="439">
<LocList>
<Loc EndOffset="3613" SrcFileId="6" StartOffset="3583"/>
</LocList>
</BasicStmnt>
<BasicStmnt CovItemId="S66" CovItemPrefix="dataModels.AccountTest.java" Intrnl_Id="440">
<LocList>
<Loc EndOffset="3672" SrcFileId="6" StartOffset="3621"/>
</LocList>
</BasicStmnt>
</StmntSeq>
</HierarchyLvl>
<HierarchyLvl HierarchyLvlId="118" HierarchyLvlTypeId="9" Intrnl_Id="441" Name="testGetPassword">
<Header>
<Loc EndOffset="3719" SrcFileId="6" StartOffset="3682"/>
</Header>
<LocList>
<Loc EndOffset="3943" SrcFileId="6" StartOffset="3682"/>
</LocList>
<StmntSeq Intrnl_Id="442">
<LocList>
<Loc EndOffset="3748" SrcFileId="6" StartOffset="3727"/>
<Loc EndOffset="3777" SrcFileId="6" StartOffset="3752"/>
<Loc EndOffset="3802" SrcFileId="6" StartOffset="3781"/>
<Loc EndOffset="3817" SrcFileId="6" StartOffset="3806"/>
<Loc EndOffset="3880" SrcFileId="6" StartOffset="3821"/>
<Loc EndOffset="3939" SrcFileId="6" StartOffset="3892"/>
</LocList>
<BasicStmnt CovItemId="S67" CovItemPrefix="dataModels.AccountTest.java" Intrnl_Id="443">
<LocList>
<Loc EndOffset="3748" SrcFileId="6" StartOffset="3727"/>
</LocList>
</BasicStmnt>
<BasicStmnt CovItemId="S68" CovItemPrefix="dataModels.AccountTest.java" Intrnl_Id="444">
<LocList>
<Loc EndOffset="3777" SrcFileId="6" StartOffset="3752"/>
</LocList>
</BasicStmnt>
<BasicStmnt CovItemId="S69" CovItemPrefix="dataModels.AccountTest.java" Intrnl_Id="445">
<LocList>
<Loc EndOffset="3802" SrcFileId="6" StartOffset="3781"/>
</LocList>
</BasicStmnt>
<BasicStmnt CovItemId="S70" CovItemPrefix="dataModels.AccountTest.java" Intrnl_Id="446">
<LocList>
<Loc EndOffset="3817" SrcFileId="6" StartOffset="3806"/>
</LocList>
</BasicStmnt>
<BasicStmnt CovItemId="S71" CovItemPrefix="dataModels.AccountTest.java" Intrnl_Id="447">
<LocList>
<Loc EndOffset="3880" SrcFileId="6" StartOffset="3821"/>
</LocList>
</BasicStmnt>
<BasicStmnt CovItemId="S72" CovItemPrefix="dataModels.AccountTest.java" Intrnl_Id="448">
<LocList>
<Loc EndOffset="3939" SrcFileId="6" StartOffset="3892"/>
</LocList>
</BasicStmnt>
</StmntSeq>
</HierarchyLvl>
<HierarchyLvl HierarchyLvlId="119" HierarchyLvlTypeId="9" Intrnl_Id="449" Name="testGetEncyptedPassword">
<Header>
<Loc EndOffset="3994" SrcFileId="6" StartOffset="3949"/>
</Header>
<LocList>
<Loc EndOffset="4427" SrcFileId="6" StartOffset="3949"/>
</LocList>
<StmntSeq Intrnl_Id="450">
<LocList>
<Loc EndOffset="4023" SrcFileId="6" StartOffset="4002"/>
<Loc EndOffset="4052" SrcFileId="6" StartOffset="4027"/>
<Loc EndOffset="4077" SrcFileId="6" StartOffset="4056"/>
<Loc EndOffset="4092" SrcFileId="6" StartOffset="4081"/>
<Loc EndOffset="4155" SrcFileId="6" StartOffset="4096"/>
<Loc EndOffset="4202" SrcFileId="6" StartOffset="4163"/>
<Loc EndOffset="4243" SrcFileId="6" StartOffset="4206"/>
<Loc EndOffset="4310" SrcFileId="6" StartOffset="4251"/>
<Loc EndOffset="4362" SrcFileId="6" StartOffset="4322"/>
<Loc EndOffset="4423" SrcFileId="6" StartOffset="4368"/>
</LocList>
<BasicStmnt CovItemId="S73" CovItemPrefix="dataModels.AccountTest.java" Intrnl_Id="451">
<LocList>
<Loc EndOffset="4023" SrcFileId="6" StartOffset="4002"/>
</LocList>
</BasicStmnt>
<BasicStmnt CovItemId="S74" CovItemPrefix="dataModels.AccountTest.java" Intrnl_Id="452">
<LocList>
<Loc EndOffset="4052" SrcFileId="6" StartOffset="4027"/>
</LocList>
</BasicStmnt>
<BasicStmnt CovItemId="S75" CovItemPrefix="dataModels.AccountTest.java" Intrnl_Id="453">
<LocList>
<Loc EndOffset="4077" SrcFileId="6" StartOffset="4056"/>
</LocList>
</BasicStmnt>
<BasicStmnt CovItemId="S76" CovItemPrefix="dataModels.AccountTest.java" Intrnl_Id="454">
<LocList>
<Loc EndOffset="4092" SrcFileId="6" StartOffset="4081"/>
</LocList>
</BasicStmnt>
<BasicStmnt CovItemId="S77" CovItemPrefix="dataModels.AccountTest.java" Intrnl_Id="455">
<LocList>
<Loc EndOffset="4155" SrcFileId="6" StartOffset="4096"/>
</LocList>
</BasicStmnt>
<BasicStmnt CovItemId="S78" CovItemPrefix="dataModels.AccountTest.java" Intrnl_Id="456">
<LocList>
<Loc EndOffset="4202" SrcFileId="6" StartOffset="4163"/>
</LocList>
</BasicStmnt>
<BasicStmnt CovItemId="S79" CovItemPrefix="dataModels.AccountTest.java" Intrnl_Id="457">
<LocList>
<Loc EndOffset="4243" SrcFileId="6" StartOffset="4206"/>
</LocList>
</BasicStmnt>
<BasicStmnt CovItemId="S80" CovItemPrefix="dataModels.AccountTest.java" Intrnl_Id="458">
<LocList>
<Loc EndOffset="4310" SrcFileId="6" StartOffset="4251"/>
</LocList>
</BasicStmnt>
<BasicStmnt CovItemId="S81" CovItemPrefix="dataModels.AccountTest.java" Intrnl_Id="459">
<LocList>
<Loc EndOffset="4362" SrcFileId="6" StartOffset="4322"/>
</LocList>
</BasicStmnt>
<BasicStmnt CovItemId="S82" CovItemPrefix="dataModels.AccountTest.java" Intrnl_Id="460">
<LocList>
<Loc EndOffset="4423" SrcFileId="6" StartOffset="4368"/>
</LocList>
</BasicStmnt>
</StmntSeq>
</HierarchyLvl>
<HierarchyLvl HierarchyLvlId="120" HierarchyLvlTypeId="9" Intrnl_Id="461" Name="testSetPassword">
<Header>
<Loc EndOffset="4470" SrcFileId="6" StartOffset="4433"/>
</Header>
<LocList>
<Loc EndOffset="4681" SrcFileId="6" StartOffset="4433"/>
</LocList>
<StmntSeq Intrnl_Id="462">
<LocList>
<Loc EndOffset="4499" SrcFileId="6" StartOffset="4478"/>
<Loc EndOffset="4528" SrcFileId="6" StartOffset="4503"/>
<Loc EndOffset="4581" SrcFileId="6" StartOffset="4532"/>
<Loc EndOffset="4618" SrcFileId="6" StartOffset="4585"/>
<Loc EndOffset="4673" SrcFileId="6" StartOffset="4626"/>
</LocList>
<BasicStmnt CovItemId="S83" CovItemPrefix="dataModels.AccountTest.java" Intrnl_Id="463">
<LocList>
<Loc EndOffset="4499" SrcFileId="6" StartOffset="4478"/>
</LocList>
</BasicStmnt>
<BasicStmnt CovItemId="S84" CovItemPrefix="dataModels.AccountTest.java" Intrnl_Id="464">
<LocList>
<Loc EndOffset="4528" SrcFileId="6" StartOffset="4503"/>
</LocList>
</BasicStmnt>
<BasicStmnt CovItemId="S85" CovItemPrefix="dataModels.AccountTest.java" Intrnl_Id="465">
<LocList>
<Loc EndOffset="4581" SrcFileId="6" StartOffset="4532"/>
</LocList>
</BasicStmnt>
<BasicStmnt CovItemId="S86" CovItemPrefix="dataModels.AccountTest.java" Intrnl_Id="466">
<LocList>
<Loc EndOffset="4618" SrcFileId="6" StartOffset="4585"/>
</LocList>
</BasicStmnt>
<BasicStmnt CovItemId="S87" CovItemPrefix="dataModels.AccountTest.java" Intrnl_Id="467">
<LocList>
<Loc EndOffset="4673" SrcFileId="6" StartOffset="4626"/>
</LocList>
</BasicStmnt>
</StmntSeq>
</HierarchyLvl>
<HierarchyLvl HierarchyLvlId="121" HierarchyLvlTypeId="9" Intrnl_Id="468" Name="testGetAuthToken">
<Header>
<Loc EndOffset="4725" SrcFileId="6" StartOffset="4687"/>
</Header>
<LocList>
<Loc EndOffset="4937" SrcFileId="6" StartOffset="4687"/>
</LocList>
<StmntSeq Intrnl_Id="469">
<LocList>
<Loc EndOffset="4754" SrcFileId="6" StartOffset="4733"/>
<Loc EndOffset="4783" SrcFileId="6" StartOffset="4758"/>
<Loc EndOffset="4808" SrcFileId="6" StartOffset="4787"/>
<Loc EndOffset="4867" SrcFileId="6" StartOffset="4812"/>
<Loc EndOffset="4933" SrcFileId="6" StartOffset="4875"/>
</LocList>
<BasicStmnt CovItemId="S88" CovItemPrefix="dataModels.AccountTest.java" Intrnl_Id="470">
<LocList>
<Loc EndOffset="4754" SrcFileId="6" StartOffset="4733"/>
</LocList>
</BasicStmnt>
<BasicStmnt CovItemId="S89" CovItemPrefix="dataModels.AccountTest.java" Intrnl_Id="471">
<LocList>
<Loc EndOffset="4783" SrcFileId="6" StartOffset="4758"/>
</LocList>
</BasicStmnt>
<BasicStmnt CovItemId="S90" CovItemPrefix="dataModels.AccountTest.java" Intrnl_Id="472">
<LocList>
<Loc EndOffset="4808" SrcFileId="6" StartOffset="4787"/>
</LocList>
</BasicStmnt>
<BasicStmnt CovItemId="S91" CovItemPrefix="dataModels.AccountTest.java" Intrnl_Id="473">
<LocList>
<Loc EndOffset="4867" SrcFileId="6" StartOffset="4812"/>
</LocList>
</BasicStmnt>
<BasicStmnt CovItemId="S92" CovItemPrefix="dataModels.AccountTest.java" Intrnl_Id="474">
<LocList>
<Loc EndOffset="4933" SrcFileId="6" StartOffset="4875"/>
</LocList>
</BasicStmnt>
</StmntSeq>
</HierarchyLvl>
<HierarchyLvl HierarchyLvlId="122" HierarchyLvlTypeId="9" Intrnl_Id="475" Name="testExactCompare">
<Header>
<Loc EndOffset="4981" SrcFileId="6" StartOffset="4943"/>
</Header>
<LocList>
<Loc EndOffset="5633" SrcFileId="6" StartOffset="4943"/>
</LocList>
<StmntSeq Intrnl_Id="476">
<LocList>
<Loc EndOffset="5051" SrcFileId="6" StartOffset="4989"/>
<Loc EndOffset="5117" SrcFileId="6" StartOffset="5055"/>
<Loc EndOffset="5188" SrcFileId="6" StartOffset="5125"/>
<Loc EndOffset="5255" SrcFileId="6" StartOffset="5192"/>
<Loc EndOffset="5322" SrcFileId="6" StartOffset="5259"/>
<Loc EndOffset="5374" SrcFileId="6" StartOffset="5330"/>
<Loc EndOffset="5427" SrcFileId="6" StartOffset="5382"/>
<Loc EndOffset="5476" SrcFileId="6" StartOffset="5431"/>
<Loc EndOffset="5525" SrcFileId="6" StartOffset="5480"/>
<Loc EndOffset="5572" SrcFileId="6" StartOffset="5531"/>
<Loc EndOffset="5629" SrcFileId="6" StartOffset="5580"/>
</LocList>
<BasicStmnt CovItemId="S93" CovItemPrefix="dataModels.AccountTest.java" Intrnl_Id="477">
<LocList>
<Loc EndOffset="5051" SrcFileId="6" StartOffset="4989"/>
</LocList>
</BasicStmnt>
<BasicStmnt CovItemId="S94" CovItemPrefix="dataModels.AccountTest.java" Intrnl_Id="478">
<LocList>
<Loc EndOffset="5117" SrcFileId="6" StartOffset="5055"/>
</LocList>
</BasicStmnt>
<BasicStmnt CovItemId="S95" CovItemPrefix="dataModels.AccountTest.java" Intrnl_Id="479">
<LocList>
<Loc EndOffset="5188" SrcFileId="6" StartOffset="5125"/>
</LocList>
</BasicStmnt>
<BasicStmnt CovItemId="S96" CovItemPrefix="dataModels.AccountTest.java" Intrnl_Id="480">
<LocList>
<Loc EndOffset="5255" SrcFileId="6" StartOffset="5192"/>
</LocList>
</BasicStmnt>
<BasicStmnt CovItemId="S97" CovItemPrefix="dataModels.AccountTest.java" Intrnl_Id="481">
<LocList>
<Loc EndOffset="5322" SrcFileId="6" StartOffset="5259"/>
</LocList>
</BasicStmnt>
<BasicStmnt CovItemId="S98" CovItemPrefix="dataModels.AccountTest.java" Intrnl_Id="482">
<LocList>
<Loc EndOffset="5374" SrcFileId="6" StartOffset="5330"/>
</LocList>
</BasicStmnt>
<BasicStmnt CovItemId="S99" CovItemPrefix="dataModels.AccountTest.java" Intrnl_Id="483">
<LocList>
<Loc EndOffset="5427" SrcFileId="6" StartOffset="5382"/>
</LocList>
</BasicStmnt>
<BasicStmnt CovItemId="S100" CovItemPrefix="dataModels.AccountTest.java" Intrnl_Id="484">
<LocList>
<Loc EndOffset="5476" SrcFileId="6" StartOffset="5431"/>
</LocList>
</BasicStmnt>
<BasicStmnt CovItemId="S101" CovItemPrefix="dataModels.AccountTest.java" Intrnl_Id="485">
<LocList>
<Loc EndOffset="5525" SrcFileId="6" StartOffset="5480"/>
</LocList>
</BasicStmnt>
<BasicStmnt CovItemId="S102" CovItemPrefix="dataModels.AccountTest.java" Intrnl_Id="486">
<LocList>
<Loc EndOffset="5572" SrcFileId="6" StartOffset="5531"/>
</LocList>
</BasicStmnt>
<BasicStmnt CovItemId="S103" CovItemPrefix="dataModels.AccountTest.java" Intrnl_Id="487">
<LocList>
<Loc EndOffset="5629" SrcFileId="6" StartOffset="5580"/>
</LocList>
</BasicStmnt>
</StmntSeq>
</HierarchyLvl>
<HierarchyLvl HierarchyLvlId="123" HierarchyLvlTypeId="9" Intrnl_Id="488" Name="testLoginCompare">
<Header>
<Loc EndOffset="5677" SrcFileId="6" StartOffset="5639"/>
</Header>
<LocList>
<Loc EndOffset="6271" SrcFileId="6" StartOffset="5639"/>
</LocList>
<StmntSeq Intrnl_Id="489">
<LocList>
<Loc EndOffset="5747" SrcFileId="6" StartOffset="5685"/>
<Loc EndOffset="5813" SrcFileId="6" StartOffset="5751"/>
<Loc EndOffset="5884" SrcFileId="6" StartOffset="5821"/>
<Loc EndOffset="5951" SrcFileId="6" StartOffset="5888"/>
<Loc EndOffset="6018" SrcFileId="6" StartOffset="5955"/>
<Loc EndOffset="6070" SrcFileId="6" StartOffset="6026"/>
<Loc EndOffset="6123" SrcFileId="6" StartOffset="6078"/>
<Loc EndOffset="6172" SrcFileId="6" StartOffset="6127"/>
<Loc EndOffset="6220" SrcFileId="6" StartOffset="6176"/>
<Loc EndOffset="6267" SrcFileId="6" StartOffset="6226"/>
</LocList>
<BasicStmnt CovItemId="S104" CovItemPrefix="dataModels.AccountTest.java" Intrnl_Id="490">
<LocList>
<Loc EndOffset="5747" SrcFileId="6" StartOffset="5685"/>
</LocList>
</BasicStmnt>
<BasicStmnt CovItemId="S105" CovItemPrefix="dataModels.AccountTest.java" Intrnl_Id="491">
<LocList>
<Loc EndOffset="5813" SrcFileId="6" StartOffset="5751"/>
</LocList>
</BasicStmnt>
<BasicStmnt CovItemId="S106" CovItemPrefix="dataModels.AccountTest.java" Intrnl_Id="492">
<LocList>
<Loc EndOffset="5884" SrcFileId="6" StartOffset="5821"/>
</LocList>
</BasicStmnt>
<BasicStmnt CovItemId="S107" CovItemPrefix="dataModels.AccountTest.java" Intrnl_Id="493">
<LocList>
<Loc EndOffset="5951" SrcFileId="6" StartOffset="5888"/>
</LocList>
</BasicStmnt>
<BasicStmnt CovItemId="S108" CovItemPrefix="dataModels.AccountTest.java" Intrnl_Id="494">
<LocList>
<Loc EndOffset="6018" SrcFileId="6" StartOffset="5955"/>
</LocList>
</BasicStmnt>
<BasicStmnt CovItemId="S109" CovItemPrefix="dataModels.AccountTest.java" Intrnl_Id="495">
<LocList>
<Loc EndOffset="6070" SrcFileId="6" StartOffset="6026"/>
</LocList>
</BasicStmnt>
<BasicStmnt CovItemId="S110" CovItemPrefix="dataModels.AccountTest.java" Intrnl_Id="496">
<LocList>
<Loc EndOffset="6123" SrcFileId="6" StartOffset="6078"/>
</LocList>
</BasicStmnt>
<BasicStmnt CovItemId="S111" CovItemPrefix="dataModels.AccountTest.java" Intrnl_Id="497">
<LocList>
<Loc EndOffset="6172" SrcFileId="6" StartOffset="6127"/>
</LocList>
</BasicStmnt>
<BasicStmnt CovItemId="S112" CovItemPrefix="dataModels.AccountTest.java" Intrnl_Id="498">
<LocList>
<Loc EndOffset="6220" SrcFileId="6" StartOffset="6176"/>
</LocList>
</BasicStmnt>
<BasicStmnt CovItemId="S113" CovItemPrefix="dataModels.AccountTest.java" Intrnl_Id="499">
<LocList>
<Loc EndOffset="6267" SrcFileId="6" StartOffset="6226"/>
</LocList>
</BasicStmnt>
</StmntSeq>
</HierarchyLvl>
<HierarchyLvl HierarchyLvlId="124" HierarchyLvlTypeId="9" Intrnl_Id="500" Name="testCompareAuth">
<Header>
<Loc EndOffset="6314" SrcFileId="6" StartOffset="6277"/>
</Header>
<LocList>
<Loc EndOffset="6948" SrcFileId="6" StartOffset="6277"/>
</LocList>
<StmntSeq Intrnl_Id="501">
<LocList>
<Loc EndOffset="6384" SrcFileId="6" StartOffset="6322"/>
<Loc EndOffset="6450" SrcFileId="6" StartOffset="6388"/>
<Loc EndOffset="6521" SrcFileId="6" StartOffset="6458"/>
<Loc EndOffset="6588" SrcFileId="6" StartOffset="6525"/>
<Loc EndOffset="6655" SrcFileId="6" StartOffset="6592"/>
<Loc EndOffset="6715" SrcFileId="6" StartOffset="6663"/>
<Loc EndOffset="6776" SrcFileId="6" StartOffset="6723"/>
<Loc EndOffset="6832" SrcFileId="6" StartOffset="6780"/>
<Loc EndOffset="6889" SrcFileId="6" StartOffset="6836"/>
<Loc EndOffset="6944" SrcFileId="6" StartOffset="6895"/>
</LocList>
<BasicStmnt CovItemId="S114" CovItemPrefix="dataModels.AccountTest.java" Intrnl_Id="502">
<LocList>
<Loc EndOffset="6384" SrcFileId="6" StartOffset="6322"/>
</LocList>
</BasicStmnt>
<BasicStmnt CovItemId="S115" CovItemPrefix="dataModels.AccountTest.java" Intrnl_Id="503">
<LocList>
<Loc EndOffset="6450" SrcFileId="6" StartOffset="6388"/>
</LocList>
</BasicStmnt>
<BasicStmnt CovItemId="S116" CovItemPrefix="dataModels.AccountTest.java" Intrnl_Id="504">
<LocList>
<Loc EndOffset="6521" SrcFileId="6" StartOffset="6458"/>
</LocList>
</BasicStmnt>
<BasicStmnt CovItemId="S117" CovItemPrefix="dataModels.AccountTest.java" Intrnl_Id="505">
<LocList>
<Loc EndOffset="6588" SrcFileId="6" StartOffset="6525"/>
</LocList>
</BasicStmnt>
<BasicStmnt CovItemId="S118" CovItemPrefix="dataModels.AccountTest.java" Intrnl_Id="506">
<LocList>
<Loc EndOffset="6655" SrcFileId="6" StartOffset="6592"/>
</LocList>
</BasicStmnt>
<BasicStmnt CovItemId="S119" CovItemPrefix="dataModels.AccountTest.java" Intrnl_Id="507">
<LocList>
<Loc EndOffset="6715" SrcFileId="6" StartOffset="6663"/>
</LocList>
</BasicStmnt>
<BasicStmnt CovItemId="S120" CovItemPrefix="dataModels.AccountTest.java" Intrnl_Id="508">
<LocList>
<Loc EndOffset="6776" SrcFileId="6" StartOffset="6723"/>
</LocList>
</BasicStmnt>
<BasicStmnt CovItemId="S121" CovItemPrefix="dataModels.AccountTest.java" Intrnl_Id="509">
<LocList>
<Loc EndOffset="6832" SrcFileId="6" StartOffset="6780"/>
</LocList>
</BasicStmnt>
<BasicStmnt CovItemId="S122" CovItemPrefix="dataModels.AccountTest.java" Intrnl_Id="510">
<LocList>
<Loc EndOffset="6889" SrcFileId="6" StartOffset="6836"/>
</LocList>
</BasicStmnt>
<BasicStmnt CovItemId="S123" CovItemPrefix="dataModels.AccountTest.java" Intrnl_Id="511">
<LocList>
<Loc EndOffset="6944" SrcFileId="6" StartOffset="6895"/>
</LocList>
</BasicStmnt>
</StmntSeq>
</HierarchyLvl>
<HierarchyLvl HierarchyLvlId="125" HierarchyLvlTypeId="9" Intrnl_Id="512" Name="isEqualString">
<Header>
<Loc EndOffset="6989" SrcFileId="6" StartOffset="6954"/>
</Header>
<LocList>
<Loc EndOffset="7200" SrcFileId="6" StartOffset="6954"/>
</LocList>
<StmntSeq Intrnl_Id="513">
<LocList>
<Loc EndOffset="7059" SrcFileId="6" StartOffset="6997"/>
<Loc EndOffset="7120" SrcFileId="6" StartOffset="7063"/>
<Loc EndOffset="7160" SrcFileId="6" StartOffset="7128"/>
<Loc EndOffset="7196" SrcFileId="6" StartOffset="7164"/>
</LocList>
<BasicStmnt CovItemId="S124" CovItemPrefix="dataModels.AccountTest.java" Intrnl_Id="514">
<LocList>
<Loc EndOffset="7059" SrcFileId="6" StartOffset="6997"/>
</LocList>
</BasicStmnt>
<BasicStmnt CovItemId="S125" CovItemPrefix="dataModels.AccountTest.java" Intrnl_Id="515">
<LocList>
<Loc EndOffset="7120" SrcFileId="6" StartOffset="7063"/>
</LocList>
</BasicStmnt>
<BasicStmnt CovItemId="S126" CovItemPrefix="dataModels.AccountTest.java" Intrnl_Id="516">
<LocList>
<Loc EndOffset="7160" SrcFileId="6" StartOffset="7128"/>
</LocList>
</BasicStmnt>
<BasicStmnt CovItemId="S127" CovItemPrefix="dataModels.AccountTest.java" Intrnl_Id="517">
<LocList>
<Loc EndOffset="7196" SrcFileId="6" StartOffset="7164"/>
</LocList>
</BasicStmnt>
</StmntSeq>
</HierarchyLvl>
</HierarchyLvl>
</HierarchyLvl>
</HierarchyLvl>
</MASTRoot>
</TestSessionContainer>
